[2024-07-22T18:39:29.384+0000] {taskinstance.py:1979} INFO - Dependencies all met for dep_context=non-requeueable deps ti=<TaskInstance: stagingtodv.language scheduled__2024-07-21T00:00:00+00:00 [queued]>
[2024-07-22T18:39:29.453+0000] {taskinstance.py:1979} INFO - Dependencies all met for dep_context=requeueable deps ti=<TaskInstance: stagingtodv.language scheduled__2024-07-21T00:00:00+00:00 [queued]>
[2024-07-22T18:39:29.454+0000] {taskinstance.py:2193} INFO - Starting attempt 1 of 1
[2024-07-22T18:39:29.480+0000] {taskinstance.py:2217} INFO - Executing <Task(PythonOperator): language> on 2024-07-21 00:00:00+00:00
[2024-07-22T18:39:29.491+0000] {standard_task_runner.py:60} INFO - Started process 130 to run task
[2024-07-22T18:39:29.502+0000] {standard_task_runner.py:87} INFO - Running: ['***', 'tasks', 'run', 'stagingtodv', 'language', 'scheduled__2024-07-21T00:00:00+00:00', '--job-id', '44', '--raw', '--subdir', 'DAGS_FOLDER/dag.py', '--cfg-path', '/tmp/tmpdw70twyu']
[2024-07-22T18:39:29.515+0000] {standard_task_runner.py:88} INFO - Job 44: Subtask language
[2024-07-22T18:39:29.602+0000] {task_command.py:423} INFO - Running <TaskInstance: stagingtodv.language scheduled__2024-07-21T00:00:00+00:00 [running]> on host ef8b8dee6045
[2024-07-22T18:39:29.801+0000] {taskinstance.py:2513} INFO - Exporting env vars: AIRFLOW_CTX_DAG_OWNER='***' AIRFLOW_CTX_DAG_ID='stagingtodv' AIRFLOW_CTX_TASK_ID='language' AIRFLOW_CTX_EXECUTION_DATE='2024-07-21T00:00:00+00:00' AIRFLOW_CTX_TRY_NUMBER='1' AIRFLOW_CTX_DAG_RUN_ID='scheduled__2024-07-21T00:00:00+00:00'
[2024-07-22T18:39:29.810+0000] {logging_mixin.py:188} INFO - -------------------------------------------- select *  from etlconf.Etl_Process_Mapping where SourceTableName = 'language' and Stage = 'stagingtodv'
[2024-07-22T18:39:30.091+0000] {logging_mixin.py:188} INFO - select *  from etlconf.Etl_Process_Mapping where SourceTableName = 'language' and Stage = 'stagingtodv'
[2024-07-22T18:39:30.285+0000] {logging_mixin.py:188} INFO - update etlconf.Etl_Process_Mapping T set last_run_date = current_timestamp where destdbname='dbdv' and destschema='dvdrental' and desttablename='language';
[2024-07-22T18:39:30.330+0000] {python.py:202} INFO - Done. Returned value was: None
[2024-07-22T18:39:30.378+0000] {taskinstance.py:1149} INFO - Marking task as SUCCESS. dag_id=stagingtodv, task_id=language, execution_date=20240721T000000, start_date=20240722T183929, end_date=20240722T183930
[2024-07-22T18:39:30.410+0000] {local_task_job_runner.py:234} INFO - Task exited with return code 0
[2024-07-22T18:39:30.427+0000] {taskinstance.py:3312} INFO - 0 downstream tasks scheduled from follow-on schedule check
[2024-07-22T19:05:06.779+0000] {taskinstance.py:1979} INFO - Dependencies all met for dep_context=non-requeueable deps ti=<TaskInstance: stagingtodv.language scheduled__2024-07-21T00:00:00+00:00 [queued]>
[2024-07-22T19:05:06.805+0000] {taskinstance.py:1979} INFO - Dependencies all met for dep_context=requeueable deps ti=<TaskInstance: stagingtodv.language scheduled__2024-07-21T00:00:00+00:00 [queued]>
[2024-07-22T19:05:06.809+0000] {taskinstance.py:2193} INFO - Starting attempt 1 of 1
[2024-07-22T19:05:06.835+0000] {taskinstance.py:2217} INFO - Executing <Task(PythonOperator): language> on 2024-07-21 00:00:00+00:00
[2024-07-22T19:05:06.852+0000] {standard_task_runner.py:60} INFO - Started process 92 to run task
[2024-07-22T19:05:06.862+0000] {standard_task_runner.py:87} INFO - Running: ['***', 'tasks', 'run', 'stagingtodv', 'language', 'scheduled__2024-07-21T00:00:00+00:00', '--job-id', '6', '--raw', '--subdir', 'DAGS_FOLDER/dag.py', '--cfg-path', '/tmp/tmpvkwq8vc2']
[2024-07-22T19:05:06.880+0000] {standard_task_runner.py:88} INFO - Job 6: Subtask language
[2024-07-22T19:05:07.021+0000] {task_command.py:423} INFO - Running <TaskInstance: stagingtodv.language scheduled__2024-07-21T00:00:00+00:00 [running]> on host d97758bf7368
[2024-07-22T19:05:08.400+0000] {taskinstance.py:2513} INFO - Exporting env vars: AIRFLOW_CTX_DAG_OWNER='***' AIRFLOW_CTX_DAG_ID='stagingtodv' AIRFLOW_CTX_TASK_ID='language' AIRFLOW_CTX_EXECUTION_DATE='2024-07-21T00:00:00+00:00' AIRFLOW_CTX_TRY_NUMBER='1' AIRFLOW_CTX_DAG_RUN_ID='scheduled__2024-07-21T00:00:00+00:00'
[2024-07-22T19:05:08.404+0000] {logging_mixin.py:188} INFO - -------------------------------------------- select *  from etlconf.Etl_Process_Mapping where SourceTableName = 'language' and Stage = 'stagingtodv'
[2024-07-22T19:05:08.552+0000] {logging_mixin.py:188} INFO - select *  from etlconf.Etl_Process_Mapping where SourceTableName = 'language' and Stage = 'stagingtodv'
[2024-07-22T19:05:08.830+0000] {logging_mixin.py:188} INFO - update etlconf.Etl_Process_Mapping T set last_run_date = current_timestamp where destdbname='dbdv' and destschema='dvdrental' and desttablename='language';
[2024-07-22T19:05:08.845+0000] {python.py:202} INFO - Done. Returned value was: None
[2024-07-22T19:05:08.853+0000] {taskinstance.py:1149} INFO - Marking task as SUCCESS. dag_id=stagingtodv, task_id=language, execution_date=20240721T000000, start_date=20240722T190506, end_date=20240722T190508
[2024-07-22T19:05:08.891+0000] {local_task_job_runner.py:234} INFO - Task exited with return code 0
[2024-07-22T19:05:08.925+0000] {taskinstance.py:3312} INFO - 0 downstream tasks scheduled from follow-on schedule check
[2024-07-22T19:14:28.035+0000] {taskinstance.py:1979} INFO - Dependencies all met for dep_context=non-requeueable deps ti=<TaskInstance: stagingtodv.language scheduled__2024-07-21T00:00:00+00:00 [queued]>
[2024-07-22T19:14:28.074+0000] {taskinstance.py:1979} INFO - Dependencies all met for dep_context=requeueable deps ti=<TaskInstance: stagingtodv.language scheduled__2024-07-21T00:00:00+00:00 [queued]>
[2024-07-22T19:14:28.081+0000] {taskinstance.py:2193} INFO - Starting attempt 1 of 1
[2024-07-22T19:14:28.103+0000] {taskinstance.py:2217} INFO - Executing <Task(PythonOperator): language> on 2024-07-21 00:00:00+00:00
[2024-07-22T19:14:28.119+0000] {standard_task_runner.py:60} INFO - Started process 89 to run task
[2024-07-22T19:14:28.150+0000] {standard_task_runner.py:87} INFO - Running: ['***', 'tasks', 'run', 'stagingtodv', 'language', 'scheduled__2024-07-21T00:00:00+00:00', '--job-id', '13', '--raw', '--subdir', 'DAGS_FOLDER/dag.py', '--cfg-path', '/tmp/tmp7haw_kzl']
[2024-07-22T19:14:28.163+0000] {standard_task_runner.py:88} INFO - Job 13: Subtask language
[2024-07-22T19:14:28.348+0000] {task_command.py:423} INFO - Running <TaskInstance: stagingtodv.language scheduled__2024-07-21T00:00:00+00:00 [running]> on host 06b045a8c1a2
[2024-07-22T19:14:29.492+0000] {taskinstance.py:2513} INFO - Exporting env vars: AIRFLOW_CTX_DAG_OWNER='***' AIRFLOW_CTX_DAG_ID='stagingtodv' AIRFLOW_CTX_TASK_ID='language' AIRFLOW_CTX_EXECUTION_DATE='2024-07-21T00:00:00+00:00' AIRFLOW_CTX_TRY_NUMBER='1' AIRFLOW_CTX_DAG_RUN_ID='scheduled__2024-07-21T00:00:00+00:00'
[2024-07-22T19:14:29.493+0000] {logging_mixin.py:188} INFO - -------------------------------------------- select *  from etlconf.Etl_Process_Mapping where SourceTableName = 'language' and Stage = 'stagingtodv'
[2024-07-22T19:14:29.538+0000] {logging_mixin.py:188} INFO - select *  from etlconf.Etl_Process_Mapping where SourceTableName = 'language' and Stage = 'stagingtodv'
[2024-07-22T19:14:29.887+0000] {logging_mixin.py:188} INFO - update etlconf.Etl_Process_Mapping T set last_run_date = current_timestamp where destdbname='dbdv' and destschema='dvdrental' and desttablename='language';
[2024-07-22T19:14:29.907+0000] {python.py:202} INFO - Done. Returned value was: None
[2024-07-22T19:14:29.915+0000] {taskinstance.py:1149} INFO - Marking task as SUCCESS. dag_id=stagingtodv, task_id=language, execution_date=20240721T000000, start_date=20240722T191428, end_date=20240722T191429
[2024-07-22T19:14:29.966+0000] {local_task_job_runner.py:234} INFO - Task exited with return code 0
[2024-07-22T19:14:29.996+0000] {taskinstance.py:3312} INFO - 0 downstream tasks scheduled from follow-on schedule check
[2024-07-22T19:18:49.929+0000] {taskinstance.py:1979} INFO - Dependencies all met for dep_context=non-requeueable deps ti=<TaskInstance: stagingtodv.language scheduled__2024-07-21T00:00:00+00:00 [queued]>
[2024-07-22T19:18:49.958+0000] {taskinstance.py:1979} INFO - Dependencies all met for dep_context=requeueable deps ti=<TaskInstance: stagingtodv.language scheduled__2024-07-21T00:00:00+00:00 [queued]>
[2024-07-22T19:18:49.967+0000] {taskinstance.py:2193} INFO - Starting attempt 1 of 1
[2024-07-22T19:18:50.018+0000] {taskinstance.py:2217} INFO - Executing <Task(PythonOperator): language> on 2024-07-21 00:00:00+00:00
[2024-07-22T19:18:50.040+0000] {standard_task_runner.py:60} INFO - Started process 94 to run task
[2024-07-22T19:18:50.049+0000] {standard_task_runner.py:87} INFO - Running: ['***', 'tasks', 'run', 'stagingtodv', 'language', 'scheduled__2024-07-21T00:00:00+00:00', '--job-id', '7', '--raw', '--subdir', 'DAGS_FOLDER/dag.py', '--cfg-path', '/tmp/tmpe97v205q']
[2024-07-22T19:18:50.063+0000] {standard_task_runner.py:88} INFO - Job 7: Subtask language
[2024-07-22T19:18:50.275+0000] {task_command.py:423} INFO - Running <TaskInstance: stagingtodv.language scheduled__2024-07-21T00:00:00+00:00 [running]> on host 59af9ef614d6
[2024-07-22T19:18:51.228+0000] {taskinstance.py:2513} INFO - Exporting env vars: AIRFLOW_CTX_DAG_OWNER='***' AIRFLOW_CTX_DAG_ID='stagingtodv' AIRFLOW_CTX_TASK_ID='language' AIRFLOW_CTX_EXECUTION_DATE='2024-07-21T00:00:00+00:00' AIRFLOW_CTX_TRY_NUMBER='1' AIRFLOW_CTX_DAG_RUN_ID='scheduled__2024-07-21T00:00:00+00:00'
[2024-07-22T19:18:51.233+0000] {logging_mixin.py:188} INFO - -------------------------------------------- select *  from etlconf.Etl_Process_Mapping where SourceTableName = 'language' and Stage = 'stagingtodv'
[2024-07-22T19:18:51.288+0000] {logging_mixin.py:188} INFO - select *  from etlconf.Etl_Process_Mapping where SourceTableName = 'language' and Stage = 'stagingtodv'
[2024-07-22T19:18:51.328+0000] {logging_mixin.py:188} INFO - query select T.* from dbstaging.dvdrental.language T
[2024-07-22T19:18:51.769+0000] {logging_mixin.py:188} INFO - update etlconf.Etl_Process_Mapping T set last_run_date = current_timestamp where destdbname='dbdv' and destschema='dvdrental' and desttablename='language';
[2024-07-22T19:18:51.799+0000] {python.py:202} INFO - Done. Returned value was: None
[2024-07-22T19:18:51.811+0000] {taskinstance.py:1149} INFO - Marking task as SUCCESS. dag_id=stagingtodv, task_id=language, execution_date=20240721T000000, start_date=20240722T191849, end_date=20240722T191851
[2024-07-22T19:18:51.858+0000] {local_task_job_runner.py:234} INFO - Task exited with return code 0
[2024-07-22T19:18:51.874+0000] {taskinstance.py:3312} INFO - 0 downstream tasks scheduled from follow-on schedule check
[2024-07-22T19:25:04.161+0000] {taskinstance.py:1979} INFO - Dependencies all met for dep_context=non-requeueable deps ti=<TaskInstance: stagingtodv.language scheduled__2024-07-21T00:00:00+00:00 [queued]>
[2024-07-22T19:25:04.195+0000] {taskinstance.py:1979} INFO - Dependencies all met for dep_context=requeueable deps ti=<TaskInstance: stagingtodv.language scheduled__2024-07-21T00:00:00+00:00 [queued]>
[2024-07-22T19:25:04.203+0000] {taskinstance.py:2193} INFO - Starting attempt 1 of 1
[2024-07-22T19:25:04.265+0000] {taskinstance.py:2217} INFO - Executing <Task(PythonOperator): language> on 2024-07-21 00:00:00+00:00
[2024-07-22T19:25:04.286+0000] {standard_task_runner.py:60} INFO - Started process 98 to run task
[2024-07-22T19:25:04.296+0000] {standard_task_runner.py:87} INFO - Running: ['***', 'tasks', 'run', 'stagingtodv', 'language', 'scheduled__2024-07-21T00:00:00+00:00', '--job-id', '12', '--raw', '--subdir', 'DAGS_FOLDER/dag.py', '--cfg-path', '/tmp/tmptqqmgpgi']
[2024-07-22T19:25:04.307+0000] {standard_task_runner.py:88} INFO - Job 12: Subtask language
[2024-07-22T19:25:04.440+0000] {task_command.py:423} INFO - Running <TaskInstance: stagingtodv.language scheduled__2024-07-21T00:00:00+00:00 [running]> on host 54d412404717
[2024-07-22T19:25:05.527+0000] {taskinstance.py:2513} INFO - Exporting env vars: AIRFLOW_CTX_DAG_OWNER='***' AIRFLOW_CTX_DAG_ID='stagingtodv' AIRFLOW_CTX_TASK_ID='language' AIRFLOW_CTX_EXECUTION_DATE='2024-07-21T00:00:00+00:00' AIRFLOW_CTX_TRY_NUMBER='1' AIRFLOW_CTX_DAG_RUN_ID='scheduled__2024-07-21T00:00:00+00:00'
[2024-07-22T19:25:05.540+0000] {logging_mixin.py:188} INFO - -------------------------------------------- select *  from etlconf.Etl_Process_Mapping where SourceTableName = 'language' and Stage = 'stagingtodv'
[2024-07-22T19:25:05.613+0000] {logging_mixin.py:188} INFO - select *  from etlconf.Etl_Process_Mapping where SourceTableName = 'language' and Stage = 'stagingtodv'
[2024-07-22T19:25:05.722+0000] {logging_mixin.py:188} INFO - DFFFFFFF    id sourcetablename  ...        stage              last_run_date
0  20        language  ...  stagingtodv 2024-07-22 19:18:51.787484

[1 rows x 15 columns]
[2024-07-22T19:25:05.730+0000] {logging_mixin.py:188} INFO - query select T.* from dbstaging.dvdrental.language T
[2024-07-22T19:25:05.966+0000] {logging_mixin.py:188} INFO - update etlconf.Etl_Process_Mapping T set last_run_date = current_timestamp where destdbname='dbdv' and destschema='dvdrental' and desttablename='language';
[2024-07-22T19:25:05.986+0000] {python.py:202} INFO - Done. Returned value was: None
[2024-07-22T19:25:05.993+0000] {taskinstance.py:1149} INFO - Marking task as SUCCESS. dag_id=stagingtodv, task_id=language, execution_date=20240721T000000, start_date=20240722T192504, end_date=20240722T192505
[2024-07-22T19:25:06.043+0000] {local_task_job_runner.py:234} INFO - Task exited with return code 0
[2024-07-22T19:25:06.104+0000] {taskinstance.py:3312} INFO - 0 downstream tasks scheduled from follow-on schedule check
[2024-07-22T19:28:23.008+0000] {taskinstance.py:1979} INFO - Dependencies all met for dep_context=non-requeueable deps ti=<TaskInstance: stagingtodv.language scheduled__2024-07-21T00:00:00+00:00 [queued]>
[2024-07-22T19:28:23.023+0000] {taskinstance.py:1979} INFO - Dependencies all met for dep_context=requeueable deps ti=<TaskInstance: stagingtodv.language scheduled__2024-07-21T00:00:00+00:00 [queued]>
[2024-07-22T19:28:23.032+0000] {taskinstance.py:2193} INFO - Starting attempt 1 of 1
[2024-07-22T19:28:23.078+0000] {taskinstance.py:2217} INFO - Executing <Task(PythonOperator): language> on 2024-07-21 00:00:00+00:00
[2024-07-22T19:28:23.093+0000] {standard_task_runner.py:60} INFO - Started process 92 to run task
[2024-07-22T19:28:23.107+0000] {standard_task_runner.py:87} INFO - Running: ['***', 'tasks', 'run', 'stagingtodv', 'language', 'scheduled__2024-07-21T00:00:00+00:00', '--job-id', '5', '--raw', '--subdir', 'DAGS_FOLDER/dag.py', '--cfg-path', '/tmp/tmp1tcmg29h']
[2024-07-22T19:28:23.114+0000] {standard_task_runner.py:88} INFO - Job 5: Subtask language
[2024-07-22T19:28:23.282+0000] {task_command.py:423} INFO - Running <TaskInstance: stagingtodv.language scheduled__2024-07-21T00:00:00+00:00 [running]> on host e6f3df1cbf4c
[2024-07-22T19:28:24.292+0000] {taskinstance.py:2513} INFO - Exporting env vars: AIRFLOW_CTX_DAG_OWNER='***' AIRFLOW_CTX_DAG_ID='stagingtodv' AIRFLOW_CTX_TASK_ID='language' AIRFLOW_CTX_EXECUTION_DATE='2024-07-21T00:00:00+00:00' AIRFLOW_CTX_TRY_NUMBER='1' AIRFLOW_CTX_DAG_RUN_ID='scheduled__2024-07-21T00:00:00+00:00'
[2024-07-22T19:28:24.294+0000] {logging_mixin.py:188} INFO - -------------------------------------------- select *  from etlconf.Etl_Process_Mapping where SourceTableName = 'language' and Stage = 'stagingtodv'
[2024-07-22T19:28:24.649+0000] {logging_mixin.py:188} INFO - query select *  from etlconf.Etl_Process_Mapping where SourceTableName = 'language' and Stage = 'stagingtodv'
[2024-07-22T19:28:24.798+0000] {logging_mixin.py:188} INFO - DFFFFFFF    id sourcetablename  ...        stage              last_run_date
0  20        language  ...  stagingtodv 2024-07-22 19:25:05.983320

[1 rows x 15 columns]
[2024-07-22T19:28:24.801+0000] {logging_mixin.py:188} INFO - query select T.* from dbstaging.dvdrental.language T
[2024-07-22T19:28:25.048+0000] {logging_mixin.py:188} INFO - update etlconf.Etl_Process_Mapping T set last_run_date = current_timestamp where destdbname='dbdv' and destschema='dvdrental' and desttablename='language';
[2024-07-22T19:28:25.060+0000] {python.py:202} INFO - Done. Returned value was: None
[2024-07-22T19:28:25.069+0000] {taskinstance.py:1149} INFO - Marking task as SUCCESS. dag_id=stagingtodv, task_id=language, execution_date=20240721T000000, start_date=20240722T192823, end_date=20240722T192825
[2024-07-22T19:28:25.127+0000] {local_task_job_runner.py:234} INFO - Task exited with return code 0
[2024-07-22T19:28:25.159+0000] {taskinstance.py:3312} INFO - 0 downstream tasks scheduled from follow-on schedule check
[2024-07-22T19:30:31.997+0000] {taskinstance.py:1979} INFO - Dependencies all met for dep_context=non-requeueable deps ti=<TaskInstance: stagingtodv.language scheduled__2024-07-21T00:00:00+00:00 [queued]>
[2024-07-22T19:30:32.022+0000] {taskinstance.py:1979} INFO - Dependencies all met for dep_context=requeueable deps ti=<TaskInstance: stagingtodv.language scheduled__2024-07-21T00:00:00+00:00 [queued]>
[2024-07-22T19:30:32.023+0000] {taskinstance.py:2193} INFO - Starting attempt 1 of 1
[2024-07-22T19:30:32.044+0000] {taskinstance.py:2217} INFO - Executing <Task(PythonOperator): language> on 2024-07-21 00:00:00+00:00
[2024-07-22T19:30:32.051+0000] {standard_task_runner.py:60} INFO - Started process 94 to run task
[2024-07-22T19:30:32.058+0000] {standard_task_runner.py:87} INFO - Running: ['***', 'tasks', 'run', 'stagingtodv', 'language', 'scheduled__2024-07-21T00:00:00+00:00', '--job-id', '12', '--raw', '--subdir', 'DAGS_FOLDER/dag.py', '--cfg-path', '/tmp/tmpgbvmedg8']
[2024-07-22T19:30:32.070+0000] {standard_task_runner.py:88} INFO - Job 12: Subtask language
[2024-07-22T19:30:32.253+0000] {task_command.py:423} INFO - Running <TaskInstance: stagingtodv.language scheduled__2024-07-21T00:00:00+00:00 [running]> on host 96cb61053a1d
[2024-07-22T19:30:33.060+0000] {taskinstance.py:2513} INFO - Exporting env vars: AIRFLOW_CTX_DAG_OWNER='***' AIRFLOW_CTX_DAG_ID='stagingtodv' AIRFLOW_CTX_TASK_ID='language' AIRFLOW_CTX_EXECUTION_DATE='2024-07-21T00:00:00+00:00' AIRFLOW_CTX_TRY_NUMBER='1' AIRFLOW_CTX_DAG_RUN_ID='scheduled__2024-07-21T00:00:00+00:00'
[2024-07-22T19:30:33.067+0000] {logging_mixin.py:188} INFO - -------------------------------------------- select *  from etlconf.Etl_Process_Mapping where SourceTableName = 'language' and Stage = 'stagingtodv'
[2024-07-22T19:30:33.127+0000] {logging_mixin.py:188} INFO - query select *  from etlconf.Etl_Process_Mapping where SourceTableName = 'language' and Stage = 'stagingtodv'
[2024-07-22T19:30:33.281+0000] {logging_mixin.py:188} INFO - DFFFFFFF    id sourcetablename  ...        stage              last_run_date
0  20        language  ...  stagingtodv 2024-07-22 19:28:25.057720

[1 rows x 15 columns]
[2024-07-22T19:30:33.301+0000] {logging_mixin.py:188} INFO - query select T.* from dbstaging.dvdrental.language T
[2024-07-22T19:30:33.919+0000] {logging_mixin.py:188} INFO - update etlconf.Etl_Process_Mapping T set last_run_date = current_timestamp where destdbname='dbdv' and destschema='dvdrental' and desttablename='language';
[2024-07-22T19:30:33.941+0000] {python.py:202} INFO - Done. Returned value was: None
[2024-07-22T19:30:33.948+0000] {taskinstance.py:1149} INFO - Marking task as SUCCESS. dag_id=stagingtodv, task_id=language, execution_date=20240721T000000, start_date=20240722T193032, end_date=20240722T193033
[2024-07-22T19:30:33.991+0000] {local_task_job_runner.py:234} INFO - Task exited with return code 0
[2024-07-22T19:30:34.003+0000] {taskinstance.py:3312} INFO - 0 downstream tasks scheduled from follow-on schedule check
[2024-07-22T19:38:48.904+0000] {taskinstance.py:1979} INFO - Dependencies all met for dep_context=non-requeueable deps ti=<TaskInstance: stagingtodv.language scheduled__2024-07-21T00:00:00+00:00 [queued]>
[2024-07-22T19:38:48.933+0000] {taskinstance.py:1979} INFO - Dependencies all met for dep_context=requeueable deps ti=<TaskInstance: stagingtodv.language scheduled__2024-07-21T00:00:00+00:00 [queued]>
[2024-07-22T19:38:48.938+0000] {taskinstance.py:2193} INFO - Starting attempt 1 of 1
[2024-07-22T19:38:48.965+0000] {taskinstance.py:2217} INFO - Executing <Task(PythonOperator): language> on 2024-07-21 00:00:00+00:00
[2024-07-22T19:38:48.972+0000] {standard_task_runner.py:60} INFO - Started process 124 to run task
[2024-07-22T19:38:48.984+0000] {standard_task_runner.py:87} INFO - Running: ['***', 'tasks', 'run', 'stagingtodv', 'language', 'scheduled__2024-07-21T00:00:00+00:00', '--job-id', '8', '--raw', '--subdir', 'DAGS_FOLDER/dag.py', '--cfg-path', '/tmp/tmpe_d_nhtk']
[2024-07-22T19:38:48.999+0000] {standard_task_runner.py:88} INFO - Job 8: Subtask language
[2024-07-22T19:38:49.195+0000] {task_command.py:423} INFO - Running <TaskInstance: stagingtodv.language scheduled__2024-07-21T00:00:00+00:00 [running]> on host f5ad498ee7ee
[2024-07-22T19:38:50.527+0000] {taskinstance.py:2513} INFO - Exporting env vars: AIRFLOW_CTX_DAG_OWNER='***' AIRFLOW_CTX_DAG_ID='stagingtodv' AIRFLOW_CTX_TASK_ID='language' AIRFLOW_CTX_EXECUTION_DATE='2024-07-21T00:00:00+00:00' AIRFLOW_CTX_TRY_NUMBER='1' AIRFLOW_CTX_DAG_RUN_ID='scheduled__2024-07-21T00:00:00+00:00'
[2024-07-22T19:38:50.535+0000] {logging_mixin.py:188} INFO - -------------------------------------------- select *  from etlconf.Etl_Process_Mapping where SourceTableName = 'language' and Stage = 'stagingtodv'
[2024-07-22T19:38:50.696+0000] {logging_mixin.py:188} INFO - query select *  from etlconf.Etl_Process_Mapping where SourceTableName = 'language' and Stage = 'stagingtodv'
[2024-07-22T19:38:50.824+0000] {logging_mixin.py:188} INFO - DFFFFFFF    id sourcetablename  ...        stage              last_run_date
0  20        language  ...  stagingtodv 2024-07-22 19:30:33.932183

[1 rows x 15 columns]
[2024-07-22T19:38:50.836+0000] {logging_mixin.py:188} INFO - query select T.* from dbstaging.dvdrental.language T
[2024-07-22T19:38:51.133+0000] {logging_mixin.py:188} INFO - update etlconf.Etl_Process_Mapping T set last_run_date = current_timestamp where destdbname='dbdv' and destschema='dvdrental' and desttablename='language';
[2024-07-22T19:38:51.148+0000] {python.py:202} INFO - Done. Returned value was: None
[2024-07-22T19:38:51.158+0000] {taskinstance.py:1149} INFO - Marking task as SUCCESS. dag_id=stagingtodv, task_id=language, execution_date=20240721T000000, start_date=20240722T193848, end_date=20240722T193851
[2024-07-22T19:38:51.209+0000] {local_task_job_runner.py:234} INFO - Task exited with return code 0
[2024-07-22T19:38:51.241+0000] {taskinstance.py:3312} INFO - 0 downstream tasks scheduled from follow-on schedule check
[2024-07-22T19:43:44.515+0000] {taskinstance.py:1979} INFO - Dependencies all met for dep_context=non-requeueable deps ti=<TaskInstance: stagingtodv.language scheduled__2024-07-21T00:00:00+00:00 [queued]>
[2024-07-22T19:43:44.529+0000] {taskinstance.py:1979} INFO - Dependencies all met for dep_context=requeueable deps ti=<TaskInstance: stagingtodv.language scheduled__2024-07-21T00:00:00+00:00 [queued]>
[2024-07-22T19:43:44.535+0000] {taskinstance.py:2193} INFO - Starting attempt 1 of 1
[2024-07-22T19:43:44.574+0000] {taskinstance.py:2217} INFO - Executing <Task(PythonOperator): language> on 2024-07-21 00:00:00+00:00
[2024-07-22T19:43:44.618+0000] {standard_task_runner.py:60} INFO - Started process 116 to run task
[2024-07-22T19:43:44.665+0000] {standard_task_runner.py:87} INFO - Running: ['***', 'tasks', 'run', 'stagingtodv', 'language', 'scheduled__2024-07-21T00:00:00+00:00', '--job-id', '6', '--raw', '--subdir', 'DAGS_FOLDER/dag.py', '--cfg-path', '/tmp/tmph_924osm']
[2024-07-22T19:43:44.686+0000] {standard_task_runner.py:88} INFO - Job 6: Subtask language
[2024-07-22T19:43:44.974+0000] {task_command.py:423} INFO - Running <TaskInstance: stagingtodv.language scheduled__2024-07-21T00:00:00+00:00 [running]> on host 83712395e44a
[2024-07-22T19:43:46.152+0000] {taskinstance.py:2513} INFO - Exporting env vars: AIRFLOW_CTX_DAG_OWNER='***' AIRFLOW_CTX_DAG_ID='stagingtodv' AIRFLOW_CTX_TASK_ID='language' AIRFLOW_CTX_EXECUTION_DATE='2024-07-21T00:00:00+00:00' AIRFLOW_CTX_TRY_NUMBER='1' AIRFLOW_CTX_DAG_RUN_ID='scheduled__2024-07-21T00:00:00+00:00'
[2024-07-22T19:43:46.158+0000] {logging_mixin.py:188} INFO - -------------------------------------------- select *  from etlconf.Etl_Process_Mapping where SourceTableName = 'language' and Stage = 'stagingtodv'
[2024-07-22T19:43:46.233+0000] {logging_mixin.py:188} INFO - query select *  from etlconf.Etl_Process_Mapping where SourceTableName = 'language' and Stage = 'stagingtodv'
[2024-07-22T19:43:46.291+0000] {logging_mixin.py:188} INFO - DFFFFFFF    id sourcetablename  ...        stage              last_run_date
0  20        language  ...  stagingtodv 2024-07-22 19:38:51.145911

[1 rows x 15 columns]
[2024-07-22T19:43:46.296+0000] {logging_mixin.py:188} INFO - query select T.* from dbstaging.dvdrental.language T
[2024-07-22T19:43:46.554+0000] {logging_mixin.py:188} INFO - update etlconf.Etl_Process_Mapping T set last_run_date = current_timestamp where destdbname='dbdv' and destschema='dvdrental' and desttablename='language';
[2024-07-22T19:43:46.567+0000] {python.py:202} INFO - Done. Returned value was: None
[2024-07-22T19:43:46.577+0000] {taskinstance.py:1149} INFO - Marking task as SUCCESS. dag_id=stagingtodv, task_id=language, execution_date=20240721T000000, start_date=20240722T194344, end_date=20240722T194346
[2024-07-22T19:43:46.616+0000] {local_task_job_runner.py:234} INFO - Task exited with return code 0
[2024-07-22T19:43:46.632+0000] {taskinstance.py:3312} INFO - 0 downstream tasks scheduled from follow-on schedule check
[2024-07-22T19:52:46.889+0000] {taskinstance.py:1979} INFO - Dependencies all met for dep_context=non-requeueable deps ti=<TaskInstance: stagingtodv.language scheduled__2024-07-21T00:00:00+00:00 [queued]>
[2024-07-22T19:52:46.922+0000] {taskinstance.py:1979} INFO - Dependencies all met for dep_context=requeueable deps ti=<TaskInstance: stagingtodv.language scheduled__2024-07-21T00:00:00+00:00 [queued]>
[2024-07-22T19:52:46.928+0000] {taskinstance.py:2193} INFO - Starting attempt 1 of 1
[2024-07-22T19:52:46.963+0000] {taskinstance.py:2217} INFO - Executing <Task(PythonOperator): language> on 2024-07-21 00:00:00+00:00
[2024-07-22T19:52:46.980+0000] {standard_task_runner.py:60} INFO - Started process 91 to run task
[2024-07-22T19:52:47.001+0000] {standard_task_runner.py:87} INFO - Running: ['***', 'tasks', 'run', 'stagingtodv', 'language', 'scheduled__2024-07-21T00:00:00+00:00', '--job-id', '6', '--raw', '--subdir', 'DAGS_FOLDER/dag.py', '--cfg-path', '/tmp/tmpr5ykoods']
[2024-07-22T19:52:47.015+0000] {standard_task_runner.py:88} INFO - Job 6: Subtask language
[2024-07-22T19:52:47.164+0000] {task_command.py:423} INFO - Running <TaskInstance: stagingtodv.language scheduled__2024-07-21T00:00:00+00:00 [running]> on host 6e14590d795e
[2024-07-22T19:52:47.398+0000] {taskinstance.py:2513} INFO - Exporting env vars: AIRFLOW_CTX_DAG_OWNER='***' AIRFLOW_CTX_DAG_ID='stagingtodv' AIRFLOW_CTX_TASK_ID='language' AIRFLOW_CTX_EXECUTION_DATE='2024-07-21T00:00:00+00:00' AIRFLOW_CTX_TRY_NUMBER='1' AIRFLOW_CTX_DAG_RUN_ID='scheduled__2024-07-21T00:00:00+00:00'
[2024-07-22T19:52:47.412+0000] {logging_mixin.py:188} INFO - -------------------------------------------- select *  from etlconf.Etl_Process_Mapping where SourceTableName = 'language' and Stage = 'stagingtodv'
[2024-07-22T19:52:47.636+0000] {logging_mixin.py:188} INFO - query select *  from etlconf.Etl_Process_Mapping where SourceTableName = 'language' and Stage = 'stagingtodv'
[2024-07-22T19:52:48.739+0000] {logging_mixin.py:188} INFO - DFFFFFFF    id sourcetablename  ...        stage              last_run_date
0  20        language  ...  stagingtodv 2024-07-22 19:43:46.562576

[1 rows x 15 columns]
[2024-07-22T19:52:48.816+0000] {logging_mixin.py:188} INFO - DFFFFFFFFF    0                     1                   2
0  1  English              2006-02-15 10:02:19
1  2  Italian              2006-02-15 10:02:19
2  3  Japanese             2006-02-15 10:02:19
3  4  Mandarin             2006-02-15 10:02:19
4  5  French               2006-02-15 10:02:19
5  6  German               2006-02-15 10:02:19
[2024-07-22T19:52:49.049+0000] {logging_mixin.py:188} INFO - update etlconf.Etl_Process_Mapping T set last_run_date = current_timestamp where destdbname='dbdv' and destschema='dvdrental' and desttablename='language';
[2024-07-22T19:52:49.063+0000] {python.py:202} INFO - Done. Returned value was: None
[2024-07-22T19:52:49.069+0000] {taskinstance.py:1149} INFO - Marking task as SUCCESS. dag_id=stagingtodv, task_id=language, execution_date=20240721T000000, start_date=20240722T195246, end_date=20240722T195249
[2024-07-22T19:52:49.121+0000] {local_task_job_runner.py:234} INFO - Task exited with return code 0
[2024-07-22T19:52:49.145+0000] {taskinstance.py:3312} INFO - 0 downstream tasks scheduled from follow-on schedule check
[2024-07-22T19:57:18.869+0000] {taskinstance.py:1979} INFO - Dependencies all met for dep_context=non-requeueable deps ti=<TaskInstance: stagingtodv.language scheduled__2024-07-21T00:00:00+00:00 [queued]>
[2024-07-22T19:57:18.900+0000] {taskinstance.py:1979} INFO - Dependencies all met for dep_context=requeueable deps ti=<TaskInstance: stagingtodv.language scheduled__2024-07-21T00:00:00+00:00 [queued]>
[2024-07-22T19:57:18.902+0000] {taskinstance.py:2193} INFO - Starting attempt 1 of 1
[2024-07-22T19:57:18.955+0000] {taskinstance.py:2217} INFO - Executing <Task(PythonOperator): language> on 2024-07-21 00:00:00+00:00
[2024-07-22T19:57:18.981+0000] {standard_task_runner.py:60} INFO - Started process 95 to run task
[2024-07-22T19:57:19.004+0000] {standard_task_runner.py:87} INFO - Running: ['***', 'tasks', 'run', 'stagingtodv', 'language', 'scheduled__2024-07-21T00:00:00+00:00', '--job-id', '5', '--raw', '--subdir', 'DAGS_FOLDER/dag.py', '--cfg-path', '/tmp/tmpuzulsm4w']
[2024-07-22T19:57:19.013+0000] {standard_task_runner.py:88} INFO - Job 5: Subtask language
[2024-07-22T19:57:19.148+0000] {task_command.py:423} INFO - Running <TaskInstance: stagingtodv.language scheduled__2024-07-21T00:00:00+00:00 [running]> on host 1ca6b70ca81e
[2024-07-22T19:57:20.681+0000] {taskinstance.py:2513} INFO - Exporting env vars: AIRFLOW_CTX_DAG_OWNER='***' AIRFLOW_CTX_DAG_ID='stagingtodv' AIRFLOW_CTX_TASK_ID='language' AIRFLOW_CTX_EXECUTION_DATE='2024-07-21T00:00:00+00:00' AIRFLOW_CTX_TRY_NUMBER='1' AIRFLOW_CTX_DAG_RUN_ID='scheduled__2024-07-21T00:00:00+00:00'
[2024-07-22T19:57:20.684+0000] {logging_mixin.py:188} INFO - -------------------------------------------- select *  from etlconf.Etl_Process_Mapping where SourceTableName = 'language' and Stage = 'stagingtodv'
[2024-07-22T19:57:20.752+0000] {logging_mixin.py:188} INFO - query select *  from etlconf.Etl_Process_Mapping where SourceTableName = 'language' and Stage = 'stagingtodv'
[2024-07-22T19:57:20.825+0000] {logging_mixin.py:188} INFO - DFFFFFFF    id sourcetablename  ...        stage              last_run_date
0  20        language  ...  stagingtodv 2024-07-22 19:52:49.058712

[1 rows x 15 columns]
[2024-07-22T19:57:20.881+0000] {logging_mixin.py:188} INFO - DFFFFFFFFF    0                     1                   2
0  1  English              2006-02-15 10:02:19
1  2  Italian              2006-02-15 10:02:19
2  3  Japanese             2006-02-15 10:02:19
3  4  Mandarin             2006-02-15 10:02:19
4  5  French               2006-02-15 10:02:19
5  6  German               2006-02-15 10:02:19
[2024-07-22T19:57:21.029+0000] {logging_mixin.py:188} INFO - update etlconf.Etl_Process_Mapping T set last_run_date = current_timestamp where destdbname='dbdv' and destschema='dvdrental' and desttablename='language';
[2024-07-22T19:57:21.040+0000] {python.py:202} INFO - Done. Returned value was: None
[2024-07-22T19:57:21.050+0000] {taskinstance.py:1149} INFO - Marking task as SUCCESS. dag_id=stagingtodv, task_id=language, execution_date=20240721T000000, start_date=20240722T195718, end_date=20240722T195721
[2024-07-22T19:57:21.079+0000] {local_task_job_runner.py:234} INFO - Task exited with return code 0
[2024-07-22T19:57:21.110+0000] {taskinstance.py:3312} INFO - 0 downstream tasks scheduled from follow-on schedule check
[2024-07-22T20:01:00.688+0000] {taskinstance.py:1979} INFO - Dependencies all met for dep_context=non-requeueable deps ti=<TaskInstance: stagingtodv.language scheduled__2024-07-21T00:00:00+00:00 [queued]>
[2024-07-22T20:01:00.711+0000] {taskinstance.py:1979} INFO - Dependencies all met for dep_context=requeueable deps ti=<TaskInstance: stagingtodv.language scheduled__2024-07-21T00:00:00+00:00 [queued]>
[2024-07-22T20:01:00.720+0000] {taskinstance.py:2193} INFO - Starting attempt 1 of 1
[2024-07-22T20:01:00.762+0000] {taskinstance.py:2217} INFO - Executing <Task(PythonOperator): language> on 2024-07-21 00:00:00+00:00
[2024-07-22T20:01:00.784+0000] {standard_task_runner.py:60} INFO - Started process 117 to run task
[2024-07-22T20:01:00.793+0000] {standard_task_runner.py:87} INFO - Running: ['***', 'tasks', 'run', 'stagingtodv', 'language', 'scheduled__2024-07-21T00:00:00+00:00', '--job-id', '8', '--raw', '--subdir', 'DAGS_FOLDER/dag.py', '--cfg-path', '/tmp/tmpnodbv4c8']
[2024-07-22T20:01:00.810+0000] {standard_task_runner.py:88} INFO - Job 8: Subtask language
[2024-07-22T20:01:01.054+0000] {task_command.py:423} INFO - Running <TaskInstance: stagingtodv.language scheduled__2024-07-21T00:00:00+00:00 [running]> on host 2aa012dff3cf
[2024-07-22T20:01:02.405+0000] {taskinstance.py:2513} INFO - Exporting env vars: AIRFLOW_CTX_DAG_OWNER='***' AIRFLOW_CTX_DAG_ID='stagingtodv' AIRFLOW_CTX_TASK_ID='language' AIRFLOW_CTX_EXECUTION_DATE='2024-07-21T00:00:00+00:00' AIRFLOW_CTX_TRY_NUMBER='1' AIRFLOW_CTX_DAG_RUN_ID='scheduled__2024-07-21T00:00:00+00:00'
[2024-07-22T20:01:02.407+0000] {logging_mixin.py:188} INFO - -------------------------------------------- select *  from etlconf.Etl_Process_Mapping where SourceTableName = 'language' and Stage = 'stagingtodv'
[2024-07-22T20:01:02.463+0000] {logging_mixin.py:188} INFO - query select *  from etlconf.Etl_Process_Mapping where SourceTableName = 'language' and Stage = 'stagingtodv'
[2024-07-22T20:01:02.520+0000] {logging_mixin.py:188} INFO - DFFFFFFF    id sourcetablename  ...        stage              last_run_date
0  20        language  ...  stagingtodv 2024-07-22 19:57:21.035723

[1 rows x 15 columns]
[2024-07-22T20:01:02.567+0000] {logging_mixin.py:188} INFO - DFFFFFFFFF    0                     1                   2
0  1  English              2006-02-15 10:02:19
1  2  Italian              2006-02-15 10:02:19
2  3  Japanese             2006-02-15 10:02:19
3  4  Mandarin             2006-02-15 10:02:19
4  5  French               2006-02-15 10:02:19
5  6  German               2006-02-15 10:02:19
[2024-07-22T20:01:02.745+0000] {logging_mixin.py:188} INFO - update etlconf.Etl_Process_Mapping T set last_run_date = current_timestamp where destdbname='dbdv' and destschema='dvdrental' and desttablename='language';
[2024-07-22T20:01:02.761+0000] {python.py:202} INFO - Done. Returned value was: None
[2024-07-22T20:01:02.768+0000] {taskinstance.py:1149} INFO - Marking task as SUCCESS. dag_id=stagingtodv, task_id=language, execution_date=20240721T000000, start_date=20240722T200100, end_date=20240722T200102
[2024-07-22T20:01:02.790+0000] {local_task_job_runner.py:234} INFO - Task exited with return code 0
[2024-07-22T20:01:02.805+0000] {taskinstance.py:3312} INFO - 0 downstream tasks scheduled from follow-on schedule check
[2024-07-22T20:07:53.509+0000] {taskinstance.py:1979} INFO - Dependencies all met for dep_context=non-requeueable deps ti=<TaskInstance: stagingtodv.language scheduled__2024-07-21T00:00:00+00:00 [queued]>
[2024-07-22T20:07:53.554+0000] {taskinstance.py:1979} INFO - Dependencies all met for dep_context=requeueable deps ti=<TaskInstance: stagingtodv.language scheduled__2024-07-21T00:00:00+00:00 [queued]>
[2024-07-22T20:07:53.567+0000] {taskinstance.py:2193} INFO - Starting attempt 1 of 1
[2024-07-22T20:07:53.668+0000] {taskinstance.py:2217} INFO - Executing <Task(PythonOperator): language> on 2024-07-21 00:00:00+00:00
[2024-07-22T20:07:53.727+0000] {standard_task_runner.py:60} INFO - Started process 118 to run task
[2024-07-22T20:07:53.770+0000] {standard_task_runner.py:87} INFO - Running: ['***', 'tasks', 'run', 'stagingtodv', 'language', 'scheduled__2024-07-21T00:00:00+00:00', '--job-id', '17', '--raw', '--subdir', 'DAGS_FOLDER/dag.py', '--cfg-path', '/tmp/tmpn9wxlufh']
[2024-07-22T20:07:53.864+0000] {standard_task_runner.py:88} INFO - Job 17: Subtask language
[2024-07-22T20:07:54.215+0000] {task_command.py:423} INFO - Running <TaskInstance: stagingtodv.language scheduled__2024-07-21T00:00:00+00:00 [running]> on host 05733b1af473
[2024-07-22T20:07:55.165+0000] {taskinstance.py:2513} INFO - Exporting env vars: AIRFLOW_CTX_DAG_OWNER='***' AIRFLOW_CTX_DAG_ID='stagingtodv' AIRFLOW_CTX_TASK_ID='language' AIRFLOW_CTX_EXECUTION_DATE='2024-07-21T00:00:00+00:00' AIRFLOW_CTX_TRY_NUMBER='1' AIRFLOW_CTX_DAG_RUN_ID='scheduled__2024-07-21T00:00:00+00:00'
[2024-07-22T20:07:55.172+0000] {logging_mixin.py:188} INFO - -------------------------------------------- select *  from etlconf.Etl_Process_Mapping where SourceTableName = 'language' and Stage = 'stagingtodv'
[2024-07-22T20:07:55.263+0000] {logging_mixin.py:188} INFO - DFFFFFFFFFDFFFFFFFFF    0                     1                   2
0  1  English              2006-02-15 10:02:19
1  2  Italian              2006-02-15 10:02:19
2  3  Japanese             2006-02-15 10:02:19
3  4  Mandarin             2006-02-15 10:02:19
4  5  French               2006-02-15 10:02:19
5  6  German               2006-02-15 10:02:19
[2024-07-22T20:07:55.425+0000] {logging_mixin.py:188} INFO - update etlconf.Etl_Process_Mapping T set last_run_date = current_timestamp where destdbname='dbdv' and destschema='dvdrental' and desttablename='language';
[2024-07-22T20:07:55.440+0000] {python.py:202} INFO - Done. Returned value was: None
[2024-07-22T20:07:55.447+0000] {taskinstance.py:1149} INFO - Marking task as SUCCESS. dag_id=stagingtodv, task_id=language, execution_date=20240721T000000, start_date=20240722T200753, end_date=20240722T200755
[2024-07-22T20:07:55.503+0000] {local_task_job_runner.py:234} INFO - Task exited with return code 0
[2024-07-22T20:07:55.535+0000] {taskinstance.py:3312} INFO - 0 downstream tasks scheduled from follow-on schedule check
[2024-07-22T20:12:24.383+0000] {taskinstance.py:1979} INFO - Dependencies all met for dep_context=non-requeueable deps ti=<TaskInstance: stagingtodv.language scheduled__2024-07-21T00:00:00+00:00 [queued]>
[2024-07-22T20:12:24.412+0000] {taskinstance.py:1979} INFO - Dependencies all met for dep_context=requeueable deps ti=<TaskInstance: stagingtodv.language scheduled__2024-07-21T00:00:00+00:00 [queued]>
[2024-07-22T20:12:24.421+0000] {taskinstance.py:2193} INFO - Starting attempt 1 of 1
[2024-07-22T20:12:24.476+0000] {taskinstance.py:2217} INFO - Executing <Task(PythonOperator): language> on 2024-07-21 00:00:00+00:00
[2024-07-22T20:12:24.491+0000] {standard_task_runner.py:60} INFO - Started process 107 to run task
[2024-07-22T20:12:24.498+0000] {standard_task_runner.py:87} INFO - Running: ['***', 'tasks', 'run', 'stagingtodv', 'language', 'scheduled__2024-07-21T00:00:00+00:00', '--job-id', '17', '--raw', '--subdir', 'DAGS_FOLDER/dag.py', '--cfg-path', '/tmp/tmpv59cezi6']
[2024-07-22T20:12:24.516+0000] {standard_task_runner.py:88} INFO - Job 17: Subtask language
[2024-07-22T20:12:24.741+0000] {task_command.py:423} INFO - Running <TaskInstance: stagingtodv.language scheduled__2024-07-21T00:00:00+00:00 [running]> on host 0a26f4611472
[2024-07-22T20:12:26.161+0000] {taskinstance.py:2513} INFO - Exporting env vars: AIRFLOW_CTX_DAG_OWNER='***' AIRFLOW_CTX_DAG_ID='stagingtodv' AIRFLOW_CTX_TASK_ID='language' AIRFLOW_CTX_EXECUTION_DATE='2024-07-21T00:00:00+00:00' AIRFLOW_CTX_TRY_NUMBER='1' AIRFLOW_CTX_DAG_RUN_ID='scheduled__2024-07-21T00:00:00+00:00'
[2024-07-22T20:12:26.171+0000] {logging_mixin.py:188} INFO - -------------------------------------------- select *  from etlconf.Etl_Process_Mapping where SourceTableName = 'language' and Stage = 'stagingtodv'
[2024-07-22T20:12:26.321+0000] {logging_mixin.py:188} INFO - DFFFFFFFFFDFFFFFFFFF    0                     1                   2
0  1  English              2006-02-15 10:02:19
1  2  Italian              2006-02-15 10:02:19
2  3  Japanese             2006-02-15 10:02:19
3  4  Mandarin             2006-02-15 10:02:19
4  5  French               2006-02-15 10:02:19
5  6  German               2006-02-15 10:02:19
[2024-07-22T20:12:26.491+0000] {logging_mixin.py:188} INFO - update etlconf.Etl_Process_Mapping T set last_run_date = current_timestamp where destdbname='dbdv' and destschema='dvdrental' and desttablename='language';
[2024-07-22T20:12:26.514+0000] {python.py:202} INFO - Done. Returned value was: None
[2024-07-22T20:12:26.522+0000] {taskinstance.py:1149} INFO - Marking task as SUCCESS. dag_id=stagingtodv, task_id=language, execution_date=20240721T000000, start_date=20240722T201224, end_date=20240722T201226
[2024-07-22T20:12:26.575+0000] {local_task_job_runner.py:234} INFO - Task exited with return code 0
[2024-07-22T20:12:26.629+0000] {taskinstance.py:3312} INFO - 0 downstream tasks scheduled from follow-on schedule check
[2024-07-22T20:16:39.540+0000] {taskinstance.py:1979} INFO - Dependencies all met for dep_context=non-requeueable deps ti=<TaskInstance: stagingtodv.language scheduled__2024-07-21T00:00:00+00:00 [queued]>
[2024-07-22T20:16:39.588+0000] {taskinstance.py:1979} INFO - Dependencies all met for dep_context=requeueable deps ti=<TaskInstance: stagingtodv.language scheduled__2024-07-21T00:00:00+00:00 [queued]>
[2024-07-22T20:16:39.597+0000] {taskinstance.py:2193} INFO - Starting attempt 1 of 1
[2024-07-22T20:16:39.628+0000] {taskinstance.py:2217} INFO - Executing <Task(PythonOperator): language> on 2024-07-21 00:00:00+00:00
[2024-07-22T20:16:39.642+0000] {standard_task_runner.py:60} INFO - Started process 98 to run task
[2024-07-22T20:16:39.674+0000] {standard_task_runner.py:87} INFO - Running: ['***', 'tasks', 'run', 'stagingtodv', 'language', 'scheduled__2024-07-21T00:00:00+00:00', '--job-id', '9', '--raw', '--subdir', 'DAGS_FOLDER/dag.py', '--cfg-path', '/tmp/tmpxd9fv14l']
[2024-07-22T20:16:39.680+0000] {standard_task_runner.py:88} INFO - Job 9: Subtask language
[2024-07-22T20:16:39.808+0000] {task_command.py:423} INFO - Running <TaskInstance: stagingtodv.language scheduled__2024-07-21T00:00:00+00:00 [running]> on host 78ac63ab6c84
[2024-07-22T20:16:40.563+0000] {taskinstance.py:2513} INFO - Exporting env vars: AIRFLOW_CTX_DAG_OWNER='***' AIRFLOW_CTX_DAG_ID='stagingtodv' AIRFLOW_CTX_TASK_ID='language' AIRFLOW_CTX_EXECUTION_DATE='2024-07-21T00:00:00+00:00' AIRFLOW_CTX_TRY_NUMBER='1' AIRFLOW_CTX_DAG_RUN_ID='scheduled__2024-07-21T00:00:00+00:00'
[2024-07-22T20:16:40.569+0000] {logging_mixin.py:188} INFO - -------------------------------------------- select *  from etlconf.Etl_Process_Mapping where SourceTableName = 'language' and Stage = 'stagingtodv'
[2024-07-22T20:16:41.138+0000] {logging_mixin.py:188} INFO - DFFFFFFFFFDFFFFFFFFF    0                     1                   2
0  1  English              2006-02-15 10:02:19
1  2  Italian              2006-02-15 10:02:19
2  3  Japanese             2006-02-15 10:02:19
3  4  Mandarin             2006-02-15 10:02:19
4  5  French               2006-02-15 10:02:19
5  6  German               2006-02-15 10:02:19
[2024-07-22T20:16:41.372+0000] {logging_mixin.py:188} INFO - update etlconf.Etl_Process_Mapping T set last_run_date = current_timestamp where destdbname='dbdv' and destschema='dvdrental' and desttablename='language';
[2024-07-22T20:16:41.394+0000] {python.py:202} INFO - Done. Returned value was: None
[2024-07-22T20:16:41.403+0000] {taskinstance.py:1149} INFO - Marking task as SUCCESS. dag_id=stagingtodv, task_id=language, execution_date=20240721T000000, start_date=20240722T201639, end_date=20240722T201641
[2024-07-22T20:16:41.459+0000] {local_task_job_runner.py:234} INFO - Task exited with return code 0
[2024-07-22T20:16:41.507+0000] {taskinstance.py:3312} INFO - 0 downstream tasks scheduled from follow-on schedule check
[2024-07-22T20:31:14.228+0000] {taskinstance.py:1979} INFO - Dependencies all met for dep_context=non-requeueable deps ti=<TaskInstance: stagingtodv.language scheduled__2024-07-21T00:00:00+00:00 [queued]>
[2024-07-22T20:31:14.258+0000] {taskinstance.py:1979} INFO - Dependencies all met for dep_context=requeueable deps ti=<TaskInstance: stagingtodv.language scheduled__2024-07-21T00:00:00+00:00 [queued]>
[2024-07-22T20:31:14.261+0000] {taskinstance.py:2193} INFO - Starting attempt 1 of 1
[2024-07-22T20:31:14.291+0000] {taskinstance.py:2217} INFO - Executing <Task(PythonOperator): language> on 2024-07-21 00:00:00+00:00
[2024-07-22T20:31:14.325+0000] {standard_task_runner.py:60} INFO - Started process 94 to run task
[2024-07-22T20:31:14.329+0000] {standard_task_runner.py:87} INFO - Running: ['***', 'tasks', 'run', 'stagingtodv', 'language', 'scheduled__2024-07-21T00:00:00+00:00', '--job-id', '14', '--raw', '--subdir', 'DAGS_FOLDER/dag.py', '--cfg-path', '/tmp/tmpjx7tf2w5']
[2024-07-22T20:31:14.360+0000] {standard_task_runner.py:88} INFO - Job 14: Subtask language
[2024-07-22T20:31:14.509+0000] {task_command.py:423} INFO - Running <TaskInstance: stagingtodv.language scheduled__2024-07-21T00:00:00+00:00 [running]> on host 9126008e9d77
[2024-07-22T20:31:15.484+0000] {taskinstance.py:2513} INFO - Exporting env vars: AIRFLOW_CTX_DAG_OWNER='***' AIRFLOW_CTX_DAG_ID='stagingtodv' AIRFLOW_CTX_TASK_ID='language' AIRFLOW_CTX_EXECUTION_DATE='2024-07-21T00:00:00+00:00' AIRFLOW_CTX_TRY_NUMBER='1' AIRFLOW_CTX_DAG_RUN_ID='scheduled__2024-07-21T00:00:00+00:00'
[2024-07-22T20:31:15.486+0000] {logging_mixin.py:188} INFO - -------------------------------------------- select *  from etlconf.Etl_Process_Mapping where SourceTableName = 'language' and Stage = 'stagingtodv'
[2024-07-22T20:31:15.773+0000] {logging_mixin.py:188} INFO - DFFFFFFFFFDFFFFFFFFF    0                     1                   2
0  1  English              2006-02-15 10:02:19
1  2  Italian              2006-02-15 10:02:19
2  3  Japanese             2006-02-15 10:02:19
3  4  Mandarin             2006-02-15 10:02:19
4  5  French               2006-02-15 10:02:19
5  6  German               2006-02-15 10:02:19
[2024-07-22T20:31:16.006+0000] {logging_mixin.py:188} INFO - update etlconf.Etl_Process_Mapping T set last_run_date = current_timestamp where destdbname='dbdv' and destschema='dvdrental' and desttablename='language';
[2024-07-22T20:31:16.021+0000] {python.py:202} INFO - Done. Returned value was: None
[2024-07-22T20:31:16.030+0000] {taskinstance.py:1149} INFO - Marking task as SUCCESS. dag_id=stagingtodv, task_id=language, execution_date=20240721T000000, start_date=20240722T203114, end_date=20240722T203116
[2024-07-22T20:31:16.091+0000] {local_task_job_runner.py:234} INFO - Task exited with return code 0
[2024-07-22T20:31:16.140+0000] {taskinstance.py:3312} INFO - 0 downstream tasks scheduled from follow-on schedule check
[2024-07-22T20:33:01.106+0000] {taskinstance.py:1979} INFO - Dependencies all met for dep_context=non-requeueable deps ti=<TaskInstance: stagingtodv.language scheduled__2024-07-21T00:00:00+00:00 [queued]>
[2024-07-22T20:33:01.114+0000] {taskinstance.py:1979} INFO - Dependencies all met for dep_context=requeueable deps ti=<TaskInstance: stagingtodv.language scheduled__2024-07-21T00:00:00+00:00 [queued]>
[2024-07-22T20:33:01.115+0000] {taskinstance.py:2193} INFO - Starting attempt 1 of 1
[2024-07-22T20:33:01.141+0000] {taskinstance.py:2217} INFO - Executing <Task(PythonOperator): language> on 2024-07-21 00:00:00+00:00
[2024-07-22T20:33:01.156+0000] {standard_task_runner.py:60} INFO - Started process 88 to run task
[2024-07-22T20:33:01.179+0000] {standard_task_runner.py:87} INFO - Running: ['***', 'tasks', 'run', 'stagingtodv', 'language', 'scheduled__2024-07-21T00:00:00+00:00', '--job-id', '13', '--raw', '--subdir', 'DAGS_FOLDER/dag.py', '--cfg-path', '/tmp/tmp8p51hae9']
[2024-07-22T20:33:01.193+0000] {standard_task_runner.py:88} INFO - Job 13: Subtask language
[2024-07-22T20:33:01.393+0000] {task_command.py:423} INFO - Running <TaskInstance: stagingtodv.language scheduled__2024-07-21T00:00:00+00:00 [running]> on host 79b906a44679
[2024-07-22T20:33:02.675+0000] {taskinstance.py:2513} INFO - Exporting env vars: AIRFLOW_CTX_DAG_OWNER='***' AIRFLOW_CTX_DAG_ID='stagingtodv' AIRFLOW_CTX_TASK_ID='language' AIRFLOW_CTX_EXECUTION_DATE='2024-07-21T00:00:00+00:00' AIRFLOW_CTX_TRY_NUMBER='1' AIRFLOW_CTX_DAG_RUN_ID='scheduled__2024-07-21T00:00:00+00:00'
[2024-07-22T20:33:02.677+0000] {logging_mixin.py:188} INFO - -------------------------------------------- select *  from etlconf.Etl_Process_Mapping where SourceTableName = 'language' and Stage = 'stagingtodv'
[2024-07-22T20:33:02.925+0000] {logging_mixin.py:188} INFO - DFFFFFFFFFDFFFFFFFFF    0                     1                   2
0  1  English              2006-02-15 10:02:19
1  2  Italian              2006-02-15 10:02:19
2  3  Japanese             2006-02-15 10:02:19
3  4  Mandarin             2006-02-15 10:02:19
4  5  French               2006-02-15 10:02:19
5  6  German               2006-02-15 10:02:19
[2024-07-22T20:33:03.278+0000] {logging_mixin.py:188} INFO - update etlconf.Etl_Process_Mapping T set last_run_date = current_timestamp where destdbname='dbdv' and destschema='dvdrental' and desttablename='language';
[2024-07-22T20:33:03.295+0000] {python.py:202} INFO - Done. Returned value was: None
[2024-07-22T20:33:03.303+0000] {taskinstance.py:1149} INFO - Marking task as SUCCESS. dag_id=stagingtodv, task_id=language, execution_date=20240721T000000, start_date=20240722T203301, end_date=20240722T203303
[2024-07-22T20:33:03.364+0000] {local_task_job_runner.py:234} INFO - Task exited with return code 0
[2024-07-22T20:33:03.465+0000] {taskinstance.py:3312} INFO - 0 downstream tasks scheduled from follow-on schedule check
[2024-07-22T20:35:54.823+0000] {taskinstance.py:1979} INFO - Dependencies all met for dep_context=non-requeueable deps ti=<TaskInstance: stagingtodv.language scheduled__2024-07-21T00:00:00+00:00 [queued]>
[2024-07-22T20:35:54.883+0000] {taskinstance.py:1979} INFO - Dependencies all met for dep_context=requeueable deps ti=<TaskInstance: stagingtodv.language scheduled__2024-07-21T00:00:00+00:00 [queued]>
[2024-07-22T20:35:54.889+0000] {taskinstance.py:2193} INFO - Starting attempt 1 of 1
[2024-07-22T20:35:54.935+0000] {taskinstance.py:2217} INFO - Executing <Task(PythonOperator): language> on 2024-07-21 00:00:00+00:00
[2024-07-22T20:35:54.966+0000] {standard_task_runner.py:87} INFO - Running: ['***', 'tasks', 'run', 'stagingtodv', 'language', 'scheduled__2024-07-21T00:00:00+00:00', '--job-id', '7', '--raw', '--subdir', 'DAGS_FOLDER/dag.py', '--cfg-path', '/tmp/tmpzae8q5f1']
[2024-07-22T20:35:54.978+0000] {standard_task_runner.py:88} INFO - Job 7: Subtask language
[2024-07-22T20:35:54.959+0000] {standard_task_runner.py:60} INFO - Started process 95 to run task
[2024-07-22T20:35:55.102+0000] {task_command.py:423} INFO - Running <TaskInstance: stagingtodv.language scheduled__2024-07-21T00:00:00+00:00 [running]> on host eba0c7ca727b
[2024-07-22T20:35:56.283+0000] {taskinstance.py:2513} INFO - Exporting env vars: AIRFLOW_CTX_DAG_OWNER='***' AIRFLOW_CTX_DAG_ID='stagingtodv' AIRFLOW_CTX_TASK_ID='language' AIRFLOW_CTX_EXECUTION_DATE='2024-07-21T00:00:00+00:00' AIRFLOW_CTX_TRY_NUMBER='1' AIRFLOW_CTX_DAG_RUN_ID='scheduled__2024-07-21T00:00:00+00:00'
[2024-07-22T20:35:56.290+0000] {logging_mixin.py:188} INFO - -------------------------------------------- select *  from etlconf.Etl_Process_Mapping where SourceTableName = 'language' and Stage = 'stagingtodv'
[2024-07-22T20:35:56.546+0000] {logging_mixin.py:188} INFO - DFFFFFFFFFDFFFFFFFFF    0                     1                   2
0  1  English              2006-02-15 10:02:19
1  2  Italian              2006-02-15 10:02:19
2  3  Japanese             2006-02-15 10:02:19
3  4  Mandarin             2006-02-15 10:02:19
4  5  French               2006-02-15 10:02:19
5  6  German               2006-02-15 10:02:19
[2024-07-22T20:35:57.074+0000] {logging_mixin.py:188} INFO - update etlconf.Etl_Process_Mapping T set last_run_date = current_timestamp where destdbname='dbdv' and destschema='dvdrental' and desttablename='language';
[2024-07-22T20:35:57.092+0000] {python.py:202} INFO - Done. Returned value was: None
[2024-07-22T20:35:57.099+0000] {taskinstance.py:1149} INFO - Marking task as SUCCESS. dag_id=stagingtodv, task_id=language, execution_date=20240721T000000, start_date=20240722T203554, end_date=20240722T203557
[2024-07-22T20:35:57.138+0000] {local_task_job_runner.py:234} INFO - Task exited with return code 0
[2024-07-22T20:35:57.154+0000] {taskinstance.py:3312} INFO - 0 downstream tasks scheduled from follow-on schedule check
[2024-07-22T20:37:38.389+0000] {taskinstance.py:1979} INFO - Dependencies all met for dep_context=non-requeueable deps ti=<TaskInstance: stagingtodv.language scheduled__2024-07-21T00:00:00+00:00 [queued]>
[2024-07-22T20:37:38.417+0000] {taskinstance.py:1979} INFO - Dependencies all met for dep_context=requeueable deps ti=<TaskInstance: stagingtodv.language scheduled__2024-07-21T00:00:00+00:00 [queued]>
[2024-07-22T20:37:38.422+0000] {taskinstance.py:2193} INFO - Starting attempt 1 of 1
[2024-07-22T20:37:38.479+0000] {taskinstance.py:2217} INFO - Executing <Task(PythonOperator): language> on 2024-07-21 00:00:00+00:00
[2024-07-22T20:37:38.506+0000] {standard_task_runner.py:60} INFO - Started process 90 to run task
[2024-07-22T20:37:38.520+0000] {standard_task_runner.py:87} INFO - Running: ['***', 'tasks', 'run', 'stagingtodv', 'language', 'scheduled__2024-07-21T00:00:00+00:00', '--job-id', '6', '--raw', '--subdir', 'DAGS_FOLDER/dag.py', '--cfg-path', '/tmp/tmpim85iymj']
[2024-07-22T20:37:38.540+0000] {standard_task_runner.py:88} INFO - Job 6: Subtask language
[2024-07-22T20:37:38.772+0000] {task_command.py:423} INFO - Running <TaskInstance: stagingtodv.language scheduled__2024-07-21T00:00:00+00:00 [running]> on host ca612ea69d67
[2024-07-22T20:37:40.102+0000] {taskinstance.py:2513} INFO - Exporting env vars: AIRFLOW_CTX_DAG_OWNER='***' AIRFLOW_CTX_DAG_ID='stagingtodv' AIRFLOW_CTX_TASK_ID='language' AIRFLOW_CTX_EXECUTION_DATE='2024-07-21T00:00:00+00:00' AIRFLOW_CTX_TRY_NUMBER='1' AIRFLOW_CTX_DAG_RUN_ID='scheduled__2024-07-21T00:00:00+00:00'
[2024-07-22T20:37:40.105+0000] {logging_mixin.py:188} INFO - -------------------------------------------- select *  from etlconf.Etl_Process_Mapping where SourceTableName = 'language' and Stage = 'stagingtodv'
[2024-07-22T20:37:40.214+0000] {logging_mixin.py:188} INFO - DFFFFFFFFFDFFFFFFFFF    0                     1                   2
0  1  English              2006-02-15 10:02:19
1  2  Italian              2006-02-15 10:02:19
2  3  Japanese             2006-02-15 10:02:19
3  4  Mandarin             2006-02-15 10:02:19
4  5  French               2006-02-15 10:02:19
5  6  German               2006-02-15 10:02:19
[2024-07-22T20:37:40.454+0000] {logging_mixin.py:188} INFO - update etlconf.Etl_Process_Mapping T set last_run_date = current_timestamp where destdbname='dbdv' and destschema='dvdrental' and desttablename='language';
[2024-07-22T20:37:40.509+0000] {python.py:202} INFO - Done. Returned value was: None
[2024-07-22T20:37:40.519+0000] {taskinstance.py:1149} INFO - Marking task as SUCCESS. dag_id=stagingtodv, task_id=language, execution_date=20240721T000000, start_date=20240722T203738, end_date=20240722T203740
[2024-07-22T20:37:40.544+0000] {local_task_job_runner.py:234} INFO - Task exited with return code 0
[2024-07-22T20:37:40.566+0000] {taskinstance.py:3312} INFO - 0 downstream tasks scheduled from follow-on schedule check
[2024-07-22T20:48:35.657+0000] {taskinstance.py:1979} INFO - Dependencies all met for dep_context=non-requeueable deps ti=<TaskInstance: stagingtodv.language scheduled__2024-07-21T00:00:00+00:00 [queued]>
[2024-07-22T20:48:35.714+0000] {taskinstance.py:1979} INFO - Dependencies all met for dep_context=requeueable deps ti=<TaskInstance: stagingtodv.language scheduled__2024-07-21T00:00:00+00:00 [queued]>
[2024-07-22T20:48:35.721+0000] {taskinstance.py:2193} INFO - Starting attempt 1 of 1
[2024-07-22T20:48:35.755+0000] {taskinstance.py:2217} INFO - Executing <Task(PythonOperator): language> on 2024-07-21 00:00:00+00:00
[2024-07-22T20:48:35.767+0000] {standard_task_runner.py:60} INFO - Started process 107 to run task
[2024-07-22T20:48:35.777+0000] {standard_task_runner.py:87} INFO - Running: ['***', 'tasks', 'run', 'stagingtodv', 'language', 'scheduled__2024-07-21T00:00:00+00:00', '--job-id', '15', '--raw', '--subdir', 'DAGS_FOLDER/dag.py', '--cfg-path', '/tmp/tmpnbq4xxvh']
[2024-07-22T20:48:35.802+0000] {standard_task_runner.py:88} INFO - Job 15: Subtask language
[2024-07-22T20:48:36.083+0000] {task_command.py:423} INFO - Running <TaskInstance: stagingtodv.language scheduled__2024-07-21T00:00:00+00:00 [running]> on host d9bd7bcefcfd
[2024-07-22T20:48:37.486+0000] {taskinstance.py:2513} INFO - Exporting env vars: AIRFLOW_CTX_DAG_OWNER='***' AIRFLOW_CTX_DAG_ID='stagingtodv' AIRFLOW_CTX_TASK_ID='language' AIRFLOW_CTX_EXECUTION_DATE='2024-07-21T00:00:00+00:00' AIRFLOW_CTX_TRY_NUMBER='1' AIRFLOW_CTX_DAG_RUN_ID='scheduled__2024-07-21T00:00:00+00:00'
[2024-07-22T20:48:37.488+0000] {logging_mixin.py:188} INFO - -------------------------------------------- select *  from etlconf.Etl_Process_Mapping where SourceTableName = 'language' and Stage = 'stagingtodv'
[2024-07-22T20:48:37.679+0000] {logging_mixin.py:188} INFO - DFFFFFFFFFDFFFFFFFFF    0                     1                   2
0  1  English              2006-02-15 10:02:19
1  2  Italian              2006-02-15 10:02:19
2  3  Japanese             2006-02-15 10:02:19
3  4  Mandarin             2006-02-15 10:02:19
4  5  French               2006-02-15 10:02:19
5  6  German               2006-02-15 10:02:19
[2024-07-22T20:48:37.819+0000] {logging_mixin.py:188} INFO - update etlconf.Etl_Process_Mapping T set last_run_date = current_timestamp where destdbname='dbdv' and destschema='dvdrental' and desttablename='language';
[2024-07-22T20:48:37.850+0000] {python.py:202} INFO - Done. Returned value was: None
[2024-07-22T20:48:37.860+0000] {taskinstance.py:1149} INFO - Marking task as SUCCESS. dag_id=stagingtodv, task_id=language, execution_date=20240721T000000, start_date=20240722T204835, end_date=20240722T204837
[2024-07-22T20:48:37.912+0000] {local_task_job_runner.py:234} INFO - Task exited with return code 0
[2024-07-22T20:48:37.963+0000] {taskinstance.py:3312} INFO - 0 downstream tasks scheduled from follow-on schedule check
[2024-07-22T20:50:36.836+0000] {taskinstance.py:1979} INFO - Dependencies all met for dep_context=non-requeueable deps ti=<TaskInstance: stagingtodv.language scheduled__2024-07-21T00:00:00+00:00 [queued]>
[2024-07-22T20:50:36.873+0000] {taskinstance.py:1979} INFO - Dependencies all met for dep_context=requeueable deps ti=<TaskInstance: stagingtodv.language scheduled__2024-07-21T00:00:00+00:00 [queued]>
[2024-07-22T20:50:36.889+0000] {taskinstance.py:2193} INFO - Starting attempt 1 of 1
[2024-07-22T20:50:36.914+0000] {taskinstance.py:2217} INFO - Executing <Task(PythonOperator): language> on 2024-07-21 00:00:00+00:00
[2024-07-22T20:50:36.930+0000] {standard_task_runner.py:60} INFO - Started process 101 to run task
[2024-07-22T20:50:36.956+0000] {standard_task_runner.py:87} INFO - Running: ['***', 'tasks', 'run', 'stagingtodv', 'language', 'scheduled__2024-07-21T00:00:00+00:00', '--job-id', '17', '--raw', '--subdir', 'DAGS_FOLDER/dag.py', '--cfg-path', '/tmp/tmpne6nyqlt']
[2024-07-22T20:50:36.967+0000] {standard_task_runner.py:88} INFO - Job 17: Subtask language
[2024-07-22T20:50:37.201+0000] {task_command.py:423} INFO - Running <TaskInstance: stagingtodv.language scheduled__2024-07-21T00:00:00+00:00 [running]> on host c43d948598a9
[2024-07-22T20:50:38.703+0000] {taskinstance.py:2513} INFO - Exporting env vars: AIRFLOW_CTX_DAG_OWNER='***' AIRFLOW_CTX_DAG_ID='stagingtodv' AIRFLOW_CTX_TASK_ID='language' AIRFLOW_CTX_EXECUTION_DATE='2024-07-21T00:00:00+00:00' AIRFLOW_CTX_TRY_NUMBER='1' AIRFLOW_CTX_DAG_RUN_ID='scheduled__2024-07-21T00:00:00+00:00'
[2024-07-22T20:50:38.707+0000] {logging_mixin.py:188} INFO - -------------------------------------------- select *  from etlconf.Etl_Process_Mapping where SourceTableName = 'language' and Stage = 'stagingtodv'
[2024-07-22T20:50:38.841+0000] {logging_mixin.py:188} INFO - DFFFFFFFFFDFFFFFFFFF    0                     1                   2
0  1  English              2006-02-15 10:02:19
1  2  Italian              2006-02-15 10:02:19
2  3  Japanese             2006-02-15 10:02:19
3  4  Mandarin             2006-02-15 10:02:19
4  5  French               2006-02-15 10:02:19
5  6  German               2006-02-15 10:02:19
[2024-07-22T20:50:38.978+0000] {logging_mixin.py:188} INFO - update etlconf.Etl_Process_Mapping T set last_run_date = current_timestamp where destdbname='dbdv' and destschema='dvdrental' and desttablename='language';
[2024-07-22T20:50:38.996+0000] {python.py:202} INFO - Done. Returned value was: None
[2024-07-22T20:50:39.005+0000] {taskinstance.py:1149} INFO - Marking task as SUCCESS. dag_id=stagingtodv, task_id=language, execution_date=20240721T000000, start_date=20240722T205036, end_date=20240722T205039
[2024-07-22T20:50:39.036+0000] {local_task_job_runner.py:234} INFO - Task exited with return code 0
[2024-07-22T20:50:39.050+0000] {taskinstance.py:3312} INFO - 0 downstream tasks scheduled from follow-on schedule check
[2024-07-22T20:56:52.590+0000] {taskinstance.py:1979} INFO - Dependencies all met for dep_context=non-requeueable deps ti=<TaskInstance: stagingtodv.language scheduled__2024-07-21T00:00:00+00:00 [queued]>
[2024-07-22T20:56:52.603+0000] {taskinstance.py:1979} INFO - Dependencies all met for dep_context=requeueable deps ti=<TaskInstance: stagingtodv.language scheduled__2024-07-21T00:00:00+00:00 [queued]>
[2024-07-22T20:56:52.605+0000] {taskinstance.py:2193} INFO - Starting attempt 1 of 1
[2024-07-22T20:56:52.652+0000] {taskinstance.py:2217} INFO - Executing <Task(PythonOperator): language> on 2024-07-21 00:00:00+00:00
[2024-07-22T20:56:52.669+0000] {standard_task_runner.py:60} INFO - Started process 109 to run task
[2024-07-22T20:56:52.692+0000] {standard_task_runner.py:87} INFO - Running: ['***', 'tasks', 'run', 'stagingtodv', 'language', 'scheduled__2024-07-21T00:00:00+00:00', '--job-id', '10', '--raw', '--subdir', 'DAGS_FOLDER/dag.py', '--cfg-path', '/tmp/tmpgtn75ofd']
[2024-07-22T20:56:52.702+0000] {standard_task_runner.py:88} INFO - Job 10: Subtask language
[2024-07-22T20:56:53.034+0000] {task_command.py:423} INFO - Running <TaskInstance: stagingtodv.language scheduled__2024-07-21T00:00:00+00:00 [running]> on host b40f86dea2d7
[2024-07-22T20:56:54.462+0000] {taskinstance.py:2513} INFO - Exporting env vars: AIRFLOW_CTX_DAG_OWNER='***' AIRFLOW_CTX_DAG_ID='stagingtodv' AIRFLOW_CTX_TASK_ID='language' AIRFLOW_CTX_EXECUTION_DATE='2024-07-21T00:00:00+00:00' AIRFLOW_CTX_TRY_NUMBER='1' AIRFLOW_CTX_DAG_RUN_ID='scheduled__2024-07-21T00:00:00+00:00'
[2024-07-22T20:56:54.475+0000] {logging_mixin.py:188} INFO - -------------------------------------------- select *  from etlconf.Etl_Process_Mapping where SourceTableName = 'language' and Stage = 'stagingtodv'
[2024-07-22T20:56:54.931+0000] {logging_mixin.py:188} INFO - update etlconf.Etl_Process_Mapping T set last_run_date = current_timestamp where destdbname='dbdv' and destschema='dvdrental' and desttablename='language';
[2024-07-22T20:56:55.002+0000] {python.py:202} INFO - Done. Returned value was: None
[2024-07-22T20:56:55.014+0000] {taskinstance.py:1149} INFO - Marking task as SUCCESS. dag_id=stagingtodv, task_id=language, execution_date=20240721T000000, start_date=20240722T205652, end_date=20240722T205655
[2024-07-22T20:56:55.067+0000] {local_task_job_runner.py:234} INFO - Task exited with return code 0
[2024-07-22T20:56:55.095+0000] {taskinstance.py:3312} INFO - 0 downstream tasks scheduled from follow-on schedule check
[2024-07-22T21:02:40.297+0000] {taskinstance.py:1979} INFO - Dependencies all met for dep_context=non-requeueable deps ti=<TaskInstance: stagingtodv.language scheduled__2024-07-21T00:00:00+00:00 [queued]>
[2024-07-22T21:02:40.317+0000] {taskinstance.py:1979} INFO - Dependencies all met for dep_context=requeueable deps ti=<TaskInstance: stagingtodv.language scheduled__2024-07-21T00:00:00+00:00 [queued]>
[2024-07-22T21:02:40.318+0000] {taskinstance.py:2193} INFO - Starting attempt 1 of 1
[2024-07-22T21:02:40.357+0000] {taskinstance.py:2217} INFO - Executing <Task(PythonOperator): language> on 2024-07-21 00:00:00+00:00
[2024-07-22T21:02:40.382+0000] {standard_task_runner.py:60} INFO - Started process 122 to run task
[2024-07-22T21:02:40.401+0000] {standard_task_runner.py:87} INFO - Running: ['***', 'tasks', 'run', 'stagingtodv', 'language', 'scheduled__2024-07-21T00:00:00+00:00', '--job-id', '14', '--raw', '--subdir', 'DAGS_FOLDER/dag.py', '--cfg-path', '/tmp/tmpu0efj02_']
[2024-07-22T21:02:40.417+0000] {standard_task_runner.py:88} INFO - Job 14: Subtask language
[2024-07-22T21:02:40.613+0000] {task_command.py:423} INFO - Running <TaskInstance: stagingtodv.language scheduled__2024-07-21T00:00:00+00:00 [running]> on host fd3c041fbc80
[2024-07-22T21:02:41.766+0000] {taskinstance.py:2513} INFO - Exporting env vars: AIRFLOW_CTX_DAG_OWNER='***' AIRFLOW_CTX_DAG_ID='stagingtodv' AIRFLOW_CTX_TASK_ID='language' AIRFLOW_CTX_EXECUTION_DATE='2024-07-21T00:00:00+00:00' AIRFLOW_CTX_TRY_NUMBER='1' AIRFLOW_CTX_DAG_RUN_ID='scheduled__2024-07-21T00:00:00+00:00'
[2024-07-22T21:02:41.771+0000] {logging_mixin.py:188} INFO - -------------------------------------------- select *  from etlconf.Etl_Process_Mapping where SourceTableName = 'language' and Stage = 'stagingtodv'
[2024-07-22T21:02:42.094+0000] {logging_mixin.py:188} INFO - update etlconf.Etl_Process_Mapping T set last_run_date = current_timestamp where destdbname='dbdv' and destschema='dvdrental' and desttablename='language';
[2024-07-22T21:02:42.131+0000] {python.py:202} INFO - Done. Returned value was: None
[2024-07-22T21:02:42.139+0000] {taskinstance.py:1149} INFO - Marking task as SUCCESS. dag_id=stagingtodv, task_id=language, execution_date=20240721T000000, start_date=20240722T210240, end_date=20240722T210242
[2024-07-22T21:02:42.195+0000] {local_task_job_runner.py:234} INFO - Task exited with return code 0
[2024-07-22T21:02:42.217+0000] {taskinstance.py:3312} INFO - 0 downstream tasks scheduled from follow-on schedule check
[2024-07-22T21:05:27.867+0000] {taskinstance.py:1979} INFO - Dependencies all met for dep_context=non-requeueable deps ti=<TaskInstance: stagingtodv.language scheduled__2024-07-21T00:00:00+00:00 [queued]>
[2024-07-22T21:05:27.876+0000] {taskinstance.py:1979} INFO - Dependencies all met for dep_context=requeueable deps ti=<TaskInstance: stagingtodv.language scheduled__2024-07-21T00:00:00+00:00 [queued]>
[2024-07-22T21:05:27.877+0000] {taskinstance.py:2193} INFO - Starting attempt 1 of 1
[2024-07-22T21:05:27.896+0000] {taskinstance.py:2217} INFO - Executing <Task(PythonOperator): language> on 2024-07-21 00:00:00+00:00
[2024-07-22T21:05:27.907+0000] {standard_task_runner.py:60} INFO - Started process 89 to run task
[2024-07-22T21:05:27.912+0000] {standard_task_runner.py:87} INFO - Running: ['***', 'tasks', 'run', 'stagingtodv', 'language', 'scheduled__2024-07-21T00:00:00+00:00', '--job-id', '4', '--raw', '--subdir', 'DAGS_FOLDER/dag.py', '--cfg-path', '/tmp/tmpqn8n588v']
[2024-07-22T21:05:27.919+0000] {standard_task_runner.py:88} INFO - Job 4: Subtask language
[2024-07-22T21:05:28.067+0000] {task_command.py:423} INFO - Running <TaskInstance: stagingtodv.language scheduled__2024-07-21T00:00:00+00:00 [running]> on host f59a56d3cdcb
[2024-07-22T21:05:28.845+0000] {taskinstance.py:2513} INFO - Exporting env vars: AIRFLOW_CTX_DAG_OWNER='***' AIRFLOW_CTX_DAG_ID='stagingtodv' AIRFLOW_CTX_TASK_ID='language' AIRFLOW_CTX_EXECUTION_DATE='2024-07-21T00:00:00+00:00' AIRFLOW_CTX_TRY_NUMBER='1' AIRFLOW_CTX_DAG_RUN_ID='scheduled__2024-07-21T00:00:00+00:00'
[2024-07-22T21:05:28.848+0000] {logging_mixin.py:188} INFO - -------------------------------------------- select *  from etlconf.Etl_Process_Mapping where SourceTableName = 'language' and Stage = 'stagingtodv'
[2024-07-22T21:05:29.674+0000] {logging_mixin.py:188} INFO - update etlconf.Etl_Process_Mapping T set last_run_date = current_timestamp where destdbname='dbdv' and destschema='dvdrental' and desttablename='language';
[2024-07-22T21:05:29.696+0000] {python.py:202} INFO - Done. Returned value was: None
[2024-07-22T21:05:29.707+0000] {taskinstance.py:1149} INFO - Marking task as SUCCESS. dag_id=stagingtodv, task_id=language, execution_date=20240721T000000, start_date=20240722T210527, end_date=20240722T210529
[2024-07-22T21:05:29.771+0000] {local_task_job_runner.py:234} INFO - Task exited with return code 0
[2024-07-22T21:05:29.791+0000] {taskinstance.py:3312} INFO - 0 downstream tasks scheduled from follow-on schedule check
