[2024-07-22T20:46:23.741+0000] {taskinstance.py:1979} INFO - Dependencies all met for dep_context=non-requeueable deps ti=<TaskInstance: stagingtodv.language manual__2024-07-22T20:46:21.507582+00:00 [queued]>
[2024-07-22T20:46:23.763+0000] {taskinstance.py:1979} INFO - Dependencies all met for dep_context=requeueable deps ti=<TaskInstance: stagingtodv.language manual__2024-07-22T20:46:21.507582+00:00 [queued]>
[2024-07-22T20:46:23.766+0000] {taskinstance.py:2193} INFO - Starting attempt 1 of 1
[2024-07-22T20:46:23.805+0000] {taskinstance.py:2217} INFO - Executing <Task(PythonOperator): language> on 2024-07-22 20:46:21.507582+00:00
[2024-07-22T20:46:23.814+0000] {standard_task_runner.py:60} INFO - Started process 318 to run task
[2024-07-22T20:46:23.820+0000] {standard_task_runner.py:87} INFO - Running: ['***', 'tasks', 'run', 'stagingtodv', 'language', 'manual__2024-07-22T20:46:21.507582+00:00', '--job-id', '43', '--raw', '--subdir', 'DAGS_FOLDER/dag.py', '--cfg-path', '/tmp/tmp24m7jpnv']
[2024-07-22T20:46:23.829+0000] {standard_task_runner.py:88} INFO - Job 43: Subtask language
[2024-07-22T20:46:23.979+0000] {task_command.py:423} INFO - Running <TaskInstance: stagingtodv.language manual__2024-07-22T20:46:21.507582+00:00 [running]> on host ca612ea69d67
[2024-07-22T20:46:24.187+0000] {taskinstance.py:2513} INFO - Exporting env vars: AIRFLOW_CTX_DAG_OWNER='***' AIRFLOW_CTX_DAG_ID='stagingtodv' AIRFLOW_CTX_TASK_ID='language' AIRFLOW_CTX_EXECUTION_DATE='2024-07-22T20:46:21.507582+00:00' AIRFLOW_CTX_TRY_NUMBER='1' AIRFLOW_CTX_DAG_RUN_ID='manual__2024-07-22T20:46:21.507582+00:00'
[2024-07-22T20:46:24.203+0000] {logging_mixin.py:188} INFO - -------------------------------------------- select *  from etlconf.Etl_Process_Mapping where SourceTableName = 'language' and Stage = 'stagingtodv'
[2024-07-22T20:46:24.738+0000] {logging_mixin.py:188} INFO - DFFFFFFFFFDFFFFFFFFF    0                     1                   2
0  1  English              2006-02-15 10:02:19
1  2  Italian              2006-02-15 10:02:19
2  3  Japanese             2006-02-15 10:02:19
3  4  Mandarin             2006-02-15 10:02:19
4  5  French               2006-02-15 10:02:19
5  6  German               2006-02-15 10:02:19
[2024-07-22T20:46:24.950+0000] {logging_mixin.py:188} INFO - update etlconf.Etl_Process_Mapping T set last_run_date = current_timestamp where destdbname='dbdv' and destschema='dvdrental' and desttablename='language';
[2024-07-22T20:46:24.982+0000] {python.py:202} INFO - Done. Returned value was: None
[2024-07-22T20:46:24.993+0000] {taskinstance.py:1149} INFO - Marking task as SUCCESS. dag_id=stagingtodv, task_id=language, execution_date=20240722T204621, start_date=20240722T204623, end_date=20240722T204624
[2024-07-22T20:46:25.025+0000] {local_task_job_runner.py:234} INFO - Task exited with return code 0
[2024-07-22T20:46:25.045+0000] {taskinstance.py:3312} INFO - 0 downstream tasks scheduled from follow-on schedule check
