[2024-07-25T18:18:55.422+0000] {taskinstance.py:1979} INFO - Dependencies all met for dep_context=non-requeueable deps ti=<TaskInstance: stagingtodv.inventory scheduled__2024-07-24T00:00:00+00:00 [queued]>
[2024-07-25T18:18:55.442+0000] {taskinstance.py:1979} INFO - Dependencies all met for dep_context=requeueable deps ti=<TaskInstance: stagingtodv.inventory scheduled__2024-07-24T00:00:00+00:00 [queued]>
[2024-07-25T18:18:55.449+0000] {taskinstance.py:2193} INFO - Starting attempt 1 of 1
[2024-07-25T18:18:55.483+0000] {taskinstance.py:2217} INFO - Executing <Task(PythonOperator): inventory> on 2024-07-24 00:00:00+00:00
[2024-07-25T18:18:55.495+0000] {standard_task_runner.py:60} INFO - Started process 111 to run task
[2024-07-25T18:18:55.505+0000] {standard_task_runner.py:87} INFO - Running: ['***', 'tasks', 'run', 'stagingtodv', 'inventory', 'scheduled__2024-07-24T00:00:00+00:00', '--job-id', '36', '--raw', '--subdir', 'DAGS_FOLDER/dag.py', '--cfg-path', '/tmp/tmpub7tr8eg']
[2024-07-25T18:18:55.530+0000] {standard_task_runner.py:88} INFO - Job 36: Subtask inventory
[2024-07-25T18:18:55.678+0000] {task_command.py:423} INFO - Running <TaskInstance: stagingtodv.inventory scheduled__2024-07-24T00:00:00+00:00 [running]> on host 7dd317f3ab25
[2024-07-25T18:18:55.830+0000] {taskinstance.py:2513} INFO - Exporting env vars: AIRFLOW_CTX_DAG_OWNER='***' AIRFLOW_CTX_DAG_ID='stagingtodv' AIRFLOW_CTX_TASK_ID='inventory' AIRFLOW_CTX_EXECUTION_DATE='2024-07-24T00:00:00+00:00' AIRFLOW_CTX_TRY_NUMBER='1' AIRFLOW_CTX_DAG_RUN_ID='scheduled__2024-07-24T00:00:00+00:00'
[2024-07-25T18:18:55.836+0000] {logging_mixin.py:188} INFO - -------------------------------------------- select *  from etlconf.Etl_Process_Mapping where SourceTableName = 'inventory' and Stage = 'stagingtodv'
[2024-07-25T18:18:58.197+0000] {python.py:202} INFO - Done. Returned value was: None
[2024-07-25T18:18:58.213+0000] {taskinstance.py:1149} INFO - Marking task as SUCCESS. dag_id=stagingtodv, task_id=inventory, execution_date=20240724T000000, start_date=20240725T181855, end_date=20240725T181858
[2024-07-25T18:18:58.288+0000] {local_task_job_runner.py:234} INFO - Task exited with return code 0
[2024-07-25T18:18:58.320+0000] {taskinstance.py:3312} INFO - 0 downstream tasks scheduled from follow-on schedule check
[2024-07-25T18:23:25.903+0000] {taskinstance.py:1979} INFO - Dependencies all met for dep_context=non-requeueable deps ti=<TaskInstance: stagingtodv.inventory scheduled__2024-07-24T00:00:00+00:00 [queued]>
[2024-07-25T18:23:25.920+0000] {taskinstance.py:1979} INFO - Dependencies all met for dep_context=requeueable deps ti=<TaskInstance: stagingtodv.inventory scheduled__2024-07-24T00:00:00+00:00 [queued]>
[2024-07-25T18:23:25.937+0000] {taskinstance.py:2193} INFO - Starting attempt 1 of 1
[2024-07-25T18:23:25.981+0000] {taskinstance.py:2217} INFO - Executing <Task(PythonOperator): inventory> on 2024-07-24 00:00:00+00:00
[2024-07-25T18:23:26.016+0000] {standard_task_runner.py:60} INFO - Started process 126 to run task
[2024-07-25T18:23:26.038+0000] {standard_task_runner.py:87} INFO - Running: ['***', 'tasks', 'run', 'stagingtodv', 'inventory', 'scheduled__2024-07-24T00:00:00+00:00', '--job-id', '9', '--raw', '--subdir', 'DAGS_FOLDER/dag.py', '--cfg-path', '/tmp/tmp5d8kq0dx']
[2024-07-25T18:23:26.058+0000] {standard_task_runner.py:88} INFO - Job 9: Subtask inventory
[2024-07-25T18:23:26.281+0000] {task_command.py:423} INFO - Running <TaskInstance: stagingtodv.inventory scheduled__2024-07-24T00:00:00+00:00 [running]> on host a4fb48be9e83
[2024-07-25T18:23:27.416+0000] {taskinstance.py:2513} INFO - Exporting env vars: AIRFLOW_CTX_DAG_OWNER='***' AIRFLOW_CTX_DAG_ID='stagingtodv' AIRFLOW_CTX_TASK_ID='inventory' AIRFLOW_CTX_EXECUTION_DATE='2024-07-24T00:00:00+00:00' AIRFLOW_CTX_TRY_NUMBER='1' AIRFLOW_CTX_DAG_RUN_ID='scheduled__2024-07-24T00:00:00+00:00'
[2024-07-25T18:23:27.430+0000] {logging_mixin.py:188} INFO - -------------------------------------------- select *  from etlconf.Etl_Process_Mapping where SourceTableName = 'inventory' and Stage = 'stagingtodv'
[2024-07-25T18:23:28.515+0000] {python.py:202} INFO - Done. Returned value was: None
[2024-07-25T18:23:28.533+0000] {taskinstance.py:1149} INFO - Marking task as SUCCESS. dag_id=stagingtodv, task_id=inventory, execution_date=20240724T000000, start_date=20240725T182325, end_date=20240725T182328
[2024-07-25T18:23:28.612+0000] {local_task_job_runner.py:234} INFO - Task exited with return code 0
[2024-07-25T18:23:28.662+0000] {taskinstance.py:3312} INFO - 0 downstream tasks scheduled from follow-on schedule check
[2024-07-25T18:26:46.769+0000] {taskinstance.py:1979} INFO - Dependencies all met for dep_context=non-requeueable deps ti=<TaskInstance: stagingtodv.inventory scheduled__2024-07-24T00:00:00+00:00 [queued]>
[2024-07-25T18:26:46.789+0000] {taskinstance.py:1979} INFO - Dependencies all met for dep_context=requeueable deps ti=<TaskInstance: stagingtodv.inventory scheduled__2024-07-24T00:00:00+00:00 [queued]>
[2024-07-25T18:26:46.790+0000] {taskinstance.py:2193} INFO - Starting attempt 1 of 1
[2024-07-25T18:26:46.830+0000] {taskinstance.py:2217} INFO - Executing <Task(PythonOperator): inventory> on 2024-07-24 00:00:00+00:00
[2024-07-25T18:26:46.848+0000] {standard_task_runner.py:60} INFO - Started process 94 to run task
[2024-07-25T18:26:46.848+0000] {standard_task_runner.py:87} INFO - Running: ['***', 'tasks', 'run', 'stagingtodv', 'inventory', 'scheduled__2024-07-24T00:00:00+00:00', '--job-id', '9', '--raw', '--subdir', 'DAGS_FOLDER/dag.py', '--cfg-path', '/tmp/tmp24z9thco']
[2024-07-25T18:26:46.863+0000] {standard_task_runner.py:88} INFO - Job 9: Subtask inventory
[2024-07-25T18:26:47.015+0000] {task_command.py:423} INFO - Running <TaskInstance: stagingtodv.inventory scheduled__2024-07-24T00:00:00+00:00 [running]> on host 92d017e1ac63
[2024-07-25T18:26:48.100+0000] {taskinstance.py:2513} INFO - Exporting env vars: AIRFLOW_CTX_DAG_OWNER='***' AIRFLOW_CTX_DAG_ID='stagingtodv' AIRFLOW_CTX_TASK_ID='inventory' AIRFLOW_CTX_EXECUTION_DATE='2024-07-24T00:00:00+00:00' AIRFLOW_CTX_TRY_NUMBER='1' AIRFLOW_CTX_DAG_RUN_ID='scheduled__2024-07-24T00:00:00+00:00'
[2024-07-25T18:26:48.111+0000] {logging_mixin.py:188} INFO - -------------------------------------------- select *  from etlconf.Etl_Process_Mapping where SourceTableName = 'inventory' and Stage = 'stagingtodv'
[2024-07-25T18:26:48.948+0000] {python.py:202} INFO - Done. Returned value was: None
[2024-07-25T18:26:48.961+0000] {taskinstance.py:1149} INFO - Marking task as SUCCESS. dag_id=stagingtodv, task_id=inventory, execution_date=20240724T000000, start_date=20240725T182646, end_date=20240725T182648
[2024-07-25T18:26:49.063+0000] {local_task_job_runner.py:234} INFO - Task exited with return code 0
[2024-07-25T18:26:49.080+0000] {taskinstance.py:3312} INFO - 0 downstream tasks scheduled from follow-on schedule check
