[2024-07-03T18:57:43.432+0000] {taskinstance.py:1979} INFO - Dependencies all met for dep_context=non-requeueable deps ti=<TaskInstance: sqltostaging.country scheduled__2024-07-02T00:00:00+00:00 [queued]>
[2024-07-03T18:57:43.459+0000] {taskinstance.py:1979} INFO - Dependencies all met for dep_context=requeueable deps ti=<TaskInstance: sqltostaging.country scheduled__2024-07-02T00:00:00+00:00 [queued]>
[2024-07-03T18:57:43.466+0000] {taskinstance.py:2193} INFO - Starting attempt 1 of 1
[2024-07-03T18:57:43.494+0000] {taskinstance.py:2217} INFO - Executing <Task(PythonOperator): country> on 2024-07-02 00:00:00+00:00
[2024-07-03T18:57:43.505+0000] {standard_task_runner.py:60} INFO - Started process 85 to run task
[2024-07-03T18:57:43.515+0000] {standard_task_runner.py:87} INFO - Running: ['***', 'tasks', 'run', 'sqltostaging', 'country', 'scheduled__2024-07-02T00:00:00+00:00', '--job-id', '40', '--raw', '--subdir', 'DAGS_FOLDER/dag.py', '--cfg-path', '/tmp/tmpvehdfzxl']
[2024-07-03T18:57:43.530+0000] {standard_task_runner.py:88} INFO - Job 40: Subtask country
[2024-07-03T18:57:43.663+0000] {task_command.py:423} INFO - Running <TaskInstance: sqltostaging.country scheduled__2024-07-02T00:00:00+00:00 [running]> on host df9727a9ba29
[2024-07-03T18:57:44.332+0000] {taskinstance.py:2513} INFO - Exporting env vars: AIRFLOW_CTX_DAG_OWNER='***' AIRFLOW_CTX_DAG_ID='sqltostaging' AIRFLOW_CTX_TASK_ID='country' AIRFLOW_CTX_EXECUTION_DATE='2024-07-02T00:00:00+00:00' AIRFLOW_CTX_TRY_NUMBER='1' AIRFLOW_CTX_DAG_RUN_ID='scheduled__2024-07-02T00:00:00+00:00'
[2024-07-03T18:57:44.336+0000] {logging_mixin.py:188} INFO - dvtobv :dag_id
[2024-07-03T18:57:44.346+0000] {logging_mixin.py:188} INFO - table: country
[2024-07-03T18:57:44.357+0000] {logging_mixin.py:188} INFO - 
 stage: sqltostaging 
 table:country
[2024-07-03T18:57:44.429+0000] {logging_mixin.py:188} INFO - 0    dvdrental
Name: sourcedbname, dtype: object 
 0    staff
Name: sourcetablename, dtype: object 
 0    public
Name: sourceschema, dtype: object
[2024-07-03T18:57:44.433+0000] {python.py:202} INFO - Done. Returned value was: None
[2024-07-03T18:57:44.457+0000] {taskinstance.py:1149} INFO - Marking task as SUCCESS. dag_id=sqltostaging, task_id=country, execution_date=20240702T000000, start_date=20240703T185743, end_date=20240703T185744
[2024-07-03T18:57:44.608+0000] {local_task_job_runner.py:234} INFO - Task exited with return code 0
[2024-07-03T18:57:44.653+0000] {taskinstance.py:3312} INFO - 0 downstream tasks scheduled from follow-on schedule check
[2024-07-03T18:59:06.144+0000] {taskinstance.py:1979} INFO - Dependencies all met for dep_context=non-requeueable deps ti=<TaskInstance: sqltostaging.country scheduled__2024-07-02T00:00:00+00:00 [queued]>
[2024-07-03T18:59:06.168+0000] {taskinstance.py:1979} INFO - Dependencies all met for dep_context=requeueable deps ti=<TaskInstance: sqltostaging.country scheduled__2024-07-02T00:00:00+00:00 [queued]>
[2024-07-03T18:59:06.175+0000] {taskinstance.py:2193} INFO - Starting attempt 1 of 1
[2024-07-03T18:59:06.249+0000] {taskinstance.py:2217} INFO - Executing <Task(PythonOperator): country> on 2024-07-02 00:00:00+00:00
[2024-07-03T18:59:06.263+0000] {standard_task_runner.py:60} INFO - Started process 91 to run task
[2024-07-03T18:59:06.271+0000] {standard_task_runner.py:87} INFO - Running: ['***', 'tasks', 'run', 'sqltostaging', 'country', 'scheduled__2024-07-02T00:00:00+00:00', '--job-id', '4', '--raw', '--subdir', 'DAGS_FOLDER/dag.py', '--cfg-path', '/tmp/tmps_err4dk']
[2024-07-03T18:59:06.314+0000] {standard_task_runner.py:88} INFO - Job 4: Subtask country
[2024-07-03T18:59:06.520+0000] {task_command.py:423} INFO - Running <TaskInstance: sqltostaging.country scheduled__2024-07-02T00:00:00+00:00 [running]> on host 1eca196ca799
[2024-07-03T18:59:06.677+0000] {taskinstance.py:2513} INFO - Exporting env vars: AIRFLOW_CTX_DAG_OWNER='***' AIRFLOW_CTX_DAG_ID='sqltostaging' AIRFLOW_CTX_TASK_ID='country' AIRFLOW_CTX_EXECUTION_DATE='2024-07-02T00:00:00+00:00' AIRFLOW_CTX_TRY_NUMBER='1' AIRFLOW_CTX_DAG_RUN_ID='scheduled__2024-07-02T00:00:00+00:00'
[2024-07-03T18:59:06.695+0000] {logging_mixin.py:188} INFO - dvtobv :dag_id
[2024-07-03T18:59:06.697+0000] {logging_mixin.py:188} INFO - table: country
[2024-07-03T18:59:06.698+0000] {logging_mixin.py:188} INFO - 
 stage: sqltostaging 
 table:country
[2024-07-03T18:59:07.723+0000] {taskinstance.py:2731} ERROR - Task failed with exception
Traceback (most recent call last):
  File "/home/airflow/.local/lib/python3.8/site-packages/airflow/models/taskinstance.py", line 444, in _execute_task
    result = _execute_callable(context=context, **execute_callable_kwargs)
  File "/home/airflow/.local/lib/python3.8/site-packages/airflow/models/taskinstance.py", line 414, in _execute_callable
    return execute_callable(context=context, **execute_callable_kwargs)
  File "/home/airflow/.local/lib/python3.8/site-packages/airflow/operators/python.py", line 200, in execute
    return_value = self.execute_callable()
  File "/home/airflow/.local/lib/python3.8/site-packages/airflow/operators/python.py", line 217, in execute_callable
    return self.python_callable(*self.op_args, **self.op_kwargs)
  File "/opt/airflow/dags/dag.py", line 22, in process_table
    return  execute(table, stage)
  File "/app/main.py", line 25, in execute
    SqlToStaging().create_full().some_function(stage, table)
  File "/app/concretestage/SQLToStaging.py", line 30, in some_function
    df = get_data_from_conf_table(f"{table}", f"{stage}")
  File "/app/myFramework/utils/utils.py", line 142, in get_data_from_conf_table
    df.columns = [desc[0] for desc in cur.description]
  File "/home/airflow/.local/lib/python3.8/site-packages/pandas/core/generic.py", line 6002, in __setattr__
    return object.__setattr__(self, name, value)
  File "pandas/_libs/properties.pyx", line 69, in pandas._libs.properties.AxisProperty.__set__
  File "/home/airflow/.local/lib/python3.8/site-packages/pandas/core/generic.py", line 730, in _set_axis
    self._mgr.set_axis(axis, labels)
  File "/home/airflow/.local/lib/python3.8/site-packages/pandas/core/internals/managers.py", line 225, in set_axis
    self._validate_set_axis(axis, new_labels)
  File "/home/airflow/.local/lib/python3.8/site-packages/pandas/core/internals/base.py", line 70, in _validate_set_axis
    raise ValueError(
ValueError: Length mismatch: Expected axis has 0 elements, new values have 15 elements
[2024-07-03T18:59:07.739+0000] {taskinstance.py:1149} INFO - Marking task as FAILED. dag_id=sqltostaging, task_id=country, execution_date=20240702T000000, start_date=20240703T185906, end_date=20240703T185907
[2024-07-03T18:59:07.749+0000] {standard_task_runner.py:107} ERROR - Failed to execute job 4 for task country (Length mismatch: Expected axis has 0 elements, new values have 15 elements; 91)
[2024-07-03T18:59:07.772+0000] {local_task_job_runner.py:234} INFO - Task exited with return code 1
[2024-07-03T18:59:07.829+0000] {taskinstance.py:3312} INFO - 0 downstream tasks scheduled from follow-on schedule check
[2024-07-03T19:04:28.959+0000] {taskinstance.py:1979} INFO - Dependencies all met for dep_context=non-requeueable deps ti=<TaskInstance: sqltostaging.country scheduled__2024-07-02T00:00:00+00:00 [queued]>
[2024-07-03T19:04:28.977+0000] {taskinstance.py:1979} INFO - Dependencies all met for dep_context=requeueable deps ti=<TaskInstance: sqltostaging.country scheduled__2024-07-02T00:00:00+00:00 [queued]>
[2024-07-03T19:04:28.979+0000] {taskinstance.py:2193} INFO - Starting attempt 1 of 1
[2024-07-03T19:04:29.008+0000] {taskinstance.py:2217} INFO - Executing <Task(PythonOperator): country> on 2024-07-02 00:00:00+00:00
[2024-07-03T19:04:29.032+0000] {standard_task_runner.py:60} INFO - Started process 104 to run task
[2024-07-03T19:04:29.037+0000] {standard_task_runner.py:87} INFO - Running: ['***', 'tasks', 'run', 'sqltostaging', 'country', 'scheduled__2024-07-02T00:00:00+00:00', '--job-id', '3', '--raw', '--subdir', 'DAGS_FOLDER/dag.py', '--cfg-path', '/tmp/tmpykposdp7']
[2024-07-03T19:04:29.041+0000] {standard_task_runner.py:88} INFO - Job 3: Subtask country
[2024-07-03T19:04:29.209+0000] {task_command.py:423} INFO - Running <TaskInstance: sqltostaging.country scheduled__2024-07-02T00:00:00+00:00 [running]> on host 1e717689b816
[2024-07-03T19:04:29.668+0000] {taskinstance.py:2513} INFO - Exporting env vars: AIRFLOW_CTX_DAG_OWNER='***' AIRFLOW_CTX_DAG_ID='sqltostaging' AIRFLOW_CTX_TASK_ID='country' AIRFLOW_CTX_EXECUTION_DATE='2024-07-02T00:00:00+00:00' AIRFLOW_CTX_TRY_NUMBER='1' AIRFLOW_CTX_DAG_RUN_ID='scheduled__2024-07-02T00:00:00+00:00'
[2024-07-03T19:04:29.678+0000] {logging_mixin.py:188} INFO - dvtobv :dag_id
[2024-07-03T19:04:29.682+0000] {logging_mixin.py:188} INFO - table: country
[2024-07-03T19:04:29.686+0000] {logging_mixin.py:188} INFO - 
 stage: sqltostaging 
 table:country
[2024-07-03T19:04:31.413+0000] {taskinstance.py:2731} ERROR - Task failed with exception
Traceback (most recent call last):
  File "/home/airflow/.local/lib/python3.8/site-packages/airflow/models/taskinstance.py", line 444, in _execute_task
    result = _execute_callable(context=context, **execute_callable_kwargs)
  File "/home/airflow/.local/lib/python3.8/site-packages/airflow/models/taskinstance.py", line 414, in _execute_callable
    return execute_callable(context=context, **execute_callable_kwargs)
  File "/home/airflow/.local/lib/python3.8/site-packages/airflow/operators/python.py", line 200, in execute
    return_value = self.execute_callable()
  File "/home/airflow/.local/lib/python3.8/site-packages/airflow/operators/python.py", line 217, in execute_callable
    return self.python_callable(*self.op_args, **self.op_kwargs)
  File "/opt/airflow/dags/dag.py", line 22, in process_table
    return  execute(table, stage)
  File "/app/main.py", line 25, in execute
    SqlToStaging().create_full().some_function(table, stage)
  File "/app/concretestage/SQLToStaging.py", line 30, in some_function
    df = get_data_from_conf_table(f"{table}", f"{stage}")
  File "/app/myFramework/utils/utils.py", line 142, in get_data_from_conf_table
    df.columns = [desc[0] for desc in cur.description]
  File "/home/airflow/.local/lib/python3.8/site-packages/pandas/core/generic.py", line 6002, in __setattr__
    return object.__setattr__(self, name, value)
  File "pandas/_libs/properties.pyx", line 69, in pandas._libs.properties.AxisProperty.__set__
  File "/home/airflow/.local/lib/python3.8/site-packages/pandas/core/generic.py", line 730, in _set_axis
    self._mgr.set_axis(axis, labels)
  File "/home/airflow/.local/lib/python3.8/site-packages/pandas/core/internals/managers.py", line 225, in set_axis
    self._validate_set_axis(axis, new_labels)
  File "/home/airflow/.local/lib/python3.8/site-packages/pandas/core/internals/base.py", line 70, in _validate_set_axis
    raise ValueError(
ValueError: Length mismatch: Expected axis has 0 elements, new values have 15 elements
[2024-07-03T19:04:31.444+0000] {taskinstance.py:1149} INFO - Marking task as FAILED. dag_id=sqltostaging, task_id=country, execution_date=20240702T000000, start_date=20240703T190428, end_date=20240703T190431
[2024-07-03T19:04:31.478+0000] {standard_task_runner.py:107} ERROR - Failed to execute job 3 for task country (Length mismatch: Expected axis has 0 elements, new values have 15 elements; 104)
[2024-07-03T19:04:31.535+0000] {local_task_job_runner.py:234} INFO - Task exited with return code 1
[2024-07-03T19:04:31.603+0000] {taskinstance.py:3312} INFO - 0 downstream tasks scheduled from follow-on schedule check
[2024-07-03T19:07:23.687+0000] {taskinstance.py:1979} INFO - Dependencies all met for dep_context=non-requeueable deps ti=<TaskInstance: sqltostaging.country scheduled__2024-07-02T00:00:00+00:00 [queued]>
[2024-07-03T19:07:23.706+0000] {taskinstance.py:1979} INFO - Dependencies all met for dep_context=requeueable deps ti=<TaskInstance: sqltostaging.country scheduled__2024-07-02T00:00:00+00:00 [queued]>
[2024-07-03T19:07:23.712+0000] {taskinstance.py:2193} INFO - Starting attempt 1 of 1
[2024-07-03T19:07:23.753+0000] {taskinstance.py:2217} INFO - Executing <Task(PythonOperator): country> on 2024-07-02 00:00:00+00:00
[2024-07-03T19:07:23.771+0000] {standard_task_runner.py:60} INFO - Started process 108 to run task
[2024-07-03T19:07:23.843+0000] {standard_task_runner.py:87} INFO - Running: ['***', 'tasks', 'run', 'sqltostaging', 'country', 'scheduled__2024-07-02T00:00:00+00:00', '--job-id', '11', '--raw', '--subdir', 'DAGS_FOLDER/dag.py', '--cfg-path', '/tmp/tmphhghcl0h']
[2024-07-03T19:07:23.869+0000] {standard_task_runner.py:88} INFO - Job 11: Subtask country
[2024-07-03T19:07:24.060+0000] {task_command.py:423} INFO - Running <TaskInstance: sqltostaging.country scheduled__2024-07-02T00:00:00+00:00 [running]> on host 543ad6da9cd9
[2024-07-03T19:07:25.260+0000] {taskinstance.py:2513} INFO - Exporting env vars: AIRFLOW_CTX_DAG_OWNER='***' AIRFLOW_CTX_DAG_ID='sqltostaging' AIRFLOW_CTX_TASK_ID='country' AIRFLOW_CTX_EXECUTION_DATE='2024-07-02T00:00:00+00:00' AIRFLOW_CTX_TRY_NUMBER='1' AIRFLOW_CTX_DAG_RUN_ID='scheduled__2024-07-02T00:00:00+00:00'
[2024-07-03T19:07:25.263+0000] {logging_mixin.py:188} INFO - dvtobv :dag_id
[2024-07-03T19:07:25.264+0000] {logging_mixin.py:188} INFO - table: country
[2024-07-03T19:07:25.265+0000] {logging_mixin.py:188} INFO - 
 stage: sqltostaging 
 table:country
[2024-07-03T19:07:25.285+0000] {taskinstance.py:2731} ERROR - Task failed with exception
Traceback (most recent call last):
  File "/home/airflow/.local/lib/python3.8/site-packages/airflow/models/taskinstance.py", line 444, in _execute_task
    result = _execute_callable(context=context, **execute_callable_kwargs)
  File "/home/airflow/.local/lib/python3.8/site-packages/airflow/models/taskinstance.py", line 414, in _execute_callable
    return execute_callable(context=context, **execute_callable_kwargs)
  File "/home/airflow/.local/lib/python3.8/site-packages/airflow/operators/python.py", line 200, in execute
    return_value = self.execute_callable()
  File "/home/airflow/.local/lib/python3.8/site-packages/airflow/operators/python.py", line 217, in execute_callable
    return self.python_callable(*self.op_args, **self.op_kwargs)
  File "/opt/airflow/dags/dag.py", line 22, in process_table
    return  execute(table, stage)
  File "/app/main.py", line 25, in execute
    SqlToStaging().create_full().some_function(table, stage)
  File "/app/concretestage/SQLToStaging.py", line 30, in some_function
    df = get_data_from_conf_table(f"{table}", f"{stage}")
  File "/app/myFramework/utils/utils.py", line 142, in get_data_from_conf_table
    df.columns = [desc[0] for desc in cur.description]
  File "/home/airflow/.local/lib/python3.8/site-packages/pandas/core/generic.py", line 6002, in __setattr__
    return object.__setattr__(self, name, value)
  File "pandas/_libs/properties.pyx", line 69, in pandas._libs.properties.AxisProperty.__set__
  File "/home/airflow/.local/lib/python3.8/site-packages/pandas/core/generic.py", line 730, in _set_axis
    self._mgr.set_axis(axis, labels)
  File "/home/airflow/.local/lib/python3.8/site-packages/pandas/core/internals/managers.py", line 225, in set_axis
    self._validate_set_axis(axis, new_labels)
  File "/home/airflow/.local/lib/python3.8/site-packages/pandas/core/internals/base.py", line 70, in _validate_set_axis
    raise ValueError(
ValueError: Length mismatch: Expected axis has 0 elements, new values have 15 elements
[2024-07-03T19:07:25.309+0000] {taskinstance.py:1149} INFO - Marking task as FAILED. dag_id=sqltostaging, task_id=country, execution_date=20240702T000000, start_date=20240703T190723, end_date=20240703T190725
[2024-07-03T19:07:25.327+0000] {standard_task_runner.py:107} ERROR - Failed to execute job 11 for task country (Length mismatch: Expected axis has 0 elements, new values have 15 elements; 108)
[2024-07-03T19:07:25.359+0000] {local_task_job_runner.py:234} INFO - Task exited with return code 1
[2024-07-03T19:07:25.409+0000] {taskinstance.py:3312} INFO - 0 downstream tasks scheduled from follow-on schedule check
[2024-07-03T19:11:45.106+0000] {taskinstance.py:1979} INFO - Dependencies all met for dep_context=non-requeueable deps ti=<TaskInstance: sqltostaging.country scheduled__2024-07-02T00:00:00+00:00 [queued]>
[2024-07-03T19:11:45.154+0000] {taskinstance.py:1979} INFO - Dependencies all met for dep_context=requeueable deps ti=<TaskInstance: sqltostaging.country scheduled__2024-07-02T00:00:00+00:00 [queued]>
[2024-07-03T19:11:45.157+0000] {taskinstance.py:2193} INFO - Starting attempt 1 of 1
[2024-07-03T19:11:45.204+0000] {taskinstance.py:2217} INFO - Executing <Task(PythonOperator): country> on 2024-07-02 00:00:00+00:00
[2024-07-03T19:11:45.220+0000] {standard_task_runner.py:60} INFO - Started process 133 to run task
[2024-07-03T19:11:45.230+0000] {standard_task_runner.py:87} INFO - Running: ['***', 'tasks', 'run', 'sqltostaging', 'country', 'scheduled__2024-07-02T00:00:00+00:00', '--job-id', '17', '--raw', '--subdir', 'DAGS_FOLDER/dag.py', '--cfg-path', '/tmp/tmp24e3t0k8']
[2024-07-03T19:11:45.237+0000] {standard_task_runner.py:88} INFO - Job 17: Subtask country
[2024-07-03T19:11:45.414+0000] {task_command.py:423} INFO - Running <TaskInstance: sqltostaging.country scheduled__2024-07-02T00:00:00+00:00 [running]> on host 7c298ace0001
[2024-07-03T19:11:46.591+0000] {taskinstance.py:2513} INFO - Exporting env vars: AIRFLOW_CTX_DAG_OWNER='***' AIRFLOW_CTX_DAG_ID='sqltostaging' AIRFLOW_CTX_TASK_ID='country' AIRFLOW_CTX_EXECUTION_DATE='2024-07-02T00:00:00+00:00' AIRFLOW_CTX_TRY_NUMBER='1' AIRFLOW_CTX_DAG_RUN_ID='scheduled__2024-07-02T00:00:00+00:00'
[2024-07-03T19:11:46.594+0000] {logging_mixin.py:188} INFO - dvtobv :dag_id
[2024-07-03T19:11:46.596+0000] {logging_mixin.py:188} INFO - table: country
[2024-07-03T19:11:46.598+0000] {logging_mixin.py:188} INFO - 
 stage: sqltostaging 
 table:country
[2024-07-03T19:11:46.599+0000] {logging_mixin.py:188} INFO - country sqltostaging
[2024-07-03T19:11:46.643+0000] {taskinstance.py:2731} ERROR - Task failed with exception
Traceback (most recent call last):
  File "/home/airflow/.local/lib/python3.8/site-packages/airflow/models/taskinstance.py", line 444, in _execute_task
    result = _execute_callable(context=context, **execute_callable_kwargs)
  File "/home/airflow/.local/lib/python3.8/site-packages/airflow/models/taskinstance.py", line 414, in _execute_callable
    return execute_callable(context=context, **execute_callable_kwargs)
  File "/home/airflow/.local/lib/python3.8/site-packages/airflow/operators/python.py", line 200, in execute
    return_value = self.execute_callable()
  File "/home/airflow/.local/lib/python3.8/site-packages/airflow/operators/python.py", line 217, in execute_callable
    return self.python_callable(*self.op_args, **self.op_kwargs)
  File "/opt/airflow/dags/dag.py", line 22, in process_table
    return  execute(table, stage)
  File "/app/main.py", line 25, in execute
    SqlToStaging().create_full().some_function(table, stage)
  File "/app/concretestage/SQLToStaging.py", line 30, in some_function
    df = get_data_from_conf_table(f"{table}", f"{stage}")
  File "/app/myFramework/utils/utils.py", line 142, in get_data_from_conf_table
    df.columns = [desc[0] for desc in cur.description]
  File "/home/airflow/.local/lib/python3.8/site-packages/pandas/core/generic.py", line 6002, in __setattr__
    return object.__setattr__(self, name, value)
  File "pandas/_libs/properties.pyx", line 69, in pandas._libs.properties.AxisProperty.__set__
  File "/home/airflow/.local/lib/python3.8/site-packages/pandas/core/generic.py", line 730, in _set_axis
    self._mgr.set_axis(axis, labels)
  File "/home/airflow/.local/lib/python3.8/site-packages/pandas/core/internals/managers.py", line 225, in set_axis
    self._validate_set_axis(axis, new_labels)
  File "/home/airflow/.local/lib/python3.8/site-packages/pandas/core/internals/base.py", line 70, in _validate_set_axis
    raise ValueError(
ValueError: Length mismatch: Expected axis has 0 elements, new values have 15 elements
[2024-07-03T19:11:46.665+0000] {taskinstance.py:1149} INFO - Marking task as FAILED. dag_id=sqltostaging, task_id=country, execution_date=20240702T000000, start_date=20240703T191145, end_date=20240703T191146
[2024-07-03T19:11:46.679+0000] {standard_task_runner.py:107} ERROR - Failed to execute job 17 for task country (Length mismatch: Expected axis has 0 elements, new values have 15 elements; 133)
[2024-07-03T19:11:46.753+0000] {local_task_job_runner.py:234} INFO - Task exited with return code 1
[2024-07-03T19:11:46.823+0000] {taskinstance.py:3312} INFO - 0 downstream tasks scheduled from follow-on schedule check
[2024-07-03T19:17:15.721+0000] {taskinstance.py:1979} INFO - Dependencies all met for dep_context=non-requeueable deps ti=<TaskInstance: sqltostaging.country scheduled__2024-07-02T00:00:00+00:00 [queued]>
[2024-07-03T19:17:15.747+0000] {taskinstance.py:1979} INFO - Dependencies all met for dep_context=requeueable deps ti=<TaskInstance: sqltostaging.country scheduled__2024-07-02T00:00:00+00:00 [queued]>
[2024-07-03T19:17:15.757+0000] {taskinstance.py:2193} INFO - Starting attempt 1 of 1
[2024-07-03T19:17:15.815+0000] {taskinstance.py:2217} INFO - Executing <Task(PythonOperator): country> on 2024-07-02 00:00:00+00:00
[2024-07-03T19:17:15.833+0000] {standard_task_runner.py:60} INFO - Started process 101 to run task
[2024-07-03T19:17:15.846+0000] {standard_task_runner.py:87} INFO - Running: ['***', 'tasks', 'run', 'sqltostaging', 'country', 'scheduled__2024-07-02T00:00:00+00:00', '--job-id', '10', '--raw', '--subdir', 'DAGS_FOLDER/dag.py', '--cfg-path', '/tmp/tmpbvowq1bv']
[2024-07-03T19:17:15.888+0000] {standard_task_runner.py:88} INFO - Job 10: Subtask country
[2024-07-03T19:17:16.050+0000] {task_command.py:423} INFO - Running <TaskInstance: sqltostaging.country scheduled__2024-07-02T00:00:00+00:00 [running]> on host 55c1c604b2f4
[2024-07-03T19:17:16.232+0000] {taskinstance.py:2513} INFO - Exporting env vars: AIRFLOW_CTX_DAG_OWNER='***' AIRFLOW_CTX_DAG_ID='sqltostaging' AIRFLOW_CTX_TASK_ID='country' AIRFLOW_CTX_EXECUTION_DATE='2024-07-02T00:00:00+00:00' AIRFLOW_CTX_TRY_NUMBER='1' AIRFLOW_CTX_DAG_RUN_ID='scheduled__2024-07-02T00:00:00+00:00'
[2024-07-03T19:17:16.263+0000] {logging_mixin.py:188} INFO - dvtobv :dag_id
[2024-07-03T19:17:16.264+0000] {logging_mixin.py:188} INFO - table: country
[2024-07-03T19:17:16.266+0000] {logging_mixin.py:188} INFO - 
 stage: sqltostaging 
 table:country
[2024-07-03T19:17:16.266+0000] {logging_mixin.py:188} INFO - country sqltostaging
[2024-07-03T19:17:16.270+0000] {logging_mixin.py:188} INFO - sqltostaging country
[2024-07-03T19:17:16.270+0000] {python.py:202} INFO - Done. Returned value was: None
[2024-07-03T19:17:17.081+0000] {taskinstance.py:1149} INFO - Marking task as SUCCESS. dag_id=sqltostaging, task_id=country, execution_date=20240702T000000, start_date=20240703T191715, end_date=20240703T191717
[2024-07-03T19:17:17.149+0000] {local_task_job_runner.py:234} INFO - Task exited with return code 0
[2024-07-03T19:17:17.261+0000] {taskinstance.py:3312} INFO - 0 downstream tasks scheduled from follow-on schedule check
[2024-07-03T19:21:11.473+0000] {taskinstance.py:1979} INFO - Dependencies all met for dep_context=non-requeueable deps ti=<TaskInstance: sqltostaging.country scheduled__2024-07-02T00:00:00+00:00 [queued]>
[2024-07-03T19:21:11.517+0000] {taskinstance.py:1979} INFO - Dependencies all met for dep_context=requeueable deps ti=<TaskInstance: sqltostaging.country scheduled__2024-07-02T00:00:00+00:00 [queued]>
[2024-07-03T19:21:11.520+0000] {taskinstance.py:2193} INFO - Starting attempt 1 of 1
[2024-07-03T19:21:11.560+0000] {taskinstance.py:2217} INFO - Executing <Task(PythonOperator): country> on 2024-07-02 00:00:00+00:00
[2024-07-03T19:21:11.579+0000] {standard_task_runner.py:60} INFO - Started process 102 to run task
[2024-07-03T19:21:11.587+0000] {standard_task_runner.py:87} INFO - Running: ['***', 'tasks', 'run', 'sqltostaging', 'country', 'scheduled__2024-07-02T00:00:00+00:00', '--job-id', '15', '--raw', '--subdir', 'DAGS_FOLDER/dag.py', '--cfg-path', '/tmp/tmpq7m7w6nm']
[2024-07-03T19:21:11.603+0000] {standard_task_runner.py:88} INFO - Job 15: Subtask country
[2024-07-03T19:21:11.780+0000] {task_command.py:423} INFO - Running <TaskInstance: sqltostaging.country scheduled__2024-07-02T00:00:00+00:00 [running]> on host 048fbe570e70
[2024-07-03T19:21:12.047+0000] {taskinstance.py:2513} INFO - Exporting env vars: AIRFLOW_CTX_DAG_OWNER='***' AIRFLOW_CTX_DAG_ID='sqltostaging' AIRFLOW_CTX_TASK_ID='country' AIRFLOW_CTX_EXECUTION_DATE='2024-07-02T00:00:00+00:00' AIRFLOW_CTX_TRY_NUMBER='1' AIRFLOW_CTX_DAG_RUN_ID='scheduled__2024-07-02T00:00:00+00:00'
[2024-07-03T19:21:12.055+0000] {logging_mixin.py:188} INFO - dvtobv :dag_id
[2024-07-03T19:21:12.063+0000] {logging_mixin.py:188} INFO - table: country
[2024-07-03T19:21:12.065+0000] {logging_mixin.py:188} INFO - 
 stage: sqltostaging 
 table:country
[2024-07-03T19:21:12.067+0000] {logging_mixin.py:188} INFO - country sqltostaging
[2024-07-03T19:21:12.072+0000] {logging_mixin.py:188} INFO - sqltostaging country
[2024-07-03T19:21:12.075+0000] {logging_mixin.py:188} INFO - select *  from etlconf.Etl_Process_Mapping where SourceTableName = 'sqltostaging' and Stage = 'country'
[2024-07-03T19:21:12.921+0000] {taskinstance.py:2731} ERROR - Task failed with exception
Traceback (most recent call last):
  File "/home/airflow/.local/lib/python3.8/site-packages/airflow/models/taskinstance.py", line 444, in _execute_task
    result = _execute_callable(context=context, **execute_callable_kwargs)
  File "/home/airflow/.local/lib/python3.8/site-packages/airflow/models/taskinstance.py", line 414, in _execute_callable
    return execute_callable(context=context, **execute_callable_kwargs)
  File "/home/airflow/.local/lib/python3.8/site-packages/airflow/operators/python.py", line 200, in execute
    return_value = self.execute_callable()
  File "/home/airflow/.local/lib/python3.8/site-packages/airflow/operators/python.py", line 217, in execute_callable
    return self.python_callable(*self.op_args, **self.op_kwargs)
  File "/opt/airflow/dags/dag.py", line 22, in process_table
    return  execute(table, stage)
  File "/app/main.py", line 25, in execute
    SqlToStaging().create_full().some_function(table, stage)
  File "/app/concretestage/SQLToStaging.py", line 31, in some_function
    df = get_data_from_conf_table(f"{table}", f"{stage}")
  File "/app/myFramework/utils/utils.py", line 143, in get_data_from_conf_table
    df.columns = [desc[0] for desc in cur.description]
  File "/home/airflow/.local/lib/python3.8/site-packages/pandas/core/generic.py", line 6002, in __setattr__
    return object.__setattr__(self, name, value)
  File "pandas/_libs/properties.pyx", line 69, in pandas._libs.properties.AxisProperty.__set__
  File "/home/airflow/.local/lib/python3.8/site-packages/pandas/core/generic.py", line 730, in _set_axis
    self._mgr.set_axis(axis, labels)
  File "/home/airflow/.local/lib/python3.8/site-packages/pandas/core/internals/managers.py", line 225, in set_axis
    self._validate_set_axis(axis, new_labels)
  File "/home/airflow/.local/lib/python3.8/site-packages/pandas/core/internals/base.py", line 70, in _validate_set_axis
    raise ValueError(
ValueError: Length mismatch: Expected axis has 0 elements, new values have 15 elements
[2024-07-03T19:21:12.951+0000] {taskinstance.py:1149} INFO - Marking task as FAILED. dag_id=sqltostaging, task_id=country, execution_date=20240702T000000, start_date=20240703T192111, end_date=20240703T192112
[2024-07-03T19:21:12.978+0000] {standard_task_runner.py:107} ERROR - Failed to execute job 15 for task country (Length mismatch: Expected axis has 0 elements, new values have 15 elements; 102)
[2024-07-03T19:21:13.022+0000] {local_task_job_runner.py:234} INFO - Task exited with return code 1
[2024-07-03T19:21:13.071+0000] {taskinstance.py:3312} INFO - 0 downstream tasks scheduled from follow-on schedule check
[2024-07-03T19:27:20.726+0000] {taskinstance.py:1979} INFO - Dependencies all met for dep_context=non-requeueable deps ti=<TaskInstance: sqltostaging.country scheduled__2024-07-02T00:00:00+00:00 [queued]>
[2024-07-03T19:27:20.764+0000] {taskinstance.py:1979} INFO - Dependencies all met for dep_context=requeueable deps ti=<TaskInstance: sqltostaging.country scheduled__2024-07-02T00:00:00+00:00 [queued]>
[2024-07-03T19:27:20.771+0000] {taskinstance.py:2193} INFO - Starting attempt 1 of 1
[2024-07-03T19:27:20.810+0000] {taskinstance.py:2217} INFO - Executing <Task(PythonOperator): country> on 2024-07-02 00:00:00+00:00
[2024-07-03T19:27:20.844+0000] {standard_task_runner.py:87} INFO - Running: ['***', 'tasks', 'run', 'sqltostaging', 'country', 'scheduled__2024-07-02T00:00:00+00:00', '--job-id', '11', '--raw', '--subdir', 'DAGS_FOLDER/dag.py', '--cfg-path', '/tmp/tmp3tmvt1qq']
[2024-07-03T19:27:20.862+0000] {standard_task_runner.py:88} INFO - Job 11: Subtask country
[2024-07-03T19:27:20.836+0000] {standard_task_runner.py:60} INFO - Started process 101 to run task
[2024-07-03T19:27:20.971+0000] {task_command.py:423} INFO - Running <TaskInstance: sqltostaging.country scheduled__2024-07-02T00:00:00+00:00 [running]> on host be8a642b7fa1
[2024-07-03T19:27:21.714+0000] {taskinstance.py:2513} INFO - Exporting env vars: AIRFLOW_CTX_DAG_OWNER='***' AIRFLOW_CTX_DAG_ID='sqltostaging' AIRFLOW_CTX_TASK_ID='country' AIRFLOW_CTX_EXECUTION_DATE='2024-07-02T00:00:00+00:00' AIRFLOW_CTX_TRY_NUMBER='1' AIRFLOW_CTX_DAG_RUN_ID='scheduled__2024-07-02T00:00:00+00:00'
[2024-07-03T19:27:21.734+0000] {logging_mixin.py:188} INFO - dvtobv :dag_id
[2024-07-03T19:27:21.740+0000] {logging_mixin.py:188} INFO - table: country
[2024-07-03T19:27:21.748+0000] {logging_mixin.py:188} INFO - 
 stage: sqltostaging 
 table:country
[2024-07-03T19:27:21.772+0000] {logging_mixin.py:188} INFO - select *  from etlconf.Etl_Process_Mapping where SourceTableName = 'staff' and Stage = 'sqltostaging'
[2024-07-03T19:27:21.899+0000] {taskinstance.py:2731} ERROR - Task failed with exception
Traceback (most recent call last):
  File "/home/airflow/.local/lib/python3.8/site-packages/airflow/models/taskinstance.py", line 444, in _execute_task
    result = _execute_callable(context=context, **execute_callable_kwargs)
  File "/home/airflow/.local/lib/python3.8/site-packages/airflow/models/taskinstance.py", line 414, in _execute_callable
    return execute_callable(context=context, **execute_callable_kwargs)
  File "/home/airflow/.local/lib/python3.8/site-packages/airflow/operators/python.py", line 200, in execute
    return_value = self.execute_callable()
  File "/home/airflow/.local/lib/python3.8/site-packages/airflow/operators/python.py", line 217, in execute_callable
    return self.python_callable(*self.op_args, **self.op_kwargs)
  File "/opt/airflow/dags/dag.py", line 22, in process_table
    return  execute(table, stage)
  File "/app/main.py", line 25, in execute
    SqlToStaging().create_full().some_function(table, stage)
  File "/app/concretestage/SQLToStaging.py", line 31, in some_function
    df = get_data_from_conf_table("staff", "sqltostaging")
  File "/app/myFramework/utils/utils.py", line 143, in get_data_from_conf_table
    df.columns = [desc[0] for desc in cur.description]
  File "/home/airflow/.local/lib/python3.8/site-packages/pandas/core/generic.py", line 6002, in __setattr__
    return object.__setattr__(self, name, value)
  File "pandas/_libs/properties.pyx", line 69, in pandas._libs.properties.AxisProperty.__set__
  File "/home/airflow/.local/lib/python3.8/site-packages/pandas/core/generic.py", line 730, in _set_axis
    self._mgr.set_axis(axis, labels)
  File "/home/airflow/.local/lib/python3.8/site-packages/pandas/core/internals/managers.py", line 225, in set_axis
    self._validate_set_axis(axis, new_labels)
  File "/home/airflow/.local/lib/python3.8/site-packages/pandas/core/internals/base.py", line 70, in _validate_set_axis
    raise ValueError(
ValueError: Length mismatch: Expected axis has 0 elements, new values have 15 elements
[2024-07-03T19:27:21.945+0000] {taskinstance.py:1149} INFO - Marking task as FAILED. dag_id=sqltostaging, task_id=country, execution_date=20240702T000000, start_date=20240703T192720, end_date=20240703T192721
[2024-07-03T19:27:21.968+0000] {standard_task_runner.py:107} ERROR - Failed to execute job 11 for task country (Length mismatch: Expected axis has 0 elements, new values have 15 elements; 101)
[2024-07-03T19:27:22.022+0000] {local_task_job_runner.py:234} INFO - Task exited with return code 1
[2024-07-03T19:27:22.059+0000] {taskinstance.py:3312} INFO - 0 downstream tasks scheduled from follow-on schedule check
[2024-07-03T19:31:15.785+0000] {taskinstance.py:1979} INFO - Dependencies all met for dep_context=non-requeueable deps ti=<TaskInstance: SqlToStaging.country scheduled__2024-07-02T00:00:00+00:00 [queued]>
[2024-07-03T19:31:15.807+0000] {taskinstance.py:1979} INFO - Dependencies all met for dep_context=requeueable deps ti=<TaskInstance: SqlToStaging.country scheduled__2024-07-02T00:00:00+00:00 [queued]>
[2024-07-03T19:31:15.810+0000] {taskinstance.py:2193} INFO - Starting attempt 1 of 1
[2024-07-03T19:31:15.884+0000] {taskinstance.py:2217} INFO - Executing <Task(PythonOperator): country> on 2024-07-02 00:00:00+00:00
[2024-07-03T19:31:15.908+0000] {standard_task_runner.py:60} INFO - Started process 96 to run task
[2024-07-03T19:31:15.914+0000] {standard_task_runner.py:87} INFO - Running: ['***', 'tasks', 'run', 'SqlToStaging', 'country', 'scheduled__2024-07-02T00:00:00+00:00', '--job-id', '14', '--raw', '--subdir', 'DAGS_FOLDER/dag.py', '--cfg-path', '/tmp/tmplvjjy2dr']
[2024-07-03T19:31:15.928+0000] {standard_task_runner.py:88} INFO - Job 14: Subtask country
[2024-07-03T19:31:16.118+0000] {task_command.py:423} INFO - Running <TaskInstance: SqlToStaging.country scheduled__2024-07-02T00:00:00+00:00 [running]> on host 3aa24a0be289
[2024-07-03T19:31:17.002+0000] {taskinstance.py:2513} INFO - Exporting env vars: AIRFLOW_CTX_DAG_OWNER='***' AIRFLOW_CTX_DAG_ID='SqlToStaging' AIRFLOW_CTX_TASK_ID='country' AIRFLOW_CTX_EXECUTION_DATE='2024-07-02T00:00:00+00:00' AIRFLOW_CTX_TRY_NUMBER='1' AIRFLOW_CTX_DAG_RUN_ID='scheduled__2024-07-02T00:00:00+00:00'
[2024-07-03T19:31:17.005+0000] {logging_mixin.py:188} INFO - dvtobv :dag_id
[2024-07-03T19:31:17.022+0000] {logging_mixin.py:188} INFO - table: country
[2024-07-03T19:31:17.029+0000] {logging_mixin.py:188} INFO - 
 stage: SqlToStaging 
 table:country
[2024-07-03T19:31:17.031+0000] {logging_mixin.py:188} INFO - select *  from etlconf.Etl_Process_Mapping where SourceTableName = 'staff' and Stage = 'SqlToStaging'
[2024-07-03T19:31:17.104+0000] {logging_mixin.py:188} INFO - 0    dvdrental
Name: sourcedbname, dtype: object 
 0    staff
Name: sourcetablename, dtype: object 
 0    public
Name: sourceschema, dtype: object
[2024-07-03T19:31:17.106+0000] {python.py:202} INFO - Done. Returned value was: None
[2024-07-03T19:31:17.129+0000] {taskinstance.py:1149} INFO - Marking task as SUCCESS. dag_id=SqlToStaging, task_id=country, execution_date=20240702T000000, start_date=20240703T193115, end_date=20240703T193117
[2024-07-03T19:31:17.164+0000] {local_task_job_runner.py:234} INFO - Task exited with return code 0
[2024-07-03T19:31:17.210+0000] {taskinstance.py:3312} INFO - 0 downstream tasks scheduled from follow-on schedule check
[2024-07-03T19:33:30.621+0000] {taskinstance.py:1979} INFO - Dependencies all met for dep_context=non-requeueable deps ti=<TaskInstance: SqlToStaging.country scheduled__2024-07-02T00:00:00+00:00 [queued]>
[2024-07-03T19:33:30.646+0000] {taskinstance.py:1979} INFO - Dependencies all met for dep_context=requeueable deps ti=<TaskInstance: SqlToStaging.country scheduled__2024-07-02T00:00:00+00:00 [queued]>
[2024-07-03T19:33:30.648+0000] {taskinstance.py:2193} INFO - Starting attempt 1 of 1
[2024-07-03T19:33:30.680+0000] {taskinstance.py:2217} INFO - Executing <Task(PythonOperator): country> on 2024-07-02 00:00:00+00:00
[2024-07-03T19:33:30.699+0000] {standard_task_runner.py:60} INFO - Started process 92 to run task
[2024-07-03T19:33:30.712+0000] {standard_task_runner.py:87} INFO - Running: ['***', 'tasks', 'run', 'SqlToStaging', 'country', 'scheduled__2024-07-02T00:00:00+00:00', '--job-id', '7', '--raw', '--subdir', 'DAGS_FOLDER/dag.py', '--cfg-path', '/tmp/tmpuj7w7bw9']
[2024-07-03T19:33:30.719+0000] {standard_task_runner.py:88} INFO - Job 7: Subtask country
[2024-07-03T19:33:30.857+0000] {task_command.py:423} INFO - Running <TaskInstance: SqlToStaging.country scheduled__2024-07-02T00:00:00+00:00 [running]> on host 90f97448b910
[2024-07-03T19:33:31.781+0000] {taskinstance.py:2513} INFO - Exporting env vars: AIRFLOW_CTX_DAG_OWNER='***' AIRFLOW_CTX_DAG_ID='SqlToStaging' AIRFLOW_CTX_TASK_ID='country' AIRFLOW_CTX_EXECUTION_DATE='2024-07-02T00:00:00+00:00' AIRFLOW_CTX_TRY_NUMBER='1' AIRFLOW_CTX_DAG_RUN_ID='scheduled__2024-07-02T00:00:00+00:00'
[2024-07-03T19:33:31.813+0000] {logging_mixin.py:188} INFO - dvtobv :dag_id
[2024-07-03T19:33:31.821+0000] {logging_mixin.py:188} INFO - table: country
[2024-07-03T19:33:31.824+0000] {logging_mixin.py:188} INFO - 
 stage: SqlToStaging 
 table:country
[2024-07-03T19:33:31.826+0000] {logging_mixin.py:188} INFO - select *  from etlconf.Etl_Process_Mapping where SourceTableName = 'country' and Stage = 'SqlToStaging'
[2024-07-03T19:33:31.891+0000] {logging_mixin.py:188} INFO - 0    dvdrental
Name: sourcedbname, dtype: object 
 0    country
Name: sourcetablename, dtype: object 
 0    public
Name: sourceschema, dtype: object
[2024-07-03T19:33:31.894+0000] {python.py:202} INFO - Done. Returned value was: None
[2024-07-03T19:33:31.949+0000] {taskinstance.py:1149} INFO - Marking task as SUCCESS. dag_id=SqlToStaging, task_id=country, execution_date=20240702T000000, start_date=20240703T193330, end_date=20240703T193331
[2024-07-03T19:33:32.048+0000] {local_task_job_runner.py:234} INFO - Task exited with return code 0
[2024-07-03T19:33:32.070+0000] {taskinstance.py:3312} INFO - 0 downstream tasks scheduled from follow-on schedule check
[2024-07-03T19:45:39.500+0000] {taskinstance.py:1979} INFO - Dependencies all met for dep_context=non-requeueable deps ti=<TaskInstance: SqlToStaging.country scheduled__2024-07-02T00:00:00+00:00 [queued]>
[2024-07-03T19:45:39.554+0000] {taskinstance.py:1979} INFO - Dependencies all met for dep_context=requeueable deps ti=<TaskInstance: SqlToStaging.country scheduled__2024-07-02T00:00:00+00:00 [queued]>
[2024-07-03T19:45:39.556+0000] {taskinstance.py:2193} INFO - Starting attempt 1 of 1
[2024-07-03T19:45:39.588+0000] {taskinstance.py:2217} INFO - Executing <Task(PythonOperator): country> on 2024-07-02 00:00:00+00:00
[2024-07-03T19:45:39.612+0000] {standard_task_runner.py:60} INFO - Started process 150 to run task
[2024-07-03T19:45:39.626+0000] {standard_task_runner.py:87} INFO - Running: ['***', 'tasks', 'run', 'SqlToStaging', 'country', 'scheduled__2024-07-02T00:00:00+00:00', '--job-id', '16', '--raw', '--subdir', 'DAGS_FOLDER/dag.py', '--cfg-path', '/tmp/tmpcy4jvbtx']
[2024-07-03T19:45:39.642+0000] {standard_task_runner.py:88} INFO - Job 16: Subtask country
[2024-07-03T19:45:39.835+0000] {task_command.py:423} INFO - Running <TaskInstance: SqlToStaging.country scheduled__2024-07-02T00:00:00+00:00 [running]> on host 2d80eee2aa9e
[2024-07-03T19:45:41.334+0000] {taskinstance.py:2513} INFO - Exporting env vars: AIRFLOW_CTX_DAG_OWNER='***' AIRFLOW_CTX_DAG_ID='SqlToStaging' AIRFLOW_CTX_TASK_ID='country' AIRFLOW_CTX_EXECUTION_DATE='2024-07-02T00:00:00+00:00' AIRFLOW_CTX_TRY_NUMBER='1' AIRFLOW_CTX_DAG_RUN_ID='scheduled__2024-07-02T00:00:00+00:00'
[2024-07-03T19:45:41.337+0000] {logging_mixin.py:188} INFO - dvtobv :dag_id
[2024-07-03T19:45:41.337+0000] {logging_mixin.py:188} INFO - table: country
[2024-07-03T19:45:41.338+0000] {logging_mixin.py:188} INFO - 
 stage: SqlToStaging 
 table:country
[2024-07-03T19:45:41.342+0000] {logging_mixin.py:188} INFO - select *  from etlconf.Etl_Process_Mapping where SourceTableName = 'country' and Stage = 'SqlToStaging'
[2024-07-03T19:45:41.378+0000] {taskinstance.py:2731} ERROR - Task failed with exception
Traceback (most recent call last):
  File "/home/airflow/.local/lib/python3.8/site-packages/airflow/models/taskinstance.py", line 444, in _execute_task
    result = _execute_callable(context=context, **execute_callable_kwargs)
  File "/home/airflow/.local/lib/python3.8/site-packages/airflow/models/taskinstance.py", line 414, in _execute_callable
    return execute_callable(context=context, **execute_callable_kwargs)
  File "/home/airflow/.local/lib/python3.8/site-packages/airflow/operators/python.py", line 200, in execute
    return_value = self.execute_callable()
  File "/home/airflow/.local/lib/python3.8/site-packages/airflow/operators/python.py", line 217, in execute_callable
    return self.python_callable(*self.op_args, **self.op_kwargs)
  File "/opt/airflow/dags/dag.py", line 22, in process_table
    return  execute(table, stage)
  File "/app/main.py", line 25, in execute
    SqlToStaging().create_full().some_function(table, stage)
  File "/app/concretestage/SQLToStaging.py", line 32, in some_function
    sourceDF = getDF(df['sourcedbname'], df['sourcetablename'], df['sourceschema'])
  File "/app/myFramework/utils/utils.py", line 22, in getDF
    cur = conn.getCursor(source_dbname)
  File "/app/myFramework/source/posgresql/connect.py", line 6, in getCursor
    conn = psycopg2.connect(database = dbname,
  File "/home/airflow/.local/lib/python3.8/site-packages/psycopg2/__init__.py", line 122, in connect
    conn = _connect(dsn, connection_factory=connection_factory, **kwasync)
psycopg2.OperationalError: connection to server at "postgres_db" (172.28.0.5), port 9999 failed: FATAL:  database "0    dvdrental
Name: sourcedbname, dtype: object" does not exist

[2024-07-03T19:45:41.387+0000] {taskinstance.py:1149} INFO - Marking task as FAILED. dag_id=SqlToStaging, task_id=country, execution_date=20240702T000000, start_date=20240703T194539, end_date=20240703T194541
[2024-07-03T19:45:41.399+0000] {standard_task_runner.py:107} ERROR - Failed to execute job 16 for task country (connection to server at "postgres_db" (172.28.0.5), port 9999 failed: FATAL:  database "0    dvdrental
Name: sourcedbname, dtype: object" does not exist
; 150)
[2024-07-03T19:45:41.435+0000] {local_task_job_runner.py:234} INFO - Task exited with return code 1
[2024-07-03T19:45:41.452+0000] {taskinstance.py:3312} INFO - 0 downstream tasks scheduled from follow-on schedule check
[2024-07-03T19:51:24.092+0000] {taskinstance.py:1979} INFO - Dependencies all met for dep_context=non-requeueable deps ti=<TaskInstance: SqlToStaging.country scheduled__2024-07-02T00:00:00+00:00 [queued]>
[2024-07-03T19:51:24.103+0000] {taskinstance.py:1979} INFO - Dependencies all met for dep_context=requeueable deps ti=<TaskInstance: SqlToStaging.country scheduled__2024-07-02T00:00:00+00:00 [queued]>
[2024-07-03T19:51:24.104+0000] {taskinstance.py:2193} INFO - Starting attempt 1 of 1
[2024-07-03T19:51:24.139+0000] {taskinstance.py:2217} INFO - Executing <Task(PythonOperator): country> on 2024-07-02 00:00:00+00:00
[2024-07-03T19:51:24.153+0000] {standard_task_runner.py:60} INFO - Started process 93 to run task
[2024-07-03T19:51:24.174+0000] {standard_task_runner.py:87} INFO - Running: ['***', 'tasks', 'run', 'SqlToStaging', 'country', 'scheduled__2024-07-02T00:00:00+00:00', '--job-id', '11', '--raw', '--subdir', 'DAGS_FOLDER/dag.py', '--cfg-path', '/tmp/tmpaj4jx2_z']
[2024-07-03T19:51:24.192+0000] {standard_task_runner.py:88} INFO - Job 11: Subtask country
[2024-07-03T19:51:24.360+0000] {task_command.py:423} INFO - Running <TaskInstance: SqlToStaging.country scheduled__2024-07-02T00:00:00+00:00 [running]> on host f02b6fe92b0c
[2024-07-03T19:51:25.495+0000] {taskinstance.py:2513} INFO - Exporting env vars: AIRFLOW_CTX_DAG_OWNER='***' AIRFLOW_CTX_DAG_ID='SqlToStaging' AIRFLOW_CTX_TASK_ID='country' AIRFLOW_CTX_EXECUTION_DATE='2024-07-02T00:00:00+00:00' AIRFLOW_CTX_TRY_NUMBER='1' AIRFLOW_CTX_DAG_RUN_ID='scheduled__2024-07-02T00:00:00+00:00'
[2024-07-03T19:51:25.501+0000] {logging_mixin.py:188} INFO - dvtobv :dag_id
[2024-07-03T19:51:25.503+0000] {logging_mixin.py:188} INFO - table: country
[2024-07-03T19:51:25.523+0000] {logging_mixin.py:188} INFO - 
 stage: SqlToStaging 
 table:country
[2024-07-03T19:51:25.529+0000] {logging_mixin.py:188} INFO - select *  from etlconf.Etl_Process_Mapping where SourceTableName = 'country' and Stage = 'SqlToStaging'
[2024-07-03T19:51:25.623+0000] {logging_mixin.py:188} INFO - 0    dvdrental
Name: sourcedbname, dtype: object 0    country
Name: sourcetablename, dtype: object 0    public
Name: sourceschema, dtype: object
[2024-07-03T19:51:25.653+0000] {taskinstance.py:2731} ERROR - Task failed with exception
Traceback (most recent call last):
  File "/home/airflow/.local/lib/python3.8/site-packages/airflow/models/taskinstance.py", line 444, in _execute_task
    result = _execute_callable(context=context, **execute_callable_kwargs)
  File "/home/airflow/.local/lib/python3.8/site-packages/airflow/models/taskinstance.py", line 414, in _execute_callable
    return execute_callable(context=context, **execute_callable_kwargs)
  File "/home/airflow/.local/lib/python3.8/site-packages/airflow/operators/python.py", line 200, in execute
    return_value = self.execute_callable()
  File "/home/airflow/.local/lib/python3.8/site-packages/airflow/operators/python.py", line 217, in execute_callable
    return self.python_callable(*self.op_args, **self.op_kwargs)
  File "/opt/airflow/dags/dag.py", line 22, in process_table
    return  execute(table, stage)
  File "/app/main.py", line 25, in execute
    SqlToStaging().create_full().some_function(table, stage)
  File "/app/concretestage/SQLToStaging.py", line 34, in some_function
    sourceDF = getDF(df['sourcedbname'], df['sourcetablename'], df['sourceschema'])
  File "/app/myFramework/utils/utils.py", line 22, in getDF
    cur = conn.getCursor(source_dbname)
  File "/app/myFramework/source/posgresql/connect.py", line 6, in getCursor
    conn = psycopg2.connect(database = dbname,
  File "/home/airflow/.local/lib/python3.8/site-packages/psycopg2/__init__.py", line 122, in connect
    conn = _connect(dsn, connection_factory=connection_factory, **kwasync)
psycopg2.OperationalError: connection to server at "postgres_db" (172.29.0.5), port 9999 failed: FATAL:  database "0    dvdrental
Name: sourcedbname, dtype: object" does not exist

[2024-07-03T19:51:25.675+0000] {taskinstance.py:1149} INFO - Marking task as FAILED. dag_id=SqlToStaging, task_id=country, execution_date=20240702T000000, start_date=20240703T195124, end_date=20240703T195125
[2024-07-03T19:51:25.693+0000] {standard_task_runner.py:107} ERROR - Failed to execute job 11 for task country (connection to server at "postgres_db" (172.29.0.5), port 9999 failed: FATAL:  database "0    dvdrental
Name: sourcedbname, dtype: object" does not exist
; 93)
[2024-07-03T19:51:25.739+0000] {local_task_job_runner.py:234} INFO - Task exited with return code 1
[2024-07-03T19:51:25.777+0000] {taskinstance.py:3312} INFO - 0 downstream tasks scheduled from follow-on schedule check
[2024-07-03T19:57:27.492+0000] {taskinstance.py:1979} INFO - Dependencies all met for dep_context=non-requeueable deps ti=<TaskInstance: SqlToStaging.country scheduled__2024-07-02T00:00:00+00:00 [queued]>
[2024-07-03T19:57:27.548+0000] {taskinstance.py:1979} INFO - Dependencies all met for dep_context=requeueable deps ti=<TaskInstance: SqlToStaging.country scheduled__2024-07-02T00:00:00+00:00 [queued]>
[2024-07-03T19:57:27.551+0000] {taskinstance.py:2193} INFO - Starting attempt 1 of 1
[2024-07-03T19:57:27.612+0000] {taskinstance.py:2217} INFO - Executing <Task(PythonOperator): country> on 2024-07-02 00:00:00+00:00
[2024-07-03T19:57:27.625+0000] {standard_task_runner.py:87} INFO - Running: ['***', 'tasks', 'run', 'SqlToStaging', 'country', 'scheduled__2024-07-02T00:00:00+00:00', '--job-id', '4', '--raw', '--subdir', 'DAGS_FOLDER/dag.py', '--cfg-path', '/tmp/tmpftg1qh_s']
[2024-07-03T19:57:27.637+0000] {standard_task_runner.py:88} INFO - Job 4: Subtask country
[2024-07-03T19:57:27.628+0000] {standard_task_runner.py:60} INFO - Started process 91 to run task
[2024-07-03T19:57:27.784+0000] {task_command.py:423} INFO - Running <TaskInstance: SqlToStaging.country scheduled__2024-07-02T00:00:00+00:00 [running]> on host 94f9954c2898
[2024-07-03T19:57:28.099+0000] {taskinstance.py:2513} INFO - Exporting env vars: AIRFLOW_CTX_DAG_OWNER='***' AIRFLOW_CTX_DAG_ID='SqlToStaging' AIRFLOW_CTX_TASK_ID='country' AIRFLOW_CTX_EXECUTION_DATE='2024-07-02T00:00:00+00:00' AIRFLOW_CTX_TRY_NUMBER='1' AIRFLOW_CTX_DAG_RUN_ID='scheduled__2024-07-02T00:00:00+00:00'
[2024-07-03T19:57:28.129+0000] {logging_mixin.py:188} INFO - dvtobv :dag_id
[2024-07-03T19:57:28.149+0000] {logging_mixin.py:188} INFO - table: country
[2024-07-03T19:57:28.155+0000] {logging_mixin.py:188} INFO - 
 stage: SqlToStaging 
 table:country
[2024-07-03T19:57:28.159+0000] {logging_mixin.py:188} INFO - select *  from etlconf.Etl_Process_Mapping where SourceTableName = 'country' and Stage = 'SqlToStaging'
[2024-07-03T19:57:29.142+0000] {taskinstance.py:2731} ERROR - Task failed with exception
Traceback (most recent call last):
  File "/home/airflow/.local/lib/python3.8/site-packages/pandas/core/indexes/base.py", line 3653, in get_loc
    return self._engine.get_loc(casted_key)
  File "pandas/_libs/index.pyx", line 147, in pandas._libs.index.IndexEngine.get_loc
  File "pandas/_libs/index.pyx", line 176, in pandas._libs.index.IndexEngine.get_loc
  File "pandas/_libs/hashtable_class_helper.pxi", line 7080, in pandas._libs.hashtable.PyObjectHashTable.get_item
  File "pandas/_libs/hashtable_class_helper.pxi", line 7088, in pandas._libs.hashtable.PyObjectHashTable.get_item
KeyError: 'SourceSchema'

The above exception was the direct cause of the following exception:

Traceback (most recent call last):
  File "/home/airflow/.local/lib/python3.8/site-packages/airflow/models/taskinstance.py", line 444, in _execute_task
    result = _execute_callable(context=context, **execute_callable_kwargs)
  File "/home/airflow/.local/lib/python3.8/site-packages/airflow/models/taskinstance.py", line 414, in _execute_callable
    return execute_callable(context=context, **execute_callable_kwargs)
  File "/home/airflow/.local/lib/python3.8/site-packages/airflow/operators/python.py", line 200, in execute
    return_value = self.execute_callable()
  File "/home/airflow/.local/lib/python3.8/site-packages/airflow/operators/python.py", line 217, in execute_callable
    return self.python_callable(*self.op_args, **self.op_kwargs)
  File "/opt/airflow/dags/dag.py", line 22, in process_table
    return  execute(table, stage)
  File "/app/main.py", line 25, in execute
    SqlToStaging().create_full().some_function(table, stage)
  File "/app/concretestage/SQLToStaging.py", line 32, in some_function
    print(df['sourcedbname'], df['sourcetablename'], df['SourceSchema'])
  File "/home/airflow/.local/lib/python3.8/site-packages/pandas/core/frame.py", line 3761, in __getitem__
    indexer = self.columns.get_loc(key)
  File "/home/airflow/.local/lib/python3.8/site-packages/pandas/core/indexes/base.py", line 3655, in get_loc
    raise KeyError(key) from err
KeyError: 'SourceSchema'
[2024-07-03T19:57:29.159+0000] {taskinstance.py:1149} INFO - Marking task as FAILED. dag_id=SqlToStaging, task_id=country, execution_date=20240702T000000, start_date=20240703T195727, end_date=20240703T195729
[2024-07-03T19:57:29.177+0000] {standard_task_runner.py:107} ERROR - Failed to execute job 4 for task country ('SourceSchema'; 91)
[2024-07-03T19:57:29.211+0000] {local_task_job_runner.py:234} INFO - Task exited with return code 1
[2024-07-03T19:57:29.302+0000] {taskinstance.py:3312} INFO - 0 downstream tasks scheduled from follow-on schedule check
[2024-07-03T19:59:31.953+0000] {taskinstance.py:1979} INFO - Dependencies all met for dep_context=non-requeueable deps ti=<TaskInstance: SqlToStaging.country scheduled__2024-07-02T00:00:00+00:00 [queued]>
[2024-07-03T19:59:32.002+0000] {taskinstance.py:1979} INFO - Dependencies all met for dep_context=requeueable deps ti=<TaskInstance: SqlToStaging.country scheduled__2024-07-02T00:00:00+00:00 [queued]>
[2024-07-03T19:59:32.010+0000] {taskinstance.py:2193} INFO - Starting attempt 1 of 1
[2024-07-03T19:59:32.087+0000] {taskinstance.py:2217} INFO - Executing <Task(PythonOperator): country> on 2024-07-02 00:00:00+00:00
[2024-07-03T19:59:32.102+0000] {standard_task_runner.py:60} INFO - Started process 102 to run task
[2024-07-03T19:59:32.103+0000] {standard_task_runner.py:87} INFO - Running: ['***', 'tasks', 'run', 'SqlToStaging', 'country', 'scheduled__2024-07-02T00:00:00+00:00', '--job-id', '17', '--raw', '--subdir', 'DAGS_FOLDER/dag.py', '--cfg-path', '/tmp/tmph5nqw681']
[2024-07-03T19:59:32.129+0000] {standard_task_runner.py:88} INFO - Job 17: Subtask country
[2024-07-03T19:59:32.279+0000] {task_command.py:423} INFO - Running <TaskInstance: SqlToStaging.country scheduled__2024-07-02T00:00:00+00:00 [running]> on host 091922596b62
[2024-07-03T19:59:33.149+0000] {taskinstance.py:2513} INFO - Exporting env vars: AIRFLOW_CTX_DAG_OWNER='***' AIRFLOW_CTX_DAG_ID='SqlToStaging' AIRFLOW_CTX_TASK_ID='country' AIRFLOW_CTX_EXECUTION_DATE='2024-07-02T00:00:00+00:00' AIRFLOW_CTX_TRY_NUMBER='1' AIRFLOW_CTX_DAG_RUN_ID='scheduled__2024-07-02T00:00:00+00:00'
[2024-07-03T19:59:33.153+0000] {logging_mixin.py:188} INFO - dvtobv :dag_id
[2024-07-03T19:59:33.174+0000] {logging_mixin.py:188} INFO - table: country
[2024-07-03T19:59:33.192+0000] {logging_mixin.py:188} INFO - 
 stage: SqlToStaging 
 table:country
[2024-07-03T19:59:33.197+0000] {logging_mixin.py:188} INFO - select *  from etlconf.Etl_Process_Mapping where SourceTableName = 'country' and Stage = 'SqlToStaging'
[2024-07-03T19:59:33.302+0000] {logging_mixin.py:188} INFO - 0    dvdrental
Name: sourcedbname, dtype: object 0    country
Name: sourcetablename, dtype: object 0    public
Name: sourceschema, dtype: object
[2024-07-03T19:59:33.339+0000] {taskinstance.py:2731} ERROR - Task failed with exception
Traceback (most recent call last):
  File "/home/airflow/.local/lib/python3.8/site-packages/airflow/models/taskinstance.py", line 444, in _execute_task
    result = _execute_callable(context=context, **execute_callable_kwargs)
  File "/home/airflow/.local/lib/python3.8/site-packages/airflow/models/taskinstance.py", line 414, in _execute_callable
    return execute_callable(context=context, **execute_callable_kwargs)
  File "/home/airflow/.local/lib/python3.8/site-packages/airflow/operators/python.py", line 200, in execute
    return_value = self.execute_callable()
  File "/home/airflow/.local/lib/python3.8/site-packages/airflow/operators/python.py", line 217, in execute_callable
    return self.python_callable(*self.op_args, **self.op_kwargs)
  File "/opt/airflow/dags/dag.py", line 22, in process_table
    return  execute(table, stage)
  File "/app/main.py", line 25, in execute
    SqlToStaging().create_full().some_function(table, stage)
  File "/app/concretestage/SQLToStaging.py", line 34, in some_function
    sourceDF = getDF(df['sourcedbname'], df['sourcetablename'], df['sourceschema'])
  File "/app/myFramework/utils/utils.py", line 22, in getDF
    cur = conn.getCursor(source_dbname)
  File "/app/myFramework/source/posgresql/connect.py", line 6, in getCursor
    conn = psycopg2.connect(database = dbname,
  File "/home/airflow/.local/lib/python3.8/site-packages/psycopg2/__init__.py", line 122, in connect
    conn = _connect(dsn, connection_factory=connection_factory, **kwasync)
psycopg2.OperationalError: connection to server at "postgres_db" (192.168.0.5), port 9999 failed: FATAL:  database "0    dvdrental
Name: sourcedbname, dtype: object" does not exist

[2024-07-03T19:59:33.352+0000] {taskinstance.py:1149} INFO - Marking task as FAILED. dag_id=SqlToStaging, task_id=country, execution_date=20240702T000000, start_date=20240703T195931, end_date=20240703T195933
[2024-07-03T19:59:33.390+0000] {standard_task_runner.py:107} ERROR - Failed to execute job 17 for task country (connection to server at "postgres_db" (192.168.0.5), port 9999 failed: FATAL:  database "0    dvdrental
Name: sourcedbname, dtype: object" does not exist
; 102)
[2024-07-03T19:59:33.471+0000] {local_task_job_runner.py:234} INFO - Task exited with return code 1
[2024-07-03T19:59:33.527+0000] {taskinstance.py:3312} INFO - 0 downstream tasks scheduled from follow-on schedule check
