[2024-07-11T18:17:07.794+0000] {taskinstance.py:1979} INFO - Dependencies all met for dep_context=non-requeueable deps ti=<TaskInstance: sqltostaging.inventory scheduled__2024-07-10T00:00:00+00:00 [queued]>
[2024-07-11T18:17:07.826+0000] {taskinstance.py:1979} INFO - Dependencies all met for dep_context=requeueable deps ti=<TaskInstance: sqltostaging.inventory scheduled__2024-07-10T00:00:00+00:00 [queued]>
[2024-07-11T18:17:07.826+0000] {taskinstance.py:2193} INFO - Starting attempt 1 of 1
[2024-07-11T18:17:07.872+0000] {taskinstance.py:2217} INFO - Executing <Task(PythonOperator): inventory> on 2024-07-10 00:00:00+00:00
[2024-07-11T18:17:07.878+0000] {standard_task_runner.py:60} INFO - Started process 80 to run task
[2024-07-11T18:17:07.904+0000] {standard_task_runner.py:87} INFO - Running: ['***', 'tasks', 'run', 'sqltostaging', 'inventory', 'scheduled__2024-07-10T00:00:00+00:00', '--job-id', '21', '--raw', '--subdir', 'DAGS_FOLDER/dag.py', '--cfg-path', '/tmp/tmpzfohke2v']
[2024-07-11T18:17:07.919+0000] {standard_task_runner.py:88} INFO - Job 21: Subtask inventory
[2024-07-11T18:17:08.162+0000] {task_command.py:423} INFO - Running <TaskInstance: sqltostaging.inventory scheduled__2024-07-10T00:00:00+00:00 [running]> on host 2bc01acfbd3e
[2024-07-11T18:17:08.511+0000] {taskinstance.py:2513} INFO - Exporting env vars: AIRFLOW_CTX_DAG_OWNER='***' AIRFLOW_CTX_DAG_ID='sqltostaging' AIRFLOW_CTX_TASK_ID='inventory' AIRFLOW_CTX_EXECUTION_DATE='2024-07-10T00:00:00+00:00' AIRFLOW_CTX_TRY_NUMBER='1' AIRFLOW_CTX_DAG_RUN_ID='scheduled__2024-07-10T00:00:00+00:00'
[2024-07-11T18:17:10.448+0000] {logging_mixin.py:188} INFO - select *  from etlconf.Etl_Process_Mapping where SourceTableName = 'inventory' and Stage = 'sqltostaging'
[2024-07-11T18:17:10.567+0000] {logging_mixin.py:188} INFO -    id sourcetablename sourcedbname  ...  code         stage last_run_date
0  10       inventory    dvdrental  ...  None  sqltostaging          None

[1 rows x 15 columns]
[2024-07-11T18:17:10.570+0000] {taskinstance.py:2731} ERROR - Task failed with exception
Traceback (most recent call last):
  File "/home/airflow/.local/lib/python3.8/site-packages/airflow/models/taskinstance.py", line 444, in _execute_task
    result = _execute_callable(context=context, **execute_callable_kwargs)
  File "/home/airflow/.local/lib/python3.8/site-packages/airflow/models/taskinstance.py", line 414, in _execute_callable
    return execute_callable(context=context, **execute_callable_kwargs)
  File "/home/airflow/.local/lib/python3.8/site-packages/airflow/operators/python.py", line 200, in execute
    return_value = self.execute_callable()
  File "/home/airflow/.local/lib/python3.8/site-packages/airflow/operators/python.py", line 217, in execute_callable
    return self.python_callable(*self.op_args, **self.op_kwargs)
  File "/opt/airflow/dags/dag.py", line 44, in process_table
    return  execute(table, stage, tabletype)
  File "/app/main.py", line 26, in execute
    SqlToStaging().create_full().some_function(table, stage)
  File "/app/concretestage/SQLToStaging.py", line 38, in some_function
    sourceDF = getDF(sourcedbname,sourcetablename , sourceschema)
TypeError: getDF() missing 3 required positional arguments: 'filterColumn', 'dateFrom', and 'dateTo'
[2024-07-11T18:17:10.627+0000] {taskinstance.py:1149} INFO - Marking task as FAILED. dag_id=sqltostaging, task_id=inventory, execution_date=20240710T000000, start_date=20240711T181707, end_date=20240711T181710
[2024-07-11T18:17:10.643+0000] {standard_task_runner.py:107} ERROR - Failed to execute job 21 for task inventory (getDF() missing 3 required positional arguments: 'filterColumn', 'dateFrom', and 'dateTo'; 80)
[2024-07-11T18:17:10.688+0000] {local_task_job_runner.py:234} INFO - Task exited with return code 1
[2024-07-11T18:17:10.740+0000] {taskinstance.py:3312} INFO - 0 downstream tasks scheduled from follow-on schedule check
[2024-07-11T18:42:43.186+0000] {taskinstance.py:1979} INFO - Dependencies all met for dep_context=non-requeueable deps ti=<TaskInstance: sqltostaging.inventory scheduled__2024-07-10T00:00:00+00:00 [queued]>
[2024-07-11T18:42:43.204+0000] {taskinstance.py:1979} INFO - Dependencies all met for dep_context=requeueable deps ti=<TaskInstance: sqltostaging.inventory scheduled__2024-07-10T00:00:00+00:00 [queued]>
[2024-07-11T18:42:43.218+0000] {taskinstance.py:2193} INFO - Starting attempt 1 of 1
[2024-07-11T18:42:43.283+0000] {taskinstance.py:2217} INFO - Executing <Task(PythonOperator): inventory> on 2024-07-10 00:00:00+00:00
[2024-07-11T18:42:43.293+0000] {standard_task_runner.py:60} INFO - Started process 82 to run task
[2024-07-11T18:42:43.301+0000] {standard_task_runner.py:87} INFO - Running: ['***', 'tasks', 'run', 'sqltostaging', 'inventory', 'scheduled__2024-07-10T00:00:00+00:00', '--job-id', '4', '--raw', '--subdir', 'DAGS_FOLDER/dag.py', '--cfg-path', '/tmp/tmpm4ykkmgo']
[2024-07-11T18:42:43.310+0000] {standard_task_runner.py:88} INFO - Job 4: Subtask inventory
[2024-07-11T18:42:43.475+0000] {task_command.py:423} INFO - Running <TaskInstance: sqltostaging.inventory scheduled__2024-07-10T00:00:00+00:00 [running]> on host 3cbd40a515d7
[2024-07-11T18:42:44.537+0000] {taskinstance.py:2513} INFO - Exporting env vars: AIRFLOW_CTX_DAG_OWNER='***' AIRFLOW_CTX_DAG_ID='sqltostaging' AIRFLOW_CTX_TASK_ID='inventory' AIRFLOW_CTX_EXECUTION_DATE='2024-07-10T00:00:00+00:00' AIRFLOW_CTX_TRY_NUMBER='1' AIRFLOW_CTX_DAG_RUN_ID='scheduled__2024-07-10T00:00:00+00:00'
[2024-07-11T18:42:44.666+0000] {logging_mixin.py:188} INFO - select *  from etlconf.Etl_Process_Mapping where SourceTableName = 'inventory' and Stage = 'sqltostaging'
[2024-07-11T18:42:44.742+0000] {logging_mixin.py:188} INFO -    id sourcetablename sourcedbname  ...  code         stage last_run_date
0  10       inventory    dvdrental  ...  None  sqltostaging          None

[1 rows x 15 columns]
[2024-07-11T18:42:44.746+0000] {logging_mixin.py:188} INFO - select T.* from dvdrental.public.inventory T
[2024-07-11T18:42:45.521+0000] {python.py:202} INFO - Done. Returned value was: None
[2024-07-11T18:42:45.530+0000] {taskinstance.py:1149} INFO - Marking task as SUCCESS. dag_id=sqltostaging, task_id=inventory, execution_date=20240710T000000, start_date=20240711T184243, end_date=20240711T184245
[2024-07-11T18:42:45.584+0000] {local_task_job_runner.py:234} INFO - Task exited with return code 0
[2024-07-11T18:42:45.601+0000] {taskinstance.py:3312} INFO - 0 downstream tasks scheduled from follow-on schedule check
[2024-07-11T18:51:07.910+0000] {taskinstance.py:1979} INFO - Dependencies all met for dep_context=non-requeueable deps ti=<TaskInstance: sqltostaging.inventory scheduled__2024-07-10T00:00:00+00:00 [queued]>
[2024-07-11T18:51:07.933+0000] {taskinstance.py:1979} INFO - Dependencies all met for dep_context=requeueable deps ti=<TaskInstance: sqltostaging.inventory scheduled__2024-07-10T00:00:00+00:00 [queued]>
[2024-07-11T18:51:07.934+0000] {taskinstance.py:2193} INFO - Starting attempt 1 of 1
[2024-07-11T18:51:07.947+0000] {taskinstance.py:2217} INFO - Executing <Task(PythonOperator): inventory> on 2024-07-10 00:00:00+00:00
[2024-07-11T18:51:07.953+0000] {standard_task_runner.py:60} INFO - Started process 91 to run task
[2024-07-11T18:51:07.961+0000] {standard_task_runner.py:87} INFO - Running: ['***', 'tasks', 'run', 'sqltostaging', 'inventory', 'scheduled__2024-07-10T00:00:00+00:00', '--job-id', '4', '--raw', '--subdir', 'DAGS_FOLDER/dag.py', '--cfg-path', '/tmp/tmpvjwj44go']
[2024-07-11T18:51:07.975+0000] {standard_task_runner.py:88} INFO - Job 4: Subtask inventory
[2024-07-11T18:51:08.060+0000] {task_command.py:423} INFO - Running <TaskInstance: sqltostaging.inventory scheduled__2024-07-10T00:00:00+00:00 [running]> on host 59bc72ebf535
[2024-07-11T18:51:09.141+0000] {taskinstance.py:2513} INFO - Exporting env vars: AIRFLOW_CTX_DAG_OWNER='***' AIRFLOW_CTX_DAG_ID='sqltostaging' AIRFLOW_CTX_TASK_ID='inventory' AIRFLOW_CTX_EXECUTION_DATE='2024-07-10T00:00:00+00:00' AIRFLOW_CTX_TRY_NUMBER='1' AIRFLOW_CTX_DAG_RUN_ID='scheduled__2024-07-10T00:00:00+00:00'
[2024-07-11T18:51:09.496+0000] {logging_mixin.py:188} INFO - select *  from etlconf.Etl_Process_Mapping where SourceTableName = 'inventory' and Stage = 'sqltostaging'
[2024-07-11T18:51:09.549+0000] {logging_mixin.py:188} INFO -    id sourcetablename sourcedbname  ...  code         stage last_run_date
0  10       inventory    dvdrental  ...  None  sqltostaging          None

[1 rows x 15 columns]
[2024-07-11T18:51:09.552+0000] {logging_mixin.py:188} INFO - select T.* from dvdrental.public.inventory T
[2024-07-11T18:51:10.039+0000] {python.py:202} INFO - Done. Returned value was: None
[2024-07-11T18:51:10.058+0000] {taskinstance.py:1149} INFO - Marking task as SUCCESS. dag_id=sqltostaging, task_id=inventory, execution_date=20240710T000000, start_date=20240711T185107, end_date=20240711T185110
[2024-07-11T18:51:10.123+0000] {local_task_job_runner.py:234} INFO - Task exited with return code 0
[2024-07-11T18:51:10.145+0000] {taskinstance.py:3312} INFO - 0 downstream tasks scheduled from follow-on schedule check
[2024-07-11T18:59:13.915+0000] {taskinstance.py:1979} INFO - Dependencies all met for dep_context=non-requeueable deps ti=<TaskInstance: sqltostaging.inventory scheduled__2024-07-10T00:00:00+00:00 [queued]>
[2024-07-11T18:59:13.939+0000] {taskinstance.py:1979} INFO - Dependencies all met for dep_context=requeueable deps ti=<TaskInstance: sqltostaging.inventory scheduled__2024-07-10T00:00:00+00:00 [queued]>
[2024-07-11T18:59:13.940+0000] {taskinstance.py:2193} INFO - Starting attempt 1 of 1
[2024-07-11T18:59:13.974+0000] {taskinstance.py:2217} INFO - Executing <Task(PythonOperator): inventory> on 2024-07-10 00:00:00+00:00
[2024-07-11T18:59:13.994+0000] {standard_task_runner.py:60} INFO - Started process 102 to run task
[2024-07-11T18:59:14.008+0000] {standard_task_runner.py:87} INFO - Running: ['***', 'tasks', 'run', 'sqltostaging', 'inventory', 'scheduled__2024-07-10T00:00:00+00:00', '--job-id', '16', '--raw', '--subdir', 'DAGS_FOLDER/dag.py', '--cfg-path', '/tmp/tmppgqsmd1_']
[2024-07-11T18:59:14.021+0000] {standard_task_runner.py:88} INFO - Job 16: Subtask inventory
[2024-07-11T18:59:14.138+0000] {task_command.py:423} INFO - Running <TaskInstance: sqltostaging.inventory scheduled__2024-07-10T00:00:00+00:00 [running]> on host 40f26a5c62e8
[2024-07-11T18:59:15.088+0000] {taskinstance.py:2513} INFO - Exporting env vars: AIRFLOW_CTX_DAG_OWNER='***' AIRFLOW_CTX_DAG_ID='sqltostaging' AIRFLOW_CTX_TASK_ID='inventory' AIRFLOW_CTX_EXECUTION_DATE='2024-07-10T00:00:00+00:00' AIRFLOW_CTX_TRY_NUMBER='1' AIRFLOW_CTX_DAG_RUN_ID='scheduled__2024-07-10T00:00:00+00:00'
[2024-07-11T18:59:15.178+0000] {logging_mixin.py:188} INFO - select *  from etlconf.Etl_Process_Mapping where SourceTableName = 'inventory' and Stage = 'sqltostaging'
[2024-07-11T18:59:15.228+0000] {logging_mixin.py:188} INFO -    id sourcetablename sourcedbname  ...  code         stage last_run_date
0  10       inventory    dvdrental  ...  None  sqltostaging          None

[1 rows x 15 columns]
[2024-07-11T18:59:15.230+0000] {logging_mixin.py:188} INFO - select T.* from dvdrental.public.inventory T
[2024-07-11T18:59:15.605+0000] {python.py:202} INFO - Done. Returned value was: None
[2024-07-11T18:59:15.613+0000] {taskinstance.py:1149} INFO - Marking task as SUCCESS. dag_id=sqltostaging, task_id=inventory, execution_date=20240710T000000, start_date=20240711T185913, end_date=20240711T185915
[2024-07-11T18:59:15.693+0000] {local_task_job_runner.py:234} INFO - Task exited with return code 0
[2024-07-11T18:59:15.709+0000] {taskinstance.py:3312} INFO - 0 downstream tasks scheduled from follow-on schedule check
[2024-07-11T19:35:13.628+0000] {taskinstance.py:1979} INFO - Dependencies all met for dep_context=non-requeueable deps ti=<TaskInstance: sqltostaging.inventory scheduled__2024-07-10T00:00:00+00:00 [queued]>
[2024-07-11T19:35:13.659+0000] {taskinstance.py:1979} INFO - Dependencies all met for dep_context=requeueable deps ti=<TaskInstance: sqltostaging.inventory scheduled__2024-07-10T00:00:00+00:00 [queued]>
[2024-07-11T19:35:13.664+0000] {taskinstance.py:2193} INFO - Starting attempt 1 of 1
[2024-07-11T19:35:13.734+0000] {taskinstance.py:2217} INFO - Executing <Task(PythonOperator): inventory> on 2024-07-10 00:00:00+00:00
[2024-07-11T19:35:13.776+0000] {standard_task_runner.py:60} INFO - Started process 97 to run task
[2024-07-11T19:35:13.792+0000] {standard_task_runner.py:87} INFO - Running: ['***', 'tasks', 'run', 'sqltostaging', 'inventory', 'scheduled__2024-07-10T00:00:00+00:00', '--job-id', '4', '--raw', '--subdir', 'DAGS_FOLDER/dag.py', '--cfg-path', '/tmp/tmppf0rjpz9']
[2024-07-11T19:35:13.803+0000] {standard_task_runner.py:88} INFO - Job 4: Subtask inventory
[2024-07-11T19:35:13.980+0000] {task_command.py:423} INFO - Running <TaskInstance: sqltostaging.inventory scheduled__2024-07-10T00:00:00+00:00 [running]> on host 99be9f831d54
[2024-07-11T19:35:15.176+0000] {taskinstance.py:2513} INFO - Exporting env vars: AIRFLOW_CTX_DAG_OWNER='***' AIRFLOW_CTX_DAG_ID='sqltostaging' AIRFLOW_CTX_TASK_ID='inventory' AIRFLOW_CTX_EXECUTION_DATE='2024-07-10T00:00:00+00:00' AIRFLOW_CTX_TRY_NUMBER='1' AIRFLOW_CTX_DAG_RUN_ID='scheduled__2024-07-10T00:00:00+00:00'
[2024-07-11T19:35:15.219+0000] {logging_mixin.py:188} INFO - select *  from etlconf.Etl_Process_Mapping where SourceTableName = 'inventory' and Stage = 'sqltostaging'
[2024-07-11T19:35:15.269+0000] {logging_mixin.py:188} INFO -    id sourcetablename sourcedbname  ...  code         stage last_run_date
0  10       inventory    dvdrental  ...  None  sqltostaging          None

[1 rows x 15 columns]
[2024-07-11T19:35:15.271+0000] {logging_mixin.py:188} INFO - select T.* from dvdrental.public.inventory T
[2024-07-11T19:35:15.529+0000] {python.py:202} INFO - Done. Returned value was: None
[2024-07-11T19:35:15.539+0000] {taskinstance.py:1149} INFO - Marking task as SUCCESS. dag_id=sqltostaging, task_id=inventory, execution_date=20240710T000000, start_date=20240711T193513, end_date=20240711T193515
[2024-07-11T19:35:15.562+0000] {local_task_job_runner.py:234} INFO - Task exited with return code 0
[2024-07-11T19:35:15.619+0000] {taskinstance.py:3312} INFO - 0 downstream tasks scheduled from follow-on schedule check
[2024-07-11T19:38:52.507+0000] {taskinstance.py:1979} INFO - Dependencies all met for dep_context=non-requeueable deps ti=<TaskInstance: sqltostaging.inventory scheduled__2024-07-10T00:00:00+00:00 [queued]>
[2024-07-11T19:38:52.525+0000] {taskinstance.py:1979} INFO - Dependencies all met for dep_context=requeueable deps ti=<TaskInstance: sqltostaging.inventory scheduled__2024-07-10T00:00:00+00:00 [queued]>
[2024-07-11T19:38:52.538+0000] {taskinstance.py:2193} INFO - Starting attempt 1 of 1
[2024-07-11T19:38:52.588+0000] {taskinstance.py:2217} INFO - Executing <Task(PythonOperator): inventory> on 2024-07-10 00:00:00+00:00
[2024-07-11T19:38:52.601+0000] {standard_task_runner.py:60} INFO - Started process 97 to run task
[2024-07-11T19:38:52.606+0000] {standard_task_runner.py:87} INFO - Running: ['***', 'tasks', 'run', 'sqltostaging', 'inventory', 'scheduled__2024-07-10T00:00:00+00:00', '--job-id', '12', '--raw', '--subdir', 'DAGS_FOLDER/dag.py', '--cfg-path', '/tmp/tmpdyk99jya']
[2024-07-11T19:38:52.621+0000] {standard_task_runner.py:88} INFO - Job 12: Subtask inventory
[2024-07-11T19:38:52.767+0000] {task_command.py:423} INFO - Running <TaskInstance: sqltostaging.inventory scheduled__2024-07-10T00:00:00+00:00 [running]> on host 3370024acb9c
[2024-07-11T19:38:53.567+0000] {taskinstance.py:2513} INFO - Exporting env vars: AIRFLOW_CTX_DAG_OWNER='***' AIRFLOW_CTX_DAG_ID='sqltostaging' AIRFLOW_CTX_TASK_ID='inventory' AIRFLOW_CTX_EXECUTION_DATE='2024-07-10T00:00:00+00:00' AIRFLOW_CTX_TRY_NUMBER='1' AIRFLOW_CTX_DAG_RUN_ID='scheduled__2024-07-10T00:00:00+00:00'
[2024-07-11T19:38:53.626+0000] {logging_mixin.py:188} INFO - select *  from etlconf.Etl_Process_Mapping where SourceTableName = 'inventory' and Stage = 'sqltostaging'
[2024-07-11T19:38:53.696+0000] {logging_mixin.py:188} INFO -    id sourcetablename sourcedbname  ...  code         stage last_run_date
0  10       inventory    dvdrental  ...  None  sqltostaging          None

[1 rows x 15 columns]
[2024-07-11T19:38:53.699+0000] {logging_mixin.py:188} INFO - select T.* from dvdrental.public.inventory T
[2024-07-11T19:38:54.252+0000] {python.py:202} INFO - Done. Returned value was: None
[2024-07-11T19:38:54.263+0000] {taskinstance.py:1149} INFO - Marking task as SUCCESS. dag_id=sqltostaging, task_id=inventory, execution_date=20240710T000000, start_date=20240711T193852, end_date=20240711T193854
[2024-07-11T19:38:54.293+0000] {local_task_job_runner.py:234} INFO - Task exited with return code 0
[2024-07-11T19:38:54.325+0000] {taskinstance.py:3312} INFO - 0 downstream tasks scheduled from follow-on schedule check
[2024-07-11T19:41:03.068+0000] {taskinstance.py:1979} INFO - Dependencies all met for dep_context=non-requeueable deps ti=<TaskInstance: sqltostaging.inventory scheduled__2024-07-10T00:00:00+00:00 [queued]>
[2024-07-11T19:41:03.116+0000] {taskinstance.py:1979} INFO - Dependencies all met for dep_context=requeueable deps ti=<TaskInstance: sqltostaging.inventory scheduled__2024-07-10T00:00:00+00:00 [queued]>
[2024-07-11T19:41:03.123+0000] {taskinstance.py:2193} INFO - Starting attempt 1 of 1
[2024-07-11T19:41:03.162+0000] {taskinstance.py:2217} INFO - Executing <Task(PythonOperator): inventory> on 2024-07-10 00:00:00+00:00
[2024-07-11T19:41:03.174+0000] {standard_task_runner.py:60} INFO - Started process 90 to run task
[2024-07-11T19:41:03.182+0000] {standard_task_runner.py:87} INFO - Running: ['***', 'tasks', 'run', 'sqltostaging', 'inventory', 'scheduled__2024-07-10T00:00:00+00:00', '--job-id', '6', '--raw', '--subdir', 'DAGS_FOLDER/dag.py', '--cfg-path', '/tmp/tmp4tmiwugy']
[2024-07-11T19:41:03.191+0000] {standard_task_runner.py:88} INFO - Job 6: Subtask inventory
[2024-07-11T19:41:03.388+0000] {task_command.py:423} INFO - Running <TaskInstance: sqltostaging.inventory scheduled__2024-07-10T00:00:00+00:00 [running]> on host 5bec992df9f6
[2024-07-11T19:41:04.268+0000] {taskinstance.py:2513} INFO - Exporting env vars: AIRFLOW_CTX_DAG_OWNER='***' AIRFLOW_CTX_DAG_ID='sqltostaging' AIRFLOW_CTX_TASK_ID='inventory' AIRFLOW_CTX_EXECUTION_DATE='2024-07-10T00:00:00+00:00' AIRFLOW_CTX_TRY_NUMBER='1' AIRFLOW_CTX_DAG_RUN_ID='scheduled__2024-07-10T00:00:00+00:00'
[2024-07-11T19:41:04.354+0000] {logging_mixin.py:188} INFO - select *  from etlconf.Etl_Process_Mapping where SourceTableName = 'inventory' and Stage = 'sqltostaging'
[2024-07-11T19:41:04.476+0000] {logging_mixin.py:188} INFO -    id sourcetablename sourcedbname  ...  code         stage last_run_date
0  10       inventory    dvdrental  ...  None  sqltostaging          None

[1 rows x 15 columns]
[2024-07-11T19:41:04.478+0000] {logging_mixin.py:188} INFO - select T.* from dvdrental.public.inventory T
[2024-07-11T19:41:05.216+0000] {python.py:202} INFO - Done. Returned value was: None
[2024-07-11T19:41:05.225+0000] {taskinstance.py:1149} INFO - Marking task as SUCCESS. dag_id=sqltostaging, task_id=inventory, execution_date=20240710T000000, start_date=20240711T194103, end_date=20240711T194105
[2024-07-11T19:41:05.252+0000] {local_task_job_runner.py:234} INFO - Task exited with return code 0
[2024-07-11T19:41:05.265+0000] {taskinstance.py:3312} INFO - 0 downstream tasks scheduled from follow-on schedule check
[2024-07-11T19:45:57.265+0000] {taskinstance.py:1979} INFO - Dependencies all met for dep_context=non-requeueable deps ti=<TaskInstance: sqltostaging.inventory scheduled__2024-07-10T00:00:00+00:00 [queued]>
[2024-07-11T19:45:57.278+0000] {taskinstance.py:1979} INFO - Dependencies all met for dep_context=requeueable deps ti=<TaskInstance: sqltostaging.inventory scheduled__2024-07-10T00:00:00+00:00 [queued]>
[2024-07-11T19:45:57.281+0000] {taskinstance.py:2193} INFO - Starting attempt 1 of 1
[2024-07-11T19:45:57.355+0000] {taskinstance.py:2217} INFO - Executing <Task(PythonOperator): inventory> on 2024-07-10 00:00:00+00:00
[2024-07-11T19:45:57.396+0000] {standard_task_runner.py:60} INFO - Started process 91 to run task
[2024-07-11T19:45:57.380+0000] {standard_task_runner.py:87} INFO - Running: ['***', 'tasks', 'run', 'sqltostaging', 'inventory', 'scheduled__2024-07-10T00:00:00+00:00', '--job-id', '5', '--raw', '--subdir', 'DAGS_FOLDER/dag.py', '--cfg-path', '/tmp/tmprjvp3zdd']
[2024-07-11T19:45:57.418+0000] {standard_task_runner.py:88} INFO - Job 5: Subtask inventory
[2024-07-11T19:45:57.655+0000] {task_command.py:423} INFO - Running <TaskInstance: sqltostaging.inventory scheduled__2024-07-10T00:00:00+00:00 [running]> on host 74c26533546f
[2024-07-11T19:45:57.900+0000] {taskinstance.py:2513} INFO - Exporting env vars: AIRFLOW_CTX_DAG_OWNER='***' AIRFLOW_CTX_DAG_ID='sqltostaging' AIRFLOW_CTX_TASK_ID='inventory' AIRFLOW_CTX_EXECUTION_DATE='2024-07-10T00:00:00+00:00' AIRFLOW_CTX_TRY_NUMBER='1' AIRFLOW_CTX_DAG_RUN_ID='scheduled__2024-07-10T00:00:00+00:00'
[2024-07-11T19:45:58.803+0000] {logging_mixin.py:188} INFO - select *  from etlconf.Etl_Process_Mapping where SourceTableName = 'inventory' and Stage = 'sqltostaging'
[2024-07-11T19:45:58.894+0000] {logging_mixin.py:188} INFO -    id sourcetablename sourcedbname  ...  code         stage last_run_date
0  10       inventory    dvdrental  ...  None  sqltostaging          None

[1 rows x 15 columns]
[2024-07-11T19:45:58.899+0000] {logging_mixin.py:188} INFO - select T.* from dvdrental.public.inventory T
[2024-07-11T19:45:59.478+0000] {python.py:202} INFO - Done. Returned value was: None
[2024-07-11T19:45:59.486+0000] {taskinstance.py:1149} INFO - Marking task as SUCCESS. dag_id=sqltostaging, task_id=inventory, execution_date=20240710T000000, start_date=20240711T194557, end_date=20240711T194559
[2024-07-11T19:45:59.518+0000] {local_task_job_runner.py:234} INFO - Task exited with return code 0
[2024-07-11T19:45:59.535+0000] {taskinstance.py:3312} INFO - 0 downstream tasks scheduled from follow-on schedule check
[2024-07-11T19:49:38.642+0000] {taskinstance.py:1979} INFO - Dependencies all met for dep_context=non-requeueable deps ti=<TaskInstance: sqltostaging.inventory scheduled__2024-07-10T00:00:00+00:00 [queued]>
[2024-07-11T19:49:38.669+0000] {taskinstance.py:1979} INFO - Dependencies all met for dep_context=requeueable deps ti=<TaskInstance: sqltostaging.inventory scheduled__2024-07-10T00:00:00+00:00 [queued]>
[2024-07-11T19:49:38.675+0000] {taskinstance.py:2193} INFO - Starting attempt 1 of 1
[2024-07-11T19:49:38.708+0000] {taskinstance.py:2217} INFO - Executing <Task(PythonOperator): inventory> on 2024-07-10 00:00:00+00:00
[2024-07-11T19:49:38.721+0000] {standard_task_runner.py:60} INFO - Started process 97 to run task
[2024-07-11T19:49:38.748+0000] {standard_task_runner.py:87} INFO - Running: ['***', 'tasks', 'run', 'sqltostaging', 'inventory', 'scheduled__2024-07-10T00:00:00+00:00', '--job-id', '11', '--raw', '--subdir', 'DAGS_FOLDER/dag.py', '--cfg-path', '/tmp/tmpy4shcwlo']
[2024-07-11T19:49:38.764+0000] {standard_task_runner.py:88} INFO - Job 11: Subtask inventory
[2024-07-11T19:49:38.912+0000] {task_command.py:423} INFO - Running <TaskInstance: sqltostaging.inventory scheduled__2024-07-10T00:00:00+00:00 [running]> on host f4f24e57c5cc
[2024-07-11T19:49:40.163+0000] {taskinstance.py:2513} INFO - Exporting env vars: AIRFLOW_CTX_DAG_OWNER='***' AIRFLOW_CTX_DAG_ID='sqltostaging' AIRFLOW_CTX_TASK_ID='inventory' AIRFLOW_CTX_EXECUTION_DATE='2024-07-10T00:00:00+00:00' AIRFLOW_CTX_TRY_NUMBER='1' AIRFLOW_CTX_DAG_RUN_ID='scheduled__2024-07-10T00:00:00+00:00'
[2024-07-11T19:49:40.207+0000] {logging_mixin.py:188} INFO - select *  from etlconf.Etl_Process_Mapping where SourceTableName = 'inventory' and Stage = 'sqltostaging'
[2024-07-11T19:49:40.302+0000] {logging_mixin.py:188} INFO -    id sourcetablename sourcedbname  ...  code         stage last_run_date
0  10       inventory    dvdrental  ...  None  sqltostaging          None

[1 rows x 15 columns]
[2024-07-11T19:49:40.305+0000] {logging_mixin.py:188} INFO - select T.* from dvdrental.public.inventory T
[2024-07-11T19:49:40.575+0000] {logging_mixin.py:188} INFO - update etlconf.Etl_Process_Mapping T set last_run_date = current_timestamp where destdbname='DBStaging' and destschema='dvdrental' and desttablename='inventory'
[2024-07-11T19:49:40.585+0000] {python.py:202} INFO - Done. Returned value was: None
[2024-07-11T19:49:40.590+0000] {taskinstance.py:1149} INFO - Marking task as SUCCESS. dag_id=sqltostaging, task_id=inventory, execution_date=20240710T000000, start_date=20240711T194938, end_date=20240711T194940
[2024-07-11T19:49:40.612+0000] {local_task_job_runner.py:234} INFO - Task exited with return code 0
[2024-07-11T19:49:40.627+0000] {taskinstance.py:3312} INFO - 0 downstream tasks scheduled from follow-on schedule check
[2024-07-11T19:58:31.410+0000] {taskinstance.py:1979} INFO - Dependencies all met for dep_context=non-requeueable deps ti=<TaskInstance: sqltostaging.inventory scheduled__2024-07-10T00:00:00+00:00 [queued]>
[2024-07-11T19:58:31.421+0000] {taskinstance.py:1979} INFO - Dependencies all met for dep_context=requeueable deps ti=<TaskInstance: sqltostaging.inventory scheduled__2024-07-10T00:00:00+00:00 [queued]>
[2024-07-11T19:58:31.429+0000] {taskinstance.py:2193} INFO - Starting attempt 1 of 1
[2024-07-11T19:58:31.483+0000] {taskinstance.py:2217} INFO - Executing <Task(PythonOperator): inventory> on 2024-07-10 00:00:00+00:00
[2024-07-11T19:58:31.501+0000] {standard_task_runner.py:60} INFO - Started process 107 to run task
[2024-07-11T19:58:31.509+0000] {standard_task_runner.py:87} INFO - Running: ['***', 'tasks', 'run', 'sqltostaging', 'inventory', 'scheduled__2024-07-10T00:00:00+00:00', '--job-id', '14', '--raw', '--subdir', 'DAGS_FOLDER/dag.py', '--cfg-path', '/tmp/tmpd8npc5_h']
[2024-07-11T19:58:31.519+0000] {standard_task_runner.py:88} INFO - Job 14: Subtask inventory
[2024-07-11T19:58:31.776+0000] {task_command.py:423} INFO - Running <TaskInstance: sqltostaging.inventory scheduled__2024-07-10T00:00:00+00:00 [running]> on host 45208fcb54ea
[2024-07-11T19:58:32.132+0000] {taskinstance.py:2513} INFO - Exporting env vars: AIRFLOW_CTX_DAG_OWNER='***' AIRFLOW_CTX_DAG_ID='sqltostaging' AIRFLOW_CTX_TASK_ID='inventory' AIRFLOW_CTX_EXECUTION_DATE='2024-07-10T00:00:00+00:00' AIRFLOW_CTX_TRY_NUMBER='1' AIRFLOW_CTX_DAG_RUN_ID='scheduled__2024-07-10T00:00:00+00:00'
[2024-07-11T19:58:32.933+0000] {logging_mixin.py:188} INFO - select *  from etlconf.Etl_Process_Mapping where SourceTableName = 'inventory' and Stage = 'sqltostaging'
[2024-07-11T19:58:33.011+0000] {logging_mixin.py:188} INFO -    id sourcetablename sourcedbname  ...  code         stage last_run_date
0  10       inventory    dvdrental  ...  None  sqltostaging    2024-07-11

[1 rows x 15 columns]
[2024-07-11T19:58:33.362+0000] {logging_mixin.py:188} INFO - update etlconf.Etl_Process_Mapping T set last_run_date = current_timestampwhere destdbname='DBStaging' and destschema='dvdrental' and desttablename='inventory'
[2024-07-11T19:58:33.381+0000] {taskinstance.py:2731} ERROR - Task failed with exception
Traceback (most recent call last):
  File "/home/airflow/.local/lib/python3.8/site-packages/airflow/models/taskinstance.py", line 444, in _execute_task
    result = _execute_callable(context=context, **execute_callable_kwargs)
  File "/home/airflow/.local/lib/python3.8/site-packages/airflow/models/taskinstance.py", line 414, in _execute_callable
    return execute_callable(context=context, **execute_callable_kwargs)
  File "/home/airflow/.local/lib/python3.8/site-packages/airflow/operators/python.py", line 200, in execute
    return_value = self.execute_callable()
  File "/home/airflow/.local/lib/python3.8/site-packages/airflow/operators/python.py", line 217, in execute_callable
    return self.python_callable(*self.op_args, **self.op_kwargs)
  File "/opt/airflow/dags/dag.py", line 44, in process_table
    return  execute(table, stage, tabletype)
  File "/app/main.py", line 26, in execute
    SqlToStaging().create_full().some_function(table, stage)
  File "/app/concretestage/SQLToStaging.py", line 41, in some_function
    last_run_date_update(DestDBName, DestSchema, DestTableName)
  File "/app/myFramework/utils/utils.py", line 79, in last_run_date_update
    cur.execute(query)
psycopg2.errors.SyntaxError: syntax error at or near "destdbname"
LINE 1: ...ping T set last_run_date = current_timestampwhere destdbname...
                                                             ^

[2024-07-11T19:58:33.395+0000] {taskinstance.py:1149} INFO - Marking task as FAILED. dag_id=sqltostaging, task_id=inventory, execution_date=20240710T000000, start_date=20240711T195831, end_date=20240711T195833
[2024-07-11T19:58:33.437+0000] {standard_task_runner.py:107} ERROR - Failed to execute job 14 for task inventory (syntax error at or near "destdbname"
LINE 1: ...ping T set last_run_date = current_timestampwhere destdbname...
                                                             ^
; 107)
[2024-07-11T19:58:33.454+0000] {local_task_job_runner.py:234} INFO - Task exited with return code 1
[2024-07-11T19:58:33.469+0000] {taskinstance.py:3312} INFO - 0 downstream tasks scheduled from follow-on schedule check
[2024-07-11T20:02:09.012+0000] {taskinstance.py:1979} INFO - Dependencies all met for dep_context=non-requeueable deps ti=<TaskInstance: sqltostaging.inventory scheduled__2024-07-10T00:00:00+00:00 [queued]>
[2024-07-11T20:02:09.057+0000] {taskinstance.py:1979} INFO - Dependencies all met for dep_context=requeueable deps ti=<TaskInstance: sqltostaging.inventory scheduled__2024-07-10T00:00:00+00:00 [queued]>
[2024-07-11T20:02:09.060+0000] {taskinstance.py:2193} INFO - Starting attempt 1 of 1
[2024-07-11T20:02:09.116+0000] {taskinstance.py:2217} INFO - Executing <Task(PythonOperator): inventory> on 2024-07-10 00:00:00+00:00
[2024-07-11T20:02:09.125+0000] {standard_task_runner.py:60} INFO - Started process 101 to run task
[2024-07-11T20:02:09.137+0000] {standard_task_runner.py:87} INFO - Running: ['***', 'tasks', 'run', 'sqltostaging', 'inventory', 'scheduled__2024-07-10T00:00:00+00:00', '--job-id', '12', '--raw', '--subdir', 'DAGS_FOLDER/dag.py', '--cfg-path', '/tmp/tmpojxlb9_h']
[2024-07-11T20:02:09.159+0000] {standard_task_runner.py:88} INFO - Job 12: Subtask inventory
[2024-07-11T20:02:09.328+0000] {task_command.py:423} INFO - Running <TaskInstance: sqltostaging.inventory scheduled__2024-07-10T00:00:00+00:00 [running]> on host f77c41d1d1e9
[2024-07-11T20:02:10.331+0000] {taskinstance.py:2513} INFO - Exporting env vars: AIRFLOW_CTX_DAG_OWNER='***' AIRFLOW_CTX_DAG_ID='sqltostaging' AIRFLOW_CTX_TASK_ID='inventory' AIRFLOW_CTX_EXECUTION_DATE='2024-07-10T00:00:00+00:00' AIRFLOW_CTX_TRY_NUMBER='1' AIRFLOW_CTX_DAG_RUN_ID='scheduled__2024-07-10T00:00:00+00:00'
[2024-07-11T20:02:10.386+0000] {logging_mixin.py:188} INFO - select *  from etlconf.Etl_Process_Mapping where SourceTableName = 'inventory' and Stage = 'sqltostaging'
[2024-07-11T20:02:10.531+0000] {logging_mixin.py:188} INFO -    id sourcetablename sourcedbname  ...  code         stage last_run_date
0  10       inventory    dvdrental  ...  None  sqltostaging    2024-07-11

[1 rows x 15 columns]
[2024-07-11T20:02:11.126+0000] {logging_mixin.py:188} INFO - update etlconf.Etl_Process_Mapping T set last_run_date = current_timestamp where destdbname='DBStaging' and destschema='dvdrental' and desttablename='inventory';
[2024-07-11T20:02:11.160+0000] {python.py:202} INFO - Done. Returned value was: None
[2024-07-11T20:02:11.182+0000] {taskinstance.py:1149} INFO - Marking task as SUCCESS. dag_id=sqltostaging, task_id=inventory, execution_date=20240710T000000, start_date=20240711T200209, end_date=20240711T200211
[2024-07-11T20:02:11.228+0000] {local_task_job_runner.py:234} INFO - Task exited with return code 0
[2024-07-11T20:02:11.239+0000] {taskinstance.py:3312} INFO - 0 downstream tasks scheduled from follow-on schedule check
