[2024-07-16T16:34:39.960+0000] {taskinstance.py:1979} INFO - Dependencies all met for dep_context=non-requeueable deps ti=<TaskInstance: sqltostaging.store scheduled__2024-07-15T00:00:00+00:00 [queued]>
[2024-07-16T16:34:39.988+0000] {taskinstance.py:1979} INFO - Dependencies all met for dep_context=requeueable deps ti=<TaskInstance: sqltostaging.store scheduled__2024-07-15T00:00:00+00:00 [queued]>
[2024-07-16T16:34:40.001+0000] {taskinstance.py:2193} INFO - Starting attempt 1 of 1
[2024-07-16T16:34:40.038+0000] {taskinstance.py:2217} INFO - Executing <Task(PythonOperator): store> on 2024-07-15 00:00:00+00:00
[2024-07-16T16:34:40.047+0000] {standard_task_runner.py:60} INFO - Started process 127 to run task
[2024-07-16T16:34:40.056+0000] {standard_task_runner.py:87} INFO - Running: ['***', 'tasks', 'run', 'sqltostaging', 'store', 'scheduled__2024-07-15T00:00:00+00:00', '--job-id', '52', '--raw', '--subdir', 'DAGS_FOLDER/dag.py', '--cfg-path', '/tmp/tmpb3t9vqi2']
[2024-07-16T16:34:40.072+0000] {standard_task_runner.py:88} INFO - Job 52: Subtask store
[2024-07-16T16:34:40.203+0000] {task_command.py:423} INFO - Running <TaskInstance: sqltostaging.store scheduled__2024-07-15T00:00:00+00:00 [running]> on host f77c41d1d1e9
[2024-07-16T16:34:40.734+0000] {taskinstance.py:2513} INFO - Exporting env vars: AIRFLOW_CTX_DAG_OWNER='***' AIRFLOW_CTX_DAG_ID='sqltostaging' AIRFLOW_CTX_TASK_ID='store' AIRFLOW_CTX_EXECUTION_DATE='2024-07-15T00:00:00+00:00' AIRFLOW_CTX_TRY_NUMBER='1' AIRFLOW_CTX_DAG_RUN_ID='scheduled__2024-07-15T00:00:00+00:00'
[2024-07-16T16:34:40.817+0000] {logging_mixin.py:188} INFO - select *  from etlconf.Etl_Process_Mapping where SourceTableName = 'store' and Stage = 'sqltostaging'
[2024-07-16T16:34:40.932+0000] {logging_mixin.py:188} INFO -    id sourcetablename  ...         stage              last_run_date
0   1           store  ...  sqltostaging 2024-07-16 16:34:38.121275

[1 rows x 15 columns]
[2024-07-16T16:34:41.296+0000] {logging_mixin.py:188} INFO - update etlconf.Etl_Process_Mapping T set last_run_date = current_timestamp where destdbname='DBStaging' and destschema='dvdrental' and desttablename='store';
[2024-07-16T16:34:41.344+0000] {python.py:202} INFO - Done. Returned value was: None
[2024-07-16T16:34:41.392+0000] {taskinstance.py:1149} INFO - Marking task as SUCCESS. dag_id=sqltostaging, task_id=store, execution_date=20240715T000000, start_date=20240716T163439, end_date=20240716T163441
[2024-07-16T16:34:41.441+0000] {local_task_job_runner.py:234} INFO - Task exited with return code 0
[2024-07-16T16:34:41.479+0000] {taskinstance.py:3312} INFO - 0 downstream tasks scheduled from follow-on schedule check
[2024-07-16T17:43:02.626+0000] {taskinstance.py:1979} INFO - Dependencies all met for dep_context=non-requeueable deps ti=<TaskInstance: sqltostaging.store scheduled__2024-07-15T00:00:00+00:00 [queued]>
[2024-07-16T17:43:02.654+0000] {taskinstance.py:1979} INFO - Dependencies all met for dep_context=requeueable deps ti=<TaskInstance: sqltostaging.store scheduled__2024-07-15T00:00:00+00:00 [queued]>
[2024-07-16T17:43:02.663+0000] {taskinstance.py:2193} INFO - Starting attempt 1 of 1
[2024-07-16T17:43:02.712+0000] {taskinstance.py:2217} INFO - Executing <Task(PythonOperator): store> on 2024-07-15 00:00:00+00:00
[2024-07-16T17:43:02.724+0000] {standard_task_runner.py:60} INFO - Started process 250 to run task
[2024-07-16T17:43:02.748+0000] {standard_task_runner.py:87} INFO - Running: ['***', 'tasks', 'run', 'sqltostaging', 'store', 'scheduled__2024-07-15T00:00:00+00:00', '--job-id', '31', '--raw', '--subdir', 'DAGS_FOLDER/dag.py', '--cfg-path', '/tmp/tmpmvwratfl']
[2024-07-16T17:43:02.777+0000] {standard_task_runner.py:88} INFO - Job 31: Subtask store
[2024-07-16T17:43:02.933+0000] {task_command.py:423} INFO - Running <TaskInstance: sqltostaging.store scheduled__2024-07-15T00:00:00+00:00 [running]> on host e1ba87a2fe19
[2024-07-16T17:43:03.133+0000] {taskinstance.py:2513} INFO - Exporting env vars: AIRFLOW_CTX_DAG_OWNER='***' AIRFLOW_CTX_DAG_ID='sqltostaging' AIRFLOW_CTX_TASK_ID='store' AIRFLOW_CTX_EXECUTION_DATE='2024-07-15T00:00:00+00:00' AIRFLOW_CTX_TRY_NUMBER='1' AIRFLOW_CTX_DAG_RUN_ID='scheduled__2024-07-15T00:00:00+00:00'
[2024-07-16T17:43:03.152+0000] {logging_mixin.py:188} INFO - -------------------------------------------- select *  from etlconf.Etl_Process_Mapping where SourceTableName = 'store' and Stage = 'sqltostaging'
[2024-07-16T17:43:03.273+0000] {logging_mixin.py:188} INFO - select *  from etlconf.Etl_Process_Mapping where SourceTableName = 'store' and Stage = 'sqltostaging'
[2024-07-16T17:43:03.929+0000] {logging_mixin.py:188} INFO -    id sourcetablename  ...         stage              last_run_date
0   1           store  ...  sqltostaging 2024-07-16 16:34:41.334127

[1 rows x 15 columns]
[2024-07-16T17:43:04.076+0000] {logging_mixin.py:188} INFO - update etlconf.Etl_Process_Mapping T set last_run_date = current_timestamp where destdbname='DBStaging' and destschema='dvdrental' and desttablename='store';
[2024-07-16T17:43:04.096+0000] {python.py:202} INFO - Done. Returned value was: None
[2024-07-16T17:43:04.108+0000] {taskinstance.py:1149} INFO - Marking task as SUCCESS. dag_id=sqltostaging, task_id=store, execution_date=20240715T000000, start_date=20240716T174302, end_date=20240716T174304
[2024-07-16T17:43:04.140+0000] {local_task_job_runner.py:234} INFO - Task exited with return code 0
[2024-07-16T17:43:04.154+0000] {taskinstance.py:3312} INFO - 0 downstream tasks scheduled from follow-on schedule check
[2024-07-16T18:37:57.513+0000] {taskinstance.py:1979} INFO - Dependencies all met for dep_context=non-requeueable deps ti=<TaskInstance: sqltostaging.store scheduled__2024-07-15T00:00:00+00:00 [queued]>
[2024-07-16T18:37:57.551+0000] {taskinstance.py:1979} INFO - Dependencies all met for dep_context=requeueable deps ti=<TaskInstance: sqltostaging.store scheduled__2024-07-15T00:00:00+00:00 [queued]>
[2024-07-16T18:37:57.553+0000] {taskinstance.py:2193} INFO - Starting attempt 1 of 1
[2024-07-16T18:37:57.609+0000] {taskinstance.py:2217} INFO - Executing <Task(PythonOperator): store> on 2024-07-15 00:00:00+00:00
[2024-07-16T18:37:57.655+0000] {standard_task_runner.py:87} INFO - Running: ['***', 'tasks', 'run', 'sqltostaging', 'store', 'scheduled__2024-07-15T00:00:00+00:00', '--job-id', '40', '--raw', '--subdir', 'DAGS_FOLDER/dag.py', '--cfg-path', '/tmp/tmpvh2lejk4']
[2024-07-16T18:37:57.660+0000] {standard_task_runner.py:88} INFO - Job 40: Subtask store
[2024-07-16T18:37:57.648+0000] {standard_task_runner.py:60} INFO - Started process 261 to run task
[2024-07-16T18:37:57.829+0000] {task_command.py:423} INFO - Running <TaskInstance: sqltostaging.store scheduled__2024-07-15T00:00:00+00:00 [running]> on host b7021158e377
[2024-07-16T18:37:58.122+0000] {taskinstance.py:2513} INFO - Exporting env vars: AIRFLOW_CTX_DAG_OWNER='***' AIRFLOW_CTX_DAG_ID='sqltostaging' AIRFLOW_CTX_TASK_ID='store' AIRFLOW_CTX_EXECUTION_DATE='2024-07-15T00:00:00+00:00' AIRFLOW_CTX_TRY_NUMBER='1' AIRFLOW_CTX_DAG_RUN_ID='scheduled__2024-07-15T00:00:00+00:00'
[2024-07-16T18:37:58.145+0000] {logging_mixin.py:188} INFO - -------------------------------------------- select *  from etlconf.Etl_Process_Mapping where SourceTableName = 'store' and Stage = 'sqltostaging'
[2024-07-16T18:37:58.221+0000] {logging_mixin.py:188} INFO - select *  from etlconf.Etl_Process_Mapping where SourceTableName = 'store' and Stage = 'sqltostaging'
[2024-07-16T18:37:59.592+0000] {logging_mixin.py:188} INFO -    id sourcetablename  ...         stage              last_run_date
0   1           store  ...  sqltostaging 2024-07-16 17:43:04.090290

[1 rows x 15 columns]
[2024-07-16T18:37:59.636+0000] {taskinstance.py:2731} ERROR - Task failed with exception
Traceback (most recent call last):
  File "/home/airflow/.local/lib/python3.8/site-packages/airflow/models/taskinstance.py", line 444, in _execute_task
    result = _execute_callable(context=context, **execute_callable_kwargs)
  File "/home/airflow/.local/lib/python3.8/site-packages/airflow/models/taskinstance.py", line 414, in _execute_callable
    return execute_callable(context=context, **execute_callable_kwargs)
  File "/home/airflow/.local/lib/python3.8/site-packages/airflow/operators/python.py", line 200, in execute
    return_value = self.execute_callable()
  File "/home/airflow/.local/lib/python3.8/site-packages/airflow/operators/python.py", line 217, in execute_callable
    return self.python_callable(*self.op_args, **self.op_kwargs)
  File "/opt/airflow/dags/dag.py", line 45, in process_table
    return  execute(table, stage, tabletype)
  File "/app/main.py", line 26, in execute
    SqlToStaging().create_full().some_function(table, stage)
  File "/app/concretestage/SQLToStaging.py", line 38, in some_function
    sourceDF = getDF(sourcedbname,sourcetablename , sourceschema)
  File "/app/myFramework/utils/utils.py", line 29, in getDF
    cur.execute(query)
psycopg2.errors.FeatureNotSupported: cross-database references are not implemented: "dbstaging.public.dada"
LINE 1: select T.* from dbstaging.public.dada T
                        ^

[2024-07-16T18:37:59.666+0000] {taskinstance.py:1149} INFO - Marking task as FAILED. dag_id=sqltostaging, task_id=store, execution_date=20240715T000000, start_date=20240716T183757, end_date=20240716T183759
[2024-07-16T18:37:59.707+0000] {standard_task_runner.py:107} ERROR - Failed to execute job 40 for task store (cross-database references are not implemented: "dbstaging.public.dada"
LINE 1: select T.* from dbstaging.public.dada T
                        ^
; 261)
[2024-07-16T18:37:59.765+0000] {local_task_job_runner.py:234} INFO - Task exited with return code 1
[2024-07-16T18:37:59.927+0000] {taskinstance.py:3312} INFO - 0 downstream tasks scheduled from follow-on schedule check
[2024-07-16T18:39:44.481+0000] {taskinstance.py:1979} INFO - Dependencies all met for dep_context=non-requeueable deps ti=<TaskInstance: sqltostaging.store scheduled__2024-07-15T00:00:00+00:00 [queued]>
[2024-07-16T18:39:44.496+0000] {taskinstance.py:1979} INFO - Dependencies all met for dep_context=requeueable deps ti=<TaskInstance: sqltostaging.store scheduled__2024-07-15T00:00:00+00:00 [queued]>
[2024-07-16T18:39:44.498+0000] {taskinstance.py:2193} INFO - Starting attempt 1 of 1
[2024-07-16T18:39:44.538+0000] {taskinstance.py:2217} INFO - Executing <Task(PythonOperator): store> on 2024-07-15 00:00:00+00:00
[2024-07-16T18:39:44.565+0000] {standard_task_runner.py:87} INFO - Running: ['***', 'tasks', 'run', 'sqltostaging', 'store', 'scheduled__2024-07-15T00:00:00+00:00', '--job-id', '14', '--raw', '--subdir', 'DAGS_FOLDER/dag.py', '--cfg-path', '/tmp/tmpq2pnegtd']
[2024-07-16T18:39:44.583+0000] {standard_task_runner.py:88} INFO - Job 14: Subtask store
[2024-07-16T18:39:44.574+0000] {standard_task_runner.py:60} INFO - Started process 100 to run task
[2024-07-16T18:39:44.796+0000] {task_command.py:423} INFO - Running <TaskInstance: sqltostaging.store scheduled__2024-07-15T00:00:00+00:00 [running]> on host 7465d1ceecf3
[2024-07-16T18:39:46.688+0000] {taskinstance.py:2513} INFO - Exporting env vars: AIRFLOW_CTX_DAG_OWNER='***' AIRFLOW_CTX_DAG_ID='sqltostaging' AIRFLOW_CTX_TASK_ID='store' AIRFLOW_CTX_EXECUTION_DATE='2024-07-15T00:00:00+00:00' AIRFLOW_CTX_TRY_NUMBER='1' AIRFLOW_CTX_DAG_RUN_ID='scheduled__2024-07-15T00:00:00+00:00'
[2024-07-16T18:39:46.692+0000] {logging_mixin.py:188} INFO - -------------------------------------------- select *  from etlconf.Etl_Process_Mapping where SourceTableName = 'store' and Stage = 'sqltostaging'
[2024-07-16T18:39:46.729+0000] {logging_mixin.py:188} INFO - select *  from etlconf.Etl_Process_Mapping where SourceTableName = 'store' and Stage = 'sqltostaging'
[2024-07-16T18:39:46.868+0000] {logging_mixin.py:188} INFO -    id sourcetablename  ...         stage              last_run_date
0   1           store  ...  sqltostaging 2024-07-16 17:43:04.090290

[1 rows x 15 columns]
[2024-07-16T18:39:46.946+0000] {taskinstance.py:2731} ERROR - Task failed with exception
Traceback (most recent call last):
  File "/home/airflow/.local/lib/python3.8/site-packages/sqlalchemy/engine/base.py", line 3371, in _wrap_pool_connect
    return fn()
  File "/home/airflow/.local/lib/python3.8/site-packages/sqlalchemy/pool/base.py", line 327, in connect
    return _ConnectionFairy._checkout(self)
  File "/home/airflow/.local/lib/python3.8/site-packages/sqlalchemy/pool/base.py", line 894, in _checkout
    fairy = _ConnectionRecord.checkout(pool)
  File "/home/airflow/.local/lib/python3.8/site-packages/sqlalchemy/pool/base.py", line 493, in checkout
    rec = pool._do_get()
  File "/home/airflow/.local/lib/python3.8/site-packages/sqlalchemy/pool/impl.py", line 146, in _do_get
    self._dec_overflow()
  File "/home/airflow/.local/lib/python3.8/site-packages/sqlalchemy/util/langhelpers.py", line 70, in __exit__
    compat.raise_(
  File "/home/airflow/.local/lib/python3.8/site-packages/sqlalchemy/util/compat.py", line 211, in raise_
    raise exception
  File "/home/airflow/.local/lib/python3.8/site-packages/sqlalchemy/pool/impl.py", line 143, in _do_get
    return self._create_connection()
  File "/home/airflow/.local/lib/python3.8/site-packages/sqlalchemy/pool/base.py", line 273, in _create_connection
    return _ConnectionRecord(self)
  File "/home/airflow/.local/lib/python3.8/site-packages/sqlalchemy/pool/base.py", line 388, in __init__
    self.__connect()
  File "/home/airflow/.local/lib/python3.8/site-packages/sqlalchemy/pool/base.py", line 691, in __connect
    pool.logger.debug("Error on connect(): %s", e)
  File "/home/airflow/.local/lib/python3.8/site-packages/sqlalchemy/util/langhelpers.py", line 70, in __exit__
    compat.raise_(
  File "/home/airflow/.local/lib/python3.8/site-packages/sqlalchemy/util/compat.py", line 211, in raise_
    raise exception
  File "/home/airflow/.local/lib/python3.8/site-packages/sqlalchemy/pool/base.py", line 686, in __connect
    self.dbapi_connection = connection = pool._invoke_creator(self)
  File "/home/airflow/.local/lib/python3.8/site-packages/sqlalchemy/engine/create.py", line 574, in connect
    return dialect.connect(*cargs, **cparams)
  File "/home/airflow/.local/lib/python3.8/site-packages/sqlalchemy/engine/default.py", line 598, in connect
    return self.dbapi.connect(*cargs, **cparams)
  File "/home/airflow/.local/lib/python3.8/site-packages/psycopg2/__init__.py", line 122, in connect
    conn = _connect(dsn, connection_factory=connection_factory, **kwasync)
psycopg2.OperationalError: connection to server at "postgres_db" (172.31.0.4), port 9999 failed: FATAL:  database "DBStaging" does not exist


The above exception was the direct cause of the following exception:

Traceback (most recent call last):
  File "/home/airflow/.local/lib/python3.8/site-packages/airflow/models/taskinstance.py", line 444, in _execute_task
    result = _execute_callable(context=context, **execute_callable_kwargs)
  File "/home/airflow/.local/lib/python3.8/site-packages/airflow/models/taskinstance.py", line 414, in _execute_callable
    return execute_callable(context=context, **execute_callable_kwargs)
  File "/home/airflow/.local/lib/python3.8/site-packages/airflow/operators/python.py", line 200, in execute
    return_value = self.execute_callable()
  File "/home/airflow/.local/lib/python3.8/site-packages/airflow/operators/python.py", line 217, in execute_callable
    return self.python_callable(*self.op_args, **self.op_kwargs)
  File "/opt/airflow/dags/dag.py", line 45, in process_table
    return  execute(table, stage, tabletype)
  File "/app/main.py", line 26, in execute
    SqlToStaging().create_full().some_function(table, stage)
  File "/app/concretestage/SQLToStaging.py", line 40, in some_function
    fillPosgres(sourceDF, DestDBName, DestSchema, DestTableName, InsertionType)
  File "/app/myFramework/utils/utils.py", line 36, in fillPosgres
    df.to_sql(tablename, conn.getEngine(dst_dbname)
  File "/home/airflow/.local/lib/python3.8/site-packages/pandas/core/generic.py", line 2878, in to_sql
    return sql.to_sql(
  File "/home/airflow/.local/lib/python3.8/site-packages/pandas/io/sql.py", line 768, in to_sql
    with pandasSQL_builder(con, schema=schema, need_transaction=True) as pandas_sql:
  File "/home/airflow/.local/lib/python3.8/site-packages/pandas/io/sql.py", line 832, in pandasSQL_builder
    return SQLDatabase(con, schema, need_transaction)
  File "/home/airflow/.local/lib/python3.8/site-packages/pandas/io/sql.py", line 1539, in __init__
    con = self.exit_stack.enter_context(con.connect())
  File "/home/airflow/.local/lib/python3.8/site-packages/sqlalchemy/engine/base.py", line 3325, in connect
    return self._connection_cls(self, close_with_result=close_with_result)
  File "/home/airflow/.local/lib/python3.8/site-packages/sqlalchemy/engine/base.py", line 96, in __init__
    else engine.raw_connection()
  File "/home/airflow/.local/lib/python3.8/site-packages/sqlalchemy/engine/base.py", line 3404, in raw_connection
    return self._wrap_pool_connect(self.pool.connect, _connection)
  File "/home/airflow/.local/lib/python3.8/site-packages/sqlalchemy/engine/base.py", line 3374, in _wrap_pool_connect
    Connection._handle_dbapi_exception_noconnection(
  File "/home/airflow/.local/lib/python3.8/site-packages/sqlalchemy/engine/base.py", line 2208, in _handle_dbapi_exception_noconnection
    util.raise_(
  File "/home/airflow/.local/lib/python3.8/site-packages/sqlalchemy/util/compat.py", line 211, in raise_
    raise exception
  File "/home/airflow/.local/lib/python3.8/site-packages/sqlalchemy/engine/base.py", line 3371, in _wrap_pool_connect
    return fn()
  File "/home/airflow/.local/lib/python3.8/site-packages/sqlalchemy/pool/base.py", line 327, in connect
    return _ConnectionFairy._checkout(self)
  File "/home/airflow/.local/lib/python3.8/site-packages/sqlalchemy/pool/base.py", line 894, in _checkout
    fairy = _ConnectionRecord.checkout(pool)
  File "/home/airflow/.local/lib/python3.8/site-packages/sqlalchemy/pool/base.py", line 493, in checkout
    rec = pool._do_get()
  File "/home/airflow/.local/lib/python3.8/site-packages/sqlalchemy/pool/impl.py", line 146, in _do_get
    self._dec_overflow()
  File "/home/airflow/.local/lib/python3.8/site-packages/sqlalchemy/util/langhelpers.py", line 70, in __exit__
    compat.raise_(
  File "/home/airflow/.local/lib/python3.8/site-packages/sqlalchemy/util/compat.py", line 211, in raise_
    raise exception
  File "/home/airflow/.local/lib/python3.8/site-packages/sqlalchemy/pool/impl.py", line 143, in _do_get
    return self._create_connection()
  File "/home/airflow/.local/lib/python3.8/site-packages/sqlalchemy/pool/base.py", line 273, in _create_connection
    return _ConnectionRecord(self)
  File "/home/airflow/.local/lib/python3.8/site-packages/sqlalchemy/pool/base.py", line 388, in __init__
    self.__connect()
  File "/home/airflow/.local/lib/python3.8/site-packages/sqlalchemy/pool/base.py", line 691, in __connect
    pool.logger.debug("Error on connect(): %s", e)
  File "/home/airflow/.local/lib/python3.8/site-packages/sqlalchemy/util/langhelpers.py", line 70, in __exit__
    compat.raise_(
  File "/home/airflow/.local/lib/python3.8/site-packages/sqlalchemy/util/compat.py", line 211, in raise_
    raise exception
  File "/home/airflow/.local/lib/python3.8/site-packages/sqlalchemy/pool/base.py", line 686, in __connect
    self.dbapi_connection = connection = pool._invoke_creator(self)
  File "/home/airflow/.local/lib/python3.8/site-packages/sqlalchemy/engine/create.py", line 574, in connect
    return dialect.connect(*cargs, **cparams)
  File "/home/airflow/.local/lib/python3.8/site-packages/sqlalchemy/engine/default.py", line 598, in connect
    return self.dbapi.connect(*cargs, **cparams)
  File "/home/airflow/.local/lib/python3.8/site-packages/psycopg2/__init__.py", line 122, in connect
    conn = _connect(dsn, connection_factory=connection_factory, **kwasync)
sqlalchemy.exc.OperationalError: (psycopg2.OperationalError) connection to server at "postgres_db" (172.31.0.4), port 9999 failed: FATAL:  database "DBStaging" does not exist

(Background on this error at: https://sqlalche.me/e/14/e3q8)
[2024-07-16T18:39:46.960+0000] {taskinstance.py:1149} INFO - Marking task as FAILED. dag_id=sqltostaging, task_id=store, execution_date=20240715T000000, start_date=20240716T183944, end_date=20240716T183946
[2024-07-16T18:39:46.970+0000] {standard_task_runner.py:107} ERROR - Failed to execute job 14 for task store ((psycopg2.OperationalError) connection to server at "postgres_db" (172.31.0.4), port 9999 failed: FATAL:  database "DBStaging" does not exist

(Background on this error at: https://sqlalche.me/e/14/e3q8); 100)
[2024-07-16T18:39:47.018+0000] {local_task_job_runner.py:234} INFO - Task exited with return code 1
[2024-07-16T18:39:47.044+0000] {taskinstance.py:3312} INFO - 0 downstream tasks scheduled from follow-on schedule check
[2024-07-16T18:45:08.270+0000] {taskinstance.py:1979} INFO - Dependencies all met for dep_context=non-requeueable deps ti=<TaskInstance: sqltostaging.store scheduled__2024-07-15T00:00:00+00:00 [queued]>
[2024-07-16T18:45:08.309+0000] {taskinstance.py:1979} INFO - Dependencies all met for dep_context=requeueable deps ti=<TaskInstance: sqltostaging.store scheduled__2024-07-15T00:00:00+00:00 [queued]>
[2024-07-16T18:45:08.313+0000] {taskinstance.py:2193} INFO - Starting attempt 1 of 1
[2024-07-16T18:45:08.390+0000] {taskinstance.py:2217} INFO - Executing <Task(PythonOperator): store> on 2024-07-15 00:00:00+00:00
[2024-07-16T18:45:08.399+0000] {standard_task_runner.py:60} INFO - Started process 91 to run task
[2024-07-16T18:45:08.444+0000] {standard_task_runner.py:87} INFO - Running: ['***', 'tasks', 'run', 'sqltostaging', 'store', 'scheduled__2024-07-15T00:00:00+00:00', '--job-id', '11', '--raw', '--subdir', 'DAGS_FOLDER/dag.py', '--cfg-path', '/tmp/tmpg30_xdal']
[2024-07-16T18:45:08.458+0000] {standard_task_runner.py:88} INFO - Job 11: Subtask store
[2024-07-16T18:45:08.736+0000] {task_command.py:423} INFO - Running <TaskInstance: sqltostaging.store scheduled__2024-07-15T00:00:00+00:00 [running]> on host 2e3dbb9eb862
[2024-07-16T18:45:12.439+0000] {taskinstance.py:2513} INFO - Exporting env vars: AIRFLOW_CTX_DAG_OWNER='***' AIRFLOW_CTX_DAG_ID='sqltostaging' AIRFLOW_CTX_TASK_ID='store' AIRFLOW_CTX_EXECUTION_DATE='2024-07-15T00:00:00+00:00' AIRFLOW_CTX_TRY_NUMBER='1' AIRFLOW_CTX_DAG_RUN_ID='scheduled__2024-07-15T00:00:00+00:00'
[2024-07-16T18:45:12.446+0000] {logging_mixin.py:188} INFO - -------------------------------------------- select *  from etlconf.Etl_Process_Mapping where SourceTableName = 'store' and Stage = 'sqltostaging'
[2024-07-16T18:45:12.534+0000] {logging_mixin.py:188} INFO - select *  from etlconf.Etl_Process_Mapping where SourceTableName = 'store' and Stage = 'sqltostaging'
[2024-07-16T18:45:12.821+0000] {logging_mixin.py:188} INFO -    id sourcetablename  ...         stage              last_run_date
0   1           store  ...  sqltostaging 2024-07-16 17:43:04.090290

[1 rows x 15 columns]
[2024-07-16T18:45:13.091+0000] {logging_mixin.py:188} INFO - update etlconf.Etl_Process_Mapping T set last_run_date = current_timestamp where destdbname='dbstaging' and destschema='dvdrental' and desttablename='store';
[2024-07-16T18:45:13.253+0000] {python.py:202} INFO - Done. Returned value was: None
[2024-07-16T18:45:13.300+0000] {taskinstance.py:1149} INFO - Marking task as SUCCESS. dag_id=sqltostaging, task_id=store, execution_date=20240715T000000, start_date=20240716T184508, end_date=20240716T184513
[2024-07-16T18:45:13.351+0000] {local_task_job_runner.py:234} INFO - Task exited with return code 0
[2024-07-16T18:45:13.432+0000] {taskinstance.py:3312} INFO - 0 downstream tasks scheduled from follow-on schedule check
[2024-07-16T18:51:27.608+0000] {taskinstance.py:1979} INFO - Dependencies all met for dep_context=non-requeueable deps ti=<TaskInstance: sqltostaging.store scheduled__2024-07-15T00:00:00+00:00 [queued]>
[2024-07-16T18:51:27.627+0000] {taskinstance.py:1979} INFO - Dependencies all met for dep_context=requeueable deps ti=<TaskInstance: sqltostaging.store scheduled__2024-07-15T00:00:00+00:00 [queued]>
[2024-07-16T18:51:27.630+0000] {taskinstance.py:2193} INFO - Starting attempt 1 of 1
[2024-07-16T18:51:27.700+0000] {taskinstance.py:2217} INFO - Executing <Task(PythonOperator): store> on 2024-07-15 00:00:00+00:00
[2024-07-16T18:51:27.738+0000] {standard_task_runner.py:60} INFO - Started process 164 to run task
[2024-07-16T18:51:27.760+0000] {standard_task_runner.py:87} INFO - Running: ['***', 'tasks', 'run', 'sqltostaging', 'store', 'scheduled__2024-07-15T00:00:00+00:00', '--job-id', '17', '--raw', '--subdir', 'DAGS_FOLDER/dag.py', '--cfg-path', '/tmp/tmpqwod7ph0']
[2024-07-16T18:51:27.767+0000] {standard_task_runner.py:88} INFO - Job 17: Subtask store
[2024-07-16T18:51:28.011+0000] {task_command.py:423} INFO - Running <TaskInstance: sqltostaging.store scheduled__2024-07-15T00:00:00+00:00 [running]> on host 7844bece6866
[2024-07-16T18:51:29.768+0000] {taskinstance.py:2513} INFO - Exporting env vars: AIRFLOW_CTX_DAG_OWNER='***' AIRFLOW_CTX_DAG_ID='sqltostaging' AIRFLOW_CTX_TASK_ID='store' AIRFLOW_CTX_EXECUTION_DATE='2024-07-15T00:00:00+00:00' AIRFLOW_CTX_TRY_NUMBER='1' AIRFLOW_CTX_DAG_RUN_ID='scheduled__2024-07-15T00:00:00+00:00'
[2024-07-16T18:51:29.773+0000] {logging_mixin.py:188} INFO - -------------------------------------------- select *  from etlconf.Etl_Process_Mapping where SourceTableName = 'store' and Stage = 'sqltostaging'
[2024-07-16T18:51:29.810+0000] {logging_mixin.py:188} INFO - select *  from etlconf.Etl_Process_Mapping where SourceTableName = 'store' and Stage = 'sqltostaging'
[2024-07-16T18:51:29.856+0000] {logging_mixin.py:188} INFO -    id sourcetablename  ...         stage              last_run_date
0   1           store  ...  sqltostaging 2024-07-16 18:45:13.232358

[1 rows x 15 columns]
[2024-07-16T18:51:30.009+0000] {logging_mixin.py:188} INFO - update etlconf.Etl_Process_Mapping T set last_run_date = current_timestamp where destdbname='dbstaging' and destschema='dvdrental' and desttablename='store';
[2024-07-16T18:51:30.023+0000] {python.py:202} INFO - Done. Returned value was: None
[2024-07-16T18:51:30.034+0000] {taskinstance.py:1149} INFO - Marking task as SUCCESS. dag_id=sqltostaging, task_id=store, execution_date=20240715T000000, start_date=20240716T185127, end_date=20240716T185130
[2024-07-16T18:51:30.087+0000] {local_task_job_runner.py:234} INFO - Task exited with return code 0
[2024-07-16T18:51:30.098+0000] {taskinstance.py:3312} INFO - 0 downstream tasks scheduled from follow-on schedule check
[2024-07-16T18:53:09.006+0000] {taskinstance.py:1979} INFO - Dependencies all met for dep_context=non-requeueable deps ti=<TaskInstance: sqltostaging.store scheduled__2024-07-15T00:00:00+00:00 [queued]>
[2024-07-16T18:53:09.091+0000] {taskinstance.py:1979} INFO - Dependencies all met for dep_context=requeueable deps ti=<TaskInstance: sqltostaging.store scheduled__2024-07-15T00:00:00+00:00 [queued]>
[2024-07-16T18:53:09.093+0000] {taskinstance.py:2193} INFO - Starting attempt 1 of 1
[2024-07-16T18:53:09.134+0000] {taskinstance.py:2217} INFO - Executing <Task(PythonOperator): store> on 2024-07-15 00:00:00+00:00
[2024-07-16T18:53:09.169+0000] {standard_task_runner.py:60} INFO - Started process 94 to run task
[2024-07-16T18:53:09.219+0000] {standard_task_runner.py:87} INFO - Running: ['***', 'tasks', 'run', 'sqltostaging', 'store', 'scheduled__2024-07-15T00:00:00+00:00', '--job-id', '13', '--raw', '--subdir', 'DAGS_FOLDER/dag.py', '--cfg-path', '/tmp/tmp4yivo594']
[2024-07-16T18:53:09.224+0000] {standard_task_runner.py:88} INFO - Job 13: Subtask store
[2024-07-16T18:53:09.409+0000] {task_command.py:423} INFO - Running <TaskInstance: sqltostaging.store scheduled__2024-07-15T00:00:00+00:00 [running]> on host 6ef7a8da30c0
[2024-07-16T18:53:11.035+0000] {taskinstance.py:2513} INFO - Exporting env vars: AIRFLOW_CTX_DAG_OWNER='***' AIRFLOW_CTX_DAG_ID='sqltostaging' AIRFLOW_CTX_TASK_ID='store' AIRFLOW_CTX_EXECUTION_DATE='2024-07-15T00:00:00+00:00' AIRFLOW_CTX_TRY_NUMBER='1' AIRFLOW_CTX_DAG_RUN_ID='scheduled__2024-07-15T00:00:00+00:00'
[2024-07-16T18:53:11.046+0000] {logging_mixin.py:188} INFO - -------------------------------------------- select *  from etlconf.Etl_Process_Mapping where SourceTableName = 'store' and Stage = 'sqltostaging'
[2024-07-16T18:53:11.168+0000] {logging_mixin.py:188} INFO - select *  from etlconf.Etl_Process_Mapping where SourceTableName = 'store' and Stage = 'sqltostaging'
[2024-07-16T18:53:11.312+0000] {logging_mixin.py:188} INFO -    id sourcetablename  ...         stage              last_run_date
0   1           store  ...  sqltostaging 2024-07-16 18:51:30.021603

[1 rows x 15 columns]
[2024-07-16T18:53:11.741+0000] {logging_mixin.py:188} INFO - update etlconf.Etl_Process_Mapping T set last_run_date = current_timestamp where destdbname='dbstaging' and destschema='dvdrental' and desttablename='store';
[2024-07-16T18:53:11.775+0000] {python.py:202} INFO - Done. Returned value was: None
[2024-07-16T18:53:11.791+0000] {taskinstance.py:1149} INFO - Marking task as SUCCESS. dag_id=sqltostaging, task_id=store, execution_date=20240715T000000, start_date=20240716T185309, end_date=20240716T185311
[2024-07-16T18:53:11.840+0000] {local_task_job_runner.py:234} INFO - Task exited with return code 0
[2024-07-16T18:53:11.866+0000] {taskinstance.py:3312} INFO - 0 downstream tasks scheduled from follow-on schedule check
[2024-07-16T18:56:02.251+0000] {taskinstance.py:1979} INFO - Dependencies all met for dep_context=non-requeueable deps ti=<TaskInstance: sqltostaging.store scheduled__2024-07-15T00:00:00+00:00 [queued]>
[2024-07-16T18:56:02.309+0000] {taskinstance.py:1979} INFO - Dependencies all met for dep_context=requeueable deps ti=<TaskInstance: sqltostaging.store scheduled__2024-07-15T00:00:00+00:00 [queued]>
[2024-07-16T18:56:02.325+0000] {taskinstance.py:2193} INFO - Starting attempt 1 of 1
[2024-07-16T18:56:02.419+0000] {taskinstance.py:2217} INFO - Executing <Task(PythonOperator): store> on 2024-07-15 00:00:00+00:00
[2024-07-16T18:56:02.481+0000] {standard_task_runner.py:60} INFO - Started process 90 to run task
[2024-07-16T18:56:02.504+0000] {standard_task_runner.py:87} INFO - Running: ['***', 'tasks', 'run', 'sqltostaging', 'store', 'scheduled__2024-07-15T00:00:00+00:00', '--job-id', '4', '--raw', '--subdir', 'DAGS_FOLDER/dag.py', '--cfg-path', '/tmp/tmpcll3gtja']
[2024-07-16T18:56:02.513+0000] {standard_task_runner.py:88} INFO - Job 4: Subtask store
[2024-07-16T18:56:02.664+0000] {task_command.py:423} INFO - Running <TaskInstance: sqltostaging.store scheduled__2024-07-15T00:00:00+00:00 [running]> on host 1733eeb0def3
[2024-07-16T18:56:05.648+0000] {taskinstance.py:2513} INFO - Exporting env vars: AIRFLOW_CTX_DAG_OWNER='***' AIRFLOW_CTX_DAG_ID='sqltostaging' AIRFLOW_CTX_TASK_ID='store' AIRFLOW_CTX_EXECUTION_DATE='2024-07-15T00:00:00+00:00' AIRFLOW_CTX_TRY_NUMBER='1' AIRFLOW_CTX_DAG_RUN_ID='scheduled__2024-07-15T00:00:00+00:00'
[2024-07-16T18:56:05.658+0000] {logging_mixin.py:188} INFO - -------------------------------------------- select *  from etlconf.Etl_Process_Mapping where SourceTableName = 'store' and Stage = 'sqltostaging'
[2024-07-16T18:56:05.924+0000] {logging_mixin.py:188} INFO - select *  from etlconf.Etl_Process_Mapping where SourceTableName = 'store' and Stage = 'sqltostaging'
[2024-07-16T18:56:06.285+0000] {logging_mixin.py:188} INFO -    id sourcetablename  ...         stage              last_run_date
0   1           store  ...  sqltostaging 2024-07-16 18:53:11.770662

[1 rows x 15 columns]
[2024-07-16T18:56:09.090+0000] {logging_mixin.py:188} INFO - update etlconf.Etl_Process_Mapping T set last_run_date = current_timestamp where destdbname='dbstaging' and destschema='dvdrental' and desttablename='store';
[2024-07-16T18:56:09.391+0000] {python.py:202} INFO - Done. Returned value was: None
[2024-07-16T18:56:09.442+0000] {taskinstance.py:1149} INFO - Marking task as SUCCESS. dag_id=sqltostaging, task_id=store, execution_date=20240715T000000, start_date=20240716T185602, end_date=20240716T185609
[2024-07-16T18:56:09.678+0000] {local_task_job_runner.py:234} INFO - Task exited with return code 0
[2024-07-16T18:56:09.836+0000] {taskinstance.py:3312} INFO - 0 downstream tasks scheduled from follow-on schedule check
