[2024-07-23T17:12:33.282+0000] {taskinstance.py:1979} INFO - Dependencies all met for dep_context=non-requeueable deps ti=<TaskInstance: stagingtodv.language scheduled__2024-07-22T00:00:00+00:00 [queued]>
[2024-07-23T17:12:33.297+0000] {taskinstance.py:1979} INFO - Dependencies all met for dep_context=requeueable deps ti=<TaskInstance: stagingtodv.language scheduled__2024-07-22T00:00:00+00:00 [queued]>
[2024-07-23T17:12:33.299+0000] {taskinstance.py:2193} INFO - Starting attempt 1 of 1
[2024-07-23T17:12:33.319+0000] {taskinstance.py:2217} INFO - Executing <Task(PythonOperator): language> on 2024-07-22 00:00:00+00:00
[2024-07-23T17:12:33.328+0000] {standard_task_runner.py:60} INFO - Started process 82 to run task
[2024-07-23T17:12:33.332+0000] {standard_task_runner.py:87} INFO - Running: ['***', 'tasks', 'run', 'stagingtodv', 'language', 'scheduled__2024-07-22T00:00:00+00:00', '--job-id', '22', '--raw', '--subdir', 'DAGS_FOLDER/dag.py', '--cfg-path', '/tmp/tmpo3s4spjm']
[2024-07-23T17:12:33.348+0000] {standard_task_runner.py:88} INFO - Job 22: Subtask language
[2024-07-23T17:12:33.464+0000] {task_command.py:423} INFO - Running <TaskInstance: stagingtodv.language scheduled__2024-07-22T00:00:00+00:00 [running]> on host f59a56d3cdcb
[2024-07-23T17:12:33.638+0000] {taskinstance.py:2513} INFO - Exporting env vars: AIRFLOW_CTX_DAG_OWNER='***' AIRFLOW_CTX_DAG_ID='stagingtodv' AIRFLOW_CTX_TASK_ID='language' AIRFLOW_CTX_EXECUTION_DATE='2024-07-22T00:00:00+00:00' AIRFLOW_CTX_TRY_NUMBER='1' AIRFLOW_CTX_DAG_RUN_ID='scheduled__2024-07-22T00:00:00+00:00'
[2024-07-23T17:12:33.643+0000] {logging_mixin.py:188} INFO - -------------------------------------------- select *  from etlconf.Etl_Process_Mapping where SourceTableName = 'language' and Stage = 'stagingtodv'
[2024-07-23T17:12:35.051+0000] {logging_mixin.py:188} INFO - update etlconf.Etl_Process_Mapping T set last_run_date = current_timestamp where destdbname='dbdv' and destschema='dvdrental' and desttablename='language';
[2024-07-23T17:12:35.090+0000] {python.py:202} INFO - Done. Returned value was: None
[2024-07-23T17:12:35.100+0000] {taskinstance.py:1149} INFO - Marking task as SUCCESS. dag_id=stagingtodv, task_id=language, execution_date=20240722T000000, start_date=20240723T171233, end_date=20240723T171235
[2024-07-23T17:12:35.138+0000] {local_task_job_runner.py:234} INFO - Task exited with return code 0
[2024-07-23T17:12:35.165+0000] {taskinstance.py:3312} INFO - 0 downstream tasks scheduled from follow-on schedule check
[2024-07-23T17:54:16.416+0000] {taskinstance.py:1979} INFO - Dependencies all met for dep_context=non-requeueable deps ti=<TaskInstance: stagingtodv.language scheduled__2024-07-22T00:00:00+00:00 [queued]>
[2024-07-23T17:54:16.443+0000] {taskinstance.py:1979} INFO - Dependencies all met for dep_context=requeueable deps ti=<TaskInstance: stagingtodv.language scheduled__2024-07-22T00:00:00+00:00 [queued]>
[2024-07-23T17:54:16.446+0000] {taskinstance.py:2193} INFO - Starting attempt 1 of 1
[2024-07-23T17:54:16.511+0000] {taskinstance.py:2217} INFO - Executing <Task(PythonOperator): language> on 2024-07-22 00:00:00+00:00
[2024-07-23T17:54:16.526+0000] {standard_task_runner.py:60} INFO - Started process 94 to run task
[2024-07-23T17:54:16.543+0000] {standard_task_runner.py:87} INFO - Running: ['***', 'tasks', 'run', 'stagingtodv', 'language', 'scheduled__2024-07-22T00:00:00+00:00', '--job-id', '16', '--raw', '--subdir', 'DAGS_FOLDER/dag.py', '--cfg-path', '/tmp/tmpfkny6e06']
[2024-07-23T17:54:16.571+0000] {standard_task_runner.py:88} INFO - Job 16: Subtask language
[2024-07-23T17:54:16.644+0000] {task_command.py:423} INFO - Running <TaskInstance: stagingtodv.language scheduled__2024-07-22T00:00:00+00:00 [running]> on host 3c1c8f0ee07d
[2024-07-23T17:54:17.739+0000] {taskinstance.py:2513} INFO - Exporting env vars: AIRFLOW_CTX_DAG_OWNER='***' AIRFLOW_CTX_DAG_ID='stagingtodv' AIRFLOW_CTX_TASK_ID='language' AIRFLOW_CTX_EXECUTION_DATE='2024-07-22T00:00:00+00:00' AIRFLOW_CTX_TRY_NUMBER='1' AIRFLOW_CTX_DAG_RUN_ID='scheduled__2024-07-22T00:00:00+00:00'
[2024-07-23T17:54:17.741+0000] {logging_mixin.py:188} INFO - -------------------------------------------- select *  from etlconf.Etl_Process_Mapping where SourceTableName = 'language' and Stage = 'stagingtodv'
[2024-07-23T17:54:18.056+0000] {logging_mixin.py:188} INFO - update etlconf.Etl_Process_Mapping T set last_run_date = current_timestamp where destdbname='dbdv' and destschema='dvdrental' and desttablename='language';
[2024-07-23T17:54:18.079+0000] {python.py:202} INFO - Done. Returned value was: None
[2024-07-23T17:54:18.087+0000] {taskinstance.py:1149} INFO - Marking task as SUCCESS. dag_id=stagingtodv, task_id=language, execution_date=20240722T000000, start_date=20240723T175416, end_date=20240723T175418
[2024-07-23T17:54:18.120+0000] {local_task_job_runner.py:234} INFO - Task exited with return code 0
[2024-07-23T17:54:18.151+0000] {taskinstance.py:3312} INFO - 0 downstream tasks scheduled from follow-on schedule check
[2024-07-23T18:01:02.200+0000] {taskinstance.py:1979} INFO - Dependencies all met for dep_context=non-requeueable deps ti=<TaskInstance: stagingtodv.language scheduled__2024-07-22T00:00:00+00:00 [queued]>
[2024-07-23T18:01:02.219+0000] {taskinstance.py:1979} INFO - Dependencies all met for dep_context=requeueable deps ti=<TaskInstance: stagingtodv.language scheduled__2024-07-22T00:00:00+00:00 [queued]>
[2024-07-23T18:01:02.224+0000] {taskinstance.py:2193} INFO - Starting attempt 1 of 1
[2024-07-23T18:01:02.262+0000] {taskinstance.py:2217} INFO - Executing <Task(PythonOperator): language> on 2024-07-22 00:00:00+00:00
[2024-07-23T18:01:02.288+0000] {standard_task_runner.py:60} INFO - Started process 93 to run task
[2024-07-23T18:01:02.303+0000] {standard_task_runner.py:87} INFO - Running: ['***', 'tasks', 'run', 'stagingtodv', 'language', 'scheduled__2024-07-22T00:00:00+00:00', '--job-id', '15', '--raw', '--subdir', 'DAGS_FOLDER/dag.py', '--cfg-path', '/tmp/tmp2ncuxtsb']
[2024-07-23T18:01:02.321+0000] {standard_task_runner.py:88} INFO - Job 15: Subtask language
[2024-07-23T18:01:02.434+0000] {task_command.py:423} INFO - Running <TaskInstance: stagingtodv.language scheduled__2024-07-22T00:00:00+00:00 [running]> on host 315a231b27e5
[2024-07-23T18:01:03.154+0000] {taskinstance.py:2513} INFO - Exporting env vars: AIRFLOW_CTX_DAG_OWNER='***' AIRFLOW_CTX_DAG_ID='stagingtodv' AIRFLOW_CTX_TASK_ID='language' AIRFLOW_CTX_EXECUTION_DATE='2024-07-22T00:00:00+00:00' AIRFLOW_CTX_TRY_NUMBER='1' AIRFLOW_CTX_DAG_RUN_ID='scheduled__2024-07-22T00:00:00+00:00'
[2024-07-23T18:01:03.160+0000] {logging_mixin.py:188} INFO - -------------------------------------------- select *  from etlconf.Etl_Process_Mapping where SourceTableName = 'language' and Stage = 'stagingtodv'
[2024-07-23T18:01:03.522+0000] {logging_mixin.py:188} INFO - update etlconf.Etl_Process_Mapping T set last_run_date = current_timestamp where destdbname='dbdv' and destschema='dvdrental' and desttablename='language';
[2024-07-23T18:01:03.549+0000] {python.py:202} INFO - Done. Returned value was: None
[2024-07-23T18:01:03.561+0000] {taskinstance.py:1149} INFO - Marking task as SUCCESS. dag_id=stagingtodv, task_id=language, execution_date=20240722T000000, start_date=20240723T180102, end_date=20240723T180103
[2024-07-23T18:01:03.612+0000] {local_task_job_runner.py:234} INFO - Task exited with return code 0
[2024-07-23T18:01:03.646+0000] {taskinstance.py:3312} INFO - 0 downstream tasks scheduled from follow-on schedule check
[2024-07-23T18:04:01.214+0000] {taskinstance.py:1979} INFO - Dependencies all met for dep_context=non-requeueable deps ti=<TaskInstance: stagingtodv.language scheduled__2024-07-22T00:00:00+00:00 [queued]>
[2024-07-23T18:04:01.229+0000] {taskinstance.py:1979} INFO - Dependencies all met for dep_context=requeueable deps ti=<TaskInstance: stagingtodv.language scheduled__2024-07-22T00:00:00+00:00 [queued]>
[2024-07-23T18:04:01.232+0000] {taskinstance.py:2193} INFO - Starting attempt 1 of 1
[2024-07-23T18:04:01.270+0000] {taskinstance.py:2217} INFO - Executing <Task(PythonOperator): language> on 2024-07-22 00:00:00+00:00
[2024-07-23T18:04:01.274+0000] {standard_task_runner.py:60} INFO - Started process 95 to run task
[2024-07-23T18:04:01.287+0000] {standard_task_runner.py:87} INFO - Running: ['***', 'tasks', 'run', 'stagingtodv', 'language', 'scheduled__2024-07-22T00:00:00+00:00', '--job-id', '10', '--raw', '--subdir', 'DAGS_FOLDER/dag.py', '--cfg-path', '/tmp/tmpxry3b5he']
[2024-07-23T18:04:01.301+0000] {standard_task_runner.py:88} INFO - Job 10: Subtask language
[2024-07-23T18:04:01.490+0000] {task_command.py:423} INFO - Running <TaskInstance: stagingtodv.language scheduled__2024-07-22T00:00:00+00:00 [running]> on host e53715a5cddb
[2024-07-23T18:04:02.447+0000] {taskinstance.py:2513} INFO - Exporting env vars: AIRFLOW_CTX_DAG_OWNER='***' AIRFLOW_CTX_DAG_ID='stagingtodv' AIRFLOW_CTX_TASK_ID='language' AIRFLOW_CTX_EXECUTION_DATE='2024-07-22T00:00:00+00:00' AIRFLOW_CTX_TRY_NUMBER='1' AIRFLOW_CTX_DAG_RUN_ID='scheduled__2024-07-22T00:00:00+00:00'
[2024-07-23T18:04:02.453+0000] {logging_mixin.py:188} INFO - -------------------------------------------- select *  from etlconf.Etl_Process_Mapping where SourceTableName = 'language' and Stage = 'stagingtodv'
[2024-07-23T18:04:02.651+0000] {logging_mixin.py:188} INFO - update etlconf.Etl_Process_Mapping T set last_run_date = current_timestamp where destdbname='dbdv' and destschema='dvdrental' and desttablename='language';
[2024-07-23T18:04:02.676+0000] {python.py:202} INFO - Done. Returned value was: None
[2024-07-23T18:04:02.691+0000] {taskinstance.py:1149} INFO - Marking task as SUCCESS. dag_id=stagingtodv, task_id=language, execution_date=20240722T000000, start_date=20240723T180401, end_date=20240723T180402
[2024-07-23T18:04:02.721+0000] {local_task_job_runner.py:234} INFO - Task exited with return code 0
[2024-07-23T18:04:02.733+0000] {taskinstance.py:3312} INFO - 0 downstream tasks scheduled from follow-on schedule check
[2024-07-23T18:06:47.964+0000] {taskinstance.py:1979} INFO - Dependencies all met for dep_context=non-requeueable deps ti=<TaskInstance: stagingtodv.language scheduled__2024-07-22T00:00:00+00:00 [queued]>
[2024-07-23T18:06:47.991+0000] {taskinstance.py:1979} INFO - Dependencies all met for dep_context=requeueable deps ti=<TaskInstance: stagingtodv.language scheduled__2024-07-22T00:00:00+00:00 [queued]>
[2024-07-23T18:06:47.998+0000] {taskinstance.py:2193} INFO - Starting attempt 1 of 1
[2024-07-23T18:06:48.058+0000] {taskinstance.py:2217} INFO - Executing <Task(PythonOperator): language> on 2024-07-22 00:00:00+00:00
[2024-07-23T18:06:48.085+0000] {standard_task_runner.py:60} INFO - Started process 93 to run task
[2024-07-23T18:06:48.106+0000] {standard_task_runner.py:87} INFO - Running: ['***', 'tasks', 'run', 'stagingtodv', 'language', 'scheduled__2024-07-22T00:00:00+00:00', '--job-id', '6', '--raw', '--subdir', 'DAGS_FOLDER/dag.py', '--cfg-path', '/tmp/tmpy0of4m06']
[2024-07-23T18:06:48.126+0000] {standard_task_runner.py:88} INFO - Job 6: Subtask language
[2024-07-23T18:06:48.253+0000] {task_command.py:423} INFO - Running <TaskInstance: stagingtodv.language scheduled__2024-07-22T00:00:00+00:00 [running]> on host 4611c3991cbb
[2024-07-23T18:06:49.344+0000] {taskinstance.py:2513} INFO - Exporting env vars: AIRFLOW_CTX_DAG_OWNER='***' AIRFLOW_CTX_DAG_ID='stagingtodv' AIRFLOW_CTX_TASK_ID='language' AIRFLOW_CTX_EXECUTION_DATE='2024-07-22T00:00:00+00:00' AIRFLOW_CTX_TRY_NUMBER='1' AIRFLOW_CTX_DAG_RUN_ID='scheduled__2024-07-22T00:00:00+00:00'
[2024-07-23T18:06:49.345+0000] {logging_mixin.py:188} INFO - -------------------------------------------- select *  from etlconf.Etl_Process_Mapping where SourceTableName = 'language' and Stage = 'stagingtodv'
[2024-07-23T18:06:49.500+0000] {logging_mixin.py:188} INFO - update etlconf.Etl_Process_Mapping T set last_run_date = current_timestamp where destdbname='dbdv' and destschema='dvdrental' and desttablename='language';
[2024-07-23T18:06:49.547+0000] {python.py:202} INFO - Done. Returned value was: None
[2024-07-23T18:06:49.577+0000] {taskinstance.py:1149} INFO - Marking task as SUCCESS. dag_id=stagingtodv, task_id=language, execution_date=20240722T000000, start_date=20240723T180647, end_date=20240723T180649
[2024-07-23T18:06:49.612+0000] {local_task_job_runner.py:234} INFO - Task exited with return code 0
[2024-07-23T18:06:49.638+0000] {taskinstance.py:3312} INFO - 0 downstream tasks scheduled from follow-on schedule check
[2024-07-23T18:29:37.583+0000] {taskinstance.py:1979} INFO - Dependencies all met for dep_context=non-requeueable deps ti=<TaskInstance: stagingtodv.language scheduled__2024-07-22T00:00:00+00:00 [queued]>
[2024-07-23T18:29:37.604+0000] {taskinstance.py:1979} INFO - Dependencies all met for dep_context=requeueable deps ti=<TaskInstance: stagingtodv.language scheduled__2024-07-22T00:00:00+00:00 [queued]>
[2024-07-23T18:29:37.613+0000] {taskinstance.py:2193} INFO - Starting attempt 1 of 1
[2024-07-23T18:29:37.645+0000] {taskinstance.py:2217} INFO - Executing <Task(PythonOperator): language> on 2024-07-22 00:00:00+00:00
[2024-07-23T18:29:37.655+0000] {standard_task_runner.py:60} INFO - Started process 96 to run task
[2024-07-23T18:29:37.662+0000] {standard_task_runner.py:87} INFO - Running: ['***', 'tasks', 'run', 'stagingtodv', 'language', 'scheduled__2024-07-22T00:00:00+00:00', '--job-id', '10', '--raw', '--subdir', 'DAGS_FOLDER/dag.py', '--cfg-path', '/tmp/tmpcht08918']
[2024-07-23T18:29:37.673+0000] {standard_task_runner.py:88} INFO - Job 10: Subtask language
[2024-07-23T18:29:37.790+0000] {task_command.py:423} INFO - Running <TaskInstance: stagingtodv.language scheduled__2024-07-22T00:00:00+00:00 [running]> on host c954f6e68ded
[2024-07-23T18:29:38.601+0000] {taskinstance.py:2513} INFO - Exporting env vars: AIRFLOW_CTX_DAG_OWNER='***' AIRFLOW_CTX_DAG_ID='stagingtodv' AIRFLOW_CTX_TASK_ID='language' AIRFLOW_CTX_EXECUTION_DATE='2024-07-22T00:00:00+00:00' AIRFLOW_CTX_TRY_NUMBER='1' AIRFLOW_CTX_DAG_RUN_ID='scheduled__2024-07-22T00:00:00+00:00'
[2024-07-23T18:29:38.608+0000] {logging_mixin.py:188} INFO - -------------------------------------------- select *  from etlconf.Etl_Process_Mapping where SourceTableName = 'language' and Stage = 'stagingtodv'
[2024-07-23T18:29:38.919+0000] {logging_mixin.py:188} INFO - update etlconf.Etl_Process_Mapping T set last_run_date = current_timestamp where destdbname='dbdv' and destschema='dvdrental' and desttablename='language';
[2024-07-23T18:29:38.940+0000] {python.py:202} INFO - Done. Returned value was: None
[2024-07-23T18:29:38.951+0000] {taskinstance.py:1149} INFO - Marking task as SUCCESS. dag_id=stagingtodv, task_id=language, execution_date=20240722T000000, start_date=20240723T182937, end_date=20240723T182938
[2024-07-23T18:29:39.010+0000] {local_task_job_runner.py:234} INFO - Task exited with return code 0
[2024-07-23T18:29:39.022+0000] {taskinstance.py:3312} INFO - 0 downstream tasks scheduled from follow-on schedule check
[2024-07-23T19:03:40.418+0000] {taskinstance.py:1979} INFO - Dependencies all met for dep_context=non-requeueable deps ti=<TaskInstance: stagingtodv.language scheduled__2024-07-22T00:00:00+00:00 [queued]>
[2024-07-23T19:03:40.425+0000] {taskinstance.py:1979} INFO - Dependencies all met for dep_context=requeueable deps ti=<TaskInstance: stagingtodv.language scheduled__2024-07-22T00:00:00+00:00 [queued]>
[2024-07-23T19:03:40.426+0000] {taskinstance.py:2193} INFO - Starting attempt 1 of 1
[2024-07-23T19:03:40.448+0000] {taskinstance.py:2217} INFO - Executing <Task(PythonOperator): language> on 2024-07-22 00:00:00+00:00
[2024-07-23T19:03:40.464+0000] {standard_task_runner.py:60} INFO - Started process 84 to run task
[2024-07-23T19:03:40.471+0000] {standard_task_runner.py:87} INFO - Running: ['***', 'tasks', 'run', 'stagingtodv', 'language', 'scheduled__2024-07-22T00:00:00+00:00', '--job-id', '6', '--raw', '--subdir', 'DAGS_FOLDER/dag.py', '--cfg-path', '/tmp/tmpdl8uskln']
[2024-07-23T19:03:40.483+0000] {standard_task_runner.py:88} INFO - Job 6: Subtask language
[2024-07-23T19:03:40.609+0000] {task_command.py:423} INFO - Running <TaskInstance: stagingtodv.language scheduled__2024-07-22T00:00:00+00:00 [running]> on host fc8d45b704f5
[2024-07-23T19:03:41.293+0000] {taskinstance.py:2513} INFO - Exporting env vars: AIRFLOW_CTX_DAG_OWNER='***' AIRFLOW_CTX_DAG_ID='stagingtodv' AIRFLOW_CTX_TASK_ID='language' AIRFLOW_CTX_EXECUTION_DATE='2024-07-22T00:00:00+00:00' AIRFLOW_CTX_TRY_NUMBER='1' AIRFLOW_CTX_DAG_RUN_ID='scheduled__2024-07-22T00:00:00+00:00'
[2024-07-23T19:03:41.301+0000] {logging_mixin.py:188} INFO - -------------------------------------------- select *  from etlconf.Etl_Process_Mapping where SourceTableName = 'language' and Stage = 'stagingtodv'
[2024-07-23T19:03:41.886+0000] {logging_mixin.py:188} INFO - update etlconf.Etl_Process_Mapping T set last_run_date = current_timestamp where destdbname='dbdv' and destschema='dvdrental' and desttablename='language';
[2024-07-23T19:03:41.901+0000] {python.py:202} INFO - Done. Returned value was: None
[2024-07-23T19:03:41.908+0000] {taskinstance.py:1149} INFO - Marking task as SUCCESS. dag_id=stagingtodv, task_id=language, execution_date=20240722T000000, start_date=20240723T190340, end_date=20240723T190341
[2024-07-23T19:03:41.935+0000] {local_task_job_runner.py:234} INFO - Task exited with return code 0
[2024-07-23T19:03:41.951+0000] {taskinstance.py:3312} INFO - 0 downstream tasks scheduled from follow-on schedule check
[2024-07-23T19:14:05.047+0000] {taskinstance.py:1979} INFO - Dependencies all met for dep_context=non-requeueable deps ti=<TaskInstance: stagingtodv.language scheduled__2024-07-22T00:00:00+00:00 [queued]>
[2024-07-23T19:14:05.054+0000] {taskinstance.py:1979} INFO - Dependencies all met for dep_context=requeueable deps ti=<TaskInstance: stagingtodv.language scheduled__2024-07-22T00:00:00+00:00 [queued]>
[2024-07-23T19:14:05.055+0000] {taskinstance.py:2193} INFO - Starting attempt 1 of 1
[2024-07-23T19:14:05.087+0000] {taskinstance.py:2217} INFO - Executing <Task(PythonOperator): language> on 2024-07-22 00:00:00+00:00
[2024-07-23T19:14:05.105+0000] {standard_task_runner.py:60} INFO - Started process 99 to run task
[2024-07-23T19:14:05.112+0000] {standard_task_runner.py:87} INFO - Running: ['***', 'tasks', 'run', 'stagingtodv', 'language', 'scheduled__2024-07-22T00:00:00+00:00', '--job-id', '5', '--raw', '--subdir', 'DAGS_FOLDER/dag.py', '--cfg-path', '/tmp/tmpjzyvlug1']
[2024-07-23T19:14:05.118+0000] {standard_task_runner.py:88} INFO - Job 5: Subtask language
[2024-07-23T19:14:05.212+0000] {task_command.py:423} INFO - Running <TaskInstance: stagingtodv.language scheduled__2024-07-22T00:00:00+00:00 [running]> on host 232d821b4a3b
[2024-07-23T19:14:06.171+0000] {taskinstance.py:2513} INFO - Exporting env vars: AIRFLOW_CTX_DAG_OWNER='***' AIRFLOW_CTX_DAG_ID='stagingtodv' AIRFLOW_CTX_TASK_ID='language' AIRFLOW_CTX_EXECUTION_DATE='2024-07-22T00:00:00+00:00' AIRFLOW_CTX_TRY_NUMBER='1' AIRFLOW_CTX_DAG_RUN_ID='scheduled__2024-07-22T00:00:00+00:00'
[2024-07-23T19:14:06.172+0000] {logging_mixin.py:188} INFO - -------------------------------------------- select *  from etlconf.Etl_Process_Mapping where SourceTableName = 'language' and Stage = 'stagingtodv'
[2024-07-23T19:14:06.751+0000] {logging_mixin.py:188} INFO - update etlconf.Etl_Process_Mapping T set last_run_date = current_timestamp where destdbname='dbdv' and destschema='dvdrental' and desttablename='language';
[2024-07-23T19:14:06.771+0000] {python.py:202} INFO - Done. Returned value was: None
[2024-07-23T19:14:06.782+0000] {taskinstance.py:1149} INFO - Marking task as SUCCESS. dag_id=stagingtodv, task_id=language, execution_date=20240722T000000, start_date=20240723T191405, end_date=20240723T191406
[2024-07-23T19:14:06.843+0000] {local_task_job_runner.py:234} INFO - Task exited with return code 0
[2024-07-23T19:14:06.875+0000] {taskinstance.py:3312} INFO - 0 downstream tasks scheduled from follow-on schedule check
[2024-07-23T19:16:53.881+0000] {taskinstance.py:1979} INFO - Dependencies all met for dep_context=non-requeueable deps ti=<TaskInstance: stagingtodv.language scheduled__2024-07-22T00:00:00+00:00 [queued]>
[2024-07-23T19:16:53.902+0000] {taskinstance.py:1979} INFO - Dependencies all met for dep_context=requeueable deps ti=<TaskInstance: stagingtodv.language scheduled__2024-07-22T00:00:00+00:00 [queued]>
[2024-07-23T19:16:53.911+0000] {taskinstance.py:2193} INFO - Starting attempt 1 of 1
[2024-07-23T19:16:53.946+0000] {taskinstance.py:2217} INFO - Executing <Task(PythonOperator): language> on 2024-07-22 00:00:00+00:00
[2024-07-23T19:16:53.983+0000] {standard_task_runner.py:60} INFO - Started process 109 to run task
[2024-07-23T19:16:54.007+0000] {standard_task_runner.py:87} INFO - Running: ['***', 'tasks', 'run', 'stagingtodv', 'language', 'scheduled__2024-07-22T00:00:00+00:00', '--job-id', '16', '--raw', '--subdir', 'DAGS_FOLDER/dag.py', '--cfg-path', '/tmp/tmpr0fybol0']
[2024-07-23T19:16:54.032+0000] {standard_task_runner.py:88} INFO - Job 16: Subtask language
[2024-07-23T19:16:54.217+0000] {task_command.py:423} INFO - Running <TaskInstance: stagingtodv.language scheduled__2024-07-22T00:00:00+00:00 [running]> on host edd08a02182b
[2024-07-23T19:16:55.211+0000] {taskinstance.py:2513} INFO - Exporting env vars: AIRFLOW_CTX_DAG_OWNER='***' AIRFLOW_CTX_DAG_ID='stagingtodv' AIRFLOW_CTX_TASK_ID='language' AIRFLOW_CTX_EXECUTION_DATE='2024-07-22T00:00:00+00:00' AIRFLOW_CTX_TRY_NUMBER='1' AIRFLOW_CTX_DAG_RUN_ID='scheduled__2024-07-22T00:00:00+00:00'
[2024-07-23T19:16:55.216+0000] {logging_mixin.py:188} INFO - -------------------------------------------- select *  from etlconf.Etl_Process_Mapping where SourceTableName = 'language' and Stage = 'stagingtodv'
[2024-07-23T19:16:55.578+0000] {logging_mixin.py:188} INFO - update etlconf.Etl_Process_Mapping T set last_run_date = current_timestamp where destdbname='dbdv' and destschema='dvdrental' and desttablename='language';
[2024-07-23T19:16:55.606+0000] {python.py:202} INFO - Done. Returned value was: None
[2024-07-23T19:16:55.613+0000] {taskinstance.py:1149} INFO - Marking task as SUCCESS. dag_id=stagingtodv, task_id=language, execution_date=20240722T000000, start_date=20240723T191653, end_date=20240723T191655
[2024-07-23T19:16:55.666+0000] {local_task_job_runner.py:234} INFO - Task exited with return code 0
[2024-07-23T19:16:55.706+0000] {taskinstance.py:3312} INFO - 0 downstream tasks scheduled from follow-on schedule check
[2024-07-23T19:24:54.688+0000] {taskinstance.py:1979} INFO - Dependencies all met for dep_context=non-requeueable deps ti=<TaskInstance: stagingtodv.language scheduled__2024-07-22T00:00:00+00:00 [queued]>
[2024-07-23T19:24:54.696+0000] {taskinstance.py:1979} INFO - Dependencies all met for dep_context=requeueable deps ti=<TaskInstance: stagingtodv.language scheduled__2024-07-22T00:00:00+00:00 [queued]>
[2024-07-23T19:24:54.697+0000] {taskinstance.py:2193} INFO - Starting attempt 1 of 1
[2024-07-23T19:24:54.707+0000] {taskinstance.py:2217} INFO - Executing <Task(PythonOperator): language> on 2024-07-22 00:00:00+00:00
[2024-07-23T19:24:54.716+0000] {standard_task_runner.py:60} INFO - Started process 89 to run task
[2024-07-23T19:24:54.759+0000] {standard_task_runner.py:87} INFO - Running: ['***', 'tasks', 'run', 'stagingtodv', 'language', 'scheduled__2024-07-22T00:00:00+00:00', '--job-id', '3', '--raw', '--subdir', 'DAGS_FOLDER/dag.py', '--cfg-path', '/tmp/tmphotsvt1y']
[2024-07-23T19:24:54.779+0000] {standard_task_runner.py:88} INFO - Job 3: Subtask language
[2024-07-23T19:24:54.890+0000] {task_command.py:423} INFO - Running <TaskInstance: stagingtodv.language scheduled__2024-07-22T00:00:00+00:00 [running]> on host b19a9c320dfd
[2024-07-23T19:24:55.599+0000] {taskinstance.py:2513} INFO - Exporting env vars: AIRFLOW_CTX_DAG_OWNER='***' AIRFLOW_CTX_DAG_ID='stagingtodv' AIRFLOW_CTX_TASK_ID='language' AIRFLOW_CTX_EXECUTION_DATE='2024-07-22T00:00:00+00:00' AIRFLOW_CTX_TRY_NUMBER='1' AIRFLOW_CTX_DAG_RUN_ID='scheduled__2024-07-22T00:00:00+00:00'
[2024-07-23T19:24:55.604+0000] {logging_mixin.py:188} INFO - -------------------------------------------- select *  from etlconf.Etl_Process_Mapping where SourceTableName = 'language' and Stage = 'stagingtodv'
[2024-07-23T19:24:56.432+0000] {logging_mixin.py:188} INFO - update etlconf.Etl_Process_Mapping T set last_run_date = current_timestamp where destdbname='dbdv' and destschema='dvdrental' and desttablename='language';
[2024-07-23T19:24:56.495+0000] {python.py:202} INFO - Done. Returned value was: None
[2024-07-23T19:24:56.506+0000] {taskinstance.py:1149} INFO - Marking task as SUCCESS. dag_id=stagingtodv, task_id=language, execution_date=20240722T000000, start_date=20240723T192454, end_date=20240723T192456
[2024-07-23T19:24:56.529+0000] {local_task_job_runner.py:234} INFO - Task exited with return code 0
[2024-07-23T19:24:56.546+0000] {taskinstance.py:3312} INFO - 0 downstream tasks scheduled from follow-on schedule check
