[2024-07-22T18:39:28.741+0000] {taskinstance.py:1979} INFO - Dependencies all met for dep_context=non-requeueable deps ti=<TaskInstance: stagingtodv.film scheduled__2024-07-21T00:00:00+00:00 [queued]>
[2024-07-22T18:39:28.752+0000] {taskinstance.py:1979} INFO - Dependencies all met for dep_context=requeueable deps ti=<TaskInstance: stagingtodv.film scheduled__2024-07-21T00:00:00+00:00 [queued]>
[2024-07-22T18:39:28.754+0000] {taskinstance.py:2193} INFO - Starting attempt 1 of 1
[2024-07-22T18:39:28.793+0000] {taskinstance.py:2217} INFO - Executing <Task(PythonOperator): film> on 2024-07-21 00:00:00+00:00
[2024-07-22T18:39:28.800+0000] {standard_task_runner.py:60} INFO - Started process 122 to run task
[2024-07-22T18:39:28.814+0000] {standard_task_runner.py:87} INFO - Running: ['***', 'tasks', 'run', 'stagingtodv', 'film', 'scheduled__2024-07-21T00:00:00+00:00', '--job-id', '41', '--raw', '--subdir', 'DAGS_FOLDER/dag.py', '--cfg-path', '/tmp/tmpujdekc6r']
[2024-07-22T18:39:28.817+0000] {standard_task_runner.py:88} INFO - Job 41: Subtask film
[2024-07-22T18:39:28.912+0000] {task_command.py:423} INFO - Running <TaskInstance: stagingtodv.film scheduled__2024-07-21T00:00:00+00:00 [running]> on host ef8b8dee6045
[2024-07-22T18:39:29.088+0000] {taskinstance.py:2513} INFO - Exporting env vars: AIRFLOW_CTX_DAG_OWNER='***' AIRFLOW_CTX_DAG_ID='stagingtodv' AIRFLOW_CTX_TASK_ID='film' AIRFLOW_CTX_EXECUTION_DATE='2024-07-21T00:00:00+00:00' AIRFLOW_CTX_TRY_NUMBER='1' AIRFLOW_CTX_DAG_RUN_ID='scheduled__2024-07-21T00:00:00+00:00'
[2024-07-22T18:39:29.094+0000] {logging_mixin.py:188} INFO - -------------------------------------------- select *  from etlconf.Etl_Process_Mapping where SourceTableName = 'film' and Stage = 'stagingtodv'
[2024-07-22T18:39:29.622+0000] {logging_mixin.py:188} INFO - select *  from etlconf.Etl_Process_Mapping where SourceTableName = 'film' and Stage = 'stagingtodv'
[2024-07-22T18:39:30.148+0000] {logging_mixin.py:188} INFO - update etlconf.Etl_Process_Mapping T set last_run_date = current_timestamp where destdbname='dbdv' and destschema='dvdrental' and desttablename='film';
[2024-07-22T18:39:30.169+0000] {python.py:202} INFO - Done. Returned value was: None
[2024-07-22T18:39:30.189+0000] {taskinstance.py:1149} INFO - Marking task as SUCCESS. dag_id=stagingtodv, task_id=film, execution_date=20240721T000000, start_date=20240722T183928, end_date=20240722T183930
[2024-07-22T18:39:30.226+0000] {local_task_job_runner.py:234} INFO - Task exited with return code 0
[2024-07-22T18:39:30.246+0000] {taskinstance.py:3312} INFO - 0 downstream tasks scheduled from follow-on schedule check
[2024-07-22T19:05:06.850+0000] {taskinstance.py:1979} INFO - Dependencies all met for dep_context=non-requeueable deps ti=<TaskInstance: stagingtodv.film scheduled__2024-07-21T00:00:00+00:00 [queued]>
[2024-07-22T19:05:06.890+0000] {taskinstance.py:1979} INFO - Dependencies all met for dep_context=requeueable deps ti=<TaskInstance: stagingtodv.film scheduled__2024-07-21T00:00:00+00:00 [queued]>
[2024-07-22T19:05:06.892+0000] {taskinstance.py:2193} INFO - Starting attempt 1 of 1
[2024-07-22T19:05:06.916+0000] {taskinstance.py:2217} INFO - Executing <Task(PythonOperator): film> on 2024-07-21 00:00:00+00:00
[2024-07-22T19:05:06.934+0000] {standard_task_runner.py:60} INFO - Started process 99 to run task
[2024-07-22T19:05:06.941+0000] {standard_task_runner.py:87} INFO - Running: ['***', 'tasks', 'run', 'stagingtodv', 'film', 'scheduled__2024-07-21T00:00:00+00:00', '--job-id', '15', '--raw', '--subdir', 'DAGS_FOLDER/dag.py', '--cfg-path', '/tmp/tmpdwwwsmkj']
[2024-07-22T19:05:06.959+0000] {standard_task_runner.py:88} INFO - Job 15: Subtask film
[2024-07-22T19:05:07.089+0000] {task_command.py:423} INFO - Running <TaskInstance: stagingtodv.film scheduled__2024-07-21T00:00:00+00:00 [running]> on host d97758bf7368
[2024-07-22T19:05:08.472+0000] {taskinstance.py:2513} INFO - Exporting env vars: AIRFLOW_CTX_DAG_OWNER='***' AIRFLOW_CTX_DAG_ID='stagingtodv' AIRFLOW_CTX_TASK_ID='film' AIRFLOW_CTX_EXECUTION_DATE='2024-07-21T00:00:00+00:00' AIRFLOW_CTX_TRY_NUMBER='1' AIRFLOW_CTX_DAG_RUN_ID='scheduled__2024-07-21T00:00:00+00:00'
[2024-07-22T19:05:08.479+0000] {logging_mixin.py:188} INFO - -------------------------------------------- select *  from etlconf.Etl_Process_Mapping where SourceTableName = 'film' and Stage = 'stagingtodv'
[2024-07-22T19:05:08.561+0000] {logging_mixin.py:188} INFO - select *  from etlconf.Etl_Process_Mapping where SourceTableName = 'film' and Stage = 'stagingtodv'
[2024-07-22T19:05:08.891+0000] {logging_mixin.py:188} INFO - update etlconf.Etl_Process_Mapping T set last_run_date = current_timestamp where destdbname='dbdv' and destschema='dvdrental' and desttablename='film';
[2024-07-22T19:05:08.911+0000] {python.py:202} INFO - Done. Returned value was: None
[2024-07-22T19:05:08.917+0000] {taskinstance.py:1149} INFO - Marking task as SUCCESS. dag_id=stagingtodv, task_id=film, execution_date=20240721T000000, start_date=20240722T190506, end_date=20240722T190508
[2024-07-22T19:05:08.968+0000] {local_task_job_runner.py:234} INFO - Task exited with return code 0
[2024-07-22T19:05:08.980+0000] {taskinstance.py:3312} INFO - 0 downstream tasks scheduled from follow-on schedule check
[2024-07-22T19:14:28.019+0000] {taskinstance.py:1979} INFO - Dependencies all met for dep_context=non-requeueable deps ti=<TaskInstance: stagingtodv.film scheduled__2024-07-21T00:00:00+00:00 [queued]>
[2024-07-22T19:14:28.042+0000] {taskinstance.py:1979} INFO - Dependencies all met for dep_context=requeueable deps ti=<TaskInstance: stagingtodv.film scheduled__2024-07-21T00:00:00+00:00 [queued]>
[2024-07-22T19:14:28.043+0000] {taskinstance.py:2193} INFO - Starting attempt 1 of 1
[2024-07-22T19:14:28.073+0000] {taskinstance.py:2217} INFO - Executing <Task(PythonOperator): film> on 2024-07-21 00:00:00+00:00
[2024-07-22T19:14:28.087+0000] {standard_task_runner.py:60} INFO - Started process 87 to run task
[2024-07-22T19:14:28.097+0000] {standard_task_runner.py:87} INFO - Running: ['***', 'tasks', 'run', 'stagingtodv', 'film', 'scheduled__2024-07-21T00:00:00+00:00', '--job-id', '11', '--raw', '--subdir', 'DAGS_FOLDER/dag.py', '--cfg-path', '/tmp/tmp0h7ttcl0']
[2024-07-22T19:14:28.105+0000] {standard_task_runner.py:88} INFO - Job 11: Subtask film
[2024-07-22T19:14:28.295+0000] {task_command.py:423} INFO - Running <TaskInstance: stagingtodv.film scheduled__2024-07-21T00:00:00+00:00 [running]> on host 06b045a8c1a2
[2024-07-22T19:14:29.636+0000] {taskinstance.py:2513} INFO - Exporting env vars: AIRFLOW_CTX_DAG_OWNER='***' AIRFLOW_CTX_DAG_ID='stagingtodv' AIRFLOW_CTX_TASK_ID='film' AIRFLOW_CTX_EXECUTION_DATE='2024-07-21T00:00:00+00:00' AIRFLOW_CTX_TRY_NUMBER='1' AIRFLOW_CTX_DAG_RUN_ID='scheduled__2024-07-21T00:00:00+00:00'
[2024-07-22T19:14:29.639+0000] {logging_mixin.py:188} INFO - -------------------------------------------- select *  from etlconf.Etl_Process_Mapping where SourceTableName = 'film' and Stage = 'stagingtodv'
[2024-07-22T19:14:29.670+0000] {logging_mixin.py:188} INFO - select *  from etlconf.Etl_Process_Mapping where SourceTableName = 'film' and Stage = 'stagingtodv'
[2024-07-22T19:14:29.939+0000] {logging_mixin.py:188} INFO - update etlconf.Etl_Process_Mapping T set last_run_date = current_timestamp where destdbname='dbdv' and destschema='dvdrental' and desttablename='film';
[2024-07-22T19:14:29.956+0000] {python.py:202} INFO - Done. Returned value was: None
[2024-07-22T19:14:29.963+0000] {taskinstance.py:1149} INFO - Marking task as SUCCESS. dag_id=stagingtodv, task_id=film, execution_date=20240721T000000, start_date=20240722T191428, end_date=20240722T191429
[2024-07-22T19:14:30.011+0000] {local_task_job_runner.py:234} INFO - Task exited with return code 0
[2024-07-22T19:14:30.023+0000] {taskinstance.py:3312} INFO - 0 downstream tasks scheduled from follow-on schedule check
[2024-07-22T19:18:50.041+0000] {taskinstance.py:1979} INFO - Dependencies all met for dep_context=non-requeueable deps ti=<TaskInstance: stagingtodv.film scheduled__2024-07-21T00:00:00+00:00 [queued]>
[2024-07-22T19:18:50.052+0000] {taskinstance.py:1979} INFO - Dependencies all met for dep_context=requeueable deps ti=<TaskInstance: stagingtodv.film scheduled__2024-07-21T00:00:00+00:00 [queued]>
[2024-07-22T19:18:50.058+0000] {taskinstance.py:2193} INFO - Starting attempt 1 of 1
[2024-07-22T19:18:50.138+0000] {taskinstance.py:2217} INFO - Executing <Task(PythonOperator): film> on 2024-07-21 00:00:00+00:00
[2024-07-22T19:18:50.155+0000] {standard_task_runner.py:60} INFO - Started process 99 to run task
[2024-07-22T19:18:50.195+0000] {standard_task_runner.py:87} INFO - Running: ['***', 'tasks', 'run', 'stagingtodv', 'film', 'scheduled__2024-07-21T00:00:00+00:00', '--job-id', '14', '--raw', '--subdir', 'DAGS_FOLDER/dag.py', '--cfg-path', '/tmp/tmpit6tm0gp']
[2024-07-22T19:18:50.211+0000] {standard_task_runner.py:88} INFO - Job 14: Subtask film
[2024-07-22T19:18:50.413+0000] {task_command.py:423} INFO - Running <TaskInstance: stagingtodv.film scheduled__2024-07-21T00:00:00+00:00 [running]> on host 59af9ef614d6
[2024-07-22T19:18:50.667+0000] {taskinstance.py:2513} INFO - Exporting env vars: AIRFLOW_CTX_DAG_OWNER='***' AIRFLOW_CTX_DAG_ID='stagingtodv' AIRFLOW_CTX_TASK_ID='film' AIRFLOW_CTX_EXECUTION_DATE='2024-07-21T00:00:00+00:00' AIRFLOW_CTX_TRY_NUMBER='1' AIRFLOW_CTX_DAG_RUN_ID='scheduled__2024-07-21T00:00:00+00:00'
[2024-07-22T19:18:50.671+0000] {logging_mixin.py:188} INFO - -------------------------------------------- select *  from etlconf.Etl_Process_Mapping where SourceTableName = 'film' and Stage = 'stagingtodv'
[2024-07-22T19:18:51.569+0000] {logging_mixin.py:188} INFO - select *  from etlconf.Etl_Process_Mapping where SourceTableName = 'film' and Stage = 'stagingtodv'
[2024-07-22T19:18:51.594+0000] {logging_mixin.py:188} INFO - query select T.* from dbstaging.dvdrental.film T
[2024-07-22T19:18:51.857+0000] {logging_mixin.py:188} INFO - update etlconf.Etl_Process_Mapping T set last_run_date = current_timestamp where destdbname='dbdv' and destschema='dvdrental' and desttablename='film';
[2024-07-22T19:18:51.874+0000] {python.py:202} INFO - Done. Returned value was: None
[2024-07-22T19:18:51.883+0000] {taskinstance.py:1149} INFO - Marking task as SUCCESS. dag_id=stagingtodv, task_id=film, execution_date=20240721T000000, start_date=20240722T191850, end_date=20240722T191851
[2024-07-22T19:18:51.921+0000] {local_task_job_runner.py:234} INFO - Task exited with return code 0
[2024-07-22T19:18:51.932+0000] {taskinstance.py:3312} INFO - 0 downstream tasks scheduled from follow-on schedule check
[2024-07-22T19:25:04.219+0000] {taskinstance.py:1979} INFO - Dependencies all met for dep_context=non-requeueable deps ti=<TaskInstance: stagingtodv.film scheduled__2024-07-21T00:00:00+00:00 [queued]>
[2024-07-22T19:25:04.252+0000] {taskinstance.py:1979} INFO - Dependencies all met for dep_context=requeueable deps ti=<TaskInstance: stagingtodv.film scheduled__2024-07-21T00:00:00+00:00 [queued]>
[2024-07-22T19:25:04.262+0000] {taskinstance.py:2193} INFO - Starting attempt 1 of 1
[2024-07-22T19:25:04.318+0000] {taskinstance.py:2217} INFO - Executing <Task(PythonOperator): film> on 2024-07-21 00:00:00+00:00
[2024-07-22T19:25:04.330+0000] {standard_task_runner.py:60} INFO - Started process 100 to run task
[2024-07-22T19:25:04.344+0000] {standard_task_runner.py:87} INFO - Running: ['***', 'tasks', 'run', 'stagingtodv', 'film', 'scheduled__2024-07-21T00:00:00+00:00', '--job-id', '14', '--raw', '--subdir', 'DAGS_FOLDER/dag.py', '--cfg-path', '/tmp/tmpyp891jbo']
[2024-07-22T19:25:04.348+0000] {standard_task_runner.py:88} INFO - Job 14: Subtask film
[2024-07-22T19:25:04.487+0000] {task_command.py:423} INFO - Running <TaskInstance: stagingtodv.film scheduled__2024-07-21T00:00:00+00:00 [running]> on host 54d412404717
[2024-07-22T19:25:05.390+0000] {taskinstance.py:2513} INFO - Exporting env vars: AIRFLOW_CTX_DAG_OWNER='***' AIRFLOW_CTX_DAG_ID='stagingtodv' AIRFLOW_CTX_TASK_ID='film' AIRFLOW_CTX_EXECUTION_DATE='2024-07-21T00:00:00+00:00' AIRFLOW_CTX_TRY_NUMBER='1' AIRFLOW_CTX_DAG_RUN_ID='scheduled__2024-07-21T00:00:00+00:00'
[2024-07-22T19:25:05.395+0000] {logging_mixin.py:188} INFO - -------------------------------------------- select *  from etlconf.Etl_Process_Mapping where SourceTableName = 'film' and Stage = 'stagingtodv'
[2024-07-22T19:25:05.553+0000] {logging_mixin.py:188} INFO - select *  from etlconf.Etl_Process_Mapping where SourceTableName = 'film' and Stage = 'stagingtodv'
[2024-07-22T19:25:05.620+0000] {logging_mixin.py:188} INFO - DFFFFFFF    id sourcetablename  ...        stage              last_run_date
0  16            film  ...  stagingtodv 2024-07-22 19:18:51.871344

[1 rows x 15 columns]
[2024-07-22T19:25:05.627+0000] {logging_mixin.py:188} INFO - query select T.* from dbstaging.dvdrental.film T
[2024-07-22T19:25:06.018+0000] {logging_mixin.py:188} INFO - update etlconf.Etl_Process_Mapping T set last_run_date = current_timestamp where destdbname='dbdv' and destschema='dvdrental' and desttablename='film';
[2024-07-22T19:25:06.041+0000] {python.py:202} INFO - Done. Returned value was: None
[2024-07-22T19:25:06.089+0000] {taskinstance.py:1149} INFO - Marking task as SUCCESS. dag_id=stagingtodv, task_id=film, execution_date=20240721T000000, start_date=20240722T192504, end_date=20240722T192506
[2024-07-22T19:25:06.116+0000] {local_task_job_runner.py:234} INFO - Task exited with return code 0
[2024-07-22T19:25:06.150+0000] {taskinstance.py:3312} INFO - 0 downstream tasks scheduled from follow-on schedule check
[2024-07-22T19:28:23.080+0000] {taskinstance.py:1979} INFO - Dependencies all met for dep_context=non-requeueable deps ti=<TaskInstance: stagingtodv.film scheduled__2024-07-21T00:00:00+00:00 [queued]>
[2024-07-22T19:28:23.087+0000] {taskinstance.py:1979} INFO - Dependencies all met for dep_context=requeueable deps ti=<TaskInstance: stagingtodv.film scheduled__2024-07-21T00:00:00+00:00 [queued]>
[2024-07-22T19:28:23.091+0000] {taskinstance.py:2193} INFO - Starting attempt 1 of 1
[2024-07-22T19:28:23.114+0000] {taskinstance.py:2217} INFO - Executing <Task(PythonOperator): film> on 2024-07-21 00:00:00+00:00
[2024-07-22T19:28:23.120+0000] {standard_task_runner.py:60} INFO - Started process 93 to run task
[2024-07-22T19:28:23.139+0000] {standard_task_runner.py:87} INFO - Running: ['***', 'tasks', 'run', 'stagingtodv', 'film', 'scheduled__2024-07-21T00:00:00+00:00', '--job-id', '10', '--raw', '--subdir', 'DAGS_FOLDER/dag.py', '--cfg-path', '/tmp/tmpxos5uthf']
[2024-07-22T19:28:23.146+0000] {standard_task_runner.py:88} INFO - Job 10: Subtask film
[2024-07-22T19:28:23.313+0000] {task_command.py:423} INFO - Running <TaskInstance: stagingtodv.film scheduled__2024-07-21T00:00:00+00:00 [running]> on host e6f3df1cbf4c
[2024-07-22T19:28:24.555+0000] {taskinstance.py:2513} INFO - Exporting env vars: AIRFLOW_CTX_DAG_OWNER='***' AIRFLOW_CTX_DAG_ID='stagingtodv' AIRFLOW_CTX_TASK_ID='film' AIRFLOW_CTX_EXECUTION_DATE='2024-07-21T00:00:00+00:00' AIRFLOW_CTX_TRY_NUMBER='1' AIRFLOW_CTX_DAG_RUN_ID='scheduled__2024-07-21T00:00:00+00:00'
[2024-07-22T19:28:24.564+0000] {logging_mixin.py:188} INFO - -------------------------------------------- select *  from etlconf.Etl_Process_Mapping where SourceTableName = 'film' and Stage = 'stagingtodv'
[2024-07-22T19:28:24.650+0000] {logging_mixin.py:188} INFO - query select *  from etlconf.Etl_Process_Mapping where SourceTableName = 'film' and Stage = 'stagingtodv'
[2024-07-22T19:28:24.771+0000] {logging_mixin.py:188} INFO - DFFFFFFF    id sourcetablename  ...        stage              last_run_date
0  16            film  ...  stagingtodv 2024-07-22 19:25:06.030069

[1 rows x 15 columns]
[2024-07-22T19:28:24.777+0000] {logging_mixin.py:188} INFO - query select T.* from dbstaging.dvdrental.film T
[2024-07-22T19:28:25.098+0000] {logging_mixin.py:188} INFO - update etlconf.Etl_Process_Mapping T set last_run_date = current_timestamp where destdbname='dbdv' and destschema='dvdrental' and desttablename='film';
[2024-07-22T19:28:25.106+0000] {python.py:202} INFO - Done. Returned value was: None
[2024-07-22T19:28:25.117+0000] {taskinstance.py:1149} INFO - Marking task as SUCCESS. dag_id=stagingtodv, task_id=film, execution_date=20240721T000000, start_date=20240722T192823, end_date=20240722T192825
[2024-07-22T19:28:25.153+0000] {local_task_job_runner.py:234} INFO - Task exited with return code 0
[2024-07-22T19:28:25.176+0000] {taskinstance.py:3312} INFO - 0 downstream tasks scheduled from follow-on schedule check
[2024-07-22T19:30:32.046+0000] {taskinstance.py:1979} INFO - Dependencies all met for dep_context=non-requeueable deps ti=<TaskInstance: stagingtodv.film scheduled__2024-07-21T00:00:00+00:00 [queued]>
[2024-07-22T19:30:32.070+0000] {taskinstance.py:1979} INFO - Dependencies all met for dep_context=requeueable deps ti=<TaskInstance: stagingtodv.film scheduled__2024-07-21T00:00:00+00:00 [queued]>
[2024-07-22T19:30:32.074+0000] {taskinstance.py:2193} INFO - Starting attempt 1 of 1
[2024-07-22T19:30:32.113+0000] {taskinstance.py:2217} INFO - Executing <Task(PythonOperator): film> on 2024-07-21 00:00:00+00:00
[2024-07-22T19:30:32.129+0000] {standard_task_runner.py:60} INFO - Started process 101 to run task
[2024-07-22T19:30:32.160+0000] {standard_task_runner.py:87} INFO - Running: ['***', 'tasks', 'run', 'stagingtodv', 'film', 'scheduled__2024-07-21T00:00:00+00:00', '--job-id', '14', '--raw', '--subdir', 'DAGS_FOLDER/dag.py', '--cfg-path', '/tmp/tmpl9p34x39']
[2024-07-22T19:30:32.174+0000] {standard_task_runner.py:88} INFO - Job 14: Subtask film
[2024-07-22T19:30:32.373+0000] {task_command.py:423} INFO - Running <TaskInstance: stagingtodv.film scheduled__2024-07-21T00:00:00+00:00 [running]> on host 96cb61053a1d
[2024-07-22T19:30:33.741+0000] {taskinstance.py:2513} INFO - Exporting env vars: AIRFLOW_CTX_DAG_OWNER='***' AIRFLOW_CTX_DAG_ID='stagingtodv' AIRFLOW_CTX_TASK_ID='film' AIRFLOW_CTX_EXECUTION_DATE='2024-07-21T00:00:00+00:00' AIRFLOW_CTX_TRY_NUMBER='1' AIRFLOW_CTX_DAG_RUN_ID='scheduled__2024-07-21T00:00:00+00:00'
[2024-07-22T19:30:33.744+0000] {logging_mixin.py:188} INFO - -------------------------------------------- select *  from etlconf.Etl_Process_Mapping where SourceTableName = 'film' and Stage = 'stagingtodv'
[2024-07-22T19:30:33.775+0000] {logging_mixin.py:188} INFO - query select *  from etlconf.Etl_Process_Mapping where SourceTableName = 'film' and Stage = 'stagingtodv'
[2024-07-22T19:30:33.837+0000] {logging_mixin.py:188} INFO - DFFFFFFF    id sourcetablename  ...        stage              last_run_date
0  16            film  ...  stagingtodv 2024-07-22 19:28:25.104344

[1 rows x 15 columns]
[2024-07-22T19:30:33.842+0000] {logging_mixin.py:188} INFO - query select T.* from dbstaging.dvdrental.film T
[2024-07-22T19:30:33.996+0000] {logging_mixin.py:188} INFO - update etlconf.Etl_Process_Mapping T set last_run_date = current_timestamp where destdbname='dbdv' and destschema='dvdrental' and desttablename='film';
[2024-07-22T19:30:34.009+0000] {python.py:202} INFO - Done. Returned value was: None
[2024-07-22T19:30:34.016+0000] {taskinstance.py:1149} INFO - Marking task as SUCCESS. dag_id=stagingtodv, task_id=film, execution_date=20240721T000000, start_date=20240722T193032, end_date=20240722T193034
[2024-07-22T19:30:34.048+0000] {local_task_job_runner.py:234} INFO - Task exited with return code 0
[2024-07-22T19:30:34.062+0000] {taskinstance.py:3312} INFO - 0 downstream tasks scheduled from follow-on schedule check
[2024-07-22T19:38:49.084+0000] {taskinstance.py:1979} INFO - Dependencies all met for dep_context=non-requeueable deps ti=<TaskInstance: stagingtodv.film scheduled__2024-07-21T00:00:00+00:00 [queued]>
[2024-07-22T19:38:49.118+0000] {taskinstance.py:1979} INFO - Dependencies all met for dep_context=requeueable deps ti=<TaskInstance: stagingtodv.film scheduled__2024-07-21T00:00:00+00:00 [queued]>
[2024-07-22T19:38:49.122+0000] {taskinstance.py:2193} INFO - Starting attempt 1 of 1
[2024-07-22T19:38:49.156+0000] {taskinstance.py:2217} INFO - Executing <Task(PythonOperator): film> on 2024-07-21 00:00:00+00:00
[2024-07-22T19:38:49.175+0000] {standard_task_runner.py:60} INFO - Started process 134 to run task
[2024-07-22T19:38:49.203+0000] {standard_task_runner.py:87} INFO - Running: ['***', 'tasks', 'run', 'stagingtodv', 'film', 'scheduled__2024-07-21T00:00:00+00:00', '--job-id', '15', '--raw', '--subdir', 'DAGS_FOLDER/dag.py', '--cfg-path', '/tmp/tmpnl78p0zl']
[2024-07-22T19:38:49.224+0000] {standard_task_runner.py:88} INFO - Job 15: Subtask film
[2024-07-22T19:38:49.370+0000] {task_command.py:423} INFO - Running <TaskInstance: stagingtodv.film scheduled__2024-07-21T00:00:00+00:00 [running]> on host f5ad498ee7ee
[2024-07-22T19:38:50.770+0000] {taskinstance.py:2513} INFO - Exporting env vars: AIRFLOW_CTX_DAG_OWNER='***' AIRFLOW_CTX_DAG_ID='stagingtodv' AIRFLOW_CTX_TASK_ID='film' AIRFLOW_CTX_EXECUTION_DATE='2024-07-21T00:00:00+00:00' AIRFLOW_CTX_TRY_NUMBER='1' AIRFLOW_CTX_DAG_RUN_ID='scheduled__2024-07-21T00:00:00+00:00'
[2024-07-22T19:38:50.781+0000] {logging_mixin.py:188} INFO - -------------------------------------------- select *  from etlconf.Etl_Process_Mapping where SourceTableName = 'film' and Stage = 'stagingtodv'
[2024-07-22T19:38:50.867+0000] {logging_mixin.py:188} INFO - query select *  from etlconf.Etl_Process_Mapping where SourceTableName = 'film' and Stage = 'stagingtodv'
[2024-07-22T19:38:50.938+0000] {logging_mixin.py:188} INFO - DFFFFFFF    id sourcetablename  ...        stage              last_run_date
0  16            film  ...  stagingtodv 2024-07-22 19:30:34.005900

[1 rows x 15 columns]
[2024-07-22T19:38:50.941+0000] {logging_mixin.py:188} INFO - query select T.* from dbstaging.dvdrental.film T
[2024-07-22T19:38:51.197+0000] {logging_mixin.py:188} INFO - update etlconf.Etl_Process_Mapping T set last_run_date = current_timestamp where destdbname='dbdv' and destschema='dvdrental' and desttablename='film';
[2024-07-22T19:38:51.207+0000] {python.py:202} INFO - Done. Returned value was: None
[2024-07-22T19:38:51.218+0000] {taskinstance.py:1149} INFO - Marking task as SUCCESS. dag_id=stagingtodv, task_id=film, execution_date=20240721T000000, start_date=20240722T193849, end_date=20240722T193851
[2024-07-22T19:38:51.248+0000] {local_task_job_runner.py:234} INFO - Task exited with return code 0
[2024-07-22T19:38:51.270+0000] {taskinstance.py:3312} INFO - 0 downstream tasks scheduled from follow-on schedule check
[2024-07-22T19:43:44.686+0000] {taskinstance.py:1979} INFO - Dependencies all met for dep_context=non-requeueable deps ti=<TaskInstance: stagingtodv.film scheduled__2024-07-21T00:00:00+00:00 [queued]>
[2024-07-22T19:43:44.709+0000] {taskinstance.py:1979} INFO - Dependencies all met for dep_context=requeueable deps ti=<TaskInstance: stagingtodv.film scheduled__2024-07-21T00:00:00+00:00 [queued]>
[2024-07-22T19:43:44.715+0000] {taskinstance.py:2193} INFO - Starting attempt 1 of 1
[2024-07-22T19:43:44.754+0000] {taskinstance.py:2217} INFO - Executing <Task(PythonOperator): film> on 2024-07-21 00:00:00+00:00
[2024-07-22T19:43:44.783+0000] {standard_task_runner.py:60} INFO - Started process 123 to run task
[2024-07-22T19:43:44.794+0000] {standard_task_runner.py:87} INFO - Running: ['***', 'tasks', 'run', 'stagingtodv', 'film', 'scheduled__2024-07-21T00:00:00+00:00', '--job-id', '17', '--raw', '--subdir', 'DAGS_FOLDER/dag.py', '--cfg-path', '/tmp/tmpdyitufk2']
[2024-07-22T19:43:44.865+0000] {standard_task_runner.py:88} INFO - Job 17: Subtask film
[2024-07-22T19:43:45.048+0000] {task_command.py:423} INFO - Running <TaskInstance: stagingtodv.film scheduled__2024-07-21T00:00:00+00:00 [running]> on host 83712395e44a
[2024-07-22T19:43:46.202+0000] {taskinstance.py:2513} INFO - Exporting env vars: AIRFLOW_CTX_DAG_OWNER='***' AIRFLOW_CTX_DAG_ID='stagingtodv' AIRFLOW_CTX_TASK_ID='film' AIRFLOW_CTX_EXECUTION_DATE='2024-07-21T00:00:00+00:00' AIRFLOW_CTX_TRY_NUMBER='1' AIRFLOW_CTX_DAG_RUN_ID='scheduled__2024-07-21T00:00:00+00:00'
[2024-07-22T19:43:46.205+0000] {logging_mixin.py:188} INFO - -------------------------------------------- select *  from etlconf.Etl_Process_Mapping where SourceTableName = 'film' and Stage = 'stagingtodv'
[2024-07-22T19:43:46.255+0000] {logging_mixin.py:188} INFO - query select *  from etlconf.Etl_Process_Mapping where SourceTableName = 'film' and Stage = 'stagingtodv'
[2024-07-22T19:43:46.336+0000] {logging_mixin.py:188} INFO - DFFFFFFF    id sourcetablename  ...        stage              last_run_date
0  16            film  ...  stagingtodv 2024-07-22 19:38:51.203530

[1 rows x 15 columns]
[2024-07-22T19:43:46.338+0000] {logging_mixin.py:188} INFO - query select T.* from dbstaging.dvdrental.film T
[2024-07-22T19:43:46.629+0000] {logging_mixin.py:188} INFO - update etlconf.Etl_Process_Mapping T set last_run_date = current_timestamp where destdbname='dbdv' and destschema='dvdrental' and desttablename='film';
[2024-07-22T19:43:46.656+0000] {python.py:202} INFO - Done. Returned value was: None
[2024-07-22T19:43:46.664+0000] {taskinstance.py:1149} INFO - Marking task as SUCCESS. dag_id=stagingtodv, task_id=film, execution_date=20240721T000000, start_date=20240722T194344, end_date=20240722T194346
[2024-07-22T19:43:46.728+0000] {local_task_job_runner.py:234} INFO - Task exited with return code 0
[2024-07-22T19:43:46.742+0000] {taskinstance.py:3312} INFO - 0 downstream tasks scheduled from follow-on schedule check
[2024-07-22T19:52:47.024+0000] {taskinstance.py:1979} INFO - Dependencies all met for dep_context=non-requeueable deps ti=<TaskInstance: stagingtodv.film scheduled__2024-07-21T00:00:00+00:00 [queued]>
[2024-07-22T19:52:47.043+0000] {taskinstance.py:1979} INFO - Dependencies all met for dep_context=requeueable deps ti=<TaskInstance: stagingtodv.film scheduled__2024-07-21T00:00:00+00:00 [queued]>
[2024-07-22T19:52:47.044+0000] {taskinstance.py:2193} INFO - Starting attempt 1 of 1
[2024-07-22T19:52:47.068+0000] {taskinstance.py:2217} INFO - Executing <Task(PythonOperator): film> on 2024-07-21 00:00:00+00:00
[2024-07-22T19:52:47.081+0000] {standard_task_runner.py:60} INFO - Started process 96 to run task
[2024-07-22T19:52:47.102+0000] {standard_task_runner.py:87} INFO - Running: ['***', 'tasks', 'run', 'stagingtodv', 'film', 'scheduled__2024-07-21T00:00:00+00:00', '--job-id', '15', '--raw', '--subdir', 'DAGS_FOLDER/dag.py', '--cfg-path', '/tmp/tmpcqsr9uyb']
[2024-07-22T19:52:47.145+0000] {standard_task_runner.py:88} INFO - Job 15: Subtask film
[2024-07-22T19:52:47.257+0000] {task_command.py:423} INFO - Running <TaskInstance: stagingtodv.film scheduled__2024-07-21T00:00:00+00:00 [running]> on host 6e14590d795e
[2024-07-22T19:52:48.687+0000] {taskinstance.py:2513} INFO - Exporting env vars: AIRFLOW_CTX_DAG_OWNER='***' AIRFLOW_CTX_DAG_ID='stagingtodv' AIRFLOW_CTX_TASK_ID='film' AIRFLOW_CTX_EXECUTION_DATE='2024-07-21T00:00:00+00:00' AIRFLOW_CTX_TRY_NUMBER='1' AIRFLOW_CTX_DAG_RUN_ID='scheduled__2024-07-21T00:00:00+00:00'
[2024-07-22T19:52:48.698+0000] {logging_mixin.py:188} INFO - -------------------------------------------- select *  from etlconf.Etl_Process_Mapping where SourceTableName = 'film' and Stage = 'stagingtodv'
[2024-07-22T19:52:48.789+0000] {logging_mixin.py:188} INFO - query select *  from etlconf.Etl_Process_Mapping where SourceTableName = 'film' and Stage = 'stagingtodv'
[2024-07-22T19:52:48.852+0000] {logging_mixin.py:188} INFO - DFFFFFFF    id sourcetablename  ...        stage              last_run_date
0  16            film  ...  stagingtodv 2024-07-22 19:43:46.643594

[1 rows x 15 columns]
[2024-07-22T19:52:48.906+0000] {logging_mixin.py:188} INFO - DFFFFFFFFF        0   ...                                                 12
0     133  ...  'chamber':1 'fate':4 'husband':11 'italian':2 ...
1     384  ...  'australia':18 'cat':8 'drama':5 'epic':4 'exp...
2       8  ...  'airport':1 'ancient':18 'confront':14 'epic':...
3      98  ...  'boat':20 'bright':1 'conquer':14 'encount':2 ...
4       1  ...  'academi':1 'battl':15 'canadian':20 'dinosaur...
..    ...  ...                                                ...
995   996  ...  'administr':12 'boat':8 'boy':17 'databas':11 ...
996   997  ...  'boat':22 'cat':11 'challeng':14 'drama':5 'ki...
997   998  ...  'boy':16 'canadian':19 'compos':8 'core':2 'fa...
998   999  ...  'ancient':19 'boat':11 'china':20 'discov':14 ...
999  1000  ...  'ark':2 'boy':12,17 'intrepid':4 'mad':8 'mona...

[1000 rows x 13 columns]
[2024-07-22T19:52:49.103+0000] {logging_mixin.py:188} INFO - update etlconf.Etl_Process_Mapping T set last_run_date = current_timestamp where destdbname='dbdv' and destschema='dvdrental' and desttablename='film';
[2024-07-22T19:52:49.110+0000] {python.py:202} INFO - Done. Returned value was: None
[2024-07-22T19:52:49.119+0000] {taskinstance.py:1149} INFO - Marking task as SUCCESS. dag_id=stagingtodv, task_id=film, execution_date=20240721T000000, start_date=20240722T195247, end_date=20240722T195249
[2024-07-22T19:52:49.154+0000] {local_task_job_runner.py:234} INFO - Task exited with return code 0
[2024-07-22T19:52:49.173+0000] {taskinstance.py:3312} INFO - 0 downstream tasks scheduled from follow-on schedule check
[2024-07-22T19:57:18.908+0000] {taskinstance.py:1979} INFO - Dependencies all met for dep_context=non-requeueable deps ti=<TaskInstance: stagingtodv.film scheduled__2024-07-21T00:00:00+00:00 [queued]>
[2024-07-22T19:57:18.945+0000] {taskinstance.py:1979} INFO - Dependencies all met for dep_context=requeueable deps ti=<TaskInstance: stagingtodv.film scheduled__2024-07-21T00:00:00+00:00 [queued]>
[2024-07-22T19:57:18.952+0000] {taskinstance.py:2193} INFO - Starting attempt 1 of 1
[2024-07-22T19:57:19.018+0000] {taskinstance.py:2217} INFO - Executing <Task(PythonOperator): film> on 2024-07-21 00:00:00+00:00
[2024-07-22T19:57:19.044+0000] {standard_task_runner.py:60} INFO - Started process 99 to run task
[2024-07-22T19:57:19.071+0000] {standard_task_runner.py:87} INFO - Running: ['***', 'tasks', 'run', 'stagingtodv', 'film', 'scheduled__2024-07-21T00:00:00+00:00', '--job-id', '11', '--raw', '--subdir', 'DAGS_FOLDER/dag.py', '--cfg-path', '/tmp/tmpv7ibii_t']
[2024-07-22T19:57:19.089+0000] {standard_task_runner.py:88} INFO - Job 11: Subtask film
[2024-07-22T19:57:19.234+0000] {task_command.py:423} INFO - Running <TaskInstance: stagingtodv.film scheduled__2024-07-21T00:00:00+00:00 [running]> on host 1ca6b70ca81e
[2024-07-22T19:57:20.817+0000] {taskinstance.py:2513} INFO - Exporting env vars: AIRFLOW_CTX_DAG_OWNER='***' AIRFLOW_CTX_DAG_ID='stagingtodv' AIRFLOW_CTX_TASK_ID='film' AIRFLOW_CTX_EXECUTION_DATE='2024-07-21T00:00:00+00:00' AIRFLOW_CTX_TRY_NUMBER='1' AIRFLOW_CTX_DAG_RUN_ID='scheduled__2024-07-21T00:00:00+00:00'
[2024-07-22T19:57:20.820+0000] {logging_mixin.py:188} INFO - -------------------------------------------- select *  from etlconf.Etl_Process_Mapping where SourceTableName = 'film' and Stage = 'stagingtodv'
[2024-07-22T19:57:20.855+0000] {logging_mixin.py:188} INFO - query select *  from etlconf.Etl_Process_Mapping where SourceTableName = 'film' and Stage = 'stagingtodv'
[2024-07-22T19:57:20.911+0000] {logging_mixin.py:188} INFO - DFFFFFFF    id sourcetablename  ...        stage              last_run_date
0  16            film  ...  stagingtodv 2024-07-22 19:52:49.108780

[1 rows x 15 columns]
[2024-07-22T19:57:20.949+0000] {logging_mixin.py:188} INFO - DFFFFFFFFF        0   ...                                                 12
0     133  ...  'chamber':1 'fate':4 'husband':11 'italian':2 ...
1     384  ...  'australia':18 'cat':8 'drama':5 'epic':4 'exp...
2       8  ...  'airport':1 'ancient':18 'confront':14 'epic':...
3      98  ...  'boat':20 'bright':1 'conquer':14 'encount':2 ...
4       1  ...  'academi':1 'battl':15 'canadian':20 'dinosaur...
..    ...  ...                                                ...
995   996  ...  'administr':12 'boat':8 'boy':17 'databas':11 ...
996   997  ...  'boat':22 'cat':11 'challeng':14 'drama':5 'ki...
997   998  ...  'boy':16 'canadian':19 'compos':8 'core':2 'fa...
998   999  ...  'ancient':19 'boat':11 'china':20 'discov':14 ...
999  1000  ...  'ark':2 'boy':12,17 'intrepid':4 'mad':8 'mona...

[1000 rows x 13 columns]
[2024-07-22T19:57:21.124+0000] {logging_mixin.py:188} INFO - update etlconf.Etl_Process_Mapping T set last_run_date = current_timestamp where destdbname='dbdv' and destschema='dvdrental' and desttablename='film';
[2024-07-22T19:57:21.148+0000] {python.py:202} INFO - Done. Returned value was: None
[2024-07-22T19:57:21.157+0000] {taskinstance.py:1149} INFO - Marking task as SUCCESS. dag_id=stagingtodv, task_id=film, execution_date=20240721T000000, start_date=20240722T195718, end_date=20240722T195721
[2024-07-22T19:57:21.202+0000] {local_task_job_runner.py:234} INFO - Task exited with return code 0
[2024-07-22T19:57:21.214+0000] {taskinstance.py:3312} INFO - 0 downstream tasks scheduled from follow-on schedule check
[2024-07-22T20:01:00.656+0000] {taskinstance.py:1979} INFO - Dependencies all met for dep_context=non-requeueable deps ti=<TaskInstance: stagingtodv.film scheduled__2024-07-21T00:00:00+00:00 [queued]>
[2024-07-22T20:01:00.689+0000] {taskinstance.py:1979} INFO - Dependencies all met for dep_context=requeueable deps ti=<TaskInstance: stagingtodv.film scheduled__2024-07-21T00:00:00+00:00 [queued]>
[2024-07-22T20:01:00.692+0000] {taskinstance.py:2193} INFO - Starting attempt 1 of 1
[2024-07-22T20:01:00.735+0000] {taskinstance.py:2217} INFO - Executing <Task(PythonOperator): film> on 2024-07-21 00:00:00+00:00
[2024-07-22T20:01:00.750+0000] {standard_task_runner.py:60} INFO - Started process 113 to run task
[2024-07-22T20:01:00.763+0000] {standard_task_runner.py:87} INFO - Running: ['***', 'tasks', 'run', 'stagingtodv', 'film', 'scheduled__2024-07-21T00:00:00+00:00', '--job-id', '10', '--raw', '--subdir', 'DAGS_FOLDER/dag.py', '--cfg-path', '/tmp/tmpuywy52_c']
[2024-07-22T20:01:00.787+0000] {standard_task_runner.py:88} INFO - Job 10: Subtask film
[2024-07-22T20:01:00.992+0000] {task_command.py:423} INFO - Running <TaskInstance: stagingtodv.film scheduled__2024-07-21T00:00:00+00:00 [running]> on host 2aa012dff3cf
[2024-07-22T20:01:02.402+0000] {taskinstance.py:2513} INFO - Exporting env vars: AIRFLOW_CTX_DAG_OWNER='***' AIRFLOW_CTX_DAG_ID='stagingtodv' AIRFLOW_CTX_TASK_ID='film' AIRFLOW_CTX_EXECUTION_DATE='2024-07-21T00:00:00+00:00' AIRFLOW_CTX_TRY_NUMBER='1' AIRFLOW_CTX_DAG_RUN_ID='scheduled__2024-07-21T00:00:00+00:00'
[2024-07-22T20:01:02.408+0000] {logging_mixin.py:188} INFO - -------------------------------------------- select *  from etlconf.Etl_Process_Mapping where SourceTableName = 'film' and Stage = 'stagingtodv'
[2024-07-22T20:01:02.465+0000] {logging_mixin.py:188} INFO - query select *  from etlconf.Etl_Process_Mapping where SourceTableName = 'film' and Stage = 'stagingtodv'
[2024-07-22T20:01:02.548+0000] {logging_mixin.py:188} INFO - DFFFFFFF    id sourcetablename  ...        stage              last_run_date
0  16            film  ...  stagingtodv 2024-07-22 19:57:21.139056

[1 rows x 15 columns]
[2024-07-22T20:01:02.601+0000] {logging_mixin.py:188} INFO - DFFFFFFFFF        0   ...                                                 12
0     133  ...  'chamber':1 'fate':4 'husband':11 'italian':2 ...
1     384  ...  'australia':18 'cat':8 'drama':5 'epic':4 'exp...
2       8  ...  'airport':1 'ancient':18 'confront':14 'epic':...
3      98  ...  'boat':20 'bright':1 'conquer':14 'encount':2 ...
4       1  ...  'academi':1 'battl':15 'canadian':20 'dinosaur...
..    ...  ...                                                ...
995   996  ...  'administr':12 'boat':8 'boy':17 'databas':11 ...
996   997  ...  'boat':22 'cat':11 'challeng':14 'drama':5 'ki...
997   998  ...  'boy':16 'canadian':19 'compos':8 'core':2 'fa...
998   999  ...  'ancient':19 'boat':11 'china':20 'discov':14 ...
999  1000  ...  'ark':2 'boy':12,17 'intrepid':4 'mad':8 'mona...

[1000 rows x 13 columns]
[2024-07-22T20:01:02.820+0000] {logging_mixin.py:188} INFO - update etlconf.Etl_Process_Mapping T set last_run_date = current_timestamp where destdbname='dbdv' and destschema='dvdrental' and desttablename='film';
[2024-07-22T20:01:02.834+0000] {python.py:202} INFO - Done. Returned value was: None
[2024-07-22T20:01:02.841+0000] {taskinstance.py:1149} INFO - Marking task as SUCCESS. dag_id=stagingtodv, task_id=film, execution_date=20240721T000000, start_date=20240722T200100, end_date=20240722T200102
[2024-07-22T20:01:02.883+0000] {local_task_job_runner.py:234} INFO - Task exited with return code 0
[2024-07-22T20:01:02.903+0000] {taskinstance.py:3312} INFO - 0 downstream tasks scheduled from follow-on schedule check
[2024-07-22T20:07:53.150+0000] {taskinstance.py:1979} INFO - Dependencies all met for dep_context=non-requeueable deps ti=<TaskInstance: stagingtodv.film scheduled__2024-07-21T00:00:00+00:00 [queued]>
[2024-07-22T20:07:53.221+0000] {taskinstance.py:1979} INFO - Dependencies all met for dep_context=requeueable deps ti=<TaskInstance: stagingtodv.film scheduled__2024-07-21T00:00:00+00:00 [queued]>
[2024-07-22T20:07:53.233+0000] {taskinstance.py:2193} INFO - Starting attempt 1 of 1
[2024-07-22T20:07:53.278+0000] {taskinstance.py:2217} INFO - Executing <Task(PythonOperator): film> on 2024-07-21 00:00:00+00:00
[2024-07-22T20:07:53.313+0000] {standard_task_runner.py:60} INFO - Started process 110 to run task
[2024-07-22T20:07:53.332+0000] {standard_task_runner.py:87} INFO - Running: ['***', 'tasks', 'run', 'stagingtodv', 'film', 'scheduled__2024-07-21T00:00:00+00:00', '--job-id', '5', '--raw', '--subdir', 'DAGS_FOLDER/dag.py', '--cfg-path', '/tmp/tmpgbz7mbdy']
[2024-07-22T20:07:53.359+0000] {standard_task_runner.py:88} INFO - Job 5: Subtask film
[2024-07-22T20:07:53.634+0000] {task_command.py:423} INFO - Running <TaskInstance: stagingtodv.film scheduled__2024-07-21T00:00:00+00:00 [running]> on host 05733b1af473
[2024-07-22T20:07:54.794+0000] {taskinstance.py:2513} INFO - Exporting env vars: AIRFLOW_CTX_DAG_OWNER='***' AIRFLOW_CTX_DAG_ID='stagingtodv' AIRFLOW_CTX_TASK_ID='film' AIRFLOW_CTX_EXECUTION_DATE='2024-07-21T00:00:00+00:00' AIRFLOW_CTX_TRY_NUMBER='1' AIRFLOW_CTX_DAG_RUN_ID='scheduled__2024-07-21T00:00:00+00:00'
[2024-07-22T20:07:54.801+0000] {logging_mixin.py:188} INFO - -------------------------------------------- select *  from etlconf.Etl_Process_Mapping where SourceTableName = 'film' and Stage = 'stagingtodv'
[2024-07-22T20:07:55.152+0000] {logging_mixin.py:188} INFO - DFFFFFFFFFDFFFFFFFFF        0   ...                                                 12
0     133  ...  'chamber':1 'fate':4 'husband':11 'italian':2 ...
1     384  ...  'australia':18 'cat':8 'drama':5 'epic':4 'exp...
2       8  ...  'airport':1 'ancient':18 'confront':14 'epic':...
3      98  ...  'boat':20 'bright':1 'conquer':14 'encount':2 ...
4       1  ...  'academi':1 'battl':15 'canadian':20 'dinosaur...
..    ...  ...                                                ...
995   996  ...  'administr':12 'boat':8 'boy':17 'databas':11 ...
996   997  ...  'boat':22 'cat':11 'challeng':14 'drama':5 'ki...
997   998  ...  'boy':16 'canadian':19 'compos':8 'core':2 'fa...
998   999  ...  'ancient':19 'boat':11 'china':20 'discov':14 ...
999  1000  ...  'ark':2 'boy':12,17 'intrepid':4 'mad':8 'mona...

[1000 rows x 13 columns]
[2024-07-22T20:07:55.476+0000] {logging_mixin.py:188} INFO - update etlconf.Etl_Process_Mapping T set last_run_date = current_timestamp where destdbname='dbdv' and destschema='dvdrental' and desttablename='film';
[2024-07-22T20:07:55.484+0000] {python.py:202} INFO - Done. Returned value was: None
[2024-07-22T20:07:55.490+0000] {taskinstance.py:1149} INFO - Marking task as SUCCESS. dag_id=stagingtodv, task_id=film, execution_date=20240721T000000, start_date=20240722T200753, end_date=20240722T200755
[2024-07-22T20:07:55.512+0000] {local_task_job_runner.py:234} INFO - Task exited with return code 0
[2024-07-22T20:07:55.529+0000] {taskinstance.py:3312} INFO - 0 downstream tasks scheduled from follow-on schedule check
[2024-07-22T20:12:24.263+0000] {taskinstance.py:1979} INFO - Dependencies all met for dep_context=non-requeueable deps ti=<TaskInstance: stagingtodv.film scheduled__2024-07-21T00:00:00+00:00 [queued]>
[2024-07-22T20:12:24.289+0000] {taskinstance.py:1979} INFO - Dependencies all met for dep_context=requeueable deps ti=<TaskInstance: stagingtodv.film scheduled__2024-07-21T00:00:00+00:00 [queued]>
[2024-07-22T20:12:24.293+0000] {taskinstance.py:2193} INFO - Starting attempt 1 of 1
[2024-07-22T20:12:24.326+0000] {taskinstance.py:2217} INFO - Executing <Task(PythonOperator): film> on 2024-07-21 00:00:00+00:00
[2024-07-22T20:12:24.347+0000] {standard_task_runner.py:60} INFO - Started process 99 to run task
[2024-07-22T20:12:24.376+0000] {standard_task_runner.py:87} INFO - Running: ['***', 'tasks', 'run', 'stagingtodv', 'film', 'scheduled__2024-07-21T00:00:00+00:00', '--job-id', '9', '--raw', '--subdir', 'DAGS_FOLDER/dag.py', '--cfg-path', '/tmp/tmpzub522qt']
[2024-07-22T20:12:24.404+0000] {standard_task_runner.py:88} INFO - Job 9: Subtask film
[2024-07-22T20:12:24.649+0000] {task_command.py:423} INFO - Running <TaskInstance: stagingtodv.film scheduled__2024-07-21T00:00:00+00:00 [running]> on host 0a26f4611472
[2024-07-22T20:12:26.269+0000] {taskinstance.py:2513} INFO - Exporting env vars: AIRFLOW_CTX_DAG_OWNER='***' AIRFLOW_CTX_DAG_ID='stagingtodv' AIRFLOW_CTX_TASK_ID='film' AIRFLOW_CTX_EXECUTION_DATE='2024-07-21T00:00:00+00:00' AIRFLOW_CTX_TRY_NUMBER='1' AIRFLOW_CTX_DAG_RUN_ID='scheduled__2024-07-21T00:00:00+00:00'
[2024-07-22T20:12:26.271+0000] {logging_mixin.py:188} INFO - -------------------------------------------- select *  from etlconf.Etl_Process_Mapping where SourceTableName = 'film' and Stage = 'stagingtodv'
[2024-07-22T20:12:26.378+0000] {logging_mixin.py:188} INFO - DFFFFFFFFFDFFFFFFFFF        0   ...                                                 12
0     133  ...  'chamber':1 'fate':4 'husband':11 'italian':2 ...
1     384  ...  'australia':18 'cat':8 'drama':5 'epic':4 'exp...
2       8  ...  'airport':1 'ancient':18 'confront':14 'epic':...
3      98  ...  'boat':20 'bright':1 'conquer':14 'encount':2 ...
4       1  ...  'academi':1 'battl':15 'canadian':20 'dinosaur...
..    ...  ...                                                ...
995   996  ...  'administr':12 'boat':8 'boy':17 'databas':11 ...
996   997  ...  'boat':22 'cat':11 'challeng':14 'drama':5 'ki...
997   998  ...  'boy':16 'canadian':19 'compos':8 'core':2 'fa...
998   999  ...  'ancient':19 'boat':11 'china':20 'discov':14 ...
999  1000  ...  'ark':2 'boy':12,17 'intrepid':4 'mad':8 'mona...

[1000 rows x 13 columns]
[2024-07-22T20:12:26.607+0000] {logging_mixin.py:188} INFO - update etlconf.Etl_Process_Mapping T set last_run_date = current_timestamp where destdbname='dbdv' and destschema='dvdrental' and desttablename='film';
[2024-07-22T20:12:26.671+0000] {python.py:202} INFO - Done. Returned value was: None
[2024-07-22T20:12:26.684+0000] {taskinstance.py:1149} INFO - Marking task as SUCCESS. dag_id=stagingtodv, task_id=film, execution_date=20240721T000000, start_date=20240722T201224, end_date=20240722T201226
[2024-07-22T20:12:26.735+0000] {local_task_job_runner.py:234} INFO - Task exited with return code 0
[2024-07-22T20:12:26.748+0000] {taskinstance.py:3312} INFO - 0 downstream tasks scheduled from follow-on schedule check
[2024-07-22T20:16:39.577+0000] {taskinstance.py:1979} INFO - Dependencies all met for dep_context=non-requeueable deps ti=<TaskInstance: stagingtodv.film scheduled__2024-07-21T00:00:00+00:00 [queued]>
[2024-07-22T20:16:39.598+0000] {taskinstance.py:1979} INFO - Dependencies all met for dep_context=requeueable deps ti=<TaskInstance: stagingtodv.film scheduled__2024-07-21T00:00:00+00:00 [queued]>
[2024-07-22T20:16:39.606+0000] {taskinstance.py:2193} INFO - Starting attempt 1 of 1
[2024-07-22T20:16:39.636+0000] {taskinstance.py:2217} INFO - Executing <Task(PythonOperator): film> on 2024-07-21 00:00:00+00:00
[2024-07-22T20:16:39.655+0000] {standard_task_runner.py:60} INFO - Started process 99 to run task
[2024-07-22T20:16:39.668+0000] {standard_task_runner.py:87} INFO - Running: ['***', 'tasks', 'run', 'stagingtodv', 'film', 'scheduled__2024-07-21T00:00:00+00:00', '--job-id', '8', '--raw', '--subdir', 'DAGS_FOLDER/dag.py', '--cfg-path', '/tmp/tmpd_i1kapa']
[2024-07-22T20:16:39.676+0000] {standard_task_runner.py:88} INFO - Job 8: Subtask film
[2024-07-22T20:16:39.788+0000] {task_command.py:423} INFO - Running <TaskInstance: stagingtodv.film scheduled__2024-07-21T00:00:00+00:00 [running]> on host 78ac63ab6c84
[2024-07-22T20:16:41.177+0000] {taskinstance.py:2513} INFO - Exporting env vars: AIRFLOW_CTX_DAG_OWNER='***' AIRFLOW_CTX_DAG_ID='stagingtodv' AIRFLOW_CTX_TASK_ID='film' AIRFLOW_CTX_EXECUTION_DATE='2024-07-21T00:00:00+00:00' AIRFLOW_CTX_TRY_NUMBER='1' AIRFLOW_CTX_DAG_RUN_ID='scheduled__2024-07-21T00:00:00+00:00'
[2024-07-22T20:16:41.180+0000] {logging_mixin.py:188} INFO - -------------------------------------------- select *  from etlconf.Etl_Process_Mapping where SourceTableName = 'film' and Stage = 'stagingtodv'
[2024-07-22T20:16:41.308+0000] {logging_mixin.py:188} INFO - DFFFFFFFFFDFFFFFFFFF        0   ...                                                 12
0     133  ...  'chamber':1 'fate':4 'husband':11 'italian':2 ...
1     384  ...  'australia':18 'cat':8 'drama':5 'epic':4 'exp...
2       8  ...  'airport':1 'ancient':18 'confront':14 'epic':...
3      98  ...  'boat':20 'bright':1 'conquer':14 'encount':2 ...
4       1  ...  'academi':1 'battl':15 'canadian':20 'dinosaur...
..    ...  ...                                                ...
995   996  ...  'administr':12 'boat':8 'boy':17 'databas':11 ...
996   997  ...  'boat':22 'cat':11 'challeng':14 'drama':5 'ki...
997   998  ...  'boy':16 'canadian':19 'compos':8 'core':2 'fa...
998   999  ...  'ancient':19 'boat':11 'china':20 'discov':14 ...
999  1000  ...  'ark':2 'boy':12,17 'intrepid':4 'mad':8 'mona...

[1000 rows x 13 columns]
[2024-07-22T20:16:41.450+0000] {logging_mixin.py:188} INFO - update etlconf.Etl_Process_Mapping T set last_run_date = current_timestamp where destdbname='dbdv' and destschema='dvdrental' and desttablename='film';
[2024-07-22T20:16:41.467+0000] {python.py:202} INFO - Done. Returned value was: None
[2024-07-22T20:16:41.474+0000] {taskinstance.py:1149} INFO - Marking task as SUCCESS. dag_id=stagingtodv, task_id=film, execution_date=20240721T000000, start_date=20240722T201639, end_date=20240722T201641
[2024-07-22T20:16:41.526+0000] {local_task_job_runner.py:234} INFO - Task exited with return code 0
[2024-07-22T20:16:41.542+0000] {taskinstance.py:3312} INFO - 0 downstream tasks scheduled from follow-on schedule check
[2024-07-22T20:31:14.246+0000] {taskinstance.py:1979} INFO - Dependencies all met for dep_context=non-requeueable deps ti=<TaskInstance: stagingtodv.film scheduled__2024-07-21T00:00:00+00:00 [queued]>
[2024-07-22T20:31:14.277+0000] {taskinstance.py:1979} INFO - Dependencies all met for dep_context=requeueable deps ti=<TaskInstance: stagingtodv.film scheduled__2024-07-21T00:00:00+00:00 [queued]>
[2024-07-22T20:31:14.281+0000] {taskinstance.py:2193} INFO - Starting attempt 1 of 1
[2024-07-22T20:31:14.332+0000] {taskinstance.py:2217} INFO - Executing <Task(PythonOperator): film> on 2024-07-21 00:00:00+00:00
[2024-07-22T20:31:14.370+0000] {standard_task_runner.py:60} INFO - Started process 100 to run task
[2024-07-22T20:31:14.393+0000] {standard_task_runner.py:87} INFO - Running: ['***', 'tasks', 'run', 'stagingtodv', 'film', 'scheduled__2024-07-21T00:00:00+00:00', '--job-id', '7', '--raw', '--subdir', 'DAGS_FOLDER/dag.py', '--cfg-path', '/tmp/tmp4u5sq1i2']
[2024-07-22T20:31:14.406+0000] {standard_task_runner.py:88} INFO - Job 7: Subtask film
[2024-07-22T20:31:14.554+0000] {task_command.py:423} INFO - Running <TaskInstance: stagingtodv.film scheduled__2024-07-21T00:00:00+00:00 [running]> on host 9126008e9d77
[2024-07-22T20:31:15.333+0000] {taskinstance.py:2513} INFO - Exporting env vars: AIRFLOW_CTX_DAG_OWNER='***' AIRFLOW_CTX_DAG_ID='stagingtodv' AIRFLOW_CTX_TASK_ID='film' AIRFLOW_CTX_EXECUTION_DATE='2024-07-21T00:00:00+00:00' AIRFLOW_CTX_TRY_NUMBER='1' AIRFLOW_CTX_DAG_RUN_ID='scheduled__2024-07-21T00:00:00+00:00'
[2024-07-22T20:31:15.350+0000] {logging_mixin.py:188} INFO - -------------------------------------------- select *  from etlconf.Etl_Process_Mapping where SourceTableName = 'film' and Stage = 'stagingtodv'
[2024-07-22T20:31:15.827+0000] {logging_mixin.py:188} INFO - DFFFFFFFFFDFFFFFFFFF        0   ...                                                 12
0     133  ...  'chamber':1 'fate':4 'husband':11 'italian':2 ...
1     384  ...  'australia':18 'cat':8 'drama':5 'epic':4 'exp...
2       8  ...  'airport':1 'ancient':18 'confront':14 'epic':...
3      98  ...  'boat':20 'bright':1 'conquer':14 'encount':2 ...
4       1  ...  'academi':1 'battl':15 'canadian':20 'dinosaur...
..    ...  ...                                                ...
995   996  ...  'administr':12 'boat':8 'boy':17 'databas':11 ...
996   997  ...  'boat':22 'cat':11 'challeng':14 'drama':5 'ki...
997   998  ...  'boy':16 'canadian':19 'compos':8 'core':2 'fa...
998   999  ...  'ancient':19 'boat':11 'china':20 'discov':14 ...
999  1000  ...  'ark':2 'boy':12,17 'intrepid':4 'mad':8 'mona...

[1000 rows x 13 columns]
[2024-07-22T20:31:16.126+0000] {logging_mixin.py:188} INFO - update etlconf.Etl_Process_Mapping T set last_run_date = current_timestamp where destdbname='dbdv' and destschema='dvdrental' and desttablename='film';
[2024-07-22T20:31:16.155+0000] {python.py:202} INFO - Done. Returned value was: None
[2024-07-22T20:31:16.169+0000] {taskinstance.py:1149} INFO - Marking task as SUCCESS. dag_id=stagingtodv, task_id=film, execution_date=20240721T000000, start_date=20240722T203114, end_date=20240722T203116
[2024-07-22T20:31:16.216+0000] {local_task_job_runner.py:234} INFO - Task exited with return code 0
[2024-07-22T20:31:16.228+0000] {taskinstance.py:3312} INFO - 0 downstream tasks scheduled from follow-on schedule check
[2024-07-22T20:33:01.103+0000] {taskinstance.py:1979} INFO - Dependencies all met for dep_context=non-requeueable deps ti=<TaskInstance: stagingtodv.film scheduled__2024-07-21T00:00:00+00:00 [queued]>
[2024-07-22T20:33:01.126+0000] {taskinstance.py:1979} INFO - Dependencies all met for dep_context=requeueable deps ti=<TaskInstance: stagingtodv.film scheduled__2024-07-21T00:00:00+00:00 [queued]>
[2024-07-22T20:33:01.131+0000] {taskinstance.py:2193} INFO - Starting attempt 1 of 1
[2024-07-22T20:33:01.182+0000] {taskinstance.py:2217} INFO - Executing <Task(PythonOperator): film> on 2024-07-21 00:00:00+00:00
[2024-07-22T20:33:01.216+0000] {standard_task_runner.py:60} INFO - Started process 92 to run task
[2024-07-22T20:33:01.233+0000] {standard_task_runner.py:87} INFO - Running: ['***', 'tasks', 'run', 'stagingtodv', 'film', 'scheduled__2024-07-21T00:00:00+00:00', '--job-id', '7', '--raw', '--subdir', 'DAGS_FOLDER/dag.py', '--cfg-path', '/tmp/tmpfead1s1u']
[2024-07-22T20:33:01.238+0000] {standard_task_runner.py:88} INFO - Job 7: Subtask film
[2024-07-22T20:33:01.463+0000] {task_command.py:423} INFO - Running <TaskInstance: stagingtodv.film scheduled__2024-07-21T00:00:00+00:00 [running]> on host 79b906a44679
[2024-07-22T20:33:02.214+0000] {taskinstance.py:2513} INFO - Exporting env vars: AIRFLOW_CTX_DAG_OWNER='***' AIRFLOW_CTX_DAG_ID='stagingtodv' AIRFLOW_CTX_TASK_ID='film' AIRFLOW_CTX_EXECUTION_DATE='2024-07-21T00:00:00+00:00' AIRFLOW_CTX_TRY_NUMBER='1' AIRFLOW_CTX_DAG_RUN_ID='scheduled__2024-07-21T00:00:00+00:00'
[2024-07-22T20:33:02.248+0000] {logging_mixin.py:188} INFO - -------------------------------------------- select *  from etlconf.Etl_Process_Mapping where SourceTableName = 'film' and Stage = 'stagingtodv'
[2024-07-22T20:33:02.973+0000] {logging_mixin.py:188} INFO - DFFFFFFFFFDFFFFFFFFF        0   ...                                                 12
0     133  ...  'chamber':1 'fate':4 'husband':11 'italian':2 ...
1     384  ...  'australia':18 'cat':8 'drama':5 'epic':4 'exp...
2       8  ...  'airport':1 'ancient':18 'confront':14 'epic':...
3      98  ...  'boat':20 'bright':1 'conquer':14 'encount':2 ...
4       1  ...  'academi':1 'battl':15 'canadian':20 'dinosaur...
..    ...  ...                                                ...
995   996  ...  'administr':12 'boat':8 'boy':17 'databas':11 ...
996   997  ...  'boat':22 'cat':11 'challeng':14 'drama':5 'ki...
997   998  ...  'boy':16 'canadian':19 'compos':8 'core':2 'fa...
998   999  ...  'ancient':19 'boat':11 'china':20 'discov':14 ...
999  1000  ...  'ark':2 'boy':12,17 'intrepid':4 'mad':8 'mona...

[1000 rows x 13 columns]
[2024-07-22T20:33:03.345+0000] {logging_mixin.py:188} INFO - update etlconf.Etl_Process_Mapping T set last_run_date = current_timestamp where destdbname='dbdv' and destschema='dvdrental' and desttablename='film';
[2024-07-22T20:33:03.352+0000] {python.py:202} INFO - Done. Returned value was: None
[2024-07-22T20:33:03.360+0000] {taskinstance.py:1149} INFO - Marking task as SUCCESS. dag_id=stagingtodv, task_id=film, execution_date=20240721T000000, start_date=20240722T203301, end_date=20240722T203303
[2024-07-22T20:33:03.440+0000] {local_task_job_runner.py:234} INFO - Task exited with return code 0
[2024-07-22T20:33:03.484+0000] {taskinstance.py:3312} INFO - 0 downstream tasks scheduled from follow-on schedule check
[2024-07-22T20:35:54.996+0000] {taskinstance.py:1979} INFO - Dependencies all met for dep_context=non-requeueable deps ti=<TaskInstance: stagingtodv.film scheduled__2024-07-21T00:00:00+00:00 [queued]>
[2024-07-22T20:35:55.024+0000] {taskinstance.py:1979} INFO - Dependencies all met for dep_context=requeueable deps ti=<TaskInstance: stagingtodv.film scheduled__2024-07-21T00:00:00+00:00 [queued]>
[2024-07-22T20:35:55.026+0000] {taskinstance.py:2193} INFO - Starting attempt 1 of 1
[2024-07-22T20:35:55.069+0000] {taskinstance.py:2217} INFO - Executing <Task(PythonOperator): film> on 2024-07-21 00:00:00+00:00
[2024-07-22T20:35:55.101+0000] {standard_task_runner.py:87} INFO - Running: ['***', 'tasks', 'run', 'stagingtodv', 'film', 'scheduled__2024-07-21T00:00:00+00:00', '--job-id', '12', '--raw', '--subdir', 'DAGS_FOLDER/dag.py', '--cfg-path', '/tmp/tmpp_locwae']
[2024-07-22T20:35:55.109+0000] {standard_task_runner.py:88} INFO - Job 12: Subtask film
[2024-07-22T20:35:55.095+0000] {standard_task_runner.py:60} INFO - Started process 98 to run task
[2024-07-22T20:35:55.343+0000] {task_command.py:423} INFO - Running <TaskInstance: stagingtodv.film scheduled__2024-07-21T00:00:00+00:00 [running]> on host eba0c7ca727b
[2024-07-22T20:35:56.364+0000] {taskinstance.py:2513} INFO - Exporting env vars: AIRFLOW_CTX_DAG_OWNER='***' AIRFLOW_CTX_DAG_ID='stagingtodv' AIRFLOW_CTX_TASK_ID='film' AIRFLOW_CTX_EXECUTION_DATE='2024-07-21T00:00:00+00:00' AIRFLOW_CTX_TRY_NUMBER='1' AIRFLOW_CTX_DAG_RUN_ID='scheduled__2024-07-21T00:00:00+00:00'
[2024-07-22T20:35:56.367+0000] {logging_mixin.py:188} INFO - -------------------------------------------- select *  from etlconf.Etl_Process_Mapping where SourceTableName = 'film' and Stage = 'stagingtodv'
[2024-07-22T20:35:56.566+0000] {logging_mixin.py:188} INFO - DFFFFFFFFFDFFFFFFFFF        0   ...                                                 12
0     133  ...  'chamber':1 'fate':4 'husband':11 'italian':2 ...
1     384  ...  'australia':18 'cat':8 'drama':5 'epic':4 'exp...
2       8  ...  'airport':1 'ancient':18 'confront':14 'epic':...
3      98  ...  'boat':20 'bright':1 'conquer':14 'encount':2 ...
4       1  ...  'academi':1 'battl':15 'canadian':20 'dinosaur...
..    ...  ...                                                ...
995   996  ...  'administr':12 'boat':8 'boy':17 'databas':11 ...
996   997  ...  'boat':22 'cat':11 'challeng':14 'drama':5 'ki...
997   998  ...  'boy':16 'canadian':19 'compos':8 'core':2 'fa...
998   999  ...  'ancient':19 'boat':11 'china':20 'discov':14 ...
999  1000  ...  'ark':2 'boy':12,17 'intrepid':4 'mad':8 'mona...

[1000 rows x 13 columns]
[2024-07-22T20:35:57.156+0000] {logging_mixin.py:188} INFO - update etlconf.Etl_Process_Mapping T set last_run_date = current_timestamp where destdbname='dbdv' and destschema='dvdrental' and desttablename='film';
[2024-07-22T20:35:57.173+0000] {python.py:202} INFO - Done. Returned value was: None
[2024-07-22T20:35:57.181+0000] {taskinstance.py:1149} INFO - Marking task as SUCCESS. dag_id=stagingtodv, task_id=film, execution_date=20240721T000000, start_date=20240722T203555, end_date=20240722T203557
[2024-07-22T20:35:57.252+0000] {local_task_job_runner.py:234} INFO - Task exited with return code 0
[2024-07-22T20:35:57.264+0000] {taskinstance.py:3312} INFO - 0 downstream tasks scheduled from follow-on schedule check
[2024-07-22T20:37:38.287+0000] {taskinstance.py:1979} INFO - Dependencies all met for dep_context=non-requeueable deps ti=<TaskInstance: stagingtodv.film scheduled__2024-07-21T00:00:00+00:00 [queued]>
[2024-07-22T20:37:38.300+0000] {taskinstance.py:1979} INFO - Dependencies all met for dep_context=requeueable deps ti=<TaskInstance: stagingtodv.film scheduled__2024-07-21T00:00:00+00:00 [queued]>
[2024-07-22T20:37:38.311+0000] {taskinstance.py:2193} INFO - Starting attempt 1 of 1
[2024-07-22T20:37:38.342+0000] {taskinstance.py:2217} INFO - Executing <Task(PythonOperator): film> on 2024-07-21 00:00:00+00:00
[2024-07-22T20:37:38.358+0000] {standard_task_runner.py:60} INFO - Started process 89 to run task
[2024-07-22T20:37:38.363+0000] {standard_task_runner.py:87} INFO - Running: ['***', 'tasks', 'run', 'stagingtodv', 'film', 'scheduled__2024-07-21T00:00:00+00:00', '--job-id', '3', '--raw', '--subdir', 'DAGS_FOLDER/dag.py', '--cfg-path', '/tmp/tmpxpws4471']
[2024-07-22T20:37:38.383+0000] {standard_task_runner.py:88} INFO - Job 3: Subtask film
[2024-07-22T20:37:38.596+0000] {task_command.py:423} INFO - Running <TaskInstance: stagingtodv.film scheduled__2024-07-21T00:00:00+00:00 [running]> on host ca612ea69d67
[2024-07-22T20:37:39.428+0000] {taskinstance.py:2513} INFO - Exporting env vars: AIRFLOW_CTX_DAG_OWNER='***' AIRFLOW_CTX_DAG_ID='stagingtodv' AIRFLOW_CTX_TASK_ID='film' AIRFLOW_CTX_EXECUTION_DATE='2024-07-21T00:00:00+00:00' AIRFLOW_CTX_TRY_NUMBER='1' AIRFLOW_CTX_DAG_RUN_ID='scheduled__2024-07-21T00:00:00+00:00'
[2024-07-22T20:37:39.439+0000] {logging_mixin.py:188} INFO - -------------------------------------------- select *  from etlconf.Etl_Process_Mapping where SourceTableName = 'film' and Stage = 'stagingtodv'
[2024-07-22T20:37:39.739+0000] {logging_mixin.py:188} INFO - DFFFFFFFFFDFFFFFFFFF        0   ...                                                 12
0     133  ...  'chamber':1 'fate':4 'husband':11 'italian':2 ...
1     384  ...  'australia':18 'cat':8 'drama':5 'epic':4 'exp...
2       8  ...  'airport':1 'ancient':18 'confront':14 'epic':...
3      98  ...  'boat':20 'bright':1 'conquer':14 'encount':2 ...
4       1  ...  'academi':1 'battl':15 'canadian':20 'dinosaur...
..    ...  ...                                                ...
995   996  ...  'administr':12 'boat':8 'boy':17 'databas':11 ...
996   997  ...  'boat':22 'cat':11 'challeng':14 'drama':5 'ki...
997   998  ...  'boy':16 'canadian':19 'compos':8 'core':2 'fa...
998   999  ...  'ancient':19 'boat':11 'china':20 'discov':14 ...
999  1000  ...  'ark':2 'boy':12,17 'intrepid':4 'mad':8 'mona...

[1000 rows x 13 columns]
[2024-07-22T20:37:40.455+0000] {logging_mixin.py:188} INFO - update etlconf.Etl_Process_Mapping T set last_run_date = current_timestamp where destdbname='dbdv' and destschema='dvdrental' and desttablename='film';
[2024-07-22T20:37:40.495+0000] {python.py:202} INFO - Done. Returned value was: None
[2024-07-22T20:37:40.506+0000] {taskinstance.py:1149} INFO - Marking task as SUCCESS. dag_id=stagingtodv, task_id=film, execution_date=20240721T000000, start_date=20240722T203738, end_date=20240722T203740
[2024-07-22T20:37:40.590+0000] {local_task_job_runner.py:234} INFO - Task exited with return code 0
[2024-07-22T20:37:40.610+0000] {taskinstance.py:3312} INFO - 0 downstream tasks scheduled from follow-on schedule check
[2024-07-22T20:48:35.672+0000] {taskinstance.py:1979} INFO - Dependencies all met for dep_context=non-requeueable deps ti=<TaskInstance: stagingtodv.film scheduled__2024-07-21T00:00:00+00:00 [queued]>
[2024-07-22T20:48:35.712+0000] {taskinstance.py:1979} INFO - Dependencies all met for dep_context=requeueable deps ti=<TaskInstance: stagingtodv.film scheduled__2024-07-21T00:00:00+00:00 [queued]>
[2024-07-22T20:48:35.720+0000] {taskinstance.py:2193} INFO - Starting attempt 1 of 1
[2024-07-22T20:48:35.782+0000] {taskinstance.py:2217} INFO - Executing <Task(PythonOperator): film> on 2024-07-21 00:00:00+00:00
[2024-07-22T20:48:35.828+0000] {standard_task_runner.py:60} INFO - Started process 108 to run task
[2024-07-22T20:48:35.850+0000] {standard_task_runner.py:87} INFO - Running: ['***', 'tasks', 'run', 'stagingtodv', 'film', 'scheduled__2024-07-21T00:00:00+00:00', '--job-id', '14', '--raw', '--subdir', 'DAGS_FOLDER/dag.py', '--cfg-path', '/tmp/tmpqxe96hn2']
[2024-07-22T20:48:35.858+0000] {standard_task_runner.py:88} INFO - Job 14: Subtask film
[2024-07-22T20:48:36.076+0000] {task_command.py:423} INFO - Running <TaskInstance: stagingtodv.film scheduled__2024-07-21T00:00:00+00:00 [running]> on host d9bd7bcefcfd
[2024-07-22T20:48:37.262+0000] {taskinstance.py:2513} INFO - Exporting env vars: AIRFLOW_CTX_DAG_OWNER='***' AIRFLOW_CTX_DAG_ID='stagingtodv' AIRFLOW_CTX_TASK_ID='film' AIRFLOW_CTX_EXECUTION_DATE='2024-07-21T00:00:00+00:00' AIRFLOW_CTX_TRY_NUMBER='1' AIRFLOW_CTX_DAG_RUN_ID='scheduled__2024-07-21T00:00:00+00:00'
[2024-07-22T20:48:37.287+0000] {logging_mixin.py:188} INFO - -------------------------------------------- select *  from etlconf.Etl_Process_Mapping where SourceTableName = 'film' and Stage = 'stagingtodv'
[2024-07-22T20:48:37.561+0000] {logging_mixin.py:188} INFO - DFFFFFFFFFDFFFFFFFFF        0   ...                                                 12
0     133  ...  'chamber':1 'fate':4 'husband':11 'italian':2 ...
1     384  ...  'australia':18 'cat':8 'drama':5 'epic':4 'exp...
2       8  ...  'airport':1 'ancient':18 'confront':14 'epic':...
3      98  ...  'boat':20 'bright':1 'conquer':14 'encount':2 ...
4       1  ...  'academi':1 'battl':15 'canadian':20 'dinosaur...
..    ...  ...                                                ...
995   996  ...  'administr':12 'boat':8 'boy':17 'databas':11 ...
996   997  ...  'boat':22 'cat':11 'challeng':14 'drama':5 'ki...
997   998  ...  'boy':16 'canadian':19 'compos':8 'core':2 'fa...
998   999  ...  'ancient':19 'boat':11 'china':20 'discov':14 ...
999  1000  ...  'ark':2 'boy':12,17 'intrepid':4 'mad':8 'mona...

[1000 rows x 13 columns]
[2024-07-22T20:48:37.947+0000] {logging_mixin.py:188} INFO - update etlconf.Etl_Process_Mapping T set last_run_date = current_timestamp where destdbname='dbdv' and destschema='dvdrental' and desttablename='film';
[2024-07-22T20:48:37.978+0000] {python.py:202} INFO - Done. Returned value was: None
[2024-07-22T20:48:37.988+0000] {taskinstance.py:1149} INFO - Marking task as SUCCESS. dag_id=stagingtodv, task_id=film, execution_date=20240721T000000, start_date=20240722T204835, end_date=20240722T204837
[2024-07-22T20:48:38.046+0000] {local_task_job_runner.py:234} INFO - Task exited with return code 0
[2024-07-22T20:48:38.059+0000] {taskinstance.py:3312} INFO - 0 downstream tasks scheduled from follow-on schedule check
[2024-07-22T20:50:36.791+0000] {taskinstance.py:1979} INFO - Dependencies all met for dep_context=non-requeueable deps ti=<TaskInstance: stagingtodv.film scheduled__2024-07-21T00:00:00+00:00 [queued]>
[2024-07-22T20:50:36.820+0000] {taskinstance.py:1979} INFO - Dependencies all met for dep_context=requeueable deps ti=<TaskInstance: stagingtodv.film scheduled__2024-07-21T00:00:00+00:00 [queued]>
[2024-07-22T20:50:36.826+0000] {taskinstance.py:2193} INFO - Starting attempt 1 of 1
[2024-07-22T20:50:36.851+0000] {taskinstance.py:2217} INFO - Executing <Task(PythonOperator): film> on 2024-07-21 00:00:00+00:00
[2024-07-22T20:50:36.870+0000] {standard_task_runner.py:60} INFO - Started process 98 to run task
[2024-07-22T20:50:36.889+0000] {standard_task_runner.py:87} INFO - Running: ['***', 'tasks', 'run', 'stagingtodv', 'film', 'scheduled__2024-07-21T00:00:00+00:00', '--job-id', '13', '--raw', '--subdir', 'DAGS_FOLDER/dag.py', '--cfg-path', '/tmp/tmpibb_jwvi']
[2024-07-22T20:50:36.900+0000] {standard_task_runner.py:88} INFO - Job 13: Subtask film
[2024-07-22T20:50:37.281+0000] {task_command.py:423} INFO - Running <TaskInstance: stagingtodv.film scheduled__2024-07-21T00:00:00+00:00 [running]> on host c43d948598a9
[2024-07-22T20:50:38.785+0000] {taskinstance.py:2513} INFO - Exporting env vars: AIRFLOW_CTX_DAG_OWNER='***' AIRFLOW_CTX_DAG_ID='stagingtodv' AIRFLOW_CTX_TASK_ID='film' AIRFLOW_CTX_EXECUTION_DATE='2024-07-21T00:00:00+00:00' AIRFLOW_CTX_TRY_NUMBER='1' AIRFLOW_CTX_DAG_RUN_ID='scheduled__2024-07-21T00:00:00+00:00'
[2024-07-22T20:50:38.787+0000] {logging_mixin.py:188} INFO - -------------------------------------------- select *  from etlconf.Etl_Process_Mapping where SourceTableName = 'film' and Stage = 'stagingtodv'
[2024-07-22T20:50:38.922+0000] {logging_mixin.py:188} INFO - DFFFFFFFFFDFFFFFFFFF        0   ...                                                 12
0     133  ...  'chamber':1 'fate':4 'husband':11 'italian':2 ...
1     384  ...  'australia':18 'cat':8 'drama':5 'epic':4 'exp...
2       8  ...  'airport':1 'ancient':18 'confront':14 'epic':...
3      98  ...  'boat':20 'bright':1 'conquer':14 'encount':2 ...
4       1  ...  'academi':1 'battl':15 'canadian':20 'dinosaur...
..    ...  ...                                                ...
995   996  ...  'administr':12 'boat':8 'boy':17 'databas':11 ...
996   997  ...  'boat':22 'cat':11 'challeng':14 'drama':5 'ki...
997   998  ...  'boy':16 'canadian':19 'compos':8 'core':2 'fa...
998   999  ...  'ancient':19 'boat':11 'china':20 'discov':14 ...
999  1000  ...  'ark':2 'boy':12,17 'intrepid':4 'mad':8 'mona...

[1000 rows x 13 columns]
[2024-07-22T20:50:39.131+0000] {logging_mixin.py:188} INFO - update etlconf.Etl_Process_Mapping T set last_run_date = current_timestamp where destdbname='dbdv' and destschema='dvdrental' and desttablename='film';
[2024-07-22T20:50:39.141+0000] {python.py:202} INFO - Done. Returned value was: None
[2024-07-22T20:50:39.153+0000] {taskinstance.py:1149} INFO - Marking task as SUCCESS. dag_id=stagingtodv, task_id=film, execution_date=20240721T000000, start_date=20240722T205036, end_date=20240722T205039
[2024-07-22T20:50:39.200+0000] {local_task_job_runner.py:234} INFO - Task exited with return code 0
[2024-07-22T20:50:39.215+0000] {taskinstance.py:3312} INFO - 0 downstream tasks scheduled from follow-on schedule check
[2024-07-22T20:56:52.704+0000] {taskinstance.py:1979} INFO - Dependencies all met for dep_context=non-requeueable deps ti=<TaskInstance: stagingtodv.film scheduled__2024-07-21T00:00:00+00:00 [queued]>
[2024-07-22T20:56:52.725+0000] {taskinstance.py:1979} INFO - Dependencies all met for dep_context=requeueable deps ti=<TaskInstance: stagingtodv.film scheduled__2024-07-21T00:00:00+00:00 [queued]>
[2024-07-22T20:56:52.730+0000] {taskinstance.py:2193} INFO - Starting attempt 1 of 1
[2024-07-22T20:56:52.803+0000] {taskinstance.py:2217} INFO - Executing <Task(PythonOperator): film> on 2024-07-21 00:00:00+00:00
[2024-07-22T20:56:52.873+0000] {standard_task_runner.py:60} INFO - Started process 118 to run task
[2024-07-22T20:56:52.886+0000] {standard_task_runner.py:87} INFO - Running: ['***', 'tasks', 'run', 'stagingtodv', 'film', 'scheduled__2024-07-21T00:00:00+00:00', '--job-id', '14', '--raw', '--subdir', 'DAGS_FOLDER/dag.py', '--cfg-path', '/tmp/tmp0q96t0g2']
[2024-07-22T20:56:52.901+0000] {standard_task_runner.py:88} INFO - Job 14: Subtask film
[2024-07-22T20:56:53.155+0000] {task_command.py:423} INFO - Running <TaskInstance: stagingtodv.film scheduled__2024-07-21T00:00:00+00:00 [running]> on host b40f86dea2d7
[2024-07-22T20:56:54.631+0000] {taskinstance.py:2513} INFO - Exporting env vars: AIRFLOW_CTX_DAG_OWNER='***' AIRFLOW_CTX_DAG_ID='stagingtodv' AIRFLOW_CTX_TASK_ID='film' AIRFLOW_CTX_EXECUTION_DATE='2024-07-21T00:00:00+00:00' AIRFLOW_CTX_TRY_NUMBER='1' AIRFLOW_CTX_DAG_RUN_ID='scheduled__2024-07-21T00:00:00+00:00'
[2024-07-22T20:56:54.635+0000] {logging_mixin.py:188} INFO - -------------------------------------------- select *  from etlconf.Etl_Process_Mapping where SourceTableName = 'film' and Stage = 'stagingtodv'
[2024-07-22T20:56:55.153+0000] {logging_mixin.py:188} INFO - update etlconf.Etl_Process_Mapping T set last_run_date = current_timestamp where destdbname='dbdv' and destschema='dvdrental' and desttablename='film';
[2024-07-22T20:56:55.164+0000] {python.py:202} INFO - Done. Returned value was: None
[2024-07-22T20:56:55.171+0000] {taskinstance.py:1149} INFO - Marking task as SUCCESS. dag_id=stagingtodv, task_id=film, execution_date=20240721T000000, start_date=20240722T205652, end_date=20240722T205655
[2024-07-22T20:56:55.191+0000] {local_task_job_runner.py:234} INFO - Task exited with return code 0
[2024-07-22T20:56:55.203+0000] {taskinstance.py:3312} INFO - 0 downstream tasks scheduled from follow-on schedule check
[2024-07-22T21:02:40.223+0000] {taskinstance.py:1979} INFO - Dependencies all met for dep_context=non-requeueable deps ti=<TaskInstance: stagingtodv.film scheduled__2024-07-21T00:00:00+00:00 [queued]>
[2024-07-22T21:02:40.230+0000] {taskinstance.py:1979} INFO - Dependencies all met for dep_context=requeueable deps ti=<TaskInstance: stagingtodv.film scheduled__2024-07-21T00:00:00+00:00 [queued]>
[2024-07-22T21:02:40.243+0000] {taskinstance.py:2193} INFO - Starting attempt 1 of 1
[2024-07-22T21:02:40.281+0000] {taskinstance.py:2217} INFO - Executing <Task(PythonOperator): film> on 2024-07-21 00:00:00+00:00
[2024-07-22T21:02:40.294+0000] {standard_task_runner.py:60} INFO - Started process 118 to run task
[2024-07-22T21:02:40.308+0000] {standard_task_runner.py:87} INFO - Running: ['***', 'tasks', 'run', 'stagingtodv', 'film', 'scheduled__2024-07-21T00:00:00+00:00', '--job-id', '5', '--raw', '--subdir', 'DAGS_FOLDER/dag.py', '--cfg-path', '/tmp/tmpmloqv5c6']
[2024-07-22T21:02:40.318+0000] {standard_task_runner.py:88} INFO - Job 5: Subtask film
[2024-07-22T21:02:40.453+0000] {task_command.py:423} INFO - Running <TaskInstance: stagingtodv.film scheduled__2024-07-21T00:00:00+00:00 [running]> on host fd3c041fbc80
[2024-07-22T21:02:41.465+0000] {taskinstance.py:2513} INFO - Exporting env vars: AIRFLOW_CTX_DAG_OWNER='***' AIRFLOW_CTX_DAG_ID='stagingtodv' AIRFLOW_CTX_TASK_ID='film' AIRFLOW_CTX_EXECUTION_DATE='2024-07-21T00:00:00+00:00' AIRFLOW_CTX_TRY_NUMBER='1' AIRFLOW_CTX_DAG_RUN_ID='scheduled__2024-07-21T00:00:00+00:00'
[2024-07-22T21:02:41.470+0000] {logging_mixin.py:188} INFO - -------------------------------------------- select *  from etlconf.Etl_Process_Mapping where SourceTableName = 'film' and Stage = 'stagingtodv'
[2024-07-22T21:02:42.186+0000] {logging_mixin.py:188} INFO - update etlconf.Etl_Process_Mapping T set last_run_date = current_timestamp where destdbname='dbdv' and destschema='dvdrental' and desttablename='film';
[2024-07-22T21:02:42.204+0000] {python.py:202} INFO - Done. Returned value was: None
[2024-07-22T21:02:42.215+0000] {taskinstance.py:1149} INFO - Marking task as SUCCESS. dag_id=stagingtodv, task_id=film, execution_date=20240721T000000, start_date=20240722T210240, end_date=20240722T210242
[2024-07-22T21:02:42.238+0000] {local_task_job_runner.py:234} INFO - Task exited with return code 0
[2024-07-22T21:02:42.268+0000] {taskinstance.py:3312} INFO - 0 downstream tasks scheduled from follow-on schedule check
[2024-07-22T21:05:28.028+0000] {taskinstance.py:1979} INFO - Dependencies all met for dep_context=non-requeueable deps ti=<TaskInstance: stagingtodv.film scheduled__2024-07-21T00:00:00+00:00 [queued]>
[2024-07-22T21:05:28.050+0000] {taskinstance.py:1979} INFO - Dependencies all met for dep_context=requeueable deps ti=<TaskInstance: stagingtodv.film scheduled__2024-07-21T00:00:00+00:00 [queued]>
[2024-07-22T21:05:28.051+0000] {taskinstance.py:2193} INFO - Starting attempt 1 of 1
[2024-07-22T21:05:28.072+0000] {taskinstance.py:2217} INFO - Executing <Task(PythonOperator): film> on 2024-07-21 00:00:00+00:00
[2024-07-22T21:05:28.084+0000] {standard_task_runner.py:60} INFO - Started process 101 to run task
[2024-07-22T21:05:28.095+0000] {standard_task_runner.py:87} INFO - Running: ['***', 'tasks', 'run', 'stagingtodv', 'film', 'scheduled__2024-07-21T00:00:00+00:00', '--job-id', '17', '--raw', '--subdir', 'DAGS_FOLDER/dag.py', '--cfg-path', '/tmp/tmpgn3d_msi']
[2024-07-22T21:05:28.106+0000] {standard_task_runner.py:88} INFO - Job 17: Subtask film
[2024-07-22T21:05:28.312+0000] {task_command.py:423} INFO - Running <TaskInstance: stagingtodv.film scheduled__2024-07-21T00:00:00+00:00 [running]> on host f59a56d3cdcb
[2024-07-22T21:05:29.417+0000] {taskinstance.py:2513} INFO - Exporting env vars: AIRFLOW_CTX_DAG_OWNER='***' AIRFLOW_CTX_DAG_ID='stagingtodv' AIRFLOW_CTX_TASK_ID='film' AIRFLOW_CTX_EXECUTION_DATE='2024-07-21T00:00:00+00:00' AIRFLOW_CTX_TRY_NUMBER='1' AIRFLOW_CTX_DAG_RUN_ID='scheduled__2024-07-21T00:00:00+00:00'
[2024-07-22T21:05:29.422+0000] {logging_mixin.py:188} INFO - -------------------------------------------- select *  from etlconf.Etl_Process_Mapping where SourceTableName = 'film' and Stage = 'stagingtodv'
[2024-07-22T21:05:29.803+0000] {logging_mixin.py:188} INFO - update etlconf.Etl_Process_Mapping T set last_run_date = current_timestamp where destdbname='dbdv' and destschema='dvdrental' and desttablename='film';
[2024-07-22T21:05:29.816+0000] {python.py:202} INFO - Done. Returned value was: None
[2024-07-22T21:05:29.825+0000] {taskinstance.py:1149} INFO - Marking task as SUCCESS. dag_id=stagingtodv, task_id=film, execution_date=20240721T000000, start_date=20240722T210528, end_date=20240722T210529
[2024-07-22T21:05:29.873+0000] {local_task_job_runner.py:234} INFO - Task exited with return code 0
[2024-07-22T21:05:29.883+0000] {taskinstance.py:3312} INFO - 0 downstream tasks scheduled from follow-on schedule check
