[2024-07-10T19:19:12.769+0000] {taskinstance.py:1979} INFO - Dependencies all met for dep_context=non-requeueable deps ti=<TaskInstance: SqlToStaging.rental scheduled__2024-07-09T00:00:00+00:00 [queued]>
[2024-07-10T19:19:12.825+0000] {taskinstance.py:1979} INFO - Dependencies all met for dep_context=requeueable deps ti=<TaskInstance: SqlToStaging.rental scheduled__2024-07-09T00:00:00+00:00 [queued]>
[2024-07-10T19:19:12.829+0000] {taskinstance.py:2193} INFO - Starting attempt 1 of 1
[2024-07-10T19:19:12.889+0000] {taskinstance.py:2217} INFO - Executing <Task(PythonOperator): rental> on 2024-07-09 00:00:00+00:00
[2024-07-10T19:19:12.911+0000] {standard_task_runner.py:60} INFO - Started process 100 to run task
[2024-07-10T19:19:12.946+0000] {standard_task_runner.py:87} INFO - Running: ['***', 'tasks', 'run', 'SqlToStaging', 'rental', 'scheduled__2024-07-09T00:00:00+00:00', '--job-id', '3', '--raw', '--subdir', 'DAGS_FOLDER/dag.py', '--cfg-path', '/tmp/tmp742v40hq']
[2024-07-10T19:19:12.959+0000] {standard_task_runner.py:88} INFO - Job 3: Subtask rental
[2024-07-10T19:19:13.117+0000] {task_command.py:423} INFO - Running <TaskInstance: SqlToStaging.rental scheduled__2024-07-09T00:00:00+00:00 [running]> on host 988357c0810b
[2024-07-10T19:19:14.601+0000] {taskinstance.py:2513} INFO - Exporting env vars: AIRFLOW_CTX_DAG_OWNER='***' AIRFLOW_CTX_DAG_ID='SqlToStaging' AIRFLOW_CTX_TASK_ID='rental' AIRFLOW_CTX_EXECUTION_DATE='2024-07-09T00:00:00+00:00' AIRFLOW_CTX_TRY_NUMBER='1' AIRFLOW_CTX_DAG_RUN_ID='scheduled__2024-07-09T00:00:00+00:00'
[2024-07-10T19:19:14.609+0000] {logging_mixin.py:188} INFO - select *  from etlconf.Etl_Process_Mapping where SourceTableName = 'rental' and Stage = 'SqlToStaging'
[2024-07-10T19:19:14.651+0000] {taskinstance.py:2731} ERROR - Task failed with exception
Traceback (most recent call last):
  File "/home/airflow/.local/lib/python3.8/site-packages/airflow/models/taskinstance.py", line 444, in _execute_task
    result = _execute_callable(context=context, **execute_callable_kwargs)
  File "/home/airflow/.local/lib/python3.8/site-packages/airflow/models/taskinstance.py", line 414, in _execute_callable
    return execute_callable(context=context, **execute_callable_kwargs)
  File "/home/airflow/.local/lib/python3.8/site-packages/airflow/operators/python.py", line 200, in execute
    return_value = self.execute_callable()
  File "/home/airflow/.local/lib/python3.8/site-packages/airflow/operators/python.py", line 217, in execute_callable
    return self.python_callable(*self.op_args, **self.op_kwargs)
  File "/opt/airflow/dags/dag.py", line 41, in process_table
    tabletype = get_data_from_conf_table(table,stage)['tabletype'].values[0]
  File "/opt/airflow/dags/dag.py", line 30, in get_data_from_conf_table
    cur.execute(query)
AttributeError: 'psycopg2.extensions.connection' object has no attribute 'execute'
[2024-07-10T19:19:14.679+0000] {taskinstance.py:1149} INFO - Marking task as FAILED. dag_id=SqlToStaging, task_id=rental, execution_date=20240709T000000, start_date=20240710T191912, end_date=20240710T191914
[2024-07-10T19:19:14.692+0000] {standard_task_runner.py:107} ERROR - Failed to execute job 3 for task rental ('psycopg2.extensions.connection' object has no attribute 'execute'; 100)
[2024-07-10T19:19:14.713+0000] {local_task_job_runner.py:234} INFO - Task exited with return code 1
[2024-07-10T19:19:14.755+0000] {taskinstance.py:3312} INFO - 0 downstream tasks scheduled from follow-on schedule check
[2024-07-10T19:24:52.121+0000] {taskinstance.py:1979} INFO - Dependencies all met for dep_context=non-requeueable deps ti=<TaskInstance: SqlToStaging.rental scheduled__2024-07-09T00:00:00+00:00 [queued]>
[2024-07-10T19:24:52.145+0000] {taskinstance.py:1979} INFO - Dependencies all met for dep_context=requeueable deps ti=<TaskInstance: SqlToStaging.rental scheduled__2024-07-09T00:00:00+00:00 [queued]>
[2024-07-10T19:24:52.155+0000] {taskinstance.py:2193} INFO - Starting attempt 1 of 1
[2024-07-10T19:24:52.177+0000] {taskinstance.py:2217} INFO - Executing <Task(PythonOperator): rental> on 2024-07-09 00:00:00+00:00
[2024-07-10T19:24:52.195+0000] {standard_task_runner.py:60} INFO - Started process 97 to run task
[2024-07-10T19:24:52.232+0000] {standard_task_runner.py:87} INFO - Running: ['***', 'tasks', 'run', 'SqlToStaging', 'rental', 'scheduled__2024-07-09T00:00:00+00:00', '--job-id', '14', '--raw', '--subdir', 'DAGS_FOLDER/dag.py', '--cfg-path', '/tmp/tmpoa3lu10e']
[2024-07-10T19:24:52.249+0000] {standard_task_runner.py:88} INFO - Job 14: Subtask rental
[2024-07-10T19:24:52.549+0000] {task_command.py:423} INFO - Running <TaskInstance: SqlToStaging.rental scheduled__2024-07-09T00:00:00+00:00 [running]> on host 1dd842c603c2
[2024-07-10T19:24:53.427+0000] {taskinstance.py:2513} INFO - Exporting env vars: AIRFLOW_CTX_DAG_OWNER='***' AIRFLOW_CTX_DAG_ID='SqlToStaging' AIRFLOW_CTX_TASK_ID='rental' AIRFLOW_CTX_EXECUTION_DATE='2024-07-09T00:00:00+00:00' AIRFLOW_CTX_TRY_NUMBER='1' AIRFLOW_CTX_DAG_RUN_ID='scheduled__2024-07-09T00:00:00+00:00'
[2024-07-10T19:24:53.437+0000] {logging_mixin.py:188} INFO - select *  from etlconf.Etl_Process_Mapping where SourceTableName = 'rental' and Stage = 'SqlToStaging'
[2024-07-10T19:24:53.489+0000] {taskinstance.py:2731} ERROR - Task failed with exception
Traceback (most recent call last):
  File "/home/airflow/.local/lib/python3.8/site-packages/airflow/models/taskinstance.py", line 444, in _execute_task
    result = _execute_callable(context=context, **execute_callable_kwargs)
  File "/home/airflow/.local/lib/python3.8/site-packages/airflow/models/taskinstance.py", line 414, in _execute_callable
    return execute_callable(context=context, **execute_callable_kwargs)
  File "/home/airflow/.local/lib/python3.8/site-packages/airflow/operators/python.py", line 200, in execute
    return_value = self.execute_callable()
  File "/home/airflow/.local/lib/python3.8/site-packages/airflow/operators/python.py", line 217, in execute_callable
    return self.python_callable(*self.op_args, **self.op_kwargs)
  File "/opt/airflow/dags/dag.py", line 41, in process_table
    tabletype = get_data_from_conf_table(table,stage)['tabletype'].values[0]
  File "/opt/airflow/dags/dag.py", line 34, in get_data_from_conf_table
    df.columns = [desc[0] for desc in cur.description]
  File "/home/airflow/.local/lib/python3.8/site-packages/pandas/core/generic.py", line 6002, in __setattr__
    return object.__setattr__(self, name, value)
  File "pandas/_libs/properties.pyx", line 69, in pandas._libs.properties.AxisProperty.__set__
  File "/home/airflow/.local/lib/python3.8/site-packages/pandas/core/generic.py", line 730, in _set_axis
    self._mgr.set_axis(axis, labels)
  File "/home/airflow/.local/lib/python3.8/site-packages/pandas/core/internals/managers.py", line 225, in set_axis
    self._validate_set_axis(axis, new_labels)
  File "/home/airflow/.local/lib/python3.8/site-packages/pandas/core/internals/base.py", line 70, in _validate_set_axis
    raise ValueError(
ValueError: Length mismatch: Expected axis has 0 elements, new values have 15 elements
[2024-07-10T19:24:53.528+0000] {taskinstance.py:1149} INFO - Marking task as FAILED. dag_id=SqlToStaging, task_id=rental, execution_date=20240709T000000, start_date=20240710T192452, end_date=20240710T192453
[2024-07-10T19:24:53.566+0000] {standard_task_runner.py:107} ERROR - Failed to execute job 14 for task rental (Length mismatch: Expected axis has 0 elements, new values have 15 elements; 97)
[2024-07-10T19:24:53.613+0000] {local_task_job_runner.py:234} INFO - Task exited with return code 1
[2024-07-10T19:24:53.715+0000] {taskinstance.py:3312} INFO - 0 downstream tasks scheduled from follow-on schedule check
[2024-07-10T19:33:52.810+0000] {taskinstance.py:1979} INFO - Dependencies all met for dep_context=non-requeueable deps ti=<TaskInstance: SqlToStaging.rental scheduled__2024-07-09T00:00:00+00:00 [queued]>
[2024-07-10T19:33:52.871+0000] {taskinstance.py:1979} INFO - Dependencies all met for dep_context=requeueable deps ti=<TaskInstance: SqlToStaging.rental scheduled__2024-07-09T00:00:00+00:00 [queued]>
[2024-07-10T19:33:52.872+0000] {taskinstance.py:2193} INFO - Starting attempt 1 of 1
[2024-07-10T19:33:52.902+0000] {taskinstance.py:2217} INFO - Executing <Task(PythonOperator): rental> on 2024-07-09 00:00:00+00:00
[2024-07-10T19:33:52.917+0000] {standard_task_runner.py:60} INFO - Started process 103 to run task
[2024-07-10T19:33:52.923+0000] {standard_task_runner.py:87} INFO - Running: ['***', 'tasks', 'run', 'SqlToStaging', 'rental', 'scheduled__2024-07-09T00:00:00+00:00', '--job-id', '14', '--raw', '--subdir', 'DAGS_FOLDER/dag.py', '--cfg-path', '/tmp/tmp2xy9hwym']
[2024-07-10T19:33:52.940+0000] {standard_task_runner.py:88} INFO - Job 14: Subtask rental
[2024-07-10T19:33:53.094+0000] {task_command.py:423} INFO - Running <TaskInstance: SqlToStaging.rental scheduled__2024-07-09T00:00:00+00:00 [running]> on host a0982d156a38
[2024-07-10T19:33:54.349+0000] {taskinstance.py:2513} INFO - Exporting env vars: AIRFLOW_CTX_DAG_OWNER='***' AIRFLOW_CTX_DAG_ID='SqlToStaging' AIRFLOW_CTX_TASK_ID='rental' AIRFLOW_CTX_EXECUTION_DATE='2024-07-09T00:00:00+00:00' AIRFLOW_CTX_TRY_NUMBER='1' AIRFLOW_CTX_DAG_RUN_ID='scheduled__2024-07-09T00:00:00+00:00'
[2024-07-10T19:33:54.359+0000] {logging_mixin.py:188} INFO - select *  from etlconf.Etl_Process_Mapping where SourceTableName = 'rental' and Stage = 'SqlToStaging'
[2024-07-10T19:33:54.414+0000] {taskinstance.py:2731} ERROR - Task failed with exception
Traceback (most recent call last):
  File "/home/airflow/.local/lib/python3.8/site-packages/airflow/models/taskinstance.py", line 444, in _execute_task
    result = _execute_callable(context=context, **execute_callable_kwargs)
  File "/home/airflow/.local/lib/python3.8/site-packages/airflow/models/taskinstance.py", line 414, in _execute_callable
    return execute_callable(context=context, **execute_callable_kwargs)
  File "/home/airflow/.local/lib/python3.8/site-packages/airflow/operators/python.py", line 200, in execute
    return_value = self.execute_callable()
  File "/home/airflow/.local/lib/python3.8/site-packages/airflow/operators/python.py", line 217, in execute_callable
    return self.python_callable(*self.op_args, **self.op_kwargs)
  File "/opt/airflow/dags/dag.py", line 41, in process_table
    tabletype = get_data_from_conf_table(table,stage)
  File "/opt/airflow/dags/dag.py", line 34, in get_data_from_conf_table
    df.columns = [desc[0] for desc in cur.description]
  File "/home/airflow/.local/lib/python3.8/site-packages/pandas/core/generic.py", line 6002, in __setattr__
    return object.__setattr__(self, name, value)
  File "pandas/_libs/properties.pyx", line 69, in pandas._libs.properties.AxisProperty.__set__
  File "/home/airflow/.local/lib/python3.8/site-packages/pandas/core/generic.py", line 730, in _set_axis
    self._mgr.set_axis(axis, labels)
  File "/home/airflow/.local/lib/python3.8/site-packages/pandas/core/internals/managers.py", line 225, in set_axis
    self._validate_set_axis(axis, new_labels)
  File "/home/airflow/.local/lib/python3.8/site-packages/pandas/core/internals/base.py", line 70, in _validate_set_axis
    raise ValueError(
ValueError: Length mismatch: Expected axis has 0 elements, new values have 15 elements
[2024-07-10T19:33:54.438+0000] {taskinstance.py:1149} INFO - Marking task as FAILED. dag_id=SqlToStaging, task_id=rental, execution_date=20240709T000000, start_date=20240710T193352, end_date=20240710T193354
[2024-07-10T19:33:54.496+0000] {standard_task_runner.py:107} ERROR - Failed to execute job 14 for task rental (Length mismatch: Expected axis has 0 elements, new values have 15 elements; 103)
[2024-07-10T19:33:54.512+0000] {local_task_job_runner.py:234} INFO - Task exited with return code 1
[2024-07-10T19:33:54.542+0000] {taskinstance.py:3312} INFO - 0 downstream tasks scheduled from follow-on schedule check
[2024-07-10T19:37:48.192+0000] {taskinstance.py:1979} INFO - Dependencies all met for dep_context=non-requeueable deps ti=<TaskInstance: sqltostaging.rental scheduled__2024-07-09T00:00:00+00:00 [queued]>
[2024-07-10T19:37:48.210+0000] {taskinstance.py:1979} INFO - Dependencies all met for dep_context=requeueable deps ti=<TaskInstance: sqltostaging.rental scheduled__2024-07-09T00:00:00+00:00 [queued]>
[2024-07-10T19:37:48.220+0000] {taskinstance.py:2193} INFO - Starting attempt 1 of 1
[2024-07-10T19:37:48.249+0000] {taskinstance.py:2217} INFO - Executing <Task(PythonOperator): rental> on 2024-07-09 00:00:00+00:00
[2024-07-10T19:37:48.273+0000] {standard_task_runner.py:60} INFO - Started process 241 to run task
[2024-07-10T19:37:48.292+0000] {standard_task_runner.py:87} INFO - Running: ['***', 'tasks', 'run', 'sqltostaging', 'rental', 'scheduled__2024-07-09T00:00:00+00:00', '--job-id', '39', '--raw', '--subdir', 'DAGS_FOLDER/dag.py', '--cfg-path', '/tmp/tmp2tqjrqq6']
[2024-07-10T19:37:48.314+0000] {standard_task_runner.py:88} INFO - Job 39: Subtask rental
[2024-07-10T19:37:48.496+0000] {task_command.py:423} INFO - Running <TaskInstance: sqltostaging.rental scheduled__2024-07-09T00:00:00+00:00 [running]> on host a0982d156a38
[2024-07-10T19:37:48.756+0000] {taskinstance.py:2513} INFO - Exporting env vars: AIRFLOW_CTX_DAG_OWNER='***' AIRFLOW_CTX_DAG_ID='sqltostaging' AIRFLOW_CTX_TASK_ID='rental' AIRFLOW_CTX_EXECUTION_DATE='2024-07-09T00:00:00+00:00' AIRFLOW_CTX_TRY_NUMBER='1' AIRFLOW_CTX_DAG_RUN_ID='scheduled__2024-07-09T00:00:00+00:00'
[2024-07-10T19:37:48.767+0000] {logging_mixin.py:188} INFO - select *  from etlconf.Etl_Process_Mapping where SourceTableName = 'rental' and Stage = 'sqltostaging'
[2024-07-10T19:37:49.751+0000] {logging_mixin.py:188} INFO -    0       1          2       3   ...    11    12            13    14
0  11  rental  dvdrental  public  ...  None  None  sqltostaging  None

[1 rows x 15 columns]
[2024-07-10T19:37:49.787+0000] {logging_mixin.py:188} INFO -    id sourcetablename sourcedbname  ...  code         stage last_run_date
0  11          rental    dvdrental  ...  None  sqltostaging          None

[1 rows x 15 columns]
[2024-07-10T19:37:49.788+0000] {logging_mixin.py:188} INFO - dvtobv :dag_id
[2024-07-10T19:37:49.790+0000] {logging_mixin.py:188} INFO - table: rental
[2024-07-10T19:37:49.791+0000] {logging_mixin.py:188} INFO - 
 stage: sqltostaging 
 table:rental
[2024-07-10T19:37:49.791+0000] {python.py:202} INFO - Done. Returned value was: None
[2024-07-10T19:37:49.804+0000] {taskinstance.py:1149} INFO - Marking task as SUCCESS. dag_id=sqltostaging, task_id=rental, execution_date=20240709T000000, start_date=20240710T193748, end_date=20240710T193749
[2024-07-10T19:37:49.852+0000] {local_task_job_runner.py:234} INFO - Task exited with return code 0
[2024-07-10T19:37:49.879+0000] {taskinstance.py:3312} INFO - 0 downstream tasks scheduled from follow-on schedule check
[2024-07-10T19:39:58.356+0000] {taskinstance.py:1979} INFO - Dependencies all met for dep_context=non-requeueable deps ti=<TaskInstance: sqltostaging.rental scheduled__2024-07-09T00:00:00+00:00 [queued]>
[2024-07-10T19:39:58.383+0000] {taskinstance.py:1979} INFO - Dependencies all met for dep_context=requeueable deps ti=<TaskInstance: sqltostaging.rental scheduled__2024-07-09T00:00:00+00:00 [queued]>
[2024-07-10T19:39:58.387+0000] {taskinstance.py:2193} INFO - Starting attempt 1 of 1
[2024-07-10T19:39:58.425+0000] {taskinstance.py:2217} INFO - Executing <Task(PythonOperator): rental> on 2024-07-09 00:00:00+00:00
[2024-07-10T19:39:58.443+0000] {standard_task_runner.py:60} INFO - Started process 101 to run task
[2024-07-10T19:39:58.463+0000] {standard_task_runner.py:87} INFO - Running: ['***', 'tasks', 'run', 'sqltostaging', 'rental', 'scheduled__2024-07-09T00:00:00+00:00', '--job-id', '13', '--raw', '--subdir', 'DAGS_FOLDER/dag.py', '--cfg-path', '/tmp/tmp4k29_hcn']
[2024-07-10T19:39:58.503+0000] {standard_task_runner.py:88} INFO - Job 13: Subtask rental
[2024-07-10T19:39:58.656+0000] {task_command.py:423} INFO - Running <TaskInstance: sqltostaging.rental scheduled__2024-07-09T00:00:00+00:00 [running]> on host 4118dead3d7f
[2024-07-10T19:39:59.921+0000] {taskinstance.py:2513} INFO - Exporting env vars: AIRFLOW_CTX_DAG_OWNER='***' AIRFLOW_CTX_DAG_ID='sqltostaging' AIRFLOW_CTX_TASK_ID='rental' AIRFLOW_CTX_EXECUTION_DATE='2024-07-09T00:00:00+00:00' AIRFLOW_CTX_TRY_NUMBER='1' AIRFLOW_CTX_DAG_RUN_ID='scheduled__2024-07-09T00:00:00+00:00'
[2024-07-10T19:39:59.924+0000] {logging_mixin.py:188} INFO - select *  from etlconf.Etl_Process_Mapping where SourceTableName = 'rental' and Stage = 'sqltostaging'
[2024-07-10T19:39:59.986+0000] {logging_mixin.py:188} INFO -    0       1          2       3   ...    11    12            13    14
0  11  rental  dvdrental  public  ...  None  None  sqltostaging  None

[1 rows x 15 columns]
[2024-07-10T19:39:59.990+0000] {logging_mixin.py:188} INFO - incremental
[2024-07-10T19:39:59.992+0000] {logging_mixin.py:188} INFO - dvtobv :dag_id
[2024-07-10T19:39:59.993+0000] {logging_mixin.py:188} INFO - table: rental
[2024-07-10T19:40:00.004+0000] {logging_mixin.py:188} INFO - 
 stage: sqltostaging 
 table:rental
[2024-07-10T19:40:00.012+0000] {python.py:202} INFO - Done. Returned value was: None
[2024-07-10T19:40:00.043+0000] {taskinstance.py:1149} INFO - Marking task as SUCCESS. dag_id=sqltostaging, task_id=rental, execution_date=20240709T000000, start_date=20240710T193958, end_date=20240710T194000
[2024-07-10T19:40:00.120+0000] {local_task_job_runner.py:234} INFO - Task exited with return code 0
[2024-07-10T19:40:00.134+0000] {taskinstance.py:3312} INFO - 0 downstream tasks scheduled from follow-on schedule check
[2024-07-10T19:44:03.153+0000] {taskinstance.py:1979} INFO - Dependencies all met for dep_context=non-requeueable deps ti=<TaskInstance: sqltostaging.rental scheduled__2024-07-09T00:00:00+00:00 [queued]>
[2024-07-10T19:44:03.193+0000] {taskinstance.py:1979} INFO - Dependencies all met for dep_context=requeueable deps ti=<TaskInstance: sqltostaging.rental scheduled__2024-07-09T00:00:00+00:00 [queued]>
[2024-07-10T19:44:03.199+0000] {taskinstance.py:2193} INFO - Starting attempt 1 of 1
[2024-07-10T19:44:03.270+0000] {taskinstance.py:2217} INFO - Executing <Task(PythonOperator): rental> on 2024-07-09 00:00:00+00:00
[2024-07-10T19:44:03.303+0000] {standard_task_runner.py:87} INFO - Running: ['***', 'tasks', 'run', 'sqltostaging', 'rental', 'scheduled__2024-07-09T00:00:00+00:00', '--job-id', '15', '--raw', '--subdir', 'DAGS_FOLDER/dag.py', '--cfg-path', '/tmp/tmpb6xaaayo']
[2024-07-10T19:44:03.320+0000] {standard_task_runner.py:88} INFO - Job 15: Subtask rental
[2024-07-10T19:44:03.295+0000] {standard_task_runner.py:60} INFO - Started process 97 to run task
[2024-07-10T19:44:03.541+0000] {task_command.py:423} INFO - Running <TaskInstance: sqltostaging.rental scheduled__2024-07-09T00:00:00+00:00 [running]> on host a383c1e8c871
[2024-07-10T19:44:04.908+0000] {taskinstance.py:2513} INFO - Exporting env vars: AIRFLOW_CTX_DAG_OWNER='***' AIRFLOW_CTX_DAG_ID='sqltostaging' AIRFLOW_CTX_TASK_ID='rental' AIRFLOW_CTX_EXECUTION_DATE='2024-07-09T00:00:00+00:00' AIRFLOW_CTX_TRY_NUMBER='1' AIRFLOW_CTX_DAG_RUN_ID='scheduled__2024-07-09T00:00:00+00:00'
[2024-07-10T19:44:04.911+0000] {logging_mixin.py:188} INFO - select *  from etlconf.Etl_Process_Mapping where SourceTableName = 'rental' and Stage = 'sqltostaging'
[2024-07-10T19:44:04.967+0000] {logging_mixin.py:188} INFO -    0       1          2       3   ...    11    12            13    14
0  11  rental  dvdrental  public  ...  None  None  sqltostaging  None

[1 rows x 15 columns]
[2024-07-10T19:44:04.970+0000] {logging_mixin.py:188} INFO - incremental
[2024-07-10T19:44:04.973+0000] {logging_mixin.py:188} INFO - dvtobv :dag_id
[2024-07-10T19:44:04.973+0000] {logging_mixin.py:188} INFO - table: rental
[2024-07-10T19:44:04.974+0000] {logging_mixin.py:188} INFO - 
 stage: sqltostaging 
 table:rental
[2024-07-10T19:44:04.975+0000] {python.py:202} INFO - Done. Returned value was: None
[2024-07-10T19:44:04.987+0000] {taskinstance.py:1149} INFO - Marking task as SUCCESS. dag_id=sqltostaging, task_id=rental, execution_date=20240709T000000, start_date=20240710T194403, end_date=20240710T194404
[2024-07-10T19:44:05.038+0000] {local_task_job_runner.py:234} INFO - Task exited with return code 0
[2024-07-10T19:44:05.080+0000] {taskinstance.py:3312} INFO - 0 downstream tasks scheduled from follow-on schedule check
[2024-07-10T19:53:56.980+0000] {taskinstance.py:1979} INFO - Dependencies all met for dep_context=non-requeueable deps ti=<TaskInstance: sqltostaging.rental scheduled__2024-07-09T00:00:00+00:00 [queued]>
[2024-07-10T19:53:57.021+0000] {taskinstance.py:1979} INFO - Dependencies all met for dep_context=requeueable deps ti=<TaskInstance: sqltostaging.rental scheduled__2024-07-09T00:00:00+00:00 [queued]>
[2024-07-10T19:53:57.028+0000] {taskinstance.py:2193} INFO - Starting attempt 1 of 1
[2024-07-10T19:53:57.072+0000] {taskinstance.py:2217} INFO - Executing <Task(PythonOperator): rental> on 2024-07-09 00:00:00+00:00
[2024-07-10T19:53:57.097+0000] {standard_task_runner.py:60} INFO - Started process 100 to run task
[2024-07-10T19:53:57.104+0000] {standard_task_runner.py:87} INFO - Running: ['***', 'tasks', 'run', 'sqltostaging', 'rental', 'scheduled__2024-07-09T00:00:00+00:00', '--job-id', '11', '--raw', '--subdir', 'DAGS_FOLDER/dag.py', '--cfg-path', '/tmp/tmpybbh9on4']
[2024-07-10T19:53:57.112+0000] {standard_task_runner.py:88} INFO - Job 11: Subtask rental
[2024-07-10T19:53:57.264+0000] {task_command.py:423} INFO - Running <TaskInstance: sqltostaging.rental scheduled__2024-07-09T00:00:00+00:00 [running]> on host c340805483c7
[2024-07-10T19:53:58.261+0000] {taskinstance.py:2513} INFO - Exporting env vars: AIRFLOW_CTX_DAG_OWNER='***' AIRFLOW_CTX_DAG_ID='sqltostaging' AIRFLOW_CTX_TASK_ID='rental' AIRFLOW_CTX_EXECUTION_DATE='2024-07-09T00:00:00+00:00' AIRFLOW_CTX_TRY_NUMBER='1' AIRFLOW_CTX_DAG_RUN_ID='scheduled__2024-07-09T00:00:00+00:00'
[2024-07-10T19:53:58.283+0000] {python.py:202} INFO - Done. Returned value was: None
[2024-07-10T19:53:58.299+0000] {taskinstance.py:1149} INFO - Marking task as SUCCESS. dag_id=sqltostaging, task_id=rental, execution_date=20240709T000000, start_date=20240710T195356, end_date=20240710T195358
[2024-07-10T19:53:58.370+0000] {local_task_job_runner.py:234} INFO - Task exited with return code 0
[2024-07-10T19:53:58.413+0000] {taskinstance.py:3312} INFO - 0 downstream tasks scheduled from follow-on schedule check
[2024-07-10T19:56:46.722+0000] {taskinstance.py:1979} INFO - Dependencies all met for dep_context=non-requeueable deps ti=<TaskInstance: sqltostaging.rental scheduled__2024-07-09T00:00:00+00:00 [queued]>
[2024-07-10T19:56:46.741+0000] {taskinstance.py:1979} INFO - Dependencies all met for dep_context=requeueable deps ti=<TaskInstance: sqltostaging.rental scheduled__2024-07-09T00:00:00+00:00 [queued]>
[2024-07-10T19:56:46.753+0000] {taskinstance.py:2193} INFO - Starting attempt 1 of 1
[2024-07-10T19:56:46.805+0000] {taskinstance.py:2217} INFO - Executing <Task(PythonOperator): rental> on 2024-07-09 00:00:00+00:00
[2024-07-10T19:56:46.820+0000] {standard_task_runner.py:60} INFO - Started process 101 to run task
[2024-07-10T19:56:46.847+0000] {standard_task_runner.py:87} INFO - Running: ['***', 'tasks', 'run', 'sqltostaging', 'rental', 'scheduled__2024-07-09T00:00:00+00:00', '--job-id', '15', '--raw', '--subdir', 'DAGS_FOLDER/dag.py', '--cfg-path', '/tmp/tmptg1ufu52']
[2024-07-10T19:56:46.861+0000] {standard_task_runner.py:88} INFO - Job 15: Subtask rental
[2024-07-10T19:56:47.006+0000] {task_command.py:423} INFO - Running <TaskInstance: sqltostaging.rental scheduled__2024-07-09T00:00:00+00:00 [running]> on host eb5f087f7265
[2024-07-10T19:56:48.064+0000] {taskinstance.py:2513} INFO - Exporting env vars: AIRFLOW_CTX_DAG_OWNER='***' AIRFLOW_CTX_DAG_ID='sqltostaging' AIRFLOW_CTX_TASK_ID='rental' AIRFLOW_CTX_EXECUTION_DATE='2024-07-09T00:00:00+00:00' AIRFLOW_CTX_TRY_NUMBER='1' AIRFLOW_CTX_DAG_RUN_ID='scheduled__2024-07-09T00:00:00+00:00'
[2024-07-10T19:56:48.139+0000] {python.py:202} INFO - Done. Returned value was: None
[2024-07-10T19:56:48.161+0000] {taskinstance.py:1149} INFO - Marking task as SUCCESS. dag_id=sqltostaging, task_id=rental, execution_date=20240709T000000, start_date=20240710T195646, end_date=20240710T195648
[2024-07-10T19:56:48.223+0000] {local_task_job_runner.py:234} INFO - Task exited with return code 0
[2024-07-10T19:56:48.272+0000] {taskinstance.py:3312} INFO - 0 downstream tasks scheduled from follow-on schedule check
[2024-07-10T20:00:56.555+0000] {taskinstance.py:1979} INFO - Dependencies all met for dep_context=non-requeueable deps ti=<TaskInstance: sqltostaging.rental scheduled__2024-07-09T00:00:00+00:00 [queued]>
[2024-07-10T20:00:56.578+0000] {taskinstance.py:1979} INFO - Dependencies all met for dep_context=requeueable deps ti=<TaskInstance: sqltostaging.rental scheduled__2024-07-09T00:00:00+00:00 [queued]>
[2024-07-10T20:00:56.583+0000] {taskinstance.py:2193} INFO - Starting attempt 1 of 1
[2024-07-10T20:00:56.605+0000] {taskinstance.py:2217} INFO - Executing <Task(PythonOperator): rental> on 2024-07-09 00:00:00+00:00
[2024-07-10T20:00:56.614+0000] {standard_task_runner.py:60} INFO - Started process 89 to run task
[2024-07-10T20:00:56.638+0000] {standard_task_runner.py:87} INFO - Running: ['***', 'tasks', 'run', 'sqltostaging', 'rental', 'scheduled__2024-07-09T00:00:00+00:00', '--job-id', '5', '--raw', '--subdir', 'DAGS_FOLDER/dag.py', '--cfg-path', '/tmp/tmpsfyiei52']
[2024-07-10T20:00:56.642+0000] {standard_task_runner.py:88} INFO - Job 5: Subtask rental
[2024-07-10T20:00:56.780+0000] {task_command.py:423} INFO - Running <TaskInstance: sqltostaging.rental scheduled__2024-07-09T00:00:00+00:00 [running]> on host c8649e4aae44
[2024-07-10T20:00:58.726+0000] {taskinstance.py:2513} INFO - Exporting env vars: AIRFLOW_CTX_DAG_OWNER='***' AIRFLOW_CTX_DAG_ID='sqltostaging' AIRFLOW_CTX_TASK_ID='rental' AIRFLOW_CTX_EXECUTION_DATE='2024-07-09T00:00:00+00:00' AIRFLOW_CTX_TRY_NUMBER='1' AIRFLOW_CTX_DAG_RUN_ID='scheduled__2024-07-09T00:00:00+00:00'
[2024-07-10T20:00:58.922+0000] {taskinstance.py:2731} ERROR - Task failed with exception
Traceback (most recent call last):
  File "/home/airflow/.local/lib/python3.8/site-packages/airflow/models/taskinstance.py", line 444, in _execute_task
    result = _execute_callable(context=context, **execute_callable_kwargs)
  File "/home/airflow/.local/lib/python3.8/site-packages/airflow/models/taskinstance.py", line 414, in _execute_callable
    return execute_callable(context=context, **execute_callable_kwargs)
  File "/home/airflow/.local/lib/python3.8/site-packages/airflow/operators/python.py", line 200, in execute
    return_value = self.execute_callable()
  File "/home/airflow/.local/lib/python3.8/site-packages/airflow/operators/python.py", line 217, in execute_callable
    return self.python_callable(*self.op_args, **self.op_kwargs)
  File "/opt/airflow/dags/dag.py", line 44, in process_table
    return  execute(table, stage, tabletype)
  File "/app/main.py", line 28, in execute
    SqlToStaging().create_incremental().some_function(table, stage)
TypeError: some_function() missing 4 required positional arguments: 'schema', 'table', 'fromDate', and 'toDate'
[2024-07-10T20:00:59.071+0000] {taskinstance.py:1149} INFO - Marking task as FAILED. dag_id=sqltostaging, task_id=rental, execution_date=20240709T000000, start_date=20240710T200056, end_date=20240710T200059
[2024-07-10T20:00:59.172+0000] {standard_task_runner.py:107} ERROR - Failed to execute job 5 for task rental (some_function() missing 4 required positional arguments: 'schema', 'table', 'fromDate', and 'toDate'; 89)
[2024-07-10T20:00:59.356+0000] {local_task_job_runner.py:234} INFO - Task exited with return code 1
[2024-07-10T20:00:59.873+0000] {taskinstance.py:3312} INFO - 0 downstream tasks scheduled from follow-on schedule check
[2024-07-10T20:05:21.144+0000] {taskinstance.py:1979} INFO - Dependencies all met for dep_context=non-requeueable deps ti=<TaskInstance: sqltostaging.rental scheduled__2024-07-09T00:00:00+00:00 [queued]>
[2024-07-10T20:05:21.160+0000] {taskinstance.py:1979} INFO - Dependencies all met for dep_context=requeueable deps ti=<TaskInstance: sqltostaging.rental scheduled__2024-07-09T00:00:00+00:00 [queued]>
[2024-07-10T20:05:21.168+0000] {taskinstance.py:2193} INFO - Starting attempt 1 of 1
[2024-07-10T20:05:21.232+0000] {taskinstance.py:2217} INFO - Executing <Task(PythonOperator): rental> on 2024-07-09 00:00:00+00:00
[2024-07-10T20:05:21.237+0000] {standard_task_runner.py:60} INFO - Started process 91 to run task
[2024-07-10T20:05:21.255+0000] {standard_task_runner.py:87} INFO - Running: ['***', 'tasks', 'run', 'sqltostaging', 'rental', 'scheduled__2024-07-09T00:00:00+00:00', '--job-id', '4', '--raw', '--subdir', 'DAGS_FOLDER/dag.py', '--cfg-path', '/tmp/tmp2bv6b3x_']
[2024-07-10T20:05:21.275+0000] {standard_task_runner.py:88} INFO - Job 4: Subtask rental
[2024-07-10T20:05:21.413+0000] {task_command.py:423} INFO - Running <TaskInstance: sqltostaging.rental scheduled__2024-07-09T00:00:00+00:00 [running]> on host 3f026d601c5c
[2024-07-10T20:05:22.527+0000] {taskinstance.py:2513} INFO - Exporting env vars: AIRFLOW_CTX_DAG_OWNER='***' AIRFLOW_CTX_DAG_ID='sqltostaging' AIRFLOW_CTX_TASK_ID='rental' AIRFLOW_CTX_EXECUTION_DATE='2024-07-09T00:00:00+00:00' AIRFLOW_CTX_TRY_NUMBER='1' AIRFLOW_CTX_DAG_RUN_ID='scheduled__2024-07-09T00:00:00+00:00'
[2024-07-10T20:05:22.613+0000] {logging_mixin.py:188} INFO - select *  from etlconf.Etl_Process_Mapping where SourceTableName = 'sqltostaging' and Stage = 'rental'
[2024-07-10T20:05:22.631+0000] {taskinstance.py:2731} ERROR - Task failed with exception
Traceback (most recent call last):
  File "/home/airflow/.local/lib/python3.8/site-packages/airflow/models/taskinstance.py", line 444, in _execute_task
    result = _execute_callable(context=context, **execute_callable_kwargs)
  File "/home/airflow/.local/lib/python3.8/site-packages/airflow/models/taskinstance.py", line 414, in _execute_callable
    return execute_callable(context=context, **execute_callable_kwargs)
  File "/home/airflow/.local/lib/python3.8/site-packages/airflow/operators/python.py", line 200, in execute
    return_value = self.execute_callable()
  File "/home/airflow/.local/lib/python3.8/site-packages/airflow/operators/python.py", line 217, in execute_callable
    return self.python_callable(*self.op_args, **self.op_kwargs)
  File "/opt/airflow/dags/dag.py", line 44, in process_table
    return  execute(table, stage, tabletype)
  File "/app/main.py", line 28, in execute
    SqlToStaging().create_incremental().some_function(table, stage)
  File "/app/concretestage/SQLToStaging.py", line 45, in some_function
    df = get_data_from_conf_table(f"{table}", f"{stage}")
  File "/app/myFramework/utils/utils.py", line 145, in get_data_from_conf_table
    df.columns = [desc[0] for desc in cur.description]
  File "/home/airflow/.local/lib/python3.8/site-packages/pandas/core/generic.py", line 6002, in __setattr__
    return object.__setattr__(self, name, value)
  File "pandas/_libs/properties.pyx", line 69, in pandas._libs.properties.AxisProperty.__set__
  File "/home/airflow/.local/lib/python3.8/site-packages/pandas/core/generic.py", line 730, in _set_axis
    self._mgr.set_axis(axis, labels)
  File "/home/airflow/.local/lib/python3.8/site-packages/pandas/core/internals/managers.py", line 225, in set_axis
    self._validate_set_axis(axis, new_labels)
  File "/home/airflow/.local/lib/python3.8/site-packages/pandas/core/internals/base.py", line 70, in _validate_set_axis
    raise ValueError(
ValueError: Length mismatch: Expected axis has 0 elements, new values have 15 elements
[2024-07-10T20:05:22.641+0000] {taskinstance.py:1149} INFO - Marking task as FAILED. dag_id=sqltostaging, task_id=rental, execution_date=20240709T000000, start_date=20240710T200521, end_date=20240710T200522
[2024-07-10T20:05:22.652+0000] {standard_task_runner.py:107} ERROR - Failed to execute job 4 for task rental (Length mismatch: Expected axis has 0 elements, new values have 15 elements; 91)
[2024-07-10T20:05:22.700+0000] {local_task_job_runner.py:234} INFO - Task exited with return code 1
[2024-07-10T20:05:22.761+0000] {taskinstance.py:3312} INFO - 0 downstream tasks scheduled from follow-on schedule check
[2024-07-10T20:09:18.291+0000] {taskinstance.py:1979} INFO - Dependencies all met for dep_context=non-requeueable deps ti=<TaskInstance: sqltostaging.rental scheduled__2024-07-09T00:00:00+00:00 [queued]>
[2024-07-10T20:09:18.409+0000] {taskinstance.py:1979} INFO - Dependencies all met for dep_context=requeueable deps ti=<TaskInstance: sqltostaging.rental scheduled__2024-07-09T00:00:00+00:00 [queued]>
[2024-07-10T20:09:18.431+0000] {taskinstance.py:2193} INFO - Starting attempt 1 of 1
[2024-07-10T20:09:18.446+0000] {taskinstance.py:2217} INFO - Executing <Task(PythonOperator): rental> on 2024-07-09 00:00:00+00:00
[2024-07-10T20:09:18.452+0000] {standard_task_runner.py:60} INFO - Started process 92 to run task
[2024-07-10T20:09:18.459+0000] {standard_task_runner.py:87} INFO - Running: ['***', 'tasks', 'run', 'sqltostaging', 'rental', 'scheduled__2024-07-09T00:00:00+00:00', '--job-id', '3', '--raw', '--subdir', 'DAGS_FOLDER/dag.py', '--cfg-path', '/tmp/tmpa7p_rv0a']
[2024-07-10T20:09:18.476+0000] {standard_task_runner.py:88} INFO - Job 3: Subtask rental
[2024-07-10T20:09:18.731+0000] {task_command.py:423} INFO - Running <TaskInstance: sqltostaging.rental scheduled__2024-07-09T00:00:00+00:00 [running]> on host 61a58fe9b448
[2024-07-10T20:09:20.210+0000] {taskinstance.py:2513} INFO - Exporting env vars: AIRFLOW_CTX_DAG_OWNER='***' AIRFLOW_CTX_DAG_ID='sqltostaging' AIRFLOW_CTX_TASK_ID='rental' AIRFLOW_CTX_EXECUTION_DATE='2024-07-09T00:00:00+00:00' AIRFLOW_CTX_TRY_NUMBER='1' AIRFLOW_CTX_DAG_RUN_ID='scheduled__2024-07-09T00:00:00+00:00'
[2024-07-10T20:09:20.283+0000] {logging_mixin.py:188} INFO - select *  from etlconf.Etl_Process_Mapping where SourceTableName = 'rental' and Stage = 'sqltostaging'
[2024-07-10T20:09:20.339+0000] {logging_mixin.py:188} INFO -    id sourcetablename sourcedbname  ...  code         stage last_run_date
0  11          rental    dvdrental  ...  None  sqltostaging          None

[1 rows x 15 columns]
[2024-07-10T20:09:20.343+0000] {taskinstance.py:2731} ERROR - Task failed with exception
Traceback (most recent call last):
  File "/home/airflow/.local/lib/python3.8/site-packages/airflow/models/taskinstance.py", line 444, in _execute_task
    result = _execute_callable(context=context, **execute_callable_kwargs)
  File "/home/airflow/.local/lib/python3.8/site-packages/airflow/models/taskinstance.py", line 414, in _execute_callable
    return execute_callable(context=context, **execute_callable_kwargs)
  File "/home/airflow/.local/lib/python3.8/site-packages/airflow/operators/python.py", line 200, in execute
    return_value = self.execute_callable()
  File "/home/airflow/.local/lib/python3.8/site-packages/airflow/operators/python.py", line 217, in execute_callable
    return self.python_callable(*self.op_args, **self.op_kwargs)
  File "/opt/airflow/dags/dag.py", line 44, in process_table
    return  execute(table, stage, tabletype)
  File "/app/main.py", line 28, in execute
    SqlToStaging().create_incremental().some_function(table, stage)
  File "/app/concretestage/SQLToStaging.py", line 60, in some_function
    sourceDF = getDF(sourcedbname,sourcetablename , sourceschema, FilterColumn, '2007-02-15', '2007-02-16')
  File "/app/myFramework/utils/utils.py", line 48, in getDF
    return pd.read_sql(query ,conn.getConnection(source_dbname))
AttributeError: module 'myFramework.source.posgresql.connect' has no attribute 'getConnection'
[2024-07-10T20:09:20.361+0000] {taskinstance.py:1149} INFO - Marking task as FAILED. dag_id=sqltostaging, task_id=rental, execution_date=20240709T000000, start_date=20240710T200918, end_date=20240710T200920
[2024-07-10T20:09:20.373+0000] {standard_task_runner.py:107} ERROR - Failed to execute job 3 for task rental (module 'myFramework.source.posgresql.connect' has no attribute 'getConnection'; 92)
[2024-07-10T20:09:20.411+0000] {local_task_job_runner.py:234} INFO - Task exited with return code 1
[2024-07-10T20:09:20.487+0000] {taskinstance.py:3312} INFO - 0 downstream tasks scheduled from follow-on schedule check
[2024-07-10T20:15:06.697+0000] {taskinstance.py:1979} INFO - Dependencies all met for dep_context=non-requeueable deps ti=<TaskInstance: sqltostaging.rental scheduled__2024-07-09T00:00:00+00:00 [queued]>
[2024-07-10T20:15:06.716+0000] {taskinstance.py:1979} INFO - Dependencies all met for dep_context=requeueable deps ti=<TaskInstance: sqltostaging.rental scheduled__2024-07-09T00:00:00+00:00 [queued]>
[2024-07-10T20:15:06.724+0000] {taskinstance.py:2193} INFO - Starting attempt 1 of 1
[2024-07-10T20:15:06.794+0000] {taskinstance.py:2217} INFO - Executing <Task(PythonOperator): rental> on 2024-07-09 00:00:00+00:00
[2024-07-10T20:15:06.820+0000] {standard_task_runner.py:60} INFO - Started process 102 to run task
[2024-07-10T20:15:06.858+0000] {standard_task_runner.py:87} INFO - Running: ['***', 'tasks', 'run', 'sqltostaging', 'rental', 'scheduled__2024-07-09T00:00:00+00:00', '--job-id', '15', '--raw', '--subdir', 'DAGS_FOLDER/dag.py', '--cfg-path', '/tmp/tmpd_vwk3ct']
[2024-07-10T20:15:06.875+0000] {standard_task_runner.py:88} INFO - Job 15: Subtask rental
[2024-07-10T20:15:07.010+0000] {task_command.py:423} INFO - Running <TaskInstance: sqltostaging.rental scheduled__2024-07-09T00:00:00+00:00 [running]> on host c782b552e7b5
[2024-07-10T20:15:08.388+0000] {taskinstance.py:2513} INFO - Exporting env vars: AIRFLOW_CTX_DAG_OWNER='***' AIRFLOW_CTX_DAG_ID='sqltostaging' AIRFLOW_CTX_TASK_ID='rental' AIRFLOW_CTX_EXECUTION_DATE='2024-07-09T00:00:00+00:00' AIRFLOW_CTX_TRY_NUMBER='1' AIRFLOW_CTX_DAG_RUN_ID='scheduled__2024-07-09T00:00:00+00:00'
[2024-07-10T20:15:08.452+0000] {logging_mixin.py:188} INFO - select *  from etlconf.Etl_Process_Mapping where SourceTableName = 'rental' and Stage = 'sqltostaging'
[2024-07-10T20:15:08.508+0000] {logging_mixin.py:188} INFO -    id sourcetablename sourcedbname  ...  code         stage last_run_date
0  11          rental    dvdrental  ...  None  sqltostaging          None

[1 rows x 15 columns]
[2024-07-10T20:15:08.510+0000] {logging_mixin.py:188} INFO - select T.* from dvdrental.public.rental T where rental_date >= '2007-02-15' and rental_date < '2007-02-16' 
[2024-07-10T20:15:08.570+0000] {taskinstance.py:2731} ERROR - Task failed with exception
Traceback (most recent call last):
  File "/home/airflow/.local/lib/python3.8/site-packages/airflow/models/taskinstance.py", line 444, in _execute_task
    result = _execute_callable(context=context, **execute_callable_kwargs)
  File "/home/airflow/.local/lib/python3.8/site-packages/airflow/models/taskinstance.py", line 414, in _execute_callable
    return execute_callable(context=context, **execute_callable_kwargs)
  File "/home/airflow/.local/lib/python3.8/site-packages/airflow/operators/python.py", line 200, in execute
    return_value = self.execute_callable()
  File "/home/airflow/.local/lib/python3.8/site-packages/airflow/operators/python.py", line 217, in execute_callable
    return self.python_callable(*self.op_args, **self.op_kwargs)
  File "/opt/airflow/dags/dag.py", line 44, in process_table
    return  execute(table, stage, tabletype)
  File "/app/main.py", line 28, in execute
    SqlToStaging().create_incremental().some_function(table, stage)
  File "/app/concretestage/SQLToStaging.py", line 60, in some_function
    sourceDF = getDF(sourcedbname,sourcetablename , sourceschema, FilterColumn, '2007-02-15', '2007-02-16')
  File "/app/myFramework/utils/utils.py", line 57, in getDF
    df.columns = [desc[0] for desc in cur.description]
  File "/home/airflow/.local/lib/python3.8/site-packages/pandas/core/generic.py", line 6002, in __setattr__
    return object.__setattr__(self, name, value)
  File "pandas/_libs/properties.pyx", line 69, in pandas._libs.properties.AxisProperty.__set__
  File "/home/airflow/.local/lib/python3.8/site-packages/pandas/core/generic.py", line 730, in _set_axis
    self._mgr.set_axis(axis, labels)
  File "/home/airflow/.local/lib/python3.8/site-packages/pandas/core/internals/managers.py", line 225, in set_axis
    self._validate_set_axis(axis, new_labels)
  File "/home/airflow/.local/lib/python3.8/site-packages/pandas/core/internals/base.py", line 70, in _validate_set_axis
    raise ValueError(
ValueError: Length mismatch: Expected axis has 0 elements, new values have 7 elements
[2024-07-10T20:15:08.589+0000] {taskinstance.py:1149} INFO - Marking task as FAILED. dag_id=sqltostaging, task_id=rental, execution_date=20240709T000000, start_date=20240710T201506, end_date=20240710T201508
[2024-07-10T20:15:08.628+0000] {standard_task_runner.py:107} ERROR - Failed to execute job 15 for task rental (Length mismatch: Expected axis has 0 elements, new values have 7 elements; 102)
[2024-07-10T20:15:08.654+0000] {local_task_job_runner.py:234} INFO - Task exited with return code 1
[2024-07-10T20:15:08.689+0000] {taskinstance.py:3312} INFO - 0 downstream tasks scheduled from follow-on schedule check
[2024-07-10T20:19:53.535+0000] {taskinstance.py:1979} INFO - Dependencies all met for dep_context=non-requeueable deps ti=<TaskInstance: sqltostaging.rental scheduled__2024-07-09T00:00:00+00:00 [queued]>
[2024-07-10T20:19:53.554+0000] {taskinstance.py:1979} INFO - Dependencies all met for dep_context=requeueable deps ti=<TaskInstance: sqltostaging.rental scheduled__2024-07-09T00:00:00+00:00 [queued]>
[2024-07-10T20:19:53.560+0000] {taskinstance.py:2193} INFO - Starting attempt 1 of 1
[2024-07-10T20:19:53.600+0000] {taskinstance.py:2217} INFO - Executing <Task(PythonOperator): rental> on 2024-07-09 00:00:00+00:00
[2024-07-10T20:19:53.609+0000] {standard_task_runner.py:60} INFO - Started process 95 to run task
[2024-07-10T20:19:53.633+0000] {standard_task_runner.py:87} INFO - Running: ['***', 'tasks', 'run', 'sqltostaging', 'rental', 'scheduled__2024-07-09T00:00:00+00:00', '--job-id', '12', '--raw', '--subdir', 'DAGS_FOLDER/dag.py', '--cfg-path', '/tmp/tmp7m723ela']
[2024-07-10T20:19:53.651+0000] {standard_task_runner.py:88} INFO - Job 12: Subtask rental
[2024-07-10T20:19:53.851+0000] {task_command.py:423} INFO - Running <TaskInstance: sqltostaging.rental scheduled__2024-07-09T00:00:00+00:00 [running]> on host dcd5a91c9a96
[2024-07-10T20:19:54.513+0000] {taskinstance.py:2513} INFO - Exporting env vars: AIRFLOW_CTX_DAG_OWNER='***' AIRFLOW_CTX_DAG_ID='sqltostaging' AIRFLOW_CTX_TASK_ID='rental' AIRFLOW_CTX_EXECUTION_DATE='2024-07-09T00:00:00+00:00' AIRFLOW_CTX_TRY_NUMBER='1' AIRFLOW_CTX_DAG_RUN_ID='scheduled__2024-07-09T00:00:00+00:00'
[2024-07-10T20:19:54.985+0000] {logging_mixin.py:188} INFO - select *  from etlconf.Etl_Process_Mapping where SourceTableName = 'rental' and Stage = 'sqltostaging'
[2024-07-10T20:19:55.037+0000] {logging_mixin.py:188} INFO -    id sourcetablename sourcedbname  ...  code         stage last_run_date
0  11          rental    dvdrental  ...  None  sqltostaging          None

[1 rows x 15 columns]
[2024-07-10T20:19:55.044+0000] {logging_mixin.py:188} INFO - select T.* from dvdrental.public.rental T where rental_date >= '2007-02-15' and rental_date < '2007-02-16' 
[2024-07-10T20:19:55.167+0000] {taskinstance.py:2731} ERROR - Task failed with exception
Traceback (most recent call last):
  File "/home/airflow/.local/lib/python3.8/site-packages/airflow/models/taskinstance.py", line 444, in _execute_task
    result = _execute_callable(context=context, **execute_callable_kwargs)
  File "/home/airflow/.local/lib/python3.8/site-packages/airflow/models/taskinstance.py", line 414, in _execute_callable
    return execute_callable(context=context, **execute_callable_kwargs)
  File "/home/airflow/.local/lib/python3.8/site-packages/airflow/operators/python.py", line 200, in execute
    return_value = self.execute_callable()
  File "/home/airflow/.local/lib/python3.8/site-packages/airflow/operators/python.py", line 217, in execute_callable
    return self.python_callable(*self.op_args, **self.op_kwargs)
  File "/opt/airflow/dags/dag.py", line 44, in process_table
    return  execute(table, stage, tabletype)
  File "/app/main.py", line 28, in execute
    SqlToStaging().create_incremental().some_function(table, stage)
  File "/app/concretestage/SQLToStaging.py", line 60, in some_function
    sourceDF = getDF(sourcedbname,sourcetablename , sourceschema, FilterColumn, '2007-02-15', '2007-02-16')
  File "/app/myFramework/utils/utils.py", line 57, in getDF
    df.columns = [desc[0] for desc in cur.description]
  File "/home/airflow/.local/lib/python3.8/site-packages/pandas/core/generic.py", line 6002, in __setattr__
    return object.__setattr__(self, name, value)
  File "pandas/_libs/properties.pyx", line 69, in pandas._libs.properties.AxisProperty.__set__
  File "/home/airflow/.local/lib/python3.8/site-packages/pandas/core/generic.py", line 730, in _set_axis
    self._mgr.set_axis(axis, labels)
  File "/home/airflow/.local/lib/python3.8/site-packages/pandas/core/internals/managers.py", line 225, in set_axis
    self._validate_set_axis(axis, new_labels)
  File "/home/airflow/.local/lib/python3.8/site-packages/pandas/core/internals/base.py", line 70, in _validate_set_axis
    raise ValueError(
ValueError: Length mismatch: Expected axis has 0 elements, new values have 7 elements
[2024-07-10T20:19:55.188+0000] {taskinstance.py:1149} INFO - Marking task as FAILED. dag_id=sqltostaging, task_id=rental, execution_date=20240709T000000, start_date=20240710T201953, end_date=20240710T201955
[2024-07-10T20:19:55.208+0000] {standard_task_runner.py:107} ERROR - Failed to execute job 12 for task rental (Length mismatch: Expected axis has 0 elements, new values have 7 elements; 95)
[2024-07-10T20:19:55.253+0000] {local_task_job_runner.py:234} INFO - Task exited with return code 1
[2024-07-10T20:19:55.297+0000] {taskinstance.py:3312} INFO - 0 downstream tasks scheduled from follow-on schedule check
[2024-07-10T20:25:52.101+0000] {taskinstance.py:1979} INFO - Dependencies all met for dep_context=non-requeueable deps ti=<TaskInstance: sqltostaging.rental scheduled__2024-07-09T00:00:00+00:00 [queued]>
[2024-07-10T20:25:52.116+0000] {taskinstance.py:1979} INFO - Dependencies all met for dep_context=requeueable deps ti=<TaskInstance: sqltostaging.rental scheduled__2024-07-09T00:00:00+00:00 [queued]>
[2024-07-10T20:25:52.117+0000] {taskinstance.py:2193} INFO - Starting attempt 1 of 1
[2024-07-10T20:25:52.154+0000] {taskinstance.py:2217} INFO - Executing <Task(PythonOperator): rental> on 2024-07-09 00:00:00+00:00
[2024-07-10T20:25:52.170+0000] {standard_task_runner.py:60} INFO - Started process 122 to run task
[2024-07-10T20:25:52.222+0000] {standard_task_runner.py:87} INFO - Running: ['***', 'tasks', 'run', 'sqltostaging', 'rental', 'scheduled__2024-07-09T00:00:00+00:00', '--job-id', '4', '--raw', '--subdir', 'DAGS_FOLDER/dag.py', '--cfg-path', '/tmp/tmptfrqmvb4']
[2024-07-10T20:25:52.242+0000] {standard_task_runner.py:88} INFO - Job 4: Subtask rental
[2024-07-10T20:25:52.400+0000] {task_command.py:423} INFO - Running <TaskInstance: sqltostaging.rental scheduled__2024-07-09T00:00:00+00:00 [running]> on host d72f5bf26a9d
[2024-07-10T20:25:53.650+0000] {taskinstance.py:2513} INFO - Exporting env vars: AIRFLOW_CTX_DAG_OWNER='***' AIRFLOW_CTX_DAG_ID='sqltostaging' AIRFLOW_CTX_TASK_ID='rental' AIRFLOW_CTX_EXECUTION_DATE='2024-07-09T00:00:00+00:00' AIRFLOW_CTX_TRY_NUMBER='1' AIRFLOW_CTX_DAG_RUN_ID='scheduled__2024-07-09T00:00:00+00:00'
[2024-07-10T20:25:53.778+0000] {logging_mixin.py:188} INFO - select *  from etlconf.Etl_Process_Mapping where SourceTableName = 'rental' and Stage = 'sqltostaging'
[2024-07-10T20:25:53.897+0000] {logging_mixin.py:188} INFO -    id sourcetablename sourcedbname  ...  code         stage last_run_date
0  11          rental    dvdrental  ...  None  sqltostaging          None

[1 rows x 15 columns]
[2024-07-10T20:25:53.908+0000] {logging_mixin.py:188} INFO - select T.* from dvdrental.public.rental T where rental_date >= '2007-02-15' and rental_date < '2007-02-16' 
[2024-07-10T20:25:53.968+0000] {taskinstance.py:2731} ERROR - Task failed with exception
Traceback (most recent call last):
  File "/home/airflow/.local/lib/python3.8/site-packages/airflow/models/taskinstance.py", line 444, in _execute_task
    result = _execute_callable(context=context, **execute_callable_kwargs)
  File "/home/airflow/.local/lib/python3.8/site-packages/airflow/models/taskinstance.py", line 414, in _execute_callable
    return execute_callable(context=context, **execute_callable_kwargs)
  File "/home/airflow/.local/lib/python3.8/site-packages/airflow/operators/python.py", line 200, in execute
    return_value = self.execute_callable()
  File "/home/airflow/.local/lib/python3.8/site-packages/airflow/operators/python.py", line 217, in execute_callable
    return self.python_callable(*self.op_args, **self.op_kwargs)
  File "/opt/airflow/dags/dag.py", line 44, in process_table
    return  execute(table, stage, tabletype)
  File "/app/main.py", line 28, in execute
    SqlToStaging().create_incremental().some_function(table, stage)
  File "/app/concretestage/SQLToStaging.py", line 60, in some_function
    sourceDF = getDF(sourcedbname,sourcetablename , sourceschema, FilterColumn, '2007-02-15', '2007-02-16')
  File "/app/myFramework/utils/utils.py", line 57, in getDF
    df.columns = [desc[0] for desc in cur.description]
  File "/home/airflow/.local/lib/python3.8/site-packages/pandas/core/generic.py", line 6002, in __setattr__
    return object.__setattr__(self, name, value)
  File "pandas/_libs/properties.pyx", line 69, in pandas._libs.properties.AxisProperty.__set__
  File "/home/airflow/.local/lib/python3.8/site-packages/pandas/core/generic.py", line 730, in _set_axis
    self._mgr.set_axis(axis, labels)
  File "/home/airflow/.local/lib/python3.8/site-packages/pandas/core/internals/managers.py", line 225, in set_axis
    self._validate_set_axis(axis, new_labels)
  File "/home/airflow/.local/lib/python3.8/site-packages/pandas/core/internals/base.py", line 70, in _validate_set_axis
    raise ValueError(
ValueError: Length mismatch: Expected axis has 0 elements, new values have 7 elements
[2024-07-10T20:25:53.994+0000] {taskinstance.py:1149} INFO - Marking task as FAILED. dag_id=sqltostaging, task_id=rental, execution_date=20240709T000000, start_date=20240710T202552, end_date=20240710T202553
[2024-07-10T20:25:54.035+0000] {standard_task_runner.py:107} ERROR - Failed to execute job 4 for task rental (Length mismatch: Expected axis has 0 elements, new values have 7 elements; 122)
[2024-07-10T20:25:54.051+0000] {local_task_job_runner.py:234} INFO - Task exited with return code 1
[2024-07-10T20:25:54.078+0000] {taskinstance.py:3312} INFO - 0 downstream tasks scheduled from follow-on schedule check
[2024-07-10T20:33:41.780+0000] {taskinstance.py:1979} INFO - Dependencies all met for dep_context=non-requeueable deps ti=<TaskInstance: sqltostaging.rental scheduled__2024-07-09T00:00:00+00:00 [queued]>
[2024-07-10T20:33:41.796+0000] {taskinstance.py:1979} INFO - Dependencies all met for dep_context=requeueable deps ti=<TaskInstance: sqltostaging.rental scheduled__2024-07-09T00:00:00+00:00 [queued]>
[2024-07-10T20:33:41.797+0000] {taskinstance.py:2193} INFO - Starting attempt 1 of 1
[2024-07-10T20:33:41.817+0000] {taskinstance.py:2217} INFO - Executing <Task(PythonOperator): rental> on 2024-07-09 00:00:00+00:00
[2024-07-10T20:33:41.825+0000] {standard_task_runner.py:60} INFO - Started process 88 to run task
[2024-07-10T20:33:41.846+0000] {standard_task_runner.py:87} INFO - Running: ['***', 'tasks', 'run', 'sqltostaging', 'rental', 'scheduled__2024-07-09T00:00:00+00:00', '--job-id', '5', '--raw', '--subdir', 'DAGS_FOLDER/dag.py', '--cfg-path', '/tmp/tmp5sgem486']
[2024-07-10T20:33:41.863+0000] {standard_task_runner.py:88} INFO - Job 5: Subtask rental
[2024-07-10T20:33:41.984+0000] {task_command.py:423} INFO - Running <TaskInstance: sqltostaging.rental scheduled__2024-07-09T00:00:00+00:00 [running]> on host d0a0151057b2
[2024-07-10T20:33:43.263+0000] {taskinstance.py:2513} INFO - Exporting env vars: AIRFLOW_CTX_DAG_OWNER='***' AIRFLOW_CTX_DAG_ID='sqltostaging' AIRFLOW_CTX_TASK_ID='rental' AIRFLOW_CTX_EXECUTION_DATE='2024-07-09T00:00:00+00:00' AIRFLOW_CTX_TRY_NUMBER='1' AIRFLOW_CTX_DAG_RUN_ID='scheduled__2024-07-09T00:00:00+00:00'
[2024-07-10T20:33:43.338+0000] {logging_mixin.py:188} INFO - select *  from etlconf.Etl_Process_Mapping where SourceTableName = 'rental' and Stage = 'sqltostaging'
[2024-07-10T20:33:43.400+0000] {logging_mixin.py:188} INFO -    id sourcetablename sourcedbname  ...  code         stage last_run_date
0  11          rental    dvdrental  ...  None  sqltostaging          None

[1 rows x 15 columns]
[2024-07-10T20:33:43.402+0000] {logging_mixin.py:188} INFO - select T.* from dvdrental.public.rental T where rental_date >= '2007-02-15' and rental_date < '2007-02-16' 
[2024-07-10T20:33:43.577+0000] {taskinstance.py:2731} ERROR - Task failed with exception
Traceback (most recent call last):
  File "/home/airflow/.local/lib/python3.8/site-packages/airflow/models/taskinstance.py", line 444, in _execute_task
    result = _execute_callable(context=context, **execute_callable_kwargs)
  File "/home/airflow/.local/lib/python3.8/site-packages/airflow/models/taskinstance.py", line 414, in _execute_callable
    return execute_callable(context=context, **execute_callable_kwargs)
  File "/home/airflow/.local/lib/python3.8/site-packages/airflow/operators/python.py", line 200, in execute
    return_value = self.execute_callable()
  File "/home/airflow/.local/lib/python3.8/site-packages/airflow/operators/python.py", line 217, in execute_callable
    return self.python_callable(*self.op_args, **self.op_kwargs)
  File "/opt/airflow/dags/dag.py", line 44, in process_table
    return  execute(table, stage, tabletype)
  File "/app/main.py", line 28, in execute
    SqlToStaging().create_incremental().some_function(table, stage)
  File "/app/concretestage/SQLToStaging.py", line 60, in some_function
    sourceDF = getDF(sourcedbname,sourcetablename , sourceschema, FilterColumn, '2007-02-15', '2007-02-16')
  File "/app/myFramework/utils/utils.py", line 57, in getDF
    df.columns = [desc[0] for desc in cur.description]
  File "/home/airflow/.local/lib/python3.8/site-packages/pandas/core/generic.py", line 6002, in __setattr__
    return object.__setattr__(self, name, value)
  File "pandas/_libs/properties.pyx", line 69, in pandas._libs.properties.AxisProperty.__set__
  File "/home/airflow/.local/lib/python3.8/site-packages/pandas/core/generic.py", line 730, in _set_axis
    self._mgr.set_axis(axis, labels)
  File "/home/airflow/.local/lib/python3.8/site-packages/pandas/core/internals/managers.py", line 225, in set_axis
    self._validate_set_axis(axis, new_labels)
  File "/home/airflow/.local/lib/python3.8/site-packages/pandas/core/internals/base.py", line 70, in _validate_set_axis
    raise ValueError(
ValueError: Length mismatch: Expected axis has 0 elements, new values have 7 elements
[2024-07-10T20:33:43.606+0000] {taskinstance.py:1149} INFO - Marking task as FAILED. dag_id=sqltostaging, task_id=rental, execution_date=20240709T000000, start_date=20240710T203341, end_date=20240710T203343
[2024-07-10T20:33:43.628+0000] {standard_task_runner.py:107} ERROR - Failed to execute job 5 for task rental (Length mismatch: Expected axis has 0 elements, new values have 7 elements; 88)
[2024-07-10T20:33:43.657+0000] {local_task_job_runner.py:234} INFO - Task exited with return code 1
[2024-07-10T20:33:43.678+0000] {taskinstance.py:3312} INFO - 0 downstream tasks scheduled from follow-on schedule check
[2024-07-10T20:36:57.555+0000] {taskinstance.py:1979} INFO - Dependencies all met for dep_context=non-requeueable deps ti=<TaskInstance: sqltostaging.rental scheduled__2024-07-09T00:00:00+00:00 [queued]>
[2024-07-10T20:36:57.589+0000] {taskinstance.py:1979} INFO - Dependencies all met for dep_context=requeueable deps ti=<TaskInstance: sqltostaging.rental scheduled__2024-07-09T00:00:00+00:00 [queued]>
[2024-07-10T20:36:57.591+0000] {taskinstance.py:2193} INFO - Starting attempt 1 of 1
[2024-07-10T20:36:57.675+0000] {taskinstance.py:2217} INFO - Executing <Task(PythonOperator): rental> on 2024-07-09 00:00:00+00:00
[2024-07-10T20:36:57.700+0000] {standard_task_runner.py:60} INFO - Started process 100 to run task
[2024-07-10T20:36:57.704+0000] {standard_task_runner.py:87} INFO - Running: ['***', 'tasks', 'run', 'sqltostaging', 'rental', 'scheduled__2024-07-09T00:00:00+00:00', '--job-id', '13', '--raw', '--subdir', 'DAGS_FOLDER/dag.py', '--cfg-path', '/tmp/tmpe0wx7fn1']
[2024-07-10T20:36:57.759+0000] {standard_task_runner.py:88} INFO - Job 13: Subtask rental
[2024-07-10T20:36:57.934+0000] {task_command.py:423} INFO - Running <TaskInstance: sqltostaging.rental scheduled__2024-07-09T00:00:00+00:00 [running]> on host dca83dd4e715
[2024-07-10T20:36:59.047+0000] {taskinstance.py:2513} INFO - Exporting env vars: AIRFLOW_CTX_DAG_OWNER='***' AIRFLOW_CTX_DAG_ID='sqltostaging' AIRFLOW_CTX_TASK_ID='rental' AIRFLOW_CTX_EXECUTION_DATE='2024-07-09T00:00:00+00:00' AIRFLOW_CTX_TRY_NUMBER='1' AIRFLOW_CTX_DAG_RUN_ID='scheduled__2024-07-09T00:00:00+00:00'
[2024-07-10T20:36:59.152+0000] {logging_mixin.py:188} INFO - select *  from etlconf.Etl_Process_Mapping where SourceTableName = 'rental' and Stage = 'sqltostaging'
[2024-07-10T20:36:59.261+0000] {logging_mixin.py:188} INFO -    id sourcetablename sourcedbname  ...  code         stage last_run_date
0  11          rental    dvdrental  ...  None  sqltostaging          None

[1 rows x 15 columns]
[2024-07-10T20:36:59.288+0000] {logging_mixin.py:188} INFO - select T.* from dvdrental.public.rental T where rental_date >= '2007-02-15' and rental_date < '2007-02-16' 
[2024-07-10T20:36:59.376+0000] {logging_mixin.py:188} INFO - not data at the period
[2024-07-10T20:36:59.378+0000] {taskinstance.py:2731} ERROR - Task failed with exception
Traceback (most recent call last):
  File "/home/airflow/.local/lib/python3.8/site-packages/airflow/models/taskinstance.py", line 444, in _execute_task
    result = _execute_callable(context=context, **execute_callable_kwargs)
  File "/home/airflow/.local/lib/python3.8/site-packages/airflow/models/taskinstance.py", line 414, in _execute_callable
    return execute_callable(context=context, **execute_callable_kwargs)
  File "/home/airflow/.local/lib/python3.8/site-packages/airflow/operators/python.py", line 200, in execute
    return_value = self.execute_callable()
  File "/home/airflow/.local/lib/python3.8/site-packages/airflow/operators/python.py", line 217, in execute_callable
    return self.python_callable(*self.op_args, **self.op_kwargs)
  File "/opt/airflow/dags/dag.py", line 44, in process_table
    return  execute(table, stage, tabletype)
  File "/app/main.py", line 28, in execute
    SqlToStaging().create_incremental().some_function(table, stage)
  File "/app/concretestage/SQLToStaging.py", line 63, in some_function
    if sourceDF is not None:
UnboundLocalError: local variable 'sourceDF' referenced before assignment
[2024-07-10T20:36:59.422+0000] {taskinstance.py:1149} INFO - Marking task as FAILED. dag_id=sqltostaging, task_id=rental, execution_date=20240709T000000, start_date=20240710T203657, end_date=20240710T203659
[2024-07-10T20:36:59.528+0000] {standard_task_runner.py:107} ERROR - Failed to execute job 13 for task rental (local variable 'sourceDF' referenced before assignment; 100)
[2024-07-10T20:36:59.579+0000] {local_task_job_runner.py:234} INFO - Task exited with return code 1
[2024-07-10T20:36:59.678+0000] {taskinstance.py:3312} INFO - 0 downstream tasks scheduled from follow-on schedule check
[2024-07-10T20:40:14.044+0000] {taskinstance.py:1979} INFO - Dependencies all met for dep_context=non-requeueable deps ti=<TaskInstance: sqltostaging.rental scheduled__2024-07-09T00:00:00+00:00 [queued]>
[2024-07-10T20:40:14.052+0000] {taskinstance.py:1979} INFO - Dependencies all met for dep_context=requeueable deps ti=<TaskInstance: sqltostaging.rental scheduled__2024-07-09T00:00:00+00:00 [queued]>
[2024-07-10T20:40:14.056+0000] {taskinstance.py:2193} INFO - Starting attempt 1 of 1
[2024-07-10T20:40:14.100+0000] {taskinstance.py:2217} INFO - Executing <Task(PythonOperator): rental> on 2024-07-09 00:00:00+00:00
[2024-07-10T20:40:14.114+0000] {standard_task_runner.py:60} INFO - Started process 97 to run task
[2024-07-10T20:40:14.135+0000] {standard_task_runner.py:87} INFO - Running: ['***', 'tasks', 'run', 'sqltostaging', 'rental', 'scheduled__2024-07-09T00:00:00+00:00', '--job-id', '11', '--raw', '--subdir', 'DAGS_FOLDER/dag.py', '--cfg-path', '/tmp/tmpmi7wwbut']
[2024-07-10T20:40:14.145+0000] {standard_task_runner.py:88} INFO - Job 11: Subtask rental
[2024-07-10T20:40:14.286+0000] {task_command.py:423} INFO - Running <TaskInstance: sqltostaging.rental scheduled__2024-07-09T00:00:00+00:00 [running]> on host 2bc01acfbd3e
[2024-07-10T20:40:15.353+0000] {taskinstance.py:2513} INFO - Exporting env vars: AIRFLOW_CTX_DAG_OWNER='***' AIRFLOW_CTX_DAG_ID='sqltostaging' AIRFLOW_CTX_TASK_ID='rental' AIRFLOW_CTX_EXECUTION_DATE='2024-07-09T00:00:00+00:00' AIRFLOW_CTX_TRY_NUMBER='1' AIRFLOW_CTX_DAG_RUN_ID='scheduled__2024-07-09T00:00:00+00:00'
[2024-07-10T20:40:15.451+0000] {logging_mixin.py:188} INFO - select *  from etlconf.Etl_Process_Mapping where SourceTableName = 'rental' and Stage = 'sqltostaging'
[2024-07-10T20:40:15.509+0000] {logging_mixin.py:188} INFO -    id sourcetablename sourcedbname  ...  code         stage last_run_date
0  11          rental    dvdrental  ...  None  sqltostaging          None

[1 rows x 15 columns]
[2024-07-10T20:40:15.515+0000] {logging_mixin.py:188} INFO - select T.* from dvdrental.public.rental T where rental_date >= '2007-02-15' and rental_date < '2007-02-16' 
[2024-07-10T20:40:15.579+0000] {python.py:202} INFO - Done. Returned value was: None
[2024-07-10T20:40:15.591+0000] {taskinstance.py:1149} INFO - Marking task as SUCCESS. dag_id=sqltostaging, task_id=rental, execution_date=20240709T000000, start_date=20240710T204014, end_date=20240710T204015
[2024-07-10T20:40:15.650+0000] {local_task_job_runner.py:234} INFO - Task exited with return code 0
[2024-07-10T20:40:15.671+0000] {taskinstance.py:3312} INFO - 0 downstream tasks scheduled from follow-on schedule check
