[2024-07-16T16:34:40.599+0000] {taskinstance.py:1979} INFO - Dependencies all met for dep_context=non-requeueable deps ti=<TaskInstance: sqltostaging.staff scheduled__2024-07-15T00:00:00+00:00 [queued]>
[2024-07-16T16:34:40.636+0000] {taskinstance.py:1979} INFO - Dependencies all met for dep_context=requeueable deps ti=<TaskInstance: sqltostaging.staff scheduled__2024-07-15T00:00:00+00:00 [queued]>
[2024-07-16T16:34:40.643+0000] {taskinstance.py:2193} INFO - Starting attempt 1 of 1
[2024-07-16T16:34:40.677+0000] {taskinstance.py:2217} INFO - Executing <Task(PythonOperator): staff> on 2024-07-15 00:00:00+00:00
[2024-07-16T16:34:40.684+0000] {standard_task_runner.py:60} INFO - Started process 138 to run task
[2024-07-16T16:34:40.693+0000] {standard_task_runner.py:87} INFO - Running: ['***', 'tasks', 'run', 'sqltostaging', 'staff', 'scheduled__2024-07-15T00:00:00+00:00', '--job-id', '63', '--raw', '--subdir', 'DAGS_FOLDER/dag.py', '--cfg-path', '/tmp/tmp36k3sd5a']
[2024-07-16T16:34:40.707+0000] {standard_task_runner.py:88} INFO - Job 63: Subtask staff
[2024-07-16T16:34:40.869+0000] {task_command.py:423} INFO - Running <TaskInstance: sqltostaging.staff scheduled__2024-07-15T00:00:00+00:00 [running]> on host f77c41d1d1e9
[2024-07-16T16:34:41.524+0000] {taskinstance.py:2513} INFO - Exporting env vars: AIRFLOW_CTX_DAG_OWNER='***' AIRFLOW_CTX_DAG_ID='sqltostaging' AIRFLOW_CTX_TASK_ID='staff' AIRFLOW_CTX_EXECUTION_DATE='2024-07-15T00:00:00+00:00' AIRFLOW_CTX_TRY_NUMBER='1' AIRFLOW_CTX_DAG_RUN_ID='scheduled__2024-07-15T00:00:00+00:00'
[2024-07-16T16:34:41.590+0000] {logging_mixin.py:188} INFO - select *  from etlconf.Etl_Process_Mapping where SourceTableName = 'staff' and Stage = 'sqltostaging'
[2024-07-16T16:34:41.642+0000] {logging_mixin.py:188} INFO -    id sourcetablename  ...         stage              last_run_date
0   9           staff  ...  sqltostaging 2024-07-16 16:34:38.134647

[1 rows x 15 columns]
[2024-07-16T16:34:41.798+0000] {logging_mixin.py:188} INFO - update etlconf.Etl_Process_Mapping T set last_run_date = current_timestamp where destdbname='DBStaging' and destschema='dvdrental' and desttablename='staff';
[2024-07-16T16:34:41.815+0000] {python.py:202} INFO - Done. Returned value was: None
[2024-07-16T16:34:41.823+0000] {taskinstance.py:1149} INFO - Marking task as SUCCESS. dag_id=sqltostaging, task_id=staff, execution_date=20240715T000000, start_date=20240716T163440, end_date=20240716T163441
[2024-07-16T16:34:41.844+0000] {local_task_job_runner.py:234} INFO - Task exited with return code 0
[2024-07-16T16:34:41.867+0000] {taskinstance.py:3312} INFO - 0 downstream tasks scheduled from follow-on schedule check
[2024-07-16T17:43:01.915+0000] {taskinstance.py:1979} INFO - Dependencies all met for dep_context=non-requeueable deps ti=<TaskInstance: sqltostaging.staff scheduled__2024-07-15T00:00:00+00:00 [queued]>
[2024-07-16T17:43:01.934+0000] {taskinstance.py:1979} INFO - Dependencies all met for dep_context=requeueable deps ti=<TaskInstance: sqltostaging.staff scheduled__2024-07-15T00:00:00+00:00 [queued]>
[2024-07-16T17:43:01.941+0000] {taskinstance.py:2193} INFO - Starting attempt 1 of 1
[2024-07-16T17:43:01.985+0000] {taskinstance.py:2217} INFO - Executing <Task(PythonOperator): staff> on 2024-07-15 00:00:00+00:00
[2024-07-16T17:43:02.006+0000] {standard_task_runner.py:60} INFO - Started process 238 to run task
[2024-07-16T17:43:02.016+0000] {standard_task_runner.py:87} INFO - Running: ['***', 'tasks', 'run', 'sqltostaging', 'staff', 'scheduled__2024-07-15T00:00:00+00:00', '--job-id', '19', '--raw', '--subdir', 'DAGS_FOLDER/dag.py', '--cfg-path', '/tmp/tmpk3e1z_q7']
[2024-07-16T17:43:02.040+0000] {standard_task_runner.py:88} INFO - Job 19: Subtask staff
[2024-07-16T17:43:02.197+0000] {task_command.py:423} INFO - Running <TaskInstance: sqltostaging.staff scheduled__2024-07-15T00:00:00+00:00 [running]> on host e1ba87a2fe19
[2024-07-16T17:43:02.369+0000] {taskinstance.py:2513} INFO - Exporting env vars: AIRFLOW_CTX_DAG_OWNER='***' AIRFLOW_CTX_DAG_ID='sqltostaging' AIRFLOW_CTX_TASK_ID='staff' AIRFLOW_CTX_EXECUTION_DATE='2024-07-15T00:00:00+00:00' AIRFLOW_CTX_TRY_NUMBER='1' AIRFLOW_CTX_DAG_RUN_ID='scheduled__2024-07-15T00:00:00+00:00'
[2024-07-16T17:43:02.398+0000] {logging_mixin.py:188} INFO - -------------------------------------------- select *  from etlconf.Etl_Process_Mapping where SourceTableName = 'staff' and Stage = 'sqltostaging'
[2024-07-16T17:43:02.571+0000] {logging_mixin.py:188} INFO - select *  from etlconf.Etl_Process_Mapping where SourceTableName = 'staff' and Stage = 'sqltostaging'
[2024-07-16T17:43:03.249+0000] {logging_mixin.py:188} INFO -    id sourcetablename  ...         stage              last_run_date
0   9           staff  ...  sqltostaging 2024-07-16 16:34:41.810643

[1 rows x 15 columns]
[2024-07-16T17:43:03.694+0000] {logging_mixin.py:188} INFO - update etlconf.Etl_Process_Mapping T set last_run_date = current_timestamp where destdbname='DBStaging' and destschema='dvdrental' and desttablename='staff';
[2024-07-16T17:43:03.760+0000] {python.py:202} INFO - Done. Returned value was: None
[2024-07-16T17:43:03.784+0000] {taskinstance.py:1149} INFO - Marking task as SUCCESS. dag_id=sqltostaging, task_id=staff, execution_date=20240715T000000, start_date=20240716T174301, end_date=20240716T174303
[2024-07-16T17:43:03.858+0000] {local_task_job_runner.py:234} INFO - Task exited with return code 0
[2024-07-16T17:43:03.890+0000] {taskinstance.py:3312} INFO - 0 downstream tasks scheduled from follow-on schedule check
[2024-07-16T18:37:58.194+0000] {taskinstance.py:1979} INFO - Dependencies all met for dep_context=non-requeueable deps ti=<TaskInstance: sqltostaging.staff scheduled__2024-07-15T00:00:00+00:00 [queued]>
[2024-07-16T18:37:58.226+0000] {taskinstance.py:1979} INFO - Dependencies all met for dep_context=requeueable deps ti=<TaskInstance: sqltostaging.staff scheduled__2024-07-15T00:00:00+00:00 [queued]>
[2024-07-16T18:37:58.232+0000] {taskinstance.py:2193} INFO - Starting attempt 1 of 1
[2024-07-16T18:37:58.321+0000] {taskinstance.py:2217} INFO - Executing <Task(PythonOperator): staff> on 2024-07-15 00:00:00+00:00
[2024-07-16T18:37:58.345+0000] {standard_task_runner.py:60} INFO - Started process 265 to run task
[2024-07-16T18:37:58.361+0000] {standard_task_runner.py:87} INFO - Running: ['***', 'tasks', 'run', 'sqltostaging', 'staff', 'scheduled__2024-07-15T00:00:00+00:00', '--job-id', '43', '--raw', '--subdir', 'DAGS_FOLDER/dag.py', '--cfg-path', '/tmp/tmp0wj851_9']
[2024-07-16T18:37:58.385+0000] {standard_task_runner.py:88} INFO - Job 43: Subtask staff
[2024-07-16T18:37:58.688+0000] {task_command.py:423} INFO - Running <TaskInstance: sqltostaging.staff scheduled__2024-07-15T00:00:00+00:00 [running]> on host b7021158e377
[2024-07-16T18:37:59.097+0000] {taskinstance.py:2513} INFO - Exporting env vars: AIRFLOW_CTX_DAG_OWNER='***' AIRFLOW_CTX_DAG_ID='sqltostaging' AIRFLOW_CTX_TASK_ID='staff' AIRFLOW_CTX_EXECUTION_DATE='2024-07-15T00:00:00+00:00' AIRFLOW_CTX_TRY_NUMBER='1' AIRFLOW_CTX_DAG_RUN_ID='scheduled__2024-07-15T00:00:00+00:00'
[2024-07-16T18:37:59.106+0000] {logging_mixin.py:188} INFO - -------------------------------------------- select *  from etlconf.Etl_Process_Mapping where SourceTableName = 'staff' and Stage = 'sqltostaging'
[2024-07-16T18:37:59.192+0000] {logging_mixin.py:188} INFO - select *  from etlconf.Etl_Process_Mapping where SourceTableName = 'staff' and Stage = 'sqltostaging'
[2024-07-16T18:37:59.928+0000] {logging_mixin.py:188} INFO -    id sourcetablename  ...         stage              last_run_date
0   9           staff  ...  sqltostaging 2024-07-16 17:43:03.738041

[1 rows x 15 columns]
[2024-07-16T18:38:00.058+0000] {taskinstance.py:2731} ERROR - Task failed with exception
Traceback (most recent call last):
  File "/home/airflow/.local/lib/python3.8/site-packages/airflow/models/taskinstance.py", line 444, in _execute_task
    result = _execute_callable(context=context, **execute_callable_kwargs)
  File "/home/airflow/.local/lib/python3.8/site-packages/airflow/models/taskinstance.py", line 414, in _execute_callable
    return execute_callable(context=context, **execute_callable_kwargs)
  File "/home/airflow/.local/lib/python3.8/site-packages/airflow/operators/python.py", line 200, in execute
    return_value = self.execute_callable()
  File "/home/airflow/.local/lib/python3.8/site-packages/airflow/operators/python.py", line 217, in execute_callable
    return self.python_callable(*self.op_args, **self.op_kwargs)
  File "/opt/airflow/dags/dag.py", line 45, in process_table
    return  execute(table, stage, tabletype)
  File "/app/main.py", line 26, in execute
    SqlToStaging().create_full().some_function(table, stage)
  File "/app/concretestage/SQLToStaging.py", line 38, in some_function
    sourceDF = getDF(sourcedbname,sourcetablename , sourceschema)
  File "/app/myFramework/utils/utils.py", line 29, in getDF
    cur.execute(query)
psycopg2.errors.FeatureNotSupported: cross-database references are not implemented: "dbstaging.public.dada"
LINE 1: select T.* from dbstaging.public.dada T
                        ^

[2024-07-16T18:38:00.112+0000] {taskinstance.py:1149} INFO - Marking task as FAILED. dag_id=sqltostaging, task_id=staff, execution_date=20240715T000000, start_date=20240716T183758, end_date=20240716T183800
[2024-07-16T18:38:00.146+0000] {standard_task_runner.py:107} ERROR - Failed to execute job 43 for task staff (cross-database references are not implemented: "dbstaging.public.dada"
LINE 1: select T.* from dbstaging.public.dada T
                        ^
; 265)
[2024-07-16T18:38:00.184+0000] {local_task_job_runner.py:234} INFO - Task exited with return code 1
[2024-07-16T18:38:00.281+0000] {taskinstance.py:3312} INFO - 0 downstream tasks scheduled from follow-on schedule check
[2024-07-16T18:39:44.499+0000] {taskinstance.py:1979} INFO - Dependencies all met for dep_context=non-requeueable deps ti=<TaskInstance: sqltostaging.staff scheduled__2024-07-15T00:00:00+00:00 [queued]>
[2024-07-16T18:39:44.524+0000] {taskinstance.py:1979} INFO - Dependencies all met for dep_context=requeueable deps ti=<TaskInstance: sqltostaging.staff scheduled__2024-07-15T00:00:00+00:00 [queued]>
[2024-07-16T18:39:44.533+0000] {taskinstance.py:2193} INFO - Starting attempt 1 of 1
[2024-07-16T18:39:44.574+0000] {taskinstance.py:2217} INFO - Executing <Task(PythonOperator): staff> on 2024-07-15 00:00:00+00:00
[2024-07-16T18:39:44.598+0000] {standard_task_runner.py:60} INFO - Started process 102 to run task
[2024-07-16T18:39:44.629+0000] {standard_task_runner.py:87} INFO - Running: ['***', 'tasks', 'run', 'sqltostaging', 'staff', 'scheduled__2024-07-15T00:00:00+00:00', '--job-id', '15', '--raw', '--subdir', 'DAGS_FOLDER/dag.py', '--cfg-path', '/tmp/tmplh1mmpvi']
[2024-07-16T18:39:44.644+0000] {standard_task_runner.py:88} INFO - Job 15: Subtask staff
[2024-07-16T18:39:44.889+0000] {task_command.py:423} INFO - Running <TaskInstance: sqltostaging.staff scheduled__2024-07-15T00:00:00+00:00 [running]> on host 7465d1ceecf3
[2024-07-16T18:39:46.417+0000] {taskinstance.py:2513} INFO - Exporting env vars: AIRFLOW_CTX_DAG_OWNER='***' AIRFLOW_CTX_DAG_ID='sqltostaging' AIRFLOW_CTX_TASK_ID='staff' AIRFLOW_CTX_EXECUTION_DATE='2024-07-15T00:00:00+00:00' AIRFLOW_CTX_TRY_NUMBER='1' AIRFLOW_CTX_DAG_RUN_ID='scheduled__2024-07-15T00:00:00+00:00'
[2024-07-16T18:39:46.420+0000] {logging_mixin.py:188} INFO - -------------------------------------------- select *  from etlconf.Etl_Process_Mapping where SourceTableName = 'staff' and Stage = 'sqltostaging'
[2024-07-16T18:39:46.525+0000] {logging_mixin.py:188} INFO - select *  from etlconf.Etl_Process_Mapping where SourceTableName = 'staff' and Stage = 'sqltostaging'
[2024-07-16T18:39:46.653+0000] {logging_mixin.py:188} INFO -    id sourcetablename  ...         stage              last_run_date
0   9           staff  ...  sqltostaging 2024-07-16 17:43:03.738041

[1 rows x 15 columns]
[2024-07-16T18:39:46.730+0000] {taskinstance.py:2731} ERROR - Task failed with exception
Traceback (most recent call last):
  File "/home/airflow/.local/lib/python3.8/site-packages/sqlalchemy/engine/base.py", line 3371, in _wrap_pool_connect
    return fn()
  File "/home/airflow/.local/lib/python3.8/site-packages/sqlalchemy/pool/base.py", line 327, in connect
    return _ConnectionFairy._checkout(self)
  File "/home/airflow/.local/lib/python3.8/site-packages/sqlalchemy/pool/base.py", line 894, in _checkout
    fairy = _ConnectionRecord.checkout(pool)
  File "/home/airflow/.local/lib/python3.8/site-packages/sqlalchemy/pool/base.py", line 493, in checkout
    rec = pool._do_get()
  File "/home/airflow/.local/lib/python3.8/site-packages/sqlalchemy/pool/impl.py", line 146, in _do_get
    self._dec_overflow()
  File "/home/airflow/.local/lib/python3.8/site-packages/sqlalchemy/util/langhelpers.py", line 70, in __exit__
    compat.raise_(
  File "/home/airflow/.local/lib/python3.8/site-packages/sqlalchemy/util/compat.py", line 211, in raise_
    raise exception
  File "/home/airflow/.local/lib/python3.8/site-packages/sqlalchemy/pool/impl.py", line 143, in _do_get
    return self._create_connection()
  File "/home/airflow/.local/lib/python3.8/site-packages/sqlalchemy/pool/base.py", line 273, in _create_connection
    return _ConnectionRecord(self)
  File "/home/airflow/.local/lib/python3.8/site-packages/sqlalchemy/pool/base.py", line 388, in __init__
    self.__connect()
  File "/home/airflow/.local/lib/python3.8/site-packages/sqlalchemy/pool/base.py", line 691, in __connect
    pool.logger.debug("Error on connect(): %s", e)
  File "/home/airflow/.local/lib/python3.8/site-packages/sqlalchemy/util/langhelpers.py", line 70, in __exit__
    compat.raise_(
  File "/home/airflow/.local/lib/python3.8/site-packages/sqlalchemy/util/compat.py", line 211, in raise_
    raise exception
  File "/home/airflow/.local/lib/python3.8/site-packages/sqlalchemy/pool/base.py", line 686, in __connect
    self.dbapi_connection = connection = pool._invoke_creator(self)
  File "/home/airflow/.local/lib/python3.8/site-packages/sqlalchemy/engine/create.py", line 574, in connect
    return dialect.connect(*cargs, **cparams)
  File "/home/airflow/.local/lib/python3.8/site-packages/sqlalchemy/engine/default.py", line 598, in connect
    return self.dbapi.connect(*cargs, **cparams)
  File "/home/airflow/.local/lib/python3.8/site-packages/psycopg2/__init__.py", line 122, in connect
    conn = _connect(dsn, connection_factory=connection_factory, **kwasync)
psycopg2.OperationalError: connection to server at "postgres_db" (172.31.0.4), port 9999 failed: FATAL:  database "DBStaging" does not exist


The above exception was the direct cause of the following exception:

Traceback (most recent call last):
  File "/home/airflow/.local/lib/python3.8/site-packages/airflow/models/taskinstance.py", line 444, in _execute_task
    result = _execute_callable(context=context, **execute_callable_kwargs)
  File "/home/airflow/.local/lib/python3.8/site-packages/airflow/models/taskinstance.py", line 414, in _execute_callable
    return execute_callable(context=context, **execute_callable_kwargs)
  File "/home/airflow/.local/lib/python3.8/site-packages/airflow/operators/python.py", line 200, in execute
    return_value = self.execute_callable()
  File "/home/airflow/.local/lib/python3.8/site-packages/airflow/operators/python.py", line 217, in execute_callable
    return self.python_callable(*self.op_args, **self.op_kwargs)
  File "/opt/airflow/dags/dag.py", line 45, in process_table
    return  execute(table, stage, tabletype)
  File "/app/main.py", line 26, in execute
    SqlToStaging().create_full().some_function(table, stage)
  File "/app/concretestage/SQLToStaging.py", line 40, in some_function
    fillPosgres(sourceDF, DestDBName, DestSchema, DestTableName, InsertionType)
  File "/app/myFramework/utils/utils.py", line 36, in fillPosgres
    df.to_sql(tablename, conn.getEngine(dst_dbname)
  File "/home/airflow/.local/lib/python3.8/site-packages/pandas/core/generic.py", line 2878, in to_sql
    return sql.to_sql(
  File "/home/airflow/.local/lib/python3.8/site-packages/pandas/io/sql.py", line 768, in to_sql
    with pandasSQL_builder(con, schema=schema, need_transaction=True) as pandas_sql:
  File "/home/airflow/.local/lib/python3.8/site-packages/pandas/io/sql.py", line 832, in pandasSQL_builder
    return SQLDatabase(con, schema, need_transaction)
  File "/home/airflow/.local/lib/python3.8/site-packages/pandas/io/sql.py", line 1539, in __init__
    con = self.exit_stack.enter_context(con.connect())
  File "/home/airflow/.local/lib/python3.8/site-packages/sqlalchemy/engine/base.py", line 3325, in connect
    return self._connection_cls(self, close_with_result=close_with_result)
  File "/home/airflow/.local/lib/python3.8/site-packages/sqlalchemy/engine/base.py", line 96, in __init__
    else engine.raw_connection()
  File "/home/airflow/.local/lib/python3.8/site-packages/sqlalchemy/engine/base.py", line 3404, in raw_connection
    return self._wrap_pool_connect(self.pool.connect, _connection)
  File "/home/airflow/.local/lib/python3.8/site-packages/sqlalchemy/engine/base.py", line 3374, in _wrap_pool_connect
    Connection._handle_dbapi_exception_noconnection(
  File "/home/airflow/.local/lib/python3.8/site-packages/sqlalchemy/engine/base.py", line 2208, in _handle_dbapi_exception_noconnection
    util.raise_(
  File "/home/airflow/.local/lib/python3.8/site-packages/sqlalchemy/util/compat.py", line 211, in raise_
    raise exception
  File "/home/airflow/.local/lib/python3.8/site-packages/sqlalchemy/engine/base.py", line 3371, in _wrap_pool_connect
    return fn()
  File "/home/airflow/.local/lib/python3.8/site-packages/sqlalchemy/pool/base.py", line 327, in connect
    return _ConnectionFairy._checkout(self)
  File "/home/airflow/.local/lib/python3.8/site-packages/sqlalchemy/pool/base.py", line 894, in _checkout
    fairy = _ConnectionRecord.checkout(pool)
  File "/home/airflow/.local/lib/python3.8/site-packages/sqlalchemy/pool/base.py", line 493, in checkout
    rec = pool._do_get()
  File "/home/airflow/.local/lib/python3.8/site-packages/sqlalchemy/pool/impl.py", line 146, in _do_get
    self._dec_overflow()
  File "/home/airflow/.local/lib/python3.8/site-packages/sqlalchemy/util/langhelpers.py", line 70, in __exit__
    compat.raise_(
  File "/home/airflow/.local/lib/python3.8/site-packages/sqlalchemy/util/compat.py", line 211, in raise_
    raise exception
  File "/home/airflow/.local/lib/python3.8/site-packages/sqlalchemy/pool/impl.py", line 143, in _do_get
    return self._create_connection()
  File "/home/airflow/.local/lib/python3.8/site-packages/sqlalchemy/pool/base.py", line 273, in _create_connection
    return _ConnectionRecord(self)
  File "/home/airflow/.local/lib/python3.8/site-packages/sqlalchemy/pool/base.py", line 388, in __init__
    self.__connect()
  File "/home/airflow/.local/lib/python3.8/site-packages/sqlalchemy/pool/base.py", line 691, in __connect
    pool.logger.debug("Error on connect(): %s", e)
  File "/home/airflow/.local/lib/python3.8/site-packages/sqlalchemy/util/langhelpers.py", line 70, in __exit__
    compat.raise_(
  File "/home/airflow/.local/lib/python3.8/site-packages/sqlalchemy/util/compat.py", line 211, in raise_
    raise exception
  File "/home/airflow/.local/lib/python3.8/site-packages/sqlalchemy/pool/base.py", line 686, in __connect
    self.dbapi_connection = connection = pool._invoke_creator(self)
  File "/home/airflow/.local/lib/python3.8/site-packages/sqlalchemy/engine/create.py", line 574, in connect
    return dialect.connect(*cargs, **cparams)
  File "/home/airflow/.local/lib/python3.8/site-packages/sqlalchemy/engine/default.py", line 598, in connect
    return self.dbapi.connect(*cargs, **cparams)
  File "/home/airflow/.local/lib/python3.8/site-packages/psycopg2/__init__.py", line 122, in connect
    conn = _connect(dsn, connection_factory=connection_factory, **kwasync)
sqlalchemy.exc.OperationalError: (psycopg2.OperationalError) connection to server at "postgres_db" (172.31.0.4), port 9999 failed: FATAL:  database "DBStaging" does not exist

(Background on this error at: https://sqlalche.me/e/14/e3q8)
[2024-07-16T18:39:46.757+0000] {taskinstance.py:1149} INFO - Marking task as FAILED. dag_id=sqltostaging, task_id=staff, execution_date=20240715T000000, start_date=20240716T183944, end_date=20240716T183946
[2024-07-16T18:39:46.799+0000] {standard_task_runner.py:107} ERROR - Failed to execute job 15 for task staff ((psycopg2.OperationalError) connection to server at "postgres_db" (172.31.0.4), port 9999 failed: FATAL:  database "DBStaging" does not exist

(Background on this error at: https://sqlalche.me/e/14/e3q8); 102)
[2024-07-16T18:39:46.850+0000] {local_task_job_runner.py:234} INFO - Task exited with return code 1
[2024-07-16T18:39:46.873+0000] {taskinstance.py:3312} INFO - 0 downstream tasks scheduled from follow-on schedule check
[2024-07-16T18:45:08.563+0000] {taskinstance.py:1979} INFO - Dependencies all met for dep_context=non-requeueable deps ti=<TaskInstance: sqltostaging.staff scheduled__2024-07-15T00:00:00+00:00 [queued]>
[2024-07-16T18:45:08.591+0000] {taskinstance.py:1979} INFO - Dependencies all met for dep_context=requeueable deps ti=<TaskInstance: sqltostaging.staff scheduled__2024-07-15T00:00:00+00:00 [queued]>
[2024-07-16T18:45:08.597+0000] {taskinstance.py:2193} INFO - Starting attempt 1 of 1
[2024-07-16T18:45:08.652+0000] {taskinstance.py:2217} INFO - Executing <Task(PythonOperator): staff> on 2024-07-15 00:00:00+00:00
[2024-07-16T18:45:08.666+0000] {standard_task_runner.py:60} INFO - Started process 95 to run task
[2024-07-16T18:45:08.679+0000] {standard_task_runner.py:87} INFO - Running: ['***', 'tasks', 'run', 'sqltostaging', 'staff', 'scheduled__2024-07-15T00:00:00+00:00', '--job-id', '17', '--raw', '--subdir', 'DAGS_FOLDER/dag.py', '--cfg-path', '/tmp/tmpsay4qk7j']
[2024-07-16T18:45:08.736+0000] {standard_task_runner.py:88} INFO - Job 17: Subtask staff
[2024-07-16T18:45:09.034+0000] {task_command.py:423} INFO - Running <TaskInstance: sqltostaging.staff scheduled__2024-07-15T00:00:00+00:00 [running]> on host 2e3dbb9eb862
[2024-07-16T18:45:09.442+0000] {taskinstance.py:2513} INFO - Exporting env vars: AIRFLOW_CTX_DAG_OWNER='***' AIRFLOW_CTX_DAG_ID='sqltostaging' AIRFLOW_CTX_TASK_ID='staff' AIRFLOW_CTX_EXECUTION_DATE='2024-07-15T00:00:00+00:00' AIRFLOW_CTX_TRY_NUMBER='1' AIRFLOW_CTX_DAG_RUN_ID='scheduled__2024-07-15T00:00:00+00:00'
[2024-07-16T18:45:09.472+0000] {logging_mixin.py:188} INFO - -------------------------------------------- select *  from etlconf.Etl_Process_Mapping where SourceTableName = 'staff' and Stage = 'sqltostaging'
[2024-07-16T18:45:12.687+0000] {logging_mixin.py:188} INFO - select *  from etlconf.Etl_Process_Mapping where SourceTableName = 'staff' and Stage = 'sqltostaging'
[2024-07-16T18:45:12.913+0000] {logging_mixin.py:188} INFO -    id sourcetablename  ...         stage              last_run_date
0   9           staff  ...  sqltostaging 2024-07-16 17:43:03.738041

[1 rows x 15 columns]
[2024-07-16T18:45:13.312+0000] {logging_mixin.py:188} INFO - update etlconf.Etl_Process_Mapping T set last_run_date = current_timestamp where destdbname='dbstaging' and destschema='dvdrental' and desttablename='staff';
[2024-07-16T18:45:13.402+0000] {python.py:202} INFO - Done. Returned value was: None
[2024-07-16T18:45:13.465+0000] {taskinstance.py:1149} INFO - Marking task as SUCCESS. dag_id=sqltostaging, task_id=staff, execution_date=20240715T000000, start_date=20240716T184508, end_date=20240716T184513
[2024-07-16T18:45:13.652+0000] {local_task_job_runner.py:234} INFO - Task exited with return code 0
[2024-07-16T18:45:13.697+0000] {taskinstance.py:3312} INFO - 0 downstream tasks scheduled from follow-on schedule check
[2024-07-16T18:51:27.267+0000] {taskinstance.py:1979} INFO - Dependencies all met for dep_context=non-requeueable deps ti=<TaskInstance: sqltostaging.staff scheduled__2024-07-15T00:00:00+00:00 [queued]>
[2024-07-16T18:51:27.285+0000] {taskinstance.py:1979} INFO - Dependencies all met for dep_context=requeueable deps ti=<TaskInstance: sqltostaging.staff scheduled__2024-07-15T00:00:00+00:00 [queued]>
[2024-07-16T18:51:27.289+0000] {taskinstance.py:2193} INFO - Starting attempt 1 of 1
[2024-07-16T18:51:27.304+0000] {taskinstance.py:2217} INFO - Executing <Task(PythonOperator): staff> on 2024-07-15 00:00:00+00:00
[2024-07-16T18:51:27.324+0000] {standard_task_runner.py:60} INFO - Started process 150 to run task
[2024-07-16T18:51:27.338+0000] {standard_task_runner.py:87} INFO - Running: ['***', 'tasks', 'run', 'sqltostaging', 'staff', 'scheduled__2024-07-15T00:00:00+00:00', '--job-id', '4', '--raw', '--subdir', 'DAGS_FOLDER/dag.py', '--cfg-path', '/tmp/tmp77l61o31']
[2024-07-16T18:51:27.353+0000] {standard_task_runner.py:88} INFO - Job 4: Subtask staff
[2024-07-16T18:51:27.459+0000] {task_command.py:423} INFO - Running <TaskInstance: sqltostaging.staff scheduled__2024-07-15T00:00:00+00:00 [running]> on host 7844bece6866
[2024-07-16T18:51:28.760+0000] {taskinstance.py:2513} INFO - Exporting env vars: AIRFLOW_CTX_DAG_OWNER='***' AIRFLOW_CTX_DAG_ID='sqltostaging' AIRFLOW_CTX_TASK_ID='staff' AIRFLOW_CTX_EXECUTION_DATE='2024-07-15T00:00:00+00:00' AIRFLOW_CTX_TRY_NUMBER='1' AIRFLOW_CTX_DAG_RUN_ID='scheduled__2024-07-15T00:00:00+00:00'
[2024-07-16T18:51:28.765+0000] {logging_mixin.py:188} INFO - -------------------------------------------- select *  from etlconf.Etl_Process_Mapping where SourceTableName = 'staff' and Stage = 'sqltostaging'
[2024-07-16T18:51:28.880+0000] {logging_mixin.py:188} INFO - select *  from etlconf.Etl_Process_Mapping where SourceTableName = 'staff' and Stage = 'sqltostaging'
[2024-07-16T18:51:29.138+0000] {logging_mixin.py:188} INFO -    id sourcetablename  ...         stage              last_run_date
0   9           staff  ...  sqltostaging 2024-07-16 18:45:13.389531

[1 rows x 15 columns]
[2024-07-16T18:51:29.577+0000] {logging_mixin.py:188} INFO - update etlconf.Etl_Process_Mapping T set last_run_date = current_timestamp where destdbname='dbstaging' and destschema='dvdrental' and desttablename='staff';
[2024-07-16T18:51:29.634+0000] {python.py:202} INFO - Done. Returned value was: None
[2024-07-16T18:51:29.647+0000] {taskinstance.py:1149} INFO - Marking task as SUCCESS. dag_id=sqltostaging, task_id=staff, execution_date=20240715T000000, start_date=20240716T185127, end_date=20240716T185129
[2024-07-16T18:51:29.715+0000] {local_task_job_runner.py:234} INFO - Task exited with return code 0
[2024-07-16T18:51:29.758+0000] {taskinstance.py:3312} INFO - 0 downstream tasks scheduled from follow-on schedule check
[2024-07-16T18:53:08.863+0000] {taskinstance.py:1979} INFO - Dependencies all met for dep_context=non-requeueable deps ti=<TaskInstance: sqltostaging.staff scheduled__2024-07-15T00:00:00+00:00 [queued]>
[2024-07-16T18:53:08.891+0000] {taskinstance.py:1979} INFO - Dependencies all met for dep_context=requeueable deps ti=<TaskInstance: sqltostaging.staff scheduled__2024-07-15T00:00:00+00:00 [queued]>
[2024-07-16T18:53:08.892+0000] {taskinstance.py:2193} INFO - Starting attempt 1 of 1
[2024-07-16T18:53:08.923+0000] {taskinstance.py:2217} INFO - Executing <Task(PythonOperator): staff> on 2024-07-15 00:00:00+00:00
[2024-07-16T18:53:08.935+0000] {standard_task_runner.py:60} INFO - Started process 84 to run task
[2024-07-16T18:53:08.983+0000] {standard_task_runner.py:87} INFO - Running: ['***', 'tasks', 'run', 'sqltostaging', 'staff', 'scheduled__2024-07-15T00:00:00+00:00', '--job-id', '6', '--raw', '--subdir', 'DAGS_FOLDER/dag.py', '--cfg-path', '/tmp/tmp3xglc9vh']
[2024-07-16T18:53:08.996+0000] {standard_task_runner.py:88} INFO - Job 6: Subtask staff
[2024-07-16T18:53:09.234+0000] {task_command.py:423} INFO - Running <TaskInstance: sqltostaging.staff scheduled__2024-07-15T00:00:00+00:00 [running]> on host 6ef7a8da30c0
[2024-07-16T18:53:11.232+0000] {taskinstance.py:2513} INFO - Exporting env vars: AIRFLOW_CTX_DAG_OWNER='***' AIRFLOW_CTX_DAG_ID='sqltostaging' AIRFLOW_CTX_TASK_ID='staff' AIRFLOW_CTX_EXECUTION_DATE='2024-07-15T00:00:00+00:00' AIRFLOW_CTX_TRY_NUMBER='1' AIRFLOW_CTX_DAG_RUN_ID='scheduled__2024-07-15T00:00:00+00:00'
[2024-07-16T18:53:11.240+0000] {logging_mixin.py:188} INFO - -------------------------------------------- select *  from etlconf.Etl_Process_Mapping where SourceTableName = 'staff' and Stage = 'sqltostaging'
[2024-07-16T18:53:11.298+0000] {logging_mixin.py:188} INFO - select *  from etlconf.Etl_Process_Mapping where SourceTableName = 'staff' and Stage = 'sqltostaging'
[2024-07-16T18:53:11.427+0000] {logging_mixin.py:188} INFO -    id sourcetablename  ...         stage              last_run_date
0   9           staff  ...  sqltostaging 2024-07-16 18:51:29.627171

[1 rows x 15 columns]
[2024-07-16T18:53:11.809+0000] {logging_mixin.py:188} INFO - update etlconf.Etl_Process_Mapping T set last_run_date = current_timestamp where destdbname='dbstaging' and destschema='dvdrental' and desttablename='staff';
[2024-07-16T18:53:11.857+0000] {python.py:202} INFO - Done. Returned value was: None
[2024-07-16T18:53:11.869+0000] {taskinstance.py:1149} INFO - Marking task as SUCCESS. dag_id=sqltostaging, task_id=staff, execution_date=20240715T000000, start_date=20240716T185308, end_date=20240716T185311
[2024-07-16T18:53:11.938+0000] {local_task_job_runner.py:234} INFO - Task exited with return code 0
[2024-07-16T18:53:11.996+0000] {taskinstance.py:3312} INFO - 0 downstream tasks scheduled from follow-on schedule check
[2024-07-16T18:56:02.686+0000] {taskinstance.py:1979} INFO - Dependencies all met for dep_context=non-requeueable deps ti=<TaskInstance: sqltostaging.staff scheduled__2024-07-15T00:00:00+00:00 [queued]>
[2024-07-16T18:56:02.747+0000] {taskinstance.py:1979} INFO - Dependencies all met for dep_context=requeueable deps ti=<TaskInstance: sqltostaging.staff scheduled__2024-07-15T00:00:00+00:00 [queued]>
[2024-07-16T18:56:02.754+0000] {taskinstance.py:2193} INFO - Starting attempt 1 of 1
[2024-07-16T18:56:02.929+0000] {taskinstance.py:2217} INFO - Executing <Task(PythonOperator): staff> on 2024-07-15 00:00:00+00:00
[2024-07-16T18:56:02.973+0000] {standard_task_runner.py:60} INFO - Started process 97 to run task
[2024-07-16T18:56:02.994+0000] {standard_task_runner.py:87} INFO - Running: ['***', 'tasks', 'run', 'sqltostaging', 'staff', 'scheduled__2024-07-15T00:00:00+00:00', '--job-id', '10', '--raw', '--subdir', 'DAGS_FOLDER/dag.py', '--cfg-path', '/tmp/tmp1ei6r05f']
[2024-07-16T18:56:03.024+0000] {standard_task_runner.py:88} INFO - Job 10: Subtask staff
[2024-07-16T18:56:03.519+0000] {task_command.py:423} INFO - Running <TaskInstance: sqltostaging.staff scheduled__2024-07-15T00:00:00+00:00 [running]> on host 1733eeb0def3
[2024-07-16T18:56:09.029+0000] {taskinstance.py:2513} INFO - Exporting env vars: AIRFLOW_CTX_DAG_OWNER='***' AIRFLOW_CTX_DAG_ID='sqltostaging' AIRFLOW_CTX_TASK_ID='staff' AIRFLOW_CTX_EXECUTION_DATE='2024-07-15T00:00:00+00:00' AIRFLOW_CTX_TRY_NUMBER='1' AIRFLOW_CTX_DAG_RUN_ID='scheduled__2024-07-15T00:00:00+00:00'
[2024-07-16T18:56:09.040+0000] {logging_mixin.py:188} INFO - -------------------------------------------- select *  from etlconf.Etl_Process_Mapping where SourceTableName = 'staff' and Stage = 'sqltostaging'
[2024-07-16T18:56:09.131+0000] {logging_mixin.py:188} INFO - select *  from etlconf.Etl_Process_Mapping where SourceTableName = 'staff' and Stage = 'sqltostaging'
[2024-07-16T18:56:09.318+0000] {logging_mixin.py:188} INFO -    id sourcetablename  ...         stage              last_run_date
0   9           staff  ...  sqltostaging 2024-07-16 18:53:11.844375

[1 rows x 15 columns]
[2024-07-16T18:56:10.497+0000] {logging_mixin.py:188} INFO - update etlconf.Etl_Process_Mapping T set last_run_date = current_timestamp where destdbname='dbstaging' and destschema='dvdrental' and desttablename='staff';
[2024-07-16T18:56:10.617+0000] {python.py:202} INFO - Done. Returned value was: None
[2024-07-16T18:56:10.644+0000] {taskinstance.py:1149} INFO - Marking task as SUCCESS. dag_id=sqltostaging, task_id=staff, execution_date=20240715T000000, start_date=20240716T185602, end_date=20240716T185610
[2024-07-16T18:56:10.729+0000] {local_task_job_runner.py:234} INFO - Task exited with return code 0
[2024-07-16T18:56:10.822+0000] {taskinstance.py:3312} INFO - 0 downstream tasks scheduled from follow-on schedule check
