[2024-07-10T19:19:12.792+0000] {taskinstance.py:1979} INFO - Dependencies all met for dep_context=non-requeueable deps ti=<TaskInstance: SqlToStaging.film scheduled__2024-07-09T00:00:00+00:00 [queued]>
[2024-07-10T19:19:12.807+0000] {taskinstance.py:1979} INFO - Dependencies all met for dep_context=requeueable deps ti=<TaskInstance: SqlToStaging.film scheduled__2024-07-09T00:00:00+00:00 [queued]>
[2024-07-10T19:19:12.810+0000] {taskinstance.py:2193} INFO - Starting attempt 1 of 1
[2024-07-10T19:19:12.830+0000] {taskinstance.py:2217} INFO - Executing <Task(PythonOperator): film> on 2024-07-09 00:00:00+00:00
[2024-07-10T19:19:12.852+0000] {standard_task_runner.py:87} INFO - Running: ['***', 'tasks', 'run', 'SqlToStaging', 'film', 'scheduled__2024-07-09T00:00:00+00:00', '--job-id', '12', '--raw', '--subdir', 'DAGS_FOLDER/dag.py', '--cfg-path', '/tmp/tmp8twtfdy7']
[2024-07-10T19:19:12.859+0000] {standard_task_runner.py:88} INFO - Job 12: Subtask film
[2024-07-10T19:19:12.849+0000] {standard_task_runner.py:60} INFO - Started process 91 to run task
[2024-07-10T19:19:12.990+0000] {task_command.py:423} INFO - Running <TaskInstance: SqlToStaging.film scheduled__2024-07-09T00:00:00+00:00 [running]> on host 988357c0810b
[2024-07-10T19:19:14.425+0000] {taskinstance.py:2513} INFO - Exporting env vars: AIRFLOW_CTX_DAG_OWNER='***' AIRFLOW_CTX_DAG_ID='SqlToStaging' AIRFLOW_CTX_TASK_ID='film' AIRFLOW_CTX_EXECUTION_DATE='2024-07-09T00:00:00+00:00' AIRFLOW_CTX_TRY_NUMBER='1' AIRFLOW_CTX_DAG_RUN_ID='scheduled__2024-07-09T00:00:00+00:00'
[2024-07-10T19:19:14.428+0000] {logging_mixin.py:188} INFO - select *  from etlconf.Etl_Process_Mapping where SourceTableName = 'film' and Stage = 'SqlToStaging'
[2024-07-10T19:19:14.508+0000] {taskinstance.py:2731} ERROR - Task failed with exception
Traceback (most recent call last):
  File "/home/airflow/.local/lib/python3.8/site-packages/airflow/models/taskinstance.py", line 444, in _execute_task
    result = _execute_callable(context=context, **execute_callable_kwargs)
  File "/home/airflow/.local/lib/python3.8/site-packages/airflow/models/taskinstance.py", line 414, in _execute_callable
    return execute_callable(context=context, **execute_callable_kwargs)
  File "/home/airflow/.local/lib/python3.8/site-packages/airflow/operators/python.py", line 200, in execute
    return_value = self.execute_callable()
  File "/home/airflow/.local/lib/python3.8/site-packages/airflow/operators/python.py", line 217, in execute_callable
    return self.python_callable(*self.op_args, **self.op_kwargs)
  File "/opt/airflow/dags/dag.py", line 41, in process_table
    tabletype = get_data_from_conf_table(table,stage)['tabletype'].values[0]
  File "/opt/airflow/dags/dag.py", line 30, in get_data_from_conf_table
    cur.execute(query)
AttributeError: 'psycopg2.extensions.connection' object has no attribute 'execute'
[2024-07-10T19:19:14.552+0000] {taskinstance.py:1149} INFO - Marking task as FAILED. dag_id=SqlToStaging, task_id=film, execution_date=20240709T000000, start_date=20240710T191912, end_date=20240710T191914
[2024-07-10T19:19:14.582+0000] {standard_task_runner.py:107} ERROR - Failed to execute job 12 for task film ('psycopg2.extensions.connection' object has no attribute 'execute'; 91)
[2024-07-10T19:19:14.637+0000] {local_task_job_runner.py:234} INFO - Task exited with return code 1
[2024-07-10T19:19:14.709+0000] {taskinstance.py:3312} INFO - 0 downstream tasks scheduled from follow-on schedule check
[2024-07-10T19:24:52.007+0000] {taskinstance.py:1979} INFO - Dependencies all met for dep_context=non-requeueable deps ti=<TaskInstance: SqlToStaging.film scheduled__2024-07-09T00:00:00+00:00 [queued]>
[2024-07-10T19:24:52.041+0000] {taskinstance.py:1979} INFO - Dependencies all met for dep_context=requeueable deps ti=<TaskInstance: SqlToStaging.film scheduled__2024-07-09T00:00:00+00:00 [queued]>
[2024-07-10T19:24:52.045+0000] {taskinstance.py:2193} INFO - Starting attempt 1 of 1
[2024-07-10T19:24:52.067+0000] {taskinstance.py:2217} INFO - Executing <Task(PythonOperator): film> on 2024-07-09 00:00:00+00:00
[2024-07-10T19:24:52.078+0000] {standard_task_runner.py:60} INFO - Started process 90 to run task
[2024-07-10T19:24:52.090+0000] {standard_task_runner.py:87} INFO - Running: ['***', 'tasks', 'run', 'SqlToStaging', 'film', 'scheduled__2024-07-09T00:00:00+00:00', '--job-id', '8', '--raw', '--subdir', 'DAGS_FOLDER/dag.py', '--cfg-path', '/tmp/tmpq0fmgr8b']
[2024-07-10T19:24:52.104+0000] {standard_task_runner.py:88} INFO - Job 8: Subtask film
[2024-07-10T19:24:52.271+0000] {task_command.py:423} INFO - Running <TaskInstance: SqlToStaging.film scheduled__2024-07-09T00:00:00+00:00 [running]> on host 1dd842c603c2
[2024-07-10T19:24:53.704+0000] {taskinstance.py:2513} INFO - Exporting env vars: AIRFLOW_CTX_DAG_OWNER='***' AIRFLOW_CTX_DAG_ID='SqlToStaging' AIRFLOW_CTX_TASK_ID='film' AIRFLOW_CTX_EXECUTION_DATE='2024-07-09T00:00:00+00:00' AIRFLOW_CTX_TRY_NUMBER='1' AIRFLOW_CTX_DAG_RUN_ID='scheduled__2024-07-09T00:00:00+00:00'
[2024-07-10T19:24:53.707+0000] {logging_mixin.py:188} INFO - select *  from etlconf.Etl_Process_Mapping where SourceTableName = 'film' and Stage = 'SqlToStaging'
[2024-07-10T19:24:53.758+0000] {taskinstance.py:2731} ERROR - Task failed with exception
Traceback (most recent call last):
  File "/home/airflow/.local/lib/python3.8/site-packages/airflow/models/taskinstance.py", line 444, in _execute_task
    result = _execute_callable(context=context, **execute_callable_kwargs)
  File "/home/airflow/.local/lib/python3.8/site-packages/airflow/models/taskinstance.py", line 414, in _execute_callable
    return execute_callable(context=context, **execute_callable_kwargs)
  File "/home/airflow/.local/lib/python3.8/site-packages/airflow/operators/python.py", line 200, in execute
    return_value = self.execute_callable()
  File "/home/airflow/.local/lib/python3.8/site-packages/airflow/operators/python.py", line 217, in execute_callable
    return self.python_callable(*self.op_args, **self.op_kwargs)
  File "/opt/airflow/dags/dag.py", line 41, in process_table
    tabletype = get_data_from_conf_table(table,stage)['tabletype'].values[0]
  File "/opt/airflow/dags/dag.py", line 34, in get_data_from_conf_table
    df.columns = [desc[0] for desc in cur.description]
  File "/home/airflow/.local/lib/python3.8/site-packages/pandas/core/generic.py", line 6002, in __setattr__
    return object.__setattr__(self, name, value)
  File "pandas/_libs/properties.pyx", line 69, in pandas._libs.properties.AxisProperty.__set__
  File "/home/airflow/.local/lib/python3.8/site-packages/pandas/core/generic.py", line 730, in _set_axis
    self._mgr.set_axis(axis, labels)
  File "/home/airflow/.local/lib/python3.8/site-packages/pandas/core/internals/managers.py", line 225, in set_axis
    self._validate_set_axis(axis, new_labels)
  File "/home/airflow/.local/lib/python3.8/site-packages/pandas/core/internals/base.py", line 70, in _validate_set_axis
    raise ValueError(
ValueError: Length mismatch: Expected axis has 0 elements, new values have 15 elements
[2024-07-10T19:24:53.785+0000] {taskinstance.py:1149} INFO - Marking task as FAILED. dag_id=SqlToStaging, task_id=film, execution_date=20240709T000000, start_date=20240710T192452, end_date=20240710T192453
[2024-07-10T19:24:53.811+0000] {standard_task_runner.py:107} ERROR - Failed to execute job 8 for task film (Length mismatch: Expected axis has 0 elements, new values have 15 elements; 90)
[2024-07-10T19:24:53.854+0000] {local_task_job_runner.py:234} INFO - Task exited with return code 1
[2024-07-10T19:24:53.913+0000] {taskinstance.py:3312} INFO - 0 downstream tasks scheduled from follow-on schedule check
[2024-07-10T19:33:52.779+0000] {taskinstance.py:1979} INFO - Dependencies all met for dep_context=non-requeueable deps ti=<TaskInstance: SqlToStaging.film scheduled__2024-07-09T00:00:00+00:00 [queued]>
[2024-07-10T19:33:52.789+0000] {taskinstance.py:1979} INFO - Dependencies all met for dep_context=requeueable deps ti=<TaskInstance: SqlToStaging.film scheduled__2024-07-09T00:00:00+00:00 [queued]>
[2024-07-10T19:33:52.789+0000] {taskinstance.py:2193} INFO - Starting attempt 1 of 1
[2024-07-10T19:33:52.802+0000] {taskinstance.py:2217} INFO - Executing <Task(PythonOperator): film> on 2024-07-09 00:00:00+00:00
[2024-07-10T19:33:52.828+0000] {standard_task_runner.py:60} INFO - Started process 99 to run task
[2024-07-10T19:33:52.850+0000] {standard_task_runner.py:87} INFO - Running: ['***', 'tasks', 'run', 'SqlToStaging', 'film', 'scheduled__2024-07-09T00:00:00+00:00', '--job-id', '16', '--raw', '--subdir', 'DAGS_FOLDER/dag.py', '--cfg-path', '/tmp/tmpgc9qube1']
[2024-07-10T19:33:52.860+0000] {standard_task_runner.py:88} INFO - Job 16: Subtask film
[2024-07-10T19:33:53.013+0000] {task_command.py:423} INFO - Running <TaskInstance: SqlToStaging.film scheduled__2024-07-09T00:00:00+00:00 [running]> on host a0982d156a38
[2024-07-10T19:33:54.245+0000] {taskinstance.py:2513} INFO - Exporting env vars: AIRFLOW_CTX_DAG_OWNER='***' AIRFLOW_CTX_DAG_ID='SqlToStaging' AIRFLOW_CTX_TASK_ID='film' AIRFLOW_CTX_EXECUTION_DATE='2024-07-09T00:00:00+00:00' AIRFLOW_CTX_TRY_NUMBER='1' AIRFLOW_CTX_DAG_RUN_ID='scheduled__2024-07-09T00:00:00+00:00'
[2024-07-10T19:33:54.250+0000] {logging_mixin.py:188} INFO - select *  from etlconf.Etl_Process_Mapping where SourceTableName = 'film' and Stage = 'SqlToStaging'
[2024-07-10T19:33:54.299+0000] {taskinstance.py:2731} ERROR - Task failed with exception
Traceback (most recent call last):
  File "/home/airflow/.local/lib/python3.8/site-packages/airflow/models/taskinstance.py", line 444, in _execute_task
    result = _execute_callable(context=context, **execute_callable_kwargs)
  File "/home/airflow/.local/lib/python3.8/site-packages/airflow/models/taskinstance.py", line 414, in _execute_callable
    return execute_callable(context=context, **execute_callable_kwargs)
  File "/home/airflow/.local/lib/python3.8/site-packages/airflow/operators/python.py", line 200, in execute
    return_value = self.execute_callable()
  File "/home/airflow/.local/lib/python3.8/site-packages/airflow/operators/python.py", line 217, in execute_callable
    return self.python_callable(*self.op_args, **self.op_kwargs)
  File "/opt/airflow/dags/dag.py", line 41, in process_table
    tabletype = get_data_from_conf_table(table,stage)
  File "/opt/airflow/dags/dag.py", line 34, in get_data_from_conf_table
    df.columns = [desc[0] for desc in cur.description]
  File "/home/airflow/.local/lib/python3.8/site-packages/pandas/core/generic.py", line 6002, in __setattr__
    return object.__setattr__(self, name, value)
  File "pandas/_libs/properties.pyx", line 69, in pandas._libs.properties.AxisProperty.__set__
  File "/home/airflow/.local/lib/python3.8/site-packages/pandas/core/generic.py", line 730, in _set_axis
    self._mgr.set_axis(axis, labels)
  File "/home/airflow/.local/lib/python3.8/site-packages/pandas/core/internals/managers.py", line 225, in set_axis
    self._validate_set_axis(axis, new_labels)
  File "/home/airflow/.local/lib/python3.8/site-packages/pandas/core/internals/base.py", line 70, in _validate_set_axis
    raise ValueError(
ValueError: Length mismatch: Expected axis has 0 elements, new values have 15 elements
[2024-07-10T19:33:54.317+0000] {taskinstance.py:1149} INFO - Marking task as FAILED. dag_id=SqlToStaging, task_id=film, execution_date=20240709T000000, start_date=20240710T193352, end_date=20240710T193354
[2024-07-10T19:33:54.345+0000] {standard_task_runner.py:107} ERROR - Failed to execute job 16 for task film (Length mismatch: Expected axis has 0 elements, new values have 15 elements; 99)
[2024-07-10T19:33:54.429+0000] {local_task_job_runner.py:234} INFO - Task exited with return code 1
[2024-07-10T19:33:54.484+0000] {taskinstance.py:3312} INFO - 0 downstream tasks scheduled from follow-on schedule check
[2024-07-10T19:37:47.885+0000] {taskinstance.py:1979} INFO - Dependencies all met for dep_context=non-requeueable deps ti=<TaskInstance: sqltostaging.film scheduled__2024-07-09T00:00:00+00:00 [queued]>
[2024-07-10T19:37:47.938+0000] {taskinstance.py:1979} INFO - Dependencies all met for dep_context=requeueable deps ti=<TaskInstance: sqltostaging.film scheduled__2024-07-09T00:00:00+00:00 [queued]>
[2024-07-10T19:37:47.947+0000] {taskinstance.py:2193} INFO - Starting attempt 1 of 1
[2024-07-10T19:37:47.998+0000] {taskinstance.py:2217} INFO - Executing <Task(PythonOperator): film> on 2024-07-09 00:00:00+00:00
[2024-07-10T19:37:48.009+0000] {standard_task_runner.py:60} INFO - Started process 235 to run task
[2024-07-10T19:37:48.017+0000] {standard_task_runner.py:87} INFO - Running: ['***', 'tasks', 'run', 'sqltostaging', 'film', 'scheduled__2024-07-09T00:00:00+00:00', '--job-id', '33', '--raw', '--subdir', 'DAGS_FOLDER/dag.py', '--cfg-path', '/tmp/tmpw58u9bue']
[2024-07-10T19:37:48.030+0000] {standard_task_runner.py:88} INFO - Job 33: Subtask film
[2024-07-10T19:37:48.157+0000] {task_command.py:423} INFO - Running <TaskInstance: sqltostaging.film scheduled__2024-07-09T00:00:00+00:00 [running]> on host a0982d156a38
[2024-07-10T19:37:48.328+0000] {taskinstance.py:2513} INFO - Exporting env vars: AIRFLOW_CTX_DAG_OWNER='***' AIRFLOW_CTX_DAG_ID='sqltostaging' AIRFLOW_CTX_TASK_ID='film' AIRFLOW_CTX_EXECUTION_DATE='2024-07-09T00:00:00+00:00' AIRFLOW_CTX_TRY_NUMBER='1' AIRFLOW_CTX_DAG_RUN_ID='scheduled__2024-07-09T00:00:00+00:00'
[2024-07-10T19:37:48.336+0000] {logging_mixin.py:188} INFO - select *  from etlconf.Etl_Process_Mapping where SourceTableName = 'film' and Stage = 'sqltostaging'
[2024-07-10T19:37:49.356+0000] {logging_mixin.py:188} INFO -    0     1          2       3     4   ...    10    11    12            13    14
0   7  film  dvdrental  public  full  ...  None  None  None  sqltostaging  None

[1 rows x 15 columns]
[2024-07-10T19:37:49.397+0000] {logging_mixin.py:188} INFO -    id sourcetablename sourcedbname  ...  code         stage last_run_date
0   7            film    dvdrental  ...  None  sqltostaging          None

[1 rows x 15 columns]
[2024-07-10T19:37:49.401+0000] {logging_mixin.py:188} INFO - dvtobv :dag_id
[2024-07-10T19:37:49.404+0000] {logging_mixin.py:188} INFO - table: film
[2024-07-10T19:37:49.405+0000] {logging_mixin.py:188} INFO - 
 stage: sqltostaging 
 table:film
[2024-07-10T19:37:49.406+0000] {python.py:202} INFO - Done. Returned value was: None
[2024-07-10T19:37:49.439+0000] {taskinstance.py:1149} INFO - Marking task as SUCCESS. dag_id=sqltostaging, task_id=film, execution_date=20240709T000000, start_date=20240710T193747, end_date=20240710T193749
[2024-07-10T19:37:49.550+0000] {local_task_job_runner.py:234} INFO - Task exited with return code 0
[2024-07-10T19:37:49.604+0000] {taskinstance.py:3312} INFO - 0 downstream tasks scheduled from follow-on schedule check
[2024-07-10T19:39:58.139+0000] {taskinstance.py:1979} INFO - Dependencies all met for dep_context=non-requeueable deps ti=<TaskInstance: sqltostaging.film scheduled__2024-07-09T00:00:00+00:00 [queued]>
[2024-07-10T19:39:58.163+0000] {taskinstance.py:1979} INFO - Dependencies all met for dep_context=requeueable deps ti=<TaskInstance: sqltostaging.film scheduled__2024-07-09T00:00:00+00:00 [queued]>
[2024-07-10T19:39:58.168+0000] {taskinstance.py:2193} INFO - Starting attempt 1 of 1
[2024-07-10T19:39:58.195+0000] {taskinstance.py:2217} INFO - Executing <Task(PythonOperator): film> on 2024-07-09 00:00:00+00:00
[2024-07-10T19:39:58.202+0000] {standard_task_runner.py:60} INFO - Started process 88 to run task
[2024-07-10T19:39:58.220+0000] {standard_task_runner.py:87} INFO - Running: ['***', 'tasks', 'run', 'sqltostaging', 'film', 'scheduled__2024-07-09T00:00:00+00:00', '--job-id', '3', '--raw', '--subdir', 'DAGS_FOLDER/dag.py', '--cfg-path', '/tmp/tmpxmw8rl7s']
[2024-07-10T19:39:58.240+0000] {standard_task_runner.py:88} INFO - Job 3: Subtask film
[2024-07-10T19:39:58.351+0000] {task_command.py:423} INFO - Running <TaskInstance: sqltostaging.film scheduled__2024-07-09T00:00:00+00:00 [running]> on host 4118dead3d7f
[2024-07-10T19:39:59.706+0000] {taskinstance.py:2513} INFO - Exporting env vars: AIRFLOW_CTX_DAG_OWNER='***' AIRFLOW_CTX_DAG_ID='sqltostaging' AIRFLOW_CTX_TASK_ID='film' AIRFLOW_CTX_EXECUTION_DATE='2024-07-09T00:00:00+00:00' AIRFLOW_CTX_TRY_NUMBER='1' AIRFLOW_CTX_DAG_RUN_ID='scheduled__2024-07-09T00:00:00+00:00'
[2024-07-10T19:39:59.715+0000] {logging_mixin.py:188} INFO - select *  from etlconf.Etl_Process_Mapping where SourceTableName = 'film' and Stage = 'sqltostaging'
[2024-07-10T19:39:59.827+0000] {logging_mixin.py:188} INFO -    0     1          2       3     4   ...    10    11    12            13    14
0   7  film  dvdrental  public  full  ...  None  None  None  sqltostaging  None

[1 rows x 15 columns]
[2024-07-10T19:39:59.852+0000] {logging_mixin.py:188} INFO - full
[2024-07-10T19:39:59.855+0000] {logging_mixin.py:188} INFO - dvtobv :dag_id
[2024-07-10T19:39:59.857+0000] {logging_mixin.py:188} INFO - table: film
[2024-07-10T19:39:59.857+0000] {logging_mixin.py:188} INFO - 
 stage: sqltostaging 
 table:film
[2024-07-10T19:39:59.857+0000] {python.py:202} INFO - Done. Returned value was: None
[2024-07-10T19:39:59.869+0000] {taskinstance.py:1149} INFO - Marking task as SUCCESS. dag_id=sqltostaging, task_id=film, execution_date=20240709T000000, start_date=20240710T193958, end_date=20240710T193959
[2024-07-10T19:39:59.937+0000] {local_task_job_runner.py:234} INFO - Task exited with return code 0
[2024-07-10T19:39:59.991+0000] {taskinstance.py:3312} INFO - 0 downstream tasks scheduled from follow-on schedule check
[2024-07-10T19:44:03.192+0000] {taskinstance.py:1979} INFO - Dependencies all met for dep_context=non-requeueable deps ti=<TaskInstance: sqltostaging.film scheduled__2024-07-09T00:00:00+00:00 [queued]>
[2024-07-10T19:44:03.271+0000] {taskinstance.py:1979} INFO - Dependencies all met for dep_context=requeueable deps ti=<TaskInstance: sqltostaging.film scheduled__2024-07-09T00:00:00+00:00 [queued]>
[2024-07-10T19:44:03.279+0000] {taskinstance.py:2193} INFO - Starting attempt 1 of 1
[2024-07-10T19:44:03.365+0000] {taskinstance.py:2217} INFO - Executing <Task(PythonOperator): film> on 2024-07-09 00:00:00+00:00
[2024-07-10T19:44:03.393+0000] {standard_task_runner.py:60} INFO - Started process 99 to run task
[2024-07-10T19:44:03.405+0000] {standard_task_runner.py:87} INFO - Running: ['***', 'tasks', 'run', 'sqltostaging', 'film', 'scheduled__2024-07-09T00:00:00+00:00', '--job-id', '14', '--raw', '--subdir', 'DAGS_FOLDER/dag.py', '--cfg-path', '/tmp/tmpkkbjst50']
[2024-07-10T19:44:03.424+0000] {standard_task_runner.py:88} INFO - Job 14: Subtask film
[2024-07-10T19:44:03.675+0000] {task_command.py:423} INFO - Running <TaskInstance: sqltostaging.film scheduled__2024-07-09T00:00:00+00:00 [running]> on host a383c1e8c871
[2024-07-10T19:44:04.942+0000] {taskinstance.py:2513} INFO - Exporting env vars: AIRFLOW_CTX_DAG_OWNER='***' AIRFLOW_CTX_DAG_ID='sqltostaging' AIRFLOW_CTX_TASK_ID='film' AIRFLOW_CTX_EXECUTION_DATE='2024-07-09T00:00:00+00:00' AIRFLOW_CTX_TRY_NUMBER='1' AIRFLOW_CTX_DAG_RUN_ID='scheduled__2024-07-09T00:00:00+00:00'
[2024-07-10T19:44:04.943+0000] {logging_mixin.py:188} INFO - select *  from etlconf.Etl_Process_Mapping where SourceTableName = 'film' and Stage = 'sqltostaging'
[2024-07-10T19:44:05.018+0000] {logging_mixin.py:188} INFO -    0     1          2       3     4   ...    10    11    12            13    14
0   7  film  dvdrental  public  full  ...  None  None  None  sqltostaging  None

[1 rows x 15 columns]
[2024-07-10T19:44:05.024+0000] {logging_mixin.py:188} INFO - full
[2024-07-10T19:44:05.028+0000] {logging_mixin.py:188} INFO - dvtobv :dag_id
[2024-07-10T19:44:05.030+0000] {logging_mixin.py:188} INFO - table: film
[2024-07-10T19:44:05.033+0000] {logging_mixin.py:188} INFO - 
 stage: sqltostaging 
 table:film
[2024-07-10T19:44:05.040+0000] {python.py:202} INFO - Done. Returned value was: None
[2024-07-10T19:44:05.059+0000] {taskinstance.py:1149} INFO - Marking task as SUCCESS. dag_id=sqltostaging, task_id=film, execution_date=20240709T000000, start_date=20240710T194403, end_date=20240710T194405
[2024-07-10T19:44:05.097+0000] {local_task_job_runner.py:234} INFO - Task exited with return code 0
[2024-07-10T19:44:05.120+0000] {taskinstance.py:3312} INFO - 0 downstream tasks scheduled from follow-on schedule check
[2024-07-10T19:53:56.907+0000] {taskinstance.py:1979} INFO - Dependencies all met for dep_context=non-requeueable deps ti=<TaskInstance: sqltostaging.film scheduled__2024-07-09T00:00:00+00:00 [queued]>
[2024-07-10T19:53:56.942+0000] {taskinstance.py:1979} INFO - Dependencies all met for dep_context=requeueable deps ti=<TaskInstance: sqltostaging.film scheduled__2024-07-09T00:00:00+00:00 [queued]>
[2024-07-10T19:53:56.945+0000] {taskinstance.py:2193} INFO - Starting attempt 1 of 1
[2024-07-10T19:53:56.967+0000] {taskinstance.py:2217} INFO - Executing <Task(PythonOperator): film> on 2024-07-09 00:00:00+00:00
[2024-07-10T19:53:56.976+0000] {standard_task_runner.py:60} INFO - Started process 92 to run task
[2024-07-10T19:53:56.989+0000] {standard_task_runner.py:87} INFO - Running: ['***', 'tasks', 'run', 'sqltostaging', 'film', 'scheduled__2024-07-09T00:00:00+00:00', '--job-id', '6', '--raw', '--subdir', 'DAGS_FOLDER/dag.py', '--cfg-path', '/tmp/tmpdqippzv_']
[2024-07-10T19:53:56.997+0000] {standard_task_runner.py:88} INFO - Job 6: Subtask film
[2024-07-10T19:53:57.156+0000] {task_command.py:423} INFO - Running <TaskInstance: sqltostaging.film scheduled__2024-07-09T00:00:00+00:00 [running]> on host c340805483c7
[2024-07-10T19:53:58.150+0000] {taskinstance.py:2513} INFO - Exporting env vars: AIRFLOW_CTX_DAG_OWNER='***' AIRFLOW_CTX_DAG_ID='sqltostaging' AIRFLOW_CTX_TASK_ID='film' AIRFLOW_CTX_EXECUTION_DATE='2024-07-09T00:00:00+00:00' AIRFLOW_CTX_TRY_NUMBER='1' AIRFLOW_CTX_DAG_RUN_ID='scheduled__2024-07-09T00:00:00+00:00'
[2024-07-10T19:53:58.205+0000] {python.py:202} INFO - Done. Returned value was: None
[2024-07-10T19:53:58.216+0000] {taskinstance.py:1149} INFO - Marking task as SUCCESS. dag_id=sqltostaging, task_id=film, execution_date=20240709T000000, start_date=20240710T195356, end_date=20240710T195358
[2024-07-10T19:53:58.273+0000] {local_task_job_runner.py:234} INFO - Task exited with return code 0
[2024-07-10T19:53:58.334+0000] {taskinstance.py:3312} INFO - 0 downstream tasks scheduled from follow-on schedule check
[2024-07-10T19:56:46.623+0000] {taskinstance.py:1979} INFO - Dependencies all met for dep_context=non-requeueable deps ti=<TaskInstance: sqltostaging.film scheduled__2024-07-09T00:00:00+00:00 [queued]>
[2024-07-10T19:56:46.631+0000] {taskinstance.py:1979} INFO - Dependencies all met for dep_context=requeueable deps ti=<TaskInstance: sqltostaging.film scheduled__2024-07-09T00:00:00+00:00 [queued]>
[2024-07-10T19:56:46.636+0000] {taskinstance.py:2193} INFO - Starting attempt 1 of 1
[2024-07-10T19:56:46.694+0000] {taskinstance.py:2217} INFO - Executing <Task(PythonOperator): film> on 2024-07-09 00:00:00+00:00
[2024-07-10T19:56:46.713+0000] {standard_task_runner.py:60} INFO - Started process 93 to run task
[2024-07-10T19:56:46.725+0000] {standard_task_runner.py:87} INFO - Running: ['***', 'tasks', 'run', 'sqltostaging', 'film', 'scheduled__2024-07-09T00:00:00+00:00', '--job-id', '5', '--raw', '--subdir', 'DAGS_FOLDER/dag.py', '--cfg-path', '/tmp/tmpc_koe32x']
[2024-07-10T19:56:46.748+0000] {standard_task_runner.py:88} INFO - Job 5: Subtask film
[2024-07-10T19:56:46.978+0000] {task_command.py:423} INFO - Running <TaskInstance: sqltostaging.film scheduled__2024-07-09T00:00:00+00:00 [running]> on host eb5f087f7265
[2024-07-10T19:56:48.031+0000] {taskinstance.py:2513} INFO - Exporting env vars: AIRFLOW_CTX_DAG_OWNER='***' AIRFLOW_CTX_DAG_ID='sqltostaging' AIRFLOW_CTX_TASK_ID='film' AIRFLOW_CTX_EXECUTION_DATE='2024-07-09T00:00:00+00:00' AIRFLOW_CTX_TRY_NUMBER='1' AIRFLOW_CTX_DAG_RUN_ID='scheduled__2024-07-09T00:00:00+00:00'
[2024-07-10T19:56:48.112+0000] {python.py:202} INFO - Done. Returned value was: None
[2024-07-10T19:56:48.139+0000] {taskinstance.py:1149} INFO - Marking task as SUCCESS. dag_id=sqltostaging, task_id=film, execution_date=20240709T000000, start_date=20240710T195646, end_date=20240710T195648
[2024-07-10T19:56:48.210+0000] {local_task_job_runner.py:234} INFO - Task exited with return code 0
[2024-07-10T19:56:48.236+0000] {taskinstance.py:3312} INFO - 0 downstream tasks scheduled from follow-on schedule check
[2024-07-10T20:00:57.052+0000] {taskinstance.py:1979} INFO - Dependencies all met for dep_context=non-requeueable deps ti=<TaskInstance: sqltostaging.film scheduled__2024-07-09T00:00:00+00:00 [queued]>
[2024-07-10T20:00:57.101+0000] {taskinstance.py:1979} INFO - Dependencies all met for dep_context=requeueable deps ti=<TaskInstance: sqltostaging.film scheduled__2024-07-09T00:00:00+00:00 [queued]>
[2024-07-10T20:00:57.104+0000] {taskinstance.py:2193} INFO - Starting attempt 1 of 1
[2024-07-10T20:00:57.165+0000] {taskinstance.py:2217} INFO - Executing <Task(PythonOperator): film> on 2024-07-09 00:00:00+00:00
[2024-07-10T20:00:57.183+0000] {standard_task_runner.py:60} INFO - Started process 101 to run task
[2024-07-10T20:00:57.193+0000] {standard_task_runner.py:87} INFO - Running: ['***', 'tasks', 'run', 'sqltostaging', 'film', 'scheduled__2024-07-09T00:00:00+00:00', '--job-id', '16', '--raw', '--subdir', 'DAGS_FOLDER/dag.py', '--cfg-path', '/tmp/tmpg0d4bf5s']
[2024-07-10T20:00:57.204+0000] {standard_task_runner.py:88} INFO - Job 16: Subtask film
[2024-07-10T20:00:57.450+0000] {task_command.py:423} INFO - Running <TaskInstance: sqltostaging.film scheduled__2024-07-09T00:00:00+00:00 [running]> on host c8649e4aae44
[2024-07-10T20:01:01.628+0000] {taskinstance.py:2513} INFO - Exporting env vars: AIRFLOW_CTX_DAG_OWNER='***' AIRFLOW_CTX_DAG_ID='sqltostaging' AIRFLOW_CTX_TASK_ID='film' AIRFLOW_CTX_EXECUTION_DATE='2024-07-09T00:00:00+00:00' AIRFLOW_CTX_TRY_NUMBER='1' AIRFLOW_CTX_DAG_RUN_ID='scheduled__2024-07-09T00:00:00+00:00'
[2024-07-10T20:01:01.826+0000] {logging_mixin.py:188} INFO - select *  from etlconf.Etl_Process_Mapping where SourceTableName = 'film' and Stage = 'sqltostaging'
[2024-07-10T20:01:02.011+0000] {logging_mixin.py:188} INFO -    id sourcetablename sourcedbname  ...  code         stage last_run_date
0   7            film    dvdrental  ...  None  sqltostaging          None

[1 rows x 15 columns]
[2024-07-10T20:01:02.019+0000] {taskinstance.py:2731} ERROR - Task failed with exception
Traceback (most recent call last):
  File "/home/airflow/.local/lib/python3.8/site-packages/airflow/models/taskinstance.py", line 444, in _execute_task
    result = _execute_callable(context=context, **execute_callable_kwargs)
  File "/home/airflow/.local/lib/python3.8/site-packages/airflow/models/taskinstance.py", line 414, in _execute_callable
    return execute_callable(context=context, **execute_callable_kwargs)
  File "/home/airflow/.local/lib/python3.8/site-packages/airflow/operators/python.py", line 200, in execute
    return_value = self.execute_callable()
  File "/home/airflow/.local/lib/python3.8/site-packages/airflow/operators/python.py", line 217, in execute_callable
    return self.python_callable(*self.op_args, **self.op_kwargs)
  File "/opt/airflow/dags/dag.py", line 44, in process_table
    return  execute(table, stage, tabletype)
  File "/app/main.py", line 26, in execute
    SqlToStaging().create_full().some_function(table, stage)
  File "/app/concretestage/SQLToStaging.py", line 38, in some_function
    sourceDF = getDF(sourcedbname,sourcetablename , sourceschema)
TypeError: getDF() missing 3 required positional arguments: 'filterColumn', 'dateFrom', and 'dateTo'
[2024-07-10T20:01:02.082+0000] {taskinstance.py:1149} INFO - Marking task as FAILED. dag_id=sqltostaging, task_id=film, execution_date=20240709T000000, start_date=20240710T200057, end_date=20240710T200102
[2024-07-10T20:01:02.541+0000] {standard_task_runner.py:107} ERROR - Failed to execute job 16 for task film (getDF() missing 3 required positional arguments: 'filterColumn', 'dateFrom', and 'dateTo'; 101)
[2024-07-10T20:01:02.617+0000] {local_task_job_runner.py:234} INFO - Task exited with return code 1
[2024-07-10T20:01:02.654+0000] {taskinstance.py:3312} INFO - 0 downstream tasks scheduled from follow-on schedule check
[2024-07-10T20:05:21.182+0000] {taskinstance.py:1979} INFO - Dependencies all met for dep_context=non-requeueable deps ti=<TaskInstance: sqltostaging.film scheduled__2024-07-09T00:00:00+00:00 [queued]>
[2024-07-10T20:05:21.193+0000] {taskinstance.py:1979} INFO - Dependencies all met for dep_context=requeueable deps ti=<TaskInstance: sqltostaging.film scheduled__2024-07-09T00:00:00+00:00 [queued]>
[2024-07-10T20:05:21.198+0000] {taskinstance.py:2193} INFO - Starting attempt 1 of 1
[2024-07-10T20:05:21.229+0000] {taskinstance.py:2217} INFO - Executing <Task(PythonOperator): film> on 2024-07-09 00:00:00+00:00
[2024-07-10T20:05:21.254+0000] {standard_task_runner.py:60} INFO - Started process 94 to run task
[2024-07-10T20:05:21.270+0000] {standard_task_runner.py:87} INFO - Running: ['***', 'tasks', 'run', 'sqltostaging', 'film', 'scheduled__2024-07-09T00:00:00+00:00', '--job-id', '6', '--raw', '--subdir', 'DAGS_FOLDER/dag.py', '--cfg-path', '/tmp/tmpuiopk2uy']
[2024-07-10T20:05:21.280+0000] {standard_task_runner.py:88} INFO - Job 6: Subtask film
[2024-07-10T20:05:21.414+0000] {task_command.py:423} INFO - Running <TaskInstance: sqltostaging.film scheduled__2024-07-09T00:00:00+00:00 [running]> on host 3f026d601c5c
[2024-07-10T20:05:22.134+0000] {taskinstance.py:2513} INFO - Exporting env vars: AIRFLOW_CTX_DAG_OWNER='***' AIRFLOW_CTX_DAG_ID='sqltostaging' AIRFLOW_CTX_TASK_ID='film' AIRFLOW_CTX_EXECUTION_DATE='2024-07-09T00:00:00+00:00' AIRFLOW_CTX_TRY_NUMBER='1' AIRFLOW_CTX_DAG_RUN_ID='scheduled__2024-07-09T00:00:00+00:00'
[2024-07-10T20:05:22.361+0000] {logging_mixin.py:188} INFO - select *  from etlconf.Etl_Process_Mapping where SourceTableName = 'film' and Stage = 'sqltostaging'
[2024-07-10T20:05:22.505+0000] {logging_mixin.py:188} INFO -    id sourcetablename sourcedbname  ...  code         stage last_run_date
0   7            film    dvdrental  ...  None  sqltostaging          None

[1 rows x 15 columns]
[2024-07-10T20:05:22.509+0000] {taskinstance.py:2731} ERROR - Task failed with exception
Traceback (most recent call last):
  File "/home/airflow/.local/lib/python3.8/site-packages/airflow/models/taskinstance.py", line 444, in _execute_task
    result = _execute_callable(context=context, **execute_callable_kwargs)
  File "/home/airflow/.local/lib/python3.8/site-packages/airflow/models/taskinstance.py", line 414, in _execute_callable
    return execute_callable(context=context, **execute_callable_kwargs)
  File "/home/airflow/.local/lib/python3.8/site-packages/airflow/operators/python.py", line 200, in execute
    return_value = self.execute_callable()
  File "/home/airflow/.local/lib/python3.8/site-packages/airflow/operators/python.py", line 217, in execute_callable
    return self.python_callable(*self.op_args, **self.op_kwargs)
  File "/opt/airflow/dags/dag.py", line 44, in process_table
    return  execute(table, stage, tabletype)
  File "/app/main.py", line 26, in execute
    SqlToStaging().create_full().some_function(table, stage)
  File "/app/concretestage/SQLToStaging.py", line 38, in some_function
    sourceDF = getDF(sourcedbname,sourcetablename , sourceschema)
TypeError: getDF() missing 3 required positional arguments: 'filterColumn', 'dateFrom', and 'dateTo'
[2024-07-10T20:05:22.551+0000] {taskinstance.py:1149} INFO - Marking task as FAILED. dag_id=sqltostaging, task_id=film, execution_date=20240709T000000, start_date=20240710T200521, end_date=20240710T200522
[2024-07-10T20:05:22.585+0000] {standard_task_runner.py:107} ERROR - Failed to execute job 6 for task film (getDF() missing 3 required positional arguments: 'filterColumn', 'dateFrom', and 'dateTo'; 94)
[2024-07-10T20:05:22.634+0000] {local_task_job_runner.py:234} INFO - Task exited with return code 1
[2024-07-10T20:05:22.707+0000] {taskinstance.py:3312} INFO - 0 downstream tasks scheduled from follow-on schedule check
[2024-07-10T20:09:18.446+0000] {taskinstance.py:1979} INFO - Dependencies all met for dep_context=non-requeueable deps ti=<TaskInstance: sqltostaging.film scheduled__2024-07-09T00:00:00+00:00 [queued]>
[2024-07-10T20:09:18.471+0000] {taskinstance.py:1979} INFO - Dependencies all met for dep_context=requeueable deps ti=<TaskInstance: sqltostaging.film scheduled__2024-07-09T00:00:00+00:00 [queued]>
[2024-07-10T20:09:18.476+0000] {taskinstance.py:2193} INFO - Starting attempt 1 of 1
[2024-07-10T20:09:18.496+0000] {taskinstance.py:2217} INFO - Executing <Task(PythonOperator): film> on 2024-07-09 00:00:00+00:00
[2024-07-10T20:09:18.519+0000] {standard_task_runner.py:60} INFO - Started process 98 to run task
[2024-07-10T20:09:18.546+0000] {standard_task_runner.py:87} INFO - Running: ['***', 'tasks', 'run', 'sqltostaging', 'film', 'scheduled__2024-07-09T00:00:00+00:00', '--job-id', '15', '--raw', '--subdir', 'DAGS_FOLDER/dag.py', '--cfg-path', '/tmp/tmpkfzub1ug']
[2024-07-10T20:09:18.566+0000] {standard_task_runner.py:88} INFO - Job 15: Subtask film
[2024-07-10T20:09:18.791+0000] {task_command.py:423} INFO - Running <TaskInstance: sqltostaging.film scheduled__2024-07-09T00:00:00+00:00 [running]> on host 61a58fe9b448
[2024-07-10T20:09:20.063+0000] {taskinstance.py:2513} INFO - Exporting env vars: AIRFLOW_CTX_DAG_OWNER='***' AIRFLOW_CTX_DAG_ID='sqltostaging' AIRFLOW_CTX_TASK_ID='film' AIRFLOW_CTX_EXECUTION_DATE='2024-07-09T00:00:00+00:00' AIRFLOW_CTX_TRY_NUMBER='1' AIRFLOW_CTX_DAG_RUN_ID='scheduled__2024-07-09T00:00:00+00:00'
[2024-07-10T20:09:20.110+0000] {logging_mixin.py:188} INFO - select *  from etlconf.Etl_Process_Mapping where SourceTableName = 'film' and Stage = 'sqltostaging'
[2024-07-10T20:09:20.189+0000] {logging_mixin.py:188} INFO -    id sourcetablename sourcedbname  ...  code         stage last_run_date
0   7            film    dvdrental  ...  None  sqltostaging          None

[1 rows x 15 columns]
[2024-07-10T20:09:20.203+0000] {taskinstance.py:2731} ERROR - Task failed with exception
Traceback (most recent call last):
  File "/home/airflow/.local/lib/python3.8/site-packages/airflow/models/taskinstance.py", line 444, in _execute_task
    result = _execute_callable(context=context, **execute_callable_kwargs)
  File "/home/airflow/.local/lib/python3.8/site-packages/airflow/models/taskinstance.py", line 414, in _execute_callable
    return execute_callable(context=context, **execute_callable_kwargs)
  File "/home/airflow/.local/lib/python3.8/site-packages/airflow/operators/python.py", line 200, in execute
    return_value = self.execute_callable()
  File "/home/airflow/.local/lib/python3.8/site-packages/airflow/operators/python.py", line 217, in execute_callable
    return self.python_callable(*self.op_args, **self.op_kwargs)
  File "/opt/airflow/dags/dag.py", line 44, in process_table
    return  execute(table, stage, tabletype)
  File "/app/main.py", line 26, in execute
    SqlToStaging().create_full().some_function(table, stage)
  File "/app/concretestage/SQLToStaging.py", line 38, in some_function
    sourceDF = getDF(sourcedbname,sourcetablename , sourceschema)
TypeError: getDF() missing 3 required positional arguments: 'filterColumn', 'dateFrom', and 'dateTo'
[2024-07-10T20:09:20.240+0000] {taskinstance.py:1149} INFO - Marking task as FAILED. dag_id=sqltostaging, task_id=film, execution_date=20240709T000000, start_date=20240710T200918, end_date=20240710T200920
[2024-07-10T20:09:20.270+0000] {standard_task_runner.py:107} ERROR - Failed to execute job 15 for task film (getDF() missing 3 required positional arguments: 'filterColumn', 'dateFrom', and 'dateTo'; 98)
[2024-07-10T20:09:20.295+0000] {local_task_job_runner.py:234} INFO - Task exited with return code 1
[2024-07-10T20:09:20.448+0000] {taskinstance.py:3312} INFO - 0 downstream tasks scheduled from follow-on schedule check
[2024-07-10T20:15:06.719+0000] {taskinstance.py:1979} INFO - Dependencies all met for dep_context=non-requeueable deps ti=<TaskInstance: sqltostaging.film scheduled__2024-07-09T00:00:00+00:00 [queued]>
[2024-07-10T20:15:06.737+0000] {taskinstance.py:1979} INFO - Dependencies all met for dep_context=requeueable deps ti=<TaskInstance: sqltostaging.film scheduled__2024-07-09T00:00:00+00:00 [queued]>
[2024-07-10T20:15:06.738+0000] {taskinstance.py:2193} INFO - Starting attempt 1 of 1
[2024-07-10T20:15:06.813+0000] {taskinstance.py:2217} INFO - Executing <Task(PythonOperator): film> on 2024-07-09 00:00:00+00:00
[2024-07-10T20:15:06.823+0000] {standard_task_runner.py:60} INFO - Started process 103 to run task
[2024-07-10T20:15:06.844+0000] {standard_task_runner.py:87} INFO - Running: ['***', 'tasks', 'run', 'sqltostaging', 'film', 'scheduled__2024-07-09T00:00:00+00:00', '--job-id', '17', '--raw', '--subdir', 'DAGS_FOLDER/dag.py', '--cfg-path', '/tmp/tmp_cnoom91']
[2024-07-10T20:15:06.849+0000] {standard_task_runner.py:88} INFO - Job 17: Subtask film
[2024-07-10T20:15:06.980+0000] {task_command.py:423} INFO - Running <TaskInstance: sqltostaging.film scheduled__2024-07-09T00:00:00+00:00 [running]> on host c782b552e7b5
[2024-07-10T20:15:08.337+0000] {taskinstance.py:2513} INFO - Exporting env vars: AIRFLOW_CTX_DAG_OWNER='***' AIRFLOW_CTX_DAG_ID='sqltostaging' AIRFLOW_CTX_TASK_ID='film' AIRFLOW_CTX_EXECUTION_DATE='2024-07-09T00:00:00+00:00' AIRFLOW_CTX_TRY_NUMBER='1' AIRFLOW_CTX_DAG_RUN_ID='scheduled__2024-07-09T00:00:00+00:00'
[2024-07-10T20:15:08.406+0000] {logging_mixin.py:188} INFO - select *  from etlconf.Etl_Process_Mapping where SourceTableName = 'film' and Stage = 'sqltostaging'
[2024-07-10T20:15:08.480+0000] {logging_mixin.py:188} INFO -    id sourcetablename sourcedbname  ...  code         stage last_run_date
0   7            film    dvdrental  ...  None  sqltostaging          None

[1 rows x 15 columns]
[2024-07-10T20:15:08.482+0000] {taskinstance.py:2731} ERROR - Task failed with exception
Traceback (most recent call last):
  File "/home/airflow/.local/lib/python3.8/site-packages/airflow/models/taskinstance.py", line 444, in _execute_task
    result = _execute_callable(context=context, **execute_callable_kwargs)
  File "/home/airflow/.local/lib/python3.8/site-packages/airflow/models/taskinstance.py", line 414, in _execute_callable
    return execute_callable(context=context, **execute_callable_kwargs)
  File "/home/airflow/.local/lib/python3.8/site-packages/airflow/operators/python.py", line 200, in execute
    return_value = self.execute_callable()
  File "/home/airflow/.local/lib/python3.8/site-packages/airflow/operators/python.py", line 217, in execute_callable
    return self.python_callable(*self.op_args, **self.op_kwargs)
  File "/opt/airflow/dags/dag.py", line 44, in process_table
    return  execute(table, stage, tabletype)
  File "/app/main.py", line 26, in execute
    SqlToStaging().create_full().some_function(table, stage)
  File "/app/concretestage/SQLToStaging.py", line 38, in some_function
    sourceDF = getDF(sourcedbname,sourcetablename , sourceschema)
TypeError: getDF() missing 3 required positional arguments: 'filterColumn', 'dateFrom', and 'dateTo'
[2024-07-10T20:15:08.501+0000] {taskinstance.py:1149} INFO - Marking task as FAILED. dag_id=sqltostaging, task_id=film, execution_date=20240709T000000, start_date=20240710T201506, end_date=20240710T201508
[2024-07-10T20:15:08.509+0000] {standard_task_runner.py:107} ERROR - Failed to execute job 17 for task film (getDF() missing 3 required positional arguments: 'filterColumn', 'dateFrom', and 'dateTo'; 103)
[2024-07-10T20:15:08.539+0000] {local_task_job_runner.py:234} INFO - Task exited with return code 1
[2024-07-10T20:15:08.596+0000] {taskinstance.py:3312} INFO - 0 downstream tasks scheduled from follow-on schedule check
[2024-07-10T20:19:53.567+0000] {taskinstance.py:1979} INFO - Dependencies all met for dep_context=non-requeueable deps ti=<TaskInstance: sqltostaging.film scheduled__2024-07-09T00:00:00+00:00 [queued]>
[2024-07-10T20:19:53.610+0000] {taskinstance.py:1979} INFO - Dependencies all met for dep_context=requeueable deps ti=<TaskInstance: sqltostaging.film scheduled__2024-07-09T00:00:00+00:00 [queued]>
[2024-07-10T20:19:53.619+0000] {taskinstance.py:2193} INFO - Starting attempt 1 of 1
[2024-07-10T20:19:53.666+0000] {taskinstance.py:2217} INFO - Executing <Task(PythonOperator): film> on 2024-07-09 00:00:00+00:00
[2024-07-10T20:19:53.682+0000] {standard_task_runner.py:60} INFO - Started process 99 to run task
[2024-07-10T20:19:53.692+0000] {standard_task_runner.py:87} INFO - Running: ['***', 'tasks', 'run', 'sqltostaging', 'film', 'scheduled__2024-07-09T00:00:00+00:00', '--job-id', '11', '--raw', '--subdir', 'DAGS_FOLDER/dag.py', '--cfg-path', '/tmp/tmpp758cc5c']
[2024-07-10T20:19:53.716+0000] {standard_task_runner.py:88} INFO - Job 11: Subtask film
[2024-07-10T20:19:53.902+0000] {task_command.py:423} INFO - Running <TaskInstance: sqltostaging.film scheduled__2024-07-09T00:00:00+00:00 [running]> on host dcd5a91c9a96
[2024-07-10T20:19:54.921+0000] {taskinstance.py:2513} INFO - Exporting env vars: AIRFLOW_CTX_DAG_OWNER='***' AIRFLOW_CTX_DAG_ID='sqltostaging' AIRFLOW_CTX_TASK_ID='film' AIRFLOW_CTX_EXECUTION_DATE='2024-07-09T00:00:00+00:00' AIRFLOW_CTX_TRY_NUMBER='1' AIRFLOW_CTX_DAG_RUN_ID='scheduled__2024-07-09T00:00:00+00:00'
[2024-07-10T20:19:54.983+0000] {logging_mixin.py:188} INFO - select *  from etlconf.Etl_Process_Mapping where SourceTableName = 'film' and Stage = 'sqltostaging'
[2024-07-10T20:19:55.030+0000] {logging_mixin.py:188} INFO -    id sourcetablename sourcedbname  ...  code         stage last_run_date
0   7            film    dvdrental  ...  None  sqltostaging          None

[1 rows x 15 columns]
[2024-07-10T20:19:55.035+0000] {taskinstance.py:2731} ERROR - Task failed with exception
Traceback (most recent call last):
  File "/home/airflow/.local/lib/python3.8/site-packages/airflow/models/taskinstance.py", line 444, in _execute_task
    result = _execute_callable(context=context, **execute_callable_kwargs)
  File "/home/airflow/.local/lib/python3.8/site-packages/airflow/models/taskinstance.py", line 414, in _execute_callable
    return execute_callable(context=context, **execute_callable_kwargs)
  File "/home/airflow/.local/lib/python3.8/site-packages/airflow/operators/python.py", line 200, in execute
    return_value = self.execute_callable()
  File "/home/airflow/.local/lib/python3.8/site-packages/airflow/operators/python.py", line 217, in execute_callable
    return self.python_callable(*self.op_args, **self.op_kwargs)
  File "/opt/airflow/dags/dag.py", line 44, in process_table
    return  execute(table, stage, tabletype)
  File "/app/main.py", line 26, in execute
    SqlToStaging().create_full().some_function(table, stage)
  File "/app/concretestage/SQLToStaging.py", line 38, in some_function
    sourceDF = getDF(sourcedbname,sourcetablename , sourceschema)
TypeError: getDF() missing 3 required positional arguments: 'filterColumn', 'dateFrom', and 'dateTo'
[2024-07-10T20:19:55.056+0000] {taskinstance.py:1149} INFO - Marking task as FAILED. dag_id=sqltostaging, task_id=film, execution_date=20240709T000000, start_date=20240710T201953, end_date=20240710T201955
[2024-07-10T20:19:55.067+0000] {standard_task_runner.py:107} ERROR - Failed to execute job 11 for task film (getDF() missing 3 required positional arguments: 'filterColumn', 'dateFrom', and 'dateTo'; 99)
[2024-07-10T20:19:55.117+0000] {local_task_job_runner.py:234} INFO - Task exited with return code 1
[2024-07-10T20:19:55.131+0000] {taskinstance.py:3312} INFO - 0 downstream tasks scheduled from follow-on schedule check
[2024-07-10T20:25:52.104+0000] {taskinstance.py:1979} INFO - Dependencies all met for dep_context=non-requeueable deps ti=<TaskInstance: sqltostaging.film scheduled__2024-07-09T00:00:00+00:00 [queued]>
[2024-07-10T20:25:52.112+0000] {taskinstance.py:1979} INFO - Dependencies all met for dep_context=requeueable deps ti=<TaskInstance: sqltostaging.film scheduled__2024-07-09T00:00:00+00:00 [queued]>
[2024-07-10T20:25:52.117+0000] {taskinstance.py:2193} INFO - Starting attempt 1 of 1
[2024-07-10T20:25:52.129+0000] {taskinstance.py:2217} INFO - Executing <Task(PythonOperator): film> on 2024-07-09 00:00:00+00:00
[2024-07-10T20:25:52.137+0000] {standard_task_runner.py:60} INFO - Started process 121 to run task
[2024-07-10T20:25:52.153+0000] {standard_task_runner.py:87} INFO - Running: ['***', 'tasks', 'run', 'sqltostaging', 'film', 'scheduled__2024-07-09T00:00:00+00:00', '--job-id', '9', '--raw', '--subdir', 'DAGS_FOLDER/dag.py', '--cfg-path', '/tmp/tmpwe3lhbol']
[2024-07-10T20:25:52.169+0000] {standard_task_runner.py:88} INFO - Job 9: Subtask film
[2024-07-10T20:25:52.414+0000] {task_command.py:423} INFO - Running <TaskInstance: sqltostaging.film scheduled__2024-07-09T00:00:00+00:00 [running]> on host d72f5bf26a9d
[2024-07-10T20:25:53.884+0000] {taskinstance.py:2513} INFO - Exporting env vars: AIRFLOW_CTX_DAG_OWNER='***' AIRFLOW_CTX_DAG_ID='sqltostaging' AIRFLOW_CTX_TASK_ID='film' AIRFLOW_CTX_EXECUTION_DATE='2024-07-09T00:00:00+00:00' AIRFLOW_CTX_TRY_NUMBER='1' AIRFLOW_CTX_DAG_RUN_ID='scheduled__2024-07-09T00:00:00+00:00'
[2024-07-10T20:25:53.956+0000] {logging_mixin.py:188} INFO - select *  from etlconf.Etl_Process_Mapping where SourceTableName = 'film' and Stage = 'sqltostaging'
[2024-07-10T20:25:54.007+0000] {logging_mixin.py:188} INFO -    id sourcetablename sourcedbname  ...  code         stage last_run_date
0   7            film    dvdrental  ...  None  sqltostaging          None

[1 rows x 15 columns]
[2024-07-10T20:25:54.015+0000] {taskinstance.py:2731} ERROR - Task failed with exception
Traceback (most recent call last):
  File "/home/airflow/.local/lib/python3.8/site-packages/airflow/models/taskinstance.py", line 444, in _execute_task
    result = _execute_callable(context=context, **execute_callable_kwargs)
  File "/home/airflow/.local/lib/python3.8/site-packages/airflow/models/taskinstance.py", line 414, in _execute_callable
    return execute_callable(context=context, **execute_callable_kwargs)
  File "/home/airflow/.local/lib/python3.8/site-packages/airflow/operators/python.py", line 200, in execute
    return_value = self.execute_callable()
  File "/home/airflow/.local/lib/python3.8/site-packages/airflow/operators/python.py", line 217, in execute_callable
    return self.python_callable(*self.op_args, **self.op_kwargs)
  File "/opt/airflow/dags/dag.py", line 44, in process_table
    return  execute(table, stage, tabletype)
  File "/app/main.py", line 26, in execute
    SqlToStaging().create_full().some_function(table, stage)
  File "/app/concretestage/SQLToStaging.py", line 38, in some_function
    sourceDF = getDF(sourcedbname,sourcetablename , sourceschema)
TypeError: getDF() missing 3 required positional arguments: 'filterColumn', 'dateFrom', and 'dateTo'
[2024-07-10T20:25:54.043+0000] {taskinstance.py:1149} INFO - Marking task as FAILED. dag_id=sqltostaging, task_id=film, execution_date=20240709T000000, start_date=20240710T202552, end_date=20240710T202554
[2024-07-10T20:25:54.057+0000] {standard_task_runner.py:107} ERROR - Failed to execute job 9 for task film (getDF() missing 3 required positional arguments: 'filterColumn', 'dateFrom', and 'dateTo'; 121)
[2024-07-10T20:25:54.111+0000] {local_task_job_runner.py:234} INFO - Task exited with return code 1
[2024-07-10T20:25:54.138+0000] {taskinstance.py:3312} INFO - 0 downstream tasks scheduled from follow-on schedule check
[2024-07-10T20:33:41.820+0000] {taskinstance.py:1979} INFO - Dependencies all met for dep_context=non-requeueable deps ti=<TaskInstance: sqltostaging.film scheduled__2024-07-09T00:00:00+00:00 [queued]>
[2024-07-10T20:33:41.836+0000] {taskinstance.py:1979} INFO - Dependencies all met for dep_context=requeueable deps ti=<TaskInstance: sqltostaging.film scheduled__2024-07-09T00:00:00+00:00 [queued]>
[2024-07-10T20:33:41.839+0000] {taskinstance.py:2193} INFO - Starting attempt 1 of 1
[2024-07-10T20:33:41.868+0000] {taskinstance.py:2217} INFO - Executing <Task(PythonOperator): film> on 2024-07-09 00:00:00+00:00
[2024-07-10T20:33:41.882+0000] {standard_task_runner.py:60} INFO - Started process 95 to run task
[2024-07-10T20:33:41.888+0000] {standard_task_runner.py:87} INFO - Running: ['***', 'tasks', 'run', 'sqltostaging', 'film', 'scheduled__2024-07-09T00:00:00+00:00', '--job-id', '9', '--raw', '--subdir', 'DAGS_FOLDER/dag.py', '--cfg-path', '/tmp/tmp1vm1fji5']
[2024-07-10T20:33:41.901+0000] {standard_task_runner.py:88} INFO - Job 9: Subtask film
[2024-07-10T20:33:42.045+0000] {task_command.py:423} INFO - Running <TaskInstance: sqltostaging.film scheduled__2024-07-09T00:00:00+00:00 [running]> on host d0a0151057b2
[2024-07-10T20:33:43.386+0000] {taskinstance.py:2513} INFO - Exporting env vars: AIRFLOW_CTX_DAG_OWNER='***' AIRFLOW_CTX_DAG_ID='sqltostaging' AIRFLOW_CTX_TASK_ID='film' AIRFLOW_CTX_EXECUTION_DATE='2024-07-09T00:00:00+00:00' AIRFLOW_CTX_TRY_NUMBER='1' AIRFLOW_CTX_DAG_RUN_ID='scheduled__2024-07-09T00:00:00+00:00'
[2024-07-10T20:33:43.422+0000] {logging_mixin.py:188} INFO - select *  from etlconf.Etl_Process_Mapping where SourceTableName = 'film' and Stage = 'sqltostaging'
[2024-07-10T20:33:43.516+0000] {logging_mixin.py:188} INFO -    id sourcetablename sourcedbname  ...  code         stage last_run_date
0   7            film    dvdrental  ...  None  sqltostaging          None

[1 rows x 15 columns]
[2024-07-10T20:33:43.529+0000] {taskinstance.py:2731} ERROR - Task failed with exception
Traceback (most recent call last):
  File "/home/airflow/.local/lib/python3.8/site-packages/airflow/models/taskinstance.py", line 444, in _execute_task
    result = _execute_callable(context=context, **execute_callable_kwargs)
  File "/home/airflow/.local/lib/python3.8/site-packages/airflow/models/taskinstance.py", line 414, in _execute_callable
    return execute_callable(context=context, **execute_callable_kwargs)
  File "/home/airflow/.local/lib/python3.8/site-packages/airflow/operators/python.py", line 200, in execute
    return_value = self.execute_callable()
  File "/home/airflow/.local/lib/python3.8/site-packages/airflow/operators/python.py", line 217, in execute_callable
    return self.python_callable(*self.op_args, **self.op_kwargs)
  File "/opt/airflow/dags/dag.py", line 44, in process_table
    return  execute(table, stage, tabletype)
  File "/app/main.py", line 26, in execute
    SqlToStaging().create_full().some_function(table, stage)
  File "/app/concretestage/SQLToStaging.py", line 38, in some_function
    sourceDF = getDF(sourcedbname,sourcetablename , sourceschema)
TypeError: getDF() missing 3 required positional arguments: 'filterColumn', 'dateFrom', and 'dateTo'
[2024-07-10T20:33:43.554+0000] {taskinstance.py:1149} INFO - Marking task as FAILED. dag_id=sqltostaging, task_id=film, execution_date=20240709T000000, start_date=20240710T203341, end_date=20240710T203343
[2024-07-10T20:33:43.581+0000] {standard_task_runner.py:107} ERROR - Failed to execute job 9 for task film (getDF() missing 3 required positional arguments: 'filterColumn', 'dateFrom', and 'dateTo'; 95)
[2024-07-10T20:33:43.629+0000] {local_task_job_runner.py:234} INFO - Task exited with return code 1
[2024-07-10T20:33:43.658+0000] {taskinstance.py:3312} INFO - 0 downstream tasks scheduled from follow-on schedule check
[2024-07-10T20:36:57.475+0000] {taskinstance.py:1979} INFO - Dependencies all met for dep_context=non-requeueable deps ti=<TaskInstance: sqltostaging.film scheduled__2024-07-09T00:00:00+00:00 [queued]>
[2024-07-10T20:36:57.498+0000] {taskinstance.py:1979} INFO - Dependencies all met for dep_context=requeueable deps ti=<TaskInstance: sqltostaging.film scheduled__2024-07-09T00:00:00+00:00 [queued]>
[2024-07-10T20:36:57.504+0000] {taskinstance.py:2193} INFO - Starting attempt 1 of 1
[2024-07-10T20:36:57.543+0000] {taskinstance.py:2217} INFO - Executing <Task(PythonOperator): film> on 2024-07-09 00:00:00+00:00
[2024-07-10T20:36:57.556+0000] {standard_task_runner.py:60} INFO - Started process 95 to run task
[2024-07-10T20:36:57.581+0000] {standard_task_runner.py:87} INFO - Running: ['***', 'tasks', 'run', 'sqltostaging', 'film', 'scheduled__2024-07-09T00:00:00+00:00', '--job-id', '8', '--raw', '--subdir', 'DAGS_FOLDER/dag.py', '--cfg-path', '/tmp/tmp40lt2i0g']
[2024-07-10T20:36:57.606+0000] {standard_task_runner.py:88} INFO - Job 8: Subtask film
[2024-07-10T20:36:57.898+0000] {task_command.py:423} INFO - Running <TaskInstance: sqltostaging.film scheduled__2024-07-09T00:00:00+00:00 [running]> on host dca83dd4e715
[2024-07-10T20:36:59.135+0000] {taskinstance.py:2513} INFO - Exporting env vars: AIRFLOW_CTX_DAG_OWNER='***' AIRFLOW_CTX_DAG_ID='sqltostaging' AIRFLOW_CTX_TASK_ID='film' AIRFLOW_CTX_EXECUTION_DATE='2024-07-09T00:00:00+00:00' AIRFLOW_CTX_TRY_NUMBER='1' AIRFLOW_CTX_DAG_RUN_ID='scheduled__2024-07-09T00:00:00+00:00'
[2024-07-10T20:36:59.219+0000] {logging_mixin.py:188} INFO - select *  from etlconf.Etl_Process_Mapping where SourceTableName = 'film' and Stage = 'sqltostaging'
[2024-07-10T20:36:59.404+0000] {logging_mixin.py:188} INFO -    id sourcetablename sourcedbname  ...  code         stage last_run_date
0   7            film    dvdrental  ...  None  sqltostaging          None

[1 rows x 15 columns]
[2024-07-10T20:36:59.412+0000] {taskinstance.py:2731} ERROR - Task failed with exception
Traceback (most recent call last):
  File "/home/airflow/.local/lib/python3.8/site-packages/airflow/models/taskinstance.py", line 444, in _execute_task
    result = _execute_callable(context=context, **execute_callable_kwargs)
  File "/home/airflow/.local/lib/python3.8/site-packages/airflow/models/taskinstance.py", line 414, in _execute_callable
    return execute_callable(context=context, **execute_callable_kwargs)
  File "/home/airflow/.local/lib/python3.8/site-packages/airflow/operators/python.py", line 200, in execute
    return_value = self.execute_callable()
  File "/home/airflow/.local/lib/python3.8/site-packages/airflow/operators/python.py", line 217, in execute_callable
    return self.python_callable(*self.op_args, **self.op_kwargs)
  File "/opt/airflow/dags/dag.py", line 44, in process_table
    return  execute(table, stage, tabletype)
  File "/app/main.py", line 26, in execute
    SqlToStaging().create_full().some_function(table, stage)
  File "/app/concretestage/SQLToStaging.py", line 38, in some_function
    sourceDF = getDF(sourcedbname,sourcetablename , sourceschema)
TypeError: getDF() missing 3 required positional arguments: 'filterColumn', 'dateFrom', and 'dateTo'
[2024-07-10T20:36:59.445+0000] {taskinstance.py:1149} INFO - Marking task as FAILED. dag_id=sqltostaging, task_id=film, execution_date=20240709T000000, start_date=20240710T203657, end_date=20240710T203659
[2024-07-10T20:36:59.532+0000] {standard_task_runner.py:107} ERROR - Failed to execute job 8 for task film (getDF() missing 3 required positional arguments: 'filterColumn', 'dateFrom', and 'dateTo'; 95)
[2024-07-10T20:36:59.595+0000] {local_task_job_runner.py:234} INFO - Task exited with return code 1
[2024-07-10T20:36:59.687+0000] {taskinstance.py:3312} INFO - 0 downstream tasks scheduled from follow-on schedule check
[2024-07-10T20:40:13.948+0000] {taskinstance.py:1979} INFO - Dependencies all met for dep_context=non-requeueable deps ti=<TaskInstance: sqltostaging.film scheduled__2024-07-09T00:00:00+00:00 [queued]>
[2024-07-10T20:40:13.974+0000] {taskinstance.py:1979} INFO - Dependencies all met for dep_context=requeueable deps ti=<TaskInstance: sqltostaging.film scheduled__2024-07-09T00:00:00+00:00 [queued]>
[2024-07-10T20:40:13.980+0000] {taskinstance.py:2193} INFO - Starting attempt 1 of 1
[2024-07-10T20:40:14.009+0000] {taskinstance.py:2217} INFO - Executing <Task(PythonOperator): film> on 2024-07-09 00:00:00+00:00
[2024-07-10T20:40:14.016+0000] {standard_task_runner.py:60} INFO - Started process 91 to run task
[2024-07-10T20:40:14.034+0000] {standard_task_runner.py:87} INFO - Running: ['***', 'tasks', 'run', 'sqltostaging', 'film', 'scheduled__2024-07-09T00:00:00+00:00', '--job-id', '8', '--raw', '--subdir', 'DAGS_FOLDER/dag.py', '--cfg-path', '/tmp/tmpnv29_vz8']
[2024-07-10T20:40:14.040+0000] {standard_task_runner.py:88} INFO - Job 8: Subtask film
[2024-07-10T20:40:14.170+0000] {task_command.py:423} INFO - Running <TaskInstance: sqltostaging.film scheduled__2024-07-09T00:00:00+00:00 [running]> on host 2bc01acfbd3e
[2024-07-10T20:40:14.814+0000] {taskinstance.py:2513} INFO - Exporting env vars: AIRFLOW_CTX_DAG_OWNER='***' AIRFLOW_CTX_DAG_ID='sqltostaging' AIRFLOW_CTX_TASK_ID='film' AIRFLOW_CTX_EXECUTION_DATE='2024-07-09T00:00:00+00:00' AIRFLOW_CTX_TRY_NUMBER='1' AIRFLOW_CTX_DAG_RUN_ID='scheduled__2024-07-09T00:00:00+00:00'
[2024-07-10T20:40:14.962+0000] {logging_mixin.py:188} INFO - select *  from etlconf.Etl_Process_Mapping where SourceTableName = 'film' and Stage = 'sqltostaging'
[2024-07-10T20:40:15.126+0000] {logging_mixin.py:188} INFO -    id sourcetablename sourcedbname  ...  code         stage last_run_date
0   7            film    dvdrental  ...  None  sqltostaging          None

[1 rows x 15 columns]
[2024-07-10T20:40:15.127+0000] {taskinstance.py:2731} ERROR - Task failed with exception
Traceback (most recent call last):
  File "/home/airflow/.local/lib/python3.8/site-packages/airflow/models/taskinstance.py", line 444, in _execute_task
    result = _execute_callable(context=context, **execute_callable_kwargs)
  File "/home/airflow/.local/lib/python3.8/site-packages/airflow/models/taskinstance.py", line 414, in _execute_callable
    return execute_callable(context=context, **execute_callable_kwargs)
  File "/home/airflow/.local/lib/python3.8/site-packages/airflow/operators/python.py", line 200, in execute
    return_value = self.execute_callable()
  File "/home/airflow/.local/lib/python3.8/site-packages/airflow/operators/python.py", line 217, in execute_callable
    return self.python_callable(*self.op_args, **self.op_kwargs)
  File "/opt/airflow/dags/dag.py", line 44, in process_table
    return  execute(table, stage, tabletype)
  File "/app/main.py", line 26, in execute
    SqlToStaging().create_full().some_function(table, stage)
  File "/app/concretestage/SQLToStaging.py", line 38, in some_function
    sourceDF = getDF(sourcedbname,sourcetablename , sourceschema)
TypeError: getDF() missing 3 required positional arguments: 'filterColumn', 'dateFrom', and 'dateTo'
[2024-07-10T20:40:15.154+0000] {taskinstance.py:1149} INFO - Marking task as FAILED. dag_id=sqltostaging, task_id=film, execution_date=20240709T000000, start_date=20240710T204013, end_date=20240710T204015
[2024-07-10T20:40:15.192+0000] {standard_task_runner.py:107} ERROR - Failed to execute job 8 for task film (getDF() missing 3 required positional arguments: 'filterColumn', 'dateFrom', and 'dateTo'; 91)
[2024-07-10T20:40:15.252+0000] {local_task_job_runner.py:234} INFO - Task exited with return code 1
[2024-07-10T20:40:15.285+0000] {taskinstance.py:3312} INFO - 0 downstream tasks scheduled from follow-on schedule check
