[2024-06-13T18:39:49.986+0000] {taskinstance.py:1979} INFO - Dependencies all met for dep_context=non-requeueable deps ti=<TaskInstance: sqltostaging.rental manual__2024-06-13T18:39:46.623538+00:00 [queued]>
[2024-06-13T18:39:50.023+0000] {taskinstance.py:1979} INFO - Dependencies all met for dep_context=requeueable deps ti=<TaskInstance: sqltostaging.rental manual__2024-06-13T18:39:46.623538+00:00 [queued]>
[2024-06-13T18:39:50.029+0000] {taskinstance.py:2193} INFO - Starting attempt 1 of 1
[2024-06-13T18:39:50.072+0000] {taskinstance.py:2217} INFO - Executing <Task(PythonOperator): rental> on 2024-06-13 18:39:46.623538+00:00
[2024-06-13T18:39:50.125+0000] {standard_task_runner.py:87} INFO - Running: ['***', 'tasks', 'run', 'sqltostaging', 'rental', 'manual__2024-06-13T18:39:46.623538+00:00', '--job-id', '33', '--raw', '--subdir', 'DAGS_FOLDER/dag.py', '--cfg-path', '/tmp/tmpjw8xb20a']
[2024-06-13T18:39:50.108+0000] {standard_task_runner.py:60} INFO - Started process 448 to run task
[2024-06-13T18:39:50.147+0000] {standard_task_runner.py:88} INFO - Job 33: Subtask rental
[2024-06-13T18:39:50.505+0000] {task_command.py:423} INFO - Running <TaskInstance: sqltostaging.rental manual__2024-06-13T18:39:46.623538+00:00 [running]> on host 01e60193086e
[2024-06-13T18:39:51.149+0000] {taskinstance.py:2513} INFO - Exporting env vars: AIRFLOW_CTX_DAG_OWNER='***' AIRFLOW_CTX_DAG_ID='sqltostaging' AIRFLOW_CTX_TASK_ID='rental' AIRFLOW_CTX_EXECUTION_DATE='2024-06-13T18:39:46.623538+00:00' AIRFLOW_CTX_TRY_NUMBER='1' AIRFLOW_CTX_DAG_RUN_ID='manual__2024-06-13T18:39:46.623538+00:00'
[2024-06-13T18:39:51.151+0000] {logging_mixin.py:188} INFO - dvtobv
[2024-06-13T18:39:51.152+0000] {logging_mixin.py:188} INFO - 
 stage: sqltostaging 
 type: full 
 schema: public 
 table:category
[2024-06-13T18:39:51.217+0000] {logging_mixin.py:188} INFO - <class 'list'>
[2024-06-13T18:39:51.222+0000] {logging_mixin.py:188} INFO - [(1, 'Action', datetime.datetime(2006, 2, 15, 9, 46, 27)), (2, 'Animation', datetime.datetime(2006, 2, 15, 9, 46, 27)), (3, 'Children', datetime.datetime(2006, 2, 15, 9, 46, 27)), (4, 'Classics', datetime.datetime(2006, 2, 15, 9, 46, 27)), (5, 'Comedy', datetime.datetime(2006, 2, 15, 9, 46, 27)), (6, 'Documentary', datetime.datetime(2006, 2, 15, 9, 46, 27)), (7, 'Drama', datetime.datetime(2006, 2, 15, 9, 46, 27)), (8, 'Family', datetime.datetime(2006, 2, 15, 9, 46, 27)), (9, 'Foreign', datetime.datetime(2006, 2, 15, 9, 46, 27)), (10, 'Games', datetime.datetime(2006, 2, 15, 9, 46, 27)), (11, 'Horror', datetime.datetime(2006, 2, 15, 9, 46, 27)), (12, 'Music', datetime.datetime(2006, 2, 15, 9, 46, 27)), (13, 'New', datetime.datetime(2006, 2, 15, 9, 46, 27)), (14, 'Sci-Fi', datetime.datetime(2006, 2, 15, 9, 46, 27)), (15, 'Sports', datetime.datetime(2006, 2, 15, 9, 46, 27)), (16, 'Travel', datetime.datetime(2006, 2, 15, 9, 46, 27))] 
: sourceDF
[2024-06-13T18:39:51.224+0000] {python.py:202} INFO - Done. Returned value was: None
[2024-06-13T18:39:51.235+0000] {taskinstance.py:1149} INFO - Marking task as SUCCESS. dag_id=sqltostaging, task_id=rental, execution_date=20240613T183946, start_date=20240613T183949, end_date=20240613T183951
[2024-06-13T18:39:51.295+0000] {local_task_job_runner.py:234} INFO - Task exited with return code 0
[2024-06-13T18:39:51.320+0000] {taskinstance.py:3312} INFO - 0 downstream tasks scheduled from follow-on schedule check
