[2024-07-22T20:14:28.082+0000] {taskinstance.py:1979} INFO - Dependencies all met for dep_context=non-requeueable deps ti=<TaskInstance: stagingtodv.payment manual__2024-07-22T20:14:26.252546+00:00 [queued]>
[2024-07-22T20:14:28.136+0000] {taskinstance.py:1979} INFO - Dependencies all met for dep_context=requeueable deps ti=<TaskInstance: stagingtodv.payment manual__2024-07-22T20:14:26.252546+00:00 [queued]>
[2024-07-22T20:14:28.143+0000] {taskinstance.py:2193} INFO - Starting attempt 1 of 1
[2024-07-22T20:14:28.225+0000] {taskinstance.py:2217} INFO - Executing <Task(PythonOperator): payment> on 2024-07-22 20:14:26.252546+00:00
[2024-07-22T20:14:28.238+0000] {standard_task_runner.py:60} INFO - Started process 164 to run task
[2024-07-22T20:14:28.244+0000] {standard_task_runner.py:87} INFO - Running: ['***', 'tasks', 'run', 'stagingtodv', 'payment', 'manual__2024-07-22T20:14:26.252546+00:00', '--job-id', '18', '--raw', '--subdir', 'DAGS_FOLDER/dag.py', '--cfg-path', '/tmp/tmpt6omjw8w']
[2024-07-22T20:14:28.272+0000] {standard_task_runner.py:88} INFO - Job 18: Subtask payment
[2024-07-22T20:14:28.395+0000] {task_command.py:423} INFO - Running <TaskInstance: stagingtodv.payment manual__2024-07-22T20:14:26.252546+00:00 [running]> on host 0a26f4611472
[2024-07-22T20:14:28.591+0000] {taskinstance.py:2513} INFO - Exporting env vars: AIRFLOW_CTX_DAG_OWNER='***' AIRFLOW_CTX_DAG_ID='stagingtodv' AIRFLOW_CTX_TASK_ID='payment' AIRFLOW_CTX_EXECUTION_DATE='2024-07-22T20:14:26.252546+00:00' AIRFLOW_CTX_TRY_NUMBER='1' AIRFLOW_CTX_DAG_RUN_ID='manual__2024-07-22T20:14:26.252546+00:00'
[2024-07-22T20:14:28.602+0000] {logging_mixin.py:188} INFO - -------------------------------------------- select *  from etlconf.Etl_Process_Mapping where SourceTableName = 'payment' and Stage = 'stagingtodv'
[2024-07-22T20:14:28.662+0000] {logging_mixin.py:188} INFO - Staging to dv incremental
[2024-07-22T20:14:29.459+0000] {logging_mixin.py:188} INFO - DFFFFFFFFFDFFFFFFFFF            0    1  2      3     4                          5
0      17503  341  2   1520  7.99 2007-02-15 22:25:46.996577
1      17504  341  1   1778  1.99 2007-02-16 17:23:14.996577
2      17505  341  1   1849  7.99 2007-02-16 22:41:45.996577
3      17506  341  2   2829  2.99 2007-02-19 19:39:56.996577
4      17507  341  2   3130  7.99 2007-02-20 17:31:48.996577
...      ...  ... ..    ...   ...                        ...
14591  32094  245  2  12682  2.99 2007-05-14 13:44:29.996577
14592  32095  251  1  14107  0.99 2007-05-14 13:44:29.996577
14593  32096  252  2  13756  4.99 2007-05-14 13:44:29.996577
14594  32097  263  1  15293  0.99 2007-05-14 13:44:29.996577
14595  32098  264  2  14243  2.99 2007-05-14 13:44:29.996577

[14596 rows x 6 columns]
[2024-07-22T20:14:29.490+0000] {logging_mixin.py:188} INFO - SOURCE DFFF        payment_id  customer_id  ...  amount               payment_date
0           17503          341  ...    7.99 2007-02-15 22:25:46.996577
1           17504          341  ...    1.99 2007-02-16 17:23:14.996577
2           17505          341  ...    7.99 2007-02-16 22:41:45.996577
3           17506          341  ...    2.99 2007-02-19 19:39:56.996577
4           17507          341  ...    7.99 2007-02-20 17:31:48.996577
...           ...          ...  ...     ...                        ...
14591       32094          245  ...    2.99 2007-05-14 13:44:29.996577
14592       32095          251  ...    0.99 2007-05-14 13:44:29.996577
14593       32096          252  ...    4.99 2007-05-14 13:44:29.996577
14594       32097          263  ...    0.99 2007-05-14 13:44:29.996577
14595       32098          264  ...    2.99 2007-05-14 13:44:29.996577

[14596 rows x 6 columns]
[2024-07-22T20:14:29.494+0000] {python.py:202} INFO - Done. Returned value was: None
[2024-07-22T20:14:29.523+0000] {taskinstance.py:1149} INFO - Marking task as SUCCESS. dag_id=stagingtodv, task_id=payment, execution_date=20240722T201426, start_date=20240722T201428, end_date=20240722T201429
[2024-07-22T20:14:29.616+0000] {local_task_job_runner.py:234} INFO - Task exited with return code 0
[2024-07-22T20:14:29.652+0000] {taskinstance.py:3312} INFO - 0 downstream tasks scheduled from follow-on schedule check
