[2024-07-22T18:39:30.224+0000] {taskinstance.py:1979} INFO - Dependencies all met for dep_context=non-requeueable deps ti=<TaskInstance: stagingtodv.actor scheduled__2024-07-21T00:00:00+00:00 [queued]>
[2024-07-22T18:39:30.234+0000] {taskinstance.py:1979} INFO - Dependencies all met for dep_context=requeueable deps ti=<TaskInstance: stagingtodv.actor scheduled__2024-07-21T00:00:00+00:00 [queued]>
[2024-07-22T18:39:30.234+0000] {taskinstance.py:2193} INFO - Starting attempt 1 of 1
[2024-07-22T18:39:30.242+0000] {taskinstance.py:2217} INFO - Executing <Task(PythonOperator): actor> on 2024-07-21 00:00:00+00:00
[2024-07-22T18:39:30.246+0000] {standard_task_runner.py:60} INFO - Started process 136 to run task
[2024-07-22T18:39:30.254+0000] {standard_task_runner.py:87} INFO - Running: ['***', 'tasks', 'run', 'stagingtodv', 'actor', 'scheduled__2024-07-21T00:00:00+00:00', '--job-id', '45', '--raw', '--subdir', 'DAGS_FOLDER/dag.py', '--cfg-path', '/tmp/tmpgenmknfq']
[2024-07-22T18:39:30.259+0000] {standard_task_runner.py:88} INFO - Job 45: Subtask actor
[2024-07-22T18:39:30.304+0000] {task_command.py:423} INFO - Running <TaskInstance: stagingtodv.actor scheduled__2024-07-21T00:00:00+00:00 [running]> on host ef8b8dee6045
[2024-07-22T18:39:30.419+0000] {taskinstance.py:2513} INFO - Exporting env vars: AIRFLOW_CTX_DAG_OWNER='***' AIRFLOW_CTX_DAG_ID='stagingtodv' AIRFLOW_CTX_TASK_ID='actor' AIRFLOW_CTX_EXECUTION_DATE='2024-07-21T00:00:00+00:00' AIRFLOW_CTX_TRY_NUMBER='1' AIRFLOW_CTX_DAG_RUN_ID='scheduled__2024-07-21T00:00:00+00:00'
[2024-07-22T18:39:30.422+0000] {logging_mixin.py:188} INFO - -------------------------------------------- select *  from etlconf.Etl_Process_Mapping where SourceTableName = 'actor' and Stage = 'stagingtodv'
[2024-07-22T18:39:30.633+0000] {logging_mixin.py:188} INFO - select *  from etlconf.Etl_Process_Mapping where SourceTableName = 'actor' and Stage = 'stagingtodv'
[2024-07-22T18:39:30.744+0000] {logging_mixin.py:188} INFO - update etlconf.Etl_Process_Mapping T set last_run_date = current_timestamp where destdbname='dbdv' and destschema='dvdrental' and desttablename='actor';
[2024-07-22T18:39:30.759+0000] {python.py:202} INFO - Done. Returned value was: None
[2024-07-22T18:39:30.768+0000] {taskinstance.py:1149} INFO - Marking task as SUCCESS. dag_id=stagingtodv, task_id=actor, execution_date=20240721T000000, start_date=20240722T183930, end_date=20240722T183930
[2024-07-22T18:39:30.816+0000] {local_task_job_runner.py:234} INFO - Task exited with return code 0
[2024-07-22T18:39:30.833+0000] {taskinstance.py:3312} INFO - 0 downstream tasks scheduled from follow-on schedule check
[2024-07-22T19:05:06.869+0000] {taskinstance.py:1979} INFO - Dependencies all met for dep_context=non-requeueable deps ti=<TaskInstance: stagingtodv.actor scheduled__2024-07-21T00:00:00+00:00 [queued]>
[2024-07-22T19:05:06.887+0000] {taskinstance.py:1979} INFO - Dependencies all met for dep_context=requeueable deps ti=<TaskInstance: stagingtodv.actor scheduled__2024-07-21T00:00:00+00:00 [queued]>
[2024-07-22T19:05:06.892+0000] {taskinstance.py:2193} INFO - Starting attempt 1 of 1
[2024-07-22T19:05:06.946+0000] {taskinstance.py:2217} INFO - Executing <Task(PythonOperator): actor> on 2024-07-21 00:00:00+00:00
[2024-07-22T19:05:06.971+0000] {standard_task_runner.py:60} INFO - Started process 102 to run task
[2024-07-22T19:05:06.978+0000] {standard_task_runner.py:87} INFO - Running: ['***', 'tasks', 'run', 'stagingtodv', 'actor', 'scheduled__2024-07-21T00:00:00+00:00', '--job-id', '11', '--raw', '--subdir', 'DAGS_FOLDER/dag.py', '--cfg-path', '/tmp/tmpf0wm81ur']
[2024-07-22T19:05:06.987+0000] {standard_task_runner.py:88} INFO - Job 11: Subtask actor
[2024-07-22T19:05:07.182+0000] {task_command.py:423} INFO - Running <TaskInstance: stagingtodv.actor scheduled__2024-07-21T00:00:00+00:00 [running]> on host d97758bf7368
[2024-07-22T19:05:07.436+0000] {taskinstance.py:2513} INFO - Exporting env vars: AIRFLOW_CTX_DAG_OWNER='***' AIRFLOW_CTX_DAG_ID='stagingtodv' AIRFLOW_CTX_TASK_ID='actor' AIRFLOW_CTX_EXECUTION_DATE='2024-07-21T00:00:00+00:00' AIRFLOW_CTX_TRY_NUMBER='1' AIRFLOW_CTX_DAG_RUN_ID='scheduled__2024-07-21T00:00:00+00:00'
[2024-07-22T19:05:07.452+0000] {logging_mixin.py:188} INFO - -------------------------------------------- select *  from etlconf.Etl_Process_Mapping where SourceTableName = 'actor' and Stage = 'stagingtodv'
[2024-07-22T19:05:08.323+0000] {logging_mixin.py:188} INFO - select *  from etlconf.Etl_Process_Mapping where SourceTableName = 'actor' and Stage = 'stagingtodv'
[2024-07-22T19:05:08.835+0000] {logging_mixin.py:188} INFO - update etlconf.Etl_Process_Mapping T set last_run_date = current_timestamp where destdbname='dbdv' and destschema='dvdrental' and desttablename='actor';
[2024-07-22T19:05:08.845+0000] {python.py:202} INFO - Done. Returned value was: None
[2024-07-22T19:05:08.853+0000] {taskinstance.py:1149} INFO - Marking task as SUCCESS. dag_id=stagingtodv, task_id=actor, execution_date=20240721T000000, start_date=20240722T190506, end_date=20240722T190508
[2024-07-22T19:05:08.894+0000] {local_task_job_runner.py:234} INFO - Task exited with return code 0
[2024-07-22T19:05:08.950+0000] {taskinstance.py:3312} INFO - 0 downstream tasks scheduled from follow-on schedule check
[2024-07-22T19:14:27.916+0000] {taskinstance.py:1979} INFO - Dependencies all met for dep_context=non-requeueable deps ti=<TaskInstance: stagingtodv.actor scheduled__2024-07-21T00:00:00+00:00 [queued]>
[2024-07-22T19:14:27.944+0000] {taskinstance.py:1979} INFO - Dependencies all met for dep_context=requeueable deps ti=<TaskInstance: stagingtodv.actor scheduled__2024-07-21T00:00:00+00:00 [queued]>
[2024-07-22T19:14:27.946+0000] {taskinstance.py:2193} INFO - Starting attempt 1 of 1
[2024-07-22T19:14:27.985+0000] {taskinstance.py:2217} INFO - Executing <Task(PythonOperator): actor> on 2024-07-21 00:00:00+00:00
[2024-07-22T19:14:28.002+0000] {standard_task_runner.py:60} INFO - Started process 81 to run task
[2024-07-22T19:14:28.014+0000] {standard_task_runner.py:87} INFO - Running: ['***', 'tasks', 'run', 'stagingtodv', 'actor', 'scheduled__2024-07-21T00:00:00+00:00', '--job-id', '3', '--raw', '--subdir', 'DAGS_FOLDER/dag.py', '--cfg-path', '/tmp/tmpnhtly7vm']
[2024-07-22T19:14:28.028+0000] {standard_task_runner.py:88} INFO - Job 3: Subtask actor
[2024-07-22T19:14:28.182+0000] {task_command.py:423} INFO - Running <TaskInstance: stagingtodv.actor scheduled__2024-07-21T00:00:00+00:00 [running]> on host 06b045a8c1a2
[2024-07-22T19:14:29.363+0000] {taskinstance.py:2513} INFO - Exporting env vars: AIRFLOW_CTX_DAG_OWNER='***' AIRFLOW_CTX_DAG_ID='stagingtodv' AIRFLOW_CTX_TASK_ID='actor' AIRFLOW_CTX_EXECUTION_DATE='2024-07-21T00:00:00+00:00' AIRFLOW_CTX_TRY_NUMBER='1' AIRFLOW_CTX_DAG_RUN_ID='scheduled__2024-07-21T00:00:00+00:00'
[2024-07-22T19:14:29.368+0000] {logging_mixin.py:188} INFO - -------------------------------------------- select *  from etlconf.Etl_Process_Mapping where SourceTableName = 'actor' and Stage = 'stagingtodv'
[2024-07-22T19:14:29.407+0000] {logging_mixin.py:188} INFO - select *  from etlconf.Etl_Process_Mapping where SourceTableName = 'actor' and Stage = 'stagingtodv'
[2024-07-22T19:14:29.896+0000] {logging_mixin.py:188} INFO - update etlconf.Etl_Process_Mapping T set last_run_date = current_timestamp where destdbname='dbdv' and destschema='dvdrental' and desttablename='actor';
[2024-07-22T19:14:29.913+0000] {python.py:202} INFO - Done. Returned value was: None
[2024-07-22T19:14:29.921+0000] {taskinstance.py:1149} INFO - Marking task as SUCCESS. dag_id=stagingtodv, task_id=actor, execution_date=20240721T000000, start_date=20240722T191427, end_date=20240722T191429
[2024-07-22T19:14:29.938+0000] {local_task_job_runner.py:234} INFO - Task exited with return code 0
[2024-07-22T19:14:29.957+0000] {taskinstance.py:3312} INFO - 0 downstream tasks scheduled from follow-on schedule check
[2024-07-22T19:18:49.864+0000] {taskinstance.py:1979} INFO - Dependencies all met for dep_context=non-requeueable deps ti=<TaskInstance: stagingtodv.actor scheduled__2024-07-21T00:00:00+00:00 [queued]>
[2024-07-22T19:18:49.889+0000] {taskinstance.py:1979} INFO - Dependencies all met for dep_context=requeueable deps ti=<TaskInstance: stagingtodv.actor scheduled__2024-07-21T00:00:00+00:00 [queued]>
[2024-07-22T19:18:49.911+0000] {taskinstance.py:2193} INFO - Starting attempt 1 of 1
[2024-07-22T19:18:49.964+0000] {taskinstance.py:2217} INFO - Executing <Task(PythonOperator): actor> on 2024-07-21 00:00:00+00:00
[2024-07-22T19:18:49.971+0000] {standard_task_runner.py:60} INFO - Started process 91 to run task
[2024-07-22T19:18:49.981+0000] {standard_task_runner.py:87} INFO - Running: ['***', 'tasks', 'run', 'stagingtodv', 'actor', 'scheduled__2024-07-21T00:00:00+00:00', '--job-id', '5', '--raw', '--subdir', 'DAGS_FOLDER/dag.py', '--cfg-path', '/tmp/tmpxpzpb5ep']
[2024-07-22T19:18:49.995+0000] {standard_task_runner.py:88} INFO - Job 5: Subtask actor
[2024-07-22T19:18:50.172+0000] {task_command.py:423} INFO - Running <TaskInstance: stagingtodv.actor scheduled__2024-07-21T00:00:00+00:00 [running]> on host 59af9ef614d6
[2024-07-22T19:18:50.859+0000] {taskinstance.py:2513} INFO - Exporting env vars: AIRFLOW_CTX_DAG_OWNER='***' AIRFLOW_CTX_DAG_ID='stagingtodv' AIRFLOW_CTX_TASK_ID='actor' AIRFLOW_CTX_EXECUTION_DATE='2024-07-21T00:00:00+00:00' AIRFLOW_CTX_TRY_NUMBER='1' AIRFLOW_CTX_DAG_RUN_ID='scheduled__2024-07-21T00:00:00+00:00'
[2024-07-22T19:18:50.866+0000] {logging_mixin.py:188} INFO - -------------------------------------------- select *  from etlconf.Etl_Process_Mapping where SourceTableName = 'actor' and Stage = 'stagingtodv'
[2024-07-22T19:18:50.918+0000] {logging_mixin.py:188} INFO - select *  from etlconf.Etl_Process_Mapping where SourceTableName = 'actor' and Stage = 'stagingtodv'
[2024-07-22T19:18:50.987+0000] {logging_mixin.py:188} INFO - query select T.* from dbstaging.dvdrental.actor T
[2024-07-22T19:18:51.785+0000] {logging_mixin.py:188} INFO - update etlconf.Etl_Process_Mapping T set last_run_date = current_timestamp where destdbname='dbdv' and destschema='dvdrental' and desttablename='actor';
[2024-07-22T19:18:51.807+0000] {python.py:202} INFO - Done. Returned value was: None
[2024-07-22T19:18:51.819+0000] {taskinstance.py:1149} INFO - Marking task as SUCCESS. dag_id=stagingtodv, task_id=actor, execution_date=20240721T000000, start_date=20240722T191849, end_date=20240722T191851
[2024-07-22T19:18:51.850+0000] {local_task_job_runner.py:234} INFO - Task exited with return code 0
[2024-07-22T19:18:51.864+0000] {taskinstance.py:3312} INFO - 0 downstream tasks scheduled from follow-on schedule check
[2024-07-22T19:25:04.096+0000] {taskinstance.py:1979} INFO - Dependencies all met for dep_context=non-requeueable deps ti=<TaskInstance: stagingtodv.actor scheduled__2024-07-21T00:00:00+00:00 [queued]>
[2024-07-22T19:25:04.124+0000] {taskinstance.py:1979} INFO - Dependencies all met for dep_context=requeueable deps ti=<TaskInstance: stagingtodv.actor scheduled__2024-07-21T00:00:00+00:00 [queued]>
[2024-07-22T19:25:04.132+0000] {taskinstance.py:2193} INFO - Starting attempt 1 of 1
[2024-07-22T19:25:04.182+0000] {taskinstance.py:2217} INFO - Executing <Task(PythonOperator): actor> on 2024-07-21 00:00:00+00:00
[2024-07-22T19:25:04.210+0000] {standard_task_runner.py:60} INFO - Started process 92 to run task
[2024-07-22T19:25:04.224+0000] {standard_task_runner.py:87} INFO - Running: ['***', 'tasks', 'run', 'stagingtodv', 'actor', 'scheduled__2024-07-21T00:00:00+00:00', '--job-id', '6', '--raw', '--subdir', 'DAGS_FOLDER/dag.py', '--cfg-path', '/tmp/tmpfdublsyv']
[2024-07-22T19:25:04.229+0000] {standard_task_runner.py:88} INFO - Job 6: Subtask actor
[2024-07-22T19:25:04.417+0000] {task_command.py:423} INFO - Running <TaskInstance: stagingtodv.actor scheduled__2024-07-21T00:00:00+00:00 [running]> on host 54d412404717
[2024-07-22T19:25:05.478+0000] {taskinstance.py:2513} INFO - Exporting env vars: AIRFLOW_CTX_DAG_OWNER='***' AIRFLOW_CTX_DAG_ID='stagingtodv' AIRFLOW_CTX_TASK_ID='actor' AIRFLOW_CTX_EXECUTION_DATE='2024-07-21T00:00:00+00:00' AIRFLOW_CTX_TRY_NUMBER='1' AIRFLOW_CTX_DAG_RUN_ID='scheduled__2024-07-21T00:00:00+00:00'
[2024-07-22T19:25:05.498+0000] {logging_mixin.py:188} INFO - -------------------------------------------- select *  from etlconf.Etl_Process_Mapping where SourceTableName = 'actor' and Stage = 'stagingtodv'
[2024-07-22T19:25:05.583+0000] {logging_mixin.py:188} INFO - select *  from etlconf.Etl_Process_Mapping where SourceTableName = 'actor' and Stage = 'stagingtodv'
[2024-07-22T19:25:05.690+0000] {logging_mixin.py:188} INFO - DFFFFFFF    id sourcetablename  ...        stage              last_run_date
0  18           actor  ...  stagingtodv 2024-07-22 19:18:51.799105

[1 rows x 15 columns]
[2024-07-22T19:25:05.702+0000] {logging_mixin.py:188} INFO - query select T.* from dbstaging.dvdrental.actor T
[2024-07-22T19:25:05.971+0000] {logging_mixin.py:188} INFO - update etlconf.Etl_Process_Mapping T set last_run_date = current_timestamp where destdbname='dbdv' and destschema='dvdrental' and desttablename='actor';
[2024-07-22T19:25:05.989+0000] {python.py:202} INFO - Done. Returned value was: None
[2024-07-22T19:25:05.997+0000] {taskinstance.py:1149} INFO - Marking task as SUCCESS. dag_id=stagingtodv, task_id=actor, execution_date=20240721T000000, start_date=20240722T192504, end_date=20240722T192505
[2024-07-22T19:25:06.019+0000] {local_task_job_runner.py:234} INFO - Task exited with return code 0
[2024-07-22T19:25:06.041+0000] {taskinstance.py:3312} INFO - 0 downstream tasks scheduled from follow-on schedule check
[2024-07-22T19:28:23.110+0000] {taskinstance.py:1979} INFO - Dependencies all met for dep_context=non-requeueable deps ti=<TaskInstance: stagingtodv.actor scheduled__2024-07-21T00:00:00+00:00 [queued]>
[2024-07-22T19:28:23.123+0000] {taskinstance.py:1979} INFO - Dependencies all met for dep_context=requeueable deps ti=<TaskInstance: stagingtodv.actor scheduled__2024-07-21T00:00:00+00:00 [queued]>
[2024-07-22T19:28:23.125+0000] {taskinstance.py:2193} INFO - Starting attempt 1 of 1
[2024-07-22T19:28:23.153+0000] {taskinstance.py:2217} INFO - Executing <Task(PythonOperator): actor> on 2024-07-21 00:00:00+00:00
[2024-07-22T19:28:23.171+0000] {standard_task_runner.py:60} INFO - Started process 98 to run task
[2024-07-22T19:28:23.205+0000] {standard_task_runner.py:87} INFO - Running: ['***', 'tasks', 'run', 'stagingtodv', 'actor', 'scheduled__2024-07-21T00:00:00+00:00', '--job-id', '13', '--raw', '--subdir', 'DAGS_FOLDER/dag.py', '--cfg-path', '/tmp/tmp3sxl2xni']
[2024-07-22T19:28:23.217+0000] {standard_task_runner.py:88} INFO - Job 13: Subtask actor
[2024-07-22T19:28:23.405+0000] {task_command.py:423} INFO - Running <TaskInstance: stagingtodv.actor scheduled__2024-07-21T00:00:00+00:00 [running]> on host e6f3df1cbf4c
[2024-07-22T19:28:24.708+0000] {taskinstance.py:2513} INFO - Exporting env vars: AIRFLOW_CTX_DAG_OWNER='***' AIRFLOW_CTX_DAG_ID='stagingtodv' AIRFLOW_CTX_TASK_ID='actor' AIRFLOW_CTX_EXECUTION_DATE='2024-07-21T00:00:00+00:00' AIRFLOW_CTX_TRY_NUMBER='1' AIRFLOW_CTX_DAG_RUN_ID='scheduled__2024-07-21T00:00:00+00:00'
[2024-07-22T19:28:24.738+0000] {logging_mixin.py:188} INFO - -------------------------------------------- select *  from etlconf.Etl_Process_Mapping where SourceTableName = 'actor' and Stage = 'stagingtodv'
[2024-07-22T19:28:24.770+0000] {logging_mixin.py:188} INFO - query select *  from etlconf.Etl_Process_Mapping where SourceTableName = 'actor' and Stage = 'stagingtodv'
[2024-07-22T19:28:24.844+0000] {logging_mixin.py:188} INFO - DFFFFFFF    id sourcetablename  ...        stage              last_run_date
0  18           actor  ...  stagingtodv 2024-07-22 19:25:05.988215

[1 rows x 15 columns]
[2024-07-22T19:28:24.851+0000] {logging_mixin.py:188} INFO - query select T.* from dbstaging.dvdrental.actor T
[2024-07-22T19:28:25.051+0000] {logging_mixin.py:188} INFO - update etlconf.Etl_Process_Mapping T set last_run_date = current_timestamp where destdbname='dbdv' and destschema='dvdrental' and desttablename='actor';
[2024-07-22T19:28:25.066+0000] {python.py:202} INFO - Done. Returned value was: None
[2024-07-22T19:28:25.081+0000] {taskinstance.py:1149} INFO - Marking task as SUCCESS. dag_id=stagingtodv, task_id=actor, execution_date=20240721T000000, start_date=20240722T192823, end_date=20240722T192825
[2024-07-22T19:28:25.123+0000] {local_task_job_runner.py:234} INFO - Task exited with return code 0
[2024-07-22T19:28:25.145+0000] {taskinstance.py:3312} INFO - 0 downstream tasks scheduled from follow-on schedule check
[2024-07-22T19:30:31.879+0000] {taskinstance.py:1979} INFO - Dependencies all met for dep_context=non-requeueable deps ti=<TaskInstance: stagingtodv.actor scheduled__2024-07-21T00:00:00+00:00 [queued]>
[2024-07-22T19:30:31.910+0000] {taskinstance.py:1979} INFO - Dependencies all met for dep_context=requeueable deps ti=<TaskInstance: stagingtodv.actor scheduled__2024-07-21T00:00:00+00:00 [queued]>
[2024-07-22T19:30:31.915+0000] {taskinstance.py:2193} INFO - Starting attempt 1 of 1
[2024-07-22T19:30:31.952+0000] {taskinstance.py:2217} INFO - Executing <Task(PythonOperator): actor> on 2024-07-21 00:00:00+00:00
[2024-07-22T19:30:31.964+0000] {standard_task_runner.py:60} INFO - Started process 89 to run task
[2024-07-22T19:30:31.966+0000] {standard_task_runner.py:87} INFO - Running: ['***', 'tasks', 'run', 'stagingtodv', 'actor', 'scheduled__2024-07-21T00:00:00+00:00', '--job-id', '3', '--raw', '--subdir', 'DAGS_FOLDER/dag.py', '--cfg-path', '/tmp/tmpv_0tak22']
[2024-07-22T19:30:31.976+0000] {standard_task_runner.py:88} INFO - Job 3: Subtask actor
[2024-07-22T19:30:32.058+0000] {task_command.py:423} INFO - Running <TaskInstance: stagingtodv.actor scheduled__2024-07-21T00:00:00+00:00 [running]> on host 96cb61053a1d
[2024-07-22T19:30:32.683+0000] {taskinstance.py:2513} INFO - Exporting env vars: AIRFLOW_CTX_DAG_OWNER='***' AIRFLOW_CTX_DAG_ID='stagingtodv' AIRFLOW_CTX_TASK_ID='actor' AIRFLOW_CTX_EXECUTION_DATE='2024-07-21T00:00:00+00:00' AIRFLOW_CTX_TRY_NUMBER='1' AIRFLOW_CTX_DAG_RUN_ID='scheduled__2024-07-21T00:00:00+00:00'
[2024-07-22T19:30:32.687+0000] {logging_mixin.py:188} INFO - -------------------------------------------- select *  from etlconf.Etl_Process_Mapping where SourceTableName = 'actor' and Stage = 'stagingtodv'
[2024-07-22T19:30:32.886+0000] {logging_mixin.py:188} INFO - query select *  from etlconf.Etl_Process_Mapping where SourceTableName = 'actor' and Stage = 'stagingtodv'
[2024-07-22T19:30:33.078+0000] {logging_mixin.py:188} INFO - DFFFFFFF    id sourcetablename  ...        stage              last_run_date
0  18           actor  ...  stagingtodv 2024-07-22 19:28:25.063917

[1 rows x 15 columns]
[2024-07-22T19:30:33.082+0000] {logging_mixin.py:188} INFO - query select T.* from dbstaging.dvdrental.actor T
[2024-07-22T19:30:33.930+0000] {logging_mixin.py:188} INFO - update etlconf.Etl_Process_Mapping T set last_run_date = current_timestamp where destdbname='dbdv' and destschema='dvdrental' and desttablename='actor';
[2024-07-22T19:30:33.944+0000] {python.py:202} INFO - Done. Returned value was: None
[2024-07-22T19:30:33.952+0000] {taskinstance.py:1149} INFO - Marking task as SUCCESS. dag_id=stagingtodv, task_id=actor, execution_date=20240721T000000, start_date=20240722T193031, end_date=20240722T193033
[2024-07-22T19:30:34.001+0000] {local_task_job_runner.py:234} INFO - Task exited with return code 0
[2024-07-22T19:30:34.018+0000] {taskinstance.py:3312} INFO - 0 downstream tasks scheduled from follow-on schedule check
[2024-07-22T19:38:48.937+0000] {taskinstance.py:1979} INFO - Dependencies all met for dep_context=non-requeueable deps ti=<TaskInstance: stagingtodv.actor scheduled__2024-07-21T00:00:00+00:00 [queued]>
[2024-07-22T19:38:48.961+0000] {taskinstance.py:1979} INFO - Dependencies all met for dep_context=requeueable deps ti=<TaskInstance: stagingtodv.actor scheduled__2024-07-21T00:00:00+00:00 [queued]>
[2024-07-22T19:38:48.966+0000] {taskinstance.py:2193} INFO - Starting attempt 1 of 1
[2024-07-22T19:38:49.013+0000] {taskinstance.py:2217} INFO - Executing <Task(PythonOperator): actor> on 2024-07-21 00:00:00+00:00
[2024-07-22T19:38:49.032+0000] {standard_task_runner.py:60} INFO - Started process 129 to run task
[2024-07-22T19:38:49.057+0000] {standard_task_runner.py:87} INFO - Running: ['***', 'tasks', 'run', 'stagingtodv', 'actor', 'scheduled__2024-07-21T00:00:00+00:00', '--job-id', '11', '--raw', '--subdir', 'DAGS_FOLDER/dag.py', '--cfg-path', '/tmp/tmp7lx1jkog']
[2024-07-22T19:38:49.079+0000] {standard_task_runner.py:88} INFO - Job 11: Subtask actor
[2024-07-22T19:38:49.235+0000] {task_command.py:423} INFO - Running <TaskInstance: stagingtodv.actor scheduled__2024-07-21T00:00:00+00:00 [running]> on host f5ad498ee7ee
[2024-07-22T19:38:50.847+0000] {taskinstance.py:2513} INFO - Exporting env vars: AIRFLOW_CTX_DAG_OWNER='***' AIRFLOW_CTX_DAG_ID='stagingtodv' AIRFLOW_CTX_TASK_ID='actor' AIRFLOW_CTX_EXECUTION_DATE='2024-07-21T00:00:00+00:00' AIRFLOW_CTX_TRY_NUMBER='1' AIRFLOW_CTX_DAG_RUN_ID='scheduled__2024-07-21T00:00:00+00:00'
[2024-07-22T19:38:50.852+0000] {logging_mixin.py:188} INFO - -------------------------------------------- select *  from etlconf.Etl_Process_Mapping where SourceTableName = 'actor' and Stage = 'stagingtodv'
[2024-07-22T19:38:50.904+0000] {logging_mixin.py:188} INFO - query select *  from etlconf.Etl_Process_Mapping where SourceTableName = 'actor' and Stage = 'stagingtodv'
[2024-07-22T19:38:50.951+0000] {logging_mixin.py:188} INFO - DFFFFFFF    id sourcetablename  ...        stage              last_run_date
0  18           actor  ...  stagingtodv 2024-07-22 19:30:33.942233

[1 rows x 15 columns]
[2024-07-22T19:38:50.954+0000] {logging_mixin.py:188} INFO - query select T.* from dbstaging.dvdrental.actor T
[2024-07-22T19:38:51.133+0000] {logging_mixin.py:188} INFO - update etlconf.Etl_Process_Mapping T set last_run_date = current_timestamp where destdbname='dbdv' and destschema='dvdrental' and desttablename='actor';
[2024-07-22T19:38:51.148+0000] {python.py:202} INFO - Done. Returned value was: None
[2024-07-22T19:38:51.159+0000] {taskinstance.py:1149} INFO - Marking task as SUCCESS. dag_id=stagingtodv, task_id=actor, execution_date=20240721T000000, start_date=20240722T193848, end_date=20240722T193851
[2024-07-22T19:38:51.203+0000] {local_task_job_runner.py:234} INFO - Task exited with return code 0
[2024-07-22T19:38:51.231+0000] {taskinstance.py:3312} INFO - 0 downstream tasks scheduled from follow-on schedule check
[2024-07-22T19:43:44.685+0000] {taskinstance.py:1979} INFO - Dependencies all met for dep_context=non-requeueable deps ti=<TaskInstance: stagingtodv.actor scheduled__2024-07-21T00:00:00+00:00 [queued]>
[2024-07-22T19:43:44.713+0000] {taskinstance.py:1979} INFO - Dependencies all met for dep_context=requeueable deps ti=<TaskInstance: stagingtodv.actor scheduled__2024-07-21T00:00:00+00:00 [queued]>
[2024-07-22T19:43:44.718+0000] {taskinstance.py:2193} INFO - Starting attempt 1 of 1
[2024-07-22T19:43:44.789+0000] {taskinstance.py:2217} INFO - Executing <Task(PythonOperator): actor> on 2024-07-21 00:00:00+00:00
[2024-07-22T19:43:44.862+0000] {standard_task_runner.py:60} INFO - Started process 125 to run task
[2024-07-22T19:43:44.877+0000] {standard_task_runner.py:87} INFO - Running: ['***', 'tasks', 'run', 'stagingtodv', 'actor', 'scheduled__2024-07-21T00:00:00+00:00', '--job-id', '14', '--raw', '--subdir', 'DAGS_FOLDER/dag.py', '--cfg-path', '/tmp/tmpcl2wx_m4']
[2024-07-22T19:43:44.884+0000] {standard_task_runner.py:88} INFO - Job 14: Subtask actor
[2024-07-22T19:43:45.103+0000] {task_command.py:423} INFO - Running <TaskInstance: stagingtodv.actor scheduled__2024-07-21T00:00:00+00:00 [running]> on host 83712395e44a
[2024-07-22T19:43:46.175+0000] {taskinstance.py:2513} INFO - Exporting env vars: AIRFLOW_CTX_DAG_OWNER='***' AIRFLOW_CTX_DAG_ID='stagingtodv' AIRFLOW_CTX_TASK_ID='actor' AIRFLOW_CTX_EXECUTION_DATE='2024-07-21T00:00:00+00:00' AIRFLOW_CTX_TRY_NUMBER='1' AIRFLOW_CTX_DAG_RUN_ID='scheduled__2024-07-21T00:00:00+00:00'
[2024-07-22T19:43:46.179+0000] {logging_mixin.py:188} INFO - -------------------------------------------- select *  from etlconf.Etl_Process_Mapping where SourceTableName = 'actor' and Stage = 'stagingtodv'
[2024-07-22T19:43:46.260+0000] {logging_mixin.py:188} INFO - query select *  from etlconf.Etl_Process_Mapping where SourceTableName = 'actor' and Stage = 'stagingtodv'
[2024-07-22T19:43:46.323+0000] {logging_mixin.py:188} INFO - DFFFFFFF    id sourcetablename  ...        stage              last_run_date
0  18           actor  ...  stagingtodv 2024-07-22 19:38:51.145953

[1 rows x 15 columns]
[2024-07-22T19:43:46.330+0000] {logging_mixin.py:188} INFO - query select T.* from dbstaging.dvdrental.actor T
[2024-07-22T19:43:46.556+0000] {logging_mixin.py:188} INFO - update etlconf.Etl_Process_Mapping T set last_run_date = current_timestamp where destdbname='dbdv' and destschema='dvdrental' and desttablename='actor';
[2024-07-22T19:43:46.574+0000] {python.py:202} INFO - Done. Returned value was: None
[2024-07-22T19:43:46.582+0000] {taskinstance.py:1149} INFO - Marking task as SUCCESS. dag_id=stagingtodv, task_id=actor, execution_date=20240721T000000, start_date=20240722T194344, end_date=20240722T194346
[2024-07-22T19:43:46.632+0000] {local_task_job_runner.py:234} INFO - Task exited with return code 0
[2024-07-22T19:43:46.660+0000] {taskinstance.py:3312} INFO - 0 downstream tasks scheduled from follow-on schedule check
[2024-07-22T19:52:47.005+0000] {taskinstance.py:1979} INFO - Dependencies all met for dep_context=non-requeueable deps ti=<TaskInstance: stagingtodv.actor scheduled__2024-07-21T00:00:00+00:00 [queued]>
[2024-07-22T19:52:47.033+0000] {taskinstance.py:1979} INFO - Dependencies all met for dep_context=requeueable deps ti=<TaskInstance: stagingtodv.actor scheduled__2024-07-21T00:00:00+00:00 [queued]>
[2024-07-22T19:52:47.034+0000] {taskinstance.py:2193} INFO - Starting attempt 1 of 1
[2024-07-22T19:52:47.075+0000] {taskinstance.py:2217} INFO - Executing <Task(PythonOperator): actor> on 2024-07-21 00:00:00+00:00
[2024-07-22T19:52:47.084+0000] {standard_task_runner.py:60} INFO - Started process 97 to run task
[2024-07-22T19:52:47.097+0000] {standard_task_runner.py:87} INFO - Running: ['***', 'tasks', 'run', 'stagingtodv', 'actor', 'scheduled__2024-07-21T00:00:00+00:00', '--job-id', '11', '--raw', '--subdir', 'DAGS_FOLDER/dag.py', '--cfg-path', '/tmp/tmpetisrgz8']
[2024-07-22T19:52:47.142+0000] {standard_task_runner.py:88} INFO - Job 11: Subtask actor
[2024-07-22T19:52:47.283+0000] {task_command.py:423} INFO - Running <TaskInstance: stagingtodv.actor scheduled__2024-07-21T00:00:00+00:00 [running]> on host 6e14590d795e
[2024-07-22T19:52:48.629+0000] {taskinstance.py:2513} INFO - Exporting env vars: AIRFLOW_CTX_DAG_OWNER='***' AIRFLOW_CTX_DAG_ID='stagingtodv' AIRFLOW_CTX_TASK_ID='actor' AIRFLOW_CTX_EXECUTION_DATE='2024-07-21T00:00:00+00:00' AIRFLOW_CTX_TRY_NUMBER='1' AIRFLOW_CTX_DAG_RUN_ID='scheduled__2024-07-21T00:00:00+00:00'
[2024-07-22T19:52:48.635+0000] {logging_mixin.py:188} INFO - -------------------------------------------- select *  from etlconf.Etl_Process_Mapping where SourceTableName = 'actor' and Stage = 'stagingtodv'
[2024-07-22T19:52:48.743+0000] {logging_mixin.py:188} INFO - query select *  from etlconf.Etl_Process_Mapping where SourceTableName = 'actor' and Stage = 'stagingtodv'
[2024-07-22T19:52:48.840+0000] {logging_mixin.py:188} INFO - DFFFFFFF    id sourcetablename  ...        stage              last_run_date
0  18           actor  ...  stagingtodv 2024-07-22 19:43:46.569889

[1 rows x 15 columns]
[2024-07-22T19:52:48.887+0000] {logging_mixin.py:188} INFO - DFFFFFFFFF        0         1             2                       3
0      1  Penelope       Guiness 2013-05-26 14:47:57.620
1      2      Nick      Wahlberg 2013-05-26 14:47:57.620
2      3        Ed         Chase 2013-05-26 14:47:57.620
3      4  Jennifer         Davis 2013-05-26 14:47:57.620
4      5    Johnny  Lollobrigida 2013-05-26 14:47:57.620
..   ...       ...           ...                     ...
195  196      Bela        Walken 2013-05-26 14:47:57.620
196  197     Reese          West 2013-05-26 14:47:57.620
197  198      Mary        Keitel 2013-05-26 14:47:57.620
198  199     Julia       Fawcett 2013-05-26 14:47:57.620
199  200     Thora        Temple 2013-05-26 14:47:57.620

[200 rows x 4 columns]
[2024-07-22T19:52:49.050+0000] {logging_mixin.py:188} INFO - update etlconf.Etl_Process_Mapping T set last_run_date = current_timestamp where destdbname='dbdv' and destschema='dvdrental' and desttablename='actor';
[2024-07-22T19:52:49.064+0000] {python.py:202} INFO - Done. Returned value was: None
[2024-07-22T19:52:49.071+0000] {taskinstance.py:1149} INFO - Marking task as SUCCESS. dag_id=stagingtodv, task_id=actor, execution_date=20240721T000000, start_date=20240722T195247, end_date=20240722T195249
[2024-07-22T19:52:49.127+0000] {local_task_job_runner.py:234} INFO - Task exited with return code 0
[2024-07-22T19:52:49.156+0000] {taskinstance.py:3312} INFO - 0 downstream tasks scheduled from follow-on schedule check
[2024-07-22T19:57:18.929+0000] {taskinstance.py:1979} INFO - Dependencies all met for dep_context=non-requeueable deps ti=<TaskInstance: stagingtodv.actor scheduled__2024-07-21T00:00:00+00:00 [queued]>
[2024-07-22T19:57:18.969+0000] {taskinstance.py:1979} INFO - Dependencies all met for dep_context=requeueable deps ti=<TaskInstance: stagingtodv.actor scheduled__2024-07-21T00:00:00+00:00 [queued]>
[2024-07-22T19:57:18.988+0000] {taskinstance.py:2193} INFO - Starting attempt 1 of 1
[2024-07-22T19:57:19.033+0000] {taskinstance.py:2217} INFO - Executing <Task(PythonOperator): actor> on 2024-07-21 00:00:00+00:00
[2024-07-22T19:57:19.056+0000] {standard_task_runner.py:60} INFO - Started process 100 to run task
[2024-07-22T19:57:19.087+0000] {standard_task_runner.py:87} INFO - Running: ['***', 'tasks', 'run', 'stagingtodv', 'actor', 'scheduled__2024-07-21T00:00:00+00:00', '--job-id', '17', '--raw', '--subdir', 'DAGS_FOLDER/dag.py', '--cfg-path', '/tmp/tmpba2y9c68']
[2024-07-22T19:57:19.101+0000] {standard_task_runner.py:88} INFO - Job 17: Subtask actor
[2024-07-22T19:57:19.201+0000] {task_command.py:423} INFO - Running <TaskInstance: stagingtodv.actor scheduled__2024-07-21T00:00:00+00:00 [running]> on host 1ca6b70ca81e
[2024-07-22T19:57:20.695+0000] {taskinstance.py:2513} INFO - Exporting env vars: AIRFLOW_CTX_DAG_OWNER='***' AIRFLOW_CTX_DAG_ID='stagingtodv' AIRFLOW_CTX_TASK_ID='actor' AIRFLOW_CTX_EXECUTION_DATE='2024-07-21T00:00:00+00:00' AIRFLOW_CTX_TRY_NUMBER='1' AIRFLOW_CTX_DAG_RUN_ID='scheduled__2024-07-21T00:00:00+00:00'
[2024-07-22T19:57:20.703+0000] {logging_mixin.py:188} INFO - -------------------------------------------- select *  from etlconf.Etl_Process_Mapping where SourceTableName = 'actor' and Stage = 'stagingtodv'
[2024-07-22T19:57:20.789+0000] {logging_mixin.py:188} INFO - query select *  from etlconf.Etl_Process_Mapping where SourceTableName = 'actor' and Stage = 'stagingtodv'
[2024-07-22T19:57:20.850+0000] {logging_mixin.py:188} INFO - DFFFFFFF    id sourcetablename  ...        stage              last_run_date
0  18           actor  ...  stagingtodv 2024-07-22 19:52:49.061045

[1 rows x 15 columns]
[2024-07-22T19:57:20.888+0000] {logging_mixin.py:188} INFO - DFFFFFFFFF        0         1             2                       3
0      1  Penelope       Guiness 2013-05-26 14:47:57.620
1      2      Nick      Wahlberg 2013-05-26 14:47:57.620
2      3        Ed         Chase 2013-05-26 14:47:57.620
3      4  Jennifer         Davis 2013-05-26 14:47:57.620
4      5    Johnny  Lollobrigida 2013-05-26 14:47:57.620
..   ...       ...           ...                     ...
195  196      Bela        Walken 2013-05-26 14:47:57.620
196  197     Reese          West 2013-05-26 14:47:57.620
197  198      Mary        Keitel 2013-05-26 14:47:57.620
198  199     Julia       Fawcett 2013-05-26 14:47:57.620
199  200     Thora        Temple 2013-05-26 14:47:57.620

[200 rows x 4 columns]
[2024-07-22T19:57:21.030+0000] {logging_mixin.py:188} INFO - update etlconf.Etl_Process_Mapping T set last_run_date = current_timestamp where destdbname='dbdv' and destschema='dvdrental' and desttablename='actor';
[2024-07-22T19:57:21.040+0000] {python.py:202} INFO - Done. Returned value was: None
[2024-07-22T19:57:21.048+0000] {taskinstance.py:1149} INFO - Marking task as SUCCESS. dag_id=stagingtodv, task_id=actor, execution_date=20240721T000000, start_date=20240722T195718, end_date=20240722T195721
[2024-07-22T19:57:21.081+0000] {local_task_job_runner.py:234} INFO - Task exited with return code 0
[2024-07-22T19:57:21.122+0000] {taskinstance.py:3312} INFO - 0 downstream tasks scheduled from follow-on schedule check
[2024-07-22T20:01:00.730+0000] {taskinstance.py:1979} INFO - Dependencies all met for dep_context=non-requeueable deps ti=<TaskInstance: stagingtodv.actor scheduled__2024-07-21T00:00:00+00:00 [queued]>
[2024-07-22T20:01:00.752+0000] {taskinstance.py:1979} INFO - Dependencies all met for dep_context=requeueable deps ti=<TaskInstance: stagingtodv.actor scheduled__2024-07-21T00:00:00+00:00 [queued]>
[2024-07-22T20:01:00.755+0000] {taskinstance.py:2193} INFO - Starting attempt 1 of 1
[2024-07-22T20:01:00.793+0000] {taskinstance.py:2217} INFO - Executing <Task(PythonOperator): actor> on 2024-07-21 00:00:00+00:00
[2024-07-22T20:01:00.809+0000] {standard_task_runner.py:60} INFO - Started process 122 to run task
[2024-07-22T20:01:00.835+0000] {standard_task_runner.py:87} INFO - Running: ['***', 'tasks', 'run', 'stagingtodv', 'actor', 'scheduled__2024-07-21T00:00:00+00:00', '--job-id', '13', '--raw', '--subdir', 'DAGS_FOLDER/dag.py', '--cfg-path', '/tmp/tmp072xbd7l']
[2024-07-22T20:01:00.888+0000] {standard_task_runner.py:88} INFO - Job 13: Subtask actor
[2024-07-22T20:01:01.094+0000] {task_command.py:423} INFO - Running <TaskInstance: stagingtodv.actor scheduled__2024-07-21T00:00:00+00:00 [running]> on host 2aa012dff3cf
[2024-07-22T20:01:02.450+0000] {taskinstance.py:2513} INFO - Exporting env vars: AIRFLOW_CTX_DAG_OWNER='***' AIRFLOW_CTX_DAG_ID='stagingtodv' AIRFLOW_CTX_TASK_ID='actor' AIRFLOW_CTX_EXECUTION_DATE='2024-07-21T00:00:00+00:00' AIRFLOW_CTX_TRY_NUMBER='1' AIRFLOW_CTX_DAG_RUN_ID='scheduled__2024-07-21T00:00:00+00:00'
[2024-07-22T20:01:02.451+0000] {logging_mixin.py:188} INFO - -------------------------------------------- select *  from etlconf.Etl_Process_Mapping where SourceTableName = 'actor' and Stage = 'stagingtodv'
[2024-07-22T20:01:02.500+0000] {logging_mixin.py:188} INFO - query select *  from etlconf.Etl_Process_Mapping where SourceTableName = 'actor' and Stage = 'stagingtodv'
[2024-07-22T20:01:02.569+0000] {logging_mixin.py:188} INFO - DFFFFFFF    id sourcetablename  ...        stage              last_run_date
0  18           actor  ...  stagingtodv 2024-07-22 19:57:21.037296

[1 rows x 15 columns]
[2024-07-22T20:01:02.605+0000] {logging_mixin.py:188} INFO - DFFFFFFFFF        0         1             2                       3
0      1  Penelope       Guiness 2013-05-26 14:47:57.620
1      2      Nick      Wahlberg 2013-05-26 14:47:57.620
2      3        Ed         Chase 2013-05-26 14:47:57.620
3      4  Jennifer         Davis 2013-05-26 14:47:57.620
4      5    Johnny  Lollobrigida 2013-05-26 14:47:57.620
..   ...       ...           ...                     ...
195  196      Bela        Walken 2013-05-26 14:47:57.620
196  197     Reese          West 2013-05-26 14:47:57.620
197  198      Mary        Keitel 2013-05-26 14:47:57.620
198  199     Julia       Fawcett 2013-05-26 14:47:57.620
199  200     Thora        Temple 2013-05-26 14:47:57.620

[200 rows x 4 columns]
[2024-07-22T20:01:02.752+0000] {logging_mixin.py:188} INFO - update etlconf.Etl_Process_Mapping T set last_run_date = current_timestamp where destdbname='dbdv' and destschema='dvdrental' and desttablename='actor';
[2024-07-22T20:01:02.765+0000] {python.py:202} INFO - Done. Returned value was: None
[2024-07-22T20:01:02.772+0000] {taskinstance.py:1149} INFO - Marking task as SUCCESS. dag_id=stagingtodv, task_id=actor, execution_date=20240721T000000, start_date=20240722T200100, end_date=20240722T200102
[2024-07-22T20:01:02.804+0000] {local_task_job_runner.py:234} INFO - Task exited with return code 0
[2024-07-22T20:01:02.822+0000] {taskinstance.py:3312} INFO - 0 downstream tasks scheduled from follow-on schedule check
[2024-07-22T20:07:53.137+0000] {taskinstance.py:1979} INFO - Dependencies all met for dep_context=non-requeueable deps ti=<TaskInstance: stagingtodv.actor scheduled__2024-07-21T00:00:00+00:00 [queued]>
[2024-07-22T20:07:53.183+0000] {taskinstance.py:1979} INFO - Dependencies all met for dep_context=requeueable deps ti=<TaskInstance: stagingtodv.actor scheduled__2024-07-21T00:00:00+00:00 [queued]>
[2024-07-22T20:07:53.191+0000] {taskinstance.py:2193} INFO - Starting attempt 1 of 1
[2024-07-22T20:07:53.252+0000] {taskinstance.py:2217} INFO - Executing <Task(PythonOperator): actor> on 2024-07-21 00:00:00+00:00
[2024-07-22T20:07:53.311+0000] {standard_task_runner.py:60} INFO - Started process 108 to run task
[2024-07-22T20:07:53.304+0000] {standard_task_runner.py:87} INFO - Running: ['***', 'tasks', 'run', 'stagingtodv', 'actor', 'scheduled__2024-07-21T00:00:00+00:00', '--job-id', '4', '--raw', '--subdir', 'DAGS_FOLDER/dag.py', '--cfg-path', '/tmp/tmp6js33y1e']
[2024-07-22T20:07:53.345+0000] {standard_task_runner.py:88} INFO - Job 4: Subtask actor
[2024-07-22T20:07:53.626+0000] {task_command.py:423} INFO - Running <TaskInstance: stagingtodv.actor scheduled__2024-07-21T00:00:00+00:00 [running]> on host 05733b1af473
[2024-07-22T20:07:54.887+0000] {taskinstance.py:2513} INFO - Exporting env vars: AIRFLOW_CTX_DAG_OWNER='***' AIRFLOW_CTX_DAG_ID='stagingtodv' AIRFLOW_CTX_TASK_ID='actor' AIRFLOW_CTX_EXECUTION_DATE='2024-07-21T00:00:00+00:00' AIRFLOW_CTX_TRY_NUMBER='1' AIRFLOW_CTX_DAG_RUN_ID='scheduled__2024-07-21T00:00:00+00:00'
[2024-07-22T20:07:54.895+0000] {logging_mixin.py:188} INFO - -------------------------------------------- select *  from etlconf.Etl_Process_Mapping where SourceTableName = 'actor' and Stage = 'stagingtodv'
[2024-07-22T20:07:55.143+0000] {logging_mixin.py:188} INFO - DFFFFFFFFFDFFFFFFFFF        0         1             2                       3
0      1  Penelope       Guiness 2013-05-26 14:47:57.620
1      2      Nick      Wahlberg 2013-05-26 14:47:57.620
2      3        Ed         Chase 2013-05-26 14:47:57.620
3      4  Jennifer         Davis 2013-05-26 14:47:57.620
4      5    Johnny  Lollobrigida 2013-05-26 14:47:57.620
..   ...       ...           ...                     ...
195  196      Bela        Walken 2013-05-26 14:47:57.620
196  197     Reese          West 2013-05-26 14:47:57.620
197  198      Mary        Keitel 2013-05-26 14:47:57.620
198  199     Julia       Fawcett 2013-05-26 14:47:57.620
199  200     Thora        Temple 2013-05-26 14:47:57.620

[200 rows x 4 columns]
[2024-07-22T20:07:55.428+0000] {logging_mixin.py:188} INFO - update etlconf.Etl_Process_Mapping T set last_run_date = current_timestamp where destdbname='dbdv' and destschema='dvdrental' and desttablename='actor';
[2024-07-22T20:07:55.440+0000] {python.py:202} INFO - Done. Returned value was: None
[2024-07-22T20:07:55.447+0000] {taskinstance.py:1149} INFO - Marking task as SUCCESS. dag_id=stagingtodv, task_id=actor, execution_date=20240721T000000, start_date=20240722T200753, end_date=20240722T200755
[2024-07-22T20:07:55.510+0000] {local_task_job_runner.py:234} INFO - Task exited with return code 0
[2024-07-22T20:07:55.557+0000] {taskinstance.py:3312} INFO - 0 downstream tasks scheduled from follow-on schedule check
[2024-07-22T20:12:24.228+0000] {taskinstance.py:1979} INFO - Dependencies all met for dep_context=non-requeueable deps ti=<TaskInstance: stagingtodv.actor scheduled__2024-07-21T00:00:00+00:00 [queued]>
[2024-07-22T20:12:24.251+0000] {taskinstance.py:1979} INFO - Dependencies all met for dep_context=requeueable deps ti=<TaskInstance: stagingtodv.actor scheduled__2024-07-21T00:00:00+00:00 [queued]>
[2024-07-22T20:12:24.253+0000] {taskinstance.py:2193} INFO - Starting attempt 1 of 1
[2024-07-22T20:12:24.284+0000] {taskinstance.py:2217} INFO - Executing <Task(PythonOperator): actor> on 2024-07-21 00:00:00+00:00
[2024-07-22T20:12:24.318+0000] {standard_task_runner.py:60} INFO - Started process 97 to run task
[2024-07-22T20:12:24.341+0000] {standard_task_runner.py:87} INFO - Running: ['***', 'tasks', 'run', 'stagingtodv', 'actor', 'scheduled__2024-07-21T00:00:00+00:00', '--job-id', '6', '--raw', '--subdir', 'DAGS_FOLDER/dag.py', '--cfg-path', '/tmp/tmpgj91m752']
[2024-07-22T20:12:24.380+0000] {standard_task_runner.py:88} INFO - Job 6: Subtask actor
[2024-07-22T20:12:24.675+0000] {task_command.py:423} INFO - Running <TaskInstance: stagingtodv.actor scheduled__2024-07-21T00:00:00+00:00 [running]> on host 0a26f4611472
[2024-07-22T20:12:26.108+0000] {taskinstance.py:2513} INFO - Exporting env vars: AIRFLOW_CTX_DAG_OWNER='***' AIRFLOW_CTX_DAG_ID='stagingtodv' AIRFLOW_CTX_TASK_ID='actor' AIRFLOW_CTX_EXECUTION_DATE='2024-07-21T00:00:00+00:00' AIRFLOW_CTX_TRY_NUMBER='1' AIRFLOW_CTX_DAG_RUN_ID='scheduled__2024-07-21T00:00:00+00:00'
[2024-07-22T20:12:26.110+0000] {logging_mixin.py:188} INFO - -------------------------------------------- select *  from etlconf.Etl_Process_Mapping where SourceTableName = 'actor' and Stage = 'stagingtodv'
[2024-07-22T20:12:26.257+0000] {logging_mixin.py:188} INFO - DFFFFFFFFFDFFFFFFFFF        0         1             2                       3
0      1  Penelope       Guiness 2013-05-26 14:47:57.620
1      2      Nick      Wahlberg 2013-05-26 14:47:57.620
2      3        Ed         Chase 2013-05-26 14:47:57.620
3      4  Jennifer         Davis 2013-05-26 14:47:57.620
4      5    Johnny  Lollobrigida 2013-05-26 14:47:57.620
..   ...       ...           ...                     ...
195  196      Bela        Walken 2013-05-26 14:47:57.620
196  197     Reese          West 2013-05-26 14:47:57.620
197  198      Mary        Keitel 2013-05-26 14:47:57.620
198  199     Julia       Fawcett 2013-05-26 14:47:57.620
199  200     Thora        Temple 2013-05-26 14:47:57.620

[200 rows x 4 columns]
[2024-07-22T20:12:26.490+0000] {logging_mixin.py:188} INFO - update etlconf.Etl_Process_Mapping T set last_run_date = current_timestamp where destdbname='dbdv' and destschema='dvdrental' and desttablename='actor';
[2024-07-22T20:12:26.515+0000] {python.py:202} INFO - Done. Returned value was: None
[2024-07-22T20:12:26.522+0000] {taskinstance.py:1149} INFO - Marking task as SUCCESS. dag_id=stagingtodv, task_id=actor, execution_date=20240721T000000, start_date=20240722T201224, end_date=20240722T201226
[2024-07-22T20:12:26.585+0000] {local_task_job_runner.py:234} INFO - Task exited with return code 0
[2024-07-22T20:12:26.653+0000] {taskinstance.py:3312} INFO - 0 downstream tasks scheduled from follow-on schedule check
[2024-07-22T20:16:39.557+0000] {taskinstance.py:1979} INFO - Dependencies all met for dep_context=non-requeueable deps ti=<TaskInstance: stagingtodv.actor scheduled__2024-07-21T00:00:00+00:00 [queued]>
[2024-07-22T20:16:39.568+0000] {taskinstance.py:1979} INFO - Dependencies all met for dep_context=requeueable deps ti=<TaskInstance: stagingtodv.actor scheduled__2024-07-21T00:00:00+00:00 [queued]>
[2024-07-22T20:16:39.571+0000] {taskinstance.py:2193} INFO - Starting attempt 1 of 1
[2024-07-22T20:16:39.589+0000] {taskinstance.py:2217} INFO - Executing <Task(PythonOperator): actor> on 2024-07-21 00:00:00+00:00
[2024-07-22T20:16:39.603+0000] {standard_task_runner.py:60} INFO - Started process 94 to run task
[2024-07-22T20:16:39.610+0000] {standard_task_runner.py:87} INFO - Running: ['***', 'tasks', 'run', 'stagingtodv', 'actor', 'scheduled__2024-07-21T00:00:00+00:00', '--job-id', '16', '--raw', '--subdir', 'DAGS_FOLDER/dag.py', '--cfg-path', '/tmp/tmp2pvd6ti8']
[2024-07-22T20:16:39.615+0000] {standard_task_runner.py:88} INFO - Job 16: Subtask actor
[2024-07-22T20:16:39.799+0000] {task_command.py:423} INFO - Running <TaskInstance: stagingtodv.actor scheduled__2024-07-21T00:00:00+00:00 [running]> on host 78ac63ab6c84
[2024-07-22T20:16:41.223+0000] {taskinstance.py:2513} INFO - Exporting env vars: AIRFLOW_CTX_DAG_OWNER='***' AIRFLOW_CTX_DAG_ID='stagingtodv' AIRFLOW_CTX_TASK_ID='actor' AIRFLOW_CTX_EXECUTION_DATE='2024-07-21T00:00:00+00:00' AIRFLOW_CTX_TRY_NUMBER='1' AIRFLOW_CTX_DAG_RUN_ID='scheduled__2024-07-21T00:00:00+00:00'
[2024-07-22T20:16:41.225+0000] {logging_mixin.py:188} INFO - -------------------------------------------- select *  from etlconf.Etl_Process_Mapping where SourceTableName = 'actor' and Stage = 'stagingtodv'
[2024-07-22T20:16:41.295+0000] {logging_mixin.py:188} INFO - DFFFFFFFFFDFFFFFFFFF        0         1             2                       3
0      1  Penelope       Guiness 2013-05-26 14:47:57.620
1      2      Nick      Wahlberg 2013-05-26 14:47:57.620
2      3        Ed         Chase 2013-05-26 14:47:57.620
3      4  Jennifer         Davis 2013-05-26 14:47:57.620
4      5    Johnny  Lollobrigida 2013-05-26 14:47:57.620
..   ...       ...           ...                     ...
195  196      Bela        Walken 2013-05-26 14:47:57.620
196  197     Reese          West 2013-05-26 14:47:57.620
197  198      Mary        Keitel 2013-05-26 14:47:57.620
198  199     Julia       Fawcett 2013-05-26 14:47:57.620
199  200     Thora        Temple 2013-05-26 14:47:57.620

[200 rows x 4 columns]
[2024-07-22T20:16:41.374+0000] {logging_mixin.py:188} INFO - update etlconf.Etl_Process_Mapping T set last_run_date = current_timestamp where destdbname='dbdv' and destschema='dvdrental' and desttablename='actor';
[2024-07-22T20:16:41.395+0000] {python.py:202} INFO - Done. Returned value was: None
[2024-07-22T20:16:41.406+0000] {taskinstance.py:1149} INFO - Marking task as SUCCESS. dag_id=stagingtodv, task_id=actor, execution_date=20240721T000000, start_date=20240722T201639, end_date=20240722T201641
[2024-07-22T20:16:41.462+0000] {local_task_job_runner.py:234} INFO - Task exited with return code 0
[2024-07-22T20:16:41.515+0000] {taskinstance.py:3312} INFO - 0 downstream tasks scheduled from follow-on schedule check
[2024-07-22T20:31:14.235+0000] {taskinstance.py:1979} INFO - Dependencies all met for dep_context=non-requeueable deps ti=<TaskInstance: stagingtodv.actor scheduled__2024-07-21T00:00:00+00:00 [queued]>
[2024-07-22T20:31:14.254+0000] {taskinstance.py:1979} INFO - Dependencies all met for dep_context=requeueable deps ti=<TaskInstance: stagingtodv.actor scheduled__2024-07-21T00:00:00+00:00 [queued]>
[2024-07-22T20:31:14.257+0000] {taskinstance.py:2193} INFO - Starting attempt 1 of 1
[2024-07-22T20:31:14.268+0000] {taskinstance.py:2217} INFO - Executing <Task(PythonOperator): actor> on 2024-07-21 00:00:00+00:00
[2024-07-22T20:31:14.282+0000] {standard_task_runner.py:60} INFO - Started process 91 to run task
[2024-07-22T20:31:14.321+0000] {standard_task_runner.py:87} INFO - Running: ['***', 'tasks', 'run', 'stagingtodv', 'actor', 'scheduled__2024-07-21T00:00:00+00:00', '--job-id', '12', '--raw', '--subdir', 'DAGS_FOLDER/dag.py', '--cfg-path', '/tmp/tmp9og9p0um']
[2024-07-22T20:31:14.341+0000] {standard_task_runner.py:88} INFO - Job 12: Subtask actor
[2024-07-22T20:31:14.479+0000] {task_command.py:423} INFO - Running <TaskInstance: stagingtodv.actor scheduled__2024-07-21T00:00:00+00:00 [running]> on host 9126008e9d77
[2024-07-22T20:31:15.612+0000] {taskinstance.py:2513} INFO - Exporting env vars: AIRFLOW_CTX_DAG_OWNER='***' AIRFLOW_CTX_DAG_ID='stagingtodv' AIRFLOW_CTX_TASK_ID='actor' AIRFLOW_CTX_EXECUTION_DATE='2024-07-21T00:00:00+00:00' AIRFLOW_CTX_TRY_NUMBER='1' AIRFLOW_CTX_DAG_RUN_ID='scheduled__2024-07-21T00:00:00+00:00'
[2024-07-22T20:31:15.616+0000] {logging_mixin.py:188} INFO - -------------------------------------------- select *  from etlconf.Etl_Process_Mapping where SourceTableName = 'actor' and Stage = 'stagingtodv'
[2024-07-22T20:31:15.780+0000] {logging_mixin.py:188} INFO - DFFFFFFFFFDFFFFFFFFF        0         1             2                       3
0      1  Penelope       Guiness 2013-05-26 14:47:57.620
1      2      Nick      Wahlberg 2013-05-26 14:47:57.620
2      3        Ed         Chase 2013-05-26 14:47:57.620
3      4  Jennifer         Davis 2013-05-26 14:47:57.620
4      5    Johnny  Lollobrigida 2013-05-26 14:47:57.620
..   ...       ...           ...                     ...
195  196      Bela        Walken 2013-05-26 14:47:57.620
196  197     Reese          West 2013-05-26 14:47:57.620
197  198      Mary        Keitel 2013-05-26 14:47:57.620
198  199     Julia       Fawcett 2013-05-26 14:47:57.620
199  200     Thora        Temple 2013-05-26 14:47:57.620

[200 rows x 4 columns]
[2024-07-22T20:31:16.012+0000] {logging_mixin.py:188} INFO - update etlconf.Etl_Process_Mapping T set last_run_date = current_timestamp where destdbname='dbdv' and destschema='dvdrental' and desttablename='actor';
[2024-07-22T20:31:16.026+0000] {python.py:202} INFO - Done. Returned value was: None
[2024-07-22T20:31:16.032+0000] {taskinstance.py:1149} INFO - Marking task as SUCCESS. dag_id=stagingtodv, task_id=actor, execution_date=20240721T000000, start_date=20240722T203114, end_date=20240722T203116
[2024-07-22T20:31:16.080+0000] {local_task_job_runner.py:234} INFO - Task exited with return code 0
[2024-07-22T20:31:16.114+0000] {taskinstance.py:3312} INFO - 0 downstream tasks scheduled from follow-on schedule check
[2024-07-22T20:33:01.000+0000] {taskinstance.py:1979} INFO - Dependencies all met for dep_context=non-requeueable deps ti=<TaskInstance: stagingtodv.actor scheduled__2024-07-21T00:00:00+00:00 [queued]>
[2024-07-22T20:33:01.035+0000] {taskinstance.py:1979} INFO - Dependencies all met for dep_context=requeueable deps ti=<TaskInstance: stagingtodv.actor scheduled__2024-07-21T00:00:00+00:00 [queued]>
[2024-07-22T20:33:01.045+0000] {taskinstance.py:2193} INFO - Starting attempt 1 of 1
[2024-07-22T20:33:01.080+0000] {taskinstance.py:2217} INFO - Executing <Task(PythonOperator): actor> on 2024-07-21 00:00:00+00:00
[2024-07-22T20:33:01.090+0000] {standard_task_runner.py:60} INFO - Started process 81 to run task
[2024-07-22T20:33:01.107+0000] {standard_task_runner.py:87} INFO - Running: ['***', 'tasks', 'run', 'stagingtodv', 'actor', 'scheduled__2024-07-21T00:00:00+00:00', '--job-id', '4', '--raw', '--subdir', 'DAGS_FOLDER/dag.py', '--cfg-path', '/tmp/tmpwv6rxheq']
[2024-07-22T20:33:01.127+0000] {standard_task_runner.py:88} INFO - Job 4: Subtask actor
[2024-07-22T20:33:01.364+0000] {task_command.py:423} INFO - Running <TaskInstance: stagingtodv.actor scheduled__2024-07-21T00:00:00+00:00 [running]> on host 79b906a44679
[2024-07-22T20:33:02.880+0000] {taskinstance.py:2513} INFO - Exporting env vars: AIRFLOW_CTX_DAG_OWNER='***' AIRFLOW_CTX_DAG_ID='stagingtodv' AIRFLOW_CTX_TASK_ID='actor' AIRFLOW_CTX_EXECUTION_DATE='2024-07-21T00:00:00+00:00' AIRFLOW_CTX_TRY_NUMBER='1' AIRFLOW_CTX_DAG_RUN_ID='scheduled__2024-07-21T00:00:00+00:00'
[2024-07-22T20:33:02.898+0000] {logging_mixin.py:188} INFO - -------------------------------------------- select *  from etlconf.Etl_Process_Mapping where SourceTableName = 'actor' and Stage = 'stagingtodv'
[2024-07-22T20:33:03.114+0000] {logging_mixin.py:188} INFO - DFFFFFFFFFDFFFFFFFFF        0         1             2                       3
0      1  Penelope       Guiness 2013-05-26 14:47:57.620
1      2      Nick      Wahlberg 2013-05-26 14:47:57.620
2      3        Ed         Chase 2013-05-26 14:47:57.620
3      4  Jennifer         Davis 2013-05-26 14:47:57.620
4      5    Johnny  Lollobrigida 2013-05-26 14:47:57.620
..   ...       ...           ...                     ...
195  196      Bela        Walken 2013-05-26 14:47:57.620
196  197     Reese          West 2013-05-26 14:47:57.620
197  198      Mary        Keitel 2013-05-26 14:47:57.620
198  199     Julia       Fawcett 2013-05-26 14:47:57.620
199  200     Thora        Temple 2013-05-26 14:47:57.620

[200 rows x 4 columns]
[2024-07-22T20:33:03.287+0000] {logging_mixin.py:188} INFO - update etlconf.Etl_Process_Mapping T set last_run_date = current_timestamp where destdbname='dbdv' and destschema='dvdrental' and desttablename='actor';
[2024-07-22T20:33:03.299+0000] {python.py:202} INFO - Done. Returned value was: None
[2024-07-22T20:33:03.308+0000] {taskinstance.py:1149} INFO - Marking task as SUCCESS. dag_id=stagingtodv, task_id=actor, execution_date=20240721T000000, start_date=20240722T203301, end_date=20240722T203303
[2024-07-22T20:33:03.360+0000] {local_task_job_runner.py:234} INFO - Task exited with return code 0
[2024-07-22T20:33:03.413+0000] {taskinstance.py:3312} INFO - 0 downstream tasks scheduled from follow-on schedule check
[2024-07-22T20:35:55.112+0000] {taskinstance.py:1979} INFO - Dependencies all met for dep_context=non-requeueable deps ti=<TaskInstance: stagingtodv.actor scheduled__2024-07-21T00:00:00+00:00 [queued]>
[2024-07-22T20:35:55.127+0000] {taskinstance.py:1979} INFO - Dependencies all met for dep_context=requeueable deps ti=<TaskInstance: stagingtodv.actor scheduled__2024-07-21T00:00:00+00:00 [queued]>
[2024-07-22T20:35:55.133+0000] {taskinstance.py:2193} INFO - Starting attempt 1 of 1
[2024-07-22T20:35:55.197+0000] {taskinstance.py:2217} INFO - Executing <Task(PythonOperator): actor> on 2024-07-21 00:00:00+00:00
[2024-07-22T20:35:55.226+0000] {standard_task_runner.py:87} INFO - Running: ['***', 'tasks', 'run', 'stagingtodv', 'actor', 'scheduled__2024-07-21T00:00:00+00:00', '--job-id', '17', '--raw', '--subdir', 'DAGS_FOLDER/dag.py', '--cfg-path', '/tmp/tmpb1sfuio4']
[2024-07-22T20:35:55.239+0000] {standard_task_runner.py:88} INFO - Job 17: Subtask actor
[2024-07-22T20:35:55.221+0000] {standard_task_runner.py:60} INFO - Started process 103 to run task
[2024-07-22T20:35:55.524+0000] {task_command.py:423} INFO - Running <TaskInstance: stagingtodv.actor scheduled__2024-07-21T00:00:00+00:00 [running]> on host eba0c7ca727b
[2024-07-22T20:35:56.695+0000] {taskinstance.py:2513} INFO - Exporting env vars: AIRFLOW_CTX_DAG_OWNER='***' AIRFLOW_CTX_DAG_ID='stagingtodv' AIRFLOW_CTX_TASK_ID='actor' AIRFLOW_CTX_EXECUTION_DATE='2024-07-21T00:00:00+00:00' AIRFLOW_CTX_TRY_NUMBER='1' AIRFLOW_CTX_DAG_RUN_ID='scheduled__2024-07-21T00:00:00+00:00'
[2024-07-22T20:35:56.701+0000] {logging_mixin.py:188} INFO - -------------------------------------------- select *  from etlconf.Etl_Process_Mapping where SourceTableName = 'actor' and Stage = 'stagingtodv'
[2024-07-22T20:35:56.841+0000] {logging_mixin.py:188} INFO - DFFFFFFFFFDFFFFFFFFF        0         1             2                       3
0      1  Penelope       Guiness 2013-05-26 14:47:57.620
1      2      Nick      Wahlberg 2013-05-26 14:47:57.620
2      3        Ed         Chase 2013-05-26 14:47:57.620
3      4  Jennifer         Davis 2013-05-26 14:47:57.620
4      5    Johnny  Lollobrigida 2013-05-26 14:47:57.620
..   ...       ...           ...                     ...
195  196      Bela        Walken 2013-05-26 14:47:57.620
196  197     Reese          West 2013-05-26 14:47:57.620
197  198      Mary        Keitel 2013-05-26 14:47:57.620
198  199     Julia       Fawcett 2013-05-26 14:47:57.620
199  200     Thora        Temple 2013-05-26 14:47:57.620

[200 rows x 4 columns]
[2024-07-22T20:35:57.075+0000] {logging_mixin.py:188} INFO - update etlconf.Etl_Process_Mapping T set last_run_date = current_timestamp where destdbname='dbdv' and destschema='dvdrental' and desttablename='actor';
[2024-07-22T20:35:57.094+0000] {python.py:202} INFO - Done. Returned value was: None
[2024-07-22T20:35:57.101+0000] {taskinstance.py:1149} INFO - Marking task as SUCCESS. dag_id=stagingtodv, task_id=actor, execution_date=20240721T000000, start_date=20240722T203555, end_date=20240722T203557
[2024-07-22T20:35:57.143+0000] {local_task_job_runner.py:234} INFO - Task exited with return code 0
[2024-07-22T20:35:57.172+0000] {taskinstance.py:3312} INFO - 0 downstream tasks scheduled from follow-on schedule check
[2024-07-22T20:37:38.453+0000] {taskinstance.py:1979} INFO - Dependencies all met for dep_context=non-requeueable deps ti=<TaskInstance: stagingtodv.actor scheduled__2024-07-21T00:00:00+00:00 [queued]>
[2024-07-22T20:37:38.485+0000] {taskinstance.py:1979} INFO - Dependencies all met for dep_context=requeueable deps ti=<TaskInstance: stagingtodv.actor scheduled__2024-07-21T00:00:00+00:00 [queued]>
[2024-07-22T20:37:38.494+0000] {taskinstance.py:2193} INFO - Starting attempt 1 of 1
[2024-07-22T20:37:38.535+0000] {taskinstance.py:2217} INFO - Executing <Task(PythonOperator): actor> on 2024-07-21 00:00:00+00:00
[2024-07-22T20:37:38.563+0000] {standard_task_runner.py:60} INFO - Started process 94 to run task
[2024-07-22T20:37:38.569+0000] {standard_task_runner.py:87} INFO - Running: ['***', 'tasks', 'run', 'stagingtodv', 'actor', 'scheduled__2024-07-21T00:00:00+00:00', '--job-id', '7', '--raw', '--subdir', 'DAGS_FOLDER/dag.py', '--cfg-path', '/tmp/tmp565y_m3k']
[2024-07-22T20:37:38.579+0000] {standard_task_runner.py:88} INFO - Job 7: Subtask actor
[2024-07-22T20:37:38.819+0000] {task_command.py:423} INFO - Running <TaskInstance: stagingtodv.actor scheduled__2024-07-21T00:00:00+00:00 [running]> on host ca612ea69d67
[2024-07-22T20:37:40.256+0000] {taskinstance.py:2513} INFO - Exporting env vars: AIRFLOW_CTX_DAG_OWNER='***' AIRFLOW_CTX_DAG_ID='stagingtodv' AIRFLOW_CTX_TASK_ID='actor' AIRFLOW_CTX_EXECUTION_DATE='2024-07-21T00:00:00+00:00' AIRFLOW_CTX_TRY_NUMBER='1' AIRFLOW_CTX_DAG_RUN_ID='scheduled__2024-07-21T00:00:00+00:00'
[2024-07-22T20:37:40.273+0000] {logging_mixin.py:188} INFO - -------------------------------------------- select *  from etlconf.Etl_Process_Mapping where SourceTableName = 'actor' and Stage = 'stagingtodv'
[2024-07-22T20:37:40.463+0000] {logging_mixin.py:188} INFO - DFFFFFFFFFDFFFFFFFFF        0         1             2                       3
0      1  Penelope       Guiness 2013-05-26 14:47:57.620
1      2      Nick      Wahlberg 2013-05-26 14:47:57.620
2      3        Ed         Chase 2013-05-26 14:47:57.620
3      4  Jennifer         Davis 2013-05-26 14:47:57.620
4      5    Johnny  Lollobrigida 2013-05-26 14:47:57.620
..   ...       ...           ...                     ...
195  196      Bela        Walken 2013-05-26 14:47:57.620
196  197     Reese          West 2013-05-26 14:47:57.620
197  198      Mary        Keitel 2013-05-26 14:47:57.620
198  199     Julia       Fawcett 2013-05-26 14:47:57.620
199  200     Thora        Temple 2013-05-26 14:47:57.620

[200 rows x 4 columns]
[2024-07-22T20:37:40.620+0000] {logging_mixin.py:188} INFO - update etlconf.Etl_Process_Mapping T set last_run_date = current_timestamp where destdbname='dbdv' and destschema='dvdrental' and desttablename='actor';
[2024-07-22T20:37:40.657+0000] {python.py:202} INFO - Done. Returned value was: None
[2024-07-22T20:37:40.665+0000] {taskinstance.py:1149} INFO - Marking task as SUCCESS. dag_id=stagingtodv, task_id=actor, execution_date=20240721T000000, start_date=20240722T203738, end_date=20240722T203740
[2024-07-22T20:37:40.714+0000] {local_task_job_runner.py:234} INFO - Task exited with return code 0
[2024-07-22T20:37:40.728+0000] {taskinstance.py:3312} INFO - 0 downstream tasks scheduled from follow-on schedule check
[2024-07-22T20:48:35.563+0000] {taskinstance.py:1979} INFO - Dependencies all met for dep_context=non-requeueable deps ti=<TaskInstance: stagingtodv.actor scheduled__2024-07-21T00:00:00+00:00 [queued]>
[2024-07-22T20:48:35.608+0000] {taskinstance.py:1979} INFO - Dependencies all met for dep_context=requeueable deps ti=<TaskInstance: stagingtodv.actor scheduled__2024-07-21T00:00:00+00:00 [queued]>
[2024-07-22T20:48:35.615+0000] {taskinstance.py:2193} INFO - Starting attempt 1 of 1
[2024-07-22T20:48:35.645+0000] {taskinstance.py:2217} INFO - Executing <Task(PythonOperator): actor> on 2024-07-21 00:00:00+00:00
[2024-07-22T20:48:35.662+0000] {standard_task_runner.py:60} INFO - Started process 100 to run task
[2024-07-22T20:48:35.678+0000] {standard_task_runner.py:87} INFO - Running: ['***', 'tasks', 'run', 'stagingtodv', 'actor', 'scheduled__2024-07-21T00:00:00+00:00', '--job-id', '9', '--raw', '--subdir', 'DAGS_FOLDER/dag.py', '--cfg-path', '/tmp/tmp88lnhz3b']
[2024-07-22T20:48:35.692+0000] {standard_task_runner.py:88} INFO - Job 9: Subtask actor
[2024-07-22T20:48:35.952+0000] {task_command.py:423} INFO - Running <TaskInstance: stagingtodv.actor scheduled__2024-07-21T00:00:00+00:00 [running]> on host d9bd7bcefcfd
[2024-07-22T20:48:36.721+0000] {taskinstance.py:2513} INFO - Exporting env vars: AIRFLOW_CTX_DAG_OWNER='***' AIRFLOW_CTX_DAG_ID='stagingtodv' AIRFLOW_CTX_TASK_ID='actor' AIRFLOW_CTX_EXECUTION_DATE='2024-07-21T00:00:00+00:00' AIRFLOW_CTX_TRY_NUMBER='1' AIRFLOW_CTX_DAG_RUN_ID='scheduled__2024-07-21T00:00:00+00:00'
[2024-07-22T20:48:36.735+0000] {logging_mixin.py:188} INFO - -------------------------------------------- select *  from etlconf.Etl_Process_Mapping where SourceTableName = 'actor' and Stage = 'stagingtodv'
[2024-07-22T20:48:37.277+0000] {logging_mixin.py:188} INFO - DFFFFFFFFFDFFFFFFFFF        0         1             2                       3
0      1  Penelope       Guiness 2013-05-26 14:47:57.620
1      2      Nick      Wahlberg 2013-05-26 14:47:57.620
2      3        Ed         Chase 2013-05-26 14:47:57.620
3      4  Jennifer         Davis 2013-05-26 14:47:57.620
4      5    Johnny  Lollobrigida 2013-05-26 14:47:57.620
..   ...       ...           ...                     ...
195  196      Bela        Walken 2013-05-26 14:47:57.620
196  197     Reese          West 2013-05-26 14:47:57.620
197  198      Mary        Keitel 2013-05-26 14:47:57.620
198  199     Julia       Fawcett 2013-05-26 14:47:57.620
199  200     Thora        Temple 2013-05-26 14:47:57.620

[200 rows x 4 columns]
[2024-07-22T20:48:37.840+0000] {logging_mixin.py:188} INFO - update etlconf.Etl_Process_Mapping T set last_run_date = current_timestamp where destdbname='dbdv' and destschema='dvdrental' and desttablename='actor';
[2024-07-22T20:48:37.862+0000] {python.py:202} INFO - Done. Returned value was: None
[2024-07-22T20:48:37.876+0000] {taskinstance.py:1149} INFO - Marking task as SUCCESS. dag_id=stagingtodv, task_id=actor, execution_date=20240721T000000, start_date=20240722T204835, end_date=20240722T204837
[2024-07-22T20:48:37.909+0000] {local_task_job_runner.py:234} INFO - Task exited with return code 0
[2024-07-22T20:48:37.943+0000] {taskinstance.py:3312} INFO - 0 downstream tasks scheduled from follow-on schedule check
[2024-07-22T20:50:36.748+0000] {taskinstance.py:1979} INFO - Dependencies all met for dep_context=non-requeueable deps ti=<TaskInstance: stagingtodv.actor scheduled__2024-07-21T00:00:00+00:00 [queued]>
[2024-07-22T20:50:36.780+0000] {taskinstance.py:1979} INFO - Dependencies all met for dep_context=requeueable deps ti=<TaskInstance: stagingtodv.actor scheduled__2024-07-21T00:00:00+00:00 [queued]>
[2024-07-22T20:50:36.785+0000] {taskinstance.py:2193} INFO - Starting attempt 1 of 1
[2024-07-22T20:50:36.825+0000] {taskinstance.py:2217} INFO - Executing <Task(PythonOperator): actor> on 2024-07-21 00:00:00+00:00
[2024-07-22T20:50:36.864+0000] {standard_task_runner.py:60} INFO - Started process 97 to run task
[2024-07-22T20:50:36.890+0000] {standard_task_runner.py:87} INFO - Running: ['***', 'tasks', 'run', 'stagingtodv', 'actor', 'scheduled__2024-07-21T00:00:00+00:00', '--job-id', '9', '--raw', '--subdir', 'DAGS_FOLDER/dag.py', '--cfg-path', '/tmp/tmpnqvsyrhm']
[2024-07-22T20:50:36.906+0000] {standard_task_runner.py:88} INFO - Job 9: Subtask actor
[2024-07-22T20:50:37.057+0000] {task_command.py:423} INFO - Running <TaskInstance: stagingtodv.actor scheduled__2024-07-21T00:00:00+00:00 [running]> on host c43d948598a9
[2024-07-22T20:50:38.395+0000] {taskinstance.py:2513} INFO - Exporting env vars: AIRFLOW_CTX_DAG_OWNER='***' AIRFLOW_CTX_DAG_ID='stagingtodv' AIRFLOW_CTX_TASK_ID='actor' AIRFLOW_CTX_EXECUTION_DATE='2024-07-21T00:00:00+00:00' AIRFLOW_CTX_TRY_NUMBER='1' AIRFLOW_CTX_DAG_RUN_ID='scheduled__2024-07-21T00:00:00+00:00'
[2024-07-22T20:50:38.406+0000] {logging_mixin.py:188} INFO - -------------------------------------------- select *  from etlconf.Etl_Process_Mapping where SourceTableName = 'actor' and Stage = 'stagingtodv'
[2024-07-22T20:50:38.644+0000] {logging_mixin.py:188} INFO - DFFFFFFFFFDFFFFFFFFF        0         1             2                       3
0      1  Penelope       Guiness 2013-05-26 14:47:57.620
1      2      Nick      Wahlberg 2013-05-26 14:47:57.620
2      3        Ed         Chase 2013-05-26 14:47:57.620
3      4  Jennifer         Davis 2013-05-26 14:47:57.620
4      5    Johnny  Lollobrigida 2013-05-26 14:47:57.620
..   ...       ...           ...                     ...
195  196      Bela        Walken 2013-05-26 14:47:57.620
196  197     Reese          West 2013-05-26 14:47:57.620
197  198      Mary        Keitel 2013-05-26 14:47:57.620
198  199     Julia       Fawcett 2013-05-26 14:47:57.620
199  200     Thora        Temple 2013-05-26 14:47:57.620

[200 rows x 4 columns]
[2024-07-22T20:50:38.982+0000] {logging_mixin.py:188} INFO - update etlconf.Etl_Process_Mapping T set last_run_date = current_timestamp where destdbname='dbdv' and destschema='dvdrental' and desttablename='actor';
[2024-07-22T20:50:38.999+0000] {python.py:202} INFO - Done. Returned value was: None
[2024-07-22T20:50:39.008+0000] {taskinstance.py:1149} INFO - Marking task as SUCCESS. dag_id=stagingtodv, task_id=actor, execution_date=20240721T000000, start_date=20240722T205036, end_date=20240722T205039
[2024-07-22T20:50:39.060+0000] {local_task_job_runner.py:234} INFO - Task exited with return code 0
[2024-07-22T20:50:39.081+0000] {taskinstance.py:3312} INFO - 0 downstream tasks scheduled from follow-on schedule check
[2024-07-22T20:56:52.484+0000] {taskinstance.py:1979} INFO - Dependencies all met for dep_context=non-requeueable deps ti=<TaskInstance: stagingtodv.actor scheduled__2024-07-21T00:00:00+00:00 [queued]>
[2024-07-22T20:56:52.505+0000] {taskinstance.py:1979} INFO - Dependencies all met for dep_context=requeueable deps ti=<TaskInstance: stagingtodv.actor scheduled__2024-07-21T00:00:00+00:00 [queued]>
[2024-07-22T20:56:52.506+0000] {taskinstance.py:2193} INFO - Starting attempt 1 of 1
[2024-07-22T20:56:52.567+0000] {taskinstance.py:2217} INFO - Executing <Task(PythonOperator): actor> on 2024-07-21 00:00:00+00:00
[2024-07-22T20:56:52.581+0000] {standard_task_runner.py:60} INFO - Started process 105 to run task
[2024-07-22T20:56:52.599+0000] {standard_task_runner.py:87} INFO - Running: ['***', 'tasks', 'run', 'stagingtodv', 'actor', 'scheduled__2024-07-21T00:00:00+00:00', '--job-id', '4', '--raw', '--subdir', 'DAGS_FOLDER/dag.py', '--cfg-path', '/tmp/tmpshvyvhu4']
[2024-07-22T20:56:52.602+0000] {standard_task_runner.py:88} INFO - Job 4: Subtask actor
[2024-07-22T20:56:52.810+0000] {task_command.py:423} INFO - Running <TaskInstance: stagingtodv.actor scheduled__2024-07-21T00:00:00+00:00 [running]> on host b40f86dea2d7
[2024-07-22T20:56:53.808+0000] {taskinstance.py:2513} INFO - Exporting env vars: AIRFLOW_CTX_DAG_OWNER='***' AIRFLOW_CTX_DAG_ID='stagingtodv' AIRFLOW_CTX_TASK_ID='actor' AIRFLOW_CTX_EXECUTION_DATE='2024-07-21T00:00:00+00:00' AIRFLOW_CTX_TRY_NUMBER='1' AIRFLOW_CTX_DAG_RUN_ID='scheduled__2024-07-21T00:00:00+00:00'
[2024-07-22T20:56:53.810+0000] {logging_mixin.py:188} INFO - -------------------------------------------- select *  from etlconf.Etl_Process_Mapping where SourceTableName = 'actor' and Stage = 'stagingtodv'
[2024-07-22T20:56:54.806+0000] {logging_mixin.py:188} INFO - update etlconf.Etl_Process_Mapping T set last_run_date = current_timestamp where destdbname='dbdv' and destschema='dvdrental' and desttablename='actor';
[2024-07-22T20:56:54.927+0000] {python.py:202} INFO - Done. Returned value was: None
[2024-07-22T20:56:54.945+0000] {taskinstance.py:1149} INFO - Marking task as SUCCESS. dag_id=stagingtodv, task_id=actor, execution_date=20240721T000000, start_date=20240722T205652, end_date=20240722T205654
[2024-07-22T20:56:55.008+0000] {local_task_job_runner.py:234} INFO - Task exited with return code 0
[2024-07-22T20:56:55.037+0000] {taskinstance.py:3312} INFO - 0 downstream tasks scheduled from follow-on schedule check
[2024-07-22T21:02:40.306+0000] {taskinstance.py:1979} INFO - Dependencies all met for dep_context=non-requeueable deps ti=<TaskInstance: stagingtodv.actor scheduled__2024-07-21T00:00:00+00:00 [queued]>
[2024-07-22T21:02:40.318+0000] {taskinstance.py:1979} INFO - Dependencies all met for dep_context=requeueable deps ti=<TaskInstance: stagingtodv.actor scheduled__2024-07-21T00:00:00+00:00 [queued]>
[2024-07-22T21:02:40.326+0000] {taskinstance.py:2193} INFO - Starting attempt 1 of 1
[2024-07-22T21:02:40.375+0000] {taskinstance.py:2217} INFO - Executing <Task(PythonOperator): actor> on 2024-07-21 00:00:00+00:00
[2024-07-22T21:02:40.404+0000] {standard_task_runner.py:87} INFO - Running: ['***', 'tasks', 'run', 'stagingtodv', 'actor', 'scheduled__2024-07-21T00:00:00+00:00', '--job-id', '16', '--raw', '--subdir', 'DAGS_FOLDER/dag.py', '--cfg-path', '/tmp/tmp_w7kbt8p']
[2024-07-22T21:02:40.418+0000] {standard_task_runner.py:88} INFO - Job 16: Subtask actor
[2024-07-22T21:02:40.392+0000] {standard_task_runner.py:60} INFO - Started process 123 to run task
[2024-07-22T21:02:40.752+0000] {task_command.py:423} INFO - Running <TaskInstance: stagingtodv.actor scheduled__2024-07-21T00:00:00+00:00 [running]> on host fd3c041fbc80
[2024-07-22T21:02:41.821+0000] {taskinstance.py:2513} INFO - Exporting env vars: AIRFLOW_CTX_DAG_OWNER='***' AIRFLOW_CTX_DAG_ID='stagingtodv' AIRFLOW_CTX_TASK_ID='actor' AIRFLOW_CTX_EXECUTION_DATE='2024-07-21T00:00:00+00:00' AIRFLOW_CTX_TRY_NUMBER='1' AIRFLOW_CTX_DAG_RUN_ID='scheduled__2024-07-21T00:00:00+00:00'
[2024-07-22T21:02:41.829+0000] {logging_mixin.py:188} INFO - -------------------------------------------- select *  from etlconf.Etl_Process_Mapping where SourceTableName = 'actor' and Stage = 'stagingtodv'
[2024-07-22T21:02:42.168+0000] {logging_mixin.py:188} INFO - update etlconf.Etl_Process_Mapping T set last_run_date = current_timestamp where destdbname='dbdv' and destschema='dvdrental' and desttablename='actor';
[2024-07-22T21:02:42.187+0000] {python.py:202} INFO - Done. Returned value was: None
[2024-07-22T21:02:42.197+0000] {taskinstance.py:1149} INFO - Marking task as SUCCESS. dag_id=stagingtodv, task_id=actor, execution_date=20240721T000000, start_date=20240722T210240, end_date=20240722T210242
[2024-07-22T21:02:42.237+0000] {local_task_job_runner.py:234} INFO - Task exited with return code 0
[2024-07-22T21:02:42.261+0000] {taskinstance.py:3312} INFO - 0 downstream tasks scheduled from follow-on schedule check
[2024-07-22T21:05:27.823+0000] {taskinstance.py:1979} INFO - Dependencies all met for dep_context=non-requeueable deps ti=<TaskInstance: stagingtodv.actor scheduled__2024-07-21T00:00:00+00:00 [queued]>
[2024-07-22T21:05:27.840+0000] {taskinstance.py:1979} INFO - Dependencies all met for dep_context=requeueable deps ti=<TaskInstance: stagingtodv.actor scheduled__2024-07-21T00:00:00+00:00 [queued]>
[2024-07-22T21:05:27.848+0000] {taskinstance.py:2193} INFO - Starting attempt 1 of 1
[2024-07-22T21:05:27.869+0000] {taskinstance.py:2217} INFO - Executing <Task(PythonOperator): actor> on 2024-07-21 00:00:00+00:00
[2024-07-22T21:05:27.876+0000] {standard_task_runner.py:60} INFO - Started process 88 to run task
[2024-07-22T21:05:27.891+0000] {standard_task_runner.py:87} INFO - Running: ['***', 'tasks', 'run', 'stagingtodv', 'actor', 'scheduled__2024-07-21T00:00:00+00:00', '--job-id', '3', '--raw', '--subdir', 'DAGS_FOLDER/dag.py', '--cfg-path', '/tmp/tmp7v21ji_1']
[2024-07-22T21:05:27.898+0000] {standard_task_runner.py:88} INFO - Job 3: Subtask actor
[2024-07-22T21:05:28.081+0000] {task_command.py:423} INFO - Running <TaskInstance: stagingtodv.actor scheduled__2024-07-21T00:00:00+00:00 [running]> on host f59a56d3cdcb
[2024-07-22T21:05:29.120+0000] {taskinstance.py:2513} INFO - Exporting env vars: AIRFLOW_CTX_DAG_OWNER='***' AIRFLOW_CTX_DAG_ID='stagingtodv' AIRFLOW_CTX_TASK_ID='actor' AIRFLOW_CTX_EXECUTION_DATE='2024-07-21T00:00:00+00:00' AIRFLOW_CTX_TRY_NUMBER='1' AIRFLOW_CTX_DAG_RUN_ID='scheduled__2024-07-21T00:00:00+00:00'
[2024-07-22T21:05:29.128+0000] {logging_mixin.py:188} INFO - -------------------------------------------- select *  from etlconf.Etl_Process_Mapping where SourceTableName = 'actor' and Stage = 'stagingtodv'
[2024-07-22T21:05:29.681+0000] {logging_mixin.py:188} INFO - update etlconf.Etl_Process_Mapping T set last_run_date = current_timestamp where destdbname='dbdv' and destschema='dvdrental' and desttablename='actor';
[2024-07-22T21:05:29.697+0000] {python.py:202} INFO - Done. Returned value was: None
[2024-07-22T21:05:29.709+0000] {taskinstance.py:1149} INFO - Marking task as SUCCESS. dag_id=stagingtodv, task_id=actor, execution_date=20240721T000000, start_date=20240722T210527, end_date=20240722T210529
[2024-07-22T21:05:29.731+0000] {local_task_job_runner.py:234} INFO - Task exited with return code 0
[2024-07-22T21:05:29.749+0000] {taskinstance.py:3312} INFO - 0 downstream tasks scheduled from follow-on schedule check
