[2024-07-03T18:57:43.506+0000] {taskinstance.py:1979} INFO - Dependencies all met for dep_context=non-requeueable deps ti=<TaskInstance: sqltostaging.actor scheduled__2024-07-02T00:00:00+00:00 [queued]>
[2024-07-03T18:57:43.530+0000] {taskinstance.py:1979} INFO - Dependencies all met for dep_context=requeueable deps ti=<TaskInstance: sqltostaging.actor scheduled__2024-07-02T00:00:00+00:00 [queued]>
[2024-07-03T18:57:43.535+0000] {taskinstance.py:2193} INFO - Starting attempt 1 of 1
[2024-07-03T18:57:43.582+0000] {taskinstance.py:2217} INFO - Executing <Task(PythonOperator): actor> on 2024-07-02 00:00:00+00:00
[2024-07-03T18:57:43.606+0000] {standard_task_runner.py:60} INFO - Started process 92 to run task
[2024-07-03T18:57:43.620+0000] {standard_task_runner.py:87} INFO - Running: ['***', 'tasks', 'run', 'sqltostaging', 'actor', 'scheduled__2024-07-02T00:00:00+00:00', '--job-id', '44', '--raw', '--subdir', 'DAGS_FOLDER/dag.py', '--cfg-path', '/tmp/tmppd76ptwi']
[2024-07-03T18:57:43.631+0000] {standard_task_runner.py:88} INFO - Job 44: Subtask actor
[2024-07-03T18:57:43.759+0000] {task_command.py:423} INFO - Running <TaskInstance: sqltostaging.actor scheduled__2024-07-02T00:00:00+00:00 [running]> on host df9727a9ba29
[2024-07-03T18:57:44.762+0000] {taskinstance.py:2513} INFO - Exporting env vars: AIRFLOW_CTX_DAG_OWNER='***' AIRFLOW_CTX_DAG_ID='sqltostaging' AIRFLOW_CTX_TASK_ID='actor' AIRFLOW_CTX_EXECUTION_DATE='2024-07-02T00:00:00+00:00' AIRFLOW_CTX_TRY_NUMBER='1' AIRFLOW_CTX_DAG_RUN_ID='scheduled__2024-07-02T00:00:00+00:00'
[2024-07-03T18:57:44.766+0000] {logging_mixin.py:188} INFO - dvtobv :dag_id
[2024-07-03T18:57:44.770+0000] {logging_mixin.py:188} INFO - table: actor
[2024-07-03T18:57:44.784+0000] {logging_mixin.py:188} INFO - 
 stage: sqltostaging 
 table:actor
[2024-07-03T18:57:44.820+0000] {logging_mixin.py:188} INFO - 0    dvdrental
Name: sourcedbname, dtype: object 
 0    staff
Name: sourcetablename, dtype: object 
 0    public
Name: sourceschema, dtype: object
[2024-07-03T18:57:44.824+0000] {python.py:202} INFO - Done. Returned value was: None
[2024-07-03T18:57:44.838+0000] {taskinstance.py:1149} INFO - Marking task as SUCCESS. dag_id=sqltostaging, task_id=actor, execution_date=20240702T000000, start_date=20240703T185743, end_date=20240703T185744
[2024-07-03T18:57:44.905+0000] {local_task_job_runner.py:234} INFO - Task exited with return code 0
[2024-07-03T18:57:44.957+0000] {taskinstance.py:3312} INFO - 0 downstream tasks scheduled from follow-on schedule check
[2024-07-03T18:59:06.296+0000] {taskinstance.py:1979} INFO - Dependencies all met for dep_context=non-requeueable deps ti=<TaskInstance: sqltostaging.actor scheduled__2024-07-02T00:00:00+00:00 [queued]>
[2024-07-03T18:59:06.334+0000] {taskinstance.py:1979} INFO - Dependencies all met for dep_context=requeueable deps ti=<TaskInstance: sqltostaging.actor scheduled__2024-07-02T00:00:00+00:00 [queued]>
[2024-07-03T18:59:06.343+0000] {taskinstance.py:2193} INFO - Starting attempt 1 of 1
[2024-07-03T18:59:06.390+0000] {taskinstance.py:2217} INFO - Executing <Task(PythonOperator): actor> on 2024-07-02 00:00:00+00:00
[2024-07-03T18:59:06.412+0000] {standard_task_runner.py:60} INFO - Started process 100 to run task
[2024-07-03T18:59:06.428+0000] {standard_task_runner.py:87} INFO - Running: ['***', 'tasks', 'run', 'sqltostaging', 'actor', 'scheduled__2024-07-02T00:00:00+00:00', '--job-id', '7', '--raw', '--subdir', 'DAGS_FOLDER/dag.py', '--cfg-path', '/tmp/tmpoquc45pc']
[2024-07-03T18:59:06.454+0000] {standard_task_runner.py:88} INFO - Job 7: Subtask actor
[2024-07-03T18:59:06.635+0000] {task_command.py:423} INFO - Running <TaskInstance: sqltostaging.actor scheduled__2024-07-02T00:00:00+00:00 [running]> on host 1eca196ca799
[2024-07-03T18:59:07.127+0000] {taskinstance.py:2513} INFO - Exporting env vars: AIRFLOW_CTX_DAG_OWNER='***' AIRFLOW_CTX_DAG_ID='sqltostaging' AIRFLOW_CTX_TASK_ID='actor' AIRFLOW_CTX_EXECUTION_DATE='2024-07-02T00:00:00+00:00' AIRFLOW_CTX_TRY_NUMBER='1' AIRFLOW_CTX_DAG_RUN_ID='scheduled__2024-07-02T00:00:00+00:00'
[2024-07-03T18:59:07.142+0000] {logging_mixin.py:188} INFO - dvtobv :dag_id
[2024-07-03T18:59:07.149+0000] {logging_mixin.py:188} INFO - table: actor
[2024-07-03T18:59:07.150+0000] {logging_mixin.py:188} INFO - 
 stage: sqltostaging 
 table:actor
[2024-07-03T18:59:07.310+0000] {taskinstance.py:2731} ERROR - Task failed with exception
Traceback (most recent call last):
  File "/home/airflow/.local/lib/python3.8/site-packages/airflow/models/taskinstance.py", line 444, in _execute_task
    result = _execute_callable(context=context, **execute_callable_kwargs)
  File "/home/airflow/.local/lib/python3.8/site-packages/airflow/models/taskinstance.py", line 414, in _execute_callable
    return execute_callable(context=context, **execute_callable_kwargs)
  File "/home/airflow/.local/lib/python3.8/site-packages/airflow/operators/python.py", line 200, in execute
    return_value = self.execute_callable()
  File "/home/airflow/.local/lib/python3.8/site-packages/airflow/operators/python.py", line 217, in execute_callable
    return self.python_callable(*self.op_args, **self.op_kwargs)
  File "/opt/airflow/dags/dag.py", line 22, in process_table
    return  execute(table, stage)
  File "/app/main.py", line 25, in execute
    SqlToStaging().create_full().some_function(stage, table)
  File "/app/concretestage/SQLToStaging.py", line 30, in some_function
    df = get_data_from_conf_table(f"{table}", f"{stage}")
  File "/app/myFramework/utils/utils.py", line 142, in get_data_from_conf_table
    df.columns = [desc[0] for desc in cur.description]
  File "/home/airflow/.local/lib/python3.8/site-packages/pandas/core/generic.py", line 6002, in __setattr__
    return object.__setattr__(self, name, value)
  File "pandas/_libs/properties.pyx", line 69, in pandas._libs.properties.AxisProperty.__set__
  File "/home/airflow/.local/lib/python3.8/site-packages/pandas/core/generic.py", line 730, in _set_axis
    self._mgr.set_axis(axis, labels)
  File "/home/airflow/.local/lib/python3.8/site-packages/pandas/core/internals/managers.py", line 225, in set_axis
    self._validate_set_axis(axis, new_labels)
  File "/home/airflow/.local/lib/python3.8/site-packages/pandas/core/internals/base.py", line 70, in _validate_set_axis
    raise ValueError(
ValueError: Length mismatch: Expected axis has 0 elements, new values have 15 elements
[2024-07-03T18:59:07.428+0000] {taskinstance.py:1149} INFO - Marking task as FAILED. dag_id=sqltostaging, task_id=actor, execution_date=20240702T000000, start_date=20240703T185906, end_date=20240703T185907
[2024-07-03T18:59:07.481+0000] {standard_task_runner.py:107} ERROR - Failed to execute job 7 for task actor (Length mismatch: Expected axis has 0 elements, new values have 15 elements; 100)
[2024-07-03T18:59:07.567+0000] {local_task_job_runner.py:234} INFO - Task exited with return code 1
[2024-07-03T18:59:07.726+0000] {taskinstance.py:3312} INFO - 0 downstream tasks scheduled from follow-on schedule check
[2024-07-03T19:04:29.407+0000] {taskinstance.py:1979} INFO - Dependencies all met for dep_context=non-requeueable deps ti=<TaskInstance: sqltostaging.actor scheduled__2024-07-02T00:00:00+00:00 [queued]>
[2024-07-03T19:04:29.438+0000] {taskinstance.py:1979} INFO - Dependencies all met for dep_context=requeueable deps ti=<TaskInstance: sqltostaging.actor scheduled__2024-07-02T00:00:00+00:00 [queued]>
[2024-07-03T19:04:29.444+0000] {taskinstance.py:2193} INFO - Starting attempt 1 of 1
[2024-07-03T19:04:29.538+0000] {taskinstance.py:2217} INFO - Executing <Task(PythonOperator): actor> on 2024-07-02 00:00:00+00:00
[2024-07-03T19:04:29.554+0000] {standard_task_runner.py:60} INFO - Started process 116 to run task
[2024-07-03T19:04:29.609+0000] {standard_task_runner.py:87} INFO - Running: ['***', 'tasks', 'run', 'sqltostaging', 'actor', 'scheduled__2024-07-02T00:00:00+00:00', '--job-id', '16', '--raw', '--subdir', 'DAGS_FOLDER/dag.py', '--cfg-path', '/tmp/tmpw7__jb9f']
[2024-07-03T19:04:29.668+0000] {standard_task_runner.py:88} INFO - Job 16: Subtask actor
[2024-07-03T19:04:30.023+0000] {task_command.py:423} INFO - Running <TaskInstance: sqltostaging.actor scheduled__2024-07-02T00:00:00+00:00 [running]> on host 1e717689b816
[2024-07-03T19:04:31.342+0000] {taskinstance.py:2513} INFO - Exporting env vars: AIRFLOW_CTX_DAG_OWNER='***' AIRFLOW_CTX_DAG_ID='sqltostaging' AIRFLOW_CTX_TASK_ID='actor' AIRFLOW_CTX_EXECUTION_DATE='2024-07-02T00:00:00+00:00' AIRFLOW_CTX_TRY_NUMBER='1' AIRFLOW_CTX_DAG_RUN_ID='scheduled__2024-07-02T00:00:00+00:00'
[2024-07-03T19:04:31.343+0000] {logging_mixin.py:188} INFO - dvtobv :dag_id
[2024-07-03T19:04:31.343+0000] {logging_mixin.py:188} INFO - table: actor
[2024-07-03T19:04:31.344+0000] {logging_mixin.py:188} INFO - 
 stage: sqltostaging 
 table:actor
[2024-07-03T19:04:31.358+0000] {taskinstance.py:2731} ERROR - Task failed with exception
Traceback (most recent call last):
  File "/home/airflow/.local/lib/python3.8/site-packages/airflow/models/taskinstance.py", line 444, in _execute_task
    result = _execute_callable(context=context, **execute_callable_kwargs)
  File "/home/airflow/.local/lib/python3.8/site-packages/airflow/models/taskinstance.py", line 414, in _execute_callable
    return execute_callable(context=context, **execute_callable_kwargs)
  File "/home/airflow/.local/lib/python3.8/site-packages/airflow/operators/python.py", line 200, in execute
    return_value = self.execute_callable()
  File "/home/airflow/.local/lib/python3.8/site-packages/airflow/operators/python.py", line 217, in execute_callable
    return self.python_callable(*self.op_args, **self.op_kwargs)
  File "/opt/airflow/dags/dag.py", line 22, in process_table
    return  execute(table, stage)
  File "/app/main.py", line 25, in execute
    SqlToStaging().create_full().some_function(table, stage)
  File "/app/concretestage/SQLToStaging.py", line 30, in some_function
    df = get_data_from_conf_table(f"{table}", f"{stage}")
  File "/app/myFramework/utils/utils.py", line 142, in get_data_from_conf_table
    df.columns = [desc[0] for desc in cur.description]
  File "/home/airflow/.local/lib/python3.8/site-packages/pandas/core/generic.py", line 6002, in __setattr__
    return object.__setattr__(self, name, value)
  File "pandas/_libs/properties.pyx", line 69, in pandas._libs.properties.AxisProperty.__set__
  File "/home/airflow/.local/lib/python3.8/site-packages/pandas/core/generic.py", line 730, in _set_axis
    self._mgr.set_axis(axis, labels)
  File "/home/airflow/.local/lib/python3.8/site-packages/pandas/core/internals/managers.py", line 225, in set_axis
    self._validate_set_axis(axis, new_labels)
  File "/home/airflow/.local/lib/python3.8/site-packages/pandas/core/internals/base.py", line 70, in _validate_set_axis
    raise ValueError(
ValueError: Length mismatch: Expected axis has 0 elements, new values have 15 elements
[2024-07-03T19:04:31.404+0000] {taskinstance.py:1149} INFO - Marking task as FAILED. dag_id=sqltostaging, task_id=actor, execution_date=20240702T000000, start_date=20240703T190429, end_date=20240703T190431
[2024-07-03T19:04:31.436+0000] {standard_task_runner.py:107} ERROR - Failed to execute job 16 for task actor (Length mismatch: Expected axis has 0 elements, new values have 15 elements; 116)
[2024-07-03T19:04:31.502+0000] {local_task_job_runner.py:234} INFO - Task exited with return code 1
[2024-07-03T19:04:31.572+0000] {taskinstance.py:3312} INFO - 0 downstream tasks scheduled from follow-on schedule check
[2024-07-03T19:07:23.643+0000] {taskinstance.py:1979} INFO - Dependencies all met for dep_context=non-requeueable deps ti=<TaskInstance: sqltostaging.actor scheduled__2024-07-02T00:00:00+00:00 [queued]>
[2024-07-03T19:07:23.655+0000] {taskinstance.py:1979} INFO - Dependencies all met for dep_context=requeueable deps ti=<TaskInstance: sqltostaging.actor scheduled__2024-07-02T00:00:00+00:00 [queued]>
[2024-07-03T19:07:23.656+0000] {taskinstance.py:2193} INFO - Starting attempt 1 of 1
[2024-07-03T19:07:23.690+0000] {taskinstance.py:2217} INFO - Executing <Task(PythonOperator): actor> on 2024-07-02 00:00:00+00:00
[2024-07-03T19:07:23.721+0000] {standard_task_runner.py:60} INFO - Started process 102 to run task
[2024-07-03T19:07:23.731+0000] {standard_task_runner.py:87} INFO - Running: ['***', 'tasks', 'run', 'sqltostaging', 'actor', 'scheduled__2024-07-02T00:00:00+00:00', '--job-id', '5', '--raw', '--subdir', 'DAGS_FOLDER/dag.py', '--cfg-path', '/tmp/tmp2bx6vs31']
[2024-07-03T19:07:23.744+0000] {standard_task_runner.py:88} INFO - Job 5: Subtask actor
[2024-07-03T19:07:23.972+0000] {task_command.py:423} INFO - Running <TaskInstance: sqltostaging.actor scheduled__2024-07-02T00:00:00+00:00 [running]> on host 543ad6da9cd9
[2024-07-03T19:07:25.048+0000] {taskinstance.py:2513} INFO - Exporting env vars: AIRFLOW_CTX_DAG_OWNER='***' AIRFLOW_CTX_DAG_ID='sqltostaging' AIRFLOW_CTX_TASK_ID='actor' AIRFLOW_CTX_EXECUTION_DATE='2024-07-02T00:00:00+00:00' AIRFLOW_CTX_TRY_NUMBER='1' AIRFLOW_CTX_DAG_RUN_ID='scheduled__2024-07-02T00:00:00+00:00'
[2024-07-03T19:07:25.053+0000] {logging_mixin.py:188} INFO - dvtobv :dag_id
[2024-07-03T19:07:25.061+0000] {logging_mixin.py:188} INFO - table: actor
[2024-07-03T19:07:25.066+0000] {logging_mixin.py:188} INFO - 
 stage: sqltostaging 
 table:actor
[2024-07-03T19:07:25.138+0000] {taskinstance.py:2731} ERROR - Task failed with exception
Traceback (most recent call last):
  File "/home/airflow/.local/lib/python3.8/site-packages/airflow/models/taskinstance.py", line 444, in _execute_task
    result = _execute_callable(context=context, **execute_callable_kwargs)
  File "/home/airflow/.local/lib/python3.8/site-packages/airflow/models/taskinstance.py", line 414, in _execute_callable
    return execute_callable(context=context, **execute_callable_kwargs)
  File "/home/airflow/.local/lib/python3.8/site-packages/airflow/operators/python.py", line 200, in execute
    return_value = self.execute_callable()
  File "/home/airflow/.local/lib/python3.8/site-packages/airflow/operators/python.py", line 217, in execute_callable
    return self.python_callable(*self.op_args, **self.op_kwargs)
  File "/opt/airflow/dags/dag.py", line 22, in process_table
    return  execute(table, stage)
  File "/app/main.py", line 25, in execute
    SqlToStaging().create_full().some_function(table, stage)
  File "/app/concretestage/SQLToStaging.py", line 30, in some_function
    df = get_data_from_conf_table(f"{table}", f"{stage}")
  File "/app/myFramework/utils/utils.py", line 142, in get_data_from_conf_table
    df.columns = [desc[0] for desc in cur.description]
  File "/home/airflow/.local/lib/python3.8/site-packages/pandas/core/generic.py", line 6002, in __setattr__
    return object.__setattr__(self, name, value)
  File "pandas/_libs/properties.pyx", line 69, in pandas._libs.properties.AxisProperty.__set__
  File "/home/airflow/.local/lib/python3.8/site-packages/pandas/core/generic.py", line 730, in _set_axis
    self._mgr.set_axis(axis, labels)
  File "/home/airflow/.local/lib/python3.8/site-packages/pandas/core/internals/managers.py", line 225, in set_axis
    self._validate_set_axis(axis, new_labels)
  File "/home/airflow/.local/lib/python3.8/site-packages/pandas/core/internals/base.py", line 70, in _validate_set_axis
    raise ValueError(
ValueError: Length mismatch: Expected axis has 0 elements, new values have 15 elements
[2024-07-03T19:07:25.158+0000] {taskinstance.py:1149} INFO - Marking task as FAILED. dag_id=sqltostaging, task_id=actor, execution_date=20240702T000000, start_date=20240703T190723, end_date=20240703T190725
[2024-07-03T19:07:25.202+0000] {standard_task_runner.py:107} ERROR - Failed to execute job 5 for task actor (Length mismatch: Expected axis has 0 elements, new values have 15 elements; 102)
[2024-07-03T19:07:25.236+0000] {local_task_job_runner.py:234} INFO - Task exited with return code 1
[2024-07-03T19:07:25.297+0000] {taskinstance.py:3312} INFO - 0 downstream tasks scheduled from follow-on schedule check
[2024-07-03T19:11:44.991+0000] {taskinstance.py:1979} INFO - Dependencies all met for dep_context=non-requeueable deps ti=<TaskInstance: sqltostaging.actor scheduled__2024-07-02T00:00:00+00:00 [queued]>
[2024-07-03T19:11:45.003+0000] {taskinstance.py:1979} INFO - Dependencies all met for dep_context=requeueable deps ti=<TaskInstance: sqltostaging.actor scheduled__2024-07-02T00:00:00+00:00 [queued]>
[2024-07-03T19:11:45.014+0000] {taskinstance.py:2193} INFO - Starting attempt 1 of 1
[2024-07-03T19:11:45.048+0000] {taskinstance.py:2217} INFO - Executing <Task(PythonOperator): actor> on 2024-07-02 00:00:00+00:00
[2024-07-03T19:11:45.060+0000] {standard_task_runner.py:60} INFO - Started process 121 to run task
[2024-07-03T19:11:45.077+0000] {standard_task_runner.py:87} INFO - Running: ['***', 'tasks', 'run', 'sqltostaging', 'actor', 'scheduled__2024-07-02T00:00:00+00:00', '--job-id', '8', '--raw', '--subdir', 'DAGS_FOLDER/dag.py', '--cfg-path', '/tmp/tmpv1bd7tgf']
[2024-07-03T19:11:45.092+0000] {standard_task_runner.py:88} INFO - Job 8: Subtask actor
[2024-07-03T19:11:45.337+0000] {task_command.py:423} INFO - Running <TaskInstance: sqltostaging.actor scheduled__2024-07-02T00:00:00+00:00 [running]> on host 7c298ace0001
[2024-07-03T19:11:46.525+0000] {taskinstance.py:2513} INFO - Exporting env vars: AIRFLOW_CTX_DAG_OWNER='***' AIRFLOW_CTX_DAG_ID='sqltostaging' AIRFLOW_CTX_TASK_ID='actor' AIRFLOW_CTX_EXECUTION_DATE='2024-07-02T00:00:00+00:00' AIRFLOW_CTX_TRY_NUMBER='1' AIRFLOW_CTX_DAG_RUN_ID='scheduled__2024-07-02T00:00:00+00:00'
[2024-07-03T19:11:46.532+0000] {logging_mixin.py:188} INFO - dvtobv :dag_id
[2024-07-03T19:11:46.549+0000] {logging_mixin.py:188} INFO - table: actor
[2024-07-03T19:11:46.549+0000] {logging_mixin.py:188} INFO - 
 stage: sqltostaging 
 table:actor
[2024-07-03T19:11:46.550+0000] {logging_mixin.py:188} INFO - actor sqltostaging
[2024-07-03T19:11:46.584+0000] {taskinstance.py:2731} ERROR - Task failed with exception
Traceback (most recent call last):
  File "/home/airflow/.local/lib/python3.8/site-packages/airflow/models/taskinstance.py", line 444, in _execute_task
    result = _execute_callable(context=context, **execute_callable_kwargs)
  File "/home/airflow/.local/lib/python3.8/site-packages/airflow/models/taskinstance.py", line 414, in _execute_callable
    return execute_callable(context=context, **execute_callable_kwargs)
  File "/home/airflow/.local/lib/python3.8/site-packages/airflow/operators/python.py", line 200, in execute
    return_value = self.execute_callable()
  File "/home/airflow/.local/lib/python3.8/site-packages/airflow/operators/python.py", line 217, in execute_callable
    return self.python_callable(*self.op_args, **self.op_kwargs)
  File "/opt/airflow/dags/dag.py", line 22, in process_table
    return  execute(table, stage)
  File "/app/main.py", line 25, in execute
    SqlToStaging().create_full().some_function(table, stage)
  File "/app/concretestage/SQLToStaging.py", line 30, in some_function
    df = get_data_from_conf_table(f"{table}", f"{stage}")
  File "/app/myFramework/utils/utils.py", line 142, in get_data_from_conf_table
    df.columns = [desc[0] for desc in cur.description]
  File "/home/airflow/.local/lib/python3.8/site-packages/pandas/core/generic.py", line 6002, in __setattr__
    return object.__setattr__(self, name, value)
  File "pandas/_libs/properties.pyx", line 69, in pandas._libs.properties.AxisProperty.__set__
  File "/home/airflow/.local/lib/python3.8/site-packages/pandas/core/generic.py", line 730, in _set_axis
    self._mgr.set_axis(axis, labels)
  File "/home/airflow/.local/lib/python3.8/site-packages/pandas/core/internals/managers.py", line 225, in set_axis
    self._validate_set_axis(axis, new_labels)
  File "/home/airflow/.local/lib/python3.8/site-packages/pandas/core/internals/base.py", line 70, in _validate_set_axis
    raise ValueError(
ValueError: Length mismatch: Expected axis has 0 elements, new values have 15 elements
[2024-07-03T19:11:46.599+0000] {taskinstance.py:1149} INFO - Marking task as FAILED. dag_id=sqltostaging, task_id=actor, execution_date=20240702T000000, start_date=20240703T191144, end_date=20240703T191146
[2024-07-03T19:11:46.633+0000] {standard_task_runner.py:107} ERROR - Failed to execute job 8 for task actor (Length mismatch: Expected axis has 0 elements, new values have 15 elements; 121)
[2024-07-03T19:11:46.658+0000] {local_task_job_runner.py:234} INFO - Task exited with return code 1
[2024-07-03T19:11:46.769+0000] {taskinstance.py:3312} INFO - 0 downstream tasks scheduled from follow-on schedule check
[2024-07-03T19:17:15.573+0000] {taskinstance.py:1979} INFO - Dependencies all met for dep_context=non-requeueable deps ti=<TaskInstance: sqltostaging.actor scheduled__2024-07-02T00:00:00+00:00 [queued]>
[2024-07-03T19:17:15.609+0000] {taskinstance.py:1979} INFO - Dependencies all met for dep_context=requeueable deps ti=<TaskInstance: sqltostaging.actor scheduled__2024-07-02T00:00:00+00:00 [queued]>
[2024-07-03T19:17:15.610+0000] {taskinstance.py:2193} INFO - Starting attempt 1 of 1
[2024-07-03T19:17:15.631+0000] {taskinstance.py:2217} INFO - Executing <Task(PythonOperator): actor> on 2024-07-02 00:00:00+00:00
[2024-07-03T19:17:15.639+0000] {standard_task_runner.py:60} INFO - Started process 88 to run task
[2024-07-03T19:17:15.652+0000] {standard_task_runner.py:87} INFO - Running: ['***', 'tasks', 'run', 'sqltostaging', 'actor', 'scheduled__2024-07-02T00:00:00+00:00', '--job-id', '3', '--raw', '--subdir', 'DAGS_FOLDER/dag.py', '--cfg-path', '/tmp/tmpk7t98hcx']
[2024-07-03T19:17:15.679+0000] {standard_task_runner.py:88} INFO - Job 3: Subtask actor
[2024-07-03T19:17:15.841+0000] {task_command.py:423} INFO - Running <TaskInstance: sqltostaging.actor scheduled__2024-07-02T00:00:00+00:00 [running]> on host 55c1c604b2f4
[2024-07-03T19:17:16.860+0000] {taskinstance.py:2513} INFO - Exporting env vars: AIRFLOW_CTX_DAG_OWNER='***' AIRFLOW_CTX_DAG_ID='sqltostaging' AIRFLOW_CTX_TASK_ID='actor' AIRFLOW_CTX_EXECUTION_DATE='2024-07-02T00:00:00+00:00' AIRFLOW_CTX_TRY_NUMBER='1' AIRFLOW_CTX_DAG_RUN_ID='scheduled__2024-07-02T00:00:00+00:00'
[2024-07-03T19:17:16.864+0000] {logging_mixin.py:188} INFO - dvtobv :dag_id
[2024-07-03T19:17:16.871+0000] {logging_mixin.py:188} INFO - table: actor
[2024-07-03T19:17:16.878+0000] {logging_mixin.py:188} INFO - 
 stage: sqltostaging 
 table:actor
[2024-07-03T19:17:16.885+0000] {logging_mixin.py:188} INFO - actor sqltostaging
[2024-07-03T19:17:16.886+0000] {logging_mixin.py:188} INFO - sqltostaging actor
[2024-07-03T19:17:16.887+0000] {python.py:202} INFO - Done. Returned value was: None
[2024-07-03T19:17:16.914+0000] {taskinstance.py:1149} INFO - Marking task as SUCCESS. dag_id=sqltostaging, task_id=actor, execution_date=20240702T000000, start_date=20240703T191715, end_date=20240703T191716
[2024-07-03T19:17:17.056+0000] {local_task_job_runner.py:234} INFO - Task exited with return code 0
[2024-07-03T19:17:17.161+0000] {taskinstance.py:3312} INFO - 0 downstream tasks scheduled from follow-on schedule check
[2024-07-03T19:21:11.213+0000] {taskinstance.py:1979} INFO - Dependencies all met for dep_context=non-requeueable deps ti=<TaskInstance: sqltostaging.actor scheduled__2024-07-02T00:00:00+00:00 [queued]>
[2024-07-03T19:21:11.232+0000] {taskinstance.py:1979} INFO - Dependencies all met for dep_context=requeueable deps ti=<TaskInstance: sqltostaging.actor scheduled__2024-07-02T00:00:00+00:00 [queued]>
[2024-07-03T19:21:11.240+0000] {taskinstance.py:2193} INFO - Starting attempt 1 of 1
[2024-07-03T19:21:11.269+0000] {taskinstance.py:2217} INFO - Executing <Task(PythonOperator): actor> on 2024-07-02 00:00:00+00:00
[2024-07-03T19:21:11.291+0000] {standard_task_runner.py:60} INFO - Started process 91 to run task
[2024-07-03T19:21:11.322+0000] {standard_task_runner.py:87} INFO - Running: ['***', 'tasks', 'run', 'sqltostaging', 'actor', 'scheduled__2024-07-02T00:00:00+00:00', '--job-id', '6', '--raw', '--subdir', 'DAGS_FOLDER/dag.py', '--cfg-path', '/tmp/tmp6cwnwc1g']
[2024-07-03T19:21:11.344+0000] {standard_task_runner.py:88} INFO - Job 6: Subtask actor
[2024-07-03T19:21:11.537+0000] {task_command.py:423} INFO - Running <TaskInstance: sqltostaging.actor scheduled__2024-07-02T00:00:00+00:00 [running]> on host 048fbe570e70
[2024-07-03T19:21:11.744+0000] {taskinstance.py:2513} INFO - Exporting env vars: AIRFLOW_CTX_DAG_OWNER='***' AIRFLOW_CTX_DAG_ID='sqltostaging' AIRFLOW_CTX_TASK_ID='actor' AIRFLOW_CTX_EXECUTION_DATE='2024-07-02T00:00:00+00:00' AIRFLOW_CTX_TRY_NUMBER='1' AIRFLOW_CTX_DAG_RUN_ID='scheduled__2024-07-02T00:00:00+00:00'
[2024-07-03T19:21:11.749+0000] {logging_mixin.py:188} INFO - dvtobv :dag_id
[2024-07-03T19:21:11.750+0000] {logging_mixin.py:188} INFO - table: actor
[2024-07-03T19:21:11.751+0000] {logging_mixin.py:188} INFO - 
 stage: sqltostaging 
 table:actor
[2024-07-03T19:21:11.752+0000] {logging_mixin.py:188} INFO - actor sqltostaging
[2024-07-03T19:21:11.758+0000] {logging_mixin.py:188} INFO - sqltostaging actor
[2024-07-03T19:21:11.758+0000] {logging_mixin.py:188} INFO - select *  from etlconf.Etl_Process_Mapping where SourceTableName = 'sqltostaging' and Stage = 'actor'
[2024-07-03T19:21:12.806+0000] {taskinstance.py:2731} ERROR - Task failed with exception
Traceback (most recent call last):
  File "/home/airflow/.local/lib/python3.8/site-packages/airflow/models/taskinstance.py", line 444, in _execute_task
    result = _execute_callable(context=context, **execute_callable_kwargs)
  File "/home/airflow/.local/lib/python3.8/site-packages/airflow/models/taskinstance.py", line 414, in _execute_callable
    return execute_callable(context=context, **execute_callable_kwargs)
  File "/home/airflow/.local/lib/python3.8/site-packages/airflow/operators/python.py", line 200, in execute
    return_value = self.execute_callable()
  File "/home/airflow/.local/lib/python3.8/site-packages/airflow/operators/python.py", line 217, in execute_callable
    return self.python_callable(*self.op_args, **self.op_kwargs)
  File "/opt/airflow/dags/dag.py", line 22, in process_table
    return  execute(table, stage)
  File "/app/main.py", line 25, in execute
    SqlToStaging().create_full().some_function(table, stage)
  File "/app/concretestage/SQLToStaging.py", line 31, in some_function
    df = get_data_from_conf_table(f"{table}", f"{stage}")
  File "/app/myFramework/utils/utils.py", line 143, in get_data_from_conf_table
    df.columns = [desc[0] for desc in cur.description]
  File "/home/airflow/.local/lib/python3.8/site-packages/pandas/core/generic.py", line 6002, in __setattr__
    return object.__setattr__(self, name, value)
  File "pandas/_libs/properties.pyx", line 69, in pandas._libs.properties.AxisProperty.__set__
  File "/home/airflow/.local/lib/python3.8/site-packages/pandas/core/generic.py", line 730, in _set_axis
    self._mgr.set_axis(axis, labels)
  File "/home/airflow/.local/lib/python3.8/site-packages/pandas/core/internals/managers.py", line 225, in set_axis
    self._validate_set_axis(axis, new_labels)
  File "/home/airflow/.local/lib/python3.8/site-packages/pandas/core/internals/base.py", line 70, in _validate_set_axis
    raise ValueError(
ValueError: Length mismatch: Expected axis has 0 elements, new values have 15 elements
[2024-07-03T19:21:12.864+0000] {taskinstance.py:1149} INFO - Marking task as FAILED. dag_id=sqltostaging, task_id=actor, execution_date=20240702T000000, start_date=20240703T192111, end_date=20240703T192112
[2024-07-03T19:21:12.887+0000] {standard_task_runner.py:107} ERROR - Failed to execute job 6 for task actor (Length mismatch: Expected axis has 0 elements, new values have 15 elements; 91)
[2024-07-03T19:21:12.956+0000] {local_task_job_runner.py:234} INFO - Task exited with return code 1
[2024-07-03T19:21:13.015+0000] {taskinstance.py:3312} INFO - 0 downstream tasks scheduled from follow-on schedule check
[2024-07-03T19:27:20.606+0000] {taskinstance.py:1979} INFO - Dependencies all met for dep_context=non-requeueable deps ti=<TaskInstance: sqltostaging.actor scheduled__2024-07-02T00:00:00+00:00 [queued]>
[2024-07-03T19:27:20.679+0000] {taskinstance.py:1979} INFO - Dependencies all met for dep_context=requeueable deps ti=<TaskInstance: sqltostaging.actor scheduled__2024-07-02T00:00:00+00:00 [queued]>
[2024-07-03T19:27:20.682+0000] {taskinstance.py:2193} INFO - Starting attempt 1 of 1
[2024-07-03T19:27:20.717+0000] {taskinstance.py:2217} INFO - Executing <Task(PythonOperator): actor> on 2024-07-02 00:00:00+00:00
[2024-07-03T19:27:20.729+0000] {standard_task_runner.py:60} INFO - Started process 93 to run task
[2024-07-03T19:27:20.749+0000] {standard_task_runner.py:87} INFO - Running: ['***', 'tasks', 'run', 'sqltostaging', 'actor', 'scheduled__2024-07-02T00:00:00+00:00', '--job-id', '7', '--raw', '--subdir', 'DAGS_FOLDER/dag.py', '--cfg-path', '/tmp/tmp21ycvo8v']
[2024-07-03T19:27:20.762+0000] {standard_task_runner.py:88} INFO - Job 7: Subtask actor
[2024-07-03T19:27:20.939+0000] {task_command.py:423} INFO - Running <TaskInstance: sqltostaging.actor scheduled__2024-07-02T00:00:00+00:00 [running]> on host be8a642b7fa1
[2024-07-03T19:27:22.111+0000] {taskinstance.py:2513} INFO - Exporting env vars: AIRFLOW_CTX_DAG_OWNER='***' AIRFLOW_CTX_DAG_ID='sqltostaging' AIRFLOW_CTX_TASK_ID='actor' AIRFLOW_CTX_EXECUTION_DATE='2024-07-02T00:00:00+00:00' AIRFLOW_CTX_TRY_NUMBER='1' AIRFLOW_CTX_DAG_RUN_ID='scheduled__2024-07-02T00:00:00+00:00'
[2024-07-03T19:27:22.114+0000] {logging_mixin.py:188} INFO - dvtobv :dag_id
[2024-07-03T19:27:22.115+0000] {logging_mixin.py:188} INFO - table: actor
[2024-07-03T19:27:22.117+0000] {logging_mixin.py:188} INFO - 
 stage: sqltostaging 
 table:actor
[2024-07-03T19:27:22.121+0000] {logging_mixin.py:188} INFO - select *  from etlconf.Etl_Process_Mapping where SourceTableName = 'staff' and Stage = 'sqltostaging'
[2024-07-03T19:27:22.148+0000] {taskinstance.py:2731} ERROR - Task failed with exception
Traceback (most recent call last):
  File "/home/airflow/.local/lib/python3.8/site-packages/airflow/models/taskinstance.py", line 444, in _execute_task
    result = _execute_callable(context=context, **execute_callable_kwargs)
  File "/home/airflow/.local/lib/python3.8/site-packages/airflow/models/taskinstance.py", line 414, in _execute_callable
    return execute_callable(context=context, **execute_callable_kwargs)
  File "/home/airflow/.local/lib/python3.8/site-packages/airflow/operators/python.py", line 200, in execute
    return_value = self.execute_callable()
  File "/home/airflow/.local/lib/python3.8/site-packages/airflow/operators/python.py", line 217, in execute_callable
    return self.python_callable(*self.op_args, **self.op_kwargs)
  File "/opt/airflow/dags/dag.py", line 22, in process_table
    return  execute(table, stage)
  File "/app/main.py", line 25, in execute
    SqlToStaging().create_full().some_function(table, stage)
  File "/app/concretestage/SQLToStaging.py", line 31, in some_function
    df = get_data_from_conf_table("staff", "sqltostaging")
  File "/app/myFramework/utils/utils.py", line 143, in get_data_from_conf_table
    df.columns = [desc[0] for desc in cur.description]
  File "/home/airflow/.local/lib/python3.8/site-packages/pandas/core/generic.py", line 6002, in __setattr__
    return object.__setattr__(self, name, value)
  File "pandas/_libs/properties.pyx", line 69, in pandas._libs.properties.AxisProperty.__set__
  File "/home/airflow/.local/lib/python3.8/site-packages/pandas/core/generic.py", line 730, in _set_axis
    self._mgr.set_axis(axis, labels)
  File "/home/airflow/.local/lib/python3.8/site-packages/pandas/core/internals/managers.py", line 225, in set_axis
    self._validate_set_axis(axis, new_labels)
  File "/home/airflow/.local/lib/python3.8/site-packages/pandas/core/internals/base.py", line 70, in _validate_set_axis
    raise ValueError(
ValueError: Length mismatch: Expected axis has 0 elements, new values have 15 elements
[2024-07-03T19:27:22.167+0000] {taskinstance.py:1149} INFO - Marking task as FAILED. dag_id=sqltostaging, task_id=actor, execution_date=20240702T000000, start_date=20240703T192720, end_date=20240703T192722
[2024-07-03T19:27:22.186+0000] {standard_task_runner.py:107} ERROR - Failed to execute job 7 for task actor (Length mismatch: Expected axis has 0 elements, new values have 15 elements; 93)
[2024-07-03T19:27:22.222+0000] {local_task_job_runner.py:234} INFO - Task exited with return code 1
[2024-07-03T19:27:22.253+0000] {taskinstance.py:3312} INFO - 0 downstream tasks scheduled from follow-on schedule check
[2024-07-03T19:31:15.823+0000] {taskinstance.py:1979} INFO - Dependencies all met for dep_context=non-requeueable deps ti=<TaskInstance: SqlToStaging.actor scheduled__2024-07-02T00:00:00+00:00 [queued]>
[2024-07-03T19:31:15.892+0000] {taskinstance.py:1979} INFO - Dependencies all met for dep_context=requeueable deps ti=<TaskInstance: SqlToStaging.actor scheduled__2024-07-02T00:00:00+00:00 [queued]>
[2024-07-03T19:31:15.894+0000] {taskinstance.py:2193} INFO - Starting attempt 1 of 1
[2024-07-03T19:31:15.936+0000] {taskinstance.py:2217} INFO - Executing <Task(PythonOperator): actor> on 2024-07-02 00:00:00+00:00
[2024-07-03T19:31:15.949+0000] {standard_task_runner.py:60} INFO - Started process 99 to run task
[2024-07-03T19:31:15.974+0000] {standard_task_runner.py:87} INFO - Running: ['***', 'tasks', 'run', 'SqlToStaging', 'actor', 'scheduled__2024-07-02T00:00:00+00:00', '--job-id', '16', '--raw', '--subdir', 'DAGS_FOLDER/dag.py', '--cfg-path', '/tmp/tmpl_qhs3yp']
[2024-07-03T19:31:15.995+0000] {standard_task_runner.py:88} INFO - Job 16: Subtask actor
[2024-07-03T19:31:16.215+0000] {task_command.py:423} INFO - Running <TaskInstance: SqlToStaging.actor scheduled__2024-07-02T00:00:00+00:00 [running]> on host 3aa24a0be289
[2024-07-03T19:31:17.221+0000] {taskinstance.py:2513} INFO - Exporting env vars: AIRFLOW_CTX_DAG_OWNER='***' AIRFLOW_CTX_DAG_ID='SqlToStaging' AIRFLOW_CTX_TASK_ID='actor' AIRFLOW_CTX_EXECUTION_DATE='2024-07-02T00:00:00+00:00' AIRFLOW_CTX_TRY_NUMBER='1' AIRFLOW_CTX_DAG_RUN_ID='scheduled__2024-07-02T00:00:00+00:00'
[2024-07-03T19:31:17.226+0000] {logging_mixin.py:188} INFO - dvtobv :dag_id
[2024-07-03T19:31:17.238+0000] {logging_mixin.py:188} INFO - table: actor
[2024-07-03T19:31:17.239+0000] {logging_mixin.py:188} INFO - 
 stage: SqlToStaging 
 table:actor
[2024-07-03T19:31:17.242+0000] {logging_mixin.py:188} INFO - select *  from etlconf.Etl_Process_Mapping where SourceTableName = 'staff' and Stage = 'SqlToStaging'
[2024-07-03T19:31:17.309+0000] {logging_mixin.py:188} INFO - 0    dvdrental
Name: sourcedbname, dtype: object 
 0    staff
Name: sourcetablename, dtype: object 
 0    public
Name: sourceschema, dtype: object
[2024-07-03T19:31:17.314+0000] {python.py:202} INFO - Done. Returned value was: None
[2024-07-03T19:31:17.326+0000] {taskinstance.py:1149} INFO - Marking task as SUCCESS. dag_id=SqlToStaging, task_id=actor, execution_date=20240702T000000, start_date=20240703T193115, end_date=20240703T193117
[2024-07-03T19:31:17.356+0000] {local_task_job_runner.py:234} INFO - Task exited with return code 0
[2024-07-03T19:31:17.383+0000] {taskinstance.py:3312} INFO - 0 downstream tasks scheduled from follow-on schedule check
[2024-07-03T19:33:30.716+0000] {taskinstance.py:1979} INFO - Dependencies all met for dep_context=non-requeueable deps ti=<TaskInstance: SqlToStaging.actor scheduled__2024-07-02T00:00:00+00:00 [queued]>
[2024-07-03T19:33:30.731+0000] {taskinstance.py:1979} INFO - Dependencies all met for dep_context=requeueable deps ti=<TaskInstance: SqlToStaging.actor scheduled__2024-07-02T00:00:00+00:00 [queued]>
[2024-07-03T19:33:30.736+0000] {taskinstance.py:2193} INFO - Starting attempt 1 of 1
[2024-07-03T19:33:30.769+0000] {taskinstance.py:2217} INFO - Executing <Task(PythonOperator): actor> on 2024-07-02 00:00:00+00:00
[2024-07-03T19:33:30.802+0000] {standard_task_runner.py:60} INFO - Started process 100 to run task
[2024-07-03T19:33:30.817+0000] {standard_task_runner.py:87} INFO - Running: ['***', 'tasks', 'run', 'SqlToStaging', 'actor', 'scheduled__2024-07-02T00:00:00+00:00', '--job-id', '13', '--raw', '--subdir', 'DAGS_FOLDER/dag.py', '--cfg-path', '/tmp/tmpfxab96he']
[2024-07-03T19:33:30.824+0000] {standard_task_runner.py:88} INFO - Job 13: Subtask actor
[2024-07-03T19:33:30.999+0000] {task_command.py:423} INFO - Running <TaskInstance: SqlToStaging.actor scheduled__2024-07-02T00:00:00+00:00 [running]> on host 90f97448b910
[2024-07-03T19:33:32.110+0000] {taskinstance.py:2513} INFO - Exporting env vars: AIRFLOW_CTX_DAG_OWNER='***' AIRFLOW_CTX_DAG_ID='SqlToStaging' AIRFLOW_CTX_TASK_ID='actor' AIRFLOW_CTX_EXECUTION_DATE='2024-07-02T00:00:00+00:00' AIRFLOW_CTX_TRY_NUMBER='1' AIRFLOW_CTX_DAG_RUN_ID='scheduled__2024-07-02T00:00:00+00:00'
[2024-07-03T19:33:32.113+0000] {logging_mixin.py:188} INFO - dvtobv :dag_id
[2024-07-03T19:33:32.114+0000] {logging_mixin.py:188} INFO - table: actor
[2024-07-03T19:33:32.120+0000] {logging_mixin.py:188} INFO - 
 stage: SqlToStaging 
 table:actor
[2024-07-03T19:33:32.121+0000] {logging_mixin.py:188} INFO - select *  from etlconf.Etl_Process_Mapping where SourceTableName = 'actor' and Stage = 'SqlToStaging'
[2024-07-03T19:33:32.163+0000] {logging_mixin.py:188} INFO - 0    dvdrental
Name: sourcedbname, dtype: object 
 0    actor
Name: sourcetablename, dtype: object 
 0    public
Name: sourceschema, dtype: object
[2024-07-03T19:33:32.165+0000] {python.py:202} INFO - Done. Returned value was: None
[2024-07-03T19:33:32.182+0000] {taskinstance.py:1149} INFO - Marking task as SUCCESS. dag_id=SqlToStaging, task_id=actor, execution_date=20240702T000000, start_date=20240703T193330, end_date=20240703T193332
[2024-07-03T19:33:32.203+0000] {local_task_job_runner.py:234} INFO - Task exited with return code 0
[2024-07-03T19:33:32.215+0000] {taskinstance.py:3312} INFO - 0 downstream tasks scheduled from follow-on schedule check
[2024-07-03T19:45:39.278+0000] {taskinstance.py:1979} INFO - Dependencies all met for dep_context=non-requeueable deps ti=<TaskInstance: SqlToStaging.actor scheduled__2024-07-02T00:00:00+00:00 [queued]>
[2024-07-03T19:45:39.312+0000] {taskinstance.py:1979} INFO - Dependencies all met for dep_context=requeueable deps ti=<TaskInstance: SqlToStaging.actor scheduled__2024-07-02T00:00:00+00:00 [queued]>
[2024-07-03T19:45:39.314+0000] {taskinstance.py:2193} INFO - Starting attempt 1 of 1
[2024-07-03T19:45:39.347+0000] {taskinstance.py:2217} INFO - Executing <Task(PythonOperator): actor> on 2024-07-02 00:00:00+00:00
[2024-07-03T19:45:39.355+0000] {standard_task_runner.py:60} INFO - Started process 139 to run task
[2024-07-03T19:45:39.361+0000] {standard_task_runner.py:87} INFO - Running: ['***', 'tasks', 'run', 'SqlToStaging', 'actor', 'scheduled__2024-07-02T00:00:00+00:00', '--job-id', '4', '--raw', '--subdir', 'DAGS_FOLDER/dag.py', '--cfg-path', '/tmp/tmp09f2nvj1']
[2024-07-03T19:45:39.381+0000] {standard_task_runner.py:88} INFO - Job 4: Subtask actor
[2024-07-03T19:45:39.635+0000] {task_command.py:423} INFO - Running <TaskInstance: SqlToStaging.actor scheduled__2024-07-02T00:00:00+00:00 [running]> on host 2d80eee2aa9e
[2024-07-03T19:45:41.096+0000] {taskinstance.py:2513} INFO - Exporting env vars: AIRFLOW_CTX_DAG_OWNER='***' AIRFLOW_CTX_DAG_ID='SqlToStaging' AIRFLOW_CTX_TASK_ID='actor' AIRFLOW_CTX_EXECUTION_DATE='2024-07-02T00:00:00+00:00' AIRFLOW_CTX_TRY_NUMBER='1' AIRFLOW_CTX_DAG_RUN_ID='scheduled__2024-07-02T00:00:00+00:00'
[2024-07-03T19:45:41.102+0000] {logging_mixin.py:188} INFO - dvtobv :dag_id
[2024-07-03T19:45:41.105+0000] {logging_mixin.py:188} INFO - table: actor
[2024-07-03T19:45:41.109+0000] {logging_mixin.py:188} INFO - 
 stage: SqlToStaging 
 table:actor
[2024-07-03T19:45:41.112+0000] {logging_mixin.py:188} INFO - select *  from etlconf.Etl_Process_Mapping where SourceTableName = 'actor' and Stage = 'SqlToStaging'
[2024-07-03T19:45:41.192+0000] {taskinstance.py:2731} ERROR - Task failed with exception
Traceback (most recent call last):
  File "/home/airflow/.local/lib/python3.8/site-packages/airflow/models/taskinstance.py", line 444, in _execute_task
    result = _execute_callable(context=context, **execute_callable_kwargs)
  File "/home/airflow/.local/lib/python3.8/site-packages/airflow/models/taskinstance.py", line 414, in _execute_callable
    return execute_callable(context=context, **execute_callable_kwargs)
  File "/home/airflow/.local/lib/python3.8/site-packages/airflow/operators/python.py", line 200, in execute
    return_value = self.execute_callable()
  File "/home/airflow/.local/lib/python3.8/site-packages/airflow/operators/python.py", line 217, in execute_callable
    return self.python_callable(*self.op_args, **self.op_kwargs)
  File "/opt/airflow/dags/dag.py", line 22, in process_table
    return  execute(table, stage)
  File "/app/main.py", line 25, in execute
    SqlToStaging().create_full().some_function(table, stage)
  File "/app/concretestage/SQLToStaging.py", line 32, in some_function
    sourceDF = getDF(df['sourcedbname'], df['sourcetablename'], df['sourceschema'])
  File "/app/myFramework/utils/utils.py", line 22, in getDF
    cur = conn.getCursor(source_dbname)
  File "/app/myFramework/source/posgresql/connect.py", line 6, in getCursor
    conn = psycopg2.connect(database = dbname,
  File "/home/airflow/.local/lib/python3.8/site-packages/psycopg2/__init__.py", line 122, in connect
    conn = _connect(dsn, connection_factory=connection_factory, **kwasync)
psycopg2.OperationalError: connection to server at "postgres_db" (172.28.0.5), port 9999 failed: FATAL:  database "0    dvdrental
Name: sourcedbname, dtype: object" does not exist

[2024-07-03T19:45:41.230+0000] {taskinstance.py:1149} INFO - Marking task as FAILED. dag_id=SqlToStaging, task_id=actor, execution_date=20240702T000000, start_date=20240703T194539, end_date=20240703T194541
[2024-07-03T19:45:41.257+0000] {standard_task_runner.py:107} ERROR - Failed to execute job 4 for task actor (connection to server at "postgres_db" (172.28.0.5), port 9999 failed: FATAL:  database "0    dvdrental
Name: sourcedbname, dtype: object" does not exist
; 139)
[2024-07-03T19:45:41.292+0000] {local_task_job_runner.py:234} INFO - Task exited with return code 1
[2024-07-03T19:45:41.366+0000] {taskinstance.py:3312} INFO - 0 downstream tasks scheduled from follow-on schedule check
[2024-07-03T19:51:23.992+0000] {taskinstance.py:1979} INFO - Dependencies all met for dep_context=non-requeueable deps ti=<TaskInstance: SqlToStaging.actor scheduled__2024-07-02T00:00:00+00:00 [queued]>
[2024-07-03T19:51:24.023+0000] {taskinstance.py:1979} INFO - Dependencies all met for dep_context=requeueable deps ti=<TaskInstance: SqlToStaging.actor scheduled__2024-07-02T00:00:00+00:00 [queued]>
[2024-07-03T19:51:24.025+0000] {taskinstance.py:2193} INFO - Starting attempt 1 of 1
[2024-07-03T19:51:24.084+0000] {taskinstance.py:2217} INFO - Executing <Task(PythonOperator): actor> on 2024-07-02 00:00:00+00:00
[2024-07-03T19:51:24.094+0000] {standard_task_runner.py:60} INFO - Started process 89 to run task
[2024-07-03T19:51:24.099+0000] {standard_task_runner.py:87} INFO - Running: ['***', 'tasks', 'run', 'SqlToStaging', 'actor', 'scheduled__2024-07-02T00:00:00+00:00', '--job-id', '3', '--raw', '--subdir', 'DAGS_FOLDER/dag.py', '--cfg-path', '/tmp/tmpnhf1bcvp']
[2024-07-03T19:51:24.103+0000] {standard_task_runner.py:88} INFO - Job 3: Subtask actor
[2024-07-03T19:51:24.248+0000] {task_command.py:423} INFO - Running <TaskInstance: SqlToStaging.actor scheduled__2024-07-02T00:00:00+00:00 [running]> on host f02b6fe92b0c
[2024-07-03T19:51:25.219+0000] {taskinstance.py:2513} INFO - Exporting env vars: AIRFLOW_CTX_DAG_OWNER='***' AIRFLOW_CTX_DAG_ID='SqlToStaging' AIRFLOW_CTX_TASK_ID='actor' AIRFLOW_CTX_EXECUTION_DATE='2024-07-02T00:00:00+00:00' AIRFLOW_CTX_TRY_NUMBER='1' AIRFLOW_CTX_DAG_RUN_ID='scheduled__2024-07-02T00:00:00+00:00'
[2024-07-03T19:51:25.250+0000] {logging_mixin.py:188} INFO - dvtobv :dag_id
[2024-07-03T19:51:25.254+0000] {logging_mixin.py:188} INFO - table: actor
[2024-07-03T19:51:25.265+0000] {logging_mixin.py:188} INFO - 
 stage: SqlToStaging 
 table:actor
[2024-07-03T19:51:25.268+0000] {logging_mixin.py:188} INFO - select *  from etlconf.Etl_Process_Mapping where SourceTableName = 'actor' and Stage = 'SqlToStaging'
[2024-07-03T19:51:25.339+0000] {logging_mixin.py:188} INFO - 0    dvdrental
Name: sourcedbname, dtype: object 0    actor
Name: sourcetablename, dtype: object 0    public
Name: sourceschema, dtype: object
[2024-07-03T19:51:25.402+0000] {taskinstance.py:2731} ERROR - Task failed with exception
Traceback (most recent call last):
  File "/home/airflow/.local/lib/python3.8/site-packages/airflow/models/taskinstance.py", line 444, in _execute_task
    result = _execute_callable(context=context, **execute_callable_kwargs)
  File "/home/airflow/.local/lib/python3.8/site-packages/airflow/models/taskinstance.py", line 414, in _execute_callable
    return execute_callable(context=context, **execute_callable_kwargs)
  File "/home/airflow/.local/lib/python3.8/site-packages/airflow/operators/python.py", line 200, in execute
    return_value = self.execute_callable()
  File "/home/airflow/.local/lib/python3.8/site-packages/airflow/operators/python.py", line 217, in execute_callable
    return self.python_callable(*self.op_args, **self.op_kwargs)
  File "/opt/airflow/dags/dag.py", line 22, in process_table
    return  execute(table, stage)
  File "/app/main.py", line 25, in execute
    SqlToStaging().create_full().some_function(table, stage)
  File "/app/concretestage/SQLToStaging.py", line 34, in some_function
    sourceDF = getDF(df['sourcedbname'], df['sourcetablename'], df['sourceschema'])
  File "/app/myFramework/utils/utils.py", line 22, in getDF
    cur = conn.getCursor(source_dbname)
  File "/app/myFramework/source/posgresql/connect.py", line 6, in getCursor
    conn = psycopg2.connect(database = dbname,
  File "/home/airflow/.local/lib/python3.8/site-packages/psycopg2/__init__.py", line 122, in connect
    conn = _connect(dsn, connection_factory=connection_factory, **kwasync)
psycopg2.OperationalError: connection to server at "postgres_db" (172.29.0.5), port 9999 failed: FATAL:  database "0    dvdrental
Name: sourcedbname, dtype: object" does not exist

[2024-07-03T19:51:25.441+0000] {taskinstance.py:1149} INFO - Marking task as FAILED. dag_id=SqlToStaging, task_id=actor, execution_date=20240702T000000, start_date=20240703T195124, end_date=20240703T195125
[2024-07-03T19:51:25.496+0000] {standard_task_runner.py:107} ERROR - Failed to execute job 3 for task actor (connection to server at "postgres_db" (172.29.0.5), port 9999 failed: FATAL:  database "0    dvdrental
Name: sourcedbname, dtype: object" does not exist
; 89)
[2024-07-03T19:51:25.536+0000] {local_task_job_runner.py:234} INFO - Task exited with return code 1
[2024-07-03T19:51:25.570+0000] {taskinstance.py:3312} INFO - 0 downstream tasks scheduled from follow-on schedule check
[2024-07-03T19:57:27.546+0000] {taskinstance.py:1979} INFO - Dependencies all met for dep_context=non-requeueable deps ti=<TaskInstance: SqlToStaging.actor scheduled__2024-07-02T00:00:00+00:00 [queued]>
[2024-07-03T19:57:27.584+0000] {taskinstance.py:1979} INFO - Dependencies all met for dep_context=requeueable deps ti=<TaskInstance: SqlToStaging.actor scheduled__2024-07-02T00:00:00+00:00 [queued]>
[2024-07-03T19:57:27.588+0000] {taskinstance.py:2193} INFO - Starting attempt 1 of 1
[2024-07-03T19:57:27.653+0000] {taskinstance.py:2217} INFO - Executing <Task(PythonOperator): actor> on 2024-07-02 00:00:00+00:00
[2024-07-03T19:57:27.686+0000] {standard_task_runner.py:60} INFO - Started process 94 to run task
[2024-07-03T19:57:27.710+0000] {standard_task_runner.py:87} INFO - Running: ['***', 'tasks', 'run', 'SqlToStaging', 'actor', 'scheduled__2024-07-02T00:00:00+00:00', '--job-id', '9', '--raw', '--subdir', 'DAGS_FOLDER/dag.py', '--cfg-path', '/tmp/tmp6oiita8t']
[2024-07-03T19:57:27.726+0000] {standard_task_runner.py:88} INFO - Job 9: Subtask actor
[2024-07-03T19:57:27.962+0000] {task_command.py:423} INFO - Running <TaskInstance: SqlToStaging.actor scheduled__2024-07-02T00:00:00+00:00 [running]> on host 94f9954c2898
[2024-07-03T19:57:28.864+0000] {taskinstance.py:2513} INFO - Exporting env vars: AIRFLOW_CTX_DAG_OWNER='***' AIRFLOW_CTX_DAG_ID='SqlToStaging' AIRFLOW_CTX_TASK_ID='actor' AIRFLOW_CTX_EXECUTION_DATE='2024-07-02T00:00:00+00:00' AIRFLOW_CTX_TRY_NUMBER='1' AIRFLOW_CTX_DAG_RUN_ID='scheduled__2024-07-02T00:00:00+00:00'
[2024-07-03T19:57:28.870+0000] {logging_mixin.py:188} INFO - dvtobv :dag_id
[2024-07-03T19:57:28.877+0000] {logging_mixin.py:188} INFO - table: actor
[2024-07-03T19:57:28.880+0000] {logging_mixin.py:188} INFO - 
 stage: SqlToStaging 
 table:actor
[2024-07-03T19:57:28.883+0000] {logging_mixin.py:188} INFO - select *  from etlconf.Etl_Process_Mapping where SourceTableName = 'actor' and Stage = 'SqlToStaging'
[2024-07-03T19:57:29.019+0000] {taskinstance.py:2731} ERROR - Task failed with exception
Traceback (most recent call last):
  File "/home/airflow/.local/lib/python3.8/site-packages/pandas/core/indexes/base.py", line 3653, in get_loc
    return self._engine.get_loc(casted_key)
  File "pandas/_libs/index.pyx", line 147, in pandas._libs.index.IndexEngine.get_loc
  File "pandas/_libs/index.pyx", line 176, in pandas._libs.index.IndexEngine.get_loc
  File "pandas/_libs/hashtable_class_helper.pxi", line 7080, in pandas._libs.hashtable.PyObjectHashTable.get_item
  File "pandas/_libs/hashtable_class_helper.pxi", line 7088, in pandas._libs.hashtable.PyObjectHashTable.get_item
KeyError: 'SourceSchema'

The above exception was the direct cause of the following exception:

Traceback (most recent call last):
  File "/home/airflow/.local/lib/python3.8/site-packages/airflow/models/taskinstance.py", line 444, in _execute_task
    result = _execute_callable(context=context, **execute_callable_kwargs)
  File "/home/airflow/.local/lib/python3.8/site-packages/airflow/models/taskinstance.py", line 414, in _execute_callable
    return execute_callable(context=context, **execute_callable_kwargs)
  File "/home/airflow/.local/lib/python3.8/site-packages/airflow/operators/python.py", line 200, in execute
    return_value = self.execute_callable()
  File "/home/airflow/.local/lib/python3.8/site-packages/airflow/operators/python.py", line 217, in execute_callable
    return self.python_callable(*self.op_args, **self.op_kwargs)
  File "/opt/airflow/dags/dag.py", line 22, in process_table
    return  execute(table, stage)
  File "/app/main.py", line 25, in execute
    SqlToStaging().create_full().some_function(table, stage)
  File "/app/concretestage/SQLToStaging.py", line 32, in some_function
    print(df['sourcedbname'], df['sourcetablename'], df['SourceSchema'])
  File "/home/airflow/.local/lib/python3.8/site-packages/pandas/core/frame.py", line 3761, in __getitem__
    indexer = self.columns.get_loc(key)
  File "/home/airflow/.local/lib/python3.8/site-packages/pandas/core/indexes/base.py", line 3655, in get_loc
    raise KeyError(key) from err
KeyError: 'SourceSchema'
[2024-07-03T19:57:29.051+0000] {taskinstance.py:1149} INFO - Marking task as FAILED. dag_id=SqlToStaging, task_id=actor, execution_date=20240702T000000, start_date=20240703T195727, end_date=20240703T195729
[2024-07-03T19:57:29.070+0000] {standard_task_runner.py:107} ERROR - Failed to execute job 9 for task actor ('SourceSchema'; 94)
[2024-07-03T19:57:29.120+0000] {local_task_job_runner.py:234} INFO - Task exited with return code 1
[2024-07-03T19:57:29.189+0000] {taskinstance.py:3312} INFO - 0 downstream tasks scheduled from follow-on schedule check
[2024-07-03T19:59:31.754+0000] {taskinstance.py:1979} INFO - Dependencies all met for dep_context=non-requeueable deps ti=<TaskInstance: SqlToStaging.actor scheduled__2024-07-02T00:00:00+00:00 [queued]>
[2024-07-03T19:59:31.771+0000] {taskinstance.py:1979} INFO - Dependencies all met for dep_context=requeueable deps ti=<TaskInstance: SqlToStaging.actor scheduled__2024-07-02T00:00:00+00:00 [queued]>
[2024-07-03T19:59:31.772+0000] {taskinstance.py:2193} INFO - Starting attempt 1 of 1
[2024-07-03T19:59:31.807+0000] {taskinstance.py:2217} INFO - Executing <Task(PythonOperator): actor> on 2024-07-02 00:00:00+00:00
[2024-07-03T19:59:31.836+0000] {standard_task_runner.py:60} INFO - Started process 91 to run task
[2024-07-03T19:59:31.868+0000] {standard_task_runner.py:87} INFO - Running: ['***', 'tasks', 'run', 'SqlToStaging', 'actor', 'scheduled__2024-07-02T00:00:00+00:00', '--job-id', '12', '--raw', '--subdir', 'DAGS_FOLDER/dag.py', '--cfg-path', '/tmp/tmp68ujzprr']
[2024-07-03T19:59:31.877+0000] {standard_task_runner.py:88} INFO - Job 12: Subtask actor
[2024-07-03T19:59:32.014+0000] {task_command.py:423} INFO - Running <TaskInstance: SqlToStaging.actor scheduled__2024-07-02T00:00:00+00:00 [running]> on host 091922596b62
[2024-07-03T19:59:32.883+0000] {taskinstance.py:2513} INFO - Exporting env vars: AIRFLOW_CTX_DAG_OWNER='***' AIRFLOW_CTX_DAG_ID='SqlToStaging' AIRFLOW_CTX_TASK_ID='actor' AIRFLOW_CTX_EXECUTION_DATE='2024-07-02T00:00:00+00:00' AIRFLOW_CTX_TRY_NUMBER='1' AIRFLOW_CTX_DAG_RUN_ID='scheduled__2024-07-02T00:00:00+00:00'
[2024-07-03T19:59:32.885+0000] {logging_mixin.py:188} INFO - dvtobv :dag_id
[2024-07-03T19:59:32.886+0000] {logging_mixin.py:188} INFO - table: actor
[2024-07-03T19:59:32.886+0000] {logging_mixin.py:188} INFO - 
 stage: SqlToStaging 
 table:actor
[2024-07-03T19:59:32.887+0000] {logging_mixin.py:188} INFO - select *  from etlconf.Etl_Process_Mapping where SourceTableName = 'actor' and Stage = 'SqlToStaging'
[2024-07-03T19:59:32.962+0000] {logging_mixin.py:188} INFO - 0    dvdrental
Name: sourcedbname, dtype: object 0    actor
Name: sourcetablename, dtype: object 0    public
Name: sourceschema, dtype: object
[2024-07-03T19:59:33.009+0000] {taskinstance.py:2731} ERROR - Task failed with exception
Traceback (most recent call last):
  File "/home/airflow/.local/lib/python3.8/site-packages/airflow/models/taskinstance.py", line 444, in _execute_task
    result = _execute_callable(context=context, **execute_callable_kwargs)
  File "/home/airflow/.local/lib/python3.8/site-packages/airflow/models/taskinstance.py", line 414, in _execute_callable
    return execute_callable(context=context, **execute_callable_kwargs)
  File "/home/airflow/.local/lib/python3.8/site-packages/airflow/operators/python.py", line 200, in execute
    return_value = self.execute_callable()
  File "/home/airflow/.local/lib/python3.8/site-packages/airflow/operators/python.py", line 217, in execute_callable
    return self.python_callable(*self.op_args, **self.op_kwargs)
  File "/opt/airflow/dags/dag.py", line 22, in process_table
    return  execute(table, stage)
  File "/app/main.py", line 25, in execute
    SqlToStaging().create_full().some_function(table, stage)
  File "/app/concretestage/SQLToStaging.py", line 34, in some_function
    sourceDF = getDF(df['sourcedbname'], df['sourcetablename'], df['sourceschema'])
  File "/app/myFramework/utils/utils.py", line 22, in getDF
    cur = conn.getCursor(source_dbname)
  File "/app/myFramework/source/posgresql/connect.py", line 6, in getCursor
    conn = psycopg2.connect(database = dbname,
  File "/home/airflow/.local/lib/python3.8/site-packages/psycopg2/__init__.py", line 122, in connect
    conn = _connect(dsn, connection_factory=connection_factory, **kwasync)
psycopg2.OperationalError: connection to server at "postgres_db" (192.168.0.5), port 9999 failed: FATAL:  database "0    dvdrental
Name: sourcedbname, dtype: object" does not exist

[2024-07-03T19:59:33.039+0000] {taskinstance.py:1149} INFO - Marking task as FAILED. dag_id=SqlToStaging, task_id=actor, execution_date=20240702T000000, start_date=20240703T195931, end_date=20240703T195933
[2024-07-03T19:59:33.098+0000] {standard_task_runner.py:107} ERROR - Failed to execute job 12 for task actor (connection to server at "postgres_db" (192.168.0.5), port 9999 failed: FATAL:  database "0    dvdrental
Name: sourcedbname, dtype: object" does not exist
; 91)
[2024-07-03T19:59:33.146+0000] {local_task_job_runner.py:234} INFO - Task exited with return code 1
[2024-07-03T19:59:33.205+0000] {taskinstance.py:3312} INFO - 0 downstream tasks scheduled from follow-on schedule check
