[2024-07-22T20:46:23.309+0000] {taskinstance.py:1979} INFO - Dependencies all met for dep_context=non-requeueable deps ti=<TaskInstance: stagingtodv.film manual__2024-07-22T20:46:21.507582+00:00 [queued]>
[2024-07-22T20:46:23.328+0000] {taskinstance.py:1979} INFO - Dependencies all met for dep_context=requeueable deps ti=<TaskInstance: stagingtodv.film manual__2024-07-22T20:46:21.507582+00:00 [queued]>
[2024-07-22T20:46:23.332+0000] {taskinstance.py:2193} INFO - Starting attempt 1 of 1
[2024-07-22T20:46:23.362+0000] {taskinstance.py:2217} INFO - Executing <Task(PythonOperator): film> on 2024-07-22 20:46:21.507582+00:00
[2024-07-22T20:46:23.371+0000] {standard_task_runner.py:60} INFO - Started process 309 to run task
[2024-07-22T20:46:23.375+0000] {standard_task_runner.py:87} INFO - Running: ['***', 'tasks', 'run', 'stagingtodv', 'film', 'manual__2024-07-22T20:46:21.507582+00:00', '--job-id', '35', '--raw', '--subdir', 'DAGS_FOLDER/dag.py', '--cfg-path', '/tmp/tmp9bt17_jc']
[2024-07-22T20:46:23.389+0000] {standard_task_runner.py:88} INFO - Job 35: Subtask film
[2024-07-22T20:46:23.503+0000] {task_command.py:423} INFO - Running <TaskInstance: stagingtodv.film manual__2024-07-22T20:46:21.507582+00:00 [running]> on host ca612ea69d67
[2024-07-22T20:46:23.652+0000] {taskinstance.py:2513} INFO - Exporting env vars: AIRFLOW_CTX_DAG_OWNER='***' AIRFLOW_CTX_DAG_ID='stagingtodv' AIRFLOW_CTX_TASK_ID='film' AIRFLOW_CTX_EXECUTION_DATE='2024-07-22T20:46:21.507582+00:00' AIRFLOW_CTX_TRY_NUMBER='1' AIRFLOW_CTX_DAG_RUN_ID='manual__2024-07-22T20:46:21.507582+00:00'
[2024-07-22T20:46:23.657+0000] {logging_mixin.py:188} INFO - -------------------------------------------- select *  from etlconf.Etl_Process_Mapping where SourceTableName = 'film' and Stage = 'stagingtodv'
[2024-07-22T20:46:24.326+0000] {logging_mixin.py:188} INFO - DFFFFFFFFFDFFFFFFFFF        0   ...                                                 12
0     133  ...  'chamber':1 'fate':4 'husband':11 'italian':2 ...
1     384  ...  'australia':18 'cat':8 'drama':5 'epic':4 'exp...
2       8  ...  'airport':1 'ancient':18 'confront':14 'epic':...
3      98  ...  'boat':20 'bright':1 'conquer':14 'encount':2 ...
4       1  ...  'academi':1 'battl':15 'canadian':20 'dinosaur...
..    ...  ...                                                ...
995   996  ...  'administr':12 'boat':8 'boy':17 'databas':11 ...
996   997  ...  'boat':22 'cat':11 'challeng':14 'drama':5 'ki...
997   998  ...  'boy':16 'canadian':19 'compos':8 'core':2 'fa...
998   999  ...  'ancient':19 'boat':11 'china':20 'discov':14 ...
999  1000  ...  'ark':2 'boy':12,17 'intrepid':4 'mad':8 'mona...

[1000 rows x 13 columns]
[2024-07-22T20:46:24.731+0000] {logging_mixin.py:188} INFO - update etlconf.Etl_Process_Mapping T set last_run_date = current_timestamp where destdbname='dbdv' and destschema='dvdrental' and desttablename='film';
[2024-07-22T20:46:24.793+0000] {python.py:202} INFO - Done. Returned value was: None
[2024-07-22T20:46:24.820+0000] {taskinstance.py:1149} INFO - Marking task as SUCCESS. dag_id=stagingtodv, task_id=film, execution_date=20240722T204621, start_date=20240722T204623, end_date=20240722T204624
[2024-07-22T20:46:24.871+0000] {local_task_job_runner.py:234} INFO - Task exited with return code 0
[2024-07-22T20:46:24.914+0000] {taskinstance.py:3312} INFO - 0 downstream tasks scheduled from follow-on schedule check
