[2024-07-24T18:08:20.313+0000] {taskinstance.py:1979} INFO - Dependencies all met for dep_context=non-requeueable deps ti=<TaskInstance: stagingtodv.inventory scheduled__2024-07-23T00:00:00+00:00 [queued]>
[2024-07-24T18:08:20.341+0000] {taskinstance.py:1979} INFO - Dependencies all met for dep_context=requeueable deps ti=<TaskInstance: stagingtodv.inventory scheduled__2024-07-23T00:00:00+00:00 [queued]>
[2024-07-24T18:08:20.358+0000] {taskinstance.py:2193} INFO - Starting attempt 1 of 1
[2024-07-24T18:08:20.462+0000] {taskinstance.py:2217} INFO - Executing <Task(PythonOperator): inventory> on 2024-07-23 00:00:00+00:00
[2024-07-24T18:08:20.520+0000] {standard_task_runner.py:60} INFO - Started process 88 to run task
[2024-07-24T18:08:20.518+0000] {standard_task_runner.py:87} INFO - Running: ['***', 'tasks', 'run', 'stagingtodv', 'inventory', 'scheduled__2024-07-23T00:00:00+00:00', '--job-id', '28', '--raw', '--subdir', 'DAGS_FOLDER/dag.py', '--cfg-path', '/tmp/tmpkuddhtno']
[2024-07-24T18:08:20.547+0000] {standard_task_runner.py:88} INFO - Job 28: Subtask inventory
[2024-07-24T18:08:20.791+0000] {task_command.py:423} INFO - Running <TaskInstance: stagingtodv.inventory scheduled__2024-07-23T00:00:00+00:00 [running]> on host b19a9c320dfd
[2024-07-24T18:08:21.222+0000] {taskinstance.py:2513} INFO - Exporting env vars: AIRFLOW_CTX_DAG_OWNER='***' AIRFLOW_CTX_DAG_ID='stagingtodv' AIRFLOW_CTX_TASK_ID='inventory' AIRFLOW_CTX_EXECUTION_DATE='2024-07-23T00:00:00+00:00' AIRFLOW_CTX_TRY_NUMBER='1' AIRFLOW_CTX_DAG_RUN_ID='scheduled__2024-07-23T00:00:00+00:00'
[2024-07-24T18:08:21.251+0000] {logging_mixin.py:188} INFO - -------------------------------------------- select *  from etlconf.Etl_Process_Mapping where SourceTableName = 'inventory' and Stage = 'stagingtodv'
[2024-07-24T18:08:23.328+0000] {python.py:202} INFO - Done. Returned value was: None
[2024-07-24T18:08:23.338+0000] {taskinstance.py:1149} INFO - Marking task as SUCCESS. dag_id=stagingtodv, task_id=inventory, execution_date=20240723T000000, start_date=20240724T180820, end_date=20240724T180823
[2024-07-24T18:08:23.402+0000] {local_task_job_runner.py:234} INFO - Task exited with return code 0
[2024-07-24T18:08:23.504+0000] {taskinstance.py:3312} INFO - 0 downstream tasks scheduled from follow-on schedule check
[2024-07-24T18:10:28.474+0000] {taskinstance.py:1979} INFO - Dependencies all met for dep_context=non-requeueable deps ti=<TaskInstance: stagingtodv.inventory scheduled__2024-07-23T00:00:00+00:00 [queued]>
[2024-07-24T18:10:28.512+0000] {taskinstance.py:1979} INFO - Dependencies all met for dep_context=requeueable deps ti=<TaskInstance: stagingtodv.inventory scheduled__2024-07-23T00:00:00+00:00 [queued]>
[2024-07-24T18:10:28.519+0000] {taskinstance.py:2193} INFO - Starting attempt 1 of 1
[2024-07-24T18:10:28.587+0000] {taskinstance.py:2217} INFO - Executing <Task(PythonOperator): inventory> on 2024-07-23 00:00:00+00:00
[2024-07-24T18:10:28.615+0000] {standard_task_runner.py:60} INFO - Started process 96 to run task
[2024-07-24T18:10:28.626+0000] {standard_task_runner.py:87} INFO - Running: ['***', 'tasks', 'run', 'stagingtodv', 'inventory', 'scheduled__2024-07-23T00:00:00+00:00', '--job-id', '9', '--raw', '--subdir', 'DAGS_FOLDER/dag.py', '--cfg-path', '/tmp/tmp8ssr4cmt']
[2024-07-24T18:10:28.633+0000] {standard_task_runner.py:88} INFO - Job 9: Subtask inventory
[2024-07-24T18:10:28.788+0000] {task_command.py:423} INFO - Running <TaskInstance: stagingtodv.inventory scheduled__2024-07-23T00:00:00+00:00 [running]> on host 61620dbbe313
[2024-07-24T18:10:30.662+0000] {taskinstance.py:2513} INFO - Exporting env vars: AIRFLOW_CTX_DAG_OWNER='***' AIRFLOW_CTX_DAG_ID='stagingtodv' AIRFLOW_CTX_TASK_ID='inventory' AIRFLOW_CTX_EXECUTION_DATE='2024-07-23T00:00:00+00:00' AIRFLOW_CTX_TRY_NUMBER='1' AIRFLOW_CTX_DAG_RUN_ID='scheduled__2024-07-23T00:00:00+00:00'
[2024-07-24T18:10:30.688+0000] {logging_mixin.py:188} INFO - -------------------------------------------- select *  from etlconf.Etl_Process_Mapping where SourceTableName = 'inventory' and Stage = 'stagingtodv'
[2024-07-24T18:10:32.009+0000] {python.py:202} INFO - Done. Returned value was: None
[2024-07-24T18:10:32.022+0000] {taskinstance.py:1149} INFO - Marking task as SUCCESS. dag_id=stagingtodv, task_id=inventory, execution_date=20240723T000000, start_date=20240724T181028, end_date=20240724T181032
[2024-07-24T18:10:32.105+0000] {local_task_job_runner.py:234} INFO - Task exited with return code 0
[2024-07-24T18:10:32.182+0000] {taskinstance.py:3312} INFO - 0 downstream tasks scheduled from follow-on schedule check
[2024-07-24T18:16:25.135+0000] {taskinstance.py:1979} INFO - Dependencies all met for dep_context=non-requeueable deps ti=<TaskInstance: stagingtodv.inventory scheduled__2024-07-23T00:00:00+00:00 [queued]>
[2024-07-24T18:16:25.170+0000] {taskinstance.py:1979} INFO - Dependencies all met for dep_context=requeueable deps ti=<TaskInstance: stagingtodv.inventory scheduled__2024-07-23T00:00:00+00:00 [queued]>
[2024-07-24T18:16:25.178+0000] {taskinstance.py:2193} INFO - Starting attempt 1 of 1
[2024-07-24T18:16:25.230+0000] {taskinstance.py:2217} INFO - Executing <Task(PythonOperator): inventory> on 2024-07-23 00:00:00+00:00
[2024-07-24T18:16:25.254+0000] {standard_task_runner.py:60} INFO - Started process 125 to run task
[2024-07-24T18:16:25.291+0000] {standard_task_runner.py:87} INFO - Running: ['***', 'tasks', 'run', 'stagingtodv', 'inventory', 'scheduled__2024-07-23T00:00:00+00:00', '--job-id', '16', '--raw', '--subdir', 'DAGS_FOLDER/dag.py', '--cfg-path', '/tmp/tmp5fzs6st5']
[2024-07-24T18:16:25.318+0000] {standard_task_runner.py:88} INFO - Job 16: Subtask inventory
[2024-07-24T18:16:25.484+0000] {task_command.py:423} INFO - Running <TaskInstance: stagingtodv.inventory scheduled__2024-07-23T00:00:00+00:00 [running]> on host 498c16fd9e64
[2024-07-24T18:16:26.440+0000] {taskinstance.py:2513} INFO - Exporting env vars: AIRFLOW_CTX_DAG_OWNER='***' AIRFLOW_CTX_DAG_ID='stagingtodv' AIRFLOW_CTX_TASK_ID='inventory' AIRFLOW_CTX_EXECUTION_DATE='2024-07-23T00:00:00+00:00' AIRFLOW_CTX_TRY_NUMBER='1' AIRFLOW_CTX_DAG_RUN_ID='scheduled__2024-07-23T00:00:00+00:00'
[2024-07-24T18:16:26.475+0000] {logging_mixin.py:188} INFO - -------------------------------------------- select *  from etlconf.Etl_Process_Mapping where SourceTableName = 'inventory' and Stage = 'stagingtodv'
[2024-07-24T18:16:27.013+0000] {python.py:202} INFO - Done. Returned value was: None
[2024-07-24T18:16:27.023+0000] {taskinstance.py:1149} INFO - Marking task as SUCCESS. dag_id=stagingtodv, task_id=inventory, execution_date=20240723T000000, start_date=20240724T181625, end_date=20240724T181627
[2024-07-24T18:16:27.112+0000] {local_task_job_runner.py:234} INFO - Task exited with return code 0
[2024-07-24T18:16:27.126+0000] {taskinstance.py:3312} INFO - 0 downstream tasks scheduled from follow-on schedule check
[2024-07-24T18:23:31.280+0000] {taskinstance.py:1979} INFO - Dependencies all met for dep_context=non-requeueable deps ti=<TaskInstance: stagingtodv.inventory scheduled__2024-07-23T00:00:00+00:00 [queued]>
[2024-07-24T18:23:31.292+0000] {taskinstance.py:1979} INFO - Dependencies all met for dep_context=requeueable deps ti=<TaskInstance: stagingtodv.inventory scheduled__2024-07-23T00:00:00+00:00 [queued]>
[2024-07-24T18:23:31.295+0000] {taskinstance.py:2193} INFO - Starting attempt 1 of 1
[2024-07-24T18:23:31.329+0000] {taskinstance.py:2217} INFO - Executing <Task(PythonOperator): inventory> on 2024-07-23 00:00:00+00:00
[2024-07-24T18:23:31.369+0000] {standard_task_runner.py:60} INFO - Started process 92 to run task
[2024-07-24T18:23:31.378+0000] {standard_task_runner.py:87} INFO - Running: ['***', 'tasks', 'run', 'stagingtodv', 'inventory', 'scheduled__2024-07-23T00:00:00+00:00', '--job-id', '6', '--raw', '--subdir', 'DAGS_FOLDER/dag.py', '--cfg-path', '/tmp/tmph6epwvdx']
[2024-07-24T18:23:31.390+0000] {standard_task_runner.py:88} INFO - Job 6: Subtask inventory
[2024-07-24T18:23:31.578+0000] {task_command.py:423} INFO - Running <TaskInstance: stagingtodv.inventory scheduled__2024-07-23T00:00:00+00:00 [running]> on host bbd1d7010f8c
[2024-07-24T18:23:32.787+0000] {taskinstance.py:2513} INFO - Exporting env vars: AIRFLOW_CTX_DAG_OWNER='***' AIRFLOW_CTX_DAG_ID='stagingtodv' AIRFLOW_CTX_TASK_ID='inventory' AIRFLOW_CTX_EXECUTION_DATE='2024-07-23T00:00:00+00:00' AIRFLOW_CTX_TRY_NUMBER='1' AIRFLOW_CTX_DAG_RUN_ID='scheduled__2024-07-23T00:00:00+00:00'
[2024-07-24T18:23:32.795+0000] {logging_mixin.py:188} INFO - -------------------------------------------- select *  from etlconf.Etl_Process_Mapping where SourceTableName = 'inventory' and Stage = 'stagingtodv'
[2024-07-24T18:23:33.433+0000] {python.py:202} INFO - Done. Returned value was: None
[2024-07-24T18:23:33.443+0000] {taskinstance.py:1149} INFO - Marking task as SUCCESS. dag_id=stagingtodv, task_id=inventory, execution_date=20240723T000000, start_date=20240724T182331, end_date=20240724T182333
[2024-07-24T18:23:33.479+0000] {local_task_job_runner.py:234} INFO - Task exited with return code 0
[2024-07-24T18:23:33.489+0000] {taskinstance.py:3312} INFO - 0 downstream tasks scheduled from follow-on schedule check
[2024-07-24T18:25:40.469+0000] {taskinstance.py:1979} INFO - Dependencies all met for dep_context=non-requeueable deps ti=<TaskInstance: stagingtodv.inventory scheduled__2024-07-23T00:00:00+00:00 [queued]>
[2024-07-24T18:25:40.492+0000] {taskinstance.py:1979} INFO - Dependencies all met for dep_context=requeueable deps ti=<TaskInstance: stagingtodv.inventory scheduled__2024-07-23T00:00:00+00:00 [queued]>
[2024-07-24T18:25:40.498+0000] {taskinstance.py:2193} INFO - Starting attempt 1 of 1
[2024-07-24T18:25:40.532+0000] {taskinstance.py:2217} INFO - Executing <Task(PythonOperator): inventory> on 2024-07-23 00:00:00+00:00
[2024-07-24T18:25:40.545+0000] {standard_task_runner.py:60} INFO - Started process 98 to run task
[2024-07-24T18:25:40.561+0000] {standard_task_runner.py:87} INFO - Running: ['***', 'tasks', 'run', 'stagingtodv', 'inventory', 'scheduled__2024-07-23T00:00:00+00:00', '--job-id', '13', '--raw', '--subdir', 'DAGS_FOLDER/dag.py', '--cfg-path', '/tmp/tmp4b2b7lzj']
[2024-07-24T18:25:40.593+0000] {standard_task_runner.py:88} INFO - Job 13: Subtask inventory
[2024-07-24T18:25:40.710+0000] {task_command.py:423} INFO - Running <TaskInstance: stagingtodv.inventory scheduled__2024-07-23T00:00:00+00:00 [running]> on host 5d8e7c9bb9aa
[2024-07-24T18:25:41.887+0000] {taskinstance.py:2513} INFO - Exporting env vars: AIRFLOW_CTX_DAG_OWNER='***' AIRFLOW_CTX_DAG_ID='stagingtodv' AIRFLOW_CTX_TASK_ID='inventory' AIRFLOW_CTX_EXECUTION_DATE='2024-07-23T00:00:00+00:00' AIRFLOW_CTX_TRY_NUMBER='1' AIRFLOW_CTX_DAG_RUN_ID='scheduled__2024-07-23T00:00:00+00:00'
[2024-07-24T18:25:41.892+0000] {logging_mixin.py:188} INFO - -------------------------------------------- select *  from etlconf.Etl_Process_Mapping where SourceTableName = 'inventory' and Stage = 'stagingtodv'
[2024-07-24T18:25:42.484+0000] {python.py:202} INFO - Done. Returned value was: None
[2024-07-24T18:25:42.507+0000] {taskinstance.py:1149} INFO - Marking task as SUCCESS. dag_id=stagingtodv, task_id=inventory, execution_date=20240723T000000, start_date=20240724T182540, end_date=20240724T182542
[2024-07-24T18:25:42.556+0000] {local_task_job_runner.py:234} INFO - Task exited with return code 0
[2024-07-24T18:25:42.627+0000] {taskinstance.py:3312} INFO - 0 downstream tasks scheduled from follow-on schedule check
[2024-07-24T19:31:51.652+0000] {taskinstance.py:1979} INFO - Dependencies all met for dep_context=non-requeueable deps ti=<TaskInstance: stagingtodv.inventory scheduled__2024-07-23T00:00:00+00:00 [queued]>
[2024-07-24T19:31:51.684+0000] {taskinstance.py:1979} INFO - Dependencies all met for dep_context=requeueable deps ti=<TaskInstance: stagingtodv.inventory scheduled__2024-07-23T00:00:00+00:00 [queued]>
[2024-07-24T19:31:51.688+0000] {taskinstance.py:2193} INFO - Starting attempt 1 of 1
[2024-07-24T19:31:51.732+0000] {taskinstance.py:2217} INFO - Executing <Task(PythonOperator): inventory> on 2024-07-23 00:00:00+00:00
[2024-07-24T19:31:51.754+0000] {standard_task_runner.py:60} INFO - Started process 110 to run task
[2024-07-24T19:31:51.781+0000] {standard_task_runner.py:87} INFO - Running: ['***', 'tasks', 'run', 'stagingtodv', 'inventory', 'scheduled__2024-07-23T00:00:00+00:00', '--job-id', '13', '--raw', '--subdir', 'DAGS_FOLDER/dag.py', '--cfg-path', '/tmp/tmpkrkg92dm']
[2024-07-24T19:31:51.805+0000] {standard_task_runner.py:88} INFO - Job 13: Subtask inventory
[2024-07-24T19:31:51.963+0000] {task_command.py:423} INFO - Running <TaskInstance: stagingtodv.inventory scheduled__2024-07-23T00:00:00+00:00 [running]> on host 3e0bdef1d250
[2024-07-24T19:31:53.834+0000] {taskinstance.py:2513} INFO - Exporting env vars: AIRFLOW_CTX_DAG_OWNER='***' AIRFLOW_CTX_DAG_ID='stagingtodv' AIRFLOW_CTX_TASK_ID='inventory' AIRFLOW_CTX_EXECUTION_DATE='2024-07-23T00:00:00+00:00' AIRFLOW_CTX_TRY_NUMBER='1' AIRFLOW_CTX_DAG_RUN_ID='scheduled__2024-07-23T00:00:00+00:00'
[2024-07-24T19:31:53.838+0000] {logging_mixin.py:188} INFO - -------------------------------------------- select *  from etlconf.Etl_Process_Mapping where SourceTableName = 'inventory' and Stage = 'stagingtodv'
[2024-07-24T19:31:54.545+0000] {python.py:202} INFO - Done. Returned value was: None
[2024-07-24T19:31:54.572+0000] {taskinstance.py:1149} INFO - Marking task as SUCCESS. dag_id=stagingtodv, task_id=inventory, execution_date=20240723T000000, start_date=20240724T193151, end_date=20240724T193154
[2024-07-24T19:31:54.676+0000] {local_task_job_runner.py:234} INFO - Task exited with return code 0
[2024-07-24T19:31:54.736+0000] {taskinstance.py:3312} INFO - 0 downstream tasks scheduled from follow-on schedule check
[2024-07-24T20:10:31.592+0000] {taskinstance.py:1979} INFO - Dependencies all met for dep_context=non-requeueable deps ti=<TaskInstance: stagingtodv.inventory scheduled__2024-07-23T00:00:00+00:00 [queued]>
[2024-07-24T20:10:31.613+0000] {taskinstance.py:1979} INFO - Dependencies all met for dep_context=requeueable deps ti=<TaskInstance: stagingtodv.inventory scheduled__2024-07-23T00:00:00+00:00 [queued]>
[2024-07-24T20:10:31.616+0000] {taskinstance.py:2193} INFO - Starting attempt 1 of 1
[2024-07-24T20:10:31.702+0000] {taskinstance.py:2217} INFO - Executing <Task(PythonOperator): inventory> on 2024-07-23 00:00:00+00:00
[2024-07-24T20:10:31.854+0000] {standard_task_runner.py:87} INFO - Running: ['***', 'tasks', 'run', 'stagingtodv', 'inventory', 'scheduled__2024-07-23T00:00:00+00:00', '--job-id', '11', '--raw', '--subdir', 'DAGS_FOLDER/dag.py', '--cfg-path', '/tmp/tmp733dv12s']
[2024-07-24T20:10:31.874+0000] {standard_task_runner.py:88} INFO - Job 11: Subtask inventory
[2024-07-24T20:10:31.786+0000] {standard_task_runner.py:60} INFO - Started process 99 to run task
[2024-07-24T20:10:32.308+0000] {task_command.py:423} INFO - Running <TaskInstance: stagingtodv.inventory scheduled__2024-07-23T00:00:00+00:00 [running]> on host 2b5a76a23048
[2024-07-24T20:10:33.695+0000] {taskinstance.py:2513} INFO - Exporting env vars: AIRFLOW_CTX_DAG_OWNER='***' AIRFLOW_CTX_DAG_ID='stagingtodv' AIRFLOW_CTX_TASK_ID='inventory' AIRFLOW_CTX_EXECUTION_DATE='2024-07-23T00:00:00+00:00' AIRFLOW_CTX_TRY_NUMBER='1' AIRFLOW_CTX_DAG_RUN_ID='scheduled__2024-07-23T00:00:00+00:00'
[2024-07-24T20:10:33.697+0000] {logging_mixin.py:188} INFO - -------------------------------------------- select *  from etlconf.Etl_Process_Mapping where SourceTableName = 'inventory' and Stage = 'stagingtodv'
[2024-07-24T20:10:34.179+0000] {python.py:202} INFO - Done. Returned value was: None
[2024-07-24T20:10:34.188+0000] {taskinstance.py:1149} INFO - Marking task as SUCCESS. dag_id=stagingtodv, task_id=inventory, execution_date=20240723T000000, start_date=20240724T201031, end_date=20240724T201034
[2024-07-24T20:10:34.213+0000] {local_task_job_runner.py:234} INFO - Task exited with return code 0
[2024-07-24T20:10:34.226+0000] {taskinstance.py:3312} INFO - 0 downstream tasks scheduled from follow-on schedule check
[2024-07-24T20:12:42.480+0000] {taskinstance.py:1979} INFO - Dependencies all met for dep_context=non-requeueable deps ti=<TaskInstance: stagingtodv.inventory scheduled__2024-07-23T00:00:00+00:00 [queued]>
[2024-07-24T20:12:42.618+0000] {taskinstance.py:1979} INFO - Dependencies all met for dep_context=requeueable deps ti=<TaskInstance: stagingtodv.inventory scheduled__2024-07-23T00:00:00+00:00 [queued]>
[2024-07-24T20:12:42.656+0000] {taskinstance.py:2193} INFO - Starting attempt 1 of 1
[2024-07-24T20:12:42.886+0000] {taskinstance.py:2217} INFO - Executing <Task(PythonOperator): inventory> on 2024-07-23 00:00:00+00:00
[2024-07-24T20:12:42.977+0000] {standard_task_runner.py:87} INFO - Running: ['***', 'tasks', 'run', 'stagingtodv', 'inventory', 'scheduled__2024-07-23T00:00:00+00:00', '--job-id', '14', '--raw', '--subdir', 'DAGS_FOLDER/dag.py', '--cfg-path', '/tmp/tmp5ao5s38q']
[2024-07-24T20:12:42.998+0000] {standard_task_runner.py:88} INFO - Job 14: Subtask inventory
[2024-07-24T20:12:42.958+0000] {standard_task_runner.py:60} INFO - Started process 102 to run task
[2024-07-24T20:12:43.299+0000] {task_command.py:423} INFO - Running <TaskInstance: stagingtodv.inventory scheduled__2024-07-23T00:00:00+00:00 [running]> on host c86ab2f6676c
[2024-07-24T20:12:43.918+0000] {taskinstance.py:2513} INFO - Exporting env vars: AIRFLOW_CTX_DAG_OWNER='***' AIRFLOW_CTX_DAG_ID='stagingtodv' AIRFLOW_CTX_TASK_ID='inventory' AIRFLOW_CTX_EXECUTION_DATE='2024-07-23T00:00:00+00:00' AIRFLOW_CTX_TRY_NUMBER='1' AIRFLOW_CTX_DAG_RUN_ID='scheduled__2024-07-23T00:00:00+00:00'
[2024-07-24T20:12:44.002+0000] {logging_mixin.py:188} INFO - -------------------------------------------- select *  from etlconf.Etl_Process_Mapping where SourceTableName = 'inventory' and Stage = 'stagingtodv'
[2024-07-24T20:12:47.036+0000] {python.py:202} INFO - Done. Returned value was: None
[2024-07-24T20:12:47.053+0000] {taskinstance.py:1149} INFO - Marking task as SUCCESS. dag_id=stagingtodv, task_id=inventory, execution_date=20240723T000000, start_date=20240724T201242, end_date=20240724T201247
[2024-07-24T20:12:47.125+0000] {local_task_job_runner.py:234} INFO - Task exited with return code 0
[2024-07-24T20:12:47.154+0000] {taskinstance.py:3312} INFO - 0 downstream tasks scheduled from follow-on schedule check
[2024-07-24T20:14:53.128+0000] {taskinstance.py:1979} INFO - Dependencies all met for dep_context=non-requeueable deps ti=<TaskInstance: stagingtodv.inventory scheduled__2024-07-23T00:00:00+00:00 [queued]>
[2024-07-24T20:14:53.171+0000] {taskinstance.py:1979} INFO - Dependencies all met for dep_context=requeueable deps ti=<TaskInstance: stagingtodv.inventory scheduled__2024-07-23T00:00:00+00:00 [queued]>
[2024-07-24T20:14:53.181+0000] {taskinstance.py:2193} INFO - Starting attempt 1 of 1
[2024-07-24T20:14:53.213+0000] {taskinstance.py:2217} INFO - Executing <Task(PythonOperator): inventory> on 2024-07-23 00:00:00+00:00
[2024-07-24T20:14:53.231+0000] {standard_task_runner.py:87} INFO - Running: ['***', 'tasks', 'run', 'stagingtodv', 'inventory', 'scheduled__2024-07-23T00:00:00+00:00', '--job-id', '9', '--raw', '--subdir', 'DAGS_FOLDER/dag.py', '--cfg-path', '/tmp/tmpiy9gg_ie']
[2024-07-24T20:14:53.238+0000] {standard_task_runner.py:88} INFO - Job 9: Subtask inventory
[2024-07-24T20:14:53.231+0000] {standard_task_runner.py:60} INFO - Started process 92 to run task
[2024-07-24T20:14:53.365+0000] {task_command.py:423} INFO - Running <TaskInstance: stagingtodv.inventory scheduled__2024-07-23T00:00:00+00:00 [running]> on host 86e5a5fada4c
[2024-07-24T20:14:54.148+0000] {taskinstance.py:2513} INFO - Exporting env vars: AIRFLOW_CTX_DAG_OWNER='***' AIRFLOW_CTX_DAG_ID='stagingtodv' AIRFLOW_CTX_TASK_ID='inventory' AIRFLOW_CTX_EXECUTION_DATE='2024-07-23T00:00:00+00:00' AIRFLOW_CTX_TRY_NUMBER='1' AIRFLOW_CTX_DAG_RUN_ID='scheduled__2024-07-23T00:00:00+00:00'
[2024-07-24T20:14:54.154+0000] {logging_mixin.py:188} INFO - -------------------------------------------- select *  from etlconf.Etl_Process_Mapping where SourceTableName = 'inventory' and Stage = 'stagingtodv'
[2024-07-24T20:14:55.294+0000] {python.py:202} INFO - Done. Returned value was: None
[2024-07-24T20:14:55.310+0000] {taskinstance.py:1149} INFO - Marking task as SUCCESS. dag_id=stagingtodv, task_id=inventory, execution_date=20240723T000000, start_date=20240724T201453, end_date=20240724T201455
[2024-07-24T20:14:55.388+0000] {local_task_job_runner.py:234} INFO - Task exited with return code 0
[2024-07-24T20:14:55.415+0000] {taskinstance.py:3312} INFO - 0 downstream tasks scheduled from follow-on schedule check
[2024-07-24T20:23:46.222+0000] {taskinstance.py:1979} INFO - Dependencies all met for dep_context=non-requeueable deps ti=<TaskInstance: stagingtodv.inventory scheduled__2024-07-23T00:00:00+00:00 [queued]>
[2024-07-24T20:23:46.233+0000] {taskinstance.py:1979} INFO - Dependencies all met for dep_context=requeueable deps ti=<TaskInstance: stagingtodv.inventory scheduled__2024-07-23T00:00:00+00:00 [queued]>
[2024-07-24T20:23:46.234+0000] {taskinstance.py:2193} INFO - Starting attempt 1 of 1
[2024-07-24T20:23:46.256+0000] {taskinstance.py:2217} INFO - Executing <Task(PythonOperator): inventory> on 2024-07-23 00:00:00+00:00
[2024-07-24T20:23:46.265+0000] {standard_task_runner.py:60} INFO - Started process 137 to run task
[2024-07-24T20:23:46.310+0000] {standard_task_runner.py:87} INFO - Running: ['***', 'tasks', 'run', 'stagingtodv', 'inventory', 'scheduled__2024-07-23T00:00:00+00:00', '--job-id', '6', '--raw', '--subdir', 'DAGS_FOLDER/dag.py', '--cfg-path', '/tmp/tmpdb4zf8b5']
[2024-07-24T20:23:46.321+0000] {standard_task_runner.py:88} INFO - Job 6: Subtask inventory
[2024-07-24T20:23:46.596+0000] {task_command.py:423} INFO - Running <TaskInstance: stagingtodv.inventory scheduled__2024-07-23T00:00:00+00:00 [running]> on host fd6805ab8e96
[2024-07-24T20:23:46.890+0000] {taskinstance.py:2513} INFO - Exporting env vars: AIRFLOW_CTX_DAG_OWNER='***' AIRFLOW_CTX_DAG_ID='stagingtodv' AIRFLOW_CTX_TASK_ID='inventory' AIRFLOW_CTX_EXECUTION_DATE='2024-07-23T00:00:00+00:00' AIRFLOW_CTX_TRY_NUMBER='1' AIRFLOW_CTX_DAG_RUN_ID='scheduled__2024-07-23T00:00:00+00:00'
[2024-07-24T20:23:46.897+0000] {logging_mixin.py:188} INFO - -------------------------------------------- select *  from etlconf.Etl_Process_Mapping where SourceTableName = 'inventory' and Stage = 'stagingtodv'
[2024-07-24T20:23:49.132+0000] {python.py:202} INFO - Done. Returned value was: None
[2024-07-24T20:23:49.153+0000] {taskinstance.py:1149} INFO - Marking task as SUCCESS. dag_id=stagingtodv, task_id=inventory, execution_date=20240723T000000, start_date=20240724T202346, end_date=20240724T202349
[2024-07-24T20:23:49.203+0000] {local_task_job_runner.py:234} INFO - Task exited with return code 0
[2024-07-24T20:23:49.218+0000] {taskinstance.py:3312} INFO - 0 downstream tasks scheduled from follow-on schedule check
[2024-07-24T20:35:58.603+0000] {taskinstance.py:1979} INFO - Dependencies all met for dep_context=non-requeueable deps ti=<TaskInstance: stagingtodv.inventory scheduled__2024-07-23T00:00:00+00:00 [queued]>
[2024-07-24T20:35:58.627+0000] {taskinstance.py:1979} INFO - Dependencies all met for dep_context=requeueable deps ti=<TaskInstance: stagingtodv.inventory scheduled__2024-07-23T00:00:00+00:00 [queued]>
[2024-07-24T20:35:58.638+0000] {taskinstance.py:2193} INFO - Starting attempt 1 of 1
[2024-07-24T20:35:58.687+0000] {taskinstance.py:2217} INFO - Executing <Task(PythonOperator): inventory> on 2024-07-23 00:00:00+00:00
[2024-07-24T20:35:58.737+0000] {standard_task_runner.py:60} INFO - Started process 92 to run task
[2024-07-24T20:35:58.772+0000] {standard_task_runner.py:87} INFO - Running: ['***', 'tasks', 'run', 'stagingtodv', 'inventory', 'scheduled__2024-07-23T00:00:00+00:00', '--job-id', '4', '--raw', '--subdir', 'DAGS_FOLDER/dag.py', '--cfg-path', '/tmp/tmpi_on_qp5']
[2024-07-24T20:35:58.780+0000] {standard_task_runner.py:88} INFO - Job 4: Subtask inventory
[2024-07-24T20:35:59.032+0000] {task_command.py:423} INFO - Running <TaskInstance: stagingtodv.inventory scheduled__2024-07-23T00:00:00+00:00 [running]> on host 7dd317f3ab25
[2024-07-24T20:36:00.474+0000] {taskinstance.py:2513} INFO - Exporting env vars: AIRFLOW_CTX_DAG_OWNER='***' AIRFLOW_CTX_DAG_ID='stagingtodv' AIRFLOW_CTX_TASK_ID='inventory' AIRFLOW_CTX_EXECUTION_DATE='2024-07-23T00:00:00+00:00' AIRFLOW_CTX_TRY_NUMBER='1' AIRFLOW_CTX_DAG_RUN_ID='scheduled__2024-07-23T00:00:00+00:00'
[2024-07-24T20:36:00.481+0000] {logging_mixin.py:188} INFO - -------------------------------------------- select *  from etlconf.Etl_Process_Mapping where SourceTableName = 'inventory' and Stage = 'stagingtodv'
[2024-07-24T20:36:01.202+0000] {python.py:202} INFO - Done. Returned value was: None
[2024-07-24T20:36:01.221+0000] {taskinstance.py:1149} INFO - Marking task as SUCCESS. dag_id=stagingtodv, task_id=inventory, execution_date=20240723T000000, start_date=20240724T203558, end_date=20240724T203601
[2024-07-24T20:36:01.270+0000] {local_task_job_runner.py:234} INFO - Task exited with return code 0
[2024-07-24T20:44:26.027+0000] {taskinstance.py:3318} INFO - Skipping mini scheduling run due to exception: SELECT dag_run.state AS dag_run_state, dag_run.id AS dag_run_id, dag_run.dag_id AS dag_run_dag_id, dag_run.queued_at AS dag_run_queued_at, dag_run.execution_date AS dag_run_execution_date, dag_run.start_date AS dag_run_start_date, dag_run.end_date AS dag_run_end_date, dag_run.run_id AS dag_run_run_id, dag_run.creating_job_id AS dag_run_creating_job_id, dag_run.external_trigger AS dag_run_external_trigger, dag_run.run_type AS dag_run_run_type, dag_run.conf AS dag_run_conf, dag_run.data_interval_start AS dag_run_data_interval_start, dag_run.data_interval_end AS dag_run_data_interval_end, dag_run.last_scheduling_decision AS dag_run_last_scheduling_decision, dag_run.dag_hash AS dag_run_dag_hash, dag_run.log_template_id AS dag_run_log_template_id, dag_run.updated_at AS dag_run_updated_at, dag_run.clear_number AS dag_run_clear_number 
FROM dag_run 
WHERE dag_run.dag_id = %(dag_id_1)s AND dag_run.run_id = %(run_id_1)s FOR UPDATE
Traceback (most recent call last):
  File "/home/airflow/.local/lib/python3.8/site-packages/sqlalchemy/engine/base.py", line 1910, in _execute_context
    self.dialect.do_execute(
  File "/home/airflow/.local/lib/python3.8/site-packages/sqlalchemy/engine/default.py", line 736, in do_execute
    cursor.execute(statement, parameters)
psycopg2.OperationalError: server closed the connection unexpectedly
	This probably means the server terminated abnormally
	before or while processing the request.


The above exception was the direct cause of the following exception:

Traceback (most recent call last):
  File "/home/airflow/.local/lib/python3.8/site-packages/airflow/models/taskinstance.py", line 3267, in _schedule_downstream_tasks
    dag_run = with_row_locks(
  File "/home/airflow/.local/lib/python3.8/site-packages/sqlalchemy/orm/query.py", line 2870, in one
    return self._iter().one()
  File "/home/airflow/.local/lib/python3.8/site-packages/sqlalchemy/orm/query.py", line 2916, in _iter
    result = self.session.execute(
  File "/home/airflow/.local/lib/python3.8/site-packages/sqlalchemy/orm/session.py", line 1717, in execute
    result = conn._execute_20(statement, params or {}, execution_options)
  File "/home/airflow/.local/lib/python3.8/site-packages/sqlalchemy/engine/base.py", line 1710, in _execute_20
    return meth(self, args_10style, kwargs_10style, execution_options)
  File "/home/airflow/.local/lib/python3.8/site-packages/sqlalchemy/sql/elements.py", line 334, in _execute_on_connection
    return connection._execute_clauseelement(
  File "/home/airflow/.local/lib/python3.8/site-packages/sqlalchemy/engine/base.py", line 1577, in _execute_clauseelement
    ret = self._execute_context(
  File "/home/airflow/.local/lib/python3.8/site-packages/sqlalchemy/engine/base.py", line 1953, in _execute_context
    self._handle_dbapi_exception(
  File "/home/airflow/.local/lib/python3.8/site-packages/sqlalchemy/engine/base.py", line 2134, in _handle_dbapi_exception
    util.raise_(
  File "/home/airflow/.local/lib/python3.8/site-packages/sqlalchemy/util/compat.py", line 211, in raise_
    raise exception
  File "/home/airflow/.local/lib/python3.8/site-packages/sqlalchemy/engine/base.py", line 1910, in _execute_context
    self.dialect.do_execute(
  File "/home/airflow/.local/lib/python3.8/site-packages/sqlalchemy/engine/default.py", line 736, in do_execute
    cursor.execute(statement, parameters)
sqlalchemy.exc.OperationalError: (psycopg2.OperationalError) server closed the connection unexpectedly
	This probably means the server terminated abnormally
	before or while processing the request.

[SQL: SELECT dag_run.state AS dag_run_state, dag_run.id AS dag_run_id, dag_run.dag_id AS dag_run_dag_id, dag_run.queued_at AS dag_run_queued_at, dag_run.execution_date AS dag_run_execution_date, dag_run.start_date AS dag_run_start_date, dag_run.end_date AS dag_run_end_date, dag_run.run_id AS dag_run_run_id, dag_run.creating_job_id AS dag_run_creating_job_id, dag_run.external_trigger AS dag_run_external_trigger, dag_run.run_type AS dag_run_run_type, dag_run.conf AS dag_run_conf, dag_run.data_interval_start AS dag_run_data_interval_start, dag_run.data_interval_end AS dag_run_data_interval_end, dag_run.last_scheduling_decision AS dag_run_last_scheduling_decision, dag_run.dag_hash AS dag_run_dag_hash, dag_run.log_template_id AS dag_run_log_template_id, dag_run.updated_at AS dag_run_updated_at, dag_run.clear_number AS dag_run_clear_number 
FROM dag_run 
WHERE dag_run.dag_id = %(dag_id_1)s AND dag_run.run_id = %(run_id_1)s FOR UPDATE]
[parameters: {'dag_id_1': 'stagingtodv', 'run_id_1': 'scheduled__2024-07-23T00:00:00+00:00'}]
(Background on this error at: https://sqlalche.me/e/14/e3q8)
