[2024-07-16T16:34:40.550+0000] {taskinstance.py:1979} INFO - Dependencies all met for dep_context=non-requeueable deps ti=<TaskInstance: sqltostaging.film scheduled__2024-07-15T00:00:00+00:00 [queued]>
[2024-07-16T16:34:40.576+0000] {taskinstance.py:1979} INFO - Dependencies all met for dep_context=requeueable deps ti=<TaskInstance: sqltostaging.film scheduled__2024-07-15T00:00:00+00:00 [queued]>
[2024-07-16T16:34:40.589+0000] {taskinstance.py:2193} INFO - Starting attempt 1 of 1
[2024-07-16T16:34:40.641+0000] {taskinstance.py:2217} INFO - Executing <Task(PythonOperator): film> on 2024-07-15 00:00:00+00:00
[2024-07-16T16:34:40.669+0000] {standard_task_runner.py:60} INFO - Started process 137 to run task
[2024-07-16T16:34:40.681+0000] {standard_task_runner.py:87} INFO - Running: ['***', 'tasks', 'run', 'sqltostaging', 'film', 'scheduled__2024-07-15T00:00:00+00:00', '--job-id', '62', '--raw', '--subdir', 'DAGS_FOLDER/dag.py', '--cfg-path', '/tmp/tmpsv36mrph']
[2024-07-16T16:34:40.697+0000] {standard_task_runner.py:88} INFO - Job 62: Subtask film
[2024-07-16T16:34:40.861+0000] {task_command.py:423} INFO - Running <TaskInstance: sqltostaging.film scheduled__2024-07-15T00:00:00+00:00 [running]> on host f77c41d1d1e9
[2024-07-16T16:34:41.461+0000] {taskinstance.py:2513} INFO - Exporting env vars: AIRFLOW_CTX_DAG_OWNER='***' AIRFLOW_CTX_DAG_ID='sqltostaging' AIRFLOW_CTX_TASK_ID='film' AIRFLOW_CTX_EXECUTION_DATE='2024-07-15T00:00:00+00:00' AIRFLOW_CTX_TRY_NUMBER='1' AIRFLOW_CTX_DAG_RUN_ID='scheduled__2024-07-15T00:00:00+00:00'
[2024-07-16T16:34:41.504+0000] {logging_mixin.py:188} INFO - select *  from etlconf.Etl_Process_Mapping where SourceTableName = 'film' and Stage = 'sqltostaging'
[2024-07-16T16:34:41.596+0000] {logging_mixin.py:188} INFO -    id sourcetablename  ...         stage              last_run_date
0   7            film  ...  sqltostaging 2024-07-16 16:34:38.291832

[1 rows x 15 columns]
[2024-07-16T16:34:41.862+0000] {logging_mixin.py:188} INFO - update etlconf.Etl_Process_Mapping T set last_run_date = current_timestamp where destdbname='DBStaging' and destschema='dvdrental' and desttablename='film';
[2024-07-16T16:34:41.873+0000] {python.py:202} INFO - Done. Returned value was: None
[2024-07-16T16:34:41.881+0000] {taskinstance.py:1149} INFO - Marking task as SUCCESS. dag_id=sqltostaging, task_id=film, execution_date=20240715T000000, start_date=20240716T163440, end_date=20240716T163441
[2024-07-16T16:34:41.905+0000] {local_task_job_runner.py:234} INFO - Task exited with return code 0
[2024-07-16T16:34:41.918+0000] {taskinstance.py:3312} INFO - 0 downstream tasks scheduled from follow-on schedule check
[2024-07-16T17:43:02.449+0000] {taskinstance.py:1979} INFO - Dependencies all met for dep_context=non-requeueable deps ti=<TaskInstance: sqltostaging.film scheduled__2024-07-15T00:00:00+00:00 [queued]>
[2024-07-16T17:43:02.477+0000] {taskinstance.py:1979} INFO - Dependencies all met for dep_context=requeueable deps ti=<TaskInstance: sqltostaging.film scheduled__2024-07-15T00:00:00+00:00 [queued]>
[2024-07-16T17:43:02.488+0000] {taskinstance.py:2193} INFO - Starting attempt 1 of 1
[2024-07-16T17:43:02.519+0000] {taskinstance.py:2217} INFO - Executing <Task(PythonOperator): film> on 2024-07-15 00:00:00+00:00
[2024-07-16T17:43:02.543+0000] {standard_task_runner.py:60} INFO - Started process 245 to run task
[2024-07-16T17:43:02.561+0000] {standard_task_runner.py:87} INFO - Running: ['***', 'tasks', 'run', 'sqltostaging', 'film', 'scheduled__2024-07-15T00:00:00+00:00', '--job-id', '26', '--raw', '--subdir', 'DAGS_FOLDER/dag.py', '--cfg-path', '/tmp/tmpjjhp_zpt']
[2024-07-16T17:43:02.578+0000] {standard_task_runner.py:88} INFO - Job 26: Subtask film
[2024-07-16T17:43:02.824+0000] {task_command.py:423} INFO - Running <TaskInstance: sqltostaging.film scheduled__2024-07-15T00:00:00+00:00 [running]> on host e1ba87a2fe19
[2024-07-16T17:43:03.054+0000] {taskinstance.py:2513} INFO - Exporting env vars: AIRFLOW_CTX_DAG_OWNER='***' AIRFLOW_CTX_DAG_ID='sqltostaging' AIRFLOW_CTX_TASK_ID='film' AIRFLOW_CTX_EXECUTION_DATE='2024-07-15T00:00:00+00:00' AIRFLOW_CTX_TRY_NUMBER='1' AIRFLOW_CTX_DAG_RUN_ID='scheduled__2024-07-15T00:00:00+00:00'
[2024-07-16T17:43:03.059+0000] {logging_mixin.py:188} INFO - -------------------------------------------- select *  from etlconf.Etl_Process_Mapping where SourceTableName = 'film' and Stage = 'sqltostaging'
[2024-07-16T17:43:03.141+0000] {logging_mixin.py:188} INFO - select *  from etlconf.Etl_Process_Mapping where SourceTableName = 'film' and Stage = 'sqltostaging'
[2024-07-16T17:43:03.972+0000] {logging_mixin.py:188} INFO -    id sourcetablename  ...         stage              last_run_date
0   7            film  ...  sqltostaging 2024-07-16 16:34:41.869636

[1 rows x 15 columns]
[2024-07-16T17:43:04.166+0000] {logging_mixin.py:188} INFO - update etlconf.Etl_Process_Mapping T set last_run_date = current_timestamp where destdbname='DBStaging' and destschema='dvdrental' and desttablename='film';
[2024-07-16T17:43:04.179+0000] {python.py:202} INFO - Done. Returned value was: None
[2024-07-16T17:43:04.192+0000] {taskinstance.py:1149} INFO - Marking task as SUCCESS. dag_id=sqltostaging, task_id=film, execution_date=20240715T000000, start_date=20240716T174302, end_date=20240716T174304
[2024-07-16T17:43:04.239+0000] {local_task_job_runner.py:234} INFO - Task exited with return code 0
[2024-07-16T17:43:04.249+0000] {taskinstance.py:3312} INFO - 0 downstream tasks scheduled from follow-on schedule check
[2024-07-16T18:37:57.474+0000] {taskinstance.py:1979} INFO - Dependencies all met for dep_context=non-requeueable deps ti=<TaskInstance: sqltostaging.film scheduled__2024-07-15T00:00:00+00:00 [queued]>
[2024-07-16T18:37:57.505+0000] {taskinstance.py:1979} INFO - Dependencies all met for dep_context=requeueable deps ti=<TaskInstance: sqltostaging.film scheduled__2024-07-15T00:00:00+00:00 [queued]>
[2024-07-16T18:37:57.511+0000] {taskinstance.py:2193} INFO - Starting attempt 1 of 1
[2024-07-16T18:37:57.591+0000] {taskinstance.py:2217} INFO - Executing <Task(PythonOperator): film> on 2024-07-15 00:00:00+00:00
[2024-07-16T18:37:57.649+0000] {standard_task_runner.py:60} INFO - Started process 262 to run task
[2024-07-16T18:37:57.658+0000] {standard_task_runner.py:87} INFO - Running: ['***', 'tasks', 'run', 'sqltostaging', 'film', 'scheduled__2024-07-15T00:00:00+00:00', '--job-id', '37', '--raw', '--subdir', 'DAGS_FOLDER/dag.py', '--cfg-path', '/tmp/tmpjdgthj_k']
[2024-07-16T18:37:57.669+0000] {standard_task_runner.py:88} INFO - Job 37: Subtask film
[2024-07-16T18:37:57.903+0000] {task_command.py:423} INFO - Running <TaskInstance: sqltostaging.film scheduled__2024-07-15T00:00:00+00:00 [running]> on host b7021158e377
[2024-07-16T18:37:58.219+0000] {taskinstance.py:2513} INFO - Exporting env vars: AIRFLOW_CTX_DAG_OWNER='***' AIRFLOW_CTX_DAG_ID='sqltostaging' AIRFLOW_CTX_TASK_ID='film' AIRFLOW_CTX_EXECUTION_DATE='2024-07-15T00:00:00+00:00' AIRFLOW_CTX_TRY_NUMBER='1' AIRFLOW_CTX_DAG_RUN_ID='scheduled__2024-07-15T00:00:00+00:00'
[2024-07-16T18:37:58.228+0000] {logging_mixin.py:188} INFO - -------------------------------------------- select *  from etlconf.Etl_Process_Mapping where SourceTableName = 'film' and Stage = 'sqltostaging'
[2024-07-16T18:37:58.374+0000] {logging_mixin.py:188} INFO - select *  from etlconf.Etl_Process_Mapping where SourceTableName = 'film' and Stage = 'sqltostaging'
[2024-07-16T18:37:59.123+0000] {logging_mixin.py:188} INFO -    id sourcetablename  ...         stage              last_run_date
0   7            film  ...  sqltostaging 2024-07-16 17:43:04.176115

[1 rows x 15 columns]
[2024-07-16T18:37:59.163+0000] {taskinstance.py:2731} ERROR - Task failed with exception
Traceback (most recent call last):
  File "/home/airflow/.local/lib/python3.8/site-packages/airflow/models/taskinstance.py", line 444, in _execute_task
    result = _execute_callable(context=context, **execute_callable_kwargs)
  File "/home/airflow/.local/lib/python3.8/site-packages/airflow/models/taskinstance.py", line 414, in _execute_callable
    return execute_callable(context=context, **execute_callable_kwargs)
  File "/home/airflow/.local/lib/python3.8/site-packages/airflow/operators/python.py", line 200, in execute
    return_value = self.execute_callable()
  File "/home/airflow/.local/lib/python3.8/site-packages/airflow/operators/python.py", line 217, in execute_callable
    return self.python_callable(*self.op_args, **self.op_kwargs)
  File "/opt/airflow/dags/dag.py", line 45, in process_table
    return  execute(table, stage, tabletype)
  File "/app/main.py", line 26, in execute
    SqlToStaging().create_full().some_function(table, stage)
  File "/app/concretestage/SQLToStaging.py", line 38, in some_function
    sourceDF = getDF(sourcedbname,sourcetablename , sourceschema)
  File "/app/myFramework/utils/utils.py", line 29, in getDF
    cur.execute(query)
psycopg2.errors.FeatureNotSupported: cross-database references are not implemented: "dbstaging.public.dada"
LINE 1: select T.* from dbstaging.public.dada T
                        ^

[2024-07-16T18:37:59.228+0000] {taskinstance.py:1149} INFO - Marking task as FAILED. dag_id=sqltostaging, task_id=film, execution_date=20240715T000000, start_date=20240716T183757, end_date=20240716T183759
[2024-07-16T18:37:59.288+0000] {standard_task_runner.py:107} ERROR - Failed to execute job 37 for task film (cross-database references are not implemented: "dbstaging.public.dada"
LINE 1: select T.* from dbstaging.public.dada T
                        ^
; 262)
[2024-07-16T18:37:59.410+0000] {local_task_job_runner.py:234} INFO - Task exited with return code 1
[2024-07-16T18:37:59.527+0000] {taskinstance.py:3312} INFO - 0 downstream tasks scheduled from follow-on schedule check
[2024-07-16T18:39:44.432+0000] {taskinstance.py:1979} INFO - Dependencies all met for dep_context=non-requeueable deps ti=<TaskInstance: sqltostaging.film scheduled__2024-07-15T00:00:00+00:00 [queued]>
[2024-07-16T18:39:44.450+0000] {taskinstance.py:1979} INFO - Dependencies all met for dep_context=requeueable deps ti=<TaskInstance: sqltostaging.film scheduled__2024-07-15T00:00:00+00:00 [queued]>
[2024-07-16T18:39:44.459+0000] {taskinstance.py:2193} INFO - Starting attempt 1 of 1
[2024-07-16T18:39:44.506+0000] {taskinstance.py:2217} INFO - Executing <Task(PythonOperator): film> on 2024-07-15 00:00:00+00:00
[2024-07-16T18:39:44.522+0000] {standard_task_runner.py:60} INFO - Started process 99 to run task
[2024-07-16T18:39:44.550+0000] {standard_task_runner.py:87} INFO - Running: ['***', 'tasks', 'run', 'sqltostaging', 'film', 'scheduled__2024-07-15T00:00:00+00:00', '--job-id', '13', '--raw', '--subdir', 'DAGS_FOLDER/dag.py', '--cfg-path', '/tmp/tmp01sr4av1']
[2024-07-16T18:39:44.576+0000] {standard_task_runner.py:88} INFO - Job 13: Subtask film
[2024-07-16T18:39:44.790+0000] {task_command.py:423} INFO - Running <TaskInstance: sqltostaging.film scheduled__2024-07-15T00:00:00+00:00 [running]> on host 7465d1ceecf3
[2024-07-16T18:39:46.606+0000] {taskinstance.py:2513} INFO - Exporting env vars: AIRFLOW_CTX_DAG_OWNER='***' AIRFLOW_CTX_DAG_ID='sqltostaging' AIRFLOW_CTX_TASK_ID='film' AIRFLOW_CTX_EXECUTION_DATE='2024-07-15T00:00:00+00:00' AIRFLOW_CTX_TRY_NUMBER='1' AIRFLOW_CTX_DAG_RUN_ID='scheduled__2024-07-15T00:00:00+00:00'
[2024-07-16T18:39:46.612+0000] {logging_mixin.py:188} INFO - -------------------------------------------- select *  from etlconf.Etl_Process_Mapping where SourceTableName = 'film' and Stage = 'sqltostaging'
[2024-07-16T18:39:46.670+0000] {logging_mixin.py:188} INFO - select *  from etlconf.Etl_Process_Mapping where SourceTableName = 'film' and Stage = 'sqltostaging'
[2024-07-16T18:39:46.722+0000] {logging_mixin.py:188} INFO -    id sourcetablename  ...         stage              last_run_date
0   7            film  ...  sqltostaging 2024-07-16 17:43:04.176115

[1 rows x 15 columns]
[2024-07-16T18:39:46.876+0000] {taskinstance.py:2731} ERROR - Task failed with exception
Traceback (most recent call last):
  File "/home/airflow/.local/lib/python3.8/site-packages/sqlalchemy/engine/base.py", line 3371, in _wrap_pool_connect
    return fn()
  File "/home/airflow/.local/lib/python3.8/site-packages/sqlalchemy/pool/base.py", line 327, in connect
    return _ConnectionFairy._checkout(self)
  File "/home/airflow/.local/lib/python3.8/site-packages/sqlalchemy/pool/base.py", line 894, in _checkout
    fairy = _ConnectionRecord.checkout(pool)
  File "/home/airflow/.local/lib/python3.8/site-packages/sqlalchemy/pool/base.py", line 493, in checkout
    rec = pool._do_get()
  File "/home/airflow/.local/lib/python3.8/site-packages/sqlalchemy/pool/impl.py", line 146, in _do_get
    self._dec_overflow()
  File "/home/airflow/.local/lib/python3.8/site-packages/sqlalchemy/util/langhelpers.py", line 70, in __exit__
    compat.raise_(
  File "/home/airflow/.local/lib/python3.8/site-packages/sqlalchemy/util/compat.py", line 211, in raise_
    raise exception
  File "/home/airflow/.local/lib/python3.8/site-packages/sqlalchemy/pool/impl.py", line 143, in _do_get
    return self._create_connection()
  File "/home/airflow/.local/lib/python3.8/site-packages/sqlalchemy/pool/base.py", line 273, in _create_connection
    return _ConnectionRecord(self)
  File "/home/airflow/.local/lib/python3.8/site-packages/sqlalchemy/pool/base.py", line 388, in __init__
    self.__connect()
  File "/home/airflow/.local/lib/python3.8/site-packages/sqlalchemy/pool/base.py", line 691, in __connect
    pool.logger.debug("Error on connect(): %s", e)
  File "/home/airflow/.local/lib/python3.8/site-packages/sqlalchemy/util/langhelpers.py", line 70, in __exit__
    compat.raise_(
  File "/home/airflow/.local/lib/python3.8/site-packages/sqlalchemy/util/compat.py", line 211, in raise_
    raise exception
  File "/home/airflow/.local/lib/python3.8/site-packages/sqlalchemy/pool/base.py", line 686, in __connect
    self.dbapi_connection = connection = pool._invoke_creator(self)
  File "/home/airflow/.local/lib/python3.8/site-packages/sqlalchemy/engine/create.py", line 574, in connect
    return dialect.connect(*cargs, **cparams)
  File "/home/airflow/.local/lib/python3.8/site-packages/sqlalchemy/engine/default.py", line 598, in connect
    return self.dbapi.connect(*cargs, **cparams)
  File "/home/airflow/.local/lib/python3.8/site-packages/psycopg2/__init__.py", line 122, in connect
    conn = _connect(dsn, connection_factory=connection_factory, **kwasync)
psycopg2.OperationalError: connection to server at "postgres_db" (172.31.0.4), port 9999 failed: FATAL:  database "DBStaging" does not exist


The above exception was the direct cause of the following exception:

Traceback (most recent call last):
  File "/home/airflow/.local/lib/python3.8/site-packages/airflow/models/taskinstance.py", line 444, in _execute_task
    result = _execute_callable(context=context, **execute_callable_kwargs)
  File "/home/airflow/.local/lib/python3.8/site-packages/airflow/models/taskinstance.py", line 414, in _execute_callable
    return execute_callable(context=context, **execute_callable_kwargs)
  File "/home/airflow/.local/lib/python3.8/site-packages/airflow/operators/python.py", line 200, in execute
    return_value = self.execute_callable()
  File "/home/airflow/.local/lib/python3.8/site-packages/airflow/operators/python.py", line 217, in execute_callable
    return self.python_callable(*self.op_args, **self.op_kwargs)
  File "/opt/airflow/dags/dag.py", line 45, in process_table
    return  execute(table, stage, tabletype)
  File "/app/main.py", line 26, in execute
    SqlToStaging().create_full().some_function(table, stage)
  File "/app/concretestage/SQLToStaging.py", line 40, in some_function
    fillPosgres(sourceDF, DestDBName, DestSchema, DestTableName, InsertionType)
  File "/app/myFramework/utils/utils.py", line 36, in fillPosgres
    df.to_sql(tablename, conn.getEngine(dst_dbname)
  File "/home/airflow/.local/lib/python3.8/site-packages/pandas/core/generic.py", line 2878, in to_sql
    return sql.to_sql(
  File "/home/airflow/.local/lib/python3.8/site-packages/pandas/io/sql.py", line 768, in to_sql
    with pandasSQL_builder(con, schema=schema, need_transaction=True) as pandas_sql:
  File "/home/airflow/.local/lib/python3.8/site-packages/pandas/io/sql.py", line 832, in pandasSQL_builder
    return SQLDatabase(con, schema, need_transaction)
  File "/home/airflow/.local/lib/python3.8/site-packages/pandas/io/sql.py", line 1539, in __init__
    con = self.exit_stack.enter_context(con.connect())
  File "/home/airflow/.local/lib/python3.8/site-packages/sqlalchemy/engine/base.py", line 3325, in connect
    return self._connection_cls(self, close_with_result=close_with_result)
  File "/home/airflow/.local/lib/python3.8/site-packages/sqlalchemy/engine/base.py", line 96, in __init__
    else engine.raw_connection()
  File "/home/airflow/.local/lib/python3.8/site-packages/sqlalchemy/engine/base.py", line 3404, in raw_connection
    return self._wrap_pool_connect(self.pool.connect, _connection)
  File "/home/airflow/.local/lib/python3.8/site-packages/sqlalchemy/engine/base.py", line 3374, in _wrap_pool_connect
    Connection._handle_dbapi_exception_noconnection(
  File "/home/airflow/.local/lib/python3.8/site-packages/sqlalchemy/engine/base.py", line 2208, in _handle_dbapi_exception_noconnection
    util.raise_(
  File "/home/airflow/.local/lib/python3.8/site-packages/sqlalchemy/util/compat.py", line 211, in raise_
    raise exception
  File "/home/airflow/.local/lib/python3.8/site-packages/sqlalchemy/engine/base.py", line 3371, in _wrap_pool_connect
    return fn()
  File "/home/airflow/.local/lib/python3.8/site-packages/sqlalchemy/pool/base.py", line 327, in connect
    return _ConnectionFairy._checkout(self)
  File "/home/airflow/.local/lib/python3.8/site-packages/sqlalchemy/pool/base.py", line 894, in _checkout
    fairy = _ConnectionRecord.checkout(pool)
  File "/home/airflow/.local/lib/python3.8/site-packages/sqlalchemy/pool/base.py", line 493, in checkout
    rec = pool._do_get()
  File "/home/airflow/.local/lib/python3.8/site-packages/sqlalchemy/pool/impl.py", line 146, in _do_get
    self._dec_overflow()
  File "/home/airflow/.local/lib/python3.8/site-packages/sqlalchemy/util/langhelpers.py", line 70, in __exit__
    compat.raise_(
  File "/home/airflow/.local/lib/python3.8/site-packages/sqlalchemy/util/compat.py", line 211, in raise_
    raise exception
  File "/home/airflow/.local/lib/python3.8/site-packages/sqlalchemy/pool/impl.py", line 143, in _do_get
    return self._create_connection()
  File "/home/airflow/.local/lib/python3.8/site-packages/sqlalchemy/pool/base.py", line 273, in _create_connection
    return _ConnectionRecord(self)
  File "/home/airflow/.local/lib/python3.8/site-packages/sqlalchemy/pool/base.py", line 388, in __init__
    self.__connect()
  File "/home/airflow/.local/lib/python3.8/site-packages/sqlalchemy/pool/base.py", line 691, in __connect
    pool.logger.debug("Error on connect(): %s", e)
  File "/home/airflow/.local/lib/python3.8/site-packages/sqlalchemy/util/langhelpers.py", line 70, in __exit__
    compat.raise_(
  File "/home/airflow/.local/lib/python3.8/site-packages/sqlalchemy/util/compat.py", line 211, in raise_
    raise exception
  File "/home/airflow/.local/lib/python3.8/site-packages/sqlalchemy/pool/base.py", line 686, in __connect
    self.dbapi_connection = connection = pool._invoke_creator(self)
  File "/home/airflow/.local/lib/python3.8/site-packages/sqlalchemy/engine/create.py", line 574, in connect
    return dialect.connect(*cargs, **cparams)
  File "/home/airflow/.local/lib/python3.8/site-packages/sqlalchemy/engine/default.py", line 598, in connect
    return self.dbapi.connect(*cargs, **cparams)
  File "/home/airflow/.local/lib/python3.8/site-packages/psycopg2/__init__.py", line 122, in connect
    conn = _connect(dsn, connection_factory=connection_factory, **kwasync)
sqlalchemy.exc.OperationalError: (psycopg2.OperationalError) connection to server at "postgres_db" (172.31.0.4), port 9999 failed: FATAL:  database "DBStaging" does not exist

(Background on this error at: https://sqlalche.me/e/14/e3q8)
[2024-07-16T18:39:46.899+0000] {taskinstance.py:1149} INFO - Marking task as FAILED. dag_id=sqltostaging, task_id=film, execution_date=20240715T000000, start_date=20240716T183944, end_date=20240716T183946
[2024-07-16T18:39:46.911+0000] {standard_task_runner.py:107} ERROR - Failed to execute job 13 for task film ((psycopg2.OperationalError) connection to server at "postgres_db" (172.31.0.4), port 9999 failed: FATAL:  database "DBStaging" does not exist

(Background on this error at: https://sqlalche.me/e/14/e3q8); 99)
[2024-07-16T18:39:46.948+0000] {local_task_job_runner.py:234} INFO - Task exited with return code 1
[2024-07-16T18:39:47.015+0000] {taskinstance.py:3312} INFO - 0 downstream tasks scheduled from follow-on schedule check
[2024-07-16T18:45:08.373+0000] {taskinstance.py:1979} INFO - Dependencies all met for dep_context=non-requeueable deps ti=<TaskInstance: sqltostaging.film scheduled__2024-07-15T00:00:00+00:00 [queued]>
[2024-07-16T18:45:08.394+0000] {taskinstance.py:1979} INFO - Dependencies all met for dep_context=requeueable deps ti=<TaskInstance: sqltostaging.film scheduled__2024-07-15T00:00:00+00:00 [queued]>
[2024-07-16T18:45:08.398+0000] {taskinstance.py:2193} INFO - Starting attempt 1 of 1
[2024-07-16T18:45:08.458+0000] {taskinstance.py:2217} INFO - Executing <Task(PythonOperator): film> on 2024-07-15 00:00:00+00:00
[2024-07-16T18:45:08.491+0000] {standard_task_runner.py:60} INFO - Started process 93 to run task
[2024-07-16T18:45:08.512+0000] {standard_task_runner.py:87} INFO - Running: ['***', 'tasks', 'run', 'sqltostaging', 'film', 'scheduled__2024-07-15T00:00:00+00:00', '--job-id', '15', '--raw', '--subdir', 'DAGS_FOLDER/dag.py', '--cfg-path', '/tmp/tmprod2nhhq']
[2024-07-16T18:45:08.532+0000] {standard_task_runner.py:88} INFO - Job 15: Subtask film
[2024-07-16T18:45:08.808+0000] {task_command.py:423} INFO - Running <TaskInstance: sqltostaging.film scheduled__2024-07-15T00:00:00+00:00 [running]> on host 2e3dbb9eb862
[2024-07-16T18:45:10.875+0000] {taskinstance.py:2513} INFO - Exporting env vars: AIRFLOW_CTX_DAG_OWNER='***' AIRFLOW_CTX_DAG_ID='sqltostaging' AIRFLOW_CTX_TASK_ID='film' AIRFLOW_CTX_EXECUTION_DATE='2024-07-15T00:00:00+00:00' AIRFLOW_CTX_TRY_NUMBER='1' AIRFLOW_CTX_DAG_RUN_ID='scheduled__2024-07-15T00:00:00+00:00'
[2024-07-16T18:45:11.276+0000] {logging_mixin.py:188} INFO - -------------------------------------------- select *  from etlconf.Etl_Process_Mapping where SourceTableName = 'film' and Stage = 'sqltostaging'
[2024-07-16T18:45:11.805+0000] {logging_mixin.py:188} INFO - select *  from etlconf.Etl_Process_Mapping where SourceTableName = 'film' and Stage = 'sqltostaging'
[2024-07-16T18:45:12.089+0000] {logging_mixin.py:188} INFO -    id sourcetablename  ...         stage              last_run_date
0   7            film  ...  sqltostaging 2024-07-16 17:43:04.176115

[1 rows x 15 columns]
[2024-07-16T18:45:13.286+0000] {logging_mixin.py:188} INFO - update etlconf.Etl_Process_Mapping T set last_run_date = current_timestamp where destdbname='dbstaging' and destschema='dvdrental' and desttablename='film';
[2024-07-16T18:45:13.398+0000] {python.py:202} INFO - Done. Returned value was: None
[2024-07-16T18:45:13.445+0000] {taskinstance.py:1149} INFO - Marking task as SUCCESS. dag_id=sqltostaging, task_id=film, execution_date=20240715T000000, start_date=20240716T184508, end_date=20240716T184513
[2024-07-16T18:45:13.525+0000] {local_task_job_runner.py:234} INFO - Task exited with return code 0
[2024-07-16T18:45:13.631+0000] {taskinstance.py:3312} INFO - 0 downstream tasks scheduled from follow-on schedule check
[2024-07-16T18:51:27.375+0000] {taskinstance.py:1979} INFO - Dependencies all met for dep_context=non-requeueable deps ti=<TaskInstance: sqltostaging.film scheduled__2024-07-15T00:00:00+00:00 [queued]>
[2024-07-16T18:51:27.407+0000] {taskinstance.py:1979} INFO - Dependencies all met for dep_context=requeueable deps ti=<TaskInstance: sqltostaging.film scheduled__2024-07-15T00:00:00+00:00 [queued]>
[2024-07-16T18:51:27.414+0000] {taskinstance.py:2193} INFO - Starting attempt 1 of 1
[2024-07-16T18:51:27.465+0000] {taskinstance.py:2217} INFO - Executing <Task(PythonOperator): film> on 2024-07-15 00:00:00+00:00
[2024-07-16T18:51:27.504+0000] {standard_task_runner.py:60} INFO - Started process 157 to run task
[2024-07-16T18:51:27.550+0000] {standard_task_runner.py:87} INFO - Running: ['***', 'tasks', 'run', 'sqltostaging', 'film', 'scheduled__2024-07-15T00:00:00+00:00', '--job-id', '9', '--raw', '--subdir', 'DAGS_FOLDER/dag.py', '--cfg-path', '/tmp/tmp8drvxbrs']
[2024-07-16T18:51:27.579+0000] {standard_task_runner.py:88} INFO - Job 9: Subtask film
[2024-07-16T18:51:27.848+0000] {task_command.py:423} INFO - Running <TaskInstance: sqltostaging.film scheduled__2024-07-15T00:00:00+00:00 [running]> on host 7844bece6866
[2024-07-16T18:51:29.013+0000] {taskinstance.py:2513} INFO - Exporting env vars: AIRFLOW_CTX_DAG_OWNER='***' AIRFLOW_CTX_DAG_ID='sqltostaging' AIRFLOW_CTX_TASK_ID='film' AIRFLOW_CTX_EXECUTION_DATE='2024-07-15T00:00:00+00:00' AIRFLOW_CTX_TRY_NUMBER='1' AIRFLOW_CTX_DAG_RUN_ID='scheduled__2024-07-15T00:00:00+00:00'
[2024-07-16T18:51:29.018+0000] {logging_mixin.py:188} INFO - -------------------------------------------- select *  from etlconf.Etl_Process_Mapping where SourceTableName = 'film' and Stage = 'sqltostaging'
[2024-07-16T18:51:29.106+0000] {logging_mixin.py:188} INFO - select *  from etlconf.Etl_Process_Mapping where SourceTableName = 'film' and Stage = 'sqltostaging'
[2024-07-16T18:51:29.244+0000] {logging_mixin.py:188} INFO -    id sourcetablename  ...         stage              last_run_date
0   7            film  ...  sqltostaging 2024-07-16 18:45:13.366031

[1 rows x 15 columns]
[2024-07-16T18:51:29.847+0000] {logging_mixin.py:188} INFO - update etlconf.Etl_Process_Mapping T set last_run_date = current_timestamp where destdbname='dbstaging' and destschema='dvdrental' and desttablename='film';
[2024-07-16T18:51:29.868+0000] {python.py:202} INFO - Done. Returned value was: None
[2024-07-16T18:51:29.878+0000] {taskinstance.py:1149} INFO - Marking task as SUCCESS. dag_id=sqltostaging, task_id=film, execution_date=20240715T000000, start_date=20240716T185127, end_date=20240716T185129
[2024-07-16T18:51:29.907+0000] {local_task_job_runner.py:234} INFO - Task exited with return code 0
[2024-07-16T18:51:29.941+0000] {taskinstance.py:3312} INFO - 0 downstream tasks scheduled from follow-on schedule check
[2024-07-16T18:53:08.890+0000] {taskinstance.py:1979} INFO - Dependencies all met for dep_context=non-requeueable deps ti=<TaskInstance: sqltostaging.film scheduled__2024-07-15T00:00:00+00:00 [queued]>
[2024-07-16T18:53:08.916+0000] {taskinstance.py:1979} INFO - Dependencies all met for dep_context=requeueable deps ti=<TaskInstance: sqltostaging.film scheduled__2024-07-15T00:00:00+00:00 [queued]>
[2024-07-16T18:53:08.920+0000] {taskinstance.py:2193} INFO - Starting attempt 1 of 1
[2024-07-16T18:53:08.989+0000] {taskinstance.py:2217} INFO - Executing <Task(PythonOperator): film> on 2024-07-15 00:00:00+00:00
[2024-07-16T18:53:08.994+0000] {standard_task_runner.py:60} INFO - Started process 86 to run task
[2024-07-16T18:53:09.005+0000] {standard_task_runner.py:87} INFO - Running: ['***', 'tasks', 'run', 'sqltostaging', 'film', 'scheduled__2024-07-15T00:00:00+00:00', '--job-id', '9', '--raw', '--subdir', 'DAGS_FOLDER/dag.py', '--cfg-path', '/tmp/tmpr8t77d_7']
[2024-07-16T18:53:09.009+0000] {standard_task_runner.py:88} INFO - Job 9: Subtask film
[2024-07-16T18:53:09.244+0000] {task_command.py:423} INFO - Running <TaskInstance: sqltostaging.film scheduled__2024-07-15T00:00:00+00:00 [running]> on host 6ef7a8da30c0
[2024-07-16T18:53:11.349+0000] {taskinstance.py:2513} INFO - Exporting env vars: AIRFLOW_CTX_DAG_OWNER='***' AIRFLOW_CTX_DAG_ID='sqltostaging' AIRFLOW_CTX_TASK_ID='film' AIRFLOW_CTX_EXECUTION_DATE='2024-07-15T00:00:00+00:00' AIRFLOW_CTX_TRY_NUMBER='1' AIRFLOW_CTX_DAG_RUN_ID='scheduled__2024-07-15T00:00:00+00:00'
[2024-07-16T18:53:11.363+0000] {logging_mixin.py:188} INFO - -------------------------------------------- select *  from etlconf.Etl_Process_Mapping where SourceTableName = 'film' and Stage = 'sqltostaging'
[2024-07-16T18:53:11.441+0000] {logging_mixin.py:188} INFO - select *  from etlconf.Etl_Process_Mapping where SourceTableName = 'film' and Stage = 'sqltostaging'
[2024-07-16T18:53:11.494+0000] {logging_mixin.py:188} INFO -    id sourcetablename  ...         stage              last_run_date
0   7            film  ...  sqltostaging 2024-07-16 18:51:29.862140

[1 rows x 15 columns]
[2024-07-16T18:53:11.984+0000] {logging_mixin.py:188} INFO - update etlconf.Etl_Process_Mapping T set last_run_date = current_timestamp where destdbname='dbstaging' and destschema='dvdrental' and desttablename='film';
[2024-07-16T18:53:12.027+0000] {python.py:202} INFO - Done. Returned value was: None
[2024-07-16T18:53:12.037+0000] {taskinstance.py:1149} INFO - Marking task as SUCCESS. dag_id=sqltostaging, task_id=film, execution_date=20240715T000000, start_date=20240716T185308, end_date=20240716T185312
[2024-07-16T18:53:12.107+0000] {local_task_job_runner.py:234} INFO - Task exited with return code 0
[2024-07-16T18:53:12.123+0000] {taskinstance.py:3312} INFO - 0 downstream tasks scheduled from follow-on schedule check
[2024-07-16T18:56:03.142+0000] {taskinstance.py:1979} INFO - Dependencies all met for dep_context=non-requeueable deps ti=<TaskInstance: sqltostaging.film scheduled__2024-07-15T00:00:00+00:00 [queued]>
[2024-07-16T18:56:03.239+0000] {taskinstance.py:1979} INFO - Dependencies all met for dep_context=requeueable deps ti=<TaskInstance: sqltostaging.film scheduled__2024-07-15T00:00:00+00:00 [queued]>
[2024-07-16T18:56:03.242+0000] {taskinstance.py:2193} INFO - Starting attempt 1 of 1
[2024-07-16T18:56:03.355+0000] {taskinstance.py:2217} INFO - Executing <Task(PythonOperator): film> on 2024-07-15 00:00:00+00:00
[2024-07-16T18:56:03.406+0000] {standard_task_runner.py:60} INFO - Started process 103 to run task
[2024-07-16T18:56:03.465+0000] {standard_task_runner.py:87} INFO - Running: ['***', 'tasks', 'run', 'sqltostaging', 'film', 'scheduled__2024-07-15T00:00:00+00:00', '--job-id', '17', '--raw', '--subdir', 'DAGS_FOLDER/dag.py', '--cfg-path', '/tmp/tmpxneq8y6l']
[2024-07-16T18:56:03.489+0000] {standard_task_runner.py:88} INFO - Job 17: Subtask film
[2024-07-16T18:56:04.173+0000] {task_command.py:423} INFO - Running <TaskInstance: sqltostaging.film scheduled__2024-07-15T00:00:00+00:00 [running]> on host 1733eeb0def3
[2024-07-16T18:56:04.986+0000] {taskinstance.py:2513} INFO - Exporting env vars: AIRFLOW_CTX_DAG_OWNER='***' AIRFLOW_CTX_DAG_ID='sqltostaging' AIRFLOW_CTX_TASK_ID='film' AIRFLOW_CTX_EXECUTION_DATE='2024-07-15T00:00:00+00:00' AIRFLOW_CTX_TRY_NUMBER='1' AIRFLOW_CTX_DAG_RUN_ID='scheduled__2024-07-15T00:00:00+00:00'
[2024-07-16T18:56:05.022+0000] {logging_mixin.py:188} INFO - -------------------------------------------- select *  from etlconf.Etl_Process_Mapping where SourceTableName = 'film' and Stage = 'sqltostaging'
[2024-07-16T18:56:08.691+0000] {logging_mixin.py:188} INFO - select *  from etlconf.Etl_Process_Mapping where SourceTableName = 'film' and Stage = 'sqltostaging'
[2024-07-16T18:56:08.855+0000] {logging_mixin.py:188} INFO -    id sourcetablename  ...         stage              last_run_date
0   7            film  ...  sqltostaging 2024-07-16 18:53:12.018082

[1 rows x 15 columns]
[2024-07-16T18:56:10.778+0000] {logging_mixin.py:188} INFO - update etlconf.Etl_Process_Mapping T set last_run_date = current_timestamp where destdbname='dbstaging' and destschema='dvdrental' and desttablename='film';
[2024-07-16T18:56:10.822+0000] {python.py:202} INFO - Done. Returned value was: None
[2024-07-16T18:56:10.859+0000] {taskinstance.py:1149} INFO - Marking task as SUCCESS. dag_id=sqltostaging, task_id=film, execution_date=20240715T000000, start_date=20240716T185603, end_date=20240716T185610
[2024-07-16T18:56:10.934+0000] {local_task_job_runner.py:234} INFO - Task exited with return code 0
[2024-07-16T18:56:10.980+0000] {taskinstance.py:3312} INFO - 0 downstream tasks scheduled from follow-on schedule check
