[2024-07-10T19:19:12.744+0000] {taskinstance.py:1979} INFO - Dependencies all met for dep_context=non-requeueable deps ti=<TaskInstance: SqlToStaging.film_actor scheduled__2024-07-09T00:00:00+00:00 [queued]>
[2024-07-10T19:19:12.767+0000] {taskinstance.py:1979} INFO - Dependencies all met for dep_context=requeueable deps ti=<TaskInstance: SqlToStaging.film_actor scheduled__2024-07-09T00:00:00+00:00 [queued]>
[2024-07-10T19:19:12.772+0000] {taskinstance.py:2193} INFO - Starting attempt 1 of 1
[2024-07-10T19:19:12.797+0000] {taskinstance.py:2217} INFO - Executing <Task(PythonOperator): film_actor> on 2024-07-09 00:00:00+00:00
[2024-07-10T19:19:12.804+0000] {standard_task_runner.py:60} INFO - Started process 88 to run task
[2024-07-10T19:19:12.809+0000] {standard_task_runner.py:87} INFO - Running: ['***', 'tasks', 'run', 'SqlToStaging', 'film_actor', 'scheduled__2024-07-09T00:00:00+00:00', '--job-id', '4', '--raw', '--subdir', 'DAGS_FOLDER/dag.py', '--cfg-path', '/tmp/tmp3qqnrq6n']
[2024-07-10T19:19:12.822+0000] {standard_task_runner.py:88} INFO - Job 4: Subtask film_actor
[2024-07-10T19:19:12.989+0000] {task_command.py:423} INFO - Running <TaskInstance: SqlToStaging.film_actor scheduled__2024-07-09T00:00:00+00:00 [running]> on host 988357c0810b
[2024-07-10T19:19:14.177+0000] {taskinstance.py:2513} INFO - Exporting env vars: AIRFLOW_CTX_DAG_OWNER='***' AIRFLOW_CTX_DAG_ID='SqlToStaging' AIRFLOW_CTX_TASK_ID='film_actor' AIRFLOW_CTX_EXECUTION_DATE='2024-07-09T00:00:00+00:00' AIRFLOW_CTX_TRY_NUMBER='1' AIRFLOW_CTX_DAG_RUN_ID='scheduled__2024-07-09T00:00:00+00:00'
[2024-07-10T19:19:14.184+0000] {logging_mixin.py:188} INFO - select *  from etlconf.Etl_Process_Mapping where SourceTableName = 'film_actor' and Stage = 'SqlToStaging'
[2024-07-10T19:19:14.330+0000] {taskinstance.py:2731} ERROR - Task failed with exception
Traceback (most recent call last):
  File "/home/airflow/.local/lib/python3.8/site-packages/airflow/models/taskinstance.py", line 444, in _execute_task
    result = _execute_callable(context=context, **execute_callable_kwargs)
  File "/home/airflow/.local/lib/python3.8/site-packages/airflow/models/taskinstance.py", line 414, in _execute_callable
    return execute_callable(context=context, **execute_callable_kwargs)
  File "/home/airflow/.local/lib/python3.8/site-packages/airflow/operators/python.py", line 200, in execute
    return_value = self.execute_callable()
  File "/home/airflow/.local/lib/python3.8/site-packages/airflow/operators/python.py", line 217, in execute_callable
    return self.python_callable(*self.op_args, **self.op_kwargs)
  File "/opt/airflow/dags/dag.py", line 41, in process_table
    tabletype = get_data_from_conf_table(table,stage)['tabletype'].values[0]
  File "/opt/airflow/dags/dag.py", line 30, in get_data_from_conf_table
    cur.execute(query)
AttributeError: 'psycopg2.extensions.connection' object has no attribute 'execute'
[2024-07-10T19:19:14.398+0000] {taskinstance.py:1149} INFO - Marking task as FAILED. dag_id=SqlToStaging, task_id=film_actor, execution_date=20240709T000000, start_date=20240710T191912, end_date=20240710T191914
[2024-07-10T19:19:14.459+0000] {standard_task_runner.py:107} ERROR - Failed to execute job 4 for task film_actor ('psycopg2.extensions.connection' object has no attribute 'execute'; 88)
[2024-07-10T19:19:14.545+0000] {local_task_job_runner.py:234} INFO - Task exited with return code 1
[2024-07-10T19:19:14.600+0000] {taskinstance.py:3312} INFO - 0 downstream tasks scheduled from follow-on schedule check
[2024-07-10T19:24:52.175+0000] {taskinstance.py:1979} INFO - Dependencies all met for dep_context=non-requeueable deps ti=<TaskInstance: SqlToStaging.film_actor scheduled__2024-07-09T00:00:00+00:00 [queued]>
[2024-07-10T19:24:52.201+0000] {taskinstance.py:1979} INFO - Dependencies all met for dep_context=requeueable deps ti=<TaskInstance: SqlToStaging.film_actor scheduled__2024-07-09T00:00:00+00:00 [queued]>
[2024-07-10T19:24:52.209+0000] {taskinstance.py:2193} INFO - Starting attempt 1 of 1
[2024-07-10T19:24:52.245+0000] {taskinstance.py:2217} INFO - Executing <Task(PythonOperator): film_actor> on 2024-07-09 00:00:00+00:00
[2024-07-10T19:24:52.263+0000] {standard_task_runner.py:60} INFO - Started process 100 to run task
[2024-07-10T19:24:52.277+0000] {standard_task_runner.py:87} INFO - Running: ['***', 'tasks', 'run', 'SqlToStaging', 'film_actor', 'scheduled__2024-07-09T00:00:00+00:00', '--job-id', '17', '--raw', '--subdir', 'DAGS_FOLDER/dag.py', '--cfg-path', '/tmp/tmptdgih9kb']
[2024-07-10T19:24:52.289+0000] {standard_task_runner.py:88} INFO - Job 17: Subtask film_actor
[2024-07-10T19:24:52.493+0000] {task_command.py:423} INFO - Running <TaskInstance: SqlToStaging.film_actor scheduled__2024-07-09T00:00:00+00:00 [running]> on host 1dd842c603c2
[2024-07-10T19:24:53.824+0000] {taskinstance.py:2513} INFO - Exporting env vars: AIRFLOW_CTX_DAG_OWNER='***' AIRFLOW_CTX_DAG_ID='SqlToStaging' AIRFLOW_CTX_TASK_ID='film_actor' AIRFLOW_CTX_EXECUTION_DATE='2024-07-09T00:00:00+00:00' AIRFLOW_CTX_TRY_NUMBER='1' AIRFLOW_CTX_DAG_RUN_ID='scheduled__2024-07-09T00:00:00+00:00'
[2024-07-10T19:24:53.828+0000] {logging_mixin.py:188} INFO - select *  from etlconf.Etl_Process_Mapping where SourceTableName = 'film_actor' and Stage = 'SqlToStaging'
[2024-07-10T19:24:53.853+0000] {taskinstance.py:2731} ERROR - Task failed with exception
Traceback (most recent call last):
  File "/home/airflow/.local/lib/python3.8/site-packages/airflow/models/taskinstance.py", line 444, in _execute_task
    result = _execute_callable(context=context, **execute_callable_kwargs)
  File "/home/airflow/.local/lib/python3.8/site-packages/airflow/models/taskinstance.py", line 414, in _execute_callable
    return execute_callable(context=context, **execute_callable_kwargs)
  File "/home/airflow/.local/lib/python3.8/site-packages/airflow/operators/python.py", line 200, in execute
    return_value = self.execute_callable()
  File "/home/airflow/.local/lib/python3.8/site-packages/airflow/operators/python.py", line 217, in execute_callable
    return self.python_callable(*self.op_args, **self.op_kwargs)
  File "/opt/airflow/dags/dag.py", line 41, in process_table
    tabletype = get_data_from_conf_table(table,stage)['tabletype'].values[0]
  File "/opt/airflow/dags/dag.py", line 34, in get_data_from_conf_table
    df.columns = [desc[0] for desc in cur.description]
  File "/home/airflow/.local/lib/python3.8/site-packages/pandas/core/generic.py", line 6002, in __setattr__
    return object.__setattr__(self, name, value)
  File "pandas/_libs/properties.pyx", line 69, in pandas._libs.properties.AxisProperty.__set__
  File "/home/airflow/.local/lib/python3.8/site-packages/pandas/core/generic.py", line 730, in _set_axis
    self._mgr.set_axis(axis, labels)
  File "/home/airflow/.local/lib/python3.8/site-packages/pandas/core/internals/managers.py", line 225, in set_axis
    self._validate_set_axis(axis, new_labels)
  File "/home/airflow/.local/lib/python3.8/site-packages/pandas/core/internals/base.py", line 70, in _validate_set_axis
    raise ValueError(
ValueError: Length mismatch: Expected axis has 0 elements, new values have 15 elements
[2024-07-10T19:24:53.879+0000] {taskinstance.py:1149} INFO - Marking task as FAILED. dag_id=SqlToStaging, task_id=film_actor, execution_date=20240709T000000, start_date=20240710T192452, end_date=20240710T192453
[2024-07-10T19:24:53.894+0000] {standard_task_runner.py:107} ERROR - Failed to execute job 17 for task film_actor (Length mismatch: Expected axis has 0 elements, new values have 15 elements; 100)
[2024-07-10T19:24:53.938+0000] {local_task_job_runner.py:234} INFO - Task exited with return code 1
[2024-07-10T19:24:53.960+0000] {taskinstance.py:3312} INFO - 0 downstream tasks scheduled from follow-on schedule check
[2024-07-10T19:33:52.822+0000] {taskinstance.py:1979} INFO - Dependencies all met for dep_context=non-requeueable deps ti=<TaskInstance: SqlToStaging.film_actor scheduled__2024-07-09T00:00:00+00:00 [queued]>
[2024-07-10T19:33:52.851+0000] {taskinstance.py:1979} INFO - Dependencies all met for dep_context=requeueable deps ti=<TaskInstance: SqlToStaging.film_actor scheduled__2024-07-09T00:00:00+00:00 [queued]>
[2024-07-10T19:33:52.854+0000] {taskinstance.py:2193} INFO - Starting attempt 1 of 1
[2024-07-10T19:33:52.886+0000] {taskinstance.py:2217} INFO - Executing <Task(PythonOperator): film_actor> on 2024-07-09 00:00:00+00:00
[2024-07-10T19:33:52.896+0000] {standard_task_runner.py:60} INFO - Started process 102 to run task
[2024-07-10T19:33:52.912+0000] {standard_task_runner.py:87} INFO - Running: ['***', 'tasks', 'run', 'SqlToStaging', 'film_actor', 'scheduled__2024-07-09T00:00:00+00:00', '--job-id', '17', '--raw', '--subdir', 'DAGS_FOLDER/dag.py', '--cfg-path', '/tmp/tmpysk6wab3']
[2024-07-10T19:33:52.929+0000] {standard_task_runner.py:88} INFO - Job 17: Subtask film_actor
[2024-07-10T19:33:53.093+0000] {task_command.py:423} INFO - Running <TaskInstance: SqlToStaging.film_actor scheduled__2024-07-09T00:00:00+00:00 [running]> on host a0982d156a38
[2024-07-10T19:33:54.275+0000] {taskinstance.py:2513} INFO - Exporting env vars: AIRFLOW_CTX_DAG_OWNER='***' AIRFLOW_CTX_DAG_ID='SqlToStaging' AIRFLOW_CTX_TASK_ID='film_actor' AIRFLOW_CTX_EXECUTION_DATE='2024-07-09T00:00:00+00:00' AIRFLOW_CTX_TRY_NUMBER='1' AIRFLOW_CTX_DAG_RUN_ID='scheduled__2024-07-09T00:00:00+00:00'
[2024-07-10T19:33:54.283+0000] {logging_mixin.py:188} INFO - select *  from etlconf.Etl_Process_Mapping where SourceTableName = 'film_actor' and Stage = 'SqlToStaging'
[2024-07-10T19:33:54.341+0000] {taskinstance.py:2731} ERROR - Task failed with exception
Traceback (most recent call last):
  File "/home/airflow/.local/lib/python3.8/site-packages/airflow/models/taskinstance.py", line 444, in _execute_task
    result = _execute_callable(context=context, **execute_callable_kwargs)
  File "/home/airflow/.local/lib/python3.8/site-packages/airflow/models/taskinstance.py", line 414, in _execute_callable
    return execute_callable(context=context, **execute_callable_kwargs)
  File "/home/airflow/.local/lib/python3.8/site-packages/airflow/operators/python.py", line 200, in execute
    return_value = self.execute_callable()
  File "/home/airflow/.local/lib/python3.8/site-packages/airflow/operators/python.py", line 217, in execute_callable
    return self.python_callable(*self.op_args, **self.op_kwargs)
  File "/opt/airflow/dags/dag.py", line 41, in process_table
    tabletype = get_data_from_conf_table(table,stage)
  File "/opt/airflow/dags/dag.py", line 34, in get_data_from_conf_table
    df.columns = [desc[0] for desc in cur.description]
  File "/home/airflow/.local/lib/python3.8/site-packages/pandas/core/generic.py", line 6002, in __setattr__
    return object.__setattr__(self, name, value)
  File "pandas/_libs/properties.pyx", line 69, in pandas._libs.properties.AxisProperty.__set__
  File "/home/airflow/.local/lib/python3.8/site-packages/pandas/core/generic.py", line 730, in _set_axis
    self._mgr.set_axis(axis, labels)
  File "/home/airflow/.local/lib/python3.8/site-packages/pandas/core/internals/managers.py", line 225, in set_axis
    self._validate_set_axis(axis, new_labels)
  File "/home/airflow/.local/lib/python3.8/site-packages/pandas/core/internals/base.py", line 70, in _validate_set_axis
    raise ValueError(
ValueError: Length mismatch: Expected axis has 0 elements, new values have 15 elements
[2024-07-10T19:33:54.379+0000] {taskinstance.py:1149} INFO - Marking task as FAILED. dag_id=SqlToStaging, task_id=film_actor, execution_date=20240709T000000, start_date=20240710T193352, end_date=20240710T193354
[2024-07-10T19:33:54.479+0000] {standard_task_runner.py:107} ERROR - Failed to execute job 17 for task film_actor (Length mismatch: Expected axis has 0 elements, new values have 15 elements; 102)
[2024-07-10T19:33:54.491+0000] {local_task_job_runner.py:234} INFO - Task exited with return code 1
[2024-07-10T19:33:54.526+0000] {taskinstance.py:3312} INFO - 0 downstream tasks scheduled from follow-on schedule check
[2024-07-10T19:37:48.255+0000] {taskinstance.py:1979} INFO - Dependencies all met for dep_context=non-requeueable deps ti=<TaskInstance: sqltostaging.film_actor scheduled__2024-07-09T00:00:00+00:00 [queued]>
[2024-07-10T19:37:48.284+0000] {taskinstance.py:1979} INFO - Dependencies all met for dep_context=requeueable deps ti=<TaskInstance: sqltostaging.film_actor scheduled__2024-07-09T00:00:00+00:00 [queued]>
[2024-07-10T19:37:48.288+0000] {taskinstance.py:2193} INFO - Starting attempt 1 of 1
[2024-07-10T19:37:48.326+0000] {taskinstance.py:2217} INFO - Executing <Task(PythonOperator): film_actor> on 2024-07-09 00:00:00+00:00
[2024-07-10T19:37:48.338+0000] {standard_task_runner.py:60} INFO - Started process 245 to run task
[2024-07-10T19:37:48.349+0000] {standard_task_runner.py:87} INFO - Running: ['***', 'tasks', 'run', 'sqltostaging', 'film_actor', 'scheduled__2024-07-09T00:00:00+00:00', '--job-id', '43', '--raw', '--subdir', 'DAGS_FOLDER/dag.py', '--cfg-path', '/tmp/tmp0z4qy228']
[2024-07-10T19:37:48.360+0000] {standard_task_runner.py:88} INFO - Job 43: Subtask film_actor
[2024-07-10T19:37:48.573+0000] {task_command.py:423} INFO - Running <TaskInstance: sqltostaging.film_actor scheduled__2024-07-09T00:00:00+00:00 [running]> on host a0982d156a38
[2024-07-10T19:37:48.768+0000] {taskinstance.py:2513} INFO - Exporting env vars: AIRFLOW_CTX_DAG_OWNER='***' AIRFLOW_CTX_DAG_ID='sqltostaging' AIRFLOW_CTX_TASK_ID='film_actor' AIRFLOW_CTX_EXECUTION_DATE='2024-07-09T00:00:00+00:00' AIRFLOW_CTX_TRY_NUMBER='1' AIRFLOW_CTX_DAG_RUN_ID='scheduled__2024-07-09T00:00:00+00:00'
[2024-07-10T19:37:48.775+0000] {logging_mixin.py:188} INFO - select *  from etlconf.Etl_Process_Mapping where SourceTableName = 'film_actor' and Stage = 'sqltostaging'
[2024-07-10T19:37:49.749+0000] {logging_mixin.py:188} INFO -    0           1          2       3   ...    11    12            13    14
0  13  film_actor  dvdrental  public  ...  None  None  sqltostaging  None

[1 rows x 15 columns]
[2024-07-10T19:37:49.776+0000] {logging_mixin.py:188} INFO -    id sourcetablename sourcedbname  ...  code         stage last_run_date
0  13      film_actor    dvdrental  ...  None  sqltostaging          None

[1 rows x 15 columns]
[2024-07-10T19:37:49.777+0000] {logging_mixin.py:188} INFO - dvtobv :dag_id
[2024-07-10T19:37:49.778+0000] {logging_mixin.py:188} INFO - table: film_actor
[2024-07-10T19:37:49.781+0000] {logging_mixin.py:188} INFO - 
 stage: sqltostaging 
 table:film_actor
[2024-07-10T19:37:49.783+0000] {python.py:202} INFO - Done. Returned value was: None
[2024-07-10T19:37:49.793+0000] {taskinstance.py:1149} INFO - Marking task as SUCCESS. dag_id=sqltostaging, task_id=film_actor, execution_date=20240709T000000, start_date=20240710T193748, end_date=20240710T193749
[2024-07-10T19:37:49.836+0000] {local_task_job_runner.py:234} INFO - Task exited with return code 0
[2024-07-10T19:37:49.889+0000] {taskinstance.py:3312} INFO - 0 downstream tasks scheduled from follow-on schedule check
[2024-07-10T19:39:58.280+0000] {taskinstance.py:1979} INFO - Dependencies all met for dep_context=non-requeueable deps ti=<TaskInstance: sqltostaging.film_actor scheduled__2024-07-09T00:00:00+00:00 [queued]>
[2024-07-10T19:39:58.302+0000] {taskinstance.py:1979} INFO - Dependencies all met for dep_context=requeueable deps ti=<TaskInstance: sqltostaging.film_actor scheduled__2024-07-09T00:00:00+00:00 [queued]>
[2024-07-10T19:39:58.306+0000] {taskinstance.py:2193} INFO - Starting attempt 1 of 1
[2024-07-10T19:39:58.343+0000] {taskinstance.py:2217} INFO - Executing <Task(PythonOperator): film_actor> on 2024-07-09 00:00:00+00:00
[2024-07-10T19:39:58.355+0000] {standard_task_runner.py:60} INFO - Started process 95 to run task
[2024-07-10T19:39:58.363+0000] {standard_task_runner.py:87} INFO - Running: ['***', 'tasks', 'run', 'sqltostaging', 'film_actor', 'scheduled__2024-07-09T00:00:00+00:00', '--job-id', '11', '--raw', '--subdir', 'DAGS_FOLDER/dag.py', '--cfg-path', '/tmp/tmpdytnvrgx']
[2024-07-10T19:39:58.387+0000] {standard_task_runner.py:88} INFO - Job 11: Subtask film_actor
[2024-07-10T19:39:58.572+0000] {task_command.py:423} INFO - Running <TaskInstance: sqltostaging.film_actor scheduled__2024-07-09T00:00:00+00:00 [running]> on host 4118dead3d7f
[2024-07-10T19:40:00.104+0000] {taskinstance.py:2513} INFO - Exporting env vars: AIRFLOW_CTX_DAG_OWNER='***' AIRFLOW_CTX_DAG_ID='sqltostaging' AIRFLOW_CTX_TASK_ID='film_actor' AIRFLOW_CTX_EXECUTION_DATE='2024-07-09T00:00:00+00:00' AIRFLOW_CTX_TRY_NUMBER='1' AIRFLOW_CTX_DAG_RUN_ID='scheduled__2024-07-09T00:00:00+00:00'
[2024-07-10T19:40:00.110+0000] {logging_mixin.py:188} INFO - select *  from etlconf.Etl_Process_Mapping where SourceTableName = 'film_actor' and Stage = 'sqltostaging'
[2024-07-10T19:40:00.142+0000] {logging_mixin.py:188} INFO -    0           1          2       3   ...    11    12            13    14
0  13  film_actor  dvdrental  public  ...  None  None  sqltostaging  None

[1 rows x 15 columns]
[2024-07-10T19:40:00.143+0000] {logging_mixin.py:188} INFO - incremental
[2024-07-10T19:40:00.144+0000] {logging_mixin.py:188} INFO - dvtobv :dag_id
[2024-07-10T19:40:00.145+0000] {logging_mixin.py:188} INFO - table: film_actor
[2024-07-10T19:40:00.150+0000] {logging_mixin.py:188} INFO - 
 stage: sqltostaging 
 table:film_actor
[2024-07-10T19:40:00.151+0000] {python.py:202} INFO - Done. Returned value was: None
[2024-07-10T19:40:00.165+0000] {taskinstance.py:1149} INFO - Marking task as SUCCESS. dag_id=sqltostaging, task_id=film_actor, execution_date=20240709T000000, start_date=20240710T193958, end_date=20240710T194000
[2024-07-10T19:40:00.211+0000] {local_task_job_runner.py:234} INFO - Task exited with return code 0
[2024-07-10T19:40:00.223+0000] {taskinstance.py:3312} INFO - 0 downstream tasks scheduled from follow-on schedule check
[2024-07-10T19:44:02.993+0000] {taskinstance.py:1979} INFO - Dependencies all met for dep_context=non-requeueable deps ti=<TaskInstance: sqltostaging.film_actor scheduled__2024-07-09T00:00:00+00:00 [queued]>
[2024-07-10T19:44:03.009+0000] {taskinstance.py:1979} INFO - Dependencies all met for dep_context=requeueable deps ti=<TaskInstance: sqltostaging.film_actor scheduled__2024-07-09T00:00:00+00:00 [queued]>
[2024-07-10T19:44:03.011+0000] {taskinstance.py:2193} INFO - Starting attempt 1 of 1
[2024-07-10T19:44:03.053+0000] {taskinstance.py:2217} INFO - Executing <Task(PythonOperator): film_actor> on 2024-07-09 00:00:00+00:00
[2024-07-10T19:44:03.087+0000] {standard_task_runner.py:60} INFO - Started process 91 to run task
[2024-07-10T19:44:03.145+0000] {standard_task_runner.py:87} INFO - Running: ['***', 'tasks', 'run', 'sqltostaging', 'film_actor', 'scheduled__2024-07-09T00:00:00+00:00', '--job-id', '5', '--raw', '--subdir', 'DAGS_FOLDER/dag.py', '--cfg-path', '/tmp/tmp77_c6sqw']
[2024-07-10T19:44:03.194+0000] {standard_task_runner.py:88} INFO - Job 5: Subtask film_actor
[2024-07-10T19:44:03.452+0000] {task_command.py:423} INFO - Running <TaskInstance: sqltostaging.film_actor scheduled__2024-07-09T00:00:00+00:00 [running]> on host a383c1e8c871
[2024-07-10T19:44:04.663+0000] {taskinstance.py:2513} INFO - Exporting env vars: AIRFLOW_CTX_DAG_OWNER='***' AIRFLOW_CTX_DAG_ID='sqltostaging' AIRFLOW_CTX_TASK_ID='film_actor' AIRFLOW_CTX_EXECUTION_DATE='2024-07-09T00:00:00+00:00' AIRFLOW_CTX_TRY_NUMBER='1' AIRFLOW_CTX_DAG_RUN_ID='scheduled__2024-07-09T00:00:00+00:00'
[2024-07-10T19:44:04.697+0000] {logging_mixin.py:188} INFO - select *  from etlconf.Etl_Process_Mapping where SourceTableName = 'film_actor' and Stage = 'sqltostaging'
[2024-07-10T19:44:04.758+0000] {logging_mixin.py:188} INFO -    0           1          2       3   ...    11    12            13    14
0  13  film_actor  dvdrental  public  ...  None  None  sqltostaging  None

[1 rows x 15 columns]
[2024-07-10T19:44:04.766+0000] {logging_mixin.py:188} INFO - incremental
[2024-07-10T19:44:04.771+0000] {logging_mixin.py:188} INFO - dvtobv :dag_id
[2024-07-10T19:44:04.773+0000] {logging_mixin.py:188} INFO - table: film_actor
[2024-07-10T19:44:04.777+0000] {logging_mixin.py:188} INFO - 
 stage: sqltostaging 
 table:film_actor
[2024-07-10T19:44:04.777+0000] {python.py:202} INFO - Done. Returned value was: None
[2024-07-10T19:44:04.842+0000] {taskinstance.py:1149} INFO - Marking task as SUCCESS. dag_id=sqltostaging, task_id=film_actor, execution_date=20240709T000000, start_date=20240710T194402, end_date=20240710T194404
[2024-07-10T19:44:04.917+0000] {local_task_job_runner.py:234} INFO - Task exited with return code 0
[2024-07-10T19:44:04.990+0000] {taskinstance.py:3312} INFO - 0 downstream tasks scheduled from follow-on schedule check
[2024-07-10T19:53:56.863+0000] {taskinstance.py:1979} INFO - Dependencies all met for dep_context=non-requeueable deps ti=<TaskInstance: sqltostaging.film_actor scheduled__2024-07-09T00:00:00+00:00 [queued]>
[2024-07-10T19:53:56.883+0000] {taskinstance.py:1979} INFO - Dependencies all met for dep_context=requeueable deps ti=<TaskInstance: sqltostaging.film_actor scheduled__2024-07-09T00:00:00+00:00 [queued]>
[2024-07-10T19:53:56.890+0000] {taskinstance.py:2193} INFO - Starting attempt 1 of 1
[2024-07-10T19:53:56.918+0000] {taskinstance.py:2217} INFO - Executing <Task(PythonOperator): film_actor> on 2024-07-09 00:00:00+00:00
[2024-07-10T19:53:56.932+0000] {standard_task_runner.py:60} INFO - Started process 91 to run task
[2024-07-10T19:53:56.937+0000] {standard_task_runner.py:87} INFO - Running: ['***', 'tasks', 'run', 'sqltostaging', 'film_actor', 'scheduled__2024-07-09T00:00:00+00:00', '--job-id', '3', '--raw', '--subdir', 'DAGS_FOLDER/dag.py', '--cfg-path', '/tmp/tmptzmrz1pc']
[2024-07-10T19:53:56.946+0000] {standard_task_runner.py:88} INFO - Job 3: Subtask film_actor
[2024-07-10T19:53:57.111+0000] {task_command.py:423} INFO - Running <TaskInstance: sqltostaging.film_actor scheduled__2024-07-09T00:00:00+00:00 [running]> on host c340805483c7
[2024-07-10T19:53:58.090+0000] {taskinstance.py:2513} INFO - Exporting env vars: AIRFLOW_CTX_DAG_OWNER='***' AIRFLOW_CTX_DAG_ID='sqltostaging' AIRFLOW_CTX_TASK_ID='film_actor' AIRFLOW_CTX_EXECUTION_DATE='2024-07-09T00:00:00+00:00' AIRFLOW_CTX_TRY_NUMBER='1' AIRFLOW_CTX_DAG_RUN_ID='scheduled__2024-07-09T00:00:00+00:00'
[2024-07-10T19:53:58.140+0000] {python.py:202} INFO - Done. Returned value was: None
[2024-07-10T19:53:58.161+0000] {taskinstance.py:1149} INFO - Marking task as SUCCESS. dag_id=sqltostaging, task_id=film_actor, execution_date=20240709T000000, start_date=20240710T195356, end_date=20240710T195358
[2024-07-10T19:53:58.200+0000] {local_task_job_runner.py:234} INFO - Task exited with return code 0
[2024-07-10T19:53:58.237+0000] {taskinstance.py:3312} INFO - 0 downstream tasks scheduled from follow-on schedule check
[2024-07-10T19:56:46.595+0000] {taskinstance.py:1979} INFO - Dependencies all met for dep_context=non-requeueable deps ti=<TaskInstance: sqltostaging.film_actor scheduled__2024-07-09T00:00:00+00:00 [queued]>
[2024-07-10T19:56:46.625+0000] {taskinstance.py:1979} INFO - Dependencies all met for dep_context=requeueable deps ti=<TaskInstance: sqltostaging.film_actor scheduled__2024-07-09T00:00:00+00:00 [queued]>
[2024-07-10T19:56:46.629+0000] {taskinstance.py:2193} INFO - Starting attempt 1 of 1
[2024-07-10T19:56:46.655+0000] {taskinstance.py:2217} INFO - Executing <Task(PythonOperator): film_actor> on 2024-07-09 00:00:00+00:00
[2024-07-10T19:56:46.663+0000] {standard_task_runner.py:60} INFO - Started process 91 to run task
[2024-07-10T19:56:46.671+0000] {standard_task_runner.py:87} INFO - Running: ['***', 'tasks', 'run', 'sqltostaging', 'film_actor', 'scheduled__2024-07-09T00:00:00+00:00', '--job-id', '4', '--raw', '--subdir', 'DAGS_FOLDER/dag.py', '--cfg-path', '/tmp/tmphfj_mmr2']
[2024-07-10T19:56:46.695+0000] {standard_task_runner.py:88} INFO - Job 4: Subtask film_actor
[2024-07-10T19:56:46.891+0000] {task_command.py:423} INFO - Running <TaskInstance: sqltostaging.film_actor scheduled__2024-07-09T00:00:00+00:00 [running]> on host eb5f087f7265
[2024-07-10T19:56:48.165+0000] {taskinstance.py:2513} INFO - Exporting env vars: AIRFLOW_CTX_DAG_OWNER='***' AIRFLOW_CTX_DAG_ID='sqltostaging' AIRFLOW_CTX_TASK_ID='film_actor' AIRFLOW_CTX_EXECUTION_DATE='2024-07-09T00:00:00+00:00' AIRFLOW_CTX_TRY_NUMBER='1' AIRFLOW_CTX_DAG_RUN_ID='scheduled__2024-07-09T00:00:00+00:00'
[2024-07-10T19:56:48.205+0000] {python.py:202} INFO - Done. Returned value was: None
[2024-07-10T19:56:48.223+0000] {taskinstance.py:1149} INFO - Marking task as SUCCESS. dag_id=sqltostaging, task_id=film_actor, execution_date=20240709T000000, start_date=20240710T195646, end_date=20240710T195648
[2024-07-10T19:56:48.292+0000] {local_task_job_runner.py:234} INFO - Task exited with return code 0
[2024-07-10T19:56:48.333+0000] {taskinstance.py:3312} INFO - 0 downstream tasks scheduled from follow-on schedule check
[2024-07-10T20:00:56.647+0000] {taskinstance.py:1979} INFO - Dependencies all met for dep_context=non-requeueable deps ti=<TaskInstance: sqltostaging.film_actor scheduled__2024-07-09T00:00:00+00:00 [queued]>
[2024-07-10T20:00:56.659+0000] {taskinstance.py:1979} INFO - Dependencies all met for dep_context=requeueable deps ti=<TaskInstance: sqltostaging.film_actor scheduled__2024-07-09T00:00:00+00:00 [queued]>
[2024-07-10T20:00:56.670+0000] {taskinstance.py:2193} INFO - Starting attempt 1 of 1
[2024-07-10T20:00:56.706+0000] {taskinstance.py:2217} INFO - Executing <Task(PythonOperator): film_actor> on 2024-07-09 00:00:00+00:00
[2024-07-10T20:00:56.743+0000] {standard_task_runner.py:60} INFO - Started process 92 to run task
[2024-07-10T20:00:56.755+0000] {standard_task_runner.py:87} INFO - Running: ['***', 'tasks', 'run', 'sqltostaging', 'film_actor', 'scheduled__2024-07-09T00:00:00+00:00', '--job-id', '6', '--raw', '--subdir', 'DAGS_FOLDER/dag.py', '--cfg-path', '/tmp/tmp6mb_0ev9']
[2024-07-10T20:00:56.786+0000] {standard_task_runner.py:88} INFO - Job 6: Subtask film_actor
[2024-07-10T20:00:57.075+0000] {task_command.py:423} INFO - Running <TaskInstance: sqltostaging.film_actor scheduled__2024-07-09T00:00:00+00:00 [running]> on host c8649e4aae44
[2024-07-10T20:01:01.235+0000] {taskinstance.py:2513} INFO - Exporting env vars: AIRFLOW_CTX_DAG_OWNER='***' AIRFLOW_CTX_DAG_ID='sqltostaging' AIRFLOW_CTX_TASK_ID='film_actor' AIRFLOW_CTX_EXECUTION_DATE='2024-07-09T00:00:00+00:00' AIRFLOW_CTX_TRY_NUMBER='1' AIRFLOW_CTX_DAG_RUN_ID='scheduled__2024-07-09T00:00:00+00:00'
[2024-07-10T20:01:01.419+0000] {taskinstance.py:2731} ERROR - Task failed with exception
Traceback (most recent call last):
  File "/home/airflow/.local/lib/python3.8/site-packages/airflow/models/taskinstance.py", line 444, in _execute_task
    result = _execute_callable(context=context, **execute_callable_kwargs)
  File "/home/airflow/.local/lib/python3.8/site-packages/airflow/models/taskinstance.py", line 414, in _execute_callable
    return execute_callable(context=context, **execute_callable_kwargs)
  File "/home/airflow/.local/lib/python3.8/site-packages/airflow/operators/python.py", line 200, in execute
    return_value = self.execute_callable()
  File "/home/airflow/.local/lib/python3.8/site-packages/airflow/operators/python.py", line 217, in execute_callable
    return self.python_callable(*self.op_args, **self.op_kwargs)
  File "/opt/airflow/dags/dag.py", line 44, in process_table
    return  execute(table, stage, tabletype)
  File "/app/main.py", line 28, in execute
    SqlToStaging().create_incremental().some_function(table, stage)
TypeError: some_function() missing 4 required positional arguments: 'schema', 'table', 'fromDate', and 'toDate'
[2024-07-10T20:01:01.451+0000] {taskinstance.py:1149} INFO - Marking task as FAILED. dag_id=sqltostaging, task_id=film_actor, execution_date=20240709T000000, start_date=20240710T200056, end_date=20240710T200101
[2024-07-10T20:01:01.621+0000] {standard_task_runner.py:107} ERROR - Failed to execute job 6 for task film_actor (some_function() missing 4 required positional arguments: 'schema', 'table', 'fromDate', and 'toDate'; 92)
[2024-07-10T20:01:01.707+0000] {local_task_job_runner.py:234} INFO - Task exited with return code 1
[2024-07-10T20:01:02.137+0000] {taskinstance.py:3312} INFO - 0 downstream tasks scheduled from follow-on schedule check
[2024-07-10T20:05:21.130+0000] {taskinstance.py:1979} INFO - Dependencies all met for dep_context=non-requeueable deps ti=<TaskInstance: sqltostaging.film_actor scheduled__2024-07-09T00:00:00+00:00 [queued]>
[2024-07-10T20:05:21.141+0000] {taskinstance.py:1979} INFO - Dependencies all met for dep_context=requeueable deps ti=<TaskInstance: sqltostaging.film_actor scheduled__2024-07-09T00:00:00+00:00 [queued]>
[2024-07-10T20:05:21.144+0000] {taskinstance.py:2193} INFO - Starting attempt 1 of 1
[2024-07-10T20:05:21.182+0000] {taskinstance.py:2217} INFO - Executing <Task(PythonOperator): film_actor> on 2024-07-09 00:00:00+00:00
[2024-07-10T20:05:21.188+0000] {standard_task_runner.py:60} INFO - Started process 87 to run task
[2024-07-10T20:05:21.197+0000] {standard_task_runner.py:87} INFO - Running: ['***', 'tasks', 'run', 'sqltostaging', 'film_actor', 'scheduled__2024-07-09T00:00:00+00:00', '--job-id', '3', '--raw', '--subdir', 'DAGS_FOLDER/dag.py', '--cfg-path', '/tmp/tmpr6kud6cd']
[2024-07-10T20:05:21.211+0000] {standard_task_runner.py:88} INFO - Job 3: Subtask film_actor
[2024-07-10T20:05:21.382+0000] {task_command.py:423} INFO - Running <TaskInstance: sqltostaging.film_actor scheduled__2024-07-09T00:00:00+00:00 [running]> on host 3f026d601c5c
[2024-07-10T20:05:22.523+0000] {taskinstance.py:2513} INFO - Exporting env vars: AIRFLOW_CTX_DAG_OWNER='***' AIRFLOW_CTX_DAG_ID='sqltostaging' AIRFLOW_CTX_TASK_ID='film_actor' AIRFLOW_CTX_EXECUTION_DATE='2024-07-09T00:00:00+00:00' AIRFLOW_CTX_TRY_NUMBER='1' AIRFLOW_CTX_DAG_RUN_ID='scheduled__2024-07-09T00:00:00+00:00'
[2024-07-10T20:05:22.627+0000] {logging_mixin.py:188} INFO - select *  from etlconf.Etl_Process_Mapping where SourceTableName = 'sqltostaging' and Stage = 'film_actor'
[2024-07-10T20:05:22.665+0000] {taskinstance.py:2731} ERROR - Task failed with exception
Traceback (most recent call last):
  File "/home/airflow/.local/lib/python3.8/site-packages/airflow/models/taskinstance.py", line 444, in _execute_task
    result = _execute_callable(context=context, **execute_callable_kwargs)
  File "/home/airflow/.local/lib/python3.8/site-packages/airflow/models/taskinstance.py", line 414, in _execute_callable
    return execute_callable(context=context, **execute_callable_kwargs)
  File "/home/airflow/.local/lib/python3.8/site-packages/airflow/operators/python.py", line 200, in execute
    return_value = self.execute_callable()
  File "/home/airflow/.local/lib/python3.8/site-packages/airflow/operators/python.py", line 217, in execute_callable
    return self.python_callable(*self.op_args, **self.op_kwargs)
  File "/opt/airflow/dags/dag.py", line 44, in process_table
    return  execute(table, stage, tabletype)
  File "/app/main.py", line 28, in execute
    SqlToStaging().create_incremental().some_function(table, stage)
  File "/app/concretestage/SQLToStaging.py", line 45, in some_function
    df = get_data_from_conf_table(f"{table}", f"{stage}")
  File "/app/myFramework/utils/utils.py", line 145, in get_data_from_conf_table
    df.columns = [desc[0] for desc in cur.description]
  File "/home/airflow/.local/lib/python3.8/site-packages/pandas/core/generic.py", line 6002, in __setattr__
    return object.__setattr__(self, name, value)
  File "pandas/_libs/properties.pyx", line 69, in pandas._libs.properties.AxisProperty.__set__
  File "/home/airflow/.local/lib/python3.8/site-packages/pandas/core/generic.py", line 730, in _set_axis
    self._mgr.set_axis(axis, labels)
  File "/home/airflow/.local/lib/python3.8/site-packages/pandas/core/internals/managers.py", line 225, in set_axis
    self._validate_set_axis(axis, new_labels)
  File "/home/airflow/.local/lib/python3.8/site-packages/pandas/core/internals/base.py", line 70, in _validate_set_axis
    raise ValueError(
ValueError: Length mismatch: Expected axis has 0 elements, new values have 15 elements
[2024-07-10T20:05:22.688+0000] {taskinstance.py:1149} INFO - Marking task as FAILED. dag_id=sqltostaging, task_id=film_actor, execution_date=20240709T000000, start_date=20240710T200521, end_date=20240710T200522
[2024-07-10T20:05:22.730+0000] {standard_task_runner.py:107} ERROR - Failed to execute job 3 for task film_actor (Length mismatch: Expected axis has 0 elements, new values have 15 elements; 87)
[2024-07-10T20:05:22.746+0000] {local_task_job_runner.py:234} INFO - Task exited with return code 1
[2024-07-10T20:05:22.781+0000] {taskinstance.py:3312} INFO - 0 downstream tasks scheduled from follow-on schedule check
[2024-07-10T20:09:18.302+0000] {taskinstance.py:1979} INFO - Dependencies all met for dep_context=non-requeueable deps ti=<TaskInstance: sqltostaging.film_actor scheduled__2024-07-09T00:00:00+00:00 [queued]>
[2024-07-10T20:09:18.393+0000] {taskinstance.py:1979} INFO - Dependencies all met for dep_context=requeueable deps ti=<TaskInstance: sqltostaging.film_actor scheduled__2024-07-09T00:00:00+00:00 [queued]>
[2024-07-10T20:09:18.394+0000] {taskinstance.py:2193} INFO - Starting attempt 1 of 1
[2024-07-10T20:09:18.424+0000] {taskinstance.py:2217} INFO - Executing <Task(PythonOperator): film_actor> on 2024-07-09 00:00:00+00:00
[2024-07-10T20:09:18.458+0000] {standard_task_runner.py:87} INFO - Running: ['***', 'tasks', 'run', 'sqltostaging', 'film_actor', 'scheduled__2024-07-09T00:00:00+00:00', '--job-id', '5', '--raw', '--subdir', 'DAGS_FOLDER/dag.py', '--cfg-path', '/tmp/tmpfz_ipvtl']
[2024-07-10T20:09:18.494+0000] {standard_task_runner.py:88} INFO - Job 5: Subtask film_actor
[2024-07-10T20:09:18.448+0000] {standard_task_runner.py:60} INFO - Started process 91 to run task
[2024-07-10T20:09:18.738+0000] {task_command.py:423} INFO - Running <TaskInstance: sqltostaging.film_actor scheduled__2024-07-09T00:00:00+00:00 [running]> on host 61a58fe9b448
[2024-07-10T20:09:19.719+0000] {taskinstance.py:2513} INFO - Exporting env vars: AIRFLOW_CTX_DAG_OWNER='***' AIRFLOW_CTX_DAG_ID='sqltostaging' AIRFLOW_CTX_TASK_ID='film_actor' AIRFLOW_CTX_EXECUTION_DATE='2024-07-09T00:00:00+00:00' AIRFLOW_CTX_TRY_NUMBER='1' AIRFLOW_CTX_DAG_RUN_ID='scheduled__2024-07-09T00:00:00+00:00'
[2024-07-10T20:09:19.813+0000] {logging_mixin.py:188} INFO - select *  from etlconf.Etl_Process_Mapping where SourceTableName = 'film_actor' and Stage = 'sqltostaging'
[2024-07-10T20:09:20.024+0000] {logging_mixin.py:188} INFO -    id sourcetablename sourcedbname  ...  code         stage last_run_date
0  13      film_actor    dvdrental  ...  None  sqltostaging          None

[1 rows x 15 columns]
[2024-07-10T20:09:20.039+0000] {taskinstance.py:2731} ERROR - Task failed with exception
Traceback (most recent call last):
  File "/home/airflow/.local/lib/python3.8/site-packages/airflow/models/taskinstance.py", line 444, in _execute_task
    result = _execute_callable(context=context, **execute_callable_kwargs)
  File "/home/airflow/.local/lib/python3.8/site-packages/airflow/models/taskinstance.py", line 414, in _execute_callable
    return execute_callable(context=context, **execute_callable_kwargs)
  File "/home/airflow/.local/lib/python3.8/site-packages/airflow/operators/python.py", line 200, in execute
    return_value = self.execute_callable()
  File "/home/airflow/.local/lib/python3.8/site-packages/airflow/operators/python.py", line 217, in execute_callable
    return self.python_callable(*self.op_args, **self.op_kwargs)
  File "/opt/airflow/dags/dag.py", line 44, in process_table
    return  execute(table, stage, tabletype)
  File "/app/main.py", line 28, in execute
    SqlToStaging().create_incremental().some_function(table, stage)
  File "/app/concretestage/SQLToStaging.py", line 60, in some_function
    sourceDF = getDF(sourcedbname,sourcetablename , sourceschema, FilterColumn, '2007-02-15', '2007-02-16')
  File "/app/myFramework/utils/utils.py", line 48, in getDF
    return pd.read_sql(query ,conn.getConnection(source_dbname))
AttributeError: module 'myFramework.source.posgresql.connect' has no attribute 'getConnection'
[2024-07-10T20:09:20.090+0000] {taskinstance.py:1149} INFO - Marking task as FAILED. dag_id=sqltostaging, task_id=film_actor, execution_date=20240709T000000, start_date=20240710T200918, end_date=20240710T200920
[2024-07-10T20:09:20.113+0000] {standard_task_runner.py:107} ERROR - Failed to execute job 5 for task film_actor (module 'myFramework.source.posgresql.connect' has no attribute 'getConnection'; 91)
[2024-07-10T20:09:20.163+0000] {local_task_job_runner.py:234} INFO - Task exited with return code 1
[2024-07-10T20:09:20.227+0000] {taskinstance.py:3312} INFO - 0 downstream tasks scheduled from follow-on schedule check
[2024-07-10T20:15:06.590+0000] {taskinstance.py:1979} INFO - Dependencies all met for dep_context=non-requeueable deps ti=<TaskInstance: sqltostaging.film_actor scheduled__2024-07-09T00:00:00+00:00 [queued]>
[2024-07-10T20:15:06.618+0000] {taskinstance.py:1979} INFO - Dependencies all met for dep_context=requeueable deps ti=<TaskInstance: sqltostaging.film_actor scheduled__2024-07-09T00:00:00+00:00 [queued]>
[2024-07-10T20:15:06.624+0000] {taskinstance.py:2193} INFO - Starting attempt 1 of 1
[2024-07-10T20:15:06.652+0000] {taskinstance.py:2217} INFO - Executing <Task(PythonOperator): film_actor> on 2024-07-09 00:00:00+00:00
[2024-07-10T20:15:06.663+0000] {standard_task_runner.py:60} INFO - Started process 89 to run task
[2024-07-10T20:15:06.666+0000] {standard_task_runner.py:87} INFO - Running: ['***', 'tasks', 'run', 'sqltostaging', 'film_actor', 'scheduled__2024-07-09T00:00:00+00:00', '--job-id', '3', '--raw', '--subdir', 'DAGS_FOLDER/dag.py', '--cfg-path', '/tmp/tmpvodl1fr4']
[2024-07-10T20:15:06.679+0000] {standard_task_runner.py:88} INFO - Job 3: Subtask film_actor
[2024-07-10T20:15:06.816+0000] {task_command.py:423} INFO - Running <TaskInstance: sqltostaging.film_actor scheduled__2024-07-09T00:00:00+00:00 [running]> on host c782b552e7b5
[2024-07-10T20:15:08.054+0000] {taskinstance.py:2513} INFO - Exporting env vars: AIRFLOW_CTX_DAG_OWNER='***' AIRFLOW_CTX_DAG_ID='sqltostaging' AIRFLOW_CTX_TASK_ID='film_actor' AIRFLOW_CTX_EXECUTION_DATE='2024-07-09T00:00:00+00:00' AIRFLOW_CTX_TRY_NUMBER='1' AIRFLOW_CTX_DAG_RUN_ID='scheduled__2024-07-09T00:00:00+00:00'
[2024-07-10T20:15:08.209+0000] {logging_mixin.py:188} INFO - select *  from etlconf.Etl_Process_Mapping where SourceTableName = 'film_actor' and Stage = 'sqltostaging'
[2024-07-10T20:15:08.462+0000] {logging_mixin.py:188} INFO -    id sourcetablename sourcedbname  ...  code         stage last_run_date
0  13      film_actor    dvdrental  ...  None  sqltostaging          None

[1 rows x 15 columns]
[2024-07-10T20:15:08.468+0000] {logging_mixin.py:188} INFO - select T.* from dvdrental.public.film_actor T where last_update >= '2007-02-15' and last_update < '2007-02-16' 
[2024-07-10T20:15:08.517+0000] {taskinstance.py:2731} ERROR - Task failed with exception
Traceback (most recent call last):
  File "/home/airflow/.local/lib/python3.8/site-packages/airflow/models/taskinstance.py", line 444, in _execute_task
    result = _execute_callable(context=context, **execute_callable_kwargs)
  File "/home/airflow/.local/lib/python3.8/site-packages/airflow/models/taskinstance.py", line 414, in _execute_callable
    return execute_callable(context=context, **execute_callable_kwargs)
  File "/home/airflow/.local/lib/python3.8/site-packages/airflow/operators/python.py", line 200, in execute
    return_value = self.execute_callable()
  File "/home/airflow/.local/lib/python3.8/site-packages/airflow/operators/python.py", line 217, in execute_callable
    return self.python_callable(*self.op_args, **self.op_kwargs)
  File "/opt/airflow/dags/dag.py", line 44, in process_table
    return  execute(table, stage, tabletype)
  File "/app/main.py", line 28, in execute
    SqlToStaging().create_incremental().some_function(table, stage)
  File "/app/concretestage/SQLToStaging.py", line 60, in some_function
    sourceDF = getDF(sourcedbname,sourcetablename , sourceschema, FilterColumn, '2007-02-15', '2007-02-16')
  File "/app/myFramework/utils/utils.py", line 57, in getDF
    df.columns = [desc[0] for desc in cur.description]
  File "/home/airflow/.local/lib/python3.8/site-packages/pandas/core/generic.py", line 6002, in __setattr__
    return object.__setattr__(self, name, value)
  File "pandas/_libs/properties.pyx", line 69, in pandas._libs.properties.AxisProperty.__set__
  File "/home/airflow/.local/lib/python3.8/site-packages/pandas/core/generic.py", line 730, in _set_axis
    self._mgr.set_axis(axis, labels)
  File "/home/airflow/.local/lib/python3.8/site-packages/pandas/core/internals/managers.py", line 225, in set_axis
    self._validate_set_axis(axis, new_labels)
  File "/home/airflow/.local/lib/python3.8/site-packages/pandas/core/internals/base.py", line 70, in _validate_set_axis
    raise ValueError(
ValueError: Length mismatch: Expected axis has 0 elements, new values have 3 elements
[2024-07-10T20:15:08.548+0000] {taskinstance.py:1149} INFO - Marking task as FAILED. dag_id=sqltostaging, task_id=film_actor, execution_date=20240709T000000, start_date=20240710T201506, end_date=20240710T201508
[2024-07-10T20:15:08.561+0000] {standard_task_runner.py:107} ERROR - Failed to execute job 3 for task film_actor (Length mismatch: Expected axis has 0 elements, new values have 3 elements; 89)
[2024-07-10T20:15:08.593+0000] {local_task_job_runner.py:234} INFO - Task exited with return code 1
[2024-07-10T20:15:08.650+0000] {taskinstance.py:3312} INFO - 0 downstream tasks scheduled from follow-on schedule check
[2024-07-10T20:19:53.365+0000] {taskinstance.py:1979} INFO - Dependencies all met for dep_context=non-requeueable deps ti=<TaskInstance: sqltostaging.film_actor scheduled__2024-07-09T00:00:00+00:00 [queued]>
[2024-07-10T20:19:53.394+0000] {taskinstance.py:1979} INFO - Dependencies all met for dep_context=requeueable deps ti=<TaskInstance: sqltostaging.film_actor scheduled__2024-07-09T00:00:00+00:00 [queued]>
[2024-07-10T20:19:53.403+0000] {taskinstance.py:2193} INFO - Starting attempt 1 of 1
[2024-07-10T20:19:53.465+0000] {taskinstance.py:2217} INFO - Executing <Task(PythonOperator): film_actor> on 2024-07-09 00:00:00+00:00
[2024-07-10T20:19:53.504+0000] {standard_task_runner.py:60} INFO - Started process 89 to run task
[2024-07-10T20:19:53.515+0000] {standard_task_runner.py:87} INFO - Running: ['***', 'tasks', 'run', 'sqltostaging', 'film_actor', 'scheduled__2024-07-09T00:00:00+00:00', '--job-id', '5', '--raw', '--subdir', 'DAGS_FOLDER/dag.py', '--cfg-path', '/tmp/tmph26mx7ij']
[2024-07-10T20:19:53.526+0000] {standard_task_runner.py:88} INFO - Job 5: Subtask film_actor
[2024-07-10T20:19:53.715+0000] {task_command.py:423} INFO - Running <TaskInstance: sqltostaging.film_actor scheduled__2024-07-09T00:00:00+00:00 [running]> on host dcd5a91c9a96
[2024-07-10T20:19:54.920+0000] {taskinstance.py:2513} INFO - Exporting env vars: AIRFLOW_CTX_DAG_OWNER='***' AIRFLOW_CTX_DAG_ID='sqltostaging' AIRFLOW_CTX_TASK_ID='film_actor' AIRFLOW_CTX_EXECUTION_DATE='2024-07-09T00:00:00+00:00' AIRFLOW_CTX_TRY_NUMBER='1' AIRFLOW_CTX_DAG_RUN_ID='scheduled__2024-07-09T00:00:00+00:00'
[2024-07-10T20:19:54.983+0000] {logging_mixin.py:188} INFO - select *  from etlconf.Etl_Process_Mapping where SourceTableName = 'film_actor' and Stage = 'sqltostaging'
[2024-07-10T20:19:55.042+0000] {logging_mixin.py:188} INFO -    id sourcetablename sourcedbname  ...  code         stage last_run_date
0  13      film_actor    dvdrental  ...  None  sqltostaging          None

[1 rows x 15 columns]
[2024-07-10T20:19:55.044+0000] {logging_mixin.py:188} INFO - select T.* from dvdrental.public.film_actor T where last_update >= '2007-02-15' and last_update < '2007-02-16' 
[2024-07-10T20:19:55.160+0000] {taskinstance.py:2731} ERROR - Task failed with exception
Traceback (most recent call last):
  File "/home/airflow/.local/lib/python3.8/site-packages/airflow/models/taskinstance.py", line 444, in _execute_task
    result = _execute_callable(context=context, **execute_callable_kwargs)
  File "/home/airflow/.local/lib/python3.8/site-packages/airflow/models/taskinstance.py", line 414, in _execute_callable
    return execute_callable(context=context, **execute_callable_kwargs)
  File "/home/airflow/.local/lib/python3.8/site-packages/airflow/operators/python.py", line 200, in execute
    return_value = self.execute_callable()
  File "/home/airflow/.local/lib/python3.8/site-packages/airflow/operators/python.py", line 217, in execute_callable
    return self.python_callable(*self.op_args, **self.op_kwargs)
  File "/opt/airflow/dags/dag.py", line 44, in process_table
    return  execute(table, stage, tabletype)
  File "/app/main.py", line 28, in execute
    SqlToStaging().create_incremental().some_function(table, stage)
  File "/app/concretestage/SQLToStaging.py", line 60, in some_function
    sourceDF = getDF(sourcedbname,sourcetablename , sourceschema, FilterColumn, '2007-02-15', '2007-02-16')
  File "/app/myFramework/utils/utils.py", line 57, in getDF
    df.columns = [desc[0] for desc in cur.description]
  File "/home/airflow/.local/lib/python3.8/site-packages/pandas/core/generic.py", line 6002, in __setattr__
    return object.__setattr__(self, name, value)
  File "pandas/_libs/properties.pyx", line 69, in pandas._libs.properties.AxisProperty.__set__
  File "/home/airflow/.local/lib/python3.8/site-packages/pandas/core/generic.py", line 730, in _set_axis
    self._mgr.set_axis(axis, labels)
  File "/home/airflow/.local/lib/python3.8/site-packages/pandas/core/internals/managers.py", line 225, in set_axis
    self._validate_set_axis(axis, new_labels)
  File "/home/airflow/.local/lib/python3.8/site-packages/pandas/core/internals/base.py", line 70, in _validate_set_axis
    raise ValueError(
ValueError: Length mismatch: Expected axis has 0 elements, new values have 3 elements
[2024-07-10T20:19:55.175+0000] {taskinstance.py:1149} INFO - Marking task as FAILED. dag_id=sqltostaging, task_id=film_actor, execution_date=20240709T000000, start_date=20240710T201953, end_date=20240710T201955
[2024-07-10T20:19:55.217+0000] {standard_task_runner.py:107} ERROR - Failed to execute job 5 for task film_actor (Length mismatch: Expected axis has 0 elements, new values have 3 elements; 89)
[2024-07-10T20:19:55.253+0000] {local_task_job_runner.py:234} INFO - Task exited with return code 1
[2024-07-10T20:19:55.280+0000] {taskinstance.py:3312} INFO - 0 downstream tasks scheduled from follow-on schedule check
[2024-07-10T20:25:52.149+0000] {taskinstance.py:1979} INFO - Dependencies all met for dep_context=non-requeueable deps ti=<TaskInstance: sqltostaging.film_actor scheduled__2024-07-09T00:00:00+00:00 [queued]>
[2024-07-10T20:25:52.166+0000] {taskinstance.py:1979} INFO - Dependencies all met for dep_context=requeueable deps ti=<TaskInstance: sqltostaging.film_actor scheduled__2024-07-09T00:00:00+00:00 [queued]>
[2024-07-10T20:25:52.168+0000] {taskinstance.py:2193} INFO - Starting attempt 1 of 1
[2024-07-10T20:25:52.229+0000] {taskinstance.py:2217} INFO - Executing <Task(PythonOperator): film_actor> on 2024-07-09 00:00:00+00:00
[2024-07-10T20:25:52.249+0000] {standard_task_runner.py:60} INFO - Started process 129 to run task
[2024-07-10T20:25:52.277+0000] {standard_task_runner.py:87} INFO - Running: ['***', 'tasks', 'run', 'sqltostaging', 'film_actor', 'scheduled__2024-07-09T00:00:00+00:00', '--job-id', '8', '--raw', '--subdir', 'DAGS_FOLDER/dag.py', '--cfg-path', '/tmp/tmpqsrkyfzr']
[2024-07-10T20:25:52.309+0000] {standard_task_runner.py:88} INFO - Job 8: Subtask film_actor
[2024-07-10T20:25:52.523+0000] {task_command.py:423} INFO - Running <TaskInstance: sqltostaging.film_actor scheduled__2024-07-09T00:00:00+00:00 [running]> on host d72f5bf26a9d
[2024-07-10T20:25:53.726+0000] {taskinstance.py:2513} INFO - Exporting env vars: AIRFLOW_CTX_DAG_OWNER='***' AIRFLOW_CTX_DAG_ID='sqltostaging' AIRFLOW_CTX_TASK_ID='film_actor' AIRFLOW_CTX_EXECUTION_DATE='2024-07-09T00:00:00+00:00' AIRFLOW_CTX_TRY_NUMBER='1' AIRFLOW_CTX_DAG_RUN_ID='scheduled__2024-07-09T00:00:00+00:00'
[2024-07-10T20:25:53.835+0000] {logging_mixin.py:188} INFO - select *  from etlconf.Etl_Process_Mapping where SourceTableName = 'film_actor' and Stage = 'sqltostaging'
[2024-07-10T20:25:53.902+0000] {logging_mixin.py:188} INFO -    id sourcetablename sourcedbname  ...  code         stage last_run_date
0  13      film_actor    dvdrental  ...  None  sqltostaging          None

[1 rows x 15 columns]
[2024-07-10T20:25:53.913+0000] {logging_mixin.py:188} INFO - select T.* from dvdrental.public.film_actor T where last_update >= '2007-02-15' and last_update < '2007-02-16' 
[2024-07-10T20:25:53.944+0000] {taskinstance.py:2731} ERROR - Task failed with exception
Traceback (most recent call last):
  File "/home/airflow/.local/lib/python3.8/site-packages/airflow/models/taskinstance.py", line 444, in _execute_task
    result = _execute_callable(context=context, **execute_callable_kwargs)
  File "/home/airflow/.local/lib/python3.8/site-packages/airflow/models/taskinstance.py", line 414, in _execute_callable
    return execute_callable(context=context, **execute_callable_kwargs)
  File "/home/airflow/.local/lib/python3.8/site-packages/airflow/operators/python.py", line 200, in execute
    return_value = self.execute_callable()
  File "/home/airflow/.local/lib/python3.8/site-packages/airflow/operators/python.py", line 217, in execute_callable
    return self.python_callable(*self.op_args, **self.op_kwargs)
  File "/opt/airflow/dags/dag.py", line 44, in process_table
    return  execute(table, stage, tabletype)
  File "/app/main.py", line 28, in execute
    SqlToStaging().create_incremental().some_function(table, stage)
  File "/app/concretestage/SQLToStaging.py", line 60, in some_function
    sourceDF = getDF(sourcedbname,sourcetablename , sourceschema, FilterColumn, '2007-02-15', '2007-02-16')
  File "/app/myFramework/utils/utils.py", line 57, in getDF
    df.columns = [desc[0] for desc in cur.description]
  File "/home/airflow/.local/lib/python3.8/site-packages/pandas/core/generic.py", line 6002, in __setattr__
    return object.__setattr__(self, name, value)
  File "pandas/_libs/properties.pyx", line 69, in pandas._libs.properties.AxisProperty.__set__
  File "/home/airflow/.local/lib/python3.8/site-packages/pandas/core/generic.py", line 730, in _set_axis
    self._mgr.set_axis(axis, labels)
  File "/home/airflow/.local/lib/python3.8/site-packages/pandas/core/internals/managers.py", line 225, in set_axis
    self._validate_set_axis(axis, new_labels)
  File "/home/airflow/.local/lib/python3.8/site-packages/pandas/core/internals/base.py", line 70, in _validate_set_axis
    raise ValueError(
ValueError: Length mismatch: Expected axis has 0 elements, new values have 3 elements
[2024-07-10T20:25:53.966+0000] {taskinstance.py:1149} INFO - Marking task as FAILED. dag_id=sqltostaging, task_id=film_actor, execution_date=20240709T000000, start_date=20240710T202552, end_date=20240710T202553
[2024-07-10T20:25:54.001+0000] {standard_task_runner.py:107} ERROR - Failed to execute job 8 for task film_actor (Length mismatch: Expected axis has 0 elements, new values have 3 elements; 129)
[2024-07-10T20:25:54.045+0000] {local_task_job_runner.py:234} INFO - Task exited with return code 1
[2024-07-10T20:25:54.105+0000] {taskinstance.py:3312} INFO - 0 downstream tasks scheduled from follow-on schedule check
[2024-07-10T20:33:41.857+0000] {taskinstance.py:1979} INFO - Dependencies all met for dep_context=non-requeueable deps ti=<TaskInstance: sqltostaging.film_actor scheduled__2024-07-09T00:00:00+00:00 [queued]>
[2024-07-10T20:33:41.875+0000] {taskinstance.py:1979} INFO - Dependencies all met for dep_context=requeueable deps ti=<TaskInstance: sqltostaging.film_actor scheduled__2024-07-09T00:00:00+00:00 [queued]>
[2024-07-10T20:33:41.883+0000] {taskinstance.py:2193} INFO - Starting attempt 1 of 1
[2024-07-10T20:33:41.925+0000] {taskinstance.py:2217} INFO - Executing <Task(PythonOperator): film_actor> on 2024-07-09 00:00:00+00:00
[2024-07-10T20:33:41.940+0000] {standard_task_runner.py:60} INFO - Started process 101 to run task
[2024-07-10T20:33:41.960+0000] {standard_task_runner.py:87} INFO - Running: ['***', 'tasks', 'run', 'sqltostaging', 'film_actor', 'scheduled__2024-07-09T00:00:00+00:00', '--job-id', '11', '--raw', '--subdir', 'DAGS_FOLDER/dag.py', '--cfg-path', '/tmp/tmpyk_ihmcv']
[2024-07-10T20:33:41.966+0000] {standard_task_runner.py:88} INFO - Job 11: Subtask film_actor
[2024-07-10T20:33:42.110+0000] {task_command.py:423} INFO - Running <TaskInstance: sqltostaging.film_actor scheduled__2024-07-09T00:00:00+00:00 [running]> on host d0a0151057b2
[2024-07-10T20:33:42.702+0000] {taskinstance.py:2513} INFO - Exporting env vars: AIRFLOW_CTX_DAG_OWNER='***' AIRFLOW_CTX_DAG_ID='sqltostaging' AIRFLOW_CTX_TASK_ID='film_actor' AIRFLOW_CTX_EXECUTION_DATE='2024-07-09T00:00:00+00:00' AIRFLOW_CTX_TRY_NUMBER='1' AIRFLOW_CTX_DAG_RUN_ID='scheduled__2024-07-09T00:00:00+00:00'
[2024-07-10T20:33:43.234+0000] {logging_mixin.py:188} INFO - select *  from etlconf.Etl_Process_Mapping where SourceTableName = 'film_actor' and Stage = 'sqltostaging'
[2024-07-10T20:33:43.353+0000] {logging_mixin.py:188} INFO -    id sourcetablename sourcedbname  ...  code         stage last_run_date
0  13      film_actor    dvdrental  ...  None  sqltostaging          None

[1 rows x 15 columns]
[2024-07-10T20:33:43.359+0000] {logging_mixin.py:188} INFO - select T.* from dvdrental.public.film_actor T where last_update >= '2007-02-15' and last_update < '2007-02-16' 
[2024-07-10T20:33:43.552+0000] {taskinstance.py:2731} ERROR - Task failed with exception
Traceback (most recent call last):
  File "/home/airflow/.local/lib/python3.8/site-packages/airflow/models/taskinstance.py", line 444, in _execute_task
    result = _execute_callable(context=context, **execute_callable_kwargs)
  File "/home/airflow/.local/lib/python3.8/site-packages/airflow/models/taskinstance.py", line 414, in _execute_callable
    return execute_callable(context=context, **execute_callable_kwargs)
  File "/home/airflow/.local/lib/python3.8/site-packages/airflow/operators/python.py", line 200, in execute
    return_value = self.execute_callable()
  File "/home/airflow/.local/lib/python3.8/site-packages/airflow/operators/python.py", line 217, in execute_callable
    return self.python_callable(*self.op_args, **self.op_kwargs)
  File "/opt/airflow/dags/dag.py", line 44, in process_table
    return  execute(table, stage, tabletype)
  File "/app/main.py", line 28, in execute
    SqlToStaging().create_incremental().some_function(table, stage)
  File "/app/concretestage/SQLToStaging.py", line 60, in some_function
    sourceDF = getDF(sourcedbname,sourcetablename , sourceschema, FilterColumn, '2007-02-15', '2007-02-16')
  File "/app/myFramework/utils/utils.py", line 57, in getDF
    df.columns = [desc[0] for desc in cur.description]
  File "/home/airflow/.local/lib/python3.8/site-packages/pandas/core/generic.py", line 6002, in __setattr__
    return object.__setattr__(self, name, value)
  File "pandas/_libs/properties.pyx", line 69, in pandas._libs.properties.AxisProperty.__set__
  File "/home/airflow/.local/lib/python3.8/site-packages/pandas/core/generic.py", line 730, in _set_axis
    self._mgr.set_axis(axis, labels)
  File "/home/airflow/.local/lib/python3.8/site-packages/pandas/core/internals/managers.py", line 225, in set_axis
    self._validate_set_axis(axis, new_labels)
  File "/home/airflow/.local/lib/python3.8/site-packages/pandas/core/internals/base.py", line 70, in _validate_set_axis
    raise ValueError(
ValueError: Length mismatch: Expected axis has 0 elements, new values have 3 elements
[2024-07-10T20:33:43.581+0000] {taskinstance.py:1149} INFO - Marking task as FAILED. dag_id=sqltostaging, task_id=film_actor, execution_date=20240709T000000, start_date=20240710T203341, end_date=20240710T203343
[2024-07-10T20:33:43.592+0000] {standard_task_runner.py:107} ERROR - Failed to execute job 11 for task film_actor (Length mismatch: Expected axis has 0 elements, new values have 3 elements; 101)
[2024-07-10T20:33:43.647+0000] {local_task_job_runner.py:234} INFO - Task exited with return code 1
[2024-07-10T20:33:43.669+0000] {taskinstance.py:3312} INFO - 0 downstream tasks scheduled from follow-on schedule check
[2024-07-10T20:36:57.407+0000] {taskinstance.py:1979} INFO - Dependencies all met for dep_context=non-requeueable deps ti=<TaskInstance: sqltostaging.film_actor scheduled__2024-07-09T00:00:00+00:00 [queued]>
[2024-07-10T20:36:57.435+0000] {taskinstance.py:1979} INFO - Dependencies all met for dep_context=requeueable deps ti=<TaskInstance: sqltostaging.film_actor scheduled__2024-07-09T00:00:00+00:00 [queued]>
[2024-07-10T20:36:57.443+0000] {taskinstance.py:2193} INFO - Starting attempt 1 of 1
[2024-07-10T20:36:57.483+0000] {taskinstance.py:2217} INFO - Executing <Task(PythonOperator): film_actor> on 2024-07-09 00:00:00+00:00
[2024-07-10T20:36:57.490+0000] {standard_task_runner.py:60} INFO - Started process 89 to run task
[2024-07-10T20:36:57.495+0000] {standard_task_runner.py:87} INFO - Running: ['***', 'tasks', 'run', 'sqltostaging', 'film_actor', 'scheduled__2024-07-09T00:00:00+00:00', '--job-id', '3', '--raw', '--subdir', 'DAGS_FOLDER/dag.py', '--cfg-path', '/tmp/tmpmjwkjqol']
[2024-07-10T20:36:57.510+0000] {standard_task_runner.py:88} INFO - Job 3: Subtask film_actor
[2024-07-10T20:36:57.738+0000] {task_command.py:423} INFO - Running <TaskInstance: sqltostaging.film_actor scheduled__2024-07-09T00:00:00+00:00 [running]> on host dca83dd4e715
[2024-07-10T20:36:58.441+0000] {taskinstance.py:2513} INFO - Exporting env vars: AIRFLOW_CTX_DAG_OWNER='***' AIRFLOW_CTX_DAG_ID='sqltostaging' AIRFLOW_CTX_TASK_ID='film_actor' AIRFLOW_CTX_EXECUTION_DATE='2024-07-09T00:00:00+00:00' AIRFLOW_CTX_TRY_NUMBER='1' AIRFLOW_CTX_DAG_RUN_ID='scheduled__2024-07-09T00:00:00+00:00'
[2024-07-10T20:36:58.718+0000] {logging_mixin.py:188} INFO - select *  from etlconf.Etl_Process_Mapping where SourceTableName = 'film_actor' and Stage = 'sqltostaging'
[2024-07-10T20:36:58.975+0000] {logging_mixin.py:188} INFO -    id sourcetablename sourcedbname  ...  code         stage last_run_date
0  13      film_actor    dvdrental  ...  None  sqltostaging          None

[1 rows x 15 columns]
[2024-07-10T20:36:58.986+0000] {logging_mixin.py:188} INFO - select T.* from dvdrental.public.film_actor T where last_update >= '2007-02-15' and last_update < '2007-02-16' 
[2024-07-10T20:36:59.242+0000] {logging_mixin.py:188} INFO - not data at the period
[2024-07-10T20:36:59.248+0000] {taskinstance.py:2731} ERROR - Task failed with exception
Traceback (most recent call last):
  File "/home/airflow/.local/lib/python3.8/site-packages/airflow/models/taskinstance.py", line 444, in _execute_task
    result = _execute_callable(context=context, **execute_callable_kwargs)
  File "/home/airflow/.local/lib/python3.8/site-packages/airflow/models/taskinstance.py", line 414, in _execute_callable
    return execute_callable(context=context, **execute_callable_kwargs)
  File "/home/airflow/.local/lib/python3.8/site-packages/airflow/operators/python.py", line 200, in execute
    return_value = self.execute_callable()
  File "/home/airflow/.local/lib/python3.8/site-packages/airflow/operators/python.py", line 217, in execute_callable
    return self.python_callable(*self.op_args, **self.op_kwargs)
  File "/opt/airflow/dags/dag.py", line 44, in process_table
    return  execute(table, stage, tabletype)
  File "/app/main.py", line 28, in execute
    SqlToStaging().create_incremental().some_function(table, stage)
  File "/app/concretestage/SQLToStaging.py", line 63, in some_function
    if sourceDF is not None:
UnboundLocalError: local variable 'sourceDF' referenced before assignment
[2024-07-10T20:36:59.368+0000] {taskinstance.py:1149} INFO - Marking task as FAILED. dag_id=sqltostaging, task_id=film_actor, execution_date=20240709T000000, start_date=20240710T203657, end_date=20240710T203659
[2024-07-10T20:36:59.422+0000] {standard_task_runner.py:107} ERROR - Failed to execute job 3 for task film_actor (local variable 'sourceDF' referenced before assignment; 89)
[2024-07-10T20:36:59.498+0000] {local_task_job_runner.py:234} INFO - Task exited with return code 1
[2024-07-10T20:36:59.645+0000] {taskinstance.py:3312} INFO - 0 downstream tasks scheduled from follow-on schedule check
[2024-07-10T20:40:14.014+0000] {taskinstance.py:1979} INFO - Dependencies all met for dep_context=non-requeueable deps ti=<TaskInstance: sqltostaging.film_actor scheduled__2024-07-09T00:00:00+00:00 [queued]>
[2024-07-10T20:40:14.053+0000] {taskinstance.py:1979} INFO - Dependencies all met for dep_context=requeueable deps ti=<TaskInstance: sqltostaging.film_actor scheduled__2024-07-09T00:00:00+00:00 [queued]>
[2024-07-10T20:40:14.057+0000] {taskinstance.py:2193} INFO - Starting attempt 1 of 1
[2024-07-10T20:40:14.108+0000] {taskinstance.py:2217} INFO - Executing <Task(PythonOperator): film_actor> on 2024-07-09 00:00:00+00:00
[2024-07-10T20:40:14.122+0000] {standard_task_runner.py:60} INFO - Started process 98 to run task
[2024-07-10T20:40:14.153+0000] {standard_task_runner.py:87} INFO - Running: ['***', 'tasks', 'run', 'sqltostaging', 'film_actor', 'scheduled__2024-07-09T00:00:00+00:00', '--job-id', '14', '--raw', '--subdir', 'DAGS_FOLDER/dag.py', '--cfg-path', '/tmp/tmpmbc498pa']
[2024-07-10T20:40:14.180+0000] {standard_task_runner.py:88} INFO - Job 14: Subtask film_actor
[2024-07-10T20:40:14.384+0000] {task_command.py:423} INFO - Running <TaskInstance: sqltostaging.film_actor scheduled__2024-07-09T00:00:00+00:00 [running]> on host 2bc01acfbd3e
[2024-07-10T20:40:15.556+0000] {taskinstance.py:2513} INFO - Exporting env vars: AIRFLOW_CTX_DAG_OWNER='***' AIRFLOW_CTX_DAG_ID='sqltostaging' AIRFLOW_CTX_TASK_ID='film_actor' AIRFLOW_CTX_EXECUTION_DATE='2024-07-09T00:00:00+00:00' AIRFLOW_CTX_TRY_NUMBER='1' AIRFLOW_CTX_DAG_RUN_ID='scheduled__2024-07-09T00:00:00+00:00'
[2024-07-10T20:40:15.595+0000] {logging_mixin.py:188} INFO - select *  from etlconf.Etl_Process_Mapping where SourceTableName = 'film_actor' and Stage = 'sqltostaging'
[2024-07-10T20:40:15.625+0000] {logging_mixin.py:188} INFO -    id sourcetablename sourcedbname  ...  code         stage last_run_date
0  13      film_actor    dvdrental  ...  None  sqltostaging          None

[1 rows x 15 columns]
[2024-07-10T20:40:15.626+0000] {logging_mixin.py:188} INFO - select T.* from dvdrental.public.film_actor T where last_update >= '2007-02-15' and last_update < '2007-02-16' 
[2024-07-10T20:40:15.644+0000] {python.py:202} INFO - Done. Returned value was: None
[2024-07-10T20:40:15.655+0000] {taskinstance.py:1149} INFO - Marking task as SUCCESS. dag_id=sqltostaging, task_id=film_actor, execution_date=20240709T000000, start_date=20240710T204014, end_date=20240710T204015
[2024-07-10T20:40:15.696+0000] {local_task_job_runner.py:234} INFO - Task exited with return code 0
[2024-07-10T20:40:15.715+0000] {taskinstance.py:3312} INFO - 0 downstream tasks scheduled from follow-on schedule check
