[2024-07-11T18:17:07.993+0000] {taskinstance.py:1979} INFO - Dependencies all met for dep_context=non-requeueable deps ti=<TaskInstance: sqltostaging.country scheduled__2024-07-10T00:00:00+00:00 [queued]>
[2024-07-11T18:17:08.011+0000] {taskinstance.py:1979} INFO - Dependencies all met for dep_context=requeueable deps ti=<TaskInstance: sqltostaging.country scheduled__2024-07-10T00:00:00+00:00 [queued]>
[2024-07-11T18:17:08.014+0000] {taskinstance.py:2193} INFO - Starting attempt 1 of 1
[2024-07-11T18:17:08.076+0000] {taskinstance.py:2217} INFO - Executing <Task(PythonOperator): country> on 2024-07-10 00:00:00+00:00
[2024-07-11T18:17:08.119+0000] {standard_task_runner.py:60} INFO - Started process 91 to run task
[2024-07-11T18:17:08.138+0000] {standard_task_runner.py:87} INFO - Running: ['***', 'tasks', 'run', 'sqltostaging', 'country', 'scheduled__2024-07-10T00:00:00+00:00', '--job-id', '34', '--raw', '--subdir', 'DAGS_FOLDER/dag.py', '--cfg-path', '/tmp/tmpsuhz1iwr']
[2024-07-11T18:17:08.165+0000] {standard_task_runner.py:88} INFO - Job 34: Subtask country
[2024-07-11T18:17:08.417+0000] {task_command.py:423} INFO - Running <TaskInstance: sqltostaging.country scheduled__2024-07-10T00:00:00+00:00 [running]> on host 2bc01acfbd3e
[2024-07-11T18:17:10.220+0000] {taskinstance.py:2513} INFO - Exporting env vars: AIRFLOW_CTX_DAG_OWNER='***' AIRFLOW_CTX_DAG_ID='sqltostaging' AIRFLOW_CTX_TASK_ID='country' AIRFLOW_CTX_EXECUTION_DATE='2024-07-10T00:00:00+00:00' AIRFLOW_CTX_TRY_NUMBER='1' AIRFLOW_CTX_DAG_RUN_ID='scheduled__2024-07-10T00:00:00+00:00'
[2024-07-11T18:17:10.371+0000] {logging_mixin.py:188} INFO - select *  from etlconf.Etl_Process_Mapping where SourceTableName = 'country' and Stage = 'sqltostaging'
[2024-07-11T18:17:10.477+0000] {logging_mixin.py:188} INFO -    id sourcetablename sourcedbname  ...  code         stage last_run_date
0   6         country    dvdrental  ...  None  sqltostaging          None

[1 rows x 15 columns]
[2024-07-11T18:17:10.480+0000] {taskinstance.py:2731} ERROR - Task failed with exception
Traceback (most recent call last):
  File "/home/airflow/.local/lib/python3.8/site-packages/airflow/models/taskinstance.py", line 444, in _execute_task
    result = _execute_callable(context=context, **execute_callable_kwargs)
  File "/home/airflow/.local/lib/python3.8/site-packages/airflow/models/taskinstance.py", line 414, in _execute_callable
    return execute_callable(context=context, **execute_callable_kwargs)
  File "/home/airflow/.local/lib/python3.8/site-packages/airflow/operators/python.py", line 200, in execute
    return_value = self.execute_callable()
  File "/home/airflow/.local/lib/python3.8/site-packages/airflow/operators/python.py", line 217, in execute_callable
    return self.python_callable(*self.op_args, **self.op_kwargs)
  File "/opt/airflow/dags/dag.py", line 44, in process_table
    return  execute(table, stage, tabletype)
  File "/app/main.py", line 26, in execute
    SqlToStaging().create_full().some_function(table, stage)
  File "/app/concretestage/SQLToStaging.py", line 38, in some_function
    sourceDF = getDF(sourcedbname,sourcetablename , sourceschema)
TypeError: getDF() missing 3 required positional arguments: 'filterColumn', 'dateFrom', and 'dateTo'
[2024-07-11T18:17:10.509+0000] {taskinstance.py:1149} INFO - Marking task as FAILED. dag_id=sqltostaging, task_id=country, execution_date=20240710T000000, start_date=20240711T181707, end_date=20240711T181710
[2024-07-11T18:17:10.580+0000] {standard_task_runner.py:107} ERROR - Failed to execute job 34 for task country (getDF() missing 3 required positional arguments: 'filterColumn', 'dateFrom', and 'dateTo'; 91)
[2024-07-11T18:17:10.661+0000] {local_task_job_runner.py:234} INFO - Task exited with return code 1
[2024-07-11T18:17:10.716+0000] {taskinstance.py:3312} INFO - 0 downstream tasks scheduled from follow-on schedule check
[2024-07-11T18:42:43.191+0000] {taskinstance.py:1979} INFO - Dependencies all met for dep_context=non-requeueable deps ti=<TaskInstance: sqltostaging.country scheduled__2024-07-10T00:00:00+00:00 [queued]>
[2024-07-11T18:42:43.203+0000] {taskinstance.py:1979} INFO - Dependencies all met for dep_context=requeueable deps ti=<TaskInstance: sqltostaging.country scheduled__2024-07-10T00:00:00+00:00 [queued]>
[2024-07-11T18:42:43.211+0000] {taskinstance.py:2193} INFO - Starting attempt 1 of 1
[2024-07-11T18:42:43.270+0000] {taskinstance.py:2217} INFO - Executing <Task(PythonOperator): country> on 2024-07-10 00:00:00+00:00
[2024-07-11T18:42:43.288+0000] {standard_task_runner.py:60} INFO - Started process 81 to run task
[2024-07-11T18:42:43.305+0000] {standard_task_runner.py:87} INFO - Running: ['***', 'tasks', 'run', 'sqltostaging', 'country', 'scheduled__2024-07-10T00:00:00+00:00', '--job-id', '3', '--raw', '--subdir', 'DAGS_FOLDER/dag.py', '--cfg-path', '/tmp/tmpkv3xg91d']
[2024-07-11T18:42:43.324+0000] {standard_task_runner.py:88} INFO - Job 3: Subtask country
[2024-07-11T18:42:43.495+0000] {task_command.py:423} INFO - Running <TaskInstance: sqltostaging.country scheduled__2024-07-10T00:00:00+00:00 [running]> on host 3cbd40a515d7
[2024-07-11T18:42:44.280+0000] {taskinstance.py:2513} INFO - Exporting env vars: AIRFLOW_CTX_DAG_OWNER='***' AIRFLOW_CTX_DAG_ID='sqltostaging' AIRFLOW_CTX_TASK_ID='country' AIRFLOW_CTX_EXECUTION_DATE='2024-07-10T00:00:00+00:00' AIRFLOW_CTX_TRY_NUMBER='1' AIRFLOW_CTX_DAG_RUN_ID='scheduled__2024-07-10T00:00:00+00:00'
[2024-07-11T18:42:44.666+0000] {logging_mixin.py:188} INFO - select *  from etlconf.Etl_Process_Mapping where SourceTableName = 'country' and Stage = 'sqltostaging'
[2024-07-11T18:42:44.845+0000] {logging_mixin.py:188} INFO -    id sourcetablename sourcedbname  ...  code         stage last_run_date
0   6         country    dvdrental  ...  None  sqltostaging          None

[1 rows x 15 columns]
[2024-07-11T18:42:44.849+0000] {logging_mixin.py:188} INFO - select T.* from dvdrental.public.country T
[2024-07-11T18:42:45.408+0000] {python.py:202} INFO - Done. Returned value was: None
[2024-07-11T18:42:45.417+0000] {taskinstance.py:1149} INFO - Marking task as SUCCESS. dag_id=sqltostaging, task_id=country, execution_date=20240710T000000, start_date=20240711T184243, end_date=20240711T184245
[2024-07-11T18:42:45.461+0000] {local_task_job_runner.py:234} INFO - Task exited with return code 0
[2024-07-11T18:42:45.494+0000] {taskinstance.py:3312} INFO - 0 downstream tasks scheduled from follow-on schedule check
[2024-07-11T18:51:07.953+0000] {taskinstance.py:1979} INFO - Dependencies all met for dep_context=non-requeueable deps ti=<TaskInstance: sqltostaging.country scheduled__2024-07-10T00:00:00+00:00 [queued]>
[2024-07-11T18:51:07.990+0000] {taskinstance.py:1979} INFO - Dependencies all met for dep_context=requeueable deps ti=<TaskInstance: sqltostaging.country scheduled__2024-07-10T00:00:00+00:00 [queued]>
[2024-07-11T18:51:07.996+0000] {taskinstance.py:2193} INFO - Starting attempt 1 of 1
[2024-07-11T18:51:08.049+0000] {taskinstance.py:2217} INFO - Executing <Task(PythonOperator): country> on 2024-07-10 00:00:00+00:00
[2024-07-11T18:51:08.067+0000] {standard_task_runner.py:60} INFO - Started process 97 to run task
[2024-07-11T18:51:08.076+0000] {standard_task_runner.py:87} INFO - Running: ['***', 'tasks', 'run', 'sqltostaging', 'country', 'scheduled__2024-07-10T00:00:00+00:00', '--job-id', '5', '--raw', '--subdir', 'DAGS_FOLDER/dag.py', '--cfg-path', '/tmp/tmpzypj6d7e']
[2024-07-11T18:51:08.085+0000] {standard_task_runner.py:88} INFO - Job 5: Subtask country
[2024-07-11T18:51:08.318+0000] {task_command.py:423} INFO - Running <TaskInstance: sqltostaging.country scheduled__2024-07-10T00:00:00+00:00 [running]> on host 59bc72ebf535
[2024-07-11T18:51:09.542+0000] {taskinstance.py:2513} INFO - Exporting env vars: AIRFLOW_CTX_DAG_OWNER='***' AIRFLOW_CTX_DAG_ID='sqltostaging' AIRFLOW_CTX_TASK_ID='country' AIRFLOW_CTX_EXECUTION_DATE='2024-07-10T00:00:00+00:00' AIRFLOW_CTX_TRY_NUMBER='1' AIRFLOW_CTX_DAG_RUN_ID='scheduled__2024-07-10T00:00:00+00:00'
[2024-07-11T18:51:09.597+0000] {logging_mixin.py:188} INFO - select *  from etlconf.Etl_Process_Mapping where SourceTableName = 'country' and Stage = 'sqltostaging'
[2024-07-11T18:51:09.631+0000] {logging_mixin.py:188} INFO -    id sourcetablename sourcedbname  ...  code         stage last_run_date
0   6         country    dvdrental  ...  None  sqltostaging          None

[1 rows x 15 columns]
[2024-07-11T18:51:09.641+0000] {logging_mixin.py:188} INFO - select T.* from dvdrental.public.country T
[2024-07-11T18:51:10.019+0000] {python.py:202} INFO - Done. Returned value was: None
[2024-07-11T18:51:10.036+0000] {taskinstance.py:1149} INFO - Marking task as SUCCESS. dag_id=sqltostaging, task_id=country, execution_date=20240710T000000, start_date=20240711T185107, end_date=20240711T185110
[2024-07-11T18:51:10.086+0000] {local_task_job_runner.py:234} INFO - Task exited with return code 0
[2024-07-11T18:51:10.113+0000] {taskinstance.py:3312} INFO - 0 downstream tasks scheduled from follow-on schedule check
[2024-07-11T18:59:13.745+0000] {taskinstance.py:1979} INFO - Dependencies all met for dep_context=non-requeueable deps ti=<TaskInstance: sqltostaging.country scheduled__2024-07-10T00:00:00+00:00 [queued]>
[2024-07-11T18:59:13.781+0000] {taskinstance.py:1979} INFO - Dependencies all met for dep_context=requeueable deps ti=<TaskInstance: sqltostaging.country scheduled__2024-07-10T00:00:00+00:00 [queued]>
[2024-07-11T18:59:13.788+0000] {taskinstance.py:2193} INFO - Starting attempt 1 of 1
[2024-07-11T18:59:13.832+0000] {taskinstance.py:2217} INFO - Executing <Task(PythonOperator): country> on 2024-07-10 00:00:00+00:00
[2024-07-11T18:59:13.858+0000] {standard_task_runner.py:60} INFO - Started process 95 to run task
[2024-07-11T18:59:13.865+0000] {standard_task_runner.py:87} INFO - Running: ['***', 'tasks', 'run', 'sqltostaging', 'country', 'scheduled__2024-07-10T00:00:00+00:00', '--job-id', '11', '--raw', '--subdir', 'DAGS_FOLDER/dag.py', '--cfg-path', '/tmp/tmprnw7fztg']
[2024-07-11T18:59:13.872+0000] {standard_task_runner.py:88} INFO - Job 11: Subtask country
[2024-07-11T18:59:14.040+0000] {task_command.py:423} INFO - Running <TaskInstance: sqltostaging.country scheduled__2024-07-10T00:00:00+00:00 [running]> on host 40f26a5c62e8
[2024-07-11T18:59:15.174+0000] {taskinstance.py:2513} INFO - Exporting env vars: AIRFLOW_CTX_DAG_OWNER='***' AIRFLOW_CTX_DAG_ID='sqltostaging' AIRFLOW_CTX_TASK_ID='country' AIRFLOW_CTX_EXECUTION_DATE='2024-07-10T00:00:00+00:00' AIRFLOW_CTX_TRY_NUMBER='1' AIRFLOW_CTX_DAG_RUN_ID='scheduled__2024-07-10T00:00:00+00:00'
[2024-07-11T18:59:15.231+0000] {logging_mixin.py:188} INFO - select *  from etlconf.Etl_Process_Mapping where SourceTableName = 'country' and Stage = 'sqltostaging'
[2024-07-11T18:59:15.306+0000] {logging_mixin.py:188} INFO -    id sourcetablename sourcedbname  ...  code         stage last_run_date
0   6         country    dvdrental  ...  None  sqltostaging          None

[1 rows x 15 columns]
[2024-07-11T18:59:15.308+0000] {logging_mixin.py:188} INFO - select T.* from dvdrental.public.country T
[2024-07-11T18:59:15.534+0000] {python.py:202} INFO - Done. Returned value was: None
[2024-07-11T18:59:15.543+0000] {taskinstance.py:1149} INFO - Marking task as SUCCESS. dag_id=sqltostaging, task_id=country, execution_date=20240710T000000, start_date=20240711T185913, end_date=20240711T185915
[2024-07-11T18:59:15.571+0000] {local_task_job_runner.py:234} INFO - Task exited with return code 0
[2024-07-11T18:59:15.622+0000] {taskinstance.py:3312} INFO - 0 downstream tasks scheduled from follow-on schedule check
[2024-07-11T19:35:13.647+0000] {taskinstance.py:1979} INFO - Dependencies all met for dep_context=non-requeueable deps ti=<TaskInstance: sqltostaging.country scheduled__2024-07-10T00:00:00+00:00 [queued]>
[2024-07-11T19:35:13.653+0000] {taskinstance.py:1979} INFO - Dependencies all met for dep_context=requeueable deps ti=<TaskInstance: sqltostaging.country scheduled__2024-07-10T00:00:00+00:00 [queued]>
[2024-07-11T19:35:13.657+0000] {taskinstance.py:2193} INFO - Starting attempt 1 of 1
[2024-07-11T19:35:13.704+0000] {taskinstance.py:2217} INFO - Executing <Task(PythonOperator): country> on 2024-07-10 00:00:00+00:00
[2024-07-11T19:35:13.716+0000] {standard_task_runner.py:60} INFO - Started process 93 to run task
[2024-07-11T19:35:13.725+0000] {standard_task_runner.py:87} INFO - Running: ['***', 'tasks', 'run', 'sqltostaging', 'country', 'scheduled__2024-07-10T00:00:00+00:00', '--job-id', '8', '--raw', '--subdir', 'DAGS_FOLDER/dag.py', '--cfg-path', '/tmp/tmpqbl4h4m_']
[2024-07-11T19:35:13.729+0000] {standard_task_runner.py:88} INFO - Job 8: Subtask country
[2024-07-11T19:35:13.876+0000] {task_command.py:423} INFO - Running <TaskInstance: sqltostaging.country scheduled__2024-07-10T00:00:00+00:00 [running]> on host 99be9f831d54
[2024-07-11T19:35:15.191+0000] {taskinstance.py:2513} INFO - Exporting env vars: AIRFLOW_CTX_DAG_OWNER='***' AIRFLOW_CTX_DAG_ID='sqltostaging' AIRFLOW_CTX_TASK_ID='country' AIRFLOW_CTX_EXECUTION_DATE='2024-07-10T00:00:00+00:00' AIRFLOW_CTX_TRY_NUMBER='1' AIRFLOW_CTX_DAG_RUN_ID='scheduled__2024-07-10T00:00:00+00:00'
[2024-07-11T19:35:15.233+0000] {logging_mixin.py:188} INFO - select *  from etlconf.Etl_Process_Mapping where SourceTableName = 'country' and Stage = 'sqltostaging'
[2024-07-11T19:35:15.294+0000] {logging_mixin.py:188} INFO -    id sourcetablename sourcedbname  ...  code         stage last_run_date
0   6         country    dvdrental  ...  None  sqltostaging          None

[1 rows x 15 columns]
[2024-07-11T19:35:15.295+0000] {logging_mixin.py:188} INFO - select T.* from dvdrental.public.country T
[2024-07-11T19:35:15.470+0000] {python.py:202} INFO - Done. Returned value was: None
[2024-07-11T19:35:15.478+0000] {taskinstance.py:1149} INFO - Marking task as SUCCESS. dag_id=sqltostaging, task_id=country, execution_date=20240710T000000, start_date=20240711T193513, end_date=20240711T193515
[2024-07-11T19:35:15.528+0000] {local_task_job_runner.py:234} INFO - Task exited with return code 0
[2024-07-11T19:35:15.570+0000] {taskinstance.py:3312} INFO - 0 downstream tasks scheduled from follow-on schedule check
[2024-07-11T19:38:52.658+0000] {taskinstance.py:1979} INFO - Dependencies all met for dep_context=non-requeueable deps ti=<TaskInstance: sqltostaging.country scheduled__2024-07-10T00:00:00+00:00 [queued]>
[2024-07-11T19:38:52.682+0000] {taskinstance.py:1979} INFO - Dependencies all met for dep_context=requeueable deps ti=<TaskInstance: sqltostaging.country scheduled__2024-07-10T00:00:00+00:00 [queued]>
[2024-07-11T19:38:52.685+0000] {taskinstance.py:2193} INFO - Starting attempt 1 of 1
[2024-07-11T19:38:52.734+0000] {taskinstance.py:2217} INFO - Executing <Task(PythonOperator): country> on 2024-07-10 00:00:00+00:00
[2024-07-11T19:38:52.743+0000] {standard_task_runner.py:60} INFO - Started process 103 to run task
[2024-07-11T19:38:52.758+0000] {standard_task_runner.py:87} INFO - Running: ['***', 'tasks', 'run', 'sqltostaging', 'country', 'scheduled__2024-07-10T00:00:00+00:00', '--job-id', '17', '--raw', '--subdir', 'DAGS_FOLDER/dag.py', '--cfg-path', '/tmp/tmp4pckr7zn']
[2024-07-11T19:38:52.773+0000] {standard_task_runner.py:88} INFO - Job 17: Subtask country
[2024-07-11T19:38:52.948+0000] {task_command.py:423} INFO - Running <TaskInstance: sqltostaging.country scheduled__2024-07-10T00:00:00+00:00 [running]> on host 3370024acb9c
[2024-07-11T19:38:53.278+0000] {taskinstance.py:2513} INFO - Exporting env vars: AIRFLOW_CTX_DAG_OWNER='***' AIRFLOW_CTX_DAG_ID='sqltostaging' AIRFLOW_CTX_TASK_ID='country' AIRFLOW_CTX_EXECUTION_DATE='2024-07-10T00:00:00+00:00' AIRFLOW_CTX_TRY_NUMBER='1' AIRFLOW_CTX_DAG_RUN_ID='scheduled__2024-07-10T00:00:00+00:00'
[2024-07-11T19:38:53.993+0000] {logging_mixin.py:188} INFO - select *  from etlconf.Etl_Process_Mapping where SourceTableName = 'country' and Stage = 'sqltostaging'
[2024-07-11T19:38:54.057+0000] {logging_mixin.py:188} INFO -    id sourcetablename sourcedbname  ...  code         stage last_run_date
0   6         country    dvdrental  ...  None  sqltostaging          None

[1 rows x 15 columns]
[2024-07-11T19:38:54.058+0000] {logging_mixin.py:188} INFO - select T.* from dvdrental.public.country T
[2024-07-11T19:38:54.229+0000] {python.py:202} INFO - Done. Returned value was: None
[2024-07-11T19:38:54.240+0000] {taskinstance.py:1149} INFO - Marking task as SUCCESS. dag_id=sqltostaging, task_id=country, execution_date=20240710T000000, start_date=20240711T193852, end_date=20240711T193854
[2024-07-11T19:38:54.285+0000] {local_task_job_runner.py:234} INFO - Task exited with return code 0
[2024-07-11T19:38:54.307+0000] {taskinstance.py:3312} INFO - 0 downstream tasks scheduled from follow-on schedule check
[2024-07-11T19:41:03.287+0000] {taskinstance.py:1979} INFO - Dependencies all met for dep_context=non-requeueable deps ti=<TaskInstance: sqltostaging.country scheduled__2024-07-10T00:00:00+00:00 [queued]>
[2024-07-11T19:41:03.311+0000] {taskinstance.py:1979} INFO - Dependencies all met for dep_context=requeueable deps ti=<TaskInstance: sqltostaging.country scheduled__2024-07-10T00:00:00+00:00 [queued]>
[2024-07-11T19:41:03.318+0000] {taskinstance.py:2193} INFO - Starting attempt 1 of 1
[2024-07-11T19:41:03.363+0000] {taskinstance.py:2217} INFO - Executing <Task(PythonOperator): country> on 2024-07-10 00:00:00+00:00
[2024-07-11T19:41:03.384+0000] {standard_task_runner.py:60} INFO - Started process 99 to run task
[2024-07-11T19:41:03.389+0000] {standard_task_runner.py:87} INFO - Running: ['***', 'tasks', 'run', 'sqltostaging', 'country', 'scheduled__2024-07-10T00:00:00+00:00', '--job-id', '13', '--raw', '--subdir', 'DAGS_FOLDER/dag.py', '--cfg-path', '/tmp/tmpn7la38nh']
[2024-07-11T19:41:03.416+0000] {standard_task_runner.py:88} INFO - Job 13: Subtask country
[2024-07-11T19:41:03.636+0000] {task_command.py:423} INFO - Running <TaskInstance: sqltostaging.country scheduled__2024-07-10T00:00:00+00:00 [running]> on host 5bec992df9f6
[2024-07-11T19:41:03.951+0000] {taskinstance.py:2513} INFO - Exporting env vars: AIRFLOW_CTX_DAG_OWNER='***' AIRFLOW_CTX_DAG_ID='sqltostaging' AIRFLOW_CTX_TASK_ID='country' AIRFLOW_CTX_EXECUTION_DATE='2024-07-10T00:00:00+00:00' AIRFLOW_CTX_TRY_NUMBER='1' AIRFLOW_CTX_DAG_RUN_ID='scheduled__2024-07-10T00:00:00+00:00'
[2024-07-11T19:41:04.574+0000] {logging_mixin.py:188} INFO - select *  from etlconf.Etl_Process_Mapping where SourceTableName = 'country' and Stage = 'sqltostaging'
[2024-07-11T19:41:04.703+0000] {logging_mixin.py:188} INFO -    id sourcetablename sourcedbname  ...  code         stage last_run_date
0   6         country    dvdrental  ...  None  sqltostaging          None

[1 rows x 15 columns]
[2024-07-11T19:41:04.705+0000] {logging_mixin.py:188} INFO - select T.* from dvdrental.public.country T
[2024-07-11T19:41:05.163+0000] {python.py:202} INFO - Done. Returned value was: None
[2024-07-11T19:41:05.177+0000] {taskinstance.py:1149} INFO - Marking task as SUCCESS. dag_id=sqltostaging, task_id=country, execution_date=20240710T000000, start_date=20240711T194103, end_date=20240711T194105
[2024-07-11T19:41:05.219+0000] {local_task_job_runner.py:234} INFO - Task exited with return code 0
[2024-07-11T19:41:05.239+0000] {taskinstance.py:3312} INFO - 0 downstream tasks scheduled from follow-on schedule check
[2024-07-11T19:45:57.638+0000] {taskinstance.py:1979} INFO - Dependencies all met for dep_context=non-requeueable deps ti=<TaskInstance: sqltostaging.country scheduled__2024-07-10T00:00:00+00:00 [queued]>
[2024-07-11T19:45:57.657+0000] {taskinstance.py:1979} INFO - Dependencies all met for dep_context=requeueable deps ti=<TaskInstance: sqltostaging.country scheduled__2024-07-10T00:00:00+00:00 [queued]>
[2024-07-11T19:45:57.660+0000] {taskinstance.py:2193} INFO - Starting attempt 1 of 1
[2024-07-11T19:45:57.689+0000] {taskinstance.py:2217} INFO - Executing <Task(PythonOperator): country> on 2024-07-10 00:00:00+00:00
[2024-07-11T19:45:57.701+0000] {standard_task_runner.py:60} INFO - Started process 101 to run task
[2024-07-11T19:45:57.720+0000] {standard_task_runner.py:87} INFO - Running: ['***', 'tasks', 'run', 'sqltostaging', 'country', 'scheduled__2024-07-10T00:00:00+00:00', '--job-id', '15', '--raw', '--subdir', 'DAGS_FOLDER/dag.py', '--cfg-path', '/tmp/tmpr2nmk_be']
[2024-07-11T19:45:57.774+0000] {standard_task_runner.py:88} INFO - Job 15: Subtask country
[2024-07-11T19:45:57.950+0000] {task_command.py:423} INFO - Running <TaskInstance: sqltostaging.country scheduled__2024-07-10T00:00:00+00:00 [running]> on host 74c26533546f
[2024-07-11T19:45:58.329+0000] {taskinstance.py:2513} INFO - Exporting env vars: AIRFLOW_CTX_DAG_OWNER='***' AIRFLOW_CTX_DAG_ID='sqltostaging' AIRFLOW_CTX_TASK_ID='country' AIRFLOW_CTX_EXECUTION_DATE='2024-07-10T00:00:00+00:00' AIRFLOW_CTX_TRY_NUMBER='1' AIRFLOW_CTX_DAG_RUN_ID='scheduled__2024-07-10T00:00:00+00:00'
[2024-07-11T19:45:59.102+0000] {logging_mixin.py:188} INFO - select *  from etlconf.Etl_Process_Mapping where SourceTableName = 'country' and Stage = 'sqltostaging'
[2024-07-11T19:45:59.191+0000] {logging_mixin.py:188} INFO -    id sourcetablename sourcedbname  ...  code         stage last_run_date
0   6         country    dvdrental  ...  None  sqltostaging          None

[1 rows x 15 columns]
[2024-07-11T19:45:59.195+0000] {logging_mixin.py:188} INFO - select T.* from dvdrental.public.country T
[2024-07-11T19:45:59.386+0000] {python.py:202} INFO - Done. Returned value was: None
[2024-07-11T19:45:59.394+0000] {taskinstance.py:1149} INFO - Marking task as SUCCESS. dag_id=sqltostaging, task_id=country, execution_date=20240710T000000, start_date=20240711T194557, end_date=20240711T194559
[2024-07-11T19:45:59.454+0000] {local_task_job_runner.py:234} INFO - Task exited with return code 0
[2024-07-11T19:45:59.477+0000] {taskinstance.py:3312} INFO - 0 downstream tasks scheduled from follow-on schedule check
[2024-07-11T19:49:38.765+0000] {taskinstance.py:1979} INFO - Dependencies all met for dep_context=non-requeueable deps ti=<TaskInstance: sqltostaging.country scheduled__2024-07-10T00:00:00+00:00 [queued]>
[2024-07-11T19:49:38.798+0000] {taskinstance.py:1979} INFO - Dependencies all met for dep_context=requeueable deps ti=<TaskInstance: sqltostaging.country scheduled__2024-07-10T00:00:00+00:00 [queued]>
[2024-07-11T19:49:38.803+0000] {taskinstance.py:2193} INFO - Starting attempt 1 of 1
[2024-07-11T19:49:38.838+0000] {taskinstance.py:2217} INFO - Executing <Task(PythonOperator): country> on 2024-07-10 00:00:00+00:00
[2024-07-11T19:49:38.860+0000] {standard_task_runner.py:60} INFO - Started process 101 to run task
[2024-07-11T19:49:38.873+0000] {standard_task_runner.py:87} INFO - Running: ['***', 'tasks', 'run', 'sqltostaging', 'country', 'scheduled__2024-07-10T00:00:00+00:00', '--job-id', '16', '--raw', '--subdir', 'DAGS_FOLDER/dag.py', '--cfg-path', '/tmp/tmpn5tbzf3d']
[2024-07-11T19:49:38.882+0000] {standard_task_runner.py:88} INFO - Job 16: Subtask country
[2024-07-11T19:49:39.104+0000] {task_command.py:423} INFO - Running <TaskInstance: sqltostaging.country scheduled__2024-07-10T00:00:00+00:00 [running]> on host f4f24e57c5cc
[2024-07-11T19:49:40.141+0000] {taskinstance.py:2513} INFO - Exporting env vars: AIRFLOW_CTX_DAG_OWNER='***' AIRFLOW_CTX_DAG_ID='sqltostaging' AIRFLOW_CTX_TASK_ID='country' AIRFLOW_CTX_EXECUTION_DATE='2024-07-10T00:00:00+00:00' AIRFLOW_CTX_TRY_NUMBER='1' AIRFLOW_CTX_DAG_RUN_ID='scheduled__2024-07-10T00:00:00+00:00'
[2024-07-11T19:49:40.180+0000] {logging_mixin.py:188} INFO - select *  from etlconf.Etl_Process_Mapping where SourceTableName = 'country' and Stage = 'sqltostaging'
[2024-07-11T19:49:40.238+0000] {logging_mixin.py:188} INFO -    id sourcetablename sourcedbname  ...  code         stage last_run_date
0   6         country    dvdrental  ...  None  sqltostaging          None

[1 rows x 15 columns]
[2024-07-11T19:49:40.240+0000] {logging_mixin.py:188} INFO - select T.* from dvdrental.public.country T
[2024-07-11T19:49:40.494+0000] {logging_mixin.py:188} INFO - update etlconf.Etl_Process_Mapping T set last_run_date = current_timestamp where destdbname='DBStaging' and destschema='dvdrental' and desttablename='country'
[2024-07-11T19:49:40.509+0000] {python.py:202} INFO - Done. Returned value was: None
[2024-07-11T19:49:40.518+0000] {taskinstance.py:1149} INFO - Marking task as SUCCESS. dag_id=sqltostaging, task_id=country, execution_date=20240710T000000, start_date=20240711T194938, end_date=20240711T194940
[2024-07-11T19:49:40.571+0000] {local_task_job_runner.py:234} INFO - Task exited with return code 0
[2024-07-11T19:49:40.583+0000] {taskinstance.py:3312} INFO - 0 downstream tasks scheduled from follow-on schedule check
[2024-07-11T19:58:31.481+0000] {taskinstance.py:1979} INFO - Dependencies all met for dep_context=non-requeueable deps ti=<TaskInstance: sqltostaging.country scheduled__2024-07-10T00:00:00+00:00 [queued]>
[2024-07-11T19:58:31.508+0000] {taskinstance.py:1979} INFO - Dependencies all met for dep_context=requeueable deps ti=<TaskInstance: sqltostaging.country scheduled__2024-07-10T00:00:00+00:00 [queued]>
[2024-07-11T19:58:31.513+0000] {taskinstance.py:2193} INFO - Starting attempt 1 of 1
[2024-07-11T19:58:31.529+0000] {taskinstance.py:2217} INFO - Executing <Task(PythonOperator): country> on 2024-07-10 00:00:00+00:00
[2024-07-11T19:58:31.561+0000] {standard_task_runner.py:60} INFO - Started process 111 to run task
[2024-07-11T19:58:31.590+0000] {standard_task_runner.py:87} INFO - Running: ['***', 'tasks', 'run', 'sqltostaging', 'country', 'scheduled__2024-07-10T00:00:00+00:00', '--job-id', '17', '--raw', '--subdir', 'DAGS_FOLDER/dag.py', '--cfg-path', '/tmp/tmpgcrq4t26']
[2024-07-11T19:58:31.609+0000] {standard_task_runner.py:88} INFO - Job 17: Subtask country
[2024-07-11T19:58:31.775+0000] {task_command.py:423} INFO - Running <TaskInstance: sqltostaging.country scheduled__2024-07-10T00:00:00+00:00 [running]> on host 45208fcb54ea
[2024-07-11T19:58:33.077+0000] {taskinstance.py:2513} INFO - Exporting env vars: AIRFLOW_CTX_DAG_OWNER='***' AIRFLOW_CTX_DAG_ID='sqltostaging' AIRFLOW_CTX_TASK_ID='country' AIRFLOW_CTX_EXECUTION_DATE='2024-07-10T00:00:00+00:00' AIRFLOW_CTX_TRY_NUMBER='1' AIRFLOW_CTX_DAG_RUN_ID='scheduled__2024-07-10T00:00:00+00:00'
[2024-07-11T19:58:33.100+0000] {logging_mixin.py:188} INFO - select *  from etlconf.Etl_Process_Mapping where SourceTableName = 'country' and Stage = 'sqltostaging'
[2024-07-11T19:58:33.133+0000] {logging_mixin.py:188} INFO -    id sourcetablename sourcedbname  ...  code         stage last_run_date
0   6         country    dvdrental  ...  None  sqltostaging          None

[1 rows x 15 columns]
[2024-07-11T19:58:33.291+0000] {logging_mixin.py:188} INFO - update etlconf.Etl_Process_Mapping T set last_run_date = current_timestampwhere destdbname='DBStaging' and destschema='dvdrental' and desttablename='country'
[2024-07-11T19:58:33.309+0000] {taskinstance.py:2731} ERROR - Task failed with exception
Traceback (most recent call last):
  File "/home/airflow/.local/lib/python3.8/site-packages/airflow/models/taskinstance.py", line 444, in _execute_task
    result = _execute_callable(context=context, **execute_callable_kwargs)
  File "/home/airflow/.local/lib/python3.8/site-packages/airflow/models/taskinstance.py", line 414, in _execute_callable
    return execute_callable(context=context, **execute_callable_kwargs)
  File "/home/airflow/.local/lib/python3.8/site-packages/airflow/operators/python.py", line 200, in execute
    return_value = self.execute_callable()
  File "/home/airflow/.local/lib/python3.8/site-packages/airflow/operators/python.py", line 217, in execute_callable
    return self.python_callable(*self.op_args, **self.op_kwargs)
  File "/opt/airflow/dags/dag.py", line 44, in process_table
    return  execute(table, stage, tabletype)
  File "/app/main.py", line 26, in execute
    SqlToStaging().create_full().some_function(table, stage)
  File "/app/concretestage/SQLToStaging.py", line 41, in some_function
    last_run_date_update(DestDBName, DestSchema, DestTableName)
  File "/app/myFramework/utils/utils.py", line 79, in last_run_date_update
    cur.execute(query)
psycopg2.errors.SyntaxError: syntax error at or near "destdbname"
LINE 1: ...ping T set last_run_date = current_timestampwhere destdbname...
                                                             ^

[2024-07-11T19:58:33.324+0000] {taskinstance.py:1149} INFO - Marking task as FAILED. dag_id=sqltostaging, task_id=country, execution_date=20240710T000000, start_date=20240711T195831, end_date=20240711T195833
[2024-07-11T19:58:33.332+0000] {standard_task_runner.py:107} ERROR - Failed to execute job 17 for task country (syntax error at or near "destdbname"
LINE 1: ...ping T set last_run_date = current_timestampwhere destdbname...
                                                             ^
; 111)
[2024-07-11T19:58:33.385+0000] {local_task_job_runner.py:234} INFO - Task exited with return code 1
[2024-07-11T19:58:33.423+0000] {taskinstance.py:3312} INFO - 0 downstream tasks scheduled from follow-on schedule check
[2024-07-11T20:02:08.986+0000] {taskinstance.py:1979} INFO - Dependencies all met for dep_context=non-requeueable deps ti=<TaskInstance: sqltostaging.country scheduled__2024-07-10T00:00:00+00:00 [queued]>
[2024-07-11T20:02:09.008+0000] {taskinstance.py:1979} INFO - Dependencies all met for dep_context=requeueable deps ti=<TaskInstance: sqltostaging.country scheduled__2024-07-10T00:00:00+00:00 [queued]>
[2024-07-11T20:02:09.014+0000] {taskinstance.py:2193} INFO - Starting attempt 1 of 1
[2024-07-11T20:02:09.057+0000] {taskinstance.py:2217} INFO - Executing <Task(PythonOperator): country> on 2024-07-10 00:00:00+00:00
[2024-07-11T20:02:09.070+0000] {standard_task_runner.py:60} INFO - Started process 96 to run task
[2024-07-11T20:02:09.087+0000] {standard_task_runner.py:87} INFO - Running: ['***', 'tasks', 'run', 'sqltostaging', 'country', 'scheduled__2024-07-10T00:00:00+00:00', '--job-id', '10', '--raw', '--subdir', 'DAGS_FOLDER/dag.py', '--cfg-path', '/tmp/tmpvgrdntt_']
[2024-07-11T20:02:09.108+0000] {standard_task_runner.py:88} INFO - Job 10: Subtask country
[2024-07-11T20:02:09.262+0000] {task_command.py:423} INFO - Running <TaskInstance: sqltostaging.country scheduled__2024-07-10T00:00:00+00:00 [running]> on host f77c41d1d1e9
[2024-07-11T20:02:10.554+0000] {taskinstance.py:2513} INFO - Exporting env vars: AIRFLOW_CTX_DAG_OWNER='***' AIRFLOW_CTX_DAG_ID='sqltostaging' AIRFLOW_CTX_TASK_ID='country' AIRFLOW_CTX_EXECUTION_DATE='2024-07-10T00:00:00+00:00' AIRFLOW_CTX_TRY_NUMBER='1' AIRFLOW_CTX_DAG_RUN_ID='scheduled__2024-07-10T00:00:00+00:00'
[2024-07-11T20:02:10.599+0000] {logging_mixin.py:188} INFO - select *  from etlconf.Etl_Process_Mapping where SourceTableName = 'country' and Stage = 'sqltostaging'
[2024-07-11T20:02:10.679+0000] {logging_mixin.py:188} INFO -    id sourcetablename sourcedbname  ...  code         stage last_run_date
0   6         country    dvdrental  ...  None  sqltostaging          None

[1 rows x 15 columns]
[2024-07-11T20:02:11.014+0000] {logging_mixin.py:188} INFO - update etlconf.Etl_Process_Mapping T set last_run_date = current_timestamp where destdbname='DBStaging' and destschema='dvdrental' and desttablename='country';
[2024-07-11T20:02:11.039+0000] {python.py:202} INFO - Done. Returned value was: None
[2024-07-11T20:02:11.047+0000] {taskinstance.py:1149} INFO - Marking task as SUCCESS. dag_id=sqltostaging, task_id=country, execution_date=20240710T000000, start_date=20240711T200208, end_date=20240711T200211
[2024-07-11T20:02:11.067+0000] {local_task_job_runner.py:234} INFO - Task exited with return code 0
[2024-07-11T20:02:11.098+0000] {taskinstance.py:3312} INFO - 0 downstream tasks scheduled from follow-on schedule check
