[2024-07-22T20:46:23.781+0000] {taskinstance.py:1979} INFO - Dependencies all met for dep_context=non-requeueable deps ti=<TaskInstance: stagingtodv.category manual__2024-07-22T20:46:21.507582+00:00 [queued]>
[2024-07-22T20:46:23.806+0000] {taskinstance.py:1979} INFO - Dependencies all met for dep_context=requeueable deps ti=<TaskInstance: stagingtodv.category manual__2024-07-22T20:46:21.507582+00:00 [queued]>
[2024-07-22T20:46:23.809+0000] {taskinstance.py:2193} INFO - Starting attempt 1 of 1
[2024-07-22T20:46:23.829+0000] {taskinstance.py:2217} INFO - Executing <Task(PythonOperator): category> on 2024-07-22 20:46:21.507582+00:00
[2024-07-22T20:46:23.837+0000] {standard_task_runner.py:60} INFO - Started process 319 to run task
[2024-07-22T20:46:23.847+0000] {standard_task_runner.py:87} INFO - Running: ['***', 'tasks', 'run', 'stagingtodv', 'category', 'manual__2024-07-22T20:46:21.507582+00:00', '--job-id', '45', '--raw', '--subdir', 'DAGS_FOLDER/dag.py', '--cfg-path', '/tmp/tmpdcv213yz']
[2024-07-22T20:46:23.852+0000] {standard_task_runner.py:88} INFO - Job 45: Subtask category
[2024-07-22T20:46:24.008+0000] {task_command.py:423} INFO - Running <TaskInstance: stagingtodv.category manual__2024-07-22T20:46:21.507582+00:00 [running]> on host ca612ea69d67
[2024-07-22T20:46:24.154+0000] {taskinstance.py:2513} INFO - Exporting env vars: AIRFLOW_CTX_DAG_OWNER='***' AIRFLOW_CTX_DAG_ID='stagingtodv' AIRFLOW_CTX_TASK_ID='category' AIRFLOW_CTX_EXECUTION_DATE='2024-07-22T20:46:21.507582+00:00' AIRFLOW_CTX_TRY_NUMBER='1' AIRFLOW_CTX_DAG_RUN_ID='manual__2024-07-22T20:46:21.507582+00:00'
[2024-07-22T20:46:24.174+0000] {logging_mixin.py:188} INFO - -------------------------------------------- select *  from etlconf.Etl_Process_Mapping where SourceTableName = 'category' and Stage = 'stagingtodv'
[2024-07-22T20:46:24.662+0000] {logging_mixin.py:188} INFO - DFFFFFFFFFDFFFFFFFFF      0            1                   2
0    1       Action 2006-02-15 09:46:27
1    2    Animation 2006-02-15 09:46:27
2    3     Children 2006-02-15 09:46:27
3    4     Classics 2006-02-15 09:46:27
4    5       Comedy 2006-02-15 09:46:27
5    6  Documentary 2006-02-15 09:46:27
6    7        Drama 2006-02-15 09:46:27
7    8       Family 2006-02-15 09:46:27
8    9      Foreign 2006-02-15 09:46:27
9   10        Games 2006-02-15 09:46:27
10  11       Horror 2006-02-15 09:46:27
11  12        Music 2006-02-15 09:46:27
12  13          New 2006-02-15 09:46:27
13  14       Sci-Fi 2006-02-15 09:46:27
14  15       Sports 2006-02-15 09:46:27
15  16       Travel 2006-02-15 09:46:27
[2024-07-22T20:46:24.790+0000] {logging_mixin.py:188} INFO - update etlconf.Etl_Process_Mapping T set last_run_date = current_timestamp where destdbname='dbdv' and destschema='dvdrental' and desttablename='category';
[2024-07-22T20:46:24.824+0000] {python.py:202} INFO - Done. Returned value was: None
[2024-07-22T20:46:24.841+0000] {taskinstance.py:1149} INFO - Marking task as SUCCESS. dag_id=stagingtodv, task_id=category, execution_date=20240722T204621, start_date=20240722T204623, end_date=20240722T204624
[2024-07-22T20:46:24.902+0000] {local_task_job_runner.py:234} INFO - Task exited with return code 0
[2024-07-22T20:46:24.959+0000] {taskinstance.py:3312} INFO - 0 downstream tasks scheduled from follow-on schedule check
