[2024-07-23T17:12:33.327+0000] {taskinstance.py:1979} INFO - Dependencies all met for dep_context=non-requeueable deps ti=<TaskInstance: stagingtodv.inventory scheduled__2024-07-22T00:00:00+00:00 [queued]>
[2024-07-23T17:12:33.378+0000] {taskinstance.py:1979} INFO - Dependencies all met for dep_context=requeueable deps ti=<TaskInstance: stagingtodv.inventory scheduled__2024-07-22T00:00:00+00:00 [queued]>
[2024-07-23T17:12:33.381+0000] {taskinstance.py:2193} INFO - Starting attempt 1 of 1
[2024-07-23T17:12:33.452+0000] {taskinstance.py:2217} INFO - Executing <Task(PythonOperator): inventory> on 2024-07-22 00:00:00+00:00
[2024-07-23T17:12:33.471+0000] {standard_task_runner.py:60} INFO - Started process 89 to run task
[2024-07-23T17:12:33.476+0000] {standard_task_runner.py:87} INFO - Running: ['***', 'tasks', 'run', 'stagingtodv', 'inventory', 'scheduled__2024-07-22T00:00:00+00:00', '--job-id', '24', '--raw', '--subdir', 'DAGS_FOLDER/dag.py', '--cfg-path', '/tmp/tmpwvop6os2']
[2024-07-23T17:12:33.487+0000] {standard_task_runner.py:88} INFO - Job 24: Subtask inventory
[2024-07-23T17:12:33.595+0000] {task_command.py:423} INFO - Running <TaskInstance: stagingtodv.inventory scheduled__2024-07-22T00:00:00+00:00 [running]> on host f59a56d3cdcb
[2024-07-23T17:12:33.699+0000] {taskinstance.py:2513} INFO - Exporting env vars: AIRFLOW_CTX_DAG_OWNER='***' AIRFLOW_CTX_DAG_ID='stagingtodv' AIRFLOW_CTX_TASK_ID='inventory' AIRFLOW_CTX_EXECUTION_DATE='2024-07-22T00:00:00+00:00' AIRFLOW_CTX_TRY_NUMBER='1' AIRFLOW_CTX_DAG_RUN_ID='scheduled__2024-07-22T00:00:00+00:00'
[2024-07-23T17:12:33.704+0000] {logging_mixin.py:188} INFO - -------------------------------------------- select *  from etlconf.Etl_Process_Mapping where SourceTableName = 'inventory' and Stage = 'stagingtodv'
[2024-07-23T17:12:34.475+0000] {taskinstance.py:2731} ERROR - Task failed with exception
Traceback (most recent call last):
  File "/home/airflow/.local/lib/python3.8/site-packages/airflow/models/taskinstance.py", line 444, in _execute_task
    result = _execute_callable(context=context, **execute_callable_kwargs)
  File "/home/airflow/.local/lib/python3.8/site-packages/airflow/models/taskinstance.py", line 414, in _execute_callable
    return execute_callable(context=context, **execute_callable_kwargs)
  File "/home/airflow/.local/lib/python3.8/site-packages/airflow/operators/python.py", line 200, in execute
    return_value = self.execute_callable()
  File "/home/airflow/.local/lib/python3.8/site-packages/airflow/operators/python.py", line 217, in execute_callable
    return self.python_callable(*self.op_args, **self.op_kwargs)
  File "/opt/airflow/dags/dag.py", line 41, in process_table
    tabletype = get_data_from_conf_table(table,stage)['tabletype'].values[0]
  File "/opt/airflow/dags/dag.py", line 34, in get_data_from_conf_table
    df.columns = [desc[0] for desc in cur.description]
  File "/home/airflow/.local/lib/python3.8/site-packages/pandas/core/generic.py", line 6002, in __setattr__
    return object.__setattr__(self, name, value)
  File "pandas/_libs/properties.pyx", line 69, in pandas._libs.properties.AxisProperty.__set__
  File "/home/airflow/.local/lib/python3.8/site-packages/pandas/core/generic.py", line 730, in _set_axis
    self._mgr.set_axis(axis, labels)
  File "/home/airflow/.local/lib/python3.8/site-packages/pandas/core/internals/managers.py", line 225, in set_axis
    self._validate_set_axis(axis, new_labels)
  File "/home/airflow/.local/lib/python3.8/site-packages/pandas/core/internals/base.py", line 70, in _validate_set_axis
    raise ValueError(
ValueError: Length mismatch: Expected axis has 0 elements, new values have 15 elements
[2024-07-23T17:12:34.521+0000] {taskinstance.py:1149} INFO - Marking task as FAILED. dag_id=stagingtodv, task_id=inventory, execution_date=20240722T000000, start_date=20240723T171233, end_date=20240723T171234
[2024-07-23T17:12:34.538+0000] {standard_task_runner.py:107} ERROR - Failed to execute job 24 for task inventory (Length mismatch: Expected axis has 0 elements, new values have 15 elements; 89)
[2024-07-23T17:12:34.582+0000] {local_task_job_runner.py:234} INFO - Task exited with return code 1
[2024-07-23T17:12:34.632+0000] {taskinstance.py:3312} INFO - 0 downstream tasks scheduled from follow-on schedule check
[2024-07-23T17:54:16.309+0000] {taskinstance.py:1979} INFO - Dependencies all met for dep_context=non-requeueable deps ti=<TaskInstance: stagingtodv.inventory scheduled__2024-07-22T00:00:00+00:00 [queued]>
[2024-07-23T17:54:16.350+0000] {taskinstance.py:1979} INFO - Dependencies all met for dep_context=requeueable deps ti=<TaskInstance: stagingtodv.inventory scheduled__2024-07-22T00:00:00+00:00 [queued]>
[2024-07-23T17:54:16.350+0000] {taskinstance.py:2193} INFO - Starting attempt 1 of 1
[2024-07-23T17:54:16.369+0000] {taskinstance.py:2217} INFO - Executing <Task(PythonOperator): inventory> on 2024-07-22 00:00:00+00:00
[2024-07-23T17:54:16.398+0000] {standard_task_runner.py:60} INFO - Started process 82 to run task
[2024-07-23T17:54:16.416+0000] {standard_task_runner.py:87} INFO - Running: ['***', 'tasks', 'run', 'stagingtodv', 'inventory', 'scheduled__2024-07-22T00:00:00+00:00', '--job-id', '6', '--raw', '--subdir', 'DAGS_FOLDER/dag.py', '--cfg-path', '/tmp/tmpzsfktvea']
[2024-07-23T17:54:16.447+0000] {standard_task_runner.py:88} INFO - Job 6: Subtask inventory
[2024-07-23T17:54:16.575+0000] {task_command.py:423} INFO - Running <TaskInstance: stagingtodv.inventory scheduled__2024-07-22T00:00:00+00:00 [running]> on host 3c1c8f0ee07d
[2024-07-23T17:54:17.752+0000] {taskinstance.py:2513} INFO - Exporting env vars: AIRFLOW_CTX_DAG_OWNER='***' AIRFLOW_CTX_DAG_ID='stagingtodv' AIRFLOW_CTX_TASK_ID='inventory' AIRFLOW_CTX_EXECUTION_DATE='2024-07-22T00:00:00+00:00' AIRFLOW_CTX_TRY_NUMBER='1' AIRFLOW_CTX_DAG_RUN_ID='scheduled__2024-07-22T00:00:00+00:00'
[2024-07-23T17:54:17.754+0000] {logging_mixin.py:188} INFO - -------------------------------------------- select *  from etlconf.Etl_Process_Mapping where SourceTableName = 'inventory' and Stage = 'stagingtodv'
[2024-07-23T17:54:17.777+0000] {taskinstance.py:2731} ERROR - Task failed with exception
Traceback (most recent call last):
  File "/home/airflow/.local/lib/python3.8/site-packages/airflow/models/taskinstance.py", line 444, in _execute_task
    result = _execute_callable(context=context, **execute_callable_kwargs)
  File "/home/airflow/.local/lib/python3.8/site-packages/airflow/models/taskinstance.py", line 414, in _execute_callable
    return execute_callable(context=context, **execute_callable_kwargs)
  File "/home/airflow/.local/lib/python3.8/site-packages/airflow/operators/python.py", line 200, in execute
    return_value = self.execute_callable()
  File "/home/airflow/.local/lib/python3.8/site-packages/airflow/operators/python.py", line 217, in execute_callable
    return self.python_callable(*self.op_args, **self.op_kwargs)
  File "/opt/airflow/dags/dag.py", line 41, in process_table
    tabletype = get_data_from_conf_table(table,stage)['tabletype'].values[0]
  File "/opt/airflow/dags/dag.py", line 34, in get_data_from_conf_table
    df.columns = [desc[0] for desc in cur.description]
  File "/home/airflow/.local/lib/python3.8/site-packages/pandas/core/generic.py", line 6002, in __setattr__
    return object.__setattr__(self, name, value)
  File "pandas/_libs/properties.pyx", line 69, in pandas._libs.properties.AxisProperty.__set__
  File "/home/airflow/.local/lib/python3.8/site-packages/pandas/core/generic.py", line 730, in _set_axis
    self._mgr.set_axis(axis, labels)
  File "/home/airflow/.local/lib/python3.8/site-packages/pandas/core/internals/managers.py", line 225, in set_axis
    self._validate_set_axis(axis, new_labels)
  File "/home/airflow/.local/lib/python3.8/site-packages/pandas/core/internals/base.py", line 70, in _validate_set_axis
    raise ValueError(
ValueError: Length mismatch: Expected axis has 0 elements, new values have 15 elements
[2024-07-23T17:54:17.793+0000] {taskinstance.py:1149} INFO - Marking task as FAILED. dag_id=stagingtodv, task_id=inventory, execution_date=20240722T000000, start_date=20240723T175416, end_date=20240723T175417
[2024-07-23T17:54:17.807+0000] {standard_task_runner.py:107} ERROR - Failed to execute job 6 for task inventory (Length mismatch: Expected axis has 0 elements, new values have 15 elements; 82)
[2024-07-23T17:54:17.854+0000] {local_task_job_runner.py:234} INFO - Task exited with return code 1
[2024-07-23T17:54:17.900+0000] {taskinstance.py:3312} INFO - 0 downstream tasks scheduled from follow-on schedule check
[2024-07-23T18:01:02.201+0000] {taskinstance.py:1979} INFO - Dependencies all met for dep_context=non-requeueable deps ti=<TaskInstance: stagingtodv.inventory scheduled__2024-07-22T00:00:00+00:00 [queued]>
[2024-07-23T18:01:02.227+0000] {taskinstance.py:1979} INFO - Dependencies all met for dep_context=requeueable deps ti=<TaskInstance: stagingtodv.inventory scheduled__2024-07-22T00:00:00+00:00 [queued]>
[2024-07-23T18:01:02.227+0000] {taskinstance.py:2193} INFO - Starting attempt 1 of 1
[2024-07-23T18:01:02.256+0000] {taskinstance.py:2217} INFO - Executing <Task(PythonOperator): inventory> on 2024-07-22 00:00:00+00:00
[2024-07-23T18:01:02.262+0000] {standard_task_runner.py:60} INFO - Started process 92 to run task
[2024-07-23T18:01:02.294+0000] {standard_task_runner.py:87} INFO - Running: ['***', 'tasks', 'run', 'stagingtodv', 'inventory', 'scheduled__2024-07-22T00:00:00+00:00', '--job-id', '13', '--raw', '--subdir', 'DAGS_FOLDER/dag.py', '--cfg-path', '/tmp/tmpzbr5c63d']
[2024-07-23T18:01:02.304+0000] {standard_task_runner.py:88} INFO - Job 13: Subtask inventory
[2024-07-23T18:01:02.436+0000] {task_command.py:423} INFO - Running <TaskInstance: stagingtodv.inventory scheduled__2024-07-22T00:00:00+00:00 [running]> on host 315a231b27e5
[2024-07-23T18:01:03.470+0000] {taskinstance.py:2513} INFO - Exporting env vars: AIRFLOW_CTX_DAG_OWNER='***' AIRFLOW_CTX_DAG_ID='stagingtodv' AIRFLOW_CTX_TASK_ID='inventory' AIRFLOW_CTX_EXECUTION_DATE='2024-07-22T00:00:00+00:00' AIRFLOW_CTX_TRY_NUMBER='1' AIRFLOW_CTX_DAG_RUN_ID='scheduled__2024-07-22T00:00:00+00:00'
[2024-07-23T18:01:03.474+0000] {logging_mixin.py:188} INFO - -------------------------------------------- select *  from etlconf.Etl_Process_Mapping where SourceTableName = 'inventory' and Stage = 'stagingtodv'
[2024-07-23T18:01:03.502+0000] {taskinstance.py:2731} ERROR - Task failed with exception
Traceback (most recent call last):
  File "/home/airflow/.local/lib/python3.8/site-packages/airflow/models/taskinstance.py", line 444, in _execute_task
    result = _execute_callable(context=context, **execute_callable_kwargs)
  File "/home/airflow/.local/lib/python3.8/site-packages/airflow/models/taskinstance.py", line 414, in _execute_callable
    return execute_callable(context=context, **execute_callable_kwargs)
  File "/home/airflow/.local/lib/python3.8/site-packages/airflow/operators/python.py", line 200, in execute
    return_value = self.execute_callable()
  File "/home/airflow/.local/lib/python3.8/site-packages/airflow/operators/python.py", line 217, in execute_callable
    return self.python_callable(*self.op_args, **self.op_kwargs)
  File "/opt/airflow/dags/dag.py", line 41, in process_table
    tabletype = get_data_from_conf_table(table,stage)['tabletype'].values[0]
  File "/opt/airflow/dags/dag.py", line 34, in get_data_from_conf_table
    df.columns = [desc[0] for desc in cur.description]
  File "/home/airflow/.local/lib/python3.8/site-packages/pandas/core/generic.py", line 6002, in __setattr__
    return object.__setattr__(self, name, value)
  File "pandas/_libs/properties.pyx", line 69, in pandas._libs.properties.AxisProperty.__set__
  File "/home/airflow/.local/lib/python3.8/site-packages/pandas/core/generic.py", line 730, in _set_axis
    self._mgr.set_axis(axis, labels)
  File "/home/airflow/.local/lib/python3.8/site-packages/pandas/core/internals/managers.py", line 225, in set_axis
    self._validate_set_axis(axis, new_labels)
  File "/home/airflow/.local/lib/python3.8/site-packages/pandas/core/internals/base.py", line 70, in _validate_set_axis
    raise ValueError(
ValueError: Length mismatch: Expected axis has 0 elements, new values have 15 elements
[2024-07-23T18:01:03.516+0000] {taskinstance.py:1149} INFO - Marking task as FAILED. dag_id=stagingtodv, task_id=inventory, execution_date=20240722T000000, start_date=20240723T180102, end_date=20240723T180103
[2024-07-23T18:01:03.561+0000] {standard_task_runner.py:107} ERROR - Failed to execute job 13 for task inventory (Length mismatch: Expected axis has 0 elements, new values have 15 elements; 92)
[2024-07-23T18:01:03.594+0000] {local_task_job_runner.py:234} INFO - Task exited with return code 1
[2024-07-23T18:01:03.637+0000] {taskinstance.py:3312} INFO - 0 downstream tasks scheduled from follow-on schedule check
[2024-07-23T18:04:01.307+0000] {taskinstance.py:1979} INFO - Dependencies all met for dep_context=non-requeueable deps ti=<TaskInstance: stagingtodv.inventory scheduled__2024-07-22T00:00:00+00:00 [queued]>
[2024-07-23T18:04:01.328+0000] {taskinstance.py:1979} INFO - Dependencies all met for dep_context=requeueable deps ti=<TaskInstance: stagingtodv.inventory scheduled__2024-07-22T00:00:00+00:00 [queued]>
[2024-07-23T18:04:01.329+0000] {taskinstance.py:2193} INFO - Starting attempt 1 of 1
[2024-07-23T18:04:01.349+0000] {taskinstance.py:2217} INFO - Executing <Task(PythonOperator): inventory> on 2024-07-22 00:00:00+00:00
[2024-07-23T18:04:01.368+0000] {standard_task_runner.py:60} INFO - Started process 103 to run task
[2024-07-23T18:04:01.370+0000] {standard_task_runner.py:87} INFO - Running: ['***', 'tasks', 'run', 'stagingtodv', 'inventory', 'scheduled__2024-07-22T00:00:00+00:00', '--job-id', '16', '--raw', '--subdir', 'DAGS_FOLDER/dag.py', '--cfg-path', '/tmp/tmpmmsbtf8v']
[2024-07-23T18:04:01.378+0000] {standard_task_runner.py:88} INFO - Job 16: Subtask inventory
[2024-07-23T18:04:01.475+0000] {task_command.py:423} INFO - Running <TaskInstance: stagingtodv.inventory scheduled__2024-07-22T00:00:00+00:00 [running]> on host e53715a5cddb
[2024-07-23T18:04:02.451+0000] {taskinstance.py:2513} INFO - Exporting env vars: AIRFLOW_CTX_DAG_OWNER='***' AIRFLOW_CTX_DAG_ID='stagingtodv' AIRFLOW_CTX_TASK_ID='inventory' AIRFLOW_CTX_EXECUTION_DATE='2024-07-22T00:00:00+00:00' AIRFLOW_CTX_TRY_NUMBER='1' AIRFLOW_CTX_DAG_RUN_ID='scheduled__2024-07-22T00:00:00+00:00'
[2024-07-23T18:04:02.454+0000] {logging_mixin.py:188} INFO - -------------------------------------------- select *  from etlconf.Etl_Process_Mapping where SourceTableName = 'inventory' and Stage = 'stagingtodv'
[2024-07-23T18:04:02.471+0000] {taskinstance.py:2731} ERROR - Task failed with exception
Traceback (most recent call last):
  File "/home/airflow/.local/lib/python3.8/site-packages/airflow/models/taskinstance.py", line 444, in _execute_task
    result = _execute_callable(context=context, **execute_callable_kwargs)
  File "/home/airflow/.local/lib/python3.8/site-packages/airflow/models/taskinstance.py", line 414, in _execute_callable
    return execute_callable(context=context, **execute_callable_kwargs)
  File "/home/airflow/.local/lib/python3.8/site-packages/airflow/operators/python.py", line 200, in execute
    return_value = self.execute_callable()
  File "/home/airflow/.local/lib/python3.8/site-packages/airflow/operators/python.py", line 217, in execute_callable
    return self.python_callable(*self.op_args, **self.op_kwargs)
  File "/opt/airflow/dags/dag.py", line 41, in process_table
    tabletype = get_data_from_conf_table(table,stage)['tabletype'].values[0]
  File "/opt/airflow/dags/dag.py", line 34, in get_data_from_conf_table
    df.columns = [desc[0] for desc in cur.description]
  File "/home/airflow/.local/lib/python3.8/site-packages/pandas/core/generic.py", line 6002, in __setattr__
    return object.__setattr__(self, name, value)
  File "pandas/_libs/properties.pyx", line 69, in pandas._libs.properties.AxisProperty.__set__
  File "/home/airflow/.local/lib/python3.8/site-packages/pandas/core/generic.py", line 730, in _set_axis
    self._mgr.set_axis(axis, labels)
  File "/home/airflow/.local/lib/python3.8/site-packages/pandas/core/internals/managers.py", line 225, in set_axis
    self._validate_set_axis(axis, new_labels)
  File "/home/airflow/.local/lib/python3.8/site-packages/pandas/core/internals/base.py", line 70, in _validate_set_axis
    raise ValueError(
ValueError: Length mismatch: Expected axis has 0 elements, new values have 15 elements
[2024-07-23T18:04:02.483+0000] {taskinstance.py:1149} INFO - Marking task as FAILED. dag_id=stagingtodv, task_id=inventory, execution_date=20240722T000000, start_date=20240723T180401, end_date=20240723T180402
[2024-07-23T18:04:02.499+0000] {standard_task_runner.py:107} ERROR - Failed to execute job 16 for task inventory (Length mismatch: Expected axis has 0 elements, new values have 15 elements; 103)
[2024-07-23T18:04:02.517+0000] {local_task_job_runner.py:234} INFO - Task exited with return code 1
[2024-07-23T18:04:02.542+0000] {taskinstance.py:3312} INFO - 0 downstream tasks scheduled from follow-on schedule check
[2024-07-23T18:06:48.025+0000] {taskinstance.py:1979} INFO - Dependencies all met for dep_context=non-requeueable deps ti=<TaskInstance: stagingtodv.inventory scheduled__2024-07-22T00:00:00+00:00 [queued]>
[2024-07-23T18:06:48.043+0000] {taskinstance.py:1979} INFO - Dependencies all met for dep_context=requeueable deps ti=<TaskInstance: stagingtodv.inventory scheduled__2024-07-22T00:00:00+00:00 [queued]>
[2024-07-23T18:06:48.051+0000] {taskinstance.py:2193} INFO - Starting attempt 1 of 1
[2024-07-23T18:06:48.067+0000] {taskinstance.py:2217} INFO - Executing <Task(PythonOperator): inventory> on 2024-07-22 00:00:00+00:00
[2024-07-23T18:06:48.074+0000] {standard_task_runner.py:60} INFO - Started process 91 to run task
[2024-07-23T18:06:48.103+0000] {standard_task_runner.py:87} INFO - Running: ['***', 'tasks', 'run', 'stagingtodv', 'inventory', 'scheduled__2024-07-22T00:00:00+00:00', '--job-id', '15', '--raw', '--subdir', 'DAGS_FOLDER/dag.py', '--cfg-path', '/tmp/tmpwjxegx2e']
[2024-07-23T18:06:48.114+0000] {standard_task_runner.py:88} INFO - Job 15: Subtask inventory
[2024-07-23T18:06:48.236+0000] {task_command.py:423} INFO - Running <TaskInstance: stagingtodv.inventory scheduled__2024-07-22T00:00:00+00:00 [running]> on host 4611c3991cbb
[2024-07-23T18:06:49.316+0000] {taskinstance.py:2513} INFO - Exporting env vars: AIRFLOW_CTX_DAG_OWNER='***' AIRFLOW_CTX_DAG_ID='stagingtodv' AIRFLOW_CTX_TASK_ID='inventory' AIRFLOW_CTX_EXECUTION_DATE='2024-07-22T00:00:00+00:00' AIRFLOW_CTX_TRY_NUMBER='1' AIRFLOW_CTX_DAG_RUN_ID='scheduled__2024-07-22T00:00:00+00:00'
[2024-07-23T18:06:49.318+0000] {logging_mixin.py:188} INFO - -------------------------------------------- select *  from etlconf.Etl_Process_Mapping where SourceTableName = 'inventory' and Stage = 'stagingtodv'
[2024-07-23T18:06:49.345+0000] {taskinstance.py:2731} ERROR - Task failed with exception
Traceback (most recent call last):
  File "/home/airflow/.local/lib/python3.8/site-packages/airflow/models/taskinstance.py", line 444, in _execute_task
    result = _execute_callable(context=context, **execute_callable_kwargs)
  File "/home/airflow/.local/lib/python3.8/site-packages/airflow/models/taskinstance.py", line 414, in _execute_callable
    return execute_callable(context=context, **execute_callable_kwargs)
  File "/home/airflow/.local/lib/python3.8/site-packages/airflow/operators/python.py", line 200, in execute
    return_value = self.execute_callable()
  File "/home/airflow/.local/lib/python3.8/site-packages/airflow/operators/python.py", line 217, in execute_callable
    return self.python_callable(*self.op_args, **self.op_kwargs)
  File "/opt/airflow/dags/dag.py", line 41, in process_table
    tabletype = get_data_from_conf_table(table,stage)['tabletype'].values[0]
  File "/opt/airflow/dags/dag.py", line 34, in get_data_from_conf_table
    df.columns = [desc[0] for desc in cur.description]
  File "/home/airflow/.local/lib/python3.8/site-packages/pandas/core/generic.py", line 6002, in __setattr__
    return object.__setattr__(self, name, value)
  File "pandas/_libs/properties.pyx", line 69, in pandas._libs.properties.AxisProperty.__set__
  File "/home/airflow/.local/lib/python3.8/site-packages/pandas/core/generic.py", line 730, in _set_axis
    self._mgr.set_axis(axis, labels)
  File "/home/airflow/.local/lib/python3.8/site-packages/pandas/core/internals/managers.py", line 225, in set_axis
    self._validate_set_axis(axis, new_labels)
  File "/home/airflow/.local/lib/python3.8/site-packages/pandas/core/internals/base.py", line 70, in _validate_set_axis
    raise ValueError(
ValueError: Length mismatch: Expected axis has 0 elements, new values have 15 elements
[2024-07-23T18:06:49.359+0000] {taskinstance.py:1149} INFO - Marking task as FAILED. dag_id=stagingtodv, task_id=inventory, execution_date=20240722T000000, start_date=20240723T180648, end_date=20240723T180649
[2024-07-23T18:06:49.368+0000] {standard_task_runner.py:107} ERROR - Failed to execute job 15 for task inventory (Length mismatch: Expected axis has 0 elements, new values have 15 elements; 91)
[2024-07-23T18:06:49.407+0000] {local_task_job_runner.py:234} INFO - Task exited with return code 1
[2024-07-23T18:06:49.430+0000] {taskinstance.py:3312} INFO - 0 downstream tasks scheduled from follow-on schedule check
[2024-07-23T18:29:37.619+0000] {taskinstance.py:1979} INFO - Dependencies all met for dep_context=non-requeueable deps ti=<TaskInstance: stagingtodv.inventory scheduled__2024-07-22T00:00:00+00:00 [queued]>
[2024-07-23T18:29:37.638+0000] {taskinstance.py:1979} INFO - Dependencies all met for dep_context=requeueable deps ti=<TaskInstance: stagingtodv.inventory scheduled__2024-07-22T00:00:00+00:00 [queued]>
[2024-07-23T18:29:37.639+0000] {taskinstance.py:2193} INFO - Starting attempt 1 of 1
[2024-07-23T18:29:37.668+0000] {taskinstance.py:2217} INFO - Executing <Task(PythonOperator): inventory> on 2024-07-22 00:00:00+00:00
[2024-07-23T18:29:37.680+0000] {standard_task_runner.py:60} INFO - Started process 99 to run task
[2024-07-23T18:29:37.691+0000] {standard_task_runner.py:87} INFO - Running: ['***', 'tasks', 'run', 'stagingtodv', 'inventory', 'scheduled__2024-07-22T00:00:00+00:00', '--job-id', '13', '--raw', '--subdir', 'DAGS_FOLDER/dag.py', '--cfg-path', '/tmp/tmp2laiycl0']
[2024-07-23T18:29:37.700+0000] {standard_task_runner.py:88} INFO - Job 13: Subtask inventory
[2024-07-23T18:29:37.823+0000] {task_command.py:423} INFO - Running <TaskInstance: stagingtodv.inventory scheduled__2024-07-22T00:00:00+00:00 [running]> on host c954f6e68ded
[2024-07-23T18:29:38.730+0000] {taskinstance.py:2513} INFO - Exporting env vars: AIRFLOW_CTX_DAG_OWNER='***' AIRFLOW_CTX_DAG_ID='stagingtodv' AIRFLOW_CTX_TASK_ID='inventory' AIRFLOW_CTX_EXECUTION_DATE='2024-07-22T00:00:00+00:00' AIRFLOW_CTX_TRY_NUMBER='1' AIRFLOW_CTX_DAG_RUN_ID='scheduled__2024-07-22T00:00:00+00:00'
[2024-07-23T18:29:38.734+0000] {logging_mixin.py:188} INFO - -------------------------------------------- select *  from etlconf.Etl_Process_Mapping where SourceTableName = 'inventory' and Stage = 'stagingtodv'
[2024-07-23T18:29:38.755+0000] {taskinstance.py:2731} ERROR - Task failed with exception
Traceback (most recent call last):
  File "/home/airflow/.local/lib/python3.8/site-packages/airflow/models/taskinstance.py", line 444, in _execute_task
    result = _execute_callable(context=context, **execute_callable_kwargs)
  File "/home/airflow/.local/lib/python3.8/site-packages/airflow/models/taskinstance.py", line 414, in _execute_callable
    return execute_callable(context=context, **execute_callable_kwargs)
  File "/home/airflow/.local/lib/python3.8/site-packages/airflow/operators/python.py", line 200, in execute
    return_value = self.execute_callable()
  File "/home/airflow/.local/lib/python3.8/site-packages/airflow/operators/python.py", line 217, in execute_callable
    return self.python_callable(*self.op_args, **self.op_kwargs)
  File "/opt/airflow/dags/dag.py", line 41, in process_table
    tabletype = get_data_from_conf_table(table,stage)['tabletype'].values[0]
  File "/opt/airflow/dags/dag.py", line 34, in get_data_from_conf_table
    df.columns = [desc[0] for desc in cur.description]
  File "/home/airflow/.local/lib/python3.8/site-packages/pandas/core/generic.py", line 6002, in __setattr__
    return object.__setattr__(self, name, value)
  File "pandas/_libs/properties.pyx", line 69, in pandas._libs.properties.AxisProperty.__set__
  File "/home/airflow/.local/lib/python3.8/site-packages/pandas/core/generic.py", line 730, in _set_axis
    self._mgr.set_axis(axis, labels)
  File "/home/airflow/.local/lib/python3.8/site-packages/pandas/core/internals/managers.py", line 225, in set_axis
    self._validate_set_axis(axis, new_labels)
  File "/home/airflow/.local/lib/python3.8/site-packages/pandas/core/internals/base.py", line 70, in _validate_set_axis
    raise ValueError(
ValueError: Length mismatch: Expected axis has 0 elements, new values have 15 elements
[2024-07-23T18:29:38.773+0000] {taskinstance.py:1149} INFO - Marking task as FAILED. dag_id=stagingtodv, task_id=inventory, execution_date=20240722T000000, start_date=20240723T182937, end_date=20240723T182938
[2024-07-23T18:29:38.779+0000] {standard_task_runner.py:107} ERROR - Failed to execute job 13 for task inventory (Length mismatch: Expected axis has 0 elements, new values have 15 elements; 99)
[2024-07-23T18:29:38.803+0000] {local_task_job_runner.py:234} INFO - Task exited with return code 1
[2024-07-23T18:29:38.852+0000] {taskinstance.py:3312} INFO - 0 downstream tasks scheduled from follow-on schedule check
[2024-07-23T19:03:40.488+0000] {taskinstance.py:1979} INFO - Dependencies all met for dep_context=non-requeueable deps ti=<TaskInstance: stagingtodv.inventory scheduled__2024-07-22T00:00:00+00:00 [queued]>
[2024-07-23T19:03:40.505+0000] {taskinstance.py:1979} INFO - Dependencies all met for dep_context=requeueable deps ti=<TaskInstance: stagingtodv.inventory scheduled__2024-07-22T00:00:00+00:00 [queued]>
[2024-07-23T19:03:40.508+0000] {taskinstance.py:2193} INFO - Starting attempt 1 of 1
[2024-07-23T19:03:40.526+0000] {taskinstance.py:2217} INFO - Executing <Task(PythonOperator): inventory> on 2024-07-22 00:00:00+00:00
[2024-07-23T19:03:40.537+0000] {standard_task_runner.py:60} INFO - Started process 90 to run task
[2024-07-23T19:03:40.549+0000] {standard_task_runner.py:87} INFO - Running: ['***', 'tasks', 'run', 'stagingtodv', 'inventory', 'scheduled__2024-07-22T00:00:00+00:00', '--job-id', '10', '--raw', '--subdir', 'DAGS_FOLDER/dag.py', '--cfg-path', '/tmp/tmpxyi3x28u']
[2024-07-23T19:03:40.560+0000] {standard_task_runner.py:88} INFO - Job 10: Subtask inventory
[2024-07-23T19:03:40.702+0000] {task_command.py:423} INFO - Running <TaskInstance: stagingtodv.inventory scheduled__2024-07-22T00:00:00+00:00 [running]> on host fc8d45b704f5
[2024-07-23T19:03:41.616+0000] {taskinstance.py:2513} INFO - Exporting env vars: AIRFLOW_CTX_DAG_OWNER='***' AIRFLOW_CTX_DAG_ID='stagingtodv' AIRFLOW_CTX_TASK_ID='inventory' AIRFLOW_CTX_EXECUTION_DATE='2024-07-22T00:00:00+00:00' AIRFLOW_CTX_TRY_NUMBER='1' AIRFLOW_CTX_DAG_RUN_ID='scheduled__2024-07-22T00:00:00+00:00'
[2024-07-23T19:03:41.617+0000] {logging_mixin.py:188} INFO - -------------------------------------------- select *  from etlconf.Etl_Process_Mapping where SourceTableName = 'inventory' and Stage = 'stagingtodv'
[2024-07-23T19:03:41.732+0000] {taskinstance.py:2731} ERROR - Task failed with exception
Traceback (most recent call last):
  File "/home/airflow/.local/lib/python3.8/site-packages/airflow/models/taskinstance.py", line 444, in _execute_task
    result = _execute_callable(context=context, **execute_callable_kwargs)
  File "/home/airflow/.local/lib/python3.8/site-packages/airflow/models/taskinstance.py", line 414, in _execute_callable
    return execute_callable(context=context, **execute_callable_kwargs)
  File "/home/airflow/.local/lib/python3.8/site-packages/airflow/operators/python.py", line 200, in execute
    return_value = self.execute_callable()
  File "/home/airflow/.local/lib/python3.8/site-packages/airflow/operators/python.py", line 217, in execute_callable
    return self.python_callable(*self.op_args, **self.op_kwargs)
  File "/opt/airflow/dags/dag.py", line 45, in process_table
    return  execute(table, stage, tabletype)
  File "/app/main.py", line 37, in execute
    StagingToDV().create_SCD().some_function(table, stage)
  File "/app/concretestage/StagingToDV.py", line 128, in some_function
    targetDF = getDF(DestDBName, DestTableName,DestSchema)
  File "/app/myFramework/utils/utils.py", line 28, in getDF
    cur.execute(query)
psycopg2.errors.UndefinedTable: relation "dvdrental.inventory" does not exist
LINE 1: select T.* from dbdv.dvdrental.inventory T
                        ^

[2024-07-23T19:03:41.741+0000] {taskinstance.py:1149} INFO - Marking task as FAILED. dag_id=stagingtodv, task_id=inventory, execution_date=20240722T000000, start_date=20240723T190340, end_date=20240723T190341
[2024-07-23T19:03:41.777+0000] {standard_task_runner.py:107} ERROR - Failed to execute job 10 for task inventory (relation "dvdrental.inventory" does not exist
LINE 1: select T.* from dbdv.dvdrental.inventory T
                        ^
; 90)
[2024-07-23T19:03:41.807+0000] {local_task_job_runner.py:234} INFO - Task exited with return code 1
[2024-07-23T19:03:41.818+0000] {taskinstance.py:3312} INFO - 0 downstream tasks scheduled from follow-on schedule check
[2024-07-23T19:14:05.154+0000] {taskinstance.py:1979} INFO - Dependencies all met for dep_context=non-requeueable deps ti=<TaskInstance: stagingtodv.inventory scheduled__2024-07-22T00:00:00+00:00 [queued]>
[2024-07-23T19:14:05.165+0000] {taskinstance.py:1979} INFO - Dependencies all met for dep_context=requeueable deps ti=<TaskInstance: stagingtodv.inventory scheduled__2024-07-22T00:00:00+00:00 [queued]>
[2024-07-23T19:14:05.171+0000] {taskinstance.py:2193} INFO - Starting attempt 1 of 1
[2024-07-23T19:14:05.208+0000] {taskinstance.py:2217} INFO - Executing <Task(PythonOperator): inventory> on 2024-07-22 00:00:00+00:00
[2024-07-23T19:14:05.226+0000] {standard_task_runner.py:60} INFO - Started process 109 to run task
[2024-07-23T19:14:05.238+0000] {standard_task_runner.py:87} INFO - Running: ['***', 'tasks', 'run', 'stagingtodv', 'inventory', 'scheduled__2024-07-22T00:00:00+00:00', '--job-id', '17', '--raw', '--subdir', 'DAGS_FOLDER/dag.py', '--cfg-path', '/tmp/tmpq9ynvsbd']
[2024-07-23T19:14:05.250+0000] {standard_task_runner.py:88} INFO - Job 17: Subtask inventory
[2024-07-23T19:14:05.390+0000] {task_command.py:423} INFO - Running <TaskInstance: stagingtodv.inventory scheduled__2024-07-22T00:00:00+00:00 [running]> on host 232d821b4a3b
[2024-07-23T19:14:06.375+0000] {taskinstance.py:2513} INFO - Exporting env vars: AIRFLOW_CTX_DAG_OWNER='***' AIRFLOW_CTX_DAG_ID='stagingtodv' AIRFLOW_CTX_TASK_ID='inventory' AIRFLOW_CTX_EXECUTION_DATE='2024-07-22T00:00:00+00:00' AIRFLOW_CTX_TRY_NUMBER='1' AIRFLOW_CTX_DAG_RUN_ID='scheduled__2024-07-22T00:00:00+00:00'
[2024-07-23T19:14:06.391+0000] {logging_mixin.py:188} INFO - -------------------------------------------- select *  from etlconf.Etl_Process_Mapping where SourceTableName = 'inventory' and Stage = 'stagingtodv'
[2024-07-23T19:14:06.566+0000] {warnings.py:109} WARNING - /app/myFramework/utils/utils.py:94: SettingWithCopyWarning: 
A value is trying to be set on a copy of a slice from a DataFrame.
Try using .loc[row_indexer,col_indexer] = value instead

See the caveats in the documentation: https://pandas.pydata.org/pandas-docs/stable/user_guide/indexing.html#returning-a-view-versus-a-copy
  new_df["start_ts"] = pd.to_datetime("today")

[2024-07-23T19:14:06.576+0000] {warnings.py:109} WARNING - /app/myFramework/utils/utils.py:109: SettingWithCopyWarning: 
A value is trying to be set on a copy of a slice from a DataFrame.
Try using .loc[row_indexer,col_indexer] = value instead

See the caveats in the documentation: https://pandas.pydata.org/pandas-docs/stable/user_guide/indexing.html#returning-a-view-versus-a-copy
  diff_in_old_df_df["start_ts"] = pd.to_datetime("today")

[2024-07-23T19:14:06.626+0000] {python.py:202} INFO - Done. Returned value was: None
[2024-07-23T19:14:06.635+0000] {taskinstance.py:1149} INFO - Marking task as SUCCESS. dag_id=stagingtodv, task_id=inventory, execution_date=20240722T000000, start_date=20240723T191405, end_date=20240723T191406
[2024-07-23T19:14:06.678+0000] {local_task_job_runner.py:234} INFO - Task exited with return code 0
[2024-07-23T19:14:06.691+0000] {taskinstance.py:3312} INFO - 0 downstream tasks scheduled from follow-on schedule check
[2024-07-23T19:16:53.807+0000] {taskinstance.py:1979} INFO - Dependencies all met for dep_context=non-requeueable deps ti=<TaskInstance: stagingtodv.inventory scheduled__2024-07-22T00:00:00+00:00 [queued]>
[2024-07-23T19:16:53.819+0000] {taskinstance.py:1979} INFO - Dependencies all met for dep_context=requeueable deps ti=<TaskInstance: stagingtodv.inventory scheduled__2024-07-22T00:00:00+00:00 [queued]>
[2024-07-23T19:16:53.825+0000] {taskinstance.py:2193} INFO - Starting attempt 1 of 1
[2024-07-23T19:16:53.858+0000] {taskinstance.py:2217} INFO - Executing <Task(PythonOperator): inventory> on 2024-07-22 00:00:00+00:00
[2024-07-23T19:16:53.873+0000] {standard_task_runner.py:60} INFO - Started process 101 to run task
[2024-07-23T19:16:53.880+0000] {standard_task_runner.py:87} INFO - Running: ['***', 'tasks', 'run', 'stagingtodv', 'inventory', 'scheduled__2024-07-22T00:00:00+00:00', '--job-id', '10', '--raw', '--subdir', 'DAGS_FOLDER/dag.py', '--cfg-path', '/tmp/tmpyimx2qmt']
[2024-07-23T19:16:53.896+0000] {standard_task_runner.py:88} INFO - Job 10: Subtask inventory
[2024-07-23T19:16:54.109+0000] {task_command.py:423} INFO - Running <TaskInstance: stagingtodv.inventory scheduled__2024-07-22T00:00:00+00:00 [running]> on host edd08a02182b
[2024-07-23T19:16:55.287+0000] {taskinstance.py:2513} INFO - Exporting env vars: AIRFLOW_CTX_DAG_OWNER='***' AIRFLOW_CTX_DAG_ID='stagingtodv' AIRFLOW_CTX_TASK_ID='inventory' AIRFLOW_CTX_EXECUTION_DATE='2024-07-22T00:00:00+00:00' AIRFLOW_CTX_TRY_NUMBER='1' AIRFLOW_CTX_DAG_RUN_ID='scheduled__2024-07-22T00:00:00+00:00'
[2024-07-23T19:16:55.290+0000] {logging_mixin.py:188} INFO - -------------------------------------------- select *  from etlconf.Etl_Process_Mapping where SourceTableName = 'inventory' and Stage = 'stagingtodv'
[2024-07-23T19:16:55.378+0000] {warnings.py:109} WARNING - /app/myFramework/utils/utils.py:94: SettingWithCopyWarning: 
A value is trying to be set on a copy of a slice from a DataFrame.
Try using .loc[row_indexer,col_indexer] = value instead

See the caveats in the documentation: https://pandas.pydata.org/pandas-docs/stable/user_guide/indexing.html#returning-a-view-versus-a-copy
  new_df["start_ts"] = pd.to_datetime("today")

[2024-07-23T19:16:55.385+0000] {warnings.py:109} WARNING - /app/myFramework/utils/utils.py:109: SettingWithCopyWarning: 
A value is trying to be set on a copy of a slice from a DataFrame.
Try using .loc[row_indexer,col_indexer] = value instead

See the caveats in the documentation: https://pandas.pydata.org/pandas-docs/stable/user_guide/indexing.html#returning-a-view-versus-a-copy
  diff_in_old_df_df["start_ts"] = pd.to_datetime("today")

[2024-07-23T19:16:55.668+0000] {python.py:202} INFO - Done. Returned value was: None
[2024-07-23T19:16:55.676+0000] {taskinstance.py:1149} INFO - Marking task as SUCCESS. dag_id=stagingtodv, task_id=inventory, execution_date=20240722T000000, start_date=20240723T191653, end_date=20240723T191655
[2024-07-23T19:16:55.745+0000] {local_task_job_runner.py:234} INFO - Task exited with return code 0
[2024-07-23T19:16:55.761+0000] {taskinstance.py:3312} INFO - 0 downstream tasks scheduled from follow-on schedule check
[2024-07-23T19:24:54.908+0000] {taskinstance.py:1979} INFO - Dependencies all met for dep_context=non-requeueable deps ti=<TaskInstance: stagingtodv.inventory scheduled__2024-07-22T00:00:00+00:00 [queued]>
[2024-07-23T19:24:54.919+0000] {taskinstance.py:1979} INFO - Dependencies all met for dep_context=requeueable deps ti=<TaskInstance: stagingtodv.inventory scheduled__2024-07-22T00:00:00+00:00 [queued]>
[2024-07-23T19:24:54.920+0000] {taskinstance.py:2193} INFO - Starting attempt 1 of 1
[2024-07-23T19:24:54.945+0000] {taskinstance.py:2217} INFO - Executing <Task(PythonOperator): inventory> on 2024-07-22 00:00:00+00:00
[2024-07-23T19:24:54.967+0000] {standard_task_runner.py:60} INFO - Started process 101 to run task
[2024-07-23T19:24:54.971+0000] {standard_task_runner.py:87} INFO - Running: ['***', 'tasks', 'run', 'stagingtodv', 'inventory', 'scheduled__2024-07-22T00:00:00+00:00', '--job-id', '16', '--raw', '--subdir', 'DAGS_FOLDER/dag.py', '--cfg-path', '/tmp/tmp0qt2erfx']
[2024-07-23T19:24:54.982+0000] {standard_task_runner.py:88} INFO - Job 16: Subtask inventory
[2024-07-23T19:24:55.182+0000] {task_command.py:423} INFO - Running <TaskInstance: stagingtodv.inventory scheduled__2024-07-22T00:00:00+00:00 [running]> on host b19a9c320dfd
[2024-07-23T19:24:56.157+0000] {taskinstance.py:2513} INFO - Exporting env vars: AIRFLOW_CTX_DAG_OWNER='***' AIRFLOW_CTX_DAG_ID='stagingtodv' AIRFLOW_CTX_TASK_ID='inventory' AIRFLOW_CTX_EXECUTION_DATE='2024-07-22T00:00:00+00:00' AIRFLOW_CTX_TRY_NUMBER='1' AIRFLOW_CTX_DAG_RUN_ID='scheduled__2024-07-22T00:00:00+00:00'
[2024-07-23T19:24:56.171+0000] {logging_mixin.py:188} INFO - -------------------------------------------- select *  from etlconf.Etl_Process_Mapping where SourceTableName = 'inventory' and Stage = 'stagingtodv'
[2024-07-23T19:24:56.735+0000] {python.py:202} INFO - Done. Returned value was: None
[2024-07-23T19:24:56.748+0000] {taskinstance.py:1149} INFO - Marking task as SUCCESS. dag_id=stagingtodv, task_id=inventory, execution_date=20240722T000000, start_date=20240723T192454, end_date=20240723T192456
[2024-07-23T19:24:56.791+0000] {local_task_job_runner.py:234} INFO - Task exited with return code 0
[2024-07-23T19:24:56.807+0000] {taskinstance.py:3312} INFO - 0 downstream tasks scheduled from follow-on schedule check
