[2024-07-25T18:18:56.245+0000] {taskinstance.py:1979} INFO - Dependencies all met for dep_context=non-requeueable deps ti=<TaskInstance: stagingtodv.film_category scheduled__2024-07-24T00:00:00+00:00 [queued]>
[2024-07-25T18:18:56.277+0000] {taskinstance.py:1979} INFO - Dependencies all met for dep_context=requeueable deps ti=<TaskInstance: stagingtodv.film_category scheduled__2024-07-24T00:00:00+00:00 [queued]>
[2024-07-25T18:18:56.280+0000] {taskinstance.py:2193} INFO - Starting attempt 1 of 1
[2024-07-25T18:18:56.327+0000] {taskinstance.py:2217} INFO - Executing <Task(PythonOperator): film_category> on 2024-07-24 00:00:00+00:00
[2024-07-25T18:18:56.348+0000] {standard_task_runner.py:60} INFO - Started process 123 to run task
[2024-07-25T18:18:56.355+0000] {standard_task_runner.py:87} INFO - Running: ['***', 'tasks', 'run', 'stagingtodv', 'film_category', 'scheduled__2024-07-24T00:00:00+00:00', '--job-id', '48', '--raw', '--subdir', 'DAGS_FOLDER/dag.py', '--cfg-path', '/tmp/tmpa8snqovb']
[2024-07-25T18:18:56.366+0000] {standard_task_runner.py:88} INFO - Job 48: Subtask film_category
[2024-07-25T18:18:56.577+0000] {task_command.py:423} INFO - Running <TaskInstance: stagingtodv.film_category scheduled__2024-07-24T00:00:00+00:00 [running]> on host 7dd317f3ab25
[2024-07-25T18:18:56.849+0000] {taskinstance.py:2513} INFO - Exporting env vars: AIRFLOW_CTX_DAG_OWNER='***' AIRFLOW_CTX_DAG_ID='stagingtodv' AIRFLOW_CTX_TASK_ID='film_category' AIRFLOW_CTX_EXECUTION_DATE='2024-07-24T00:00:00+00:00' AIRFLOW_CTX_TRY_NUMBER='1' AIRFLOW_CTX_DAG_RUN_ID='scheduled__2024-07-24T00:00:00+00:00'
[2024-07-25T18:18:56.855+0000] {logging_mixin.py:188} INFO - -------------------------------------------- select *  from etlconf.Etl_Process_Mapping where SourceTableName = 'film_category' and Stage = 'stagingtodv'
[2024-07-25T18:18:58.167+0000] {logging_mixin.py:188} INFO - SurogateKey film_id category_id
[2024-07-25T18:18:58.552+0000] {logging_mixin.py:188} INFO - update etlconf.Etl_Process_Mapping T set last_run_date = current_timestamp where destdbname='dbdv' and destschema='dvdrental' and desttablename='film_category';
[2024-07-25T18:18:58.635+0000] {python.py:202} INFO - Done. Returned value was: None
[2024-07-25T18:18:58.648+0000] {taskinstance.py:1149} INFO - Marking task as SUCCESS. dag_id=stagingtodv, task_id=film_category, execution_date=20240724T000000, start_date=20240725T181856, end_date=20240725T181858
[2024-07-25T18:18:58.710+0000] {local_task_job_runner.py:234} INFO - Task exited with return code 0
[2024-07-25T18:18:58.751+0000] {taskinstance.py:3312} INFO - 0 downstream tasks scheduled from follow-on schedule check
[2024-07-25T18:23:25.853+0000] {taskinstance.py:1979} INFO - Dependencies all met for dep_context=non-requeueable deps ti=<TaskInstance: stagingtodv.film_category scheduled__2024-07-24T00:00:00+00:00 [queued]>
[2024-07-25T18:23:25.903+0000] {taskinstance.py:1979} INFO - Dependencies all met for dep_context=requeueable deps ti=<TaskInstance: stagingtodv.film_category scheduled__2024-07-24T00:00:00+00:00 [queued]>
[2024-07-25T18:23:25.915+0000] {taskinstance.py:2193} INFO - Starting attempt 1 of 1
[2024-07-25T18:23:25.970+0000] {taskinstance.py:2217} INFO - Executing <Task(PythonOperator): film_category> on 2024-07-24 00:00:00+00:00
[2024-07-25T18:23:25.984+0000] {standard_task_runner.py:60} INFO - Started process 124 to run task
[2024-07-25T18:23:26.007+0000] {standard_task_runner.py:87} INFO - Running: ['***', 'tasks', 'run', 'stagingtodv', 'film_category', 'scheduled__2024-07-24T00:00:00+00:00', '--job-id', '8', '--raw', '--subdir', 'DAGS_FOLDER/dag.py', '--cfg-path', '/tmp/tmpg2l0lk5c']
[2024-07-25T18:23:26.028+0000] {standard_task_runner.py:88} INFO - Job 8: Subtask film_category
[2024-07-25T18:23:26.206+0000] {task_command.py:423} INFO - Running <TaskInstance: stagingtodv.film_category scheduled__2024-07-24T00:00:00+00:00 [running]> on host a4fb48be9e83
[2024-07-25T18:23:27.575+0000] {taskinstance.py:2513} INFO - Exporting env vars: AIRFLOW_CTX_DAG_OWNER='***' AIRFLOW_CTX_DAG_ID='stagingtodv' AIRFLOW_CTX_TASK_ID='film_category' AIRFLOW_CTX_EXECUTION_DATE='2024-07-24T00:00:00+00:00' AIRFLOW_CTX_TRY_NUMBER='1' AIRFLOW_CTX_DAG_RUN_ID='scheduled__2024-07-24T00:00:00+00:00'
[2024-07-25T18:23:27.591+0000] {logging_mixin.py:188} INFO - -------------------------------------------- select *  from etlconf.Etl_Process_Mapping where SourceTableName = 'film_category' and Stage = 'stagingtodv'
[2024-07-25T18:23:27.796+0000] {logging_mixin.py:188} INFO - SurogateKey film_id category_id
[2024-07-25T18:23:28.284+0000] {logging_mixin.py:188} INFO - update etlconf.Etl_Process_Mapping T set last_run_date = current_timestamp where destdbname='dbdv' and destschema='dvdrental' and desttablename='film_category';
[2024-07-25T18:23:28.366+0000] {python.py:202} INFO - Done. Returned value was: None
[2024-07-25T18:23:28.379+0000] {taskinstance.py:1149} INFO - Marking task as SUCCESS. dag_id=stagingtodv, task_id=film_category, execution_date=20240724T000000, start_date=20240725T182325, end_date=20240725T182328
[2024-07-25T18:23:28.496+0000] {local_task_job_runner.py:234} INFO - Task exited with return code 0
[2024-07-25T18:23:28.544+0000] {taskinstance.py:3312} INFO - 0 downstream tasks scheduled from follow-on schedule check
[2024-07-25T18:26:46.772+0000] {taskinstance.py:1979} INFO - Dependencies all met for dep_context=non-requeueable deps ti=<TaskInstance: stagingtodv.film_category scheduled__2024-07-24T00:00:00+00:00 [queued]>
[2024-07-25T18:26:46.800+0000] {taskinstance.py:1979} INFO - Dependencies all met for dep_context=requeueable deps ti=<TaskInstance: stagingtodv.film_category scheduled__2024-07-24T00:00:00+00:00 [queued]>
[2024-07-25T18:26:46.808+0000] {taskinstance.py:2193} INFO - Starting attempt 1 of 1
[2024-07-25T18:26:46.842+0000] {taskinstance.py:2217} INFO - Executing <Task(PythonOperator): film_category> on 2024-07-24 00:00:00+00:00
[2024-07-25T18:26:46.854+0000] {standard_task_runner.py:60} INFO - Started process 96 to run task
[2024-07-25T18:26:46.876+0000] {standard_task_runner.py:87} INFO - Running: ['***', 'tasks', 'run', 'stagingtodv', 'film_category', 'scheduled__2024-07-24T00:00:00+00:00', '--job-id', '8', '--raw', '--subdir', 'DAGS_FOLDER/dag.py', '--cfg-path', '/tmp/tmps07ibkaq']
[2024-07-25T18:26:46.901+0000] {standard_task_runner.py:88} INFO - Job 8: Subtask film_category
[2024-07-25T18:26:47.042+0000] {task_command.py:423} INFO - Running <TaskInstance: stagingtodv.film_category scheduled__2024-07-24T00:00:00+00:00 [running]> on host 92d017e1ac63
[2024-07-25T18:26:48.111+0000] {taskinstance.py:2513} INFO - Exporting env vars: AIRFLOW_CTX_DAG_OWNER='***' AIRFLOW_CTX_DAG_ID='stagingtodv' AIRFLOW_CTX_TASK_ID='film_category' AIRFLOW_CTX_EXECUTION_DATE='2024-07-24T00:00:00+00:00' AIRFLOW_CTX_TRY_NUMBER='1' AIRFLOW_CTX_DAG_RUN_ID='scheduled__2024-07-24T00:00:00+00:00'
[2024-07-25T18:26:48.131+0000] {logging_mixin.py:188} INFO - -------------------------------------------- select *  from etlconf.Etl_Process_Mapping where SourceTableName = 'film_category' and Stage = 'stagingtodv'
[2024-07-25T18:26:48.285+0000] {logging_mixin.py:188} INFO - SurogateKey film_id category_id
[2024-07-25T18:26:48.770+0000] {logging_mixin.py:188} INFO - update etlconf.Etl_Process_Mapping T set last_run_date = current_timestamp where destdbname='dbdv' and destschema='dvdrental' and desttablename='film_category';
[2024-07-25T18:26:48.823+0000] {python.py:202} INFO - Done. Returned value was: None
[2024-07-25T18:26:48.833+0000] {taskinstance.py:1149} INFO - Marking task as SUCCESS. dag_id=stagingtodv, task_id=film_category, execution_date=20240724T000000, start_date=20240725T182646, end_date=20240725T182648
[2024-07-25T18:26:48.894+0000] {local_task_job_runner.py:234} INFO - Task exited with return code 0
[2024-07-25T18:26:48.935+0000] {taskinstance.py:3312} INFO - 0 downstream tasks scheduled from follow-on schedule check
