[2024-07-16T18:38:01.377+0000] {taskinstance.py:1979} INFO - Dependencies all met for dep_context=non-requeueable deps ti=<TaskInstance: sqltostaging.inventory manual__2024-07-16T18:37:58.179808+00:00 [queued]>
[2024-07-16T18:38:01.417+0000] {taskinstance.py:1979} INFO - Dependencies all met for dep_context=requeueable deps ti=<TaskInstance: sqltostaging.inventory manual__2024-07-16T18:37:58.179808+00:00 [queued]>
[2024-07-16T18:38:01.433+0000] {taskinstance.py:2193} INFO - Starting attempt 1 of 1
[2024-07-16T18:38:01.502+0000] {taskinstance.py:2217} INFO - Executing <Task(PythonOperator): inventory> on 2024-07-16 18:37:58.179808+00:00
[2024-07-16T18:38:01.566+0000] {standard_task_runner.py:60} INFO - Started process 302 to run task
[2024-07-16T18:38:01.578+0000] {standard_task_runner.py:87} INFO - Running: ['***', 'tasks', 'run', 'sqltostaging', 'inventory', 'manual__2024-07-16T18:37:58.179808+00:00', '--job-id', '50', '--raw', '--subdir', 'DAGS_FOLDER/dag.py', '--cfg-path', '/tmp/tmpcr8qqmml']
[2024-07-16T18:38:01.590+0000] {standard_task_runner.py:88} INFO - Job 50: Subtask inventory
[2024-07-16T18:38:01.716+0000] {task_command.py:423} INFO - Running <TaskInstance: sqltostaging.inventory manual__2024-07-16T18:37:58.179808+00:00 [running]> on host b7021158e377
[2024-07-16T18:38:01.975+0000] {taskinstance.py:2513} INFO - Exporting env vars: AIRFLOW_CTX_DAG_OWNER='***' AIRFLOW_CTX_DAG_ID='sqltostaging' AIRFLOW_CTX_TASK_ID='inventory' AIRFLOW_CTX_EXECUTION_DATE='2024-07-16T18:37:58.179808+00:00' AIRFLOW_CTX_TRY_NUMBER='1' AIRFLOW_CTX_DAG_RUN_ID='manual__2024-07-16T18:37:58.179808+00:00'
[2024-07-16T18:38:01.989+0000] {logging_mixin.py:188} INFO - -------------------------------------------- select *  from etlconf.Etl_Process_Mapping where SourceTableName = 'inventory' and Stage = 'sqltostaging'
[2024-07-16T18:38:02.219+0000] {logging_mixin.py:188} INFO - select *  from etlconf.Etl_Process_Mapping where SourceTableName = 'inventory' and Stage = 'sqltostaging'
[2024-07-16T18:38:02.770+0000] {logging_mixin.py:188} INFO -    id sourcetablename  ...         stage              last_run_date
0  10       inventory  ...  sqltostaging 2024-07-16 17:43:04.029614

[1 rows x 15 columns]
[2024-07-16T18:38:02.864+0000] {taskinstance.py:2731} ERROR - Task failed with exception
Traceback (most recent call last):
  File "/home/airflow/.local/lib/python3.8/site-packages/airflow/models/taskinstance.py", line 444, in _execute_task
    result = _execute_callable(context=context, **execute_callable_kwargs)
  File "/home/airflow/.local/lib/python3.8/site-packages/airflow/models/taskinstance.py", line 414, in _execute_callable
    return execute_callable(context=context, **execute_callable_kwargs)
  File "/home/airflow/.local/lib/python3.8/site-packages/airflow/operators/python.py", line 200, in execute
    return_value = self.execute_callable()
  File "/home/airflow/.local/lib/python3.8/site-packages/airflow/operators/python.py", line 217, in execute_callable
    return self.python_callable(*self.op_args, **self.op_kwargs)
  File "/opt/airflow/dags/dag.py", line 45, in process_table
    return  execute(table, stage, tabletype)
  File "/app/main.py", line 26, in execute
    SqlToStaging().create_full().some_function(table, stage)
  File "/app/concretestage/SQLToStaging.py", line 38, in some_function
    sourceDF = getDF(sourcedbname,sourcetablename , sourceschema)
  File "/app/myFramework/utils/utils.py", line 29, in getDF
    cur.execute(query)
psycopg2.errors.FeatureNotSupported: cross-database references are not implemented: "dbstaging.public.dada"
LINE 1: select T.* from dbstaging.public.dada T
                        ^

[2024-07-16T18:38:02.893+0000] {taskinstance.py:1149} INFO - Marking task as FAILED. dag_id=sqltostaging, task_id=inventory, execution_date=20240716T183758, start_date=20240716T183801, end_date=20240716T183802
[2024-07-16T18:38:02.930+0000] {standard_task_runner.py:107} ERROR - Failed to execute job 50 for task inventory (cross-database references are not implemented: "dbstaging.public.dada"
LINE 1: select T.* from dbstaging.public.dada T
                        ^
; 302)
[2024-07-16T18:38:03.035+0000] {local_task_job_runner.py:234} INFO - Task exited with return code 1
[2024-07-16T18:38:03.060+0000] {taskinstance.py:3312} INFO - 0 downstream tasks scheduled from follow-on schedule check
