[2024-07-10T17:48:25.406+0000] {processor.py:161} INFO - Started process (PID=36) to work on /opt/airflow/dags/todv.py
[2024-07-10T17:48:25.410+0000] {processor.py:830} INFO - Processing file /opt/airflow/dags/todv.py for tasks to queue
[2024-07-10T17:48:25.413+0000] {logging_mixin.py:188} INFO - [2024-07-10T17:48:25.412+0000] {dagbag.py:540} INFO - Filling up the DagBag from /opt/airflow/dags/todv.py
[2024-07-10T17:48:25.420+0000] {processor.py:842} WARNING - No viable dags retrieved from /opt/airflow/dags/todv.py
[2024-07-10T17:48:25.444+0000] {processor.py:183} INFO - Processing /opt/airflow/dags/todv.py took 0.041 seconds
[2024-07-10T17:48:56.354+0000] {processor.py:161} INFO - Started process (PID=48) to work on /opt/airflow/dags/todv.py
[2024-07-10T17:48:56.355+0000] {processor.py:830} INFO - Processing file /opt/airflow/dags/todv.py for tasks to queue
[2024-07-10T17:48:56.356+0000] {logging_mixin.py:188} INFO - [2024-07-10T17:48:56.356+0000] {dagbag.py:540} INFO - Filling up the DagBag from /opt/airflow/dags/todv.py
[2024-07-10T17:48:56.359+0000] {processor.py:842} WARNING - No viable dags retrieved from /opt/airflow/dags/todv.py
[2024-07-10T17:48:56.368+0000] {processor.py:183} INFO - Processing /opt/airflow/dags/todv.py took 0.017 seconds
[2024-07-10T17:49:26.868+0000] {processor.py:161} INFO - Started process (PID=60) to work on /opt/airflow/dags/todv.py
[2024-07-10T17:49:26.869+0000] {processor.py:830} INFO - Processing file /opt/airflow/dags/todv.py for tasks to queue
[2024-07-10T17:49:26.870+0000] {logging_mixin.py:188} INFO - [2024-07-10T17:49:26.870+0000] {dagbag.py:540} INFO - Filling up the DagBag from /opt/airflow/dags/todv.py
[2024-07-10T17:49:26.873+0000] {processor.py:842} WARNING - No viable dags retrieved from /opt/airflow/dags/todv.py
[2024-07-10T17:49:26.882+0000] {processor.py:183} INFO - Processing /opt/airflow/dags/todv.py took 0.016 seconds
[2024-07-10T17:49:57.531+0000] {processor.py:161} INFO - Started process (PID=72) to work on /opt/airflow/dags/todv.py
[2024-07-10T17:49:57.532+0000] {processor.py:830} INFO - Processing file /opt/airflow/dags/todv.py for tasks to queue
[2024-07-10T17:49:57.534+0000] {logging_mixin.py:188} INFO - [2024-07-10T17:49:57.533+0000] {dagbag.py:540} INFO - Filling up the DagBag from /opt/airflow/dags/todv.py
[2024-07-10T17:49:57.536+0000] {processor.py:842} WARNING - No viable dags retrieved from /opt/airflow/dags/todv.py
[2024-07-10T17:49:57.545+0000] {processor.py:183} INFO - Processing /opt/airflow/dags/todv.py took 0.017 seconds
[2024-07-10T17:50:28.230+0000] {processor.py:161} INFO - Started process (PID=84) to work on /opt/airflow/dags/todv.py
[2024-07-10T17:50:28.231+0000] {processor.py:830} INFO - Processing file /opt/airflow/dags/todv.py for tasks to queue
[2024-07-10T17:50:28.232+0000] {logging_mixin.py:188} INFO - [2024-07-10T17:50:28.232+0000] {dagbag.py:540} INFO - Filling up the DagBag from /opt/airflow/dags/todv.py
[2024-07-10T17:50:28.235+0000] {processor.py:842} WARNING - No viable dags retrieved from /opt/airflow/dags/todv.py
[2024-07-10T17:50:28.245+0000] {processor.py:183} INFO - Processing /opt/airflow/dags/todv.py took 0.018 seconds
[2024-07-10T17:50:58.799+0000] {processor.py:161} INFO - Started process (PID=96) to work on /opt/airflow/dags/todv.py
[2024-07-10T17:50:58.800+0000] {processor.py:830} INFO - Processing file /opt/airflow/dags/todv.py for tasks to queue
[2024-07-10T17:50:58.801+0000] {logging_mixin.py:188} INFO - [2024-07-10T17:50:58.801+0000] {dagbag.py:540} INFO - Filling up the DagBag from /opt/airflow/dags/todv.py
[2024-07-10T17:50:58.804+0000] {processor.py:842} WARNING - No viable dags retrieved from /opt/airflow/dags/todv.py
[2024-07-10T17:50:58.817+0000] {processor.py:183} INFO - Processing /opt/airflow/dags/todv.py took 0.020 seconds
[2024-07-10T17:51:29.436+0000] {processor.py:161} INFO - Started process (PID=108) to work on /opt/airflow/dags/todv.py
[2024-07-10T17:51:29.437+0000] {processor.py:830} INFO - Processing file /opt/airflow/dags/todv.py for tasks to queue
[2024-07-10T17:51:29.438+0000] {logging_mixin.py:188} INFO - [2024-07-10T17:51:29.438+0000] {dagbag.py:540} INFO - Filling up the DagBag from /opt/airflow/dags/todv.py
[2024-07-10T17:51:29.441+0000] {processor.py:842} WARNING - No viable dags retrieved from /opt/airflow/dags/todv.py
[2024-07-10T17:51:29.453+0000] {processor.py:183} INFO - Processing /opt/airflow/dags/todv.py took 0.019 seconds
[2024-07-10T17:52:00.061+0000] {processor.py:161} INFO - Started process (PID=120) to work on /opt/airflow/dags/todv.py
[2024-07-10T17:52:00.062+0000] {processor.py:830} INFO - Processing file /opt/airflow/dags/todv.py for tasks to queue
[2024-07-10T17:52:00.063+0000] {logging_mixin.py:188} INFO - [2024-07-10T17:52:00.063+0000] {dagbag.py:540} INFO - Filling up the DagBag from /opt/airflow/dags/todv.py
[2024-07-10T17:52:00.066+0000] {processor.py:842} WARNING - No viable dags retrieved from /opt/airflow/dags/todv.py
[2024-07-10T17:52:00.077+0000] {processor.py:183} INFO - Processing /opt/airflow/dags/todv.py took 0.018 seconds
[2024-07-10T17:52:30.654+0000] {processor.py:161} INFO - Started process (PID=132) to work on /opt/airflow/dags/todv.py
[2024-07-10T17:52:30.655+0000] {processor.py:830} INFO - Processing file /opt/airflow/dags/todv.py for tasks to queue
[2024-07-10T17:52:30.657+0000] {logging_mixin.py:188} INFO - [2024-07-10T17:52:30.657+0000] {dagbag.py:540} INFO - Filling up the DagBag from /opt/airflow/dags/todv.py
[2024-07-10T17:52:30.660+0000] {processor.py:842} WARNING - No viable dags retrieved from /opt/airflow/dags/todv.py
[2024-07-10T17:52:30.670+0000] {processor.py:183} INFO - Processing /opt/airflow/dags/todv.py took 0.017 seconds
[2024-07-10T17:53:01.405+0000] {processor.py:161} INFO - Started process (PID=144) to work on /opt/airflow/dags/todv.py
[2024-07-10T17:53:01.405+0000] {processor.py:830} INFO - Processing file /opt/airflow/dags/todv.py for tasks to queue
[2024-07-10T17:53:01.407+0000] {logging_mixin.py:188} INFO - [2024-07-10T17:53:01.407+0000] {dagbag.py:540} INFO - Filling up the DagBag from /opt/airflow/dags/todv.py
[2024-07-10T17:53:01.409+0000] {processor.py:842} WARNING - No viable dags retrieved from /opt/airflow/dags/todv.py
[2024-07-10T17:53:01.419+0000] {processor.py:183} INFO - Processing /opt/airflow/dags/todv.py took 0.017 seconds
[2024-07-10T17:53:32.110+0000] {processor.py:161} INFO - Started process (PID=156) to work on /opt/airflow/dags/todv.py
[2024-07-10T17:53:32.110+0000] {processor.py:830} INFO - Processing file /opt/airflow/dags/todv.py for tasks to queue
[2024-07-10T17:53:32.111+0000] {logging_mixin.py:188} INFO - [2024-07-10T17:53:32.111+0000] {dagbag.py:540} INFO - Filling up the DagBag from /opt/airflow/dags/todv.py
[2024-07-10T17:53:32.114+0000] {processor.py:842} WARNING - No viable dags retrieved from /opt/airflow/dags/todv.py
[2024-07-10T17:53:32.123+0000] {processor.py:183} INFO - Processing /opt/airflow/dags/todv.py took 0.016 seconds
[2024-07-10T17:54:02.519+0000] {processor.py:161} INFO - Started process (PID=168) to work on /opt/airflow/dags/todv.py
[2024-07-10T17:54:02.520+0000] {processor.py:830} INFO - Processing file /opt/airflow/dags/todv.py for tasks to queue
[2024-07-10T17:54:02.521+0000] {logging_mixin.py:188} INFO - [2024-07-10T17:54:02.521+0000] {dagbag.py:540} INFO - Filling up the DagBag from /opt/airflow/dags/todv.py
[2024-07-10T17:54:02.525+0000] {processor.py:842} WARNING - No viable dags retrieved from /opt/airflow/dags/todv.py
[2024-07-10T17:54:02.534+0000] {processor.py:183} INFO - Processing /opt/airflow/dags/todv.py took 0.019 seconds
[2024-07-10T17:54:33.212+0000] {processor.py:161} INFO - Started process (PID=180) to work on /opt/airflow/dags/todv.py
[2024-07-10T17:54:33.213+0000] {processor.py:830} INFO - Processing file /opt/airflow/dags/todv.py for tasks to queue
[2024-07-10T17:54:33.215+0000] {logging_mixin.py:188} INFO - [2024-07-10T17:54:33.214+0000] {dagbag.py:540} INFO - Filling up the DagBag from /opt/airflow/dags/todv.py
[2024-07-10T17:54:33.217+0000] {processor.py:842} WARNING - No viable dags retrieved from /opt/airflow/dags/todv.py
[2024-07-10T17:54:33.226+0000] {processor.py:183} INFO - Processing /opt/airflow/dags/todv.py took 0.017 seconds
[2024-07-10T17:55:03.846+0000] {processor.py:161} INFO - Started process (PID=192) to work on /opt/airflow/dags/todv.py
[2024-07-10T17:55:03.848+0000] {processor.py:830} INFO - Processing file /opt/airflow/dags/todv.py for tasks to queue
[2024-07-10T17:55:03.849+0000] {logging_mixin.py:188} INFO - [2024-07-10T17:55:03.849+0000] {dagbag.py:540} INFO - Filling up the DagBag from /opt/airflow/dags/todv.py
[2024-07-10T17:55:03.851+0000] {processor.py:842} WARNING - No viable dags retrieved from /opt/airflow/dags/todv.py
[2024-07-10T17:55:03.863+0000] {processor.py:183} INFO - Processing /opt/airflow/dags/todv.py took 0.019 seconds
[2024-07-10T17:55:34.329+0000] {processor.py:161} INFO - Started process (PID=204) to work on /opt/airflow/dags/todv.py
[2024-07-10T17:55:34.330+0000] {processor.py:830} INFO - Processing file /opt/airflow/dags/todv.py for tasks to queue
[2024-07-10T17:55:34.331+0000] {logging_mixin.py:188} INFO - [2024-07-10T17:55:34.330+0000] {dagbag.py:540} INFO - Filling up the DagBag from /opt/airflow/dags/todv.py
[2024-07-10T17:55:34.333+0000] {processor.py:842} WARNING - No viable dags retrieved from /opt/airflow/dags/todv.py
[2024-07-10T17:55:34.342+0000] {processor.py:183} INFO - Processing /opt/airflow/dags/todv.py took 0.015 seconds
[2024-07-10T17:56:04.768+0000] {processor.py:161} INFO - Started process (PID=215) to work on /opt/airflow/dags/todv.py
[2024-07-10T17:56:04.769+0000] {processor.py:830} INFO - Processing file /opt/airflow/dags/todv.py for tasks to queue
[2024-07-10T17:56:04.770+0000] {logging_mixin.py:188} INFO - [2024-07-10T17:56:04.770+0000] {dagbag.py:540} INFO - Filling up the DagBag from /opt/airflow/dags/todv.py
[2024-07-10T17:56:04.773+0000] {processor.py:842} WARNING - No viable dags retrieved from /opt/airflow/dags/todv.py
[2024-07-10T17:56:04.805+0000] {processor.py:183} INFO - Processing /opt/airflow/dags/todv.py took 0.039 seconds
[2024-07-10T17:56:35.453+0000] {processor.py:161} INFO - Started process (PID=227) to work on /opt/airflow/dags/todv.py
[2024-07-10T17:56:35.454+0000] {processor.py:830} INFO - Processing file /opt/airflow/dags/todv.py for tasks to queue
[2024-07-10T17:56:35.456+0000] {logging_mixin.py:188} INFO - [2024-07-10T17:56:35.455+0000] {dagbag.py:540} INFO - Filling up the DagBag from /opt/airflow/dags/todv.py
[2024-07-10T17:56:35.459+0000] {processor.py:842} WARNING - No viable dags retrieved from /opt/airflow/dags/todv.py
[2024-07-10T17:56:35.470+0000] {processor.py:183} INFO - Processing /opt/airflow/dags/todv.py took 0.019 seconds
[2024-07-10T17:57:06.026+0000] {processor.py:161} INFO - Started process (PID=239) to work on /opt/airflow/dags/todv.py
[2024-07-10T17:57:06.027+0000] {processor.py:830} INFO - Processing file /opt/airflow/dags/todv.py for tasks to queue
[2024-07-10T17:57:06.028+0000] {logging_mixin.py:188} INFO - [2024-07-10T17:57:06.028+0000] {dagbag.py:540} INFO - Filling up the DagBag from /opt/airflow/dags/todv.py
[2024-07-10T17:57:06.031+0000] {processor.py:842} WARNING - No viable dags retrieved from /opt/airflow/dags/todv.py
[2024-07-10T17:57:06.040+0000] {processor.py:183} INFO - Processing /opt/airflow/dags/todv.py took 0.017 seconds
[2024-07-10T17:57:36.691+0000] {processor.py:161} INFO - Started process (PID=251) to work on /opt/airflow/dags/todv.py
[2024-07-10T17:57:36.693+0000] {processor.py:830} INFO - Processing file /opt/airflow/dags/todv.py for tasks to queue
[2024-07-10T17:57:36.694+0000] {logging_mixin.py:188} INFO - [2024-07-10T17:57:36.694+0000] {dagbag.py:540} INFO - Filling up the DagBag from /opt/airflow/dags/todv.py
[2024-07-10T17:57:36.697+0000] {processor.py:842} WARNING - No viable dags retrieved from /opt/airflow/dags/todv.py
[2024-07-10T17:57:36.709+0000] {processor.py:183} INFO - Processing /opt/airflow/dags/todv.py took 0.020 seconds
[2024-07-10T17:58:07.104+0000] {processor.py:161} INFO - Started process (PID=262) to work on /opt/airflow/dags/todv.py
[2024-07-10T17:58:07.105+0000] {processor.py:830} INFO - Processing file /opt/airflow/dags/todv.py for tasks to queue
[2024-07-10T17:58:07.106+0000] {logging_mixin.py:188} INFO - [2024-07-10T17:58:07.106+0000] {dagbag.py:540} INFO - Filling up the DagBag from /opt/airflow/dags/todv.py
[2024-07-10T17:58:07.109+0000] {processor.py:842} WARNING - No viable dags retrieved from /opt/airflow/dags/todv.py
[2024-07-10T17:58:07.119+0000] {processor.py:183} INFO - Processing /opt/airflow/dags/todv.py took 0.018 seconds
[2024-07-10T17:58:37.789+0000] {processor.py:161} INFO - Started process (PID=274) to work on /opt/airflow/dags/todv.py
[2024-07-10T17:58:37.790+0000] {processor.py:830} INFO - Processing file /opt/airflow/dags/todv.py for tasks to queue
[2024-07-10T17:58:37.792+0000] {logging_mixin.py:188} INFO - [2024-07-10T17:58:37.792+0000] {dagbag.py:540} INFO - Filling up the DagBag from /opt/airflow/dags/todv.py
[2024-07-10T17:58:37.795+0000] {processor.py:842} WARNING - No viable dags retrieved from /opt/airflow/dags/todv.py
[2024-07-10T17:58:37.805+0000] {processor.py:183} INFO - Processing /opt/airflow/dags/todv.py took 0.018 seconds
[2024-07-10T17:59:08.426+0000] {processor.py:161} INFO - Started process (PID=286) to work on /opt/airflow/dags/todv.py
[2024-07-10T17:59:08.427+0000] {processor.py:830} INFO - Processing file /opt/airflow/dags/todv.py for tasks to queue
[2024-07-10T17:59:08.429+0000] {logging_mixin.py:188} INFO - [2024-07-10T17:59:08.428+0000] {dagbag.py:540} INFO - Filling up the DagBag from /opt/airflow/dags/todv.py
[2024-07-10T17:59:08.431+0000] {processor.py:842} WARNING - No viable dags retrieved from /opt/airflow/dags/todv.py
[2024-07-10T17:59:08.440+0000] {processor.py:183} INFO - Processing /opt/airflow/dags/todv.py took 0.016 seconds
[2024-07-10T17:59:39.107+0000] {processor.py:161} INFO - Started process (PID=298) to work on /opt/airflow/dags/todv.py
[2024-07-10T17:59:39.108+0000] {processor.py:830} INFO - Processing file /opt/airflow/dags/todv.py for tasks to queue
[2024-07-10T17:59:39.109+0000] {logging_mixin.py:188} INFO - [2024-07-10T17:59:39.109+0000] {dagbag.py:540} INFO - Filling up the DagBag from /opt/airflow/dags/todv.py
[2024-07-10T17:59:39.113+0000] {processor.py:842} WARNING - No viable dags retrieved from /opt/airflow/dags/todv.py
[2024-07-10T17:59:39.124+0000] {processor.py:183} INFO - Processing /opt/airflow/dags/todv.py took 0.019 seconds
[2024-07-10T18:00:09.517+0000] {processor.py:161} INFO - Started process (PID=310) to work on /opt/airflow/dags/todv.py
[2024-07-10T18:00:09.518+0000] {processor.py:830} INFO - Processing file /opt/airflow/dags/todv.py for tasks to queue
[2024-07-10T18:00:09.519+0000] {logging_mixin.py:188} INFO - [2024-07-10T18:00:09.519+0000] {dagbag.py:540} INFO - Filling up the DagBag from /opt/airflow/dags/todv.py
[2024-07-10T18:00:09.522+0000] {processor.py:842} WARNING - No viable dags retrieved from /opt/airflow/dags/todv.py
[2024-07-10T18:00:09.532+0000] {processor.py:183} INFO - Processing /opt/airflow/dags/todv.py took 0.019 seconds
[2024-07-10T18:00:40.112+0000] {processor.py:161} INFO - Started process (PID=322) to work on /opt/airflow/dags/todv.py
[2024-07-10T18:00:40.112+0000] {processor.py:830} INFO - Processing file /opt/airflow/dags/todv.py for tasks to queue
[2024-07-10T18:00:40.114+0000] {logging_mixin.py:188} INFO - [2024-07-10T18:00:40.114+0000] {dagbag.py:540} INFO - Filling up the DagBag from /opt/airflow/dags/todv.py
[2024-07-10T18:00:40.117+0000] {processor.py:842} WARNING - No viable dags retrieved from /opt/airflow/dags/todv.py
[2024-07-10T18:00:40.135+0000] {processor.py:183} INFO - Processing /opt/airflow/dags/todv.py took 0.026 seconds
[2024-07-10T18:01:10.837+0000] {processor.py:161} INFO - Started process (PID=334) to work on /opt/airflow/dags/todv.py
[2024-07-10T18:01:10.838+0000] {processor.py:830} INFO - Processing file /opt/airflow/dags/todv.py for tasks to queue
[2024-07-10T18:01:10.840+0000] {logging_mixin.py:188} INFO - [2024-07-10T18:01:10.840+0000] {dagbag.py:540} INFO - Filling up the DagBag from /opt/airflow/dags/todv.py
[2024-07-10T18:01:10.843+0000] {processor.py:842} WARNING - No viable dags retrieved from /opt/airflow/dags/todv.py
[2024-07-10T18:01:10.855+0000] {processor.py:183} INFO - Processing /opt/airflow/dags/todv.py took 0.021 seconds
[2024-07-10T18:01:41.439+0000] {processor.py:161} INFO - Started process (PID=346) to work on /opt/airflow/dags/todv.py
[2024-07-10T18:01:41.440+0000] {processor.py:830} INFO - Processing file /opt/airflow/dags/todv.py for tasks to queue
[2024-07-10T18:01:41.441+0000] {logging_mixin.py:188} INFO - [2024-07-10T18:01:41.441+0000] {dagbag.py:540} INFO - Filling up the DagBag from /opt/airflow/dags/todv.py
[2024-07-10T18:01:41.444+0000] {processor.py:842} WARNING - No viable dags retrieved from /opt/airflow/dags/todv.py
[2024-07-10T18:01:41.454+0000] {processor.py:183} INFO - Processing /opt/airflow/dags/todv.py took 0.017 seconds
[2024-07-10T18:02:12.084+0000] {processor.py:161} INFO - Started process (PID=358) to work on /opt/airflow/dags/todv.py
[2024-07-10T18:02:12.085+0000] {processor.py:830} INFO - Processing file /opt/airflow/dags/todv.py for tasks to queue
[2024-07-10T18:02:12.086+0000] {logging_mixin.py:188} INFO - [2024-07-10T18:02:12.086+0000] {dagbag.py:540} INFO - Filling up the DagBag from /opt/airflow/dags/todv.py
[2024-07-10T18:02:12.089+0000] {processor.py:842} WARNING - No viable dags retrieved from /opt/airflow/dags/todv.py
[2024-07-10T18:02:12.099+0000] {processor.py:183} INFO - Processing /opt/airflow/dags/todv.py took 0.018 seconds
[2024-07-10T18:02:42.694+0000] {processor.py:161} INFO - Started process (PID=370) to work on /opt/airflow/dags/todv.py
[2024-07-10T18:02:42.694+0000] {processor.py:830} INFO - Processing file /opt/airflow/dags/todv.py for tasks to queue
[2024-07-10T18:02:42.696+0000] {logging_mixin.py:188} INFO - [2024-07-10T18:02:42.695+0000] {dagbag.py:540} INFO - Filling up the DagBag from /opt/airflow/dags/todv.py
[2024-07-10T18:02:42.698+0000] {processor.py:842} WARNING - No viable dags retrieved from /opt/airflow/dags/todv.py
[2024-07-10T18:02:42.709+0000] {processor.py:183} INFO - Processing /opt/airflow/dags/todv.py took 0.019 seconds
[2024-07-10T18:03:13.339+0000] {processor.py:161} INFO - Started process (PID=382) to work on /opt/airflow/dags/todv.py
[2024-07-10T18:03:13.340+0000] {processor.py:830} INFO - Processing file /opt/airflow/dags/todv.py for tasks to queue
[2024-07-10T18:03:13.341+0000] {logging_mixin.py:188} INFO - [2024-07-10T18:03:13.341+0000] {dagbag.py:540} INFO - Filling up the DagBag from /opt/airflow/dags/todv.py
[2024-07-10T18:03:13.344+0000] {processor.py:842} WARNING - No viable dags retrieved from /opt/airflow/dags/todv.py
[2024-07-10T18:03:13.355+0000] {processor.py:183} INFO - Processing /opt/airflow/dags/todv.py took 0.019 seconds
[2024-07-10T18:03:44.031+0000] {processor.py:161} INFO - Started process (PID=394) to work on /opt/airflow/dags/todv.py
[2024-07-10T18:03:44.032+0000] {processor.py:830} INFO - Processing file /opt/airflow/dags/todv.py for tasks to queue
[2024-07-10T18:03:44.034+0000] {logging_mixin.py:188} INFO - [2024-07-10T18:03:44.033+0000] {dagbag.py:540} INFO - Filling up the DagBag from /opt/airflow/dags/todv.py
[2024-07-10T18:03:44.037+0000] {processor.py:842} WARNING - No viable dags retrieved from /opt/airflow/dags/todv.py
[2024-07-10T18:03:44.047+0000] {processor.py:183} INFO - Processing /opt/airflow/dags/todv.py took 0.019 seconds
[2024-07-10T18:04:14.656+0000] {processor.py:161} INFO - Started process (PID=406) to work on /opt/airflow/dags/todv.py
[2024-07-10T18:04:14.656+0000] {processor.py:830} INFO - Processing file /opt/airflow/dags/todv.py for tasks to queue
[2024-07-10T18:04:14.658+0000] {logging_mixin.py:188} INFO - [2024-07-10T18:04:14.657+0000] {dagbag.py:540} INFO - Filling up the DagBag from /opt/airflow/dags/todv.py
[2024-07-10T18:04:14.661+0000] {processor.py:842} WARNING - No viable dags retrieved from /opt/airflow/dags/todv.py
[2024-07-10T18:04:14.671+0000] {processor.py:183} INFO - Processing /opt/airflow/dags/todv.py took 0.017 seconds
[2024-07-10T18:04:45.304+0000] {processor.py:161} INFO - Started process (PID=418) to work on /opt/airflow/dags/todv.py
[2024-07-10T18:04:45.305+0000] {processor.py:830} INFO - Processing file /opt/airflow/dags/todv.py for tasks to queue
[2024-07-10T18:04:45.306+0000] {logging_mixin.py:188} INFO - [2024-07-10T18:04:45.306+0000] {dagbag.py:540} INFO - Filling up the DagBag from /opt/airflow/dags/todv.py
[2024-07-10T18:04:45.309+0000] {processor.py:842} WARNING - No viable dags retrieved from /opt/airflow/dags/todv.py
[2024-07-10T18:04:45.320+0000] {processor.py:183} INFO - Processing /opt/airflow/dags/todv.py took 0.018 seconds
[2024-07-10T18:05:15.953+0000] {processor.py:161} INFO - Started process (PID=430) to work on /opt/airflow/dags/todv.py
[2024-07-10T18:05:15.954+0000] {processor.py:830} INFO - Processing file /opt/airflow/dags/todv.py for tasks to queue
[2024-07-10T18:05:15.956+0000] {logging_mixin.py:188} INFO - [2024-07-10T18:05:15.956+0000] {dagbag.py:540} INFO - Filling up the DagBag from /opt/airflow/dags/todv.py
[2024-07-10T18:05:15.959+0000] {processor.py:842} WARNING - No viable dags retrieved from /opt/airflow/dags/todv.py
[2024-07-10T18:05:15.969+0000] {processor.py:183} INFO - Processing /opt/airflow/dags/todv.py took 0.019 seconds
[2024-07-10T18:05:46.609+0000] {processor.py:161} INFO - Started process (PID=442) to work on /opt/airflow/dags/todv.py
[2024-07-10T18:05:46.610+0000] {processor.py:830} INFO - Processing file /opt/airflow/dags/todv.py for tasks to queue
[2024-07-10T18:05:46.614+0000] {logging_mixin.py:188} INFO - [2024-07-10T18:05:46.613+0000] {dagbag.py:540} INFO - Filling up the DagBag from /opt/airflow/dags/todv.py
[2024-07-10T18:05:46.617+0000] {processor.py:842} WARNING - No viable dags retrieved from /opt/airflow/dags/todv.py
[2024-07-10T18:05:46.626+0000] {processor.py:183} INFO - Processing /opt/airflow/dags/todv.py took 0.020 seconds
[2024-07-10T18:06:17.264+0000] {processor.py:161} INFO - Started process (PID=454) to work on /opt/airflow/dags/todv.py
[2024-07-10T18:06:17.265+0000] {processor.py:830} INFO - Processing file /opt/airflow/dags/todv.py for tasks to queue
[2024-07-10T18:06:17.267+0000] {logging_mixin.py:188} INFO - [2024-07-10T18:06:17.267+0000] {dagbag.py:540} INFO - Filling up the DagBag from /opt/airflow/dags/todv.py
[2024-07-10T18:06:17.271+0000] {processor.py:842} WARNING - No viable dags retrieved from /opt/airflow/dags/todv.py
[2024-07-10T18:06:17.282+0000] {processor.py:183} INFO - Processing /opt/airflow/dags/todv.py took 0.021 seconds
[2024-07-10T18:06:47.891+0000] {processor.py:161} INFO - Started process (PID=466) to work on /opt/airflow/dags/todv.py
[2024-07-10T18:06:47.892+0000] {processor.py:830} INFO - Processing file /opt/airflow/dags/todv.py for tasks to queue
[2024-07-10T18:06:47.893+0000] {logging_mixin.py:188} INFO - [2024-07-10T18:06:47.893+0000] {dagbag.py:540} INFO - Filling up the DagBag from /opt/airflow/dags/todv.py
[2024-07-10T18:06:47.896+0000] {processor.py:842} WARNING - No viable dags retrieved from /opt/airflow/dags/todv.py
[2024-07-10T18:06:47.905+0000] {processor.py:183} INFO - Processing /opt/airflow/dags/todv.py took 0.016 seconds
[2024-07-10T18:07:18.542+0000] {processor.py:161} INFO - Started process (PID=477) to work on /opt/airflow/dags/todv.py
[2024-07-10T18:07:18.543+0000] {processor.py:830} INFO - Processing file /opt/airflow/dags/todv.py for tasks to queue
[2024-07-10T18:07:18.545+0000] {logging_mixin.py:188} INFO - [2024-07-10T18:07:18.545+0000] {dagbag.py:540} INFO - Filling up the DagBag from /opt/airflow/dags/todv.py
[2024-07-10T18:07:18.548+0000] {processor.py:842} WARNING - No viable dags retrieved from /opt/airflow/dags/todv.py
[2024-07-10T18:07:18.558+0000] {processor.py:183} INFO - Processing /opt/airflow/dags/todv.py took 0.019 seconds
[2024-07-10T18:07:49.065+0000] {processor.py:161} INFO - Started process (PID=489) to work on /opt/airflow/dags/todv.py
[2024-07-10T18:07:49.067+0000] {processor.py:830} INFO - Processing file /opt/airflow/dags/todv.py for tasks to queue
[2024-07-10T18:07:49.071+0000] {logging_mixin.py:188} INFO - [2024-07-10T18:07:49.071+0000] {dagbag.py:540} INFO - Filling up the DagBag from /opt/airflow/dags/todv.py
[2024-07-10T18:07:49.077+0000] {processor.py:842} WARNING - No viable dags retrieved from /opt/airflow/dags/todv.py
[2024-07-10T18:07:49.091+0000] {processor.py:183} INFO - Processing /opt/airflow/dags/todv.py took 0.028 seconds
[2024-07-10T18:08:19.765+0000] {processor.py:161} INFO - Started process (PID=505) to work on /opt/airflow/dags/todv.py
[2024-07-10T18:08:19.767+0000] {processor.py:830} INFO - Processing file /opt/airflow/dags/todv.py for tasks to queue
[2024-07-10T18:08:19.769+0000] {logging_mixin.py:188} INFO - [2024-07-10T18:08:19.769+0000] {dagbag.py:540} INFO - Filling up the DagBag from /opt/airflow/dags/todv.py
[2024-07-10T18:08:19.772+0000] {processor.py:842} WARNING - No viable dags retrieved from /opt/airflow/dags/todv.py
[2024-07-10T18:08:19.782+0000] {processor.py:183} INFO - Processing /opt/airflow/dags/todv.py took 0.019 seconds
[2024-07-10T18:08:50.457+0000] {processor.py:161} INFO - Started process (PID=517) to work on /opt/airflow/dags/todv.py
[2024-07-10T18:08:50.458+0000] {processor.py:830} INFO - Processing file /opt/airflow/dags/todv.py for tasks to queue
[2024-07-10T18:08:50.460+0000] {logging_mixin.py:188} INFO - [2024-07-10T18:08:50.460+0000] {dagbag.py:540} INFO - Filling up the DagBag from /opt/airflow/dags/todv.py
[2024-07-10T18:08:50.463+0000] {processor.py:842} WARNING - No viable dags retrieved from /opt/airflow/dags/todv.py
[2024-07-10T18:08:50.476+0000] {processor.py:183} INFO - Processing /opt/airflow/dags/todv.py took 0.022 seconds
[2024-07-10T18:09:20.936+0000] {processor.py:161} INFO - Started process (PID=528) to work on /opt/airflow/dags/todv.py
[2024-07-10T18:09:20.937+0000] {processor.py:830} INFO - Processing file /opt/airflow/dags/todv.py for tasks to queue
[2024-07-10T18:09:20.938+0000] {logging_mixin.py:188} INFO - [2024-07-10T18:09:20.938+0000] {dagbag.py:540} INFO - Filling up the DagBag from /opt/airflow/dags/todv.py
[2024-07-10T18:09:20.941+0000] {processor.py:842} WARNING - No viable dags retrieved from /opt/airflow/dags/todv.py
[2024-07-10T18:09:20.951+0000] {processor.py:183} INFO - Processing /opt/airflow/dags/todv.py took 0.018 seconds
[2024-07-10T18:09:51.452+0000] {processor.py:161} INFO - Started process (PID=539) to work on /opt/airflow/dags/todv.py
[2024-07-10T18:09:51.453+0000] {processor.py:830} INFO - Processing file /opt/airflow/dags/todv.py for tasks to queue
[2024-07-10T18:09:51.454+0000] {logging_mixin.py:188} INFO - [2024-07-10T18:09:51.454+0000] {dagbag.py:540} INFO - Filling up the DagBag from /opt/airflow/dags/todv.py
[2024-07-10T18:09:51.457+0000] {processor.py:842} WARNING - No viable dags retrieved from /opt/airflow/dags/todv.py
[2024-07-10T18:09:51.468+0000] {processor.py:183} INFO - Processing /opt/airflow/dags/todv.py took 0.019 seconds
[2024-07-10T18:10:22.056+0000] {processor.py:161} INFO - Started process (PID=551) to work on /opt/airflow/dags/todv.py
[2024-07-10T18:10:22.057+0000] {processor.py:830} INFO - Processing file /opt/airflow/dags/todv.py for tasks to queue
[2024-07-10T18:10:22.059+0000] {logging_mixin.py:188} INFO - [2024-07-10T18:10:22.059+0000] {dagbag.py:540} INFO - Filling up the DagBag from /opt/airflow/dags/todv.py
[2024-07-10T18:10:22.062+0000] {processor.py:842} WARNING - No viable dags retrieved from /opt/airflow/dags/todv.py
[2024-07-10T18:10:22.072+0000] {processor.py:183} INFO - Processing /opt/airflow/dags/todv.py took 0.020 seconds
[2024-07-10T18:10:52.716+0000] {processor.py:161} INFO - Started process (PID=563) to work on /opt/airflow/dags/todv.py
[2024-07-10T18:10:52.717+0000] {processor.py:830} INFO - Processing file /opt/airflow/dags/todv.py for tasks to queue
[2024-07-10T18:10:52.718+0000] {logging_mixin.py:188} INFO - [2024-07-10T18:10:52.718+0000] {dagbag.py:540} INFO - Filling up the DagBag from /opt/airflow/dags/todv.py
[2024-07-10T18:10:52.721+0000] {processor.py:842} WARNING - No viable dags retrieved from /opt/airflow/dags/todv.py
[2024-07-10T18:10:52.732+0000] {processor.py:183} INFO - Processing /opt/airflow/dags/todv.py took 0.018 seconds
[2024-07-10T18:11:23.400+0000] {processor.py:161} INFO - Started process (PID=575) to work on /opt/airflow/dags/todv.py
[2024-07-10T18:11:23.401+0000] {processor.py:830} INFO - Processing file /opt/airflow/dags/todv.py for tasks to queue
[2024-07-10T18:11:23.402+0000] {logging_mixin.py:188} INFO - [2024-07-10T18:11:23.402+0000] {dagbag.py:540} INFO - Filling up the DagBag from /opt/airflow/dags/todv.py
[2024-07-10T18:11:23.405+0000] {processor.py:842} WARNING - No viable dags retrieved from /opt/airflow/dags/todv.py
[2024-07-10T18:11:23.416+0000] {processor.py:183} INFO - Processing /opt/airflow/dags/todv.py took 0.019 seconds
[2024-07-10T18:11:54.051+0000] {processor.py:161} INFO - Started process (PID=587) to work on /opt/airflow/dags/todv.py
[2024-07-10T18:11:54.052+0000] {processor.py:830} INFO - Processing file /opt/airflow/dags/todv.py for tasks to queue
[2024-07-10T18:11:54.053+0000] {logging_mixin.py:188} INFO - [2024-07-10T18:11:54.053+0000] {dagbag.py:540} INFO - Filling up the DagBag from /opt/airflow/dags/todv.py
[2024-07-10T18:11:54.056+0000] {processor.py:842} WARNING - No viable dags retrieved from /opt/airflow/dags/todv.py
[2024-07-10T18:11:54.065+0000] {processor.py:183} INFO - Processing /opt/airflow/dags/todv.py took 0.017 seconds
[2024-07-10T18:12:24.630+0000] {processor.py:161} INFO - Started process (PID=599) to work on /opt/airflow/dags/todv.py
[2024-07-10T18:12:24.631+0000] {processor.py:830} INFO - Processing file /opt/airflow/dags/todv.py for tasks to queue
[2024-07-10T18:12:24.633+0000] {logging_mixin.py:188} INFO - [2024-07-10T18:12:24.633+0000] {dagbag.py:540} INFO - Filling up the DagBag from /opt/airflow/dags/todv.py
[2024-07-10T18:12:24.636+0000] {processor.py:842} WARNING - No viable dags retrieved from /opt/airflow/dags/todv.py
[2024-07-10T18:12:24.649+0000] {processor.py:183} INFO - Processing /opt/airflow/dags/todv.py took 0.021 seconds
[2024-07-10T18:12:55.306+0000] {processor.py:161} INFO - Started process (PID=611) to work on /opt/airflow/dags/todv.py
[2024-07-10T18:12:55.309+0000] {processor.py:830} INFO - Processing file /opt/airflow/dags/todv.py for tasks to queue
[2024-07-10T18:12:55.311+0000] {logging_mixin.py:188} INFO - [2024-07-10T18:12:55.311+0000] {dagbag.py:540} INFO - Filling up the DagBag from /opt/airflow/dags/todv.py
[2024-07-10T18:12:55.314+0000] {processor.py:842} WARNING - No viable dags retrieved from /opt/airflow/dags/todv.py
[2024-07-10T18:12:55.324+0000] {processor.py:183} INFO - Processing /opt/airflow/dags/todv.py took 0.021 seconds
[2024-07-10T18:13:25.995+0000] {processor.py:161} INFO - Started process (PID=623) to work on /opt/airflow/dags/todv.py
[2024-07-10T18:13:25.996+0000] {processor.py:830} INFO - Processing file /opt/airflow/dags/todv.py for tasks to queue
[2024-07-10T18:13:25.998+0000] {logging_mixin.py:188} INFO - [2024-07-10T18:13:25.997+0000] {dagbag.py:540} INFO - Filling up the DagBag from /opt/airflow/dags/todv.py
[2024-07-10T18:13:26.001+0000] {processor.py:842} WARNING - No viable dags retrieved from /opt/airflow/dags/todv.py
[2024-07-10T18:13:26.011+0000] {processor.py:183} INFO - Processing /opt/airflow/dags/todv.py took 0.018 seconds
[2024-07-10T18:13:56.473+0000] {processor.py:161} INFO - Started process (PID=635) to work on /opt/airflow/dags/todv.py
[2024-07-10T18:13:56.474+0000] {processor.py:830} INFO - Processing file /opt/airflow/dags/todv.py for tasks to queue
[2024-07-10T18:13:56.475+0000] {logging_mixin.py:188} INFO - [2024-07-10T18:13:56.475+0000] {dagbag.py:540} INFO - Filling up the DagBag from /opt/airflow/dags/todv.py
[2024-07-10T18:13:56.478+0000] {processor.py:842} WARNING - No viable dags retrieved from /opt/airflow/dags/todv.py
[2024-07-10T18:13:56.489+0000] {processor.py:183} INFO - Processing /opt/airflow/dags/todv.py took 0.018 seconds
[2024-07-10T18:14:26.977+0000] {processor.py:161} INFO - Started process (PID=647) to work on /opt/airflow/dags/todv.py
[2024-07-10T18:14:26.978+0000] {processor.py:830} INFO - Processing file /opt/airflow/dags/todv.py for tasks to queue
[2024-07-10T18:14:26.979+0000] {logging_mixin.py:188} INFO - [2024-07-10T18:14:26.979+0000] {dagbag.py:540} INFO - Filling up the DagBag from /opt/airflow/dags/todv.py
[2024-07-10T18:14:26.983+0000] {processor.py:842} WARNING - No viable dags retrieved from /opt/airflow/dags/todv.py
[2024-07-10T18:14:26.994+0000] {processor.py:183} INFO - Processing /opt/airflow/dags/todv.py took 0.019 seconds
[2024-07-10T18:14:57.700+0000] {processor.py:161} INFO - Started process (PID=659) to work on /opt/airflow/dags/todv.py
[2024-07-10T18:14:57.702+0000] {processor.py:830} INFO - Processing file /opt/airflow/dags/todv.py for tasks to queue
[2024-07-10T18:14:57.704+0000] {logging_mixin.py:188} INFO - [2024-07-10T18:14:57.703+0000] {dagbag.py:540} INFO - Filling up the DagBag from /opt/airflow/dags/todv.py
[2024-07-10T18:14:57.707+0000] {processor.py:842} WARNING - No viable dags retrieved from /opt/airflow/dags/todv.py
[2024-07-10T18:14:57.718+0000] {processor.py:183} INFO - Processing /opt/airflow/dags/todv.py took 0.021 seconds
[2024-07-10T18:15:28.372+0000] {processor.py:161} INFO - Started process (PID=671) to work on /opt/airflow/dags/todv.py
[2024-07-10T18:15:28.373+0000] {processor.py:830} INFO - Processing file /opt/airflow/dags/todv.py for tasks to queue
[2024-07-10T18:15:28.374+0000] {logging_mixin.py:188} INFO - [2024-07-10T18:15:28.374+0000] {dagbag.py:540} INFO - Filling up the DagBag from /opt/airflow/dags/todv.py
[2024-07-10T18:15:28.376+0000] {processor.py:842} WARNING - No viable dags retrieved from /opt/airflow/dags/todv.py
[2024-07-10T18:15:28.386+0000] {processor.py:183} INFO - Processing /opt/airflow/dags/todv.py took 0.016 seconds
[2024-07-10T18:15:59.004+0000] {processor.py:161} INFO - Started process (PID=683) to work on /opt/airflow/dags/todv.py
[2024-07-10T18:15:59.005+0000] {processor.py:830} INFO - Processing file /opt/airflow/dags/todv.py for tasks to queue
[2024-07-10T18:15:59.006+0000] {logging_mixin.py:188} INFO - [2024-07-10T18:15:59.006+0000] {dagbag.py:540} INFO - Filling up the DagBag from /opt/airflow/dags/todv.py
[2024-07-10T18:15:59.008+0000] {processor.py:842} WARNING - No viable dags retrieved from /opt/airflow/dags/todv.py
[2024-07-10T18:15:59.019+0000] {processor.py:183} INFO - Processing /opt/airflow/dags/todv.py took 0.017 seconds
[2024-07-10T18:16:29.635+0000] {processor.py:161} INFO - Started process (PID=695) to work on /opt/airflow/dags/todv.py
[2024-07-10T18:16:29.636+0000] {processor.py:830} INFO - Processing file /opt/airflow/dags/todv.py for tasks to queue
[2024-07-10T18:16:29.637+0000] {logging_mixin.py:188} INFO - [2024-07-10T18:16:29.637+0000] {dagbag.py:540} INFO - Filling up the DagBag from /opt/airflow/dags/todv.py
[2024-07-10T18:16:29.640+0000] {processor.py:842} WARNING - No viable dags retrieved from /opt/airflow/dags/todv.py
[2024-07-10T18:16:29.652+0000] {processor.py:183} INFO - Processing /opt/airflow/dags/todv.py took 0.020 seconds
[2024-07-10T18:17:00.315+0000] {processor.py:161} INFO - Started process (PID=706) to work on /opt/airflow/dags/todv.py
[2024-07-10T18:17:00.315+0000] {processor.py:830} INFO - Processing file /opt/airflow/dags/todv.py for tasks to queue
[2024-07-10T18:17:00.317+0000] {logging_mixin.py:188} INFO - [2024-07-10T18:17:00.317+0000] {dagbag.py:540} INFO - Filling up the DagBag from /opt/airflow/dags/todv.py
[2024-07-10T18:17:00.320+0000] {processor.py:842} WARNING - No viable dags retrieved from /opt/airflow/dags/todv.py
[2024-07-10T18:17:00.330+0000] {processor.py:183} INFO - Processing /opt/airflow/dags/todv.py took 0.018 seconds
[2024-07-10T18:17:30.825+0000] {processor.py:161} INFO - Started process (PID=717) to work on /opt/airflow/dags/todv.py
[2024-07-10T18:17:30.826+0000] {processor.py:830} INFO - Processing file /opt/airflow/dags/todv.py for tasks to queue
[2024-07-10T18:17:30.828+0000] {logging_mixin.py:188} INFO - [2024-07-10T18:17:30.827+0000] {dagbag.py:540} INFO - Filling up the DagBag from /opt/airflow/dags/todv.py
[2024-07-10T18:17:30.830+0000] {processor.py:842} WARNING - No viable dags retrieved from /opt/airflow/dags/todv.py
[2024-07-10T18:17:30.842+0000] {processor.py:183} INFO - Processing /opt/airflow/dags/todv.py took 0.020 seconds
[2024-07-10T18:18:01.461+0000] {processor.py:161} INFO - Started process (PID=729) to work on /opt/airflow/dags/todv.py
[2024-07-10T18:18:01.462+0000] {processor.py:830} INFO - Processing file /opt/airflow/dags/todv.py for tasks to queue
[2024-07-10T18:18:01.464+0000] {logging_mixin.py:188} INFO - [2024-07-10T18:18:01.464+0000] {dagbag.py:540} INFO - Filling up the DagBag from /opt/airflow/dags/todv.py
[2024-07-10T18:18:01.467+0000] {processor.py:842} WARNING - No viable dags retrieved from /opt/airflow/dags/todv.py
[2024-07-10T18:18:01.477+0000] {processor.py:183} INFO - Processing /opt/airflow/dags/todv.py took 0.018 seconds
[2024-07-10T18:18:32.152+0000] {processor.py:161} INFO - Started process (PID=741) to work on /opt/airflow/dags/todv.py
[2024-07-10T18:18:32.153+0000] {processor.py:830} INFO - Processing file /opt/airflow/dags/todv.py for tasks to queue
[2024-07-10T18:18:32.154+0000] {logging_mixin.py:188} INFO - [2024-07-10T18:18:32.154+0000] {dagbag.py:540} INFO - Filling up the DagBag from /opt/airflow/dags/todv.py
[2024-07-10T18:18:32.156+0000] {processor.py:842} WARNING - No viable dags retrieved from /opt/airflow/dags/todv.py
[2024-07-10T18:18:32.166+0000] {processor.py:183} INFO - Processing /opt/airflow/dags/todv.py took 0.015 seconds
[2024-07-10T18:19:02.566+0000] {processor.py:161} INFO - Started process (PID=753) to work on /opt/airflow/dags/todv.py
[2024-07-10T18:19:02.568+0000] {processor.py:830} INFO - Processing file /opt/airflow/dags/todv.py for tasks to queue
[2024-07-10T18:19:02.570+0000] {logging_mixin.py:188} INFO - [2024-07-10T18:19:02.570+0000] {dagbag.py:540} INFO - Filling up the DagBag from /opt/airflow/dags/todv.py
[2024-07-10T18:19:02.576+0000] {processor.py:842} WARNING - No viable dags retrieved from /opt/airflow/dags/todv.py
[2024-07-10T18:19:02.591+0000] {processor.py:183} INFO - Processing /opt/airflow/dags/todv.py took 0.028 seconds
[2024-07-10T18:19:33.239+0000] {processor.py:161} INFO - Started process (PID=765) to work on /opt/airflow/dags/todv.py
[2024-07-10T18:19:33.240+0000] {processor.py:830} INFO - Processing file /opt/airflow/dags/todv.py for tasks to queue
[2024-07-10T18:19:33.241+0000] {logging_mixin.py:188} INFO - [2024-07-10T18:19:33.241+0000] {dagbag.py:540} INFO - Filling up the DagBag from /opt/airflow/dags/todv.py
[2024-07-10T18:19:33.243+0000] {processor.py:842} WARNING - No viable dags retrieved from /opt/airflow/dags/todv.py
[2024-07-10T18:19:33.253+0000] {processor.py:183} INFO - Processing /opt/airflow/dags/todv.py took 0.016 seconds
[2024-07-10T18:20:04.049+0000] {processor.py:161} INFO - Started process (PID=777) to work on /opt/airflow/dags/todv.py
[2024-07-10T18:20:04.050+0000] {processor.py:830} INFO - Processing file /opt/airflow/dags/todv.py for tasks to queue
[2024-07-10T18:20:04.052+0000] {logging_mixin.py:188} INFO - [2024-07-10T18:20:04.051+0000] {dagbag.py:540} INFO - Filling up the DagBag from /opt/airflow/dags/todv.py
[2024-07-10T18:20:04.055+0000] {processor.py:842} WARNING - No viable dags retrieved from /opt/airflow/dags/todv.py
[2024-07-10T18:20:04.067+0000] {processor.py:183} INFO - Processing /opt/airflow/dags/todv.py took 0.021 seconds
[2024-07-10T18:20:34.779+0000] {processor.py:161} INFO - Started process (PID=788) to work on /opt/airflow/dags/todv.py
[2024-07-10T18:20:34.780+0000] {processor.py:830} INFO - Processing file /opt/airflow/dags/todv.py for tasks to queue
[2024-07-10T18:20:34.781+0000] {logging_mixin.py:188} INFO - [2024-07-10T18:20:34.781+0000] {dagbag.py:540} INFO - Filling up the DagBag from /opt/airflow/dags/todv.py
[2024-07-10T18:20:34.785+0000] {processor.py:842} WARNING - No viable dags retrieved from /opt/airflow/dags/todv.py
[2024-07-10T18:20:34.800+0000] {processor.py:183} INFO - Processing /opt/airflow/dags/todv.py took 0.023 seconds
[2024-07-10T18:21:05.374+0000] {processor.py:161} INFO - Started process (PID=800) to work on /opt/airflow/dags/todv.py
[2024-07-10T18:21:05.374+0000] {processor.py:830} INFO - Processing file /opt/airflow/dags/todv.py for tasks to queue
[2024-07-10T18:21:05.376+0000] {logging_mixin.py:188} INFO - [2024-07-10T18:21:05.375+0000] {dagbag.py:540} INFO - Filling up the DagBag from /opt/airflow/dags/todv.py
[2024-07-10T18:21:05.378+0000] {processor.py:842} WARNING - No viable dags retrieved from /opt/airflow/dags/todv.py
[2024-07-10T18:21:05.389+0000] {processor.py:183} INFO - Processing /opt/airflow/dags/todv.py took 0.018 seconds
[2024-07-10T18:21:35.828+0000] {processor.py:161} INFO - Started process (PID=811) to work on /opt/airflow/dags/todv.py
[2024-07-10T18:21:35.829+0000] {processor.py:830} INFO - Processing file /opt/airflow/dags/todv.py for tasks to queue
[2024-07-10T18:21:35.830+0000] {logging_mixin.py:188} INFO - [2024-07-10T18:21:35.830+0000] {dagbag.py:540} INFO - Filling up the DagBag from /opt/airflow/dags/todv.py
[2024-07-10T18:21:35.833+0000] {processor.py:842} WARNING - No viable dags retrieved from /opt/airflow/dags/todv.py
[2024-07-10T18:21:35.846+0000] {processor.py:183} INFO - Processing /opt/airflow/dags/todv.py took 0.021 seconds
[2024-07-10T18:22:06.571+0000] {processor.py:161} INFO - Started process (PID=822) to work on /opt/airflow/dags/todv.py
[2024-07-10T18:22:06.572+0000] {processor.py:830} INFO - Processing file /opt/airflow/dags/todv.py for tasks to queue
[2024-07-10T18:22:06.574+0000] {logging_mixin.py:188} INFO - [2024-07-10T18:22:06.574+0000] {dagbag.py:540} INFO - Filling up the DagBag from /opt/airflow/dags/todv.py
[2024-07-10T18:22:06.577+0000] {processor.py:842} WARNING - No viable dags retrieved from /opt/airflow/dags/todv.py
[2024-07-10T18:22:06.587+0000] {processor.py:183} INFO - Processing /opt/airflow/dags/todv.py took 0.019 seconds
[2024-07-10T18:22:37.190+0000] {processor.py:161} INFO - Started process (PID=834) to work on /opt/airflow/dags/todv.py
[2024-07-10T18:22:37.191+0000] {processor.py:830} INFO - Processing file /opt/airflow/dags/todv.py for tasks to queue
[2024-07-10T18:22:37.192+0000] {logging_mixin.py:188} INFO - [2024-07-10T18:22:37.192+0000] {dagbag.py:540} INFO - Filling up the DagBag from /opt/airflow/dags/todv.py
[2024-07-10T18:22:37.195+0000] {processor.py:842} WARNING - No viable dags retrieved from /opt/airflow/dags/todv.py
[2024-07-10T18:22:37.205+0000] {processor.py:183} INFO - Processing /opt/airflow/dags/todv.py took 0.017 seconds
[2024-07-10T18:23:07.871+0000] {processor.py:161} INFO - Started process (PID=846) to work on /opt/airflow/dags/todv.py
[2024-07-10T18:23:07.872+0000] {processor.py:830} INFO - Processing file /opt/airflow/dags/todv.py for tasks to queue
[2024-07-10T18:23:07.874+0000] {logging_mixin.py:188} INFO - [2024-07-10T18:23:07.873+0000] {dagbag.py:540} INFO - Filling up the DagBag from /opt/airflow/dags/todv.py
[2024-07-10T18:23:07.876+0000] {processor.py:842} WARNING - No viable dags retrieved from /opt/airflow/dags/todv.py
[2024-07-10T18:23:07.888+0000] {processor.py:183} INFO - Processing /opt/airflow/dags/todv.py took 0.019 seconds
[2024-07-10T18:23:38.585+0000] {processor.py:161} INFO - Started process (PID=858) to work on /opt/airflow/dags/todv.py
[2024-07-10T18:23:38.585+0000] {processor.py:830} INFO - Processing file /opt/airflow/dags/todv.py for tasks to queue
[2024-07-10T18:23:38.587+0000] {logging_mixin.py:188} INFO - [2024-07-10T18:23:38.587+0000] {dagbag.py:540} INFO - Filling up the DagBag from /opt/airflow/dags/todv.py
[2024-07-10T18:23:38.590+0000] {processor.py:842} WARNING - No viable dags retrieved from /opt/airflow/dags/todv.py
[2024-07-10T18:23:38.600+0000] {processor.py:183} INFO - Processing /opt/airflow/dags/todv.py took 0.018 seconds
[2024-07-10T18:24:09.217+0000] {processor.py:161} INFO - Started process (PID=869) to work on /opt/airflow/dags/todv.py
[2024-07-10T18:24:09.218+0000] {processor.py:830} INFO - Processing file /opt/airflow/dags/todv.py for tasks to queue
[2024-07-10T18:24:09.219+0000] {logging_mixin.py:188} INFO - [2024-07-10T18:24:09.219+0000] {dagbag.py:540} INFO - Filling up the DagBag from /opt/airflow/dags/todv.py
[2024-07-10T18:24:09.223+0000] {processor.py:842} WARNING - No viable dags retrieved from /opt/airflow/dags/todv.py
[2024-07-10T18:24:09.234+0000] {processor.py:183} INFO - Processing /opt/airflow/dags/todv.py took 0.019 seconds
[2024-07-10T18:24:39.842+0000] {processor.py:161} INFO - Started process (PID=881) to work on /opt/airflow/dags/todv.py
[2024-07-10T18:24:39.843+0000] {processor.py:830} INFO - Processing file /opt/airflow/dags/todv.py for tasks to queue
[2024-07-10T18:24:39.844+0000] {logging_mixin.py:188} INFO - [2024-07-10T18:24:39.844+0000] {dagbag.py:540} INFO - Filling up the DagBag from /opt/airflow/dags/todv.py
[2024-07-10T18:24:39.847+0000] {processor.py:842} WARNING - No viable dags retrieved from /opt/airflow/dags/todv.py
[2024-07-10T18:24:39.857+0000] {processor.py:183} INFO - Processing /opt/airflow/dags/todv.py took 0.017 seconds
[2024-07-10T18:25:10.499+0000] {processor.py:161} INFO - Started process (PID=893) to work on /opt/airflow/dags/todv.py
[2024-07-10T18:25:10.500+0000] {processor.py:830} INFO - Processing file /opt/airflow/dags/todv.py for tasks to queue
[2024-07-10T18:25:10.502+0000] {logging_mixin.py:188} INFO - [2024-07-10T18:25:10.501+0000] {dagbag.py:540} INFO - Filling up the DagBag from /opt/airflow/dags/todv.py
[2024-07-10T18:25:10.505+0000] {processor.py:842} WARNING - No viable dags retrieved from /opt/airflow/dags/todv.py
[2024-07-10T18:25:10.515+0000] {processor.py:183} INFO - Processing /opt/airflow/dags/todv.py took 0.018 seconds
[2024-07-10T18:25:41.141+0000] {processor.py:161} INFO - Started process (PID=905) to work on /opt/airflow/dags/todv.py
[2024-07-10T18:25:41.142+0000] {processor.py:830} INFO - Processing file /opt/airflow/dags/todv.py for tasks to queue
[2024-07-10T18:25:41.144+0000] {logging_mixin.py:188} INFO - [2024-07-10T18:25:41.143+0000] {dagbag.py:540} INFO - Filling up the DagBag from /opt/airflow/dags/todv.py
[2024-07-10T18:25:41.147+0000] {processor.py:842} WARNING - No viable dags retrieved from /opt/airflow/dags/todv.py
[2024-07-10T18:25:41.158+0000] {processor.py:183} INFO - Processing /opt/airflow/dags/todv.py took 0.019 seconds
[2024-07-10T18:26:11.859+0000] {processor.py:161} INFO - Started process (PID=917) to work on /opt/airflow/dags/todv.py
[2024-07-10T18:26:11.860+0000] {processor.py:830} INFO - Processing file /opt/airflow/dags/todv.py for tasks to queue
[2024-07-10T18:26:11.862+0000] {logging_mixin.py:188} INFO - [2024-07-10T18:26:11.861+0000] {dagbag.py:540} INFO - Filling up the DagBag from /opt/airflow/dags/todv.py
[2024-07-10T18:26:11.864+0000] {processor.py:842} WARNING - No viable dags retrieved from /opt/airflow/dags/todv.py
[2024-07-10T18:26:11.876+0000] {processor.py:183} INFO - Processing /opt/airflow/dags/todv.py took 0.019 seconds
[2024-07-10T18:26:42.546+0000] {processor.py:161} INFO - Started process (PID=929) to work on /opt/airflow/dags/todv.py
[2024-07-10T18:26:42.548+0000] {processor.py:830} INFO - Processing file /opt/airflow/dags/todv.py for tasks to queue
[2024-07-10T18:26:42.550+0000] {logging_mixin.py:188} INFO - [2024-07-10T18:26:42.550+0000] {dagbag.py:540} INFO - Filling up the DagBag from /opt/airflow/dags/todv.py
[2024-07-10T18:26:42.556+0000] {processor.py:842} WARNING - No viable dags retrieved from /opt/airflow/dags/todv.py
[2024-07-10T18:26:42.566+0000] {processor.py:183} INFO - Processing /opt/airflow/dags/todv.py took 0.022 seconds
[2024-07-10T18:27:13.177+0000] {processor.py:161} INFO - Started process (PID=941) to work on /opt/airflow/dags/todv.py
[2024-07-10T18:27:13.177+0000] {processor.py:830} INFO - Processing file /opt/airflow/dags/todv.py for tasks to queue
[2024-07-10T18:27:13.179+0000] {logging_mixin.py:188} INFO - [2024-07-10T18:27:13.179+0000] {dagbag.py:540} INFO - Filling up the DagBag from /opt/airflow/dags/todv.py
[2024-07-10T18:27:13.182+0000] {processor.py:842} WARNING - No viable dags retrieved from /opt/airflow/dags/todv.py
[2024-07-10T18:27:13.194+0000] {processor.py:183} INFO - Processing /opt/airflow/dags/todv.py took 0.020 seconds
[2024-07-10T18:27:43.875+0000] {processor.py:161} INFO - Started process (PID=953) to work on /opt/airflow/dags/todv.py
[2024-07-10T18:27:43.875+0000] {processor.py:830} INFO - Processing file /opt/airflow/dags/todv.py for tasks to queue
[2024-07-10T18:27:43.877+0000] {logging_mixin.py:188} INFO - [2024-07-10T18:27:43.877+0000] {dagbag.py:540} INFO - Filling up the DagBag from /opt/airflow/dags/todv.py
[2024-07-10T18:27:43.880+0000] {processor.py:842} WARNING - No viable dags retrieved from /opt/airflow/dags/todv.py
[2024-07-10T18:27:43.894+0000] {processor.py:183} INFO - Processing /opt/airflow/dags/todv.py took 0.021 seconds
[2024-07-10T18:28:14.358+0000] {processor.py:161} INFO - Started process (PID=965) to work on /opt/airflow/dags/todv.py
[2024-07-10T18:28:14.359+0000] {processor.py:830} INFO - Processing file /opt/airflow/dags/todv.py for tasks to queue
[2024-07-10T18:28:14.360+0000] {logging_mixin.py:188} INFO - [2024-07-10T18:28:14.360+0000] {dagbag.py:540} INFO - Filling up the DagBag from /opt/airflow/dags/todv.py
[2024-07-10T18:28:14.362+0000] {processor.py:842} WARNING - No viable dags retrieved from /opt/airflow/dags/todv.py
[2024-07-10T18:28:14.377+0000] {processor.py:183} INFO - Processing /opt/airflow/dags/todv.py took 0.021 seconds
[2024-07-10T18:28:45.035+0000] {processor.py:161} INFO - Started process (PID=977) to work on /opt/airflow/dags/todv.py
[2024-07-10T18:28:45.036+0000] {processor.py:830} INFO - Processing file /opt/airflow/dags/todv.py for tasks to queue
[2024-07-10T18:28:45.037+0000] {logging_mixin.py:188} INFO - [2024-07-10T18:28:45.037+0000] {dagbag.py:540} INFO - Filling up the DagBag from /opt/airflow/dags/todv.py
[2024-07-10T18:28:45.040+0000] {processor.py:842} WARNING - No viable dags retrieved from /opt/airflow/dags/todv.py
[2024-07-10T18:28:45.049+0000] {processor.py:183} INFO - Processing /opt/airflow/dags/todv.py took 0.017 seconds
[2024-07-10T18:29:15.634+0000] {processor.py:161} INFO - Started process (PID=989) to work on /opt/airflow/dags/todv.py
[2024-07-10T18:29:15.635+0000] {processor.py:830} INFO - Processing file /opt/airflow/dags/todv.py for tasks to queue
[2024-07-10T18:29:15.637+0000] {logging_mixin.py:188} INFO - [2024-07-10T18:29:15.637+0000] {dagbag.py:540} INFO - Filling up the DagBag from /opt/airflow/dags/todv.py
[2024-07-10T18:29:15.641+0000] {processor.py:842} WARNING - No viable dags retrieved from /opt/airflow/dags/todv.py
[2024-07-10T18:29:15.651+0000] {processor.py:183} INFO - Processing /opt/airflow/dags/todv.py took 0.018 seconds
[2024-07-10T18:29:46.086+0000] {processor.py:161} INFO - Started process (PID=1000) to work on /opt/airflow/dags/todv.py
[2024-07-10T18:29:46.087+0000] {processor.py:830} INFO - Processing file /opt/airflow/dags/todv.py for tasks to queue
[2024-07-10T18:29:46.089+0000] {logging_mixin.py:188} INFO - [2024-07-10T18:29:46.089+0000] {dagbag.py:540} INFO - Filling up the DagBag from /opt/airflow/dags/todv.py
[2024-07-10T18:29:46.092+0000] {processor.py:842} WARNING - No viable dags retrieved from /opt/airflow/dags/todv.py
[2024-07-10T18:29:46.103+0000] {processor.py:183} INFO - Processing /opt/airflow/dags/todv.py took 0.020 seconds
[2024-07-10T18:30:16.735+0000] {processor.py:161} INFO - Started process (PID=1011) to work on /opt/airflow/dags/todv.py
[2024-07-10T18:30:16.736+0000] {processor.py:830} INFO - Processing file /opt/airflow/dags/todv.py for tasks to queue
[2024-07-10T18:30:16.737+0000] {logging_mixin.py:188} INFO - [2024-07-10T18:30:16.737+0000] {dagbag.py:540} INFO - Filling up the DagBag from /opt/airflow/dags/todv.py
[2024-07-10T18:30:16.742+0000] {processor.py:842} WARNING - No viable dags retrieved from /opt/airflow/dags/todv.py
[2024-07-10T18:30:16.754+0000] {processor.py:183} INFO - Processing /opt/airflow/dags/todv.py took 0.023 seconds
[2024-07-10T18:30:47.448+0000] {processor.py:161} INFO - Started process (PID=1023) to work on /opt/airflow/dags/todv.py
[2024-07-10T18:30:47.449+0000] {processor.py:830} INFO - Processing file /opt/airflow/dags/todv.py for tasks to queue
[2024-07-10T18:30:47.452+0000] {logging_mixin.py:188} INFO - [2024-07-10T18:30:47.451+0000] {dagbag.py:540} INFO - Filling up the DagBag from /opt/airflow/dags/todv.py
[2024-07-10T18:30:47.455+0000] {processor.py:842} WARNING - No viable dags retrieved from /opt/airflow/dags/todv.py
[2024-07-10T18:30:47.465+0000] {processor.py:183} INFO - Processing /opt/airflow/dags/todv.py took 0.021 seconds
[2024-07-10T18:31:18.099+0000] {processor.py:161} INFO - Started process (PID=1035) to work on /opt/airflow/dags/todv.py
[2024-07-10T18:31:18.100+0000] {processor.py:830} INFO - Processing file /opt/airflow/dags/todv.py for tasks to queue
[2024-07-10T18:31:18.102+0000] {logging_mixin.py:188} INFO - [2024-07-10T18:31:18.101+0000] {dagbag.py:540} INFO - Filling up the DagBag from /opt/airflow/dags/todv.py
[2024-07-10T18:31:18.105+0000] {processor.py:842} WARNING - No viable dags retrieved from /opt/airflow/dags/todv.py
[2024-07-10T18:31:18.115+0000] {processor.py:183} INFO - Processing /opt/airflow/dags/todv.py took 0.019 seconds
[2024-07-10T18:31:48.750+0000] {processor.py:161} INFO - Started process (PID=1046) to work on /opt/airflow/dags/todv.py
[2024-07-10T18:31:48.751+0000] {processor.py:830} INFO - Processing file /opt/airflow/dags/todv.py for tasks to queue
[2024-07-10T18:31:48.752+0000] {logging_mixin.py:188} INFO - [2024-07-10T18:31:48.752+0000] {dagbag.py:540} INFO - Filling up the DagBag from /opt/airflow/dags/todv.py
[2024-07-10T18:31:48.756+0000] {processor.py:842} WARNING - No viable dags retrieved from /opt/airflow/dags/todv.py
[2024-07-10T18:31:48.766+0000] {processor.py:183} INFO - Processing /opt/airflow/dags/todv.py took 0.018 seconds
[2024-07-10T18:32:19.411+0000] {processor.py:161} INFO - Started process (PID=1058) to work on /opt/airflow/dags/todv.py
[2024-07-10T18:32:19.412+0000] {processor.py:830} INFO - Processing file /opt/airflow/dags/todv.py for tasks to queue
[2024-07-10T18:32:19.414+0000] {logging_mixin.py:188} INFO - [2024-07-10T18:32:19.413+0000] {dagbag.py:540} INFO - Filling up the DagBag from /opt/airflow/dags/todv.py
[2024-07-10T18:32:19.417+0000] {processor.py:842} WARNING - No viable dags retrieved from /opt/airflow/dags/todv.py
[2024-07-10T18:32:19.430+0000] {processor.py:183} INFO - Processing /opt/airflow/dags/todv.py took 0.021 seconds
[2024-07-10T18:32:50.102+0000] {processor.py:161} INFO - Started process (PID=1070) to work on /opt/airflow/dags/todv.py
[2024-07-10T18:32:50.103+0000] {processor.py:830} INFO - Processing file /opt/airflow/dags/todv.py for tasks to queue
[2024-07-10T18:32:50.105+0000] {logging_mixin.py:188} INFO - [2024-07-10T18:32:50.105+0000] {dagbag.py:540} INFO - Filling up the DagBag from /opt/airflow/dags/todv.py
[2024-07-10T18:32:50.108+0000] {processor.py:842} WARNING - No viable dags retrieved from /opt/airflow/dags/todv.py
[2024-07-10T18:32:50.117+0000] {processor.py:183} INFO - Processing /opt/airflow/dags/todv.py took 0.018 seconds
[2024-07-10T18:33:20.769+0000] {processor.py:161} INFO - Started process (PID=1082) to work on /opt/airflow/dags/todv.py
[2024-07-10T18:33:20.769+0000] {processor.py:830} INFO - Processing file /opt/airflow/dags/todv.py for tasks to queue
[2024-07-10T18:33:20.771+0000] {logging_mixin.py:188} INFO - [2024-07-10T18:33:20.771+0000] {dagbag.py:540} INFO - Filling up the DagBag from /opt/airflow/dags/todv.py
[2024-07-10T18:33:20.774+0000] {processor.py:842} WARNING - No viable dags retrieved from /opt/airflow/dags/todv.py
[2024-07-10T18:33:20.786+0000] {processor.py:183} INFO - Processing /opt/airflow/dags/todv.py took 0.020 seconds
[2024-07-10T18:33:51.218+0000] {processor.py:161} INFO - Started process (PID=1094) to work on /opt/airflow/dags/todv.py
[2024-07-10T18:33:51.219+0000] {processor.py:830} INFO - Processing file /opt/airflow/dags/todv.py for tasks to queue
[2024-07-10T18:33:51.221+0000] {logging_mixin.py:188} INFO - [2024-07-10T18:33:51.221+0000] {dagbag.py:540} INFO - Filling up the DagBag from /opt/airflow/dags/todv.py
[2024-07-10T18:33:51.224+0000] {processor.py:842} WARNING - No viable dags retrieved from /opt/airflow/dags/todv.py
[2024-07-10T18:33:51.234+0000] {processor.py:183} INFO - Processing /opt/airflow/dags/todv.py took 0.019 seconds
[2024-07-10T18:34:21.934+0000] {processor.py:161} INFO - Started process (PID=1111) to work on /opt/airflow/dags/todv.py
[2024-07-10T18:34:21.934+0000] {processor.py:830} INFO - Processing file /opt/airflow/dags/todv.py for tasks to queue
[2024-07-10T18:34:21.936+0000] {logging_mixin.py:188} INFO - [2024-07-10T18:34:21.935+0000] {dagbag.py:540} INFO - Filling up the DagBag from /opt/airflow/dags/todv.py
[2024-07-10T18:34:21.939+0000] {processor.py:842} WARNING - No viable dags retrieved from /opt/airflow/dags/todv.py
[2024-07-10T18:34:21.949+0000] {processor.py:183} INFO - Processing /opt/airflow/dags/todv.py took 0.018 seconds
[2024-07-10T18:34:52.612+0000] {processor.py:161} INFO - Started process (PID=1123) to work on /opt/airflow/dags/todv.py
[2024-07-10T18:34:52.613+0000] {processor.py:830} INFO - Processing file /opt/airflow/dags/todv.py for tasks to queue
[2024-07-10T18:34:52.615+0000] {logging_mixin.py:188} INFO - [2024-07-10T18:34:52.615+0000] {dagbag.py:540} INFO - Filling up the DagBag from /opt/airflow/dags/todv.py
[2024-07-10T18:34:52.618+0000] {processor.py:842} WARNING - No viable dags retrieved from /opt/airflow/dags/todv.py
[2024-07-10T18:34:52.627+0000] {processor.py:183} INFO - Processing /opt/airflow/dags/todv.py took 0.018 seconds
[2024-07-10T18:35:23.263+0000] {processor.py:161} INFO - Started process (PID=1135) to work on /opt/airflow/dags/todv.py
[2024-07-10T18:35:23.264+0000] {processor.py:830} INFO - Processing file /opt/airflow/dags/todv.py for tasks to queue
[2024-07-10T18:35:23.266+0000] {logging_mixin.py:188} INFO - [2024-07-10T18:35:23.266+0000] {dagbag.py:540} INFO - Filling up the DagBag from /opt/airflow/dags/todv.py
[2024-07-10T18:35:23.269+0000] {processor.py:842} WARNING - No viable dags retrieved from /opt/airflow/dags/todv.py
[2024-07-10T18:35:23.279+0000] {processor.py:183} INFO - Processing /opt/airflow/dags/todv.py took 0.018 seconds
[2024-07-10T18:35:53.867+0000] {processor.py:161} INFO - Started process (PID=1147) to work on /opt/airflow/dags/todv.py
[2024-07-10T18:35:53.867+0000] {processor.py:830} INFO - Processing file /opt/airflow/dags/todv.py for tasks to queue
[2024-07-10T18:35:53.869+0000] {logging_mixin.py:188} INFO - [2024-07-10T18:35:53.869+0000] {dagbag.py:540} INFO - Filling up the DagBag from /opt/airflow/dags/todv.py
[2024-07-10T18:35:53.873+0000] {processor.py:842} WARNING - No viable dags retrieved from /opt/airflow/dags/todv.py
[2024-07-10T18:35:53.883+0000] {processor.py:183} INFO - Processing /opt/airflow/dags/todv.py took 0.018 seconds
[2024-07-10T18:36:24.497+0000] {processor.py:161} INFO - Started process (PID=1159) to work on /opt/airflow/dags/todv.py
[2024-07-10T18:36:24.498+0000] {processor.py:830} INFO - Processing file /opt/airflow/dags/todv.py for tasks to queue
[2024-07-10T18:36:24.499+0000] {logging_mixin.py:188} INFO - [2024-07-10T18:36:24.499+0000] {dagbag.py:540} INFO - Filling up the DagBag from /opt/airflow/dags/todv.py
[2024-07-10T18:36:24.502+0000] {processor.py:842} WARNING - No viable dags retrieved from /opt/airflow/dags/todv.py
[2024-07-10T18:36:24.513+0000] {processor.py:183} INFO - Processing /opt/airflow/dags/todv.py took 0.019 seconds
[2024-07-10T18:36:55.241+0000] {processor.py:161} INFO - Started process (PID=1172) to work on /opt/airflow/dags/todv.py
[2024-07-10T18:36:55.242+0000] {processor.py:830} INFO - Processing file /opt/airflow/dags/todv.py for tasks to queue
[2024-07-10T18:36:55.243+0000] {logging_mixin.py:188} INFO - [2024-07-10T18:36:55.243+0000] {dagbag.py:540} INFO - Filling up the DagBag from /opt/airflow/dags/todv.py
[2024-07-10T18:36:55.246+0000] {processor.py:842} WARNING - No viable dags retrieved from /opt/airflow/dags/todv.py
[2024-07-10T18:36:55.257+0000] {processor.py:183} INFO - Processing /opt/airflow/dags/todv.py took 0.020 seconds
[2024-07-10T18:37:25.913+0000] {processor.py:161} INFO - Started process (PID=1184) to work on /opt/airflow/dags/todv.py
[2024-07-10T18:37:25.915+0000] {processor.py:830} INFO - Processing file /opt/airflow/dags/todv.py for tasks to queue
[2024-07-10T18:37:25.917+0000] {logging_mixin.py:188} INFO - [2024-07-10T18:37:25.917+0000] {dagbag.py:540} INFO - Filling up the DagBag from /opt/airflow/dags/todv.py
[2024-07-10T18:37:25.923+0000] {processor.py:842} WARNING - No viable dags retrieved from /opt/airflow/dags/todv.py
[2024-07-10T18:37:25.934+0000] {processor.py:183} INFO - Processing /opt/airflow/dags/todv.py took 0.023 seconds
[2024-07-10T18:37:56.564+0000] {processor.py:161} INFO - Started process (PID=1196) to work on /opt/airflow/dags/todv.py
[2024-07-10T18:37:56.565+0000] {processor.py:830} INFO - Processing file /opt/airflow/dags/todv.py for tasks to queue
[2024-07-10T18:37:56.567+0000] {logging_mixin.py:188} INFO - [2024-07-10T18:37:56.567+0000] {dagbag.py:540} INFO - Filling up the DagBag from /opt/airflow/dags/todv.py
[2024-07-10T18:37:56.570+0000] {processor.py:842} WARNING - No viable dags retrieved from /opt/airflow/dags/todv.py
[2024-07-10T18:37:56.579+0000] {processor.py:183} INFO - Processing /opt/airflow/dags/todv.py took 0.019 seconds
[2024-07-10T18:38:27.189+0000] {processor.py:161} INFO - Started process (PID=1208) to work on /opt/airflow/dags/todv.py
[2024-07-10T18:38:27.190+0000] {processor.py:830} INFO - Processing file /opt/airflow/dags/todv.py for tasks to queue
[2024-07-10T18:38:27.192+0000] {logging_mixin.py:188} INFO - [2024-07-10T18:38:27.192+0000] {dagbag.py:540} INFO - Filling up the DagBag from /opt/airflow/dags/todv.py
[2024-07-10T18:38:27.196+0000] {processor.py:842} WARNING - No viable dags retrieved from /opt/airflow/dags/todv.py
[2024-07-10T18:38:27.207+0000] {processor.py:183} INFO - Processing /opt/airflow/dags/todv.py took 0.023 seconds
[2024-07-10T18:38:57.810+0000] {processor.py:161} INFO - Started process (PID=1220) to work on /opt/airflow/dags/todv.py
[2024-07-10T18:38:57.811+0000] {processor.py:830} INFO - Processing file /opt/airflow/dags/todv.py for tasks to queue
[2024-07-10T18:38:57.812+0000] {logging_mixin.py:188} INFO - [2024-07-10T18:38:57.812+0000] {dagbag.py:540} INFO - Filling up the DagBag from /opt/airflow/dags/todv.py
[2024-07-10T18:38:57.816+0000] {processor.py:842} WARNING - No viable dags retrieved from /opt/airflow/dags/todv.py
[2024-07-10T18:38:57.828+0000] {processor.py:183} INFO - Processing /opt/airflow/dags/todv.py took 0.022 seconds
[2024-07-10T18:39:28.385+0000] {processor.py:161} INFO - Started process (PID=1232) to work on /opt/airflow/dags/todv.py
[2024-07-10T18:39:28.386+0000] {processor.py:830} INFO - Processing file /opt/airflow/dags/todv.py for tasks to queue
[2024-07-10T18:39:28.388+0000] {logging_mixin.py:188} INFO - [2024-07-10T18:39:28.387+0000] {dagbag.py:540} INFO - Filling up the DagBag from /opt/airflow/dags/todv.py
[2024-07-10T18:39:28.391+0000] {processor.py:842} WARNING - No viable dags retrieved from /opt/airflow/dags/todv.py
[2024-07-10T18:39:28.403+0000] {processor.py:183} INFO - Processing /opt/airflow/dags/todv.py took 0.020 seconds
[2024-07-10T18:39:59.009+0000] {processor.py:161} INFO - Started process (PID=1244) to work on /opt/airflow/dags/todv.py
[2024-07-10T18:39:59.010+0000] {processor.py:830} INFO - Processing file /opt/airflow/dags/todv.py for tasks to queue
[2024-07-10T18:39:59.011+0000] {logging_mixin.py:188} INFO - [2024-07-10T18:39:59.011+0000] {dagbag.py:540} INFO - Filling up the DagBag from /opt/airflow/dags/todv.py
[2024-07-10T18:39:59.014+0000] {processor.py:842} WARNING - No viable dags retrieved from /opt/airflow/dags/todv.py
[2024-07-10T18:39:59.025+0000] {processor.py:183} INFO - Processing /opt/airflow/dags/todv.py took 0.019 seconds
[2024-07-10T18:40:29.630+0000] {processor.py:161} INFO - Started process (PID=1255) to work on /opt/airflow/dags/todv.py
[2024-07-10T18:40:29.631+0000] {processor.py:830} INFO - Processing file /opt/airflow/dags/todv.py for tasks to queue
[2024-07-10T18:40:29.634+0000] {logging_mixin.py:188} INFO - [2024-07-10T18:40:29.633+0000] {dagbag.py:540} INFO - Filling up the DagBag from /opt/airflow/dags/todv.py
[2024-07-10T18:40:29.639+0000] {processor.py:842} WARNING - No viable dags retrieved from /opt/airflow/dags/todv.py
[2024-07-10T18:40:29.651+0000] {processor.py:183} INFO - Processing /opt/airflow/dags/todv.py took 0.024 seconds
[2024-07-10T18:41:00.237+0000] {processor.py:161} INFO - Started process (PID=1267) to work on /opt/airflow/dags/todv.py
[2024-07-10T18:41:00.238+0000] {processor.py:830} INFO - Processing file /opt/airflow/dags/todv.py for tasks to queue
[2024-07-10T18:41:00.239+0000] {logging_mixin.py:188} INFO - [2024-07-10T18:41:00.239+0000] {dagbag.py:540} INFO - Filling up the DagBag from /opt/airflow/dags/todv.py
[2024-07-10T18:41:00.242+0000] {processor.py:842} WARNING - No viable dags retrieved from /opt/airflow/dags/todv.py
[2024-07-10T18:41:00.252+0000] {processor.py:183} INFO - Processing /opt/airflow/dags/todv.py took 0.017 seconds
[2024-07-10T18:41:30.873+0000] {processor.py:161} INFO - Started process (PID=1279) to work on /opt/airflow/dags/todv.py
[2024-07-10T18:41:30.874+0000] {processor.py:830} INFO - Processing file /opt/airflow/dags/todv.py for tasks to queue
[2024-07-10T18:41:30.877+0000] {logging_mixin.py:188} INFO - [2024-07-10T18:41:30.877+0000] {dagbag.py:540} INFO - Filling up the DagBag from /opt/airflow/dags/todv.py
[2024-07-10T18:41:30.880+0000] {processor.py:842} WARNING - No viable dags retrieved from /opt/airflow/dags/todv.py
[2024-07-10T18:41:30.891+0000] {processor.py:183} INFO - Processing /opt/airflow/dags/todv.py took 0.021 seconds
[2024-07-10T18:42:01.513+0000] {processor.py:161} INFO - Started process (PID=1291) to work on /opt/airflow/dags/todv.py
[2024-07-10T18:42:01.514+0000] {processor.py:830} INFO - Processing file /opt/airflow/dags/todv.py for tasks to queue
[2024-07-10T18:42:01.516+0000] {logging_mixin.py:188} INFO - [2024-07-10T18:42:01.516+0000] {dagbag.py:540} INFO - Filling up the DagBag from /opt/airflow/dags/todv.py
[2024-07-10T18:42:01.519+0000] {processor.py:842} WARNING - No viable dags retrieved from /opt/airflow/dags/todv.py
[2024-07-10T18:42:01.531+0000] {processor.py:183} INFO - Processing /opt/airflow/dags/todv.py took 0.021 seconds
[2024-07-10T18:42:32.136+0000] {processor.py:161} INFO - Started process (PID=1303) to work on /opt/airflow/dags/todv.py
[2024-07-10T18:42:32.138+0000] {processor.py:830} INFO - Processing file /opt/airflow/dags/todv.py for tasks to queue
[2024-07-10T18:42:32.141+0000] {logging_mixin.py:188} INFO - [2024-07-10T18:42:32.140+0000] {dagbag.py:540} INFO - Filling up the DagBag from /opt/airflow/dags/todv.py
[2024-07-10T18:42:32.145+0000] {processor.py:842} WARNING - No viable dags retrieved from /opt/airflow/dags/todv.py
[2024-07-10T18:42:32.154+0000] {processor.py:183} INFO - Processing /opt/airflow/dags/todv.py took 0.021 seconds
[2024-07-10T18:43:02.847+0000] {processor.py:161} INFO - Started process (PID=1316) to work on /opt/airflow/dags/todv.py
[2024-07-10T18:43:02.848+0000] {processor.py:830} INFO - Processing file /opt/airflow/dags/todv.py for tasks to queue
[2024-07-10T18:43:02.850+0000] {logging_mixin.py:188} INFO - [2024-07-10T18:43:02.849+0000] {dagbag.py:540} INFO - Filling up the DagBag from /opt/airflow/dags/todv.py
[2024-07-10T18:43:02.853+0000] {processor.py:842} WARNING - No viable dags retrieved from /opt/airflow/dags/todv.py
[2024-07-10T18:43:02.863+0000] {processor.py:183} INFO - Processing /opt/airflow/dags/todv.py took 0.019 seconds
[2024-07-10T18:43:33.406+0000] {processor.py:161} INFO - Started process (PID=1328) to work on /opt/airflow/dags/todv.py
[2024-07-10T18:43:33.407+0000] {processor.py:830} INFO - Processing file /opt/airflow/dags/todv.py for tasks to queue
[2024-07-10T18:43:33.409+0000] {logging_mixin.py:188} INFO - [2024-07-10T18:43:33.408+0000] {dagbag.py:540} INFO - Filling up the DagBag from /opt/airflow/dags/todv.py
[2024-07-10T18:43:33.412+0000] {processor.py:842} WARNING - No viable dags retrieved from /opt/airflow/dags/todv.py
[2024-07-10T18:43:33.421+0000] {processor.py:183} INFO - Processing /opt/airflow/dags/todv.py took 0.017 seconds
[2024-07-10T18:44:03.955+0000] {processor.py:161} INFO - Started process (PID=1339) to work on /opt/airflow/dags/todv.py
[2024-07-10T18:44:03.956+0000] {processor.py:830} INFO - Processing file /opt/airflow/dags/todv.py for tasks to queue
[2024-07-10T18:44:03.958+0000] {logging_mixin.py:188} INFO - [2024-07-10T18:44:03.958+0000] {dagbag.py:540} INFO - Filling up the DagBag from /opt/airflow/dags/todv.py
[2024-07-10T18:44:03.961+0000] {processor.py:842} WARNING - No viable dags retrieved from /opt/airflow/dags/todv.py
[2024-07-10T18:44:03.970+0000] {processor.py:183} INFO - Processing /opt/airflow/dags/todv.py took 0.017 seconds
[2024-07-10T18:44:34.500+0000] {processor.py:161} INFO - Started process (PID=1351) to work on /opt/airflow/dags/todv.py
[2024-07-10T18:44:34.501+0000] {processor.py:830} INFO - Processing file /opt/airflow/dags/todv.py for tasks to queue
[2024-07-10T18:44:34.503+0000] {logging_mixin.py:188} INFO - [2024-07-10T18:44:34.502+0000] {dagbag.py:540} INFO - Filling up the DagBag from /opt/airflow/dags/todv.py
[2024-07-10T18:44:34.507+0000] {processor.py:842} WARNING - No viable dags retrieved from /opt/airflow/dags/todv.py
[2024-07-10T18:44:34.518+0000] {processor.py:183} INFO - Processing /opt/airflow/dags/todv.py took 0.023 seconds
[2024-07-10T18:45:05.061+0000] {processor.py:161} INFO - Started process (PID=1363) to work on /opt/airflow/dags/todv.py
[2024-07-10T18:45:05.062+0000] {processor.py:830} INFO - Processing file /opt/airflow/dags/todv.py for tasks to queue
[2024-07-10T18:45:05.063+0000] {logging_mixin.py:188} INFO - [2024-07-10T18:45:05.063+0000] {dagbag.py:540} INFO - Filling up the DagBag from /opt/airflow/dags/todv.py
[2024-07-10T18:45:05.066+0000] {processor.py:842} WARNING - No viable dags retrieved from /opt/airflow/dags/todv.py
[2024-07-10T18:45:05.073+0000] {processor.py:183} INFO - Processing /opt/airflow/dags/todv.py took 0.014 seconds
[2024-07-10T18:45:35.661+0000] {processor.py:161} INFO - Started process (PID=1375) to work on /opt/airflow/dags/todv.py
[2024-07-10T18:45:35.662+0000] {processor.py:830} INFO - Processing file /opt/airflow/dags/todv.py for tasks to queue
[2024-07-10T18:45:35.663+0000] {logging_mixin.py:188} INFO - [2024-07-10T18:45:35.663+0000] {dagbag.py:540} INFO - Filling up the DagBag from /opt/airflow/dags/todv.py
[2024-07-10T18:45:35.666+0000] {processor.py:842} WARNING - No viable dags retrieved from /opt/airflow/dags/todv.py
[2024-07-10T18:45:35.677+0000] {processor.py:183} INFO - Processing /opt/airflow/dags/todv.py took 0.019 seconds
[2024-07-10T18:46:06.254+0000] {processor.py:161} INFO - Started process (PID=1387) to work on /opt/airflow/dags/todv.py
[2024-07-10T18:46:06.255+0000] {processor.py:830} INFO - Processing file /opt/airflow/dags/todv.py for tasks to queue
[2024-07-10T18:46:06.257+0000] {logging_mixin.py:188} INFO - [2024-07-10T18:46:06.256+0000] {dagbag.py:540} INFO - Filling up the DagBag from /opt/airflow/dags/todv.py
[2024-07-10T18:46:06.260+0000] {processor.py:842} WARNING - No viable dags retrieved from /opt/airflow/dags/todv.py
[2024-07-10T18:46:06.271+0000] {processor.py:183} INFO - Processing /opt/airflow/dags/todv.py took 0.019 seconds
[2024-07-10T18:46:36.879+0000] {processor.py:161} INFO - Started process (PID=1399) to work on /opt/airflow/dags/todv.py
[2024-07-10T18:46:36.880+0000] {processor.py:830} INFO - Processing file /opt/airflow/dags/todv.py for tasks to queue
[2024-07-10T18:46:36.883+0000] {logging_mixin.py:188} INFO - [2024-07-10T18:46:36.883+0000] {dagbag.py:540} INFO - Filling up the DagBag from /opt/airflow/dags/todv.py
[2024-07-10T18:46:36.888+0000] {processor.py:842} WARNING - No viable dags retrieved from /opt/airflow/dags/todv.py
[2024-07-10T18:46:36.902+0000] {processor.py:183} INFO - Processing /opt/airflow/dags/todv.py took 0.026 seconds
[2024-07-10T18:47:07.482+0000] {processor.py:161} INFO - Started process (PID=1410) to work on /opt/airflow/dags/todv.py
[2024-07-10T18:47:07.483+0000] {processor.py:830} INFO - Processing file /opt/airflow/dags/todv.py for tasks to queue
[2024-07-10T18:47:07.485+0000] {logging_mixin.py:188} INFO - [2024-07-10T18:47:07.485+0000] {dagbag.py:540} INFO - Filling up the DagBag from /opt/airflow/dags/todv.py
[2024-07-10T18:47:07.489+0000] {processor.py:842} WARNING - No viable dags retrieved from /opt/airflow/dags/todv.py
[2024-07-10T18:47:07.501+0000] {processor.py:183} INFO - Processing /opt/airflow/dags/todv.py took 0.023 seconds
[2024-07-10T18:47:38.022+0000] {processor.py:161} INFO - Started process (PID=1421) to work on /opt/airflow/dags/todv.py
[2024-07-10T18:47:38.023+0000] {processor.py:830} INFO - Processing file /opt/airflow/dags/todv.py for tasks to queue
[2024-07-10T18:47:38.025+0000] {logging_mixin.py:188} INFO - [2024-07-10T18:47:38.025+0000] {dagbag.py:540} INFO - Filling up the DagBag from /opt/airflow/dags/todv.py
[2024-07-10T18:47:38.030+0000] {processor.py:842} WARNING - No viable dags retrieved from /opt/airflow/dags/todv.py
[2024-07-10T18:47:38.043+0000] {processor.py:183} INFO - Processing /opt/airflow/dags/todv.py took 0.026 seconds
[2024-07-10T18:48:08.694+0000] {processor.py:161} INFO - Started process (PID=1433) to work on /opt/airflow/dags/todv.py
[2024-07-10T18:48:08.695+0000] {processor.py:830} INFO - Processing file /opt/airflow/dags/todv.py for tasks to queue
[2024-07-10T18:48:08.697+0000] {logging_mixin.py:188} INFO - [2024-07-10T18:48:08.697+0000] {dagbag.py:540} INFO - Filling up the DagBag from /opt/airflow/dags/todv.py
[2024-07-10T18:48:08.701+0000] {processor.py:842} WARNING - No viable dags retrieved from /opt/airflow/dags/todv.py
[2024-07-10T18:48:08.712+0000] {processor.py:183} INFO - Processing /opt/airflow/dags/todv.py took 0.021 seconds
[2024-07-10T18:48:39.333+0000] {processor.py:161} INFO - Started process (PID=1445) to work on /opt/airflow/dags/todv.py
[2024-07-10T18:48:39.334+0000] {processor.py:830} INFO - Processing file /opt/airflow/dags/todv.py for tasks to queue
[2024-07-10T18:48:39.335+0000] {logging_mixin.py:188} INFO - [2024-07-10T18:48:39.335+0000] {dagbag.py:540} INFO - Filling up the DagBag from /opt/airflow/dags/todv.py
[2024-07-10T18:48:39.339+0000] {processor.py:842} WARNING - No viable dags retrieved from /opt/airflow/dags/todv.py
[2024-07-10T18:48:39.352+0000] {processor.py:183} INFO - Processing /opt/airflow/dags/todv.py took 0.024 seconds
