[2024-07-10T17:48:25.333+0000] {processor.py:161} INFO - Started process (PID=35) to work on /opt/airflow/dags/tostaging.py
[2024-07-10T17:48:25.339+0000] {processor.py:830} INFO - Processing file /opt/airflow/dags/tostaging.py for tasks to queue
[2024-07-10T17:48:25.344+0000] {logging_mixin.py:188} INFO - [2024-07-10T17:48:25.344+0000] {dagbag.py:540} INFO - Filling up the DagBag from /opt/airflow/dags/tostaging.py
[2024-07-10T17:48:25.363+0000] {processor.py:842} WARNING - No viable dags retrieved from /opt/airflow/dags/tostaging.py
[2024-07-10T17:48:25.384+0000] {processor.py:183} INFO - Processing /opt/airflow/dags/tostaging.py took 0.057 seconds
[2024-07-10T17:48:56.323+0000] {processor.py:161} INFO - Started process (PID=47) to work on /opt/airflow/dags/tostaging.py
[2024-07-10T17:48:56.324+0000] {processor.py:830} INFO - Processing file /opt/airflow/dags/tostaging.py for tasks to queue
[2024-07-10T17:48:56.326+0000] {logging_mixin.py:188} INFO - [2024-07-10T17:48:56.325+0000] {dagbag.py:540} INFO - Filling up the DagBag from /opt/airflow/dags/tostaging.py
[2024-07-10T17:48:56.328+0000] {processor.py:842} WARNING - No viable dags retrieved from /opt/airflow/dags/tostaging.py
[2024-07-10T17:48:56.339+0000] {processor.py:183} INFO - Processing /opt/airflow/dags/tostaging.py took 0.018 seconds
[2024-07-10T17:49:26.832+0000] {processor.py:161} INFO - Started process (PID=59) to work on /opt/airflow/dags/tostaging.py
[2024-07-10T17:49:26.833+0000] {processor.py:830} INFO - Processing file /opt/airflow/dags/tostaging.py for tasks to queue
[2024-07-10T17:49:26.835+0000] {logging_mixin.py:188} INFO - [2024-07-10T17:49:26.835+0000] {dagbag.py:540} INFO - Filling up the DagBag from /opt/airflow/dags/tostaging.py
[2024-07-10T17:49:26.840+0000] {processor.py:842} WARNING - No viable dags retrieved from /opt/airflow/dags/tostaging.py
[2024-07-10T17:49:26.854+0000] {processor.py:183} INFO - Processing /opt/airflow/dags/tostaging.py took 0.024 seconds
[2024-07-10T17:49:57.497+0000] {processor.py:161} INFO - Started process (PID=71) to work on /opt/airflow/dags/tostaging.py
[2024-07-10T17:49:57.498+0000] {processor.py:830} INFO - Processing file /opt/airflow/dags/tostaging.py for tasks to queue
[2024-07-10T17:49:57.499+0000] {logging_mixin.py:188} INFO - [2024-07-10T17:49:57.499+0000] {dagbag.py:540} INFO - Filling up the DagBag from /opt/airflow/dags/tostaging.py
[2024-07-10T17:49:57.503+0000] {processor.py:842} WARNING - No viable dags retrieved from /opt/airflow/dags/tostaging.py
[2024-07-10T17:49:57.516+0000] {processor.py:183} INFO - Processing /opt/airflow/dags/tostaging.py took 0.021 seconds
[2024-07-10T17:50:28.196+0000] {processor.py:161} INFO - Started process (PID=83) to work on /opt/airflow/dags/tostaging.py
[2024-07-10T17:50:28.197+0000] {processor.py:830} INFO - Processing file /opt/airflow/dags/tostaging.py for tasks to queue
[2024-07-10T17:50:28.199+0000] {logging_mixin.py:188} INFO - [2024-07-10T17:50:28.199+0000] {dagbag.py:540} INFO - Filling up the DagBag from /opt/airflow/dags/tostaging.py
[2024-07-10T17:50:28.203+0000] {processor.py:842} WARNING - No viable dags retrieved from /opt/airflow/dags/tostaging.py
[2024-07-10T17:50:28.214+0000] {processor.py:183} INFO - Processing /opt/airflow/dags/tostaging.py took 0.021 seconds
[2024-07-10T17:50:58.771+0000] {processor.py:161} INFO - Started process (PID=95) to work on /opt/airflow/dags/tostaging.py
[2024-07-10T17:50:58.771+0000] {processor.py:830} INFO - Processing file /opt/airflow/dags/tostaging.py for tasks to queue
[2024-07-10T17:50:58.774+0000] {logging_mixin.py:188} INFO - [2024-07-10T17:50:58.773+0000] {dagbag.py:540} INFO - Filling up the DagBag from /opt/airflow/dags/tostaging.py
[2024-07-10T17:50:58.777+0000] {processor.py:842} WARNING - No viable dags retrieved from /opt/airflow/dags/tostaging.py
[2024-07-10T17:50:58.787+0000] {processor.py:183} INFO - Processing /opt/airflow/dags/tostaging.py took 0.020 seconds
[2024-07-10T17:51:29.407+0000] {processor.py:161} INFO - Started process (PID=107) to work on /opt/airflow/dags/tostaging.py
[2024-07-10T17:51:29.408+0000] {processor.py:830} INFO - Processing file /opt/airflow/dags/tostaging.py for tasks to queue
[2024-07-10T17:51:29.410+0000] {logging_mixin.py:188} INFO - [2024-07-10T17:51:29.410+0000] {dagbag.py:540} INFO - Filling up the DagBag from /opt/airflow/dags/tostaging.py
[2024-07-10T17:51:29.413+0000] {processor.py:842} WARNING - No viable dags retrieved from /opt/airflow/dags/tostaging.py
[2024-07-10T17:51:29.423+0000] {processor.py:183} INFO - Processing /opt/airflow/dags/tostaging.py took 0.017 seconds
[2024-07-10T17:52:00.031+0000] {processor.py:161} INFO - Started process (PID=119) to work on /opt/airflow/dags/tostaging.py
[2024-07-10T17:52:00.032+0000] {processor.py:830} INFO - Processing file /opt/airflow/dags/tostaging.py for tasks to queue
[2024-07-10T17:52:00.033+0000] {logging_mixin.py:188} INFO - [2024-07-10T17:52:00.033+0000] {dagbag.py:540} INFO - Filling up the DagBag from /opt/airflow/dags/tostaging.py
[2024-07-10T17:52:00.037+0000] {processor.py:842} WARNING - No viable dags retrieved from /opt/airflow/dags/tostaging.py
[2024-07-10T17:52:00.047+0000] {processor.py:183} INFO - Processing /opt/airflow/dags/tostaging.py took 0.018 seconds
[2024-07-10T17:52:30.622+0000] {processor.py:161} INFO - Started process (PID=131) to work on /opt/airflow/dags/tostaging.py
[2024-07-10T17:52:30.623+0000] {processor.py:830} INFO - Processing file /opt/airflow/dags/tostaging.py for tasks to queue
[2024-07-10T17:52:30.625+0000] {logging_mixin.py:188} INFO - [2024-07-10T17:52:30.625+0000] {dagbag.py:540} INFO - Filling up the DagBag from /opt/airflow/dags/tostaging.py
[2024-07-10T17:52:30.629+0000] {processor.py:842} WARNING - No viable dags retrieved from /opt/airflow/dags/tostaging.py
[2024-07-10T17:52:30.640+0000] {processor.py:183} INFO - Processing /opt/airflow/dags/tostaging.py took 0.021 seconds
[2024-07-10T17:53:01.374+0000] {processor.py:161} INFO - Started process (PID=143) to work on /opt/airflow/dags/tostaging.py
[2024-07-10T17:53:01.374+0000] {processor.py:830} INFO - Processing file /opt/airflow/dags/tostaging.py for tasks to queue
[2024-07-10T17:53:01.376+0000] {logging_mixin.py:188} INFO - [2024-07-10T17:53:01.375+0000] {dagbag.py:540} INFO - Filling up the DagBag from /opt/airflow/dags/tostaging.py
[2024-07-10T17:53:01.378+0000] {processor.py:842} WARNING - No viable dags retrieved from /opt/airflow/dags/tostaging.py
[2024-07-10T17:53:01.391+0000] {processor.py:183} INFO - Processing /opt/airflow/dags/tostaging.py took 0.020 seconds
[2024-07-10T17:53:32.082+0000] {processor.py:161} INFO - Started process (PID=155) to work on /opt/airflow/dags/tostaging.py
[2024-07-10T17:53:32.083+0000] {processor.py:830} INFO - Processing file /opt/airflow/dags/tostaging.py for tasks to queue
[2024-07-10T17:53:32.084+0000] {logging_mixin.py:188} INFO - [2024-07-10T17:53:32.084+0000] {dagbag.py:540} INFO - Filling up the DagBag from /opt/airflow/dags/tostaging.py
[2024-07-10T17:53:32.086+0000] {processor.py:842} WARNING - No viable dags retrieved from /opt/airflow/dags/tostaging.py
[2024-07-10T17:53:32.096+0000] {processor.py:183} INFO - Processing /opt/airflow/dags/tostaging.py took 0.016 seconds
[2024-07-10T17:54:02.489+0000] {processor.py:161} INFO - Started process (PID=167) to work on /opt/airflow/dags/tostaging.py
[2024-07-10T17:54:02.490+0000] {processor.py:830} INFO - Processing file /opt/airflow/dags/tostaging.py for tasks to queue
[2024-07-10T17:54:02.491+0000] {logging_mixin.py:188} INFO - [2024-07-10T17:54:02.491+0000] {dagbag.py:540} INFO - Filling up the DagBag from /opt/airflow/dags/tostaging.py
[2024-07-10T17:54:02.494+0000] {processor.py:842} WARNING - No viable dags retrieved from /opt/airflow/dags/tostaging.py
[2024-07-10T17:54:02.504+0000] {processor.py:183} INFO - Processing /opt/airflow/dags/tostaging.py took 0.018 seconds
[2024-07-10T17:54:33.177+0000] {processor.py:161} INFO - Started process (PID=179) to work on /opt/airflow/dags/tostaging.py
[2024-07-10T17:54:33.178+0000] {processor.py:830} INFO - Processing file /opt/airflow/dags/tostaging.py for tasks to queue
[2024-07-10T17:54:33.180+0000] {logging_mixin.py:188} INFO - [2024-07-10T17:54:33.180+0000] {dagbag.py:540} INFO - Filling up the DagBag from /opt/airflow/dags/tostaging.py
[2024-07-10T17:54:33.184+0000] {processor.py:842} WARNING - No viable dags retrieved from /opt/airflow/dags/tostaging.py
[2024-07-10T17:54:33.196+0000] {processor.py:183} INFO - Processing /opt/airflow/dags/tostaging.py took 0.023 seconds
[2024-07-10T17:55:03.810+0000] {processor.py:161} INFO - Started process (PID=191) to work on /opt/airflow/dags/tostaging.py
[2024-07-10T17:55:03.811+0000] {processor.py:830} INFO - Processing file /opt/airflow/dags/tostaging.py for tasks to queue
[2024-07-10T17:55:03.812+0000] {logging_mixin.py:188} INFO - [2024-07-10T17:55:03.812+0000] {dagbag.py:540} INFO - Filling up the DagBag from /opt/airflow/dags/tostaging.py
[2024-07-10T17:55:03.815+0000] {processor.py:842} WARNING - No viable dags retrieved from /opt/airflow/dags/tostaging.py
[2024-07-10T17:55:03.829+0000] {processor.py:183} INFO - Processing /opt/airflow/dags/tostaging.py took 0.022 seconds
[2024-07-10T17:55:34.294+0000] {processor.py:161} INFO - Started process (PID=203) to work on /opt/airflow/dags/tostaging.py
[2024-07-10T17:55:34.298+0000] {processor.py:830} INFO - Processing file /opt/airflow/dags/tostaging.py for tasks to queue
[2024-07-10T17:55:34.299+0000] {logging_mixin.py:188} INFO - [2024-07-10T17:55:34.299+0000] {dagbag.py:540} INFO - Filling up the DagBag from /opt/airflow/dags/tostaging.py
[2024-07-10T17:55:34.302+0000] {processor.py:842} WARNING - No viable dags retrieved from /opt/airflow/dags/tostaging.py
[2024-07-10T17:55:34.314+0000] {processor.py:183} INFO - Processing /opt/airflow/dags/tostaging.py took 0.021 seconds
[2024-07-10T17:56:04.735+0000] {processor.py:161} INFO - Started process (PID=214) to work on /opt/airflow/dags/tostaging.py
[2024-07-10T17:56:04.736+0000] {processor.py:830} INFO - Processing file /opt/airflow/dags/tostaging.py for tasks to queue
[2024-07-10T17:56:04.738+0000] {logging_mixin.py:188} INFO - [2024-07-10T17:56:04.737+0000] {dagbag.py:540} INFO - Filling up the DagBag from /opt/airflow/dags/tostaging.py
[2024-07-10T17:56:04.740+0000] {processor.py:842} WARNING - No viable dags retrieved from /opt/airflow/dags/tostaging.py
[2024-07-10T17:56:04.752+0000] {processor.py:183} INFO - Processing /opt/airflow/dags/tostaging.py took 0.020 seconds
[2024-07-10T17:56:35.424+0000] {processor.py:161} INFO - Started process (PID=226) to work on /opt/airflow/dags/tostaging.py
[2024-07-10T17:56:35.424+0000] {processor.py:830} INFO - Processing file /opt/airflow/dags/tostaging.py for tasks to queue
[2024-07-10T17:56:35.426+0000] {logging_mixin.py:188} INFO - [2024-07-10T17:56:35.426+0000] {dagbag.py:540} INFO - Filling up the DagBag from /opt/airflow/dags/tostaging.py
[2024-07-10T17:56:35.429+0000] {processor.py:842} WARNING - No viable dags retrieved from /opt/airflow/dags/tostaging.py
[2024-07-10T17:56:35.440+0000] {processor.py:183} INFO - Processing /opt/airflow/dags/tostaging.py took 0.019 seconds
[2024-07-10T17:57:05.996+0000] {processor.py:161} INFO - Started process (PID=238) to work on /opt/airflow/dags/tostaging.py
[2024-07-10T17:57:05.997+0000] {processor.py:830} INFO - Processing file /opt/airflow/dags/tostaging.py for tasks to queue
[2024-07-10T17:57:05.999+0000] {logging_mixin.py:188} INFO - [2024-07-10T17:57:05.999+0000] {dagbag.py:540} INFO - Filling up the DagBag from /opt/airflow/dags/tostaging.py
[2024-07-10T17:57:06.001+0000] {processor.py:842} WARNING - No viable dags retrieved from /opt/airflow/dags/tostaging.py
[2024-07-10T17:57:06.011+0000] {processor.py:183} INFO - Processing /opt/airflow/dags/tostaging.py took 0.017 seconds
[2024-07-10T17:57:36.660+0000] {processor.py:161} INFO - Started process (PID=250) to work on /opt/airflow/dags/tostaging.py
[2024-07-10T17:57:36.662+0000] {processor.py:830} INFO - Processing file /opt/airflow/dags/tostaging.py for tasks to queue
[2024-07-10T17:57:36.663+0000] {logging_mixin.py:188} INFO - [2024-07-10T17:57:36.663+0000] {dagbag.py:540} INFO - Filling up the DagBag from /opt/airflow/dags/tostaging.py
[2024-07-10T17:57:36.666+0000] {processor.py:842} WARNING - No viable dags retrieved from /opt/airflow/dags/tostaging.py
[2024-07-10T17:57:36.677+0000] {processor.py:183} INFO - Processing /opt/airflow/dags/tostaging.py took 0.019 seconds
[2024-07-10T17:58:07.067+0000] {processor.py:161} INFO - Started process (PID=261) to work on /opt/airflow/dags/tostaging.py
[2024-07-10T17:58:07.068+0000] {processor.py:830} INFO - Processing file /opt/airflow/dags/tostaging.py for tasks to queue
[2024-07-10T17:58:07.070+0000] {logging_mixin.py:188} INFO - [2024-07-10T17:58:07.069+0000] {dagbag.py:540} INFO - Filling up the DagBag from /opt/airflow/dags/tostaging.py
[2024-07-10T17:58:07.073+0000] {processor.py:842} WARNING - No viable dags retrieved from /opt/airflow/dags/tostaging.py
[2024-07-10T17:58:07.088+0000] {processor.py:183} INFO - Processing /opt/airflow/dags/tostaging.py took 0.025 seconds
[2024-07-10T17:58:37.756+0000] {processor.py:161} INFO - Started process (PID=273) to work on /opt/airflow/dags/tostaging.py
[2024-07-10T17:58:37.757+0000] {processor.py:830} INFO - Processing file /opt/airflow/dags/tostaging.py for tasks to queue
[2024-07-10T17:58:37.758+0000] {logging_mixin.py:188} INFO - [2024-07-10T17:58:37.758+0000] {dagbag.py:540} INFO - Filling up the DagBag from /opt/airflow/dags/tostaging.py
[2024-07-10T17:58:37.763+0000] {processor.py:842} WARNING - No viable dags retrieved from /opt/airflow/dags/tostaging.py
[2024-07-10T17:58:37.774+0000] {processor.py:183} INFO - Processing /opt/airflow/dags/tostaging.py took 0.022 seconds
[2024-07-10T17:59:08.397+0000] {processor.py:161} INFO - Started process (PID=285) to work on /opt/airflow/dags/tostaging.py
[2024-07-10T17:59:08.397+0000] {processor.py:830} INFO - Processing file /opt/airflow/dags/tostaging.py for tasks to queue
[2024-07-10T17:59:08.399+0000] {logging_mixin.py:188} INFO - [2024-07-10T17:59:08.398+0000] {dagbag.py:540} INFO - Filling up the DagBag from /opt/airflow/dags/tostaging.py
[2024-07-10T17:59:08.401+0000] {processor.py:842} WARNING - No viable dags retrieved from /opt/airflow/dags/tostaging.py
[2024-07-10T17:59:08.412+0000] {processor.py:183} INFO - Processing /opt/airflow/dags/tostaging.py took 0.017 seconds
[2024-07-10T17:59:39.076+0000] {processor.py:161} INFO - Started process (PID=297) to work on /opt/airflow/dags/tostaging.py
[2024-07-10T17:59:39.076+0000] {processor.py:830} INFO - Processing file /opt/airflow/dags/tostaging.py for tasks to queue
[2024-07-10T17:59:39.078+0000] {logging_mixin.py:188} INFO - [2024-07-10T17:59:39.078+0000] {dagbag.py:540} INFO - Filling up the DagBag from /opt/airflow/dags/tostaging.py
[2024-07-10T17:59:39.081+0000] {processor.py:842} WARNING - No viable dags retrieved from /opt/airflow/dags/tostaging.py
[2024-07-10T17:59:39.091+0000] {processor.py:183} INFO - Processing /opt/airflow/dags/tostaging.py took 0.018 seconds
[2024-07-10T18:00:09.486+0000] {processor.py:161} INFO - Started process (PID=309) to work on /opt/airflow/dags/tostaging.py
[2024-07-10T18:00:09.487+0000] {processor.py:830} INFO - Processing file /opt/airflow/dags/tostaging.py for tasks to queue
[2024-07-10T18:00:09.488+0000] {logging_mixin.py:188} INFO - [2024-07-10T18:00:09.488+0000] {dagbag.py:540} INFO - Filling up the DagBag from /opt/airflow/dags/tostaging.py
[2024-07-10T18:00:09.491+0000] {processor.py:842} WARNING - No viable dags retrieved from /opt/airflow/dags/tostaging.py
[2024-07-10T18:00:09.501+0000] {processor.py:183} INFO - Processing /opt/airflow/dags/tostaging.py took 0.018 seconds
[2024-07-10T18:00:40.083+0000] {processor.py:161} INFO - Started process (PID=321) to work on /opt/airflow/dags/tostaging.py
[2024-07-10T18:00:40.083+0000] {processor.py:830} INFO - Processing file /opt/airflow/dags/tostaging.py for tasks to queue
[2024-07-10T18:00:40.085+0000] {logging_mixin.py:188} INFO - [2024-07-10T18:00:40.084+0000] {dagbag.py:540} INFO - Filling up the DagBag from /opt/airflow/dags/tostaging.py
[2024-07-10T18:00:40.089+0000] {processor.py:842} WARNING - No viable dags retrieved from /opt/airflow/dags/tostaging.py
[2024-07-10T18:00:40.100+0000] {processor.py:183} INFO - Processing /opt/airflow/dags/tostaging.py took 0.020 seconds
[2024-07-10T18:01:10.805+0000] {processor.py:161} INFO - Started process (PID=333) to work on /opt/airflow/dags/tostaging.py
[2024-07-10T18:01:10.806+0000] {processor.py:830} INFO - Processing file /opt/airflow/dags/tostaging.py for tasks to queue
[2024-07-10T18:01:10.808+0000] {logging_mixin.py:188} INFO - [2024-07-10T18:01:10.808+0000] {dagbag.py:540} INFO - Filling up the DagBag from /opt/airflow/dags/tostaging.py
[2024-07-10T18:01:10.812+0000] {processor.py:842} WARNING - No viable dags retrieved from /opt/airflow/dags/tostaging.py
[2024-07-10T18:01:10.824+0000] {processor.py:183} INFO - Processing /opt/airflow/dags/tostaging.py took 0.021 seconds
[2024-07-10T18:01:41.406+0000] {processor.py:161} INFO - Started process (PID=345) to work on /opt/airflow/dags/tostaging.py
[2024-07-10T18:01:41.407+0000] {processor.py:830} INFO - Processing file /opt/airflow/dags/tostaging.py for tasks to queue
[2024-07-10T18:01:41.409+0000] {logging_mixin.py:188} INFO - [2024-07-10T18:01:41.408+0000] {dagbag.py:540} INFO - Filling up the DagBag from /opt/airflow/dags/tostaging.py
[2024-07-10T18:01:41.412+0000] {processor.py:842} WARNING - No viable dags retrieved from /opt/airflow/dags/tostaging.py
[2024-07-10T18:01:41.424+0000] {processor.py:183} INFO - Processing /opt/airflow/dags/tostaging.py took 0.021 seconds
[2024-07-10T18:02:12.054+0000] {processor.py:161} INFO - Started process (PID=357) to work on /opt/airflow/dags/tostaging.py
[2024-07-10T18:02:12.055+0000] {processor.py:830} INFO - Processing file /opt/airflow/dags/tostaging.py for tasks to queue
[2024-07-10T18:02:12.056+0000] {logging_mixin.py:188} INFO - [2024-07-10T18:02:12.056+0000] {dagbag.py:540} INFO - Filling up the DagBag from /opt/airflow/dags/tostaging.py
[2024-07-10T18:02:12.059+0000] {processor.py:842} WARNING - No viable dags retrieved from /opt/airflow/dags/tostaging.py
[2024-07-10T18:02:12.069+0000] {processor.py:183} INFO - Processing /opt/airflow/dags/tostaging.py took 0.018 seconds
[2024-07-10T18:02:42.664+0000] {processor.py:161} INFO - Started process (PID=369) to work on /opt/airflow/dags/tostaging.py
[2024-07-10T18:02:42.665+0000] {processor.py:830} INFO - Processing file /opt/airflow/dags/tostaging.py for tasks to queue
[2024-07-10T18:02:42.666+0000] {logging_mixin.py:188} INFO - [2024-07-10T18:02:42.666+0000] {dagbag.py:540} INFO - Filling up the DagBag from /opt/airflow/dags/tostaging.py
[2024-07-10T18:02:42.669+0000] {processor.py:842} WARNING - No viable dags retrieved from /opt/airflow/dags/tostaging.py
[2024-07-10T18:02:42.679+0000] {processor.py:183} INFO - Processing /opt/airflow/dags/tostaging.py took 0.017 seconds
[2024-07-10T18:03:13.308+0000] {processor.py:161} INFO - Started process (PID=381) to work on /opt/airflow/dags/tostaging.py
[2024-07-10T18:03:13.309+0000] {processor.py:830} INFO - Processing file /opt/airflow/dags/tostaging.py for tasks to queue
[2024-07-10T18:03:13.311+0000] {logging_mixin.py:188} INFO - [2024-07-10T18:03:13.310+0000] {dagbag.py:540} INFO - Filling up the DagBag from /opt/airflow/dags/tostaging.py
[2024-07-10T18:03:13.315+0000] {processor.py:842} WARNING - No viable dags retrieved from /opt/airflow/dags/tostaging.py
[2024-07-10T18:03:13.325+0000] {processor.py:183} INFO - Processing /opt/airflow/dags/tostaging.py took 0.020 seconds
[2024-07-10T18:03:44.001+0000] {processor.py:161} INFO - Started process (PID=393) to work on /opt/airflow/dags/tostaging.py
[2024-07-10T18:03:44.002+0000] {processor.py:830} INFO - Processing file /opt/airflow/dags/tostaging.py for tasks to queue
[2024-07-10T18:03:44.003+0000] {logging_mixin.py:188} INFO - [2024-07-10T18:03:44.003+0000] {dagbag.py:540} INFO - Filling up the DagBag from /opt/airflow/dags/tostaging.py
[2024-07-10T18:03:44.006+0000] {processor.py:842} WARNING - No viable dags retrieved from /opt/airflow/dags/tostaging.py
[2024-07-10T18:03:44.016+0000] {processor.py:183} INFO - Processing /opt/airflow/dags/tostaging.py took 0.017 seconds
[2024-07-10T18:04:14.629+0000] {processor.py:161} INFO - Started process (PID=405) to work on /opt/airflow/dags/tostaging.py
[2024-07-10T18:04:14.630+0000] {processor.py:830} INFO - Processing file /opt/airflow/dags/tostaging.py for tasks to queue
[2024-07-10T18:04:14.631+0000] {logging_mixin.py:188} INFO - [2024-07-10T18:04:14.631+0000] {dagbag.py:540} INFO - Filling up the DagBag from /opt/airflow/dags/tostaging.py
[2024-07-10T18:04:14.635+0000] {processor.py:842} WARNING - No viable dags retrieved from /opt/airflow/dags/tostaging.py
[2024-07-10T18:04:14.645+0000] {processor.py:183} INFO - Processing /opt/airflow/dags/tostaging.py took 0.019 seconds
[2024-07-10T18:04:45.272+0000] {processor.py:161} INFO - Started process (PID=417) to work on /opt/airflow/dags/tostaging.py
[2024-07-10T18:04:45.273+0000] {processor.py:830} INFO - Processing file /opt/airflow/dags/tostaging.py for tasks to queue
[2024-07-10T18:04:45.274+0000] {logging_mixin.py:188} INFO - [2024-07-10T18:04:45.274+0000] {dagbag.py:540} INFO - Filling up the DagBag from /opt/airflow/dags/tostaging.py
[2024-07-10T18:04:45.277+0000] {processor.py:842} WARNING - No viable dags retrieved from /opt/airflow/dags/tostaging.py
[2024-07-10T18:04:45.289+0000] {processor.py:183} INFO - Processing /opt/airflow/dags/tostaging.py took 0.021 seconds
[2024-07-10T18:05:15.923+0000] {processor.py:161} INFO - Started process (PID=429) to work on /opt/airflow/dags/tostaging.py
[2024-07-10T18:05:15.924+0000] {processor.py:830} INFO - Processing file /opt/airflow/dags/tostaging.py for tasks to queue
[2024-07-10T18:05:15.926+0000] {logging_mixin.py:188} INFO - [2024-07-10T18:05:15.925+0000] {dagbag.py:540} INFO - Filling up the DagBag from /opt/airflow/dags/tostaging.py
[2024-07-10T18:05:15.929+0000] {processor.py:842} WARNING - No viable dags retrieved from /opt/airflow/dags/tostaging.py
[2024-07-10T18:05:15.940+0000] {processor.py:183} INFO - Processing /opt/airflow/dags/tostaging.py took 0.019 seconds
[2024-07-10T18:05:46.572+0000] {processor.py:161} INFO - Started process (PID=441) to work on /opt/airflow/dags/tostaging.py
[2024-07-10T18:05:46.574+0000] {processor.py:830} INFO - Processing file /opt/airflow/dags/tostaging.py for tasks to queue
[2024-07-10T18:05:46.576+0000] {logging_mixin.py:188} INFO - [2024-07-10T18:05:46.576+0000] {dagbag.py:540} INFO - Filling up the DagBag from /opt/airflow/dags/tostaging.py
[2024-07-10T18:05:46.580+0000] {processor.py:842} WARNING - No viable dags retrieved from /opt/airflow/dags/tostaging.py
[2024-07-10T18:05:46.593+0000] {processor.py:183} INFO - Processing /opt/airflow/dags/tostaging.py took 0.024 seconds
[2024-07-10T18:06:17.233+0000] {processor.py:161} INFO - Started process (PID=453) to work on /opt/airflow/dags/tostaging.py
[2024-07-10T18:06:17.234+0000] {processor.py:830} INFO - Processing file /opt/airflow/dags/tostaging.py for tasks to queue
[2024-07-10T18:06:17.235+0000] {logging_mixin.py:188} INFO - [2024-07-10T18:06:17.235+0000] {dagbag.py:540} INFO - Filling up the DagBag from /opt/airflow/dags/tostaging.py
[2024-07-10T18:06:17.238+0000] {processor.py:842} WARNING - No viable dags retrieved from /opt/airflow/dags/tostaging.py
[2024-07-10T18:06:17.250+0000] {processor.py:183} INFO - Processing /opt/airflow/dags/tostaging.py took 0.019 seconds
[2024-07-10T18:06:47.862+0000] {processor.py:161} INFO - Started process (PID=465) to work on /opt/airflow/dags/tostaging.py
[2024-07-10T18:06:47.863+0000] {processor.py:830} INFO - Processing file /opt/airflow/dags/tostaging.py for tasks to queue
[2024-07-10T18:06:47.864+0000] {logging_mixin.py:188} INFO - [2024-07-10T18:06:47.864+0000] {dagbag.py:540} INFO - Filling up the DagBag from /opt/airflow/dags/tostaging.py
[2024-07-10T18:06:47.866+0000] {processor.py:842} WARNING - No viable dags retrieved from /opt/airflow/dags/tostaging.py
[2024-07-10T18:06:47.877+0000] {processor.py:183} INFO - Processing /opt/airflow/dags/tostaging.py took 0.017 seconds
[2024-07-10T18:07:18.510+0000] {processor.py:161} INFO - Started process (PID=476) to work on /opt/airflow/dags/tostaging.py
[2024-07-10T18:07:18.511+0000] {processor.py:830} INFO - Processing file /opt/airflow/dags/tostaging.py for tasks to queue
[2024-07-10T18:07:18.513+0000] {logging_mixin.py:188} INFO - [2024-07-10T18:07:18.513+0000] {dagbag.py:540} INFO - Filling up the DagBag from /opt/airflow/dags/tostaging.py
[2024-07-10T18:07:18.517+0000] {processor.py:842} WARNING - No viable dags retrieved from /opt/airflow/dags/tostaging.py
[2024-07-10T18:07:18.527+0000] {processor.py:183} INFO - Processing /opt/airflow/dags/tostaging.py took 0.021 seconds
[2024-07-10T18:07:49.030+0000] {processor.py:161} INFO - Started process (PID=487) to work on /opt/airflow/dags/tostaging.py
[2024-07-10T18:07:49.031+0000] {processor.py:830} INFO - Processing file /opt/airflow/dags/tostaging.py for tasks to queue
[2024-07-10T18:07:49.032+0000] {logging_mixin.py:188} INFO - [2024-07-10T18:07:49.032+0000] {dagbag.py:540} INFO - Filling up the DagBag from /opt/airflow/dags/tostaging.py
[2024-07-10T18:07:49.036+0000] {processor.py:842} WARNING - No viable dags retrieved from /opt/airflow/dags/tostaging.py
[2024-07-10T18:07:49.047+0000] {processor.py:183} INFO - Processing /opt/airflow/dags/tostaging.py took 0.019 seconds
[2024-07-10T18:08:19.736+0000] {processor.py:161} INFO - Started process (PID=504) to work on /opt/airflow/dags/tostaging.py
[2024-07-10T18:08:19.737+0000] {processor.py:830} INFO - Processing file /opt/airflow/dags/tostaging.py for tasks to queue
[2024-07-10T18:08:19.738+0000] {logging_mixin.py:188} INFO - [2024-07-10T18:08:19.738+0000] {dagbag.py:540} INFO - Filling up the DagBag from /opt/airflow/dags/tostaging.py
[2024-07-10T18:08:19.741+0000] {processor.py:842} WARNING - No viable dags retrieved from /opt/airflow/dags/tostaging.py
[2024-07-10T18:08:19.752+0000] {processor.py:183} INFO - Processing /opt/airflow/dags/tostaging.py took 0.019 seconds
[2024-07-10T18:08:50.426+0000] {processor.py:161} INFO - Started process (PID=516) to work on /opt/airflow/dags/tostaging.py
[2024-07-10T18:08:50.427+0000] {processor.py:830} INFO - Processing file /opt/airflow/dags/tostaging.py for tasks to queue
[2024-07-10T18:08:50.428+0000] {logging_mixin.py:188} INFO - [2024-07-10T18:08:50.428+0000] {dagbag.py:540} INFO - Filling up the DagBag from /opt/airflow/dags/tostaging.py
[2024-07-10T18:08:50.431+0000] {processor.py:842} WARNING - No viable dags retrieved from /opt/airflow/dags/tostaging.py
[2024-07-10T18:08:50.442+0000] {processor.py:183} INFO - Processing /opt/airflow/dags/tostaging.py took 0.019 seconds
[2024-07-10T18:09:20.900+0000] {processor.py:161} INFO - Started process (PID=527) to work on /opt/airflow/dags/tostaging.py
[2024-07-10T18:09:20.901+0000] {processor.py:830} INFO - Processing file /opt/airflow/dags/tostaging.py for tasks to queue
[2024-07-10T18:09:20.903+0000] {logging_mixin.py:188} INFO - [2024-07-10T18:09:20.903+0000] {dagbag.py:540} INFO - Filling up the DagBag from /opt/airflow/dags/tostaging.py
[2024-07-10T18:09:20.908+0000] {processor.py:842} WARNING - No viable dags retrieved from /opt/airflow/dags/tostaging.py
[2024-07-10T18:09:20.921+0000] {processor.py:183} INFO - Processing /opt/airflow/dags/tostaging.py took 0.025 seconds
[2024-07-10T18:09:51.415+0000] {processor.py:161} INFO - Started process (PID=538) to work on /opt/airflow/dags/tostaging.py
[2024-07-10T18:09:51.416+0000] {processor.py:830} INFO - Processing file /opt/airflow/dags/tostaging.py for tasks to queue
[2024-07-10T18:09:51.418+0000] {logging_mixin.py:188} INFO - [2024-07-10T18:09:51.418+0000] {dagbag.py:540} INFO - Filling up the DagBag from /opt/airflow/dags/tostaging.py
[2024-07-10T18:09:51.422+0000] {processor.py:842} WARNING - No viable dags retrieved from /opt/airflow/dags/tostaging.py
[2024-07-10T18:09:51.433+0000] {processor.py:183} INFO - Processing /opt/airflow/dags/tostaging.py took 0.021 seconds
[2024-07-10T18:10:22.024+0000] {processor.py:161} INFO - Started process (PID=550) to work on /opt/airflow/dags/tostaging.py
[2024-07-10T18:10:22.025+0000] {processor.py:830} INFO - Processing file /opt/airflow/dags/tostaging.py for tasks to queue
[2024-07-10T18:10:22.026+0000] {logging_mixin.py:188} INFO - [2024-07-10T18:10:22.026+0000] {dagbag.py:540} INFO - Filling up the DagBag from /opt/airflow/dags/tostaging.py
[2024-07-10T18:10:22.029+0000] {processor.py:842} WARNING - No viable dags retrieved from /opt/airflow/dags/tostaging.py
[2024-07-10T18:10:22.040+0000] {processor.py:183} INFO - Processing /opt/airflow/dags/tostaging.py took 0.018 seconds
[2024-07-10T18:10:52.685+0000] {processor.py:161} INFO - Started process (PID=562) to work on /opt/airflow/dags/tostaging.py
[2024-07-10T18:10:52.686+0000] {processor.py:830} INFO - Processing file /opt/airflow/dags/tostaging.py for tasks to queue
[2024-07-10T18:10:52.688+0000] {logging_mixin.py:188} INFO - [2024-07-10T18:10:52.687+0000] {dagbag.py:540} INFO - Filling up the DagBag from /opt/airflow/dags/tostaging.py
[2024-07-10T18:10:52.690+0000] {processor.py:842} WARNING - No viable dags retrieved from /opt/airflow/dags/tostaging.py
[2024-07-10T18:10:52.701+0000] {processor.py:183} INFO - Processing /opt/airflow/dags/tostaging.py took 0.018 seconds
[2024-07-10T18:11:23.368+0000] {processor.py:161} INFO - Started process (PID=574) to work on /opt/airflow/dags/tostaging.py
[2024-07-10T18:11:23.369+0000] {processor.py:830} INFO - Processing file /opt/airflow/dags/tostaging.py for tasks to queue
[2024-07-10T18:11:23.370+0000] {logging_mixin.py:188} INFO - [2024-07-10T18:11:23.370+0000] {dagbag.py:540} INFO - Filling up the DagBag from /opt/airflow/dags/tostaging.py
[2024-07-10T18:11:23.372+0000] {processor.py:842} WARNING - No viable dags retrieved from /opt/airflow/dags/tostaging.py
[2024-07-10T18:11:23.384+0000] {processor.py:183} INFO - Processing /opt/airflow/dags/tostaging.py took 0.019 seconds
[2024-07-10T18:11:54.017+0000] {processor.py:161} INFO - Started process (PID=586) to work on /opt/airflow/dags/tostaging.py
[2024-07-10T18:11:54.018+0000] {processor.py:830} INFO - Processing file /opt/airflow/dags/tostaging.py for tasks to queue
[2024-07-10T18:11:54.020+0000] {logging_mixin.py:188} INFO - [2024-07-10T18:11:54.020+0000] {dagbag.py:540} INFO - Filling up the DagBag from /opt/airflow/dags/tostaging.py
[2024-07-10T18:11:54.023+0000] {processor.py:842} WARNING - No viable dags retrieved from /opt/airflow/dags/tostaging.py
[2024-07-10T18:11:54.035+0000] {processor.py:183} INFO - Processing /opt/airflow/dags/tostaging.py took 0.021 seconds
[2024-07-10T18:12:24.596+0000] {processor.py:161} INFO - Started process (PID=598) to work on /opt/airflow/dags/tostaging.py
[2024-07-10T18:12:24.597+0000] {processor.py:830} INFO - Processing file /opt/airflow/dags/tostaging.py for tasks to queue
[2024-07-10T18:12:24.598+0000] {logging_mixin.py:188} INFO - [2024-07-10T18:12:24.598+0000] {dagbag.py:540} INFO - Filling up the DagBag from /opt/airflow/dags/tostaging.py
[2024-07-10T18:12:24.601+0000] {processor.py:842} WARNING - No viable dags retrieved from /opt/airflow/dags/tostaging.py
[2024-07-10T18:12:24.613+0000] {processor.py:183} INFO - Processing /opt/airflow/dags/tostaging.py took 0.019 seconds
[2024-07-10T18:12:55.276+0000] {processor.py:161} INFO - Started process (PID=610) to work on /opt/airflow/dags/tostaging.py
[2024-07-10T18:12:55.277+0000] {processor.py:830} INFO - Processing file /opt/airflow/dags/tostaging.py for tasks to queue
[2024-07-10T18:12:55.279+0000] {logging_mixin.py:188} INFO - [2024-07-10T18:12:55.279+0000] {dagbag.py:540} INFO - Filling up the DagBag from /opt/airflow/dags/tostaging.py
[2024-07-10T18:12:55.281+0000] {processor.py:842} WARNING - No viable dags retrieved from /opt/airflow/dags/tostaging.py
[2024-07-10T18:12:55.292+0000] {processor.py:183} INFO - Processing /opt/airflow/dags/tostaging.py took 0.019 seconds
[2024-07-10T18:13:25.964+0000] {processor.py:161} INFO - Started process (PID=622) to work on /opt/airflow/dags/tostaging.py
[2024-07-10T18:13:25.965+0000] {processor.py:830} INFO - Processing file /opt/airflow/dags/tostaging.py for tasks to queue
[2024-07-10T18:13:25.967+0000] {logging_mixin.py:188} INFO - [2024-07-10T18:13:25.966+0000] {dagbag.py:540} INFO - Filling up the DagBag from /opt/airflow/dags/tostaging.py
[2024-07-10T18:13:25.969+0000] {processor.py:842} WARNING - No viable dags retrieved from /opt/airflow/dags/tostaging.py
[2024-07-10T18:13:25.980+0000] {processor.py:183} INFO - Processing /opt/airflow/dags/tostaging.py took 0.018 seconds
[2024-07-10T18:13:56.438+0000] {processor.py:161} INFO - Started process (PID=634) to work on /opt/airflow/dags/tostaging.py
[2024-07-10T18:13:56.439+0000] {processor.py:830} INFO - Processing file /opt/airflow/dags/tostaging.py for tasks to queue
[2024-07-10T18:13:56.440+0000] {logging_mixin.py:188} INFO - [2024-07-10T18:13:56.440+0000] {dagbag.py:540} INFO - Filling up the DagBag from /opt/airflow/dags/tostaging.py
[2024-07-10T18:13:56.443+0000] {processor.py:842} WARNING - No viable dags retrieved from /opt/airflow/dags/tostaging.py
[2024-07-10T18:13:56.456+0000] {processor.py:183} INFO - Processing /opt/airflow/dags/tostaging.py took 0.021 seconds
[2024-07-10T18:14:26.948+0000] {processor.py:161} INFO - Started process (PID=646) to work on /opt/airflow/dags/tostaging.py
[2024-07-10T18:14:26.949+0000] {processor.py:830} INFO - Processing file /opt/airflow/dags/tostaging.py for tasks to queue
[2024-07-10T18:14:26.950+0000] {logging_mixin.py:188} INFO - [2024-07-10T18:14:26.950+0000] {dagbag.py:540} INFO - Filling up the DagBag from /opt/airflow/dags/tostaging.py
[2024-07-10T18:14:26.953+0000] {processor.py:842} WARNING - No viable dags retrieved from /opt/airflow/dags/tostaging.py
[2024-07-10T18:14:26.964+0000] {processor.py:183} INFO - Processing /opt/airflow/dags/tostaging.py took 0.019 seconds
[2024-07-10T18:14:57.665+0000] {processor.py:161} INFO - Started process (PID=658) to work on /opt/airflow/dags/tostaging.py
[2024-07-10T18:14:57.666+0000] {processor.py:830} INFO - Processing file /opt/airflow/dags/tostaging.py for tasks to queue
[2024-07-10T18:14:57.669+0000] {logging_mixin.py:188} INFO - [2024-07-10T18:14:57.668+0000] {dagbag.py:540} INFO - Filling up the DagBag from /opt/airflow/dags/tostaging.py
[2024-07-10T18:14:57.671+0000] {processor.py:842} WARNING - No viable dags retrieved from /opt/airflow/dags/tostaging.py
[2024-07-10T18:14:57.684+0000] {processor.py:183} INFO - Processing /opt/airflow/dags/tostaging.py took 0.022 seconds
[2024-07-10T18:15:28.343+0000] {processor.py:161} INFO - Started process (PID=670) to work on /opt/airflow/dags/tostaging.py
[2024-07-10T18:15:28.344+0000] {processor.py:830} INFO - Processing file /opt/airflow/dags/tostaging.py for tasks to queue
[2024-07-10T18:15:28.345+0000] {logging_mixin.py:188} INFO - [2024-07-10T18:15:28.345+0000] {dagbag.py:540} INFO - Filling up the DagBag from /opt/airflow/dags/tostaging.py
[2024-07-10T18:15:28.347+0000] {processor.py:842} WARNING - No viable dags retrieved from /opt/airflow/dags/tostaging.py
[2024-07-10T18:15:28.358+0000] {processor.py:183} INFO - Processing /opt/airflow/dags/tostaging.py took 0.017 seconds
[2024-07-10T18:15:58.971+0000] {processor.py:161} INFO - Started process (PID=682) to work on /opt/airflow/dags/tostaging.py
[2024-07-10T18:15:58.972+0000] {processor.py:830} INFO - Processing file /opt/airflow/dags/tostaging.py for tasks to queue
[2024-07-10T18:15:58.974+0000] {logging_mixin.py:188} INFO - [2024-07-10T18:15:58.974+0000] {dagbag.py:540} INFO - Filling up the DagBag from /opt/airflow/dags/tostaging.py
[2024-07-10T18:15:58.977+0000] {processor.py:842} WARNING - No viable dags retrieved from /opt/airflow/dags/tostaging.py
[2024-07-10T18:15:58.990+0000] {processor.py:183} INFO - Processing /opt/airflow/dags/tostaging.py took 0.022 seconds
[2024-07-10T18:16:29.603+0000] {processor.py:161} INFO - Started process (PID=694) to work on /opt/airflow/dags/tostaging.py
[2024-07-10T18:16:29.604+0000] {processor.py:830} INFO - Processing file /opt/airflow/dags/tostaging.py for tasks to queue
[2024-07-10T18:16:29.605+0000] {logging_mixin.py:188} INFO - [2024-07-10T18:16:29.605+0000] {dagbag.py:540} INFO - Filling up the DagBag from /opt/airflow/dags/tostaging.py
[2024-07-10T18:16:29.608+0000] {processor.py:842} WARNING - No viable dags retrieved from /opt/airflow/dags/tostaging.py
[2024-07-10T18:16:29.621+0000] {processor.py:183} INFO - Processing /opt/airflow/dags/tostaging.py took 0.020 seconds
[2024-07-10T18:17:00.284+0000] {processor.py:161} INFO - Started process (PID=705) to work on /opt/airflow/dags/tostaging.py
[2024-07-10T18:17:00.284+0000] {processor.py:830} INFO - Processing file /opt/airflow/dags/tostaging.py for tasks to queue
[2024-07-10T18:17:00.286+0000] {logging_mixin.py:188} INFO - [2024-07-10T18:17:00.286+0000] {dagbag.py:540} INFO - Filling up the DagBag from /opt/airflow/dags/tostaging.py
[2024-07-10T18:17:00.288+0000] {processor.py:842} WARNING - No viable dags retrieved from /opt/airflow/dags/tostaging.py
[2024-07-10T18:17:00.301+0000] {processor.py:183} INFO - Processing /opt/airflow/dags/tostaging.py took 0.020 seconds
[2024-07-10T18:17:30.793+0000] {processor.py:161} INFO - Started process (PID=716) to work on /opt/airflow/dags/tostaging.py
[2024-07-10T18:17:30.794+0000] {processor.py:830} INFO - Processing file /opt/airflow/dags/tostaging.py for tasks to queue
[2024-07-10T18:17:30.796+0000] {logging_mixin.py:188} INFO - [2024-07-10T18:17:30.796+0000] {dagbag.py:540} INFO - Filling up the DagBag from /opt/airflow/dags/tostaging.py
[2024-07-10T18:17:30.800+0000] {processor.py:842} WARNING - No viable dags retrieved from /opt/airflow/dags/tostaging.py
[2024-07-10T18:17:30.812+0000] {processor.py:183} INFO - Processing /opt/airflow/dags/tostaging.py took 0.021 seconds
[2024-07-10T18:18:01.429+0000] {processor.py:161} INFO - Started process (PID=728) to work on /opt/airflow/dags/tostaging.py
[2024-07-10T18:18:01.430+0000] {processor.py:830} INFO - Processing file /opt/airflow/dags/tostaging.py for tasks to queue
[2024-07-10T18:18:01.431+0000] {logging_mixin.py:188} INFO - [2024-07-10T18:18:01.431+0000] {dagbag.py:540} INFO - Filling up the DagBag from /opt/airflow/dags/tostaging.py
[2024-07-10T18:18:01.436+0000] {processor.py:842} WARNING - No viable dags retrieved from /opt/airflow/dags/tostaging.py
[2024-07-10T18:18:01.447+0000] {processor.py:183} INFO - Processing /opt/airflow/dags/tostaging.py took 0.021 seconds
[2024-07-10T18:18:32.125+0000] {processor.py:161} INFO - Started process (PID=740) to work on /opt/airflow/dags/tostaging.py
[2024-07-10T18:18:32.125+0000] {processor.py:830} INFO - Processing file /opt/airflow/dags/tostaging.py for tasks to queue
[2024-07-10T18:18:32.127+0000] {logging_mixin.py:188} INFO - [2024-07-10T18:18:32.126+0000] {dagbag.py:540} INFO - Filling up the DagBag from /opt/airflow/dags/tostaging.py
[2024-07-10T18:18:32.129+0000] {processor.py:842} WARNING - No viable dags retrieved from /opt/airflow/dags/tostaging.py
[2024-07-10T18:18:32.139+0000] {processor.py:183} INFO - Processing /opt/airflow/dags/tostaging.py took 0.017 seconds
[2024-07-10T18:19:02.521+0000] {processor.py:161} INFO - Started process (PID=752) to work on /opt/airflow/dags/tostaging.py
[2024-07-10T18:19:02.523+0000] {processor.py:830} INFO - Processing file /opt/airflow/dags/tostaging.py for tasks to queue
[2024-07-10T18:19:02.525+0000] {logging_mixin.py:188} INFO - [2024-07-10T18:19:02.525+0000] {dagbag.py:540} INFO - Filling up the DagBag from /opt/airflow/dags/tostaging.py
[2024-07-10T18:19:02.530+0000] {processor.py:842} WARNING - No viable dags retrieved from /opt/airflow/dags/tostaging.py
[2024-07-10T18:19:02.546+0000] {processor.py:183} INFO - Processing /opt/airflow/dags/tostaging.py took 0.029 seconds
[2024-07-10T18:19:33.208+0000] {processor.py:161} INFO - Started process (PID=764) to work on /opt/airflow/dags/tostaging.py
[2024-07-10T18:19:33.208+0000] {processor.py:830} INFO - Processing file /opt/airflow/dags/tostaging.py for tasks to queue
[2024-07-10T18:19:33.210+0000] {logging_mixin.py:188} INFO - [2024-07-10T18:19:33.210+0000] {dagbag.py:540} INFO - Filling up the DagBag from /opt/airflow/dags/tostaging.py
[2024-07-10T18:19:33.212+0000] {processor.py:842} WARNING - No viable dags retrieved from /opt/airflow/dags/tostaging.py
[2024-07-10T18:19:33.223+0000] {processor.py:183} INFO - Processing /opt/airflow/dags/tostaging.py took 0.017 seconds
[2024-07-10T18:20:04.008+0000] {processor.py:161} INFO - Started process (PID=776) to work on /opt/airflow/dags/tostaging.py
[2024-07-10T18:20:04.009+0000] {processor.py:830} INFO - Processing file /opt/airflow/dags/tostaging.py for tasks to queue
[2024-07-10T18:20:04.011+0000] {logging_mixin.py:188} INFO - [2024-07-10T18:20:04.010+0000] {dagbag.py:540} INFO - Filling up the DagBag from /opt/airflow/dags/tostaging.py
[2024-07-10T18:20:04.014+0000] {processor.py:842} WARNING - No viable dags retrieved from /opt/airflow/dags/tostaging.py
[2024-07-10T18:20:04.034+0000] {processor.py:183} INFO - Processing /opt/airflow/dags/tostaging.py took 0.030 seconds
[2024-07-10T18:20:34.745+0000] {processor.py:161} INFO - Started process (PID=787) to work on /opt/airflow/dags/tostaging.py
[2024-07-10T18:20:34.747+0000] {processor.py:830} INFO - Processing file /opt/airflow/dags/tostaging.py for tasks to queue
[2024-07-10T18:20:34.749+0000] {logging_mixin.py:188} INFO - [2024-07-10T18:20:34.749+0000] {dagbag.py:540} INFO - Filling up the DagBag from /opt/airflow/dags/tostaging.py
[2024-07-10T18:20:34.752+0000] {processor.py:842} WARNING - No viable dags retrieved from /opt/airflow/dags/tostaging.py
[2024-07-10T18:20:34.765+0000] {processor.py:183} INFO - Processing /opt/airflow/dags/tostaging.py took 0.022 seconds
[2024-07-10T18:21:05.343+0000] {processor.py:161} INFO - Started process (PID=799) to work on /opt/airflow/dags/tostaging.py
[2024-07-10T18:21:05.344+0000] {processor.py:830} INFO - Processing file /opt/airflow/dags/tostaging.py for tasks to queue
[2024-07-10T18:21:05.345+0000] {logging_mixin.py:188} INFO - [2024-07-10T18:21:05.345+0000] {dagbag.py:540} INFO - Filling up the DagBag from /opt/airflow/dags/tostaging.py
[2024-07-10T18:21:05.348+0000] {processor.py:842} WARNING - No viable dags retrieved from /opt/airflow/dags/tostaging.py
[2024-07-10T18:21:05.362+0000] {processor.py:183} INFO - Processing /opt/airflow/dags/tostaging.py took 0.021 seconds
[2024-07-10T18:21:35.790+0000] {processor.py:161} INFO - Started process (PID=810) to work on /opt/airflow/dags/tostaging.py
[2024-07-10T18:21:35.791+0000] {processor.py:830} INFO - Processing file /opt/airflow/dags/tostaging.py for tasks to queue
[2024-07-10T18:21:35.793+0000] {logging_mixin.py:188} INFO - [2024-07-10T18:21:35.792+0000] {dagbag.py:540} INFO - Filling up the DagBag from /opt/airflow/dags/tostaging.py
[2024-07-10T18:21:35.798+0000] {processor.py:842} WARNING - No viable dags retrieved from /opt/airflow/dags/tostaging.py
[2024-07-10T18:21:35.810+0000] {processor.py:183} INFO - Processing /opt/airflow/dags/tostaging.py took 0.024 seconds
[2024-07-10T18:22:06.541+0000] {processor.py:161} INFO - Started process (PID=821) to work on /opt/airflow/dags/tostaging.py
[2024-07-10T18:22:06.542+0000] {processor.py:830} INFO - Processing file /opt/airflow/dags/tostaging.py for tasks to queue
[2024-07-10T18:22:06.544+0000] {logging_mixin.py:188} INFO - [2024-07-10T18:22:06.544+0000] {dagbag.py:540} INFO - Filling up the DagBag from /opt/airflow/dags/tostaging.py
[2024-07-10T18:22:06.547+0000] {processor.py:842} WARNING - No viable dags retrieved from /opt/airflow/dags/tostaging.py
[2024-07-10T18:22:06.558+0000] {processor.py:183} INFO - Processing /opt/airflow/dags/tostaging.py took 0.019 seconds
[2024-07-10T18:22:37.159+0000] {processor.py:161} INFO - Started process (PID=833) to work on /opt/airflow/dags/tostaging.py
[2024-07-10T18:22:37.160+0000] {processor.py:830} INFO - Processing file /opt/airflow/dags/tostaging.py for tasks to queue
[2024-07-10T18:22:37.161+0000] {logging_mixin.py:188} INFO - [2024-07-10T18:22:37.161+0000] {dagbag.py:540} INFO - Filling up the DagBag from /opt/airflow/dags/tostaging.py
[2024-07-10T18:22:37.164+0000] {processor.py:842} WARNING - No viable dags retrieved from /opt/airflow/dags/tostaging.py
[2024-07-10T18:22:37.176+0000] {processor.py:183} INFO - Processing /opt/airflow/dags/tostaging.py took 0.020 seconds
[2024-07-10T18:23:07.839+0000] {processor.py:161} INFO - Started process (PID=845) to work on /opt/airflow/dags/tostaging.py
[2024-07-10T18:23:07.840+0000] {processor.py:830} INFO - Processing file /opt/airflow/dags/tostaging.py for tasks to queue
[2024-07-10T18:23:07.842+0000] {logging_mixin.py:188} INFO - [2024-07-10T18:23:07.842+0000] {dagbag.py:540} INFO - Filling up the DagBag from /opt/airflow/dags/tostaging.py
[2024-07-10T18:23:07.845+0000] {processor.py:842} WARNING - No viable dags retrieved from /opt/airflow/dags/tostaging.py
[2024-07-10T18:23:07.857+0000] {processor.py:183} INFO - Processing /opt/airflow/dags/tostaging.py took 0.021 seconds
[2024-07-10T18:23:38.552+0000] {processor.py:161} INFO - Started process (PID=857) to work on /opt/airflow/dags/tostaging.py
[2024-07-10T18:23:38.555+0000] {processor.py:830} INFO - Processing file /opt/airflow/dags/tostaging.py for tasks to queue
[2024-07-10T18:23:38.557+0000] {logging_mixin.py:188} INFO - [2024-07-10T18:23:38.557+0000] {dagbag.py:540} INFO - Filling up the DagBag from /opt/airflow/dags/tostaging.py
[2024-07-10T18:23:38.561+0000] {processor.py:842} WARNING - No viable dags retrieved from /opt/airflow/dags/tostaging.py
[2024-07-10T18:23:38.571+0000] {processor.py:183} INFO - Processing /opt/airflow/dags/tostaging.py took 0.021 seconds
[2024-07-10T18:24:09.183+0000] {processor.py:161} INFO - Started process (PID=868) to work on /opt/airflow/dags/tostaging.py
[2024-07-10T18:24:09.184+0000] {processor.py:830} INFO - Processing file /opt/airflow/dags/tostaging.py for tasks to queue
[2024-07-10T18:24:09.186+0000] {logging_mixin.py:188} INFO - [2024-07-10T18:24:09.185+0000] {dagbag.py:540} INFO - Filling up the DagBag from /opt/airflow/dags/tostaging.py
[2024-07-10T18:24:09.188+0000] {processor.py:842} WARNING - No viable dags retrieved from /opt/airflow/dags/tostaging.py
[2024-07-10T18:24:09.202+0000] {processor.py:183} INFO - Processing /opt/airflow/dags/tostaging.py took 0.021 seconds
[2024-07-10T18:24:39.812+0000] {processor.py:161} INFO - Started process (PID=880) to work on /opt/airflow/dags/tostaging.py
[2024-07-10T18:24:39.813+0000] {processor.py:830} INFO - Processing file /opt/airflow/dags/tostaging.py for tasks to queue
[2024-07-10T18:24:39.814+0000] {logging_mixin.py:188} INFO - [2024-07-10T18:24:39.814+0000] {dagbag.py:540} INFO - Filling up the DagBag from /opt/airflow/dags/tostaging.py
[2024-07-10T18:24:39.817+0000] {processor.py:842} WARNING - No viable dags retrieved from /opt/airflow/dags/tostaging.py
[2024-07-10T18:24:39.829+0000] {processor.py:183} INFO - Processing /opt/airflow/dags/tostaging.py took 0.020 seconds
[2024-07-10T18:25:10.469+0000] {processor.py:161} INFO - Started process (PID=892) to work on /opt/airflow/dags/tostaging.py
[2024-07-10T18:25:10.470+0000] {processor.py:830} INFO - Processing file /opt/airflow/dags/tostaging.py for tasks to queue
[2024-07-10T18:25:10.471+0000] {logging_mixin.py:188} INFO - [2024-07-10T18:25:10.471+0000] {dagbag.py:540} INFO - Filling up the DagBag from /opt/airflow/dags/tostaging.py
[2024-07-10T18:25:10.474+0000] {processor.py:842} WARNING - No viable dags retrieved from /opt/airflow/dags/tostaging.py
[2024-07-10T18:25:10.485+0000] {processor.py:183} INFO - Processing /opt/airflow/dags/tostaging.py took 0.018 seconds
[2024-07-10T18:25:41.109+0000] {processor.py:161} INFO - Started process (PID=904) to work on /opt/airflow/dags/tostaging.py
[2024-07-10T18:25:41.110+0000] {processor.py:830} INFO - Processing file /opt/airflow/dags/tostaging.py for tasks to queue
[2024-07-10T18:25:41.111+0000] {logging_mixin.py:188} INFO - [2024-07-10T18:25:41.111+0000] {dagbag.py:540} INFO - Filling up the DagBag from /opt/airflow/dags/tostaging.py
[2024-07-10T18:25:41.114+0000] {processor.py:842} WARNING - No viable dags retrieved from /opt/airflow/dags/tostaging.py
[2024-07-10T18:25:41.127+0000] {processor.py:183} INFO - Processing /opt/airflow/dags/tostaging.py took 0.020 seconds
[2024-07-10T18:26:11.830+0000] {processor.py:161} INFO - Started process (PID=916) to work on /opt/airflow/dags/tostaging.py
[2024-07-10T18:26:11.831+0000] {processor.py:830} INFO - Processing file /opt/airflow/dags/tostaging.py for tasks to queue
[2024-07-10T18:26:11.834+0000] {logging_mixin.py:188} INFO - [2024-07-10T18:26:11.833+0000] {dagbag.py:540} INFO - Filling up the DagBag from /opt/airflow/dags/tostaging.py
[2024-07-10T18:26:11.836+0000] {processor.py:842} WARNING - No viable dags retrieved from /opt/airflow/dags/tostaging.py
[2024-07-10T18:26:11.847+0000] {processor.py:183} INFO - Processing /opt/airflow/dags/tostaging.py took 0.019 seconds
[2024-07-10T18:26:42.511+0000] {processor.py:161} INFO - Started process (PID=928) to work on /opt/airflow/dags/tostaging.py
[2024-07-10T18:26:42.512+0000] {processor.py:830} INFO - Processing file /opt/airflow/dags/tostaging.py for tasks to queue
[2024-07-10T18:26:42.514+0000] {logging_mixin.py:188} INFO - [2024-07-10T18:26:42.513+0000] {dagbag.py:540} INFO - Filling up the DagBag from /opt/airflow/dags/tostaging.py
[2024-07-10T18:26:42.518+0000] {processor.py:842} WARNING - No viable dags retrieved from /opt/airflow/dags/tostaging.py
[2024-07-10T18:26:42.529+0000] {processor.py:183} INFO - Processing /opt/airflow/dags/tostaging.py took 0.022 seconds
[2024-07-10T18:27:13.146+0000] {processor.py:161} INFO - Started process (PID=940) to work on /opt/airflow/dags/tostaging.py
[2024-07-10T18:27:13.147+0000] {processor.py:830} INFO - Processing file /opt/airflow/dags/tostaging.py for tasks to queue
[2024-07-10T18:27:13.148+0000] {logging_mixin.py:188} INFO - [2024-07-10T18:27:13.148+0000] {dagbag.py:540} INFO - Filling up the DagBag from /opt/airflow/dags/tostaging.py
[2024-07-10T18:27:13.151+0000] {processor.py:842} WARNING - No viable dags retrieved from /opt/airflow/dags/tostaging.py
[2024-07-10T18:27:13.161+0000] {processor.py:183} INFO - Processing /opt/airflow/dags/tostaging.py took 0.018 seconds
[2024-07-10T18:27:43.846+0000] {processor.py:161} INFO - Started process (PID=952) to work on /opt/airflow/dags/tostaging.py
[2024-07-10T18:27:43.847+0000] {processor.py:830} INFO - Processing file /opt/airflow/dags/tostaging.py for tasks to queue
[2024-07-10T18:27:43.848+0000] {logging_mixin.py:188} INFO - [2024-07-10T18:27:43.848+0000] {dagbag.py:540} INFO - Filling up the DagBag from /opt/airflow/dags/tostaging.py
[2024-07-10T18:27:43.852+0000] {processor.py:842} WARNING - No viable dags retrieved from /opt/airflow/dags/tostaging.py
[2024-07-10T18:27:43.863+0000] {processor.py:183} INFO - Processing /opt/airflow/dags/tostaging.py took 0.020 seconds
[2024-07-10T18:28:14.325+0000] {processor.py:161} INFO - Started process (PID=964) to work on /opt/airflow/dags/tostaging.py
[2024-07-10T18:28:14.326+0000] {processor.py:830} INFO - Processing file /opt/airflow/dags/tostaging.py for tasks to queue
[2024-07-10T18:28:14.328+0000] {logging_mixin.py:188} INFO - [2024-07-10T18:28:14.327+0000] {dagbag.py:540} INFO - Filling up the DagBag from /opt/airflow/dags/tostaging.py
[2024-07-10T18:28:14.331+0000] {processor.py:842} WARNING - No viable dags retrieved from /opt/airflow/dags/tostaging.py
[2024-07-10T18:28:14.343+0000] {processor.py:183} INFO - Processing /opt/airflow/dags/tostaging.py took 0.020 seconds
[2024-07-10T18:28:45.004+0000] {processor.py:161} INFO - Started process (PID=976) to work on /opt/airflow/dags/tostaging.py
[2024-07-10T18:28:45.004+0000] {processor.py:830} INFO - Processing file /opt/airflow/dags/tostaging.py for tasks to queue
[2024-07-10T18:28:45.006+0000] {logging_mixin.py:188} INFO - [2024-07-10T18:28:45.006+0000] {dagbag.py:540} INFO - Filling up the DagBag from /opt/airflow/dags/tostaging.py
[2024-07-10T18:28:45.009+0000] {processor.py:842} WARNING - No viable dags retrieved from /opt/airflow/dags/tostaging.py
[2024-07-10T18:28:45.020+0000] {processor.py:183} INFO - Processing /opt/airflow/dags/tostaging.py took 0.019 seconds
[2024-07-10T18:29:15.604+0000] {processor.py:161} INFO - Started process (PID=988) to work on /opt/airflow/dags/tostaging.py
[2024-07-10T18:29:15.605+0000] {processor.py:830} INFO - Processing file /opt/airflow/dags/tostaging.py for tasks to queue
[2024-07-10T18:29:15.606+0000] {logging_mixin.py:188} INFO - [2024-07-10T18:29:15.606+0000] {dagbag.py:540} INFO - Filling up the DagBag from /opt/airflow/dags/tostaging.py
[2024-07-10T18:29:15.609+0000] {processor.py:842} WARNING - No viable dags retrieved from /opt/airflow/dags/tostaging.py
[2024-07-10T18:29:15.620+0000] {processor.py:183} INFO - Processing /opt/airflow/dags/tostaging.py took 0.021 seconds
[2024-07-10T18:29:46.053+0000] {processor.py:161} INFO - Started process (PID=999) to work on /opt/airflow/dags/tostaging.py
[2024-07-10T18:29:46.054+0000] {processor.py:830} INFO - Processing file /opt/airflow/dags/tostaging.py for tasks to queue
[2024-07-10T18:29:46.055+0000] {logging_mixin.py:188} INFO - [2024-07-10T18:29:46.055+0000] {dagbag.py:540} INFO - Filling up the DagBag from /opt/airflow/dags/tostaging.py
[2024-07-10T18:29:46.058+0000] {processor.py:842} WARNING - No viable dags retrieved from /opt/airflow/dags/tostaging.py
[2024-07-10T18:29:46.070+0000] {processor.py:183} INFO - Processing /opt/airflow/dags/tostaging.py took 0.020 seconds
[2024-07-10T18:30:16.701+0000] {processor.py:161} INFO - Started process (PID=1010) to work on /opt/airflow/dags/tostaging.py
[2024-07-10T18:30:16.702+0000] {processor.py:830} INFO - Processing file /opt/airflow/dags/tostaging.py for tasks to queue
[2024-07-10T18:30:16.703+0000] {logging_mixin.py:188} INFO - [2024-07-10T18:30:16.703+0000] {dagbag.py:540} INFO - Filling up the DagBag from /opt/airflow/dags/tostaging.py
[2024-07-10T18:30:16.706+0000] {processor.py:842} WARNING - No viable dags retrieved from /opt/airflow/dags/tostaging.py
[2024-07-10T18:30:16.718+0000] {processor.py:183} INFO - Processing /opt/airflow/dags/tostaging.py took 0.020 seconds
[2024-07-10T18:30:47.411+0000] {processor.py:161} INFO - Started process (PID=1022) to work on /opt/airflow/dags/tostaging.py
[2024-07-10T18:30:47.411+0000] {processor.py:830} INFO - Processing file /opt/airflow/dags/tostaging.py for tasks to queue
[2024-07-10T18:30:47.414+0000] {logging_mixin.py:188} INFO - [2024-07-10T18:30:47.413+0000] {dagbag.py:540} INFO - Filling up the DagBag from /opt/airflow/dags/tostaging.py
[2024-07-10T18:30:47.417+0000] {processor.py:842} WARNING - No viable dags retrieved from /opt/airflow/dags/tostaging.py
[2024-07-10T18:30:47.430+0000] {processor.py:183} INFO - Processing /opt/airflow/dags/tostaging.py took 0.023 seconds
[2024-07-10T18:31:18.068+0000] {processor.py:161} INFO - Started process (PID=1034) to work on /opt/airflow/dags/tostaging.py
[2024-07-10T18:31:18.069+0000] {processor.py:830} INFO - Processing file /opt/airflow/dags/tostaging.py for tasks to queue
[2024-07-10T18:31:18.070+0000] {logging_mixin.py:188} INFO - [2024-07-10T18:31:18.070+0000] {dagbag.py:540} INFO - Filling up the DagBag from /opt/airflow/dags/tostaging.py
[2024-07-10T18:31:18.072+0000] {processor.py:842} WARNING - No viable dags retrieved from /opt/airflow/dags/tostaging.py
[2024-07-10T18:31:18.083+0000] {processor.py:183} INFO - Processing /opt/airflow/dags/tostaging.py took 0.019 seconds
[2024-07-10T18:31:48.718+0000] {processor.py:161} INFO - Started process (PID=1045) to work on /opt/airflow/dags/tostaging.py
[2024-07-10T18:31:48.719+0000] {processor.py:830} INFO - Processing file /opt/airflow/dags/tostaging.py for tasks to queue
[2024-07-10T18:31:48.721+0000] {logging_mixin.py:188} INFO - [2024-07-10T18:31:48.721+0000] {dagbag.py:540} INFO - Filling up the DagBag from /opt/airflow/dags/tostaging.py
[2024-07-10T18:31:48.724+0000] {processor.py:842} WARNING - No viable dags retrieved from /opt/airflow/dags/tostaging.py
[2024-07-10T18:31:48.734+0000] {processor.py:183} INFO - Processing /opt/airflow/dags/tostaging.py took 0.019 seconds
[2024-07-10T18:32:19.379+0000] {processor.py:161} INFO - Started process (PID=1057) to work on /opt/airflow/dags/tostaging.py
[2024-07-10T18:32:19.380+0000] {processor.py:830} INFO - Processing file /opt/airflow/dags/tostaging.py for tasks to queue
[2024-07-10T18:32:19.381+0000] {logging_mixin.py:188} INFO - [2024-07-10T18:32:19.381+0000] {dagbag.py:540} INFO - Filling up the DagBag from /opt/airflow/dags/tostaging.py
[2024-07-10T18:32:19.385+0000] {processor.py:842} WARNING - No viable dags retrieved from /opt/airflow/dags/tostaging.py
[2024-07-10T18:32:19.397+0000] {processor.py:183} INFO - Processing /opt/airflow/dags/tostaging.py took 0.020 seconds
[2024-07-10T18:32:50.068+0000] {processor.py:161} INFO - Started process (PID=1069) to work on /opt/airflow/dags/tostaging.py
[2024-07-10T18:32:50.069+0000] {processor.py:830} INFO - Processing file /opt/airflow/dags/tostaging.py for tasks to queue
[2024-07-10T18:32:50.070+0000] {logging_mixin.py:188} INFO - [2024-07-10T18:32:50.070+0000] {dagbag.py:540} INFO - Filling up the DagBag from /opt/airflow/dags/tostaging.py
[2024-07-10T18:32:50.073+0000] {processor.py:842} WARNING - No viable dags retrieved from /opt/airflow/dags/tostaging.py
[2024-07-10T18:32:50.087+0000] {processor.py:183} INFO - Processing /opt/airflow/dags/tostaging.py took 0.021 seconds
[2024-07-10T18:33:20.738+0000] {processor.py:161} INFO - Started process (PID=1081) to work on /opt/airflow/dags/tostaging.py
[2024-07-10T18:33:20.739+0000] {processor.py:830} INFO - Processing file /opt/airflow/dags/tostaging.py for tasks to queue
[2024-07-10T18:33:20.740+0000] {logging_mixin.py:188} INFO - [2024-07-10T18:33:20.740+0000] {dagbag.py:540} INFO - Filling up the DagBag from /opt/airflow/dags/tostaging.py
[2024-07-10T18:33:20.743+0000] {processor.py:842} WARNING - No viable dags retrieved from /opt/airflow/dags/tostaging.py
[2024-07-10T18:33:20.754+0000] {processor.py:183} INFO - Processing /opt/airflow/dags/tostaging.py took 0.019 seconds
[2024-07-10T18:33:51.182+0000] {processor.py:161} INFO - Started process (PID=1093) to work on /opt/airflow/dags/tostaging.py
[2024-07-10T18:33:51.183+0000] {processor.py:830} INFO - Processing file /opt/airflow/dags/tostaging.py for tasks to queue
[2024-07-10T18:33:51.186+0000] {logging_mixin.py:188} INFO - [2024-07-10T18:33:51.186+0000] {dagbag.py:540} INFO - Filling up the DagBag from /opt/airflow/dags/tostaging.py
[2024-07-10T18:33:51.190+0000] {processor.py:842} WARNING - No viable dags retrieved from /opt/airflow/dags/tostaging.py
[2024-07-10T18:33:51.201+0000] {processor.py:183} INFO - Processing /opt/airflow/dags/tostaging.py took 0.021 seconds
[2024-07-10T18:34:21.903+0000] {processor.py:161} INFO - Started process (PID=1110) to work on /opt/airflow/dags/tostaging.py
[2024-07-10T18:34:21.904+0000] {processor.py:830} INFO - Processing file /opt/airflow/dags/tostaging.py for tasks to queue
[2024-07-10T18:34:21.906+0000] {logging_mixin.py:188} INFO - [2024-07-10T18:34:21.906+0000] {dagbag.py:540} INFO - Filling up the DagBag from /opt/airflow/dags/tostaging.py
[2024-07-10T18:34:21.909+0000] {processor.py:842} WARNING - No viable dags retrieved from /opt/airflow/dags/tostaging.py
[2024-07-10T18:34:21.922+0000] {processor.py:183} INFO - Processing /opt/airflow/dags/tostaging.py took 0.021 seconds
[2024-07-10T18:34:52.574+0000] {processor.py:161} INFO - Started process (PID=1122) to work on /opt/airflow/dags/tostaging.py
[2024-07-10T18:34:52.575+0000] {processor.py:830} INFO - Processing file /opt/airflow/dags/tostaging.py for tasks to queue
[2024-07-10T18:34:52.577+0000] {logging_mixin.py:188} INFO - [2024-07-10T18:34:52.576+0000] {dagbag.py:540} INFO - Filling up the DagBag from /opt/airflow/dags/tostaging.py
[2024-07-10T18:34:52.580+0000] {processor.py:842} WARNING - No viable dags retrieved from /opt/airflow/dags/tostaging.py
[2024-07-10T18:34:52.596+0000] {processor.py:183} INFO - Processing /opt/airflow/dags/tostaging.py took 0.025 seconds
[2024-07-10T18:35:23.233+0000] {processor.py:161} INFO - Started process (PID=1134) to work on /opt/airflow/dags/tostaging.py
[2024-07-10T18:35:23.233+0000] {processor.py:830} INFO - Processing file /opt/airflow/dags/tostaging.py for tasks to queue
[2024-07-10T18:35:23.235+0000] {logging_mixin.py:188} INFO - [2024-07-10T18:35:23.235+0000] {dagbag.py:540} INFO - Filling up the DagBag from /opt/airflow/dags/tostaging.py
[2024-07-10T18:35:23.238+0000] {processor.py:842} WARNING - No viable dags retrieved from /opt/airflow/dags/tostaging.py
[2024-07-10T18:35:23.248+0000] {processor.py:183} INFO - Processing /opt/airflow/dags/tostaging.py took 0.017 seconds
[2024-07-10T18:35:53.840+0000] {processor.py:161} INFO - Started process (PID=1146) to work on /opt/airflow/dags/tostaging.py
[2024-07-10T18:35:53.840+0000] {processor.py:830} INFO - Processing file /opt/airflow/dags/tostaging.py for tasks to queue
[2024-07-10T18:35:53.842+0000] {logging_mixin.py:188} INFO - [2024-07-10T18:35:53.841+0000] {dagbag.py:540} INFO - Filling up the DagBag from /opt/airflow/dags/tostaging.py
[2024-07-10T18:35:53.844+0000] {processor.py:842} WARNING - No viable dags retrieved from /opt/airflow/dags/tostaging.py
[2024-07-10T18:35:53.853+0000] {processor.py:183} INFO - Processing /opt/airflow/dags/tostaging.py took 0.015 seconds
[2024-07-10T18:36:24.464+0000] {processor.py:161} INFO - Started process (PID=1158) to work on /opt/airflow/dags/tostaging.py
[2024-07-10T18:36:24.465+0000] {processor.py:830} INFO - Processing file /opt/airflow/dags/tostaging.py for tasks to queue
[2024-07-10T18:36:24.467+0000] {logging_mixin.py:188} INFO - [2024-07-10T18:36:24.466+0000] {dagbag.py:540} INFO - Filling up the DagBag from /opt/airflow/dags/tostaging.py
[2024-07-10T18:36:24.469+0000] {processor.py:842} WARNING - No viable dags retrieved from /opt/airflow/dags/tostaging.py
[2024-07-10T18:36:24.483+0000] {processor.py:183} INFO - Processing /opt/airflow/dags/tostaging.py took 0.021 seconds
[2024-07-10T18:36:55.236+0000] {processor.py:161} INFO - Started process (PID=1171) to work on /opt/airflow/dags/tostaging.py
[2024-07-10T18:36:55.237+0000] {processor.py:830} INFO - Processing file /opt/airflow/dags/tostaging.py for tasks to queue
[2024-07-10T18:36:55.238+0000] {logging_mixin.py:188} INFO - [2024-07-10T18:36:55.238+0000] {dagbag.py:540} INFO - Filling up the DagBag from /opt/airflow/dags/tostaging.py
[2024-07-10T18:36:55.241+0000] {processor.py:842} WARNING - No viable dags retrieved from /opt/airflow/dags/tostaging.py
[2024-07-10T18:36:55.253+0000] {processor.py:183} INFO - Processing /opt/airflow/dags/tostaging.py took 0.020 seconds
[2024-07-10T18:37:25.908+0000] {processor.py:161} INFO - Started process (PID=1183) to work on /opt/airflow/dags/tostaging.py
[2024-07-10T18:37:25.909+0000] {processor.py:830} INFO - Processing file /opt/airflow/dags/tostaging.py for tasks to queue
[2024-07-10T18:37:25.912+0000] {logging_mixin.py:188} INFO - [2024-07-10T18:37:25.912+0000] {dagbag.py:540} INFO - Filling up the DagBag from /opt/airflow/dags/tostaging.py
[2024-07-10T18:37:25.919+0000] {processor.py:842} WARNING - No viable dags retrieved from /opt/airflow/dags/tostaging.py
[2024-07-10T18:37:25.930+0000] {processor.py:183} INFO - Processing /opt/airflow/dags/tostaging.py took 0.027 seconds
[2024-07-10T18:37:56.560+0000] {processor.py:161} INFO - Started process (PID=1195) to work on /opt/airflow/dags/tostaging.py
[2024-07-10T18:37:56.562+0000] {processor.py:830} INFO - Processing file /opt/airflow/dags/tostaging.py for tasks to queue
[2024-07-10T18:37:56.564+0000] {logging_mixin.py:188} INFO - [2024-07-10T18:37:56.564+0000] {dagbag.py:540} INFO - Filling up the DagBag from /opt/airflow/dags/tostaging.py
[2024-07-10T18:37:56.568+0000] {processor.py:842} WARNING - No viable dags retrieved from /opt/airflow/dags/tostaging.py
[2024-07-10T18:37:56.579+0000] {processor.py:183} INFO - Processing /opt/airflow/dags/tostaging.py took 0.021 seconds
[2024-07-10T18:38:27.183+0000] {processor.py:161} INFO - Started process (PID=1207) to work on /opt/airflow/dags/tostaging.py
[2024-07-10T18:38:27.184+0000] {processor.py:830} INFO - Processing file /opt/airflow/dags/tostaging.py for tasks to queue
[2024-07-10T18:38:27.186+0000] {logging_mixin.py:188} INFO - [2024-07-10T18:38:27.186+0000] {dagbag.py:540} INFO - Filling up the DagBag from /opt/airflow/dags/tostaging.py
[2024-07-10T18:38:27.191+0000] {processor.py:842} WARNING - No viable dags retrieved from /opt/airflow/dags/tostaging.py
[2024-07-10T18:38:27.204+0000] {processor.py:183} INFO - Processing /opt/airflow/dags/tostaging.py took 0.024 seconds
[2024-07-10T18:38:57.804+0000] {processor.py:161} INFO - Started process (PID=1219) to work on /opt/airflow/dags/tostaging.py
[2024-07-10T18:38:57.806+0000] {processor.py:830} INFO - Processing file /opt/airflow/dags/tostaging.py for tasks to queue
[2024-07-10T18:38:57.808+0000] {logging_mixin.py:188} INFO - [2024-07-10T18:38:57.807+0000] {dagbag.py:540} INFO - Filling up the DagBag from /opt/airflow/dags/tostaging.py
[2024-07-10T18:38:57.811+0000] {processor.py:842} WARNING - No viable dags retrieved from /opt/airflow/dags/tostaging.py
[2024-07-10T18:38:57.824+0000] {processor.py:183} INFO - Processing /opt/airflow/dags/tostaging.py took 0.025 seconds
[2024-07-10T18:39:28.379+0000] {processor.py:161} INFO - Started process (PID=1231) to work on /opt/airflow/dags/tostaging.py
[2024-07-10T18:39:28.382+0000] {processor.py:830} INFO - Processing file /opt/airflow/dags/tostaging.py for tasks to queue
[2024-07-10T18:39:28.383+0000] {logging_mixin.py:188} INFO - [2024-07-10T18:39:28.383+0000] {dagbag.py:540} INFO - Filling up the DagBag from /opt/airflow/dags/tostaging.py
[2024-07-10T18:39:28.386+0000] {processor.py:842} WARNING - No viable dags retrieved from /opt/airflow/dags/tostaging.py
[2024-07-10T18:39:28.398+0000] {processor.py:183} INFO - Processing /opt/airflow/dags/tostaging.py took 0.022 seconds
[2024-07-10T18:39:59.005+0000] {processor.py:161} INFO - Started process (PID=1243) to work on /opt/airflow/dags/tostaging.py
[2024-07-10T18:39:59.006+0000] {processor.py:830} INFO - Processing file /opt/airflow/dags/tostaging.py for tasks to queue
[2024-07-10T18:39:59.008+0000] {logging_mixin.py:188} INFO - [2024-07-10T18:39:59.007+0000] {dagbag.py:540} INFO - Filling up the DagBag from /opt/airflow/dags/tostaging.py
[2024-07-10T18:39:59.011+0000] {processor.py:842} WARNING - No viable dags retrieved from /opt/airflow/dags/tostaging.py
[2024-07-10T18:39:59.023+0000] {processor.py:183} INFO - Processing /opt/airflow/dags/tostaging.py took 0.021 seconds
[2024-07-10T18:40:29.626+0000] {processor.py:161} INFO - Started process (PID=1254) to work on /opt/airflow/dags/tostaging.py
[2024-07-10T18:40:29.627+0000] {processor.py:830} INFO - Processing file /opt/airflow/dags/tostaging.py for tasks to queue
[2024-07-10T18:40:29.629+0000] {logging_mixin.py:188} INFO - [2024-07-10T18:40:29.628+0000] {dagbag.py:540} INFO - Filling up the DagBag from /opt/airflow/dags/tostaging.py
[2024-07-10T18:40:29.635+0000] {processor.py:842} WARNING - No viable dags retrieved from /opt/airflow/dags/tostaging.py
[2024-07-10T18:40:29.648+0000] {processor.py:183} INFO - Processing /opt/airflow/dags/tostaging.py took 0.025 seconds
[2024-07-10T18:41:00.233+0000] {processor.py:161} INFO - Started process (PID=1266) to work on /opt/airflow/dags/tostaging.py
[2024-07-10T18:41:00.234+0000] {processor.py:830} INFO - Processing file /opt/airflow/dags/tostaging.py for tasks to queue
[2024-07-10T18:41:00.236+0000] {logging_mixin.py:188} INFO - [2024-07-10T18:41:00.235+0000] {dagbag.py:540} INFO - Filling up the DagBag from /opt/airflow/dags/tostaging.py
[2024-07-10T18:41:00.238+0000] {processor.py:842} WARNING - No viable dags retrieved from /opt/airflow/dags/tostaging.py
[2024-07-10T18:41:00.250+0000] {processor.py:183} INFO - Processing /opt/airflow/dags/tostaging.py took 0.020 seconds
[2024-07-10T18:41:30.868+0000] {processor.py:161} INFO - Started process (PID=1278) to work on /opt/airflow/dags/tostaging.py
[2024-07-10T18:41:30.870+0000] {processor.py:830} INFO - Processing file /opt/airflow/dags/tostaging.py for tasks to queue
[2024-07-10T18:41:30.873+0000] {logging_mixin.py:188} INFO - [2024-07-10T18:41:30.873+0000] {dagbag.py:540} INFO - Filling up the DagBag from /opt/airflow/dags/tostaging.py
[2024-07-10T18:41:30.878+0000] {processor.py:842} WARNING - No viable dags retrieved from /opt/airflow/dags/tostaging.py
[2024-07-10T18:41:30.891+0000] {processor.py:183} INFO - Processing /opt/airflow/dags/tostaging.py took 0.029 seconds
[2024-07-10T18:42:01.509+0000] {processor.py:161} INFO - Started process (PID=1290) to work on /opt/airflow/dags/tostaging.py
[2024-07-10T18:42:01.510+0000] {processor.py:830} INFO - Processing file /opt/airflow/dags/tostaging.py for tasks to queue
[2024-07-10T18:42:01.512+0000] {logging_mixin.py:188} INFO - [2024-07-10T18:42:01.512+0000] {dagbag.py:540} INFO - Filling up the DagBag from /opt/airflow/dags/tostaging.py
[2024-07-10T18:42:01.516+0000] {processor.py:842} WARNING - No viable dags retrieved from /opt/airflow/dags/tostaging.py
[2024-07-10T18:42:01.530+0000] {processor.py:183} INFO - Processing /opt/airflow/dags/tostaging.py took 0.024 seconds
[2024-07-10T18:42:32.132+0000] {processor.py:161} INFO - Started process (PID=1302) to work on /opt/airflow/dags/tostaging.py
[2024-07-10T18:42:32.133+0000] {processor.py:830} INFO - Processing file /opt/airflow/dags/tostaging.py for tasks to queue
[2024-07-10T18:42:32.135+0000] {logging_mixin.py:188} INFO - [2024-07-10T18:42:32.134+0000] {dagbag.py:540} INFO - Filling up the DagBag from /opt/airflow/dags/tostaging.py
[2024-07-10T18:42:32.139+0000] {processor.py:842} WARNING - No viable dags retrieved from /opt/airflow/dags/tostaging.py
[2024-07-10T18:42:32.150+0000] {processor.py:183} INFO - Processing /opt/airflow/dags/tostaging.py took 0.021 seconds
[2024-07-10T18:43:02.846+0000] {processor.py:161} INFO - Started process (PID=1315) to work on /opt/airflow/dags/tostaging.py
[2024-07-10T18:43:02.847+0000] {processor.py:830} INFO - Processing file /opt/airflow/dags/tostaging.py for tasks to queue
[2024-07-10T18:43:02.849+0000] {logging_mixin.py:188} INFO - [2024-07-10T18:43:02.848+0000] {dagbag.py:540} INFO - Filling up the DagBag from /opt/airflow/dags/tostaging.py
[2024-07-10T18:43:02.852+0000] {processor.py:842} WARNING - No viable dags retrieved from /opt/airflow/dags/tostaging.py
[2024-07-10T18:43:02.862+0000] {processor.py:183} INFO - Processing /opt/airflow/dags/tostaging.py took 0.019 seconds
[2024-07-10T18:43:33.402+0000] {processor.py:161} INFO - Started process (PID=1327) to work on /opt/airflow/dags/tostaging.py
[2024-07-10T18:43:33.403+0000] {processor.py:830} INFO - Processing file /opt/airflow/dags/tostaging.py for tasks to queue
[2024-07-10T18:43:33.405+0000] {logging_mixin.py:188} INFO - [2024-07-10T18:43:33.404+0000] {dagbag.py:540} INFO - Filling up the DagBag from /opt/airflow/dags/tostaging.py
[2024-07-10T18:43:33.408+0000] {processor.py:842} WARNING - No viable dags retrieved from /opt/airflow/dags/tostaging.py
[2024-07-10T18:43:33.419+0000] {processor.py:183} INFO - Processing /opt/airflow/dags/tostaging.py took 0.020 seconds
[2024-07-10T18:44:03.954+0000] {processor.py:161} INFO - Started process (PID=1338) to work on /opt/airflow/dags/tostaging.py
[2024-07-10T18:44:03.955+0000] {processor.py:830} INFO - Processing file /opt/airflow/dags/tostaging.py for tasks to queue
[2024-07-10T18:44:03.957+0000] {logging_mixin.py:188} INFO - [2024-07-10T18:44:03.957+0000] {dagbag.py:540} INFO - Filling up the DagBag from /opt/airflow/dags/tostaging.py
[2024-07-10T18:44:03.961+0000] {processor.py:842} WARNING - No viable dags retrieved from /opt/airflow/dags/tostaging.py
[2024-07-10T18:44:03.970+0000] {processor.py:183} INFO - Processing /opt/airflow/dags/tostaging.py took 0.019 seconds
[2024-07-10T18:44:34.491+0000] {processor.py:161} INFO - Started process (PID=1350) to work on /opt/airflow/dags/tostaging.py
[2024-07-10T18:44:34.492+0000] {processor.py:830} INFO - Processing file /opt/airflow/dags/tostaging.py for tasks to queue
[2024-07-10T18:44:34.494+0000] {logging_mixin.py:188} INFO - [2024-07-10T18:44:34.493+0000] {dagbag.py:540} INFO - Filling up the DagBag from /opt/airflow/dags/tostaging.py
[2024-07-10T18:44:34.501+0000] {processor.py:842} WARNING - No viable dags retrieved from /opt/airflow/dags/tostaging.py
[2024-07-10T18:44:34.510+0000] {processor.py:183} INFO - Processing /opt/airflow/dags/tostaging.py took 0.023 seconds
[2024-07-10T18:45:05.058+0000] {processor.py:161} INFO - Started process (PID=1362) to work on /opt/airflow/dags/tostaging.py
[2024-07-10T18:45:05.059+0000] {processor.py:830} INFO - Processing file /opt/airflow/dags/tostaging.py for tasks to queue
[2024-07-10T18:45:05.060+0000] {logging_mixin.py:188} INFO - [2024-07-10T18:45:05.060+0000] {dagbag.py:540} INFO - Filling up the DagBag from /opt/airflow/dags/tostaging.py
[2024-07-10T18:45:05.063+0000] {processor.py:842} WARNING - No viable dags retrieved from /opt/airflow/dags/tostaging.py
[2024-07-10T18:45:05.072+0000] {processor.py:183} INFO - Processing /opt/airflow/dags/tostaging.py took 0.017 seconds
[2024-07-10T18:45:35.654+0000] {processor.py:161} INFO - Started process (PID=1374) to work on /opt/airflow/dags/tostaging.py
[2024-07-10T18:45:35.655+0000] {processor.py:830} INFO - Processing file /opt/airflow/dags/tostaging.py for tasks to queue
[2024-07-10T18:45:35.658+0000] {logging_mixin.py:188} INFO - [2024-07-10T18:45:35.657+0000] {dagbag.py:540} INFO - Filling up the DagBag from /opt/airflow/dags/tostaging.py
[2024-07-10T18:45:35.661+0000] {processor.py:842} WARNING - No viable dags retrieved from /opt/airflow/dags/tostaging.py
[2024-07-10T18:45:35.673+0000] {processor.py:183} INFO - Processing /opt/airflow/dags/tostaging.py took 0.023 seconds
[2024-07-10T18:46:06.251+0000] {processor.py:161} INFO - Started process (PID=1386) to work on /opt/airflow/dags/tostaging.py
[2024-07-10T18:46:06.252+0000] {processor.py:830} INFO - Processing file /opt/airflow/dags/tostaging.py for tasks to queue
[2024-07-10T18:46:06.253+0000] {logging_mixin.py:188} INFO - [2024-07-10T18:46:06.253+0000] {dagbag.py:540} INFO - Filling up the DagBag from /opt/airflow/dags/tostaging.py
[2024-07-10T18:46:06.257+0000] {processor.py:842} WARNING - No viable dags retrieved from /opt/airflow/dags/tostaging.py
[2024-07-10T18:46:06.269+0000] {processor.py:183} INFO - Processing /opt/airflow/dags/tostaging.py took 0.022 seconds
[2024-07-10T18:46:36.873+0000] {processor.py:161} INFO - Started process (PID=1398) to work on /opt/airflow/dags/tostaging.py
[2024-07-10T18:46:36.874+0000] {processor.py:830} INFO - Processing file /opt/airflow/dags/tostaging.py for tasks to queue
[2024-07-10T18:46:36.876+0000] {logging_mixin.py:188} INFO - [2024-07-10T18:46:36.876+0000] {dagbag.py:540} INFO - Filling up the DagBag from /opt/airflow/dags/tostaging.py
[2024-07-10T18:46:36.880+0000] {processor.py:842} WARNING - No viable dags retrieved from /opt/airflow/dags/tostaging.py
[2024-07-10T18:46:36.894+0000] {processor.py:183} INFO - Processing /opt/airflow/dags/tostaging.py took 0.024 seconds
[2024-07-10T18:47:07.478+0000] {processor.py:161} INFO - Started process (PID=1409) to work on /opt/airflow/dags/tostaging.py
[2024-07-10T18:47:07.479+0000] {processor.py:830} INFO - Processing file /opt/airflow/dags/tostaging.py for tasks to queue
[2024-07-10T18:47:07.482+0000] {logging_mixin.py:188} INFO - [2024-07-10T18:47:07.481+0000] {dagbag.py:540} INFO - Filling up the DagBag from /opt/airflow/dags/tostaging.py
[2024-07-10T18:47:07.485+0000] {processor.py:842} WARNING - No viable dags retrieved from /opt/airflow/dags/tostaging.py
[2024-07-10T18:47:07.498+0000] {processor.py:183} INFO - Processing /opt/airflow/dags/tostaging.py took 0.026 seconds
[2024-07-10T18:47:38.014+0000] {processor.py:161} INFO - Started process (PID=1420) to work on /opt/airflow/dags/tostaging.py
[2024-07-10T18:47:38.016+0000] {processor.py:830} INFO - Processing file /opt/airflow/dags/tostaging.py for tasks to queue
[2024-07-10T18:47:38.018+0000] {logging_mixin.py:188} INFO - [2024-07-10T18:47:38.018+0000] {dagbag.py:540} INFO - Filling up the DagBag from /opt/airflow/dags/tostaging.py
[2024-07-10T18:47:38.022+0000] {processor.py:842} WARNING - No viable dags retrieved from /opt/airflow/dags/tostaging.py
[2024-07-10T18:47:38.038+0000] {processor.py:183} INFO - Processing /opt/airflow/dags/tostaging.py took 0.036 seconds
[2024-07-10T18:48:08.692+0000] {processor.py:161} INFO - Started process (PID=1432) to work on /opt/airflow/dags/tostaging.py
[2024-07-10T18:48:08.693+0000] {processor.py:830} INFO - Processing file /opt/airflow/dags/tostaging.py for tasks to queue
[2024-07-10T18:48:08.695+0000] {logging_mixin.py:188} INFO - [2024-07-10T18:48:08.694+0000] {dagbag.py:540} INFO - Filling up the DagBag from /opt/airflow/dags/tostaging.py
[2024-07-10T18:48:08.698+0000] {processor.py:842} WARNING - No viable dags retrieved from /opt/airflow/dags/tostaging.py
[2024-07-10T18:48:08.711+0000] {processor.py:183} INFO - Processing /opt/airflow/dags/tostaging.py took 0.023 seconds
[2024-07-10T18:48:39.328+0000] {processor.py:161} INFO - Started process (PID=1444) to work on /opt/airflow/dags/tostaging.py
[2024-07-10T18:48:39.329+0000] {processor.py:830} INFO - Processing file /opt/airflow/dags/tostaging.py for tasks to queue
[2024-07-10T18:48:39.331+0000] {logging_mixin.py:188} INFO - [2024-07-10T18:48:39.331+0000] {dagbag.py:540} INFO - Filling up the DagBag from /opt/airflow/dags/tostaging.py
[2024-07-10T18:48:39.336+0000] {processor.py:842} WARNING - No viable dags retrieved from /opt/airflow/dags/tostaging.py
[2024-07-10T18:48:39.349+0000] {processor.py:183} INFO - Processing /opt/airflow/dags/tostaging.py took 0.026 seconds
