[2024-07-23T17:12:33.491+0000] {taskinstance.py:1979} INFO - Dependencies all met for dep_context=non-requeueable deps ti=<TaskInstance: stagingtodv.category scheduled__2024-07-22T00:00:00+00:00 [queued]>
[2024-07-23T17:12:33.525+0000] {taskinstance.py:1979} INFO - Dependencies all met for dep_context=requeueable deps ti=<TaskInstance: stagingtodv.category scheduled__2024-07-22T00:00:00+00:00 [queued]>
[2024-07-23T17:12:33.528+0000] {taskinstance.py:2193} INFO - Starting attempt 1 of 1
[2024-07-23T17:12:33.579+0000] {taskinstance.py:2217} INFO - Executing <Task(PythonOperator): category> on 2024-07-22 00:00:00+00:00
[2024-07-23T17:12:33.592+0000] {standard_task_runner.py:60} INFO - Started process 95 to run task
[2024-07-23T17:12:33.597+0000] {standard_task_runner.py:87} INFO - Running: ['***', 'tasks', 'run', 'stagingtodv', 'category', 'scheduled__2024-07-22T00:00:00+00:00', '--job-id', '34', '--raw', '--subdir', 'DAGS_FOLDER/dag.py', '--cfg-path', '/tmp/tmpwq9kv7lr']
[2024-07-23T17:12:33.607+0000] {standard_task_runner.py:88} INFO - Job 34: Subtask category
[2024-07-23T17:12:33.712+0000] {task_command.py:423} INFO - Running <TaskInstance: stagingtodv.category scheduled__2024-07-22T00:00:00+00:00 [running]> on host f59a56d3cdcb
[2024-07-23T17:12:34.069+0000] {taskinstance.py:2513} INFO - Exporting env vars: AIRFLOW_CTX_DAG_OWNER='***' AIRFLOW_CTX_DAG_ID='stagingtodv' AIRFLOW_CTX_TASK_ID='category' AIRFLOW_CTX_EXECUTION_DATE='2024-07-22T00:00:00+00:00' AIRFLOW_CTX_TRY_NUMBER='1' AIRFLOW_CTX_DAG_RUN_ID='scheduled__2024-07-22T00:00:00+00:00'
[2024-07-23T17:12:34.075+0000] {logging_mixin.py:188} INFO - -------------------------------------------- select *  from etlconf.Etl_Process_Mapping where SourceTableName = 'category' and Stage = 'stagingtodv'
[2024-07-23T17:12:35.060+0000] {logging_mixin.py:188} INFO - update etlconf.Etl_Process_Mapping T set last_run_date = current_timestamp where destdbname='dbdv' and destschema='dvdrental' and desttablename='category';
[2024-07-23T17:12:35.091+0000] {python.py:202} INFO - Done. Returned value was: None
[2024-07-23T17:12:35.099+0000] {taskinstance.py:1149} INFO - Marking task as SUCCESS. dag_id=stagingtodv, task_id=category, execution_date=20240722T000000, start_date=20240723T171233, end_date=20240723T171235
[2024-07-23T17:12:35.143+0000] {local_task_job_runner.py:234} INFO - Task exited with return code 0
[2024-07-23T17:12:35.187+0000] {taskinstance.py:3312} INFO - 0 downstream tasks scheduled from follow-on schedule check
[2024-07-23T17:54:16.302+0000] {taskinstance.py:1979} INFO - Dependencies all met for dep_context=non-requeueable deps ti=<TaskInstance: stagingtodv.category scheduled__2024-07-22T00:00:00+00:00 [queued]>
[2024-07-23T17:54:16.357+0000] {taskinstance.py:1979} INFO - Dependencies all met for dep_context=requeueable deps ti=<TaskInstance: stagingtodv.category scheduled__2024-07-22T00:00:00+00:00 [queued]>
[2024-07-23T17:54:16.363+0000] {taskinstance.py:2193} INFO - Starting attempt 1 of 1
[2024-07-23T17:54:16.377+0000] {taskinstance.py:2217} INFO - Executing <Task(PythonOperator): category> on 2024-07-22 00:00:00+00:00
[2024-07-23T17:54:16.391+0000] {standard_task_runner.py:60} INFO - Started process 80 to run task
[2024-07-23T17:54:16.399+0000] {standard_task_runner.py:87} INFO - Running: ['***', 'tasks', 'run', 'stagingtodv', 'category', 'scheduled__2024-07-22T00:00:00+00:00', '--job-id', '8', '--raw', '--subdir', 'DAGS_FOLDER/dag.py', '--cfg-path', '/tmp/tmp2sg3vtw1']
[2024-07-23T17:54:16.404+0000] {standard_task_runner.py:88} INFO - Job 8: Subtask category
[2024-07-23T17:54:16.577+0000] {task_command.py:423} INFO - Running <TaskInstance: stagingtodv.category scheduled__2024-07-22T00:00:00+00:00 [running]> on host 3c1c8f0ee07d
[2024-07-23T17:54:17.636+0000] {taskinstance.py:2513} INFO - Exporting env vars: AIRFLOW_CTX_DAG_OWNER='***' AIRFLOW_CTX_DAG_ID='stagingtodv' AIRFLOW_CTX_TASK_ID='category' AIRFLOW_CTX_EXECUTION_DATE='2024-07-22T00:00:00+00:00' AIRFLOW_CTX_TRY_NUMBER='1' AIRFLOW_CTX_DAG_RUN_ID='scheduled__2024-07-22T00:00:00+00:00'
[2024-07-23T17:54:17.638+0000] {logging_mixin.py:188} INFO - -------------------------------------------- select *  from etlconf.Etl_Process_Mapping where SourceTableName = 'category' and Stage = 'stagingtodv'
[2024-07-23T17:54:18.054+0000] {logging_mixin.py:188} INFO - update etlconf.Etl_Process_Mapping T set last_run_date = current_timestamp where destdbname='dbdv' and destschema='dvdrental' and desttablename='category';
[2024-07-23T17:54:18.081+0000] {python.py:202} INFO - Done. Returned value was: None
[2024-07-23T17:54:18.089+0000] {taskinstance.py:1149} INFO - Marking task as SUCCESS. dag_id=stagingtodv, task_id=category, execution_date=20240722T000000, start_date=20240723T175416, end_date=20240723T175418
[2024-07-23T17:54:18.168+0000] {local_task_job_runner.py:234} INFO - Task exited with return code 0
[2024-07-23T17:54:18.201+0000] {taskinstance.py:3312} INFO - 0 downstream tasks scheduled from follow-on schedule check
[2024-07-23T18:01:02.145+0000] {taskinstance.py:1979} INFO - Dependencies all met for dep_context=non-requeueable deps ti=<TaskInstance: stagingtodv.category scheduled__2024-07-22T00:00:00+00:00 [queued]>
[2024-07-23T18:01:02.158+0000] {taskinstance.py:1979} INFO - Dependencies all met for dep_context=requeueable deps ti=<TaskInstance: stagingtodv.category scheduled__2024-07-22T00:00:00+00:00 [queued]>
[2024-07-23T18:01:02.159+0000] {taskinstance.py:2193} INFO - Starting attempt 1 of 1
[2024-07-23T18:01:02.176+0000] {taskinstance.py:2217} INFO - Executing <Task(PythonOperator): category> on 2024-07-22 00:00:00+00:00
[2024-07-23T18:01:02.201+0000] {standard_task_runner.py:60} INFO - Started process 87 to run task
[2024-07-23T18:01:02.203+0000] {standard_task_runner.py:87} INFO - Running: ['***', 'tasks', 'run', 'stagingtodv', 'category', 'scheduled__2024-07-22T00:00:00+00:00', '--job-id', '9', '--raw', '--subdir', 'DAGS_FOLDER/dag.py', '--cfg-path', '/tmp/tmpqu1tzs1n']
[2024-07-23T18:01:02.212+0000] {standard_task_runner.py:88} INFO - Job 9: Subtask category
[2024-07-23T18:01:02.325+0000] {task_command.py:423} INFO - Running <TaskInstance: stagingtodv.category scheduled__2024-07-22T00:00:00+00:00 [running]> on host 315a231b27e5
[2024-07-23T18:01:03.366+0000] {taskinstance.py:2513} INFO - Exporting env vars: AIRFLOW_CTX_DAG_OWNER='***' AIRFLOW_CTX_DAG_ID='stagingtodv' AIRFLOW_CTX_TASK_ID='category' AIRFLOW_CTX_EXECUTION_DATE='2024-07-22T00:00:00+00:00' AIRFLOW_CTX_TRY_NUMBER='1' AIRFLOW_CTX_DAG_RUN_ID='scheduled__2024-07-22T00:00:00+00:00'
[2024-07-23T18:01:03.372+0000] {logging_mixin.py:188} INFO - -------------------------------------------- select *  from etlconf.Etl_Process_Mapping where SourceTableName = 'category' and Stage = 'stagingtodv'
[2024-07-23T18:01:03.572+0000] {logging_mixin.py:188} INFO - update etlconf.Etl_Process_Mapping T set last_run_date = current_timestamp where destdbname='dbdv' and destschema='dvdrental' and desttablename='category';
[2024-07-23T18:01:03.636+0000] {python.py:202} INFO - Done. Returned value was: None
[2024-07-23T18:01:03.643+0000] {taskinstance.py:1149} INFO - Marking task as SUCCESS. dag_id=stagingtodv, task_id=category, execution_date=20240722T000000, start_date=20240723T180102, end_date=20240723T180103
[2024-07-23T18:01:03.678+0000] {local_task_job_runner.py:234} INFO - Task exited with return code 0
[2024-07-23T18:01:03.691+0000] {taskinstance.py:3312} INFO - 0 downstream tasks scheduled from follow-on schedule check
[2024-07-23T18:04:01.206+0000] {taskinstance.py:1979} INFO - Dependencies all met for dep_context=non-requeueable deps ti=<TaskInstance: stagingtodv.category scheduled__2024-07-22T00:00:00+00:00 [queued]>
[2024-07-23T18:04:01.216+0000] {taskinstance.py:1979} INFO - Dependencies all met for dep_context=requeueable deps ti=<TaskInstance: stagingtodv.category scheduled__2024-07-22T00:00:00+00:00 [queued]>
[2024-07-23T18:04:01.217+0000] {taskinstance.py:2193} INFO - Starting attempt 1 of 1
[2024-07-23T18:04:01.242+0000] {taskinstance.py:2217} INFO - Executing <Task(PythonOperator): category> on 2024-07-22 00:00:00+00:00
[2024-07-23T18:04:01.256+0000] {standard_task_runner.py:60} INFO - Started process 92 to run task
[2024-07-23T18:04:01.268+0000] {standard_task_runner.py:87} INFO - Running: ['***', 'tasks', 'run', 'stagingtodv', 'category', 'scheduled__2024-07-22T00:00:00+00:00', '--job-id', '8', '--raw', '--subdir', 'DAGS_FOLDER/dag.py', '--cfg-path', '/tmp/tmpb8rtytyz']
[2024-07-23T18:04:01.279+0000] {standard_task_runner.py:88} INFO - Job 8: Subtask category
[2024-07-23T18:04:01.397+0000] {task_command.py:423} INFO - Running <TaskInstance: stagingtodv.category scheduled__2024-07-22T00:00:00+00:00 [running]> on host e53715a5cddb
[2024-07-23T18:04:02.396+0000] {taskinstance.py:2513} INFO - Exporting env vars: AIRFLOW_CTX_DAG_OWNER='***' AIRFLOW_CTX_DAG_ID='stagingtodv' AIRFLOW_CTX_TASK_ID='category' AIRFLOW_CTX_EXECUTION_DATE='2024-07-22T00:00:00+00:00' AIRFLOW_CTX_TRY_NUMBER='1' AIRFLOW_CTX_DAG_RUN_ID='scheduled__2024-07-22T00:00:00+00:00'
[2024-07-23T18:04:02.398+0000] {logging_mixin.py:188} INFO - -------------------------------------------- select *  from etlconf.Etl_Process_Mapping where SourceTableName = 'category' and Stage = 'stagingtodv'
[2024-07-23T18:04:02.653+0000] {logging_mixin.py:188} INFO - update etlconf.Etl_Process_Mapping T set last_run_date = current_timestamp where destdbname='dbdv' and destschema='dvdrental' and desttablename='category';
[2024-07-23T18:04:02.679+0000] {python.py:202} INFO - Done. Returned value was: None
[2024-07-23T18:04:02.692+0000] {taskinstance.py:1149} INFO - Marking task as SUCCESS. dag_id=stagingtodv, task_id=category, execution_date=20240722T000000, start_date=20240723T180401, end_date=20240723T180402
[2024-07-23T18:04:02.730+0000] {local_task_job_runner.py:234} INFO - Task exited with return code 0
[2024-07-23T18:04:02.771+0000] {taskinstance.py:3312} INFO - 0 downstream tasks scheduled from follow-on schedule check
[2024-07-23T18:06:47.970+0000] {taskinstance.py:1979} INFO - Dependencies all met for dep_context=non-requeueable deps ti=<TaskInstance: stagingtodv.category scheduled__2024-07-22T00:00:00+00:00 [queued]>
[2024-07-23T18:06:47.981+0000] {taskinstance.py:1979} INFO - Dependencies all met for dep_context=requeueable deps ti=<TaskInstance: stagingtodv.category scheduled__2024-07-22T00:00:00+00:00 [queued]>
[2024-07-23T18:06:47.982+0000] {taskinstance.py:2193} INFO - Starting attempt 1 of 1
[2024-07-23T18:06:48.014+0000] {taskinstance.py:2217} INFO - Executing <Task(PythonOperator): category> on 2024-07-22 00:00:00+00:00
[2024-07-23T18:06:48.024+0000] {standard_task_runner.py:60} INFO - Started process 84 to run task
[2024-07-23T18:06:48.030+0000] {standard_task_runner.py:87} INFO - Running: ['***', 'tasks', 'run', 'stagingtodv', 'category', 'scheduled__2024-07-22T00:00:00+00:00', '--job-id', '7', '--raw', '--subdir', 'DAGS_FOLDER/dag.py', '--cfg-path', '/tmp/tmpizoi5spy']
[2024-07-23T18:06:48.033+0000] {standard_task_runner.py:88} INFO - Job 7: Subtask category
[2024-07-23T18:06:48.180+0000] {task_command.py:423} INFO - Running <TaskInstance: stagingtodv.category scheduled__2024-07-22T00:00:00+00:00 [running]> on host 4611c3991cbb
[2024-07-23T18:06:48.793+0000] {taskinstance.py:2513} INFO - Exporting env vars: AIRFLOW_CTX_DAG_OWNER='***' AIRFLOW_CTX_DAG_ID='stagingtodv' AIRFLOW_CTX_TASK_ID='category' AIRFLOW_CTX_EXECUTION_DATE='2024-07-22T00:00:00+00:00' AIRFLOW_CTX_TRY_NUMBER='1' AIRFLOW_CTX_DAG_RUN_ID='scheduled__2024-07-22T00:00:00+00:00'
[2024-07-23T18:06:48.795+0000] {logging_mixin.py:188} INFO - -------------------------------------------- select *  from etlconf.Etl_Process_Mapping where SourceTableName = 'category' and Stage = 'stagingtodv'
[2024-07-23T18:06:49.384+0000] {logging_mixin.py:188} INFO - update etlconf.Etl_Process_Mapping T set last_run_date = current_timestamp where destdbname='dbdv' and destschema='dvdrental' and desttablename='category';
[2024-07-23T18:06:49.410+0000] {python.py:202} INFO - Done. Returned value was: None
[2024-07-23T18:06:49.416+0000] {taskinstance.py:1149} INFO - Marking task as SUCCESS. dag_id=stagingtodv, task_id=category, execution_date=20240722T000000, start_date=20240723T180647, end_date=20240723T180649
[2024-07-23T18:06:49.488+0000] {local_task_job_runner.py:234} INFO - Task exited with return code 0
[2024-07-23T18:06:49.536+0000] {taskinstance.py:3312} INFO - 0 downstream tasks scheduled from follow-on schedule check
[2024-07-23T18:29:37.659+0000] {taskinstance.py:1979} INFO - Dependencies all met for dep_context=non-requeueable deps ti=<TaskInstance: stagingtodv.category scheduled__2024-07-22T00:00:00+00:00 [queued]>
[2024-07-23T18:29:37.679+0000] {taskinstance.py:1979} INFO - Dependencies all met for dep_context=requeueable deps ti=<TaskInstance: stagingtodv.category scheduled__2024-07-22T00:00:00+00:00 [queued]>
[2024-07-23T18:29:37.687+0000] {taskinstance.py:2193} INFO - Starting attempt 1 of 1
[2024-07-23T18:29:37.704+0000] {taskinstance.py:2217} INFO - Executing <Task(PythonOperator): category> on 2024-07-22 00:00:00+00:00
[2024-07-23T18:29:37.719+0000] {standard_task_runner.py:60} INFO - Started process 103 to run task
[2024-07-23T18:29:37.730+0000] {standard_task_runner.py:87} INFO - Running: ['***', 'tasks', 'run', 'stagingtodv', 'category', 'scheduled__2024-07-22T00:00:00+00:00', '--job-id', '17', '--raw', '--subdir', 'DAGS_FOLDER/dag.py', '--cfg-path', '/tmp/tmpaa54ydp4']
[2024-07-23T18:29:37.738+0000] {standard_task_runner.py:88} INFO - Job 17: Subtask category
[2024-07-23T18:29:37.876+0000] {task_command.py:423} INFO - Running <TaskInstance: stagingtodv.category scheduled__2024-07-22T00:00:00+00:00 [running]> on host c954f6e68ded
[2024-07-23T18:29:38.713+0000] {taskinstance.py:2513} INFO - Exporting env vars: AIRFLOW_CTX_DAG_OWNER='***' AIRFLOW_CTX_DAG_ID='stagingtodv' AIRFLOW_CTX_TASK_ID='category' AIRFLOW_CTX_EXECUTION_DATE='2024-07-22T00:00:00+00:00' AIRFLOW_CTX_TRY_NUMBER='1' AIRFLOW_CTX_DAG_RUN_ID='scheduled__2024-07-22T00:00:00+00:00'
[2024-07-23T18:29:38.717+0000] {logging_mixin.py:188} INFO - -------------------------------------------- select *  from etlconf.Etl_Process_Mapping where SourceTableName = 'category' and Stage = 'stagingtodv'
[2024-07-23T18:29:38.914+0000] {logging_mixin.py:188} INFO - update etlconf.Etl_Process_Mapping T set last_run_date = current_timestamp where destdbname='dbdv' and destschema='dvdrental' and desttablename='category';
[2024-07-23T18:29:38.933+0000] {python.py:202} INFO - Done. Returned value was: None
[2024-07-23T18:29:38.940+0000] {taskinstance.py:1149} INFO - Marking task as SUCCESS. dag_id=stagingtodv, task_id=category, execution_date=20240722T000000, start_date=20240723T182937, end_date=20240723T182938
[2024-07-23T18:29:38.969+0000] {local_task_job_runner.py:234} INFO - Task exited with return code 0
[2024-07-23T18:29:38.979+0000] {taskinstance.py:3312} INFO - 0 downstream tasks scheduled from follow-on schedule check
[2024-07-23T19:03:40.419+0000] {taskinstance.py:1979} INFO - Dependencies all met for dep_context=non-requeueable deps ti=<TaskInstance: stagingtodv.category scheduled__2024-07-22T00:00:00+00:00 [queued]>
[2024-07-23T19:03:40.439+0000] {taskinstance.py:1979} INFO - Dependencies all met for dep_context=requeueable deps ti=<TaskInstance: stagingtodv.category scheduled__2024-07-22T00:00:00+00:00 [queued]>
[2024-07-23T19:03:40.442+0000] {taskinstance.py:2193} INFO - Starting attempt 1 of 1
[2024-07-23T19:03:40.471+0000] {taskinstance.py:2217} INFO - Executing <Task(PythonOperator): category> on 2024-07-22 00:00:00+00:00
[2024-07-23T19:03:40.488+0000] {standard_task_runner.py:60} INFO - Started process 85 to run task
[2024-07-23T19:03:40.496+0000] {standard_task_runner.py:87} INFO - Running: ['***', 'tasks', 'run', 'stagingtodv', 'category', 'scheduled__2024-07-22T00:00:00+00:00', '--job-id', '7', '--raw', '--subdir', 'DAGS_FOLDER/dag.py', '--cfg-path', '/tmp/tmp45vzhugw']
[2024-07-23T19:03:40.522+0000] {standard_task_runner.py:88} INFO - Job 7: Subtask category
[2024-07-23T19:03:40.638+0000] {task_command.py:423} INFO - Running <TaskInstance: stagingtodv.category scheduled__2024-07-22T00:00:00+00:00 [running]> on host fc8d45b704f5
[2024-07-23T19:03:41.670+0000] {taskinstance.py:2513} INFO - Exporting env vars: AIRFLOW_CTX_DAG_OWNER='***' AIRFLOW_CTX_DAG_ID='stagingtodv' AIRFLOW_CTX_TASK_ID='category' AIRFLOW_CTX_EXECUTION_DATE='2024-07-22T00:00:00+00:00' AIRFLOW_CTX_TRY_NUMBER='1' AIRFLOW_CTX_DAG_RUN_ID='scheduled__2024-07-22T00:00:00+00:00'
[2024-07-23T19:03:41.671+0000] {logging_mixin.py:188} INFO - -------------------------------------------- select *  from etlconf.Etl_Process_Mapping where SourceTableName = 'category' and Stage = 'stagingtodv'
[2024-07-23T19:03:41.889+0000] {logging_mixin.py:188} INFO - update etlconf.Etl_Process_Mapping T set last_run_date = current_timestamp where destdbname='dbdv' and destschema='dvdrental' and desttablename='category';
[2024-07-23T19:03:41.903+0000] {python.py:202} INFO - Done. Returned value was: None
[2024-07-23T19:03:41.910+0000] {taskinstance.py:1149} INFO - Marking task as SUCCESS. dag_id=stagingtodv, task_id=category, execution_date=20240722T000000, start_date=20240723T190340, end_date=20240723T190341
[2024-07-23T19:03:41.972+0000] {local_task_job_runner.py:234} INFO - Task exited with return code 0
[2024-07-23T19:03:42.009+0000] {taskinstance.py:3312} INFO - 0 downstream tasks scheduled from follow-on schedule check
[2024-07-23T19:14:05.146+0000] {taskinstance.py:1979} INFO - Dependencies all met for dep_context=non-requeueable deps ti=<TaskInstance: stagingtodv.category scheduled__2024-07-22T00:00:00+00:00 [queued]>
[2024-07-23T19:14:05.156+0000] {taskinstance.py:1979} INFO - Dependencies all met for dep_context=requeueable deps ti=<TaskInstance: stagingtodv.category scheduled__2024-07-22T00:00:00+00:00 [queued]>
[2024-07-23T19:14:05.160+0000] {taskinstance.py:2193} INFO - Starting attempt 1 of 1
[2024-07-23T19:14:05.174+0000] {taskinstance.py:2217} INFO - Executing <Task(PythonOperator): category> on 2024-07-22 00:00:00+00:00
[2024-07-23T19:14:05.204+0000] {standard_task_runner.py:60} INFO - Started process 107 to run task
[2024-07-23T19:14:05.208+0000] {standard_task_runner.py:87} INFO - Running: ['***', 'tasks', 'run', 'stagingtodv', 'category', 'scheduled__2024-07-22T00:00:00+00:00', '--job-id', '14', '--raw', '--subdir', 'DAGS_FOLDER/dag.py', '--cfg-path', '/tmp/tmpo3s3r1vu']
[2024-07-23T19:14:05.211+0000] {standard_task_runner.py:88} INFO - Job 14: Subtask category
[2024-07-23T19:14:05.303+0000] {task_command.py:423} INFO - Running <TaskInstance: stagingtodv.category scheduled__2024-07-22T00:00:00+00:00 [running]> on host 232d821b4a3b
[2024-07-23T19:14:06.381+0000] {taskinstance.py:2513} INFO - Exporting env vars: AIRFLOW_CTX_DAG_OWNER='***' AIRFLOW_CTX_DAG_ID='stagingtodv' AIRFLOW_CTX_TASK_ID='category' AIRFLOW_CTX_EXECUTION_DATE='2024-07-22T00:00:00+00:00' AIRFLOW_CTX_TRY_NUMBER='1' AIRFLOW_CTX_DAG_RUN_ID='scheduled__2024-07-22T00:00:00+00:00'
[2024-07-23T19:14:06.386+0000] {logging_mixin.py:188} INFO - -------------------------------------------- select *  from etlconf.Etl_Process_Mapping where SourceTableName = 'category' and Stage = 'stagingtodv'
[2024-07-23T19:14:06.763+0000] {logging_mixin.py:188} INFO - update etlconf.Etl_Process_Mapping T set last_run_date = current_timestamp where destdbname='dbdv' and destschema='dvdrental' and desttablename='category';
[2024-07-23T19:14:06.790+0000] {python.py:202} INFO - Done. Returned value was: None
[2024-07-23T19:14:06.803+0000] {taskinstance.py:1149} INFO - Marking task as SUCCESS. dag_id=stagingtodv, task_id=category, execution_date=20240722T000000, start_date=20240723T191405, end_date=20240723T191406
[2024-07-23T19:14:06.834+0000] {local_task_job_runner.py:234} INFO - Task exited with return code 0
[2024-07-23T19:14:06.867+0000] {taskinstance.py:3312} INFO - 0 downstream tasks scheduled from follow-on schedule check
[2024-07-23T19:16:53.750+0000] {taskinstance.py:1979} INFO - Dependencies all met for dep_context=non-requeueable deps ti=<TaskInstance: stagingtodv.category scheduled__2024-07-22T00:00:00+00:00 [queued]>
[2024-07-23T19:16:53.756+0000] {taskinstance.py:1979} INFO - Dependencies all met for dep_context=requeueable deps ti=<TaskInstance: stagingtodv.category scheduled__2024-07-22T00:00:00+00:00 [queued]>
[2024-07-23T19:16:53.756+0000] {taskinstance.py:2193} INFO - Starting attempt 1 of 1
[2024-07-23T19:16:53.784+0000] {taskinstance.py:2217} INFO - Executing <Task(PythonOperator): category> on 2024-07-22 00:00:00+00:00
[2024-07-23T19:16:53.797+0000] {standard_task_runner.py:60} INFO - Started process 97 to run task
[2024-07-23T19:16:53.810+0000] {standard_task_runner.py:87} INFO - Running: ['***', 'tasks', 'run', 'stagingtodv', 'category', 'scheduled__2024-07-22T00:00:00+00:00', '--job-id', '6', '--raw', '--subdir', 'DAGS_FOLDER/dag.py', '--cfg-path', '/tmp/tmpnhdze39k']
[2024-07-23T19:16:53.819+0000] {standard_task_runner.py:88} INFO - Job 6: Subtask category
[2024-07-23T19:16:53.941+0000] {task_command.py:423} INFO - Running <TaskInstance: stagingtodv.category scheduled__2024-07-22T00:00:00+00:00 [running]> on host edd08a02182b
[2024-07-23T19:16:55.101+0000] {taskinstance.py:2513} INFO - Exporting env vars: AIRFLOW_CTX_DAG_OWNER='***' AIRFLOW_CTX_DAG_ID='stagingtodv' AIRFLOW_CTX_TASK_ID='category' AIRFLOW_CTX_EXECUTION_DATE='2024-07-22T00:00:00+00:00' AIRFLOW_CTX_TRY_NUMBER='1' AIRFLOW_CTX_DAG_RUN_ID='scheduled__2024-07-22T00:00:00+00:00'
[2024-07-23T19:16:55.109+0000] {logging_mixin.py:188} INFO - -------------------------------------------- select *  from etlconf.Etl_Process_Mapping where SourceTableName = 'category' and Stage = 'stagingtodv'
[2024-07-23T19:16:55.575+0000] {logging_mixin.py:188} INFO - update etlconf.Etl_Process_Mapping T set last_run_date = current_timestamp where destdbname='dbdv' and destschema='dvdrental' and desttablename='category';
[2024-07-23T19:16:55.600+0000] {python.py:202} INFO - Done. Returned value was: None
[2024-07-23T19:16:55.611+0000] {taskinstance.py:1149} INFO - Marking task as SUCCESS. dag_id=stagingtodv, task_id=category, execution_date=20240722T000000, start_date=20240723T191653, end_date=20240723T191655
[2024-07-23T19:16:55.655+0000] {local_task_job_runner.py:234} INFO - Task exited with return code 0
[2024-07-23T19:16:55.693+0000] {taskinstance.py:3312} INFO - 0 downstream tasks scheduled from follow-on schedule check
[2024-07-23T19:24:54.856+0000] {taskinstance.py:1979} INFO - Dependencies all met for dep_context=non-requeueable deps ti=<TaskInstance: stagingtodv.category scheduled__2024-07-22T00:00:00+00:00 [queued]>
[2024-07-23T19:24:54.862+0000] {taskinstance.py:1979} INFO - Dependencies all met for dep_context=requeueable deps ti=<TaskInstance: stagingtodv.category scheduled__2024-07-22T00:00:00+00:00 [queued]>
[2024-07-23T19:24:54.869+0000] {taskinstance.py:2193} INFO - Starting attempt 1 of 1
[2024-07-23T19:24:54.911+0000] {taskinstance.py:2217} INFO - Executing <Task(PythonOperator): category> on 2024-07-22 00:00:00+00:00
[2024-07-23T19:24:54.927+0000] {standard_task_runner.py:60} INFO - Started process 99 to run task
[2024-07-23T19:24:54.946+0000] {standard_task_runner.py:87} INFO - Running: ['***', 'tasks', 'run', 'stagingtodv', 'category', 'scheduled__2024-07-22T00:00:00+00:00', '--job-id', '13', '--raw', '--subdir', 'DAGS_FOLDER/dag.py', '--cfg-path', '/tmp/tmp7tdb5v_l']
[2024-07-23T19:24:54.963+0000] {standard_task_runner.py:88} INFO - Job 13: Subtask category
[2024-07-23T19:24:55.128+0000] {task_command.py:423} INFO - Running <TaskInstance: stagingtodv.category scheduled__2024-07-22T00:00:00+00:00 [running]> on host b19a9c320dfd
[2024-07-23T19:24:56.340+0000] {taskinstance.py:2513} INFO - Exporting env vars: AIRFLOW_CTX_DAG_OWNER='***' AIRFLOW_CTX_DAG_ID='stagingtodv' AIRFLOW_CTX_TASK_ID='category' AIRFLOW_CTX_EXECUTION_DATE='2024-07-22T00:00:00+00:00' AIRFLOW_CTX_TRY_NUMBER='1' AIRFLOW_CTX_DAG_RUN_ID='scheduled__2024-07-22T00:00:00+00:00'
[2024-07-23T19:24:56.342+0000] {logging_mixin.py:188} INFO - -------------------------------------------- select *  from etlconf.Etl_Process_Mapping where SourceTableName = 'category' and Stage = 'stagingtodv'
[2024-07-23T19:24:56.609+0000] {logging_mixin.py:188} INFO - update etlconf.Etl_Process_Mapping T set last_run_date = current_timestamp where destdbname='dbdv' and destschema='dvdrental' and desttablename='category';
[2024-07-23T19:24:56.647+0000] {python.py:202} INFO - Done. Returned value was: None
[2024-07-23T19:24:56.658+0000] {taskinstance.py:1149} INFO - Marking task as SUCCESS. dag_id=stagingtodv, task_id=category, execution_date=20240722T000000, start_date=20240723T192454, end_date=20240723T192456
[2024-07-23T19:24:56.690+0000] {local_task_job_runner.py:234} INFO - Task exited with return code 0
[2024-07-23T19:24:56.716+0000] {taskinstance.py:3312} INFO - 0 downstream tasks scheduled from follow-on schedule check
