[2024-07-11T18:17:07.925+0000] {taskinstance.py:1979} INFO - Dependencies all met for dep_context=non-requeueable deps ti=<TaskInstance: sqltostaging.store scheduled__2024-07-10T00:00:00+00:00 [queued]>
[2024-07-11T18:17:07.966+0000] {taskinstance.py:1979} INFO - Dependencies all met for dep_context=requeueable deps ti=<TaskInstance: sqltostaging.store scheduled__2024-07-10T00:00:00+00:00 [queued]>
[2024-07-11T18:17:07.972+0000] {taskinstance.py:2193} INFO - Starting attempt 1 of 1
[2024-07-11T18:17:08.014+0000] {taskinstance.py:2217} INFO - Executing <Task(PythonOperator): store> on 2024-07-10 00:00:00+00:00
[2024-07-11T18:17:08.023+0000] {standard_task_runner.py:60} INFO - Started process 87 to run task
[2024-07-11T18:17:08.058+0000] {standard_task_runner.py:87} INFO - Running: ['***', 'tasks', 'run', 'sqltostaging', 'store', 'scheduled__2024-07-10T00:00:00+00:00', '--job-id', '32', '--raw', '--subdir', 'DAGS_FOLDER/dag.py', '--cfg-path', '/tmp/tmpb7lng86h']
[2024-07-11T18:17:08.082+0000] {standard_task_runner.py:88} INFO - Job 32: Subtask store
[2024-07-11T18:17:08.281+0000] {task_command.py:423} INFO - Running <TaskInstance: sqltostaging.store scheduled__2024-07-10T00:00:00+00:00 [running]> on host 2bc01acfbd3e
[2024-07-11T18:17:08.599+0000] {taskinstance.py:2513} INFO - Exporting env vars: AIRFLOW_CTX_DAG_OWNER='***' AIRFLOW_CTX_DAG_ID='sqltostaging' AIRFLOW_CTX_TASK_ID='store' AIRFLOW_CTX_EXECUTION_DATE='2024-07-10T00:00:00+00:00' AIRFLOW_CTX_TRY_NUMBER='1' AIRFLOW_CTX_DAG_RUN_ID='scheduled__2024-07-10T00:00:00+00:00'
[2024-07-11T18:17:10.521+0000] {logging_mixin.py:188} INFO - select *  from etlconf.Etl_Process_Mapping where SourceTableName = 'store' and Stage = 'sqltostaging'
[2024-07-11T18:17:10.619+0000] {logging_mixin.py:188} INFO -    id sourcetablename sourcedbname  ...  code         stage last_run_date
0   1           store    dvdrental  ...  None  sqltostaging          None

[1 rows x 15 columns]
[2024-07-11T18:17:10.625+0000] {taskinstance.py:2731} ERROR - Task failed with exception
Traceback (most recent call last):
  File "/home/airflow/.local/lib/python3.8/site-packages/airflow/models/taskinstance.py", line 444, in _execute_task
    result = _execute_callable(context=context, **execute_callable_kwargs)
  File "/home/airflow/.local/lib/python3.8/site-packages/airflow/models/taskinstance.py", line 414, in _execute_callable
    return execute_callable(context=context, **execute_callable_kwargs)
  File "/home/airflow/.local/lib/python3.8/site-packages/airflow/operators/python.py", line 200, in execute
    return_value = self.execute_callable()
  File "/home/airflow/.local/lib/python3.8/site-packages/airflow/operators/python.py", line 217, in execute_callable
    return self.python_callable(*self.op_args, **self.op_kwargs)
  File "/opt/airflow/dags/dag.py", line 44, in process_table
    return  execute(table, stage, tabletype)
  File "/app/main.py", line 26, in execute
    SqlToStaging().create_full().some_function(table, stage)
  File "/app/concretestage/SQLToStaging.py", line 38, in some_function
    sourceDF = getDF(sourcedbname,sourcetablename , sourceschema)
TypeError: getDF() missing 3 required positional arguments: 'filterColumn', 'dateFrom', and 'dateTo'
[2024-07-11T18:17:10.654+0000] {taskinstance.py:1149} INFO - Marking task as FAILED. dag_id=sqltostaging, task_id=store, execution_date=20240710T000000, start_date=20240711T181707, end_date=20240711T181710
[2024-07-11T18:17:10.709+0000] {standard_task_runner.py:107} ERROR - Failed to execute job 32 for task store (getDF() missing 3 required positional arguments: 'filterColumn', 'dateFrom', and 'dateTo'; 87)
[2024-07-11T18:17:10.750+0000] {local_task_job_runner.py:234} INFO - Task exited with return code 1
[2024-07-11T18:17:10.868+0000] {taskinstance.py:3312} INFO - 0 downstream tasks scheduled from follow-on schedule check
[2024-07-11T18:42:43.297+0000] {taskinstance.py:1979} INFO - Dependencies all met for dep_context=non-requeueable deps ti=<TaskInstance: sqltostaging.store scheduled__2024-07-10T00:00:00+00:00 [queued]>
[2024-07-11T18:42:43.323+0000] {taskinstance.py:1979} INFO - Dependencies all met for dep_context=requeueable deps ti=<TaskInstance: sqltostaging.store scheduled__2024-07-10T00:00:00+00:00 [queued]>
[2024-07-11T18:42:43.332+0000] {taskinstance.py:2193} INFO - Starting attempt 1 of 1
[2024-07-11T18:42:43.370+0000] {taskinstance.py:2217} INFO - Executing <Task(PythonOperator): store> on 2024-07-10 00:00:00+00:00
[2024-07-11T18:42:43.393+0000] {standard_task_runner.py:60} INFO - Started process 87 to run task
[2024-07-11T18:42:43.405+0000] {standard_task_runner.py:87} INFO - Running: ['***', 'tasks', 'run', 'sqltostaging', 'store', 'scheduled__2024-07-10T00:00:00+00:00', '--job-id', '7', '--raw', '--subdir', 'DAGS_FOLDER/dag.py', '--cfg-path', '/tmp/tmpsx682lp8']
[2024-07-11T18:42:43.418+0000] {standard_task_runner.py:88} INFO - Job 7: Subtask store
[2024-07-11T18:42:43.591+0000] {task_command.py:423} INFO - Running <TaskInstance: sqltostaging.store scheduled__2024-07-10T00:00:00+00:00 [running]> on host 3cbd40a515d7
[2024-07-11T18:42:45.006+0000] {taskinstance.py:2513} INFO - Exporting env vars: AIRFLOW_CTX_DAG_OWNER='***' AIRFLOW_CTX_DAG_ID='sqltostaging' AIRFLOW_CTX_TASK_ID='store' AIRFLOW_CTX_EXECUTION_DATE='2024-07-10T00:00:00+00:00' AIRFLOW_CTX_TRY_NUMBER='1' AIRFLOW_CTX_DAG_RUN_ID='scheduled__2024-07-10T00:00:00+00:00'
[2024-07-11T18:42:45.113+0000] {logging_mixin.py:188} INFO - select *  from etlconf.Etl_Process_Mapping where SourceTableName = 'store' and Stage = 'sqltostaging'
[2024-07-11T18:42:45.220+0000] {logging_mixin.py:188} INFO -    id sourcetablename sourcedbname  ...  code         stage last_run_date
0   1           store    dvdrental  ...  None  sqltostaging          None

[1 rows x 15 columns]
[2024-07-11T18:42:45.228+0000] {logging_mixin.py:188} INFO - select T.* from dvdrental.public.store T
[2024-07-11T18:42:45.378+0000] {python.py:202} INFO - Done. Returned value was: None
[2024-07-11T18:42:45.394+0000] {taskinstance.py:1149} INFO - Marking task as SUCCESS. dag_id=sqltostaging, task_id=store, execution_date=20240710T000000, start_date=20240711T184243, end_date=20240711T184245
[2024-07-11T18:42:45.428+0000] {local_task_job_runner.py:234} INFO - Task exited with return code 0
[2024-07-11T18:42:45.463+0000] {taskinstance.py:3312} INFO - 0 downstream tasks scheduled from follow-on schedule check
[2024-07-11T18:51:08.000+0000] {taskinstance.py:1979} INFO - Dependencies all met for dep_context=non-requeueable deps ti=<TaskInstance: sqltostaging.store scheduled__2024-07-10T00:00:00+00:00 [queued]>
[2024-07-11T18:51:08.013+0000] {taskinstance.py:1979} INFO - Dependencies all met for dep_context=requeueable deps ti=<TaskInstance: sqltostaging.store scheduled__2024-07-10T00:00:00+00:00 [queued]>
[2024-07-11T18:51:08.018+0000] {taskinstance.py:2193} INFO - Starting attempt 1 of 1
[2024-07-11T18:51:08.047+0000] {taskinstance.py:2217} INFO - Executing <Task(PythonOperator): store> on 2024-07-10 00:00:00+00:00
[2024-07-11T18:51:08.054+0000] {standard_task_runner.py:60} INFO - Started process 94 to run task
[2024-07-11T18:51:08.068+0000] {standard_task_runner.py:87} INFO - Running: ['***', 'tasks', 'run', 'sqltostaging', 'store', 'scheduled__2024-07-10T00:00:00+00:00', '--job-id', '15', '--raw', '--subdir', 'DAGS_FOLDER/dag.py', '--cfg-path', '/tmp/tmpqa824wy8']
[2024-07-11T18:51:08.080+0000] {standard_task_runner.py:88} INFO - Job 15: Subtask store
[2024-07-11T18:51:08.250+0000] {task_command.py:423} INFO - Running <TaskInstance: sqltostaging.store scheduled__2024-07-10T00:00:00+00:00 [running]> on host 59bc72ebf535
[2024-07-11T18:51:09.020+0000] {taskinstance.py:2513} INFO - Exporting env vars: AIRFLOW_CTX_DAG_OWNER='***' AIRFLOW_CTX_DAG_ID='sqltostaging' AIRFLOW_CTX_TASK_ID='store' AIRFLOW_CTX_EXECUTION_DATE='2024-07-10T00:00:00+00:00' AIRFLOW_CTX_TRY_NUMBER='1' AIRFLOW_CTX_DAG_RUN_ID='scheduled__2024-07-10T00:00:00+00:00'
[2024-07-11T18:51:09.496+0000] {logging_mixin.py:188} INFO - select *  from etlconf.Etl_Process_Mapping where SourceTableName = 'store' and Stage = 'sqltostaging'
[2024-07-11T18:51:09.580+0000] {logging_mixin.py:188} INFO -    id sourcetablename sourcedbname  ...  code         stage last_run_date
0   1           store    dvdrental  ...  None  sqltostaging          None

[1 rows x 15 columns]
[2024-07-11T18:51:09.587+0000] {logging_mixin.py:188} INFO - select T.* from dvdrental.public.store T
[2024-07-11T18:51:09.889+0000] {python.py:202} INFO - Done. Returned value was: None
[2024-07-11T18:51:09.900+0000] {taskinstance.py:1149} INFO - Marking task as SUCCESS. dag_id=sqltostaging, task_id=store, execution_date=20240710T000000, start_date=20240711T185108, end_date=20240711T185109
[2024-07-11T18:51:09.958+0000] {local_task_job_runner.py:234} INFO - Task exited with return code 0
[2024-07-11T18:51:09.979+0000] {taskinstance.py:3312} INFO - 0 downstream tasks scheduled from follow-on schedule check
[2024-07-11T18:59:13.744+0000] {taskinstance.py:1979} INFO - Dependencies all met for dep_context=non-requeueable deps ti=<TaskInstance: sqltostaging.store scheduled__2024-07-10T00:00:00+00:00 [queued]>
[2024-07-11T18:59:13.772+0000] {taskinstance.py:1979} INFO - Dependencies all met for dep_context=requeueable deps ti=<TaskInstance: sqltostaging.store scheduled__2024-07-10T00:00:00+00:00 [queued]>
[2024-07-11T18:59:13.782+0000] {taskinstance.py:2193} INFO - Starting attempt 1 of 1
[2024-07-11T18:59:13.833+0000] {taskinstance.py:2217} INFO - Executing <Task(PythonOperator): store> on 2024-07-10 00:00:00+00:00
[2024-07-11T18:59:13.863+0000] {standard_task_runner.py:60} INFO - Started process 96 to run task
[2024-07-11T18:59:13.867+0000] {standard_task_runner.py:87} INFO - Running: ['***', 'tasks', 'run', 'sqltostaging', 'store', 'scheduled__2024-07-10T00:00:00+00:00', '--job-id', '8', '--raw', '--subdir', 'DAGS_FOLDER/dag.py', '--cfg-path', '/tmp/tmpra62mtej']
[2024-07-11T18:59:13.878+0000] {standard_task_runner.py:88} INFO - Job 8: Subtask store
[2024-07-11T18:59:14.021+0000] {task_command.py:423} INFO - Running <TaskInstance: sqltostaging.store scheduled__2024-07-10T00:00:00+00:00 [running]> on host 40f26a5c62e8
[2024-07-11T18:59:14.637+0000] {taskinstance.py:2513} INFO - Exporting env vars: AIRFLOW_CTX_DAG_OWNER='***' AIRFLOW_CTX_DAG_ID='sqltostaging' AIRFLOW_CTX_TASK_ID='store' AIRFLOW_CTX_EXECUTION_DATE='2024-07-10T00:00:00+00:00' AIRFLOW_CTX_TRY_NUMBER='1' AIRFLOW_CTX_DAG_RUN_ID='scheduled__2024-07-10T00:00:00+00:00'
[2024-07-11T18:59:15.009+0000] {logging_mixin.py:188} INFO - select *  from etlconf.Etl_Process_Mapping where SourceTableName = 'store' and Stage = 'sqltostaging'
[2024-07-11T18:59:15.078+0000] {logging_mixin.py:188} INFO -    id sourcetablename sourcedbname  ...  code         stage last_run_date
0   1           store    dvdrental  ...  None  sqltostaging          None

[1 rows x 15 columns]
[2024-07-11T18:59:15.097+0000] {logging_mixin.py:188} INFO - select T.* from dvdrental.public.store T
[2024-07-11T18:59:15.518+0000] {python.py:202} INFO - Done. Returned value was: None
[2024-07-11T18:59:15.527+0000] {taskinstance.py:1149} INFO - Marking task as SUCCESS. dag_id=sqltostaging, task_id=store, execution_date=20240710T000000, start_date=20240711T185913, end_date=20240711T185915
[2024-07-11T18:59:15.570+0000] {local_task_job_runner.py:234} INFO - Task exited with return code 0
[2024-07-11T18:59:15.600+0000] {taskinstance.py:3312} INFO - 0 downstream tasks scheduled from follow-on schedule check
[2024-07-11T19:35:13.609+0000] {taskinstance.py:1979} INFO - Dependencies all met for dep_context=non-requeueable deps ti=<TaskInstance: sqltostaging.store scheduled__2024-07-10T00:00:00+00:00 [queued]>
[2024-07-11T19:35:13.623+0000] {taskinstance.py:1979} INFO - Dependencies all met for dep_context=requeueable deps ti=<TaskInstance: sqltostaging.store scheduled__2024-07-10T00:00:00+00:00 [queued]>
[2024-07-11T19:35:13.627+0000] {taskinstance.py:2193} INFO - Starting attempt 1 of 1
[2024-07-11T19:35:13.649+0000] {taskinstance.py:2217} INFO - Executing <Task(PythonOperator): store> on 2024-07-10 00:00:00+00:00
[2024-07-11T19:35:13.658+0000] {standard_task_runner.py:60} INFO - Started process 91 to run task
[2024-07-11T19:35:13.671+0000] {standard_task_runner.py:87} INFO - Running: ['***', 'tasks', 'run', 'sqltostaging', 'store', 'scheduled__2024-07-10T00:00:00+00:00', '--job-id', '5', '--raw', '--subdir', 'DAGS_FOLDER/dag.py', '--cfg-path', '/tmp/tmpmw6g2jyu']
[2024-07-11T19:35:13.687+0000] {standard_task_runner.py:88} INFO - Job 5: Subtask store
[2024-07-11T19:35:13.834+0000] {task_command.py:423} INFO - Running <TaskInstance: sqltostaging.store scheduled__2024-07-10T00:00:00+00:00 [running]> on host 99be9f831d54
[2024-07-11T19:35:14.631+0000] {taskinstance.py:2513} INFO - Exporting env vars: AIRFLOW_CTX_DAG_OWNER='***' AIRFLOW_CTX_DAG_ID='sqltostaging' AIRFLOW_CTX_TASK_ID='store' AIRFLOW_CTX_EXECUTION_DATE='2024-07-10T00:00:00+00:00' AIRFLOW_CTX_TRY_NUMBER='1' AIRFLOW_CTX_DAG_RUN_ID='scheduled__2024-07-10T00:00:00+00:00'
[2024-07-11T19:35:14.981+0000] {logging_mixin.py:188} INFO - select *  from etlconf.Etl_Process_Mapping where SourceTableName = 'store' and Stage = 'sqltostaging'
[2024-07-11T19:35:15.069+0000] {logging_mixin.py:188} INFO -    id sourcetablename sourcedbname  ...  code         stage last_run_date
0   1           store    dvdrental  ...  None  sqltostaging          None

[1 rows x 15 columns]
[2024-07-11T19:35:15.073+0000] {logging_mixin.py:188} INFO - select T.* from dvdrental.public.store T
[2024-07-11T19:35:15.454+0000] {python.py:202} INFO - Done. Returned value was: None
[2024-07-11T19:35:15.461+0000] {taskinstance.py:1149} INFO - Marking task as SUCCESS. dag_id=sqltostaging, task_id=store, execution_date=20240710T000000, start_date=20240711T193513, end_date=20240711T193515
[2024-07-11T19:35:15.510+0000] {local_task_job_runner.py:234} INFO - Task exited with return code 0
[2024-07-11T19:35:15.528+0000] {taskinstance.py:3312} INFO - 0 downstream tasks scheduled from follow-on schedule check
[2024-07-11T19:38:52.625+0000] {taskinstance.py:1979} INFO - Dependencies all met for dep_context=non-requeueable deps ti=<TaskInstance: sqltostaging.store scheduled__2024-07-10T00:00:00+00:00 [queued]>
[2024-07-11T19:38:52.652+0000] {taskinstance.py:1979} INFO - Dependencies all met for dep_context=requeueable deps ti=<TaskInstance: sqltostaging.store scheduled__2024-07-10T00:00:00+00:00 [queued]>
[2024-07-11T19:38:52.653+0000] {taskinstance.py:2193} INFO - Starting attempt 1 of 1
[2024-07-11T19:38:52.690+0000] {taskinstance.py:2217} INFO - Executing <Task(PythonOperator): store> on 2024-07-10 00:00:00+00:00
[2024-07-11T19:38:52.703+0000] {standard_task_runner.py:60} INFO - Started process 102 to run task
[2024-07-11T19:38:52.720+0000] {standard_task_runner.py:87} INFO - Running: ['***', 'tasks', 'run', 'sqltostaging', 'store', 'scheduled__2024-07-10T00:00:00+00:00', '--job-id', '15', '--raw', '--subdir', 'DAGS_FOLDER/dag.py', '--cfg-path', '/tmp/tmp8eo_v7aj']
[2024-07-11T19:38:52.730+0000] {standard_task_runner.py:88} INFO - Job 15: Subtask store
[2024-07-11T19:38:52.906+0000] {task_command.py:423} INFO - Running <TaskInstance: sqltostaging.store scheduled__2024-07-10T00:00:00+00:00 [running]> on host 3370024acb9c
[2024-07-11T19:38:53.726+0000] {taskinstance.py:2513} INFO - Exporting env vars: AIRFLOW_CTX_DAG_OWNER='***' AIRFLOW_CTX_DAG_ID='sqltostaging' AIRFLOW_CTX_TASK_ID='store' AIRFLOW_CTX_EXECUTION_DATE='2024-07-10T00:00:00+00:00' AIRFLOW_CTX_TRY_NUMBER='1' AIRFLOW_CTX_DAG_RUN_ID='scheduled__2024-07-10T00:00:00+00:00'
[2024-07-11T19:38:53.816+0000] {logging_mixin.py:188} INFO - select *  from etlconf.Etl_Process_Mapping where SourceTableName = 'store' and Stage = 'sqltostaging'
[2024-07-11T19:38:53.949+0000] {logging_mixin.py:188} INFO -    id sourcetablename sourcedbname  ...  code         stage last_run_date
0   1           store    dvdrental  ...  None  sqltostaging          None

[1 rows x 15 columns]
[2024-07-11T19:38:53.957+0000] {logging_mixin.py:188} INFO - select T.* from dvdrental.public.store T
[2024-07-11T19:38:54.149+0000] {python.py:202} INFO - Done. Returned value was: None
[2024-07-11T19:38:54.157+0000] {taskinstance.py:1149} INFO - Marking task as SUCCESS. dag_id=sqltostaging, task_id=store, execution_date=20240710T000000, start_date=20240711T193852, end_date=20240711T193854
[2024-07-11T19:38:54.208+0000] {local_task_job_runner.py:234} INFO - Task exited with return code 0
[2024-07-11T19:38:54.233+0000] {taskinstance.py:3312} INFO - 0 downstream tasks scheduled from follow-on schedule check
[2024-07-11T19:41:03.430+0000] {taskinstance.py:1979} INFO - Dependencies all met for dep_context=non-requeueable deps ti=<TaskInstance: sqltostaging.store scheduled__2024-07-10T00:00:00+00:00 [queued]>
[2024-07-11T19:41:03.448+0000] {taskinstance.py:1979} INFO - Dependencies all met for dep_context=requeueable deps ti=<TaskInstance: sqltostaging.store scheduled__2024-07-10T00:00:00+00:00 [queued]>
[2024-07-11T19:41:03.448+0000] {taskinstance.py:2193} INFO - Starting attempt 1 of 1
[2024-07-11T19:41:03.477+0000] {taskinstance.py:2217} INFO - Executing <Task(PythonOperator): store> on 2024-07-10 00:00:00+00:00
[2024-07-11T19:41:03.485+0000] {standard_task_runner.py:60} INFO - Started process 101 to run task
[2024-07-11T19:41:03.513+0000] {standard_task_runner.py:87} INFO - Running: ['***', 'tasks', 'run', 'sqltostaging', 'store', 'scheduled__2024-07-10T00:00:00+00:00', '--job-id', '15', '--raw', '--subdir', 'DAGS_FOLDER/dag.py', '--cfg-path', '/tmp/tmpapx6kymw']
[2024-07-11T19:41:03.532+0000] {standard_task_runner.py:88} INFO - Job 15: Subtask store
[2024-07-11T19:41:03.770+0000] {task_command.py:423} INFO - Running <TaskInstance: sqltostaging.store scheduled__2024-07-10T00:00:00+00:00 [running]> on host 5bec992df9f6
[2024-07-11T19:41:04.161+0000] {taskinstance.py:2513} INFO - Exporting env vars: AIRFLOW_CTX_DAG_OWNER='***' AIRFLOW_CTX_DAG_ID='sqltostaging' AIRFLOW_CTX_TASK_ID='store' AIRFLOW_CTX_EXECUTION_DATE='2024-07-10T00:00:00+00:00' AIRFLOW_CTX_TRY_NUMBER='1' AIRFLOW_CTX_DAG_RUN_ID='scheduled__2024-07-10T00:00:00+00:00'
[2024-07-11T19:41:04.971+0000] {logging_mixin.py:188} INFO - select *  from etlconf.Etl_Process_Mapping where SourceTableName = 'store' and Stage = 'sqltostaging'
[2024-07-11T19:41:05.042+0000] {logging_mixin.py:188} INFO -    id sourcetablename sourcedbname  ...  code         stage last_run_date
0   1           store    dvdrental  ...  None  sqltostaging          None

[1 rows x 15 columns]
[2024-07-11T19:41:05.048+0000] {logging_mixin.py:188} INFO - select T.* from dvdrental.public.store T
[2024-07-11T19:41:05.147+0000] {python.py:202} INFO - Done. Returned value was: None
[2024-07-11T19:41:05.154+0000] {taskinstance.py:1149} INFO - Marking task as SUCCESS. dag_id=sqltostaging, task_id=store, execution_date=20240710T000000, start_date=20240711T194103, end_date=20240711T194105
[2024-07-11T19:41:05.214+0000] {local_task_job_runner.py:234} INFO - Task exited with return code 0
[2024-07-11T19:41:05.226+0000] {taskinstance.py:3312} INFO - 0 downstream tasks scheduled from follow-on schedule check
[2024-07-11T19:45:57.617+0000] {taskinstance.py:1979} INFO - Dependencies all met for dep_context=non-requeueable deps ti=<TaskInstance: sqltostaging.store scheduled__2024-07-10T00:00:00+00:00 [queued]>
[2024-07-11T19:45:57.654+0000] {taskinstance.py:1979} INFO - Dependencies all met for dep_context=requeueable deps ti=<TaskInstance: sqltostaging.store scheduled__2024-07-10T00:00:00+00:00 [queued]>
[2024-07-11T19:45:57.669+0000] {taskinstance.py:2193} INFO - Starting attempt 1 of 1
[2024-07-11T19:45:57.726+0000] {taskinstance.py:2217} INFO - Executing <Task(PythonOperator): store> on 2024-07-10 00:00:00+00:00
[2024-07-11T19:45:57.733+0000] {standard_task_runner.py:60} INFO - Started process 102 to run task
[2024-07-11T19:45:57.762+0000] {standard_task_runner.py:87} INFO - Running: ['***', 'tasks', 'run', 'sqltostaging', 'store', 'scheduled__2024-07-10T00:00:00+00:00', '--job-id', '14', '--raw', '--subdir', 'DAGS_FOLDER/dag.py', '--cfg-path', '/tmp/tmplpqd9_4o']
[2024-07-11T19:45:57.776+0000] {standard_task_runner.py:88} INFO - Job 14: Subtask store
[2024-07-11T19:45:58.004+0000] {task_command.py:423} INFO - Running <TaskInstance: sqltostaging.store scheduled__2024-07-10T00:00:00+00:00 [running]> on host 74c26533546f
[2024-07-11T19:45:59.077+0000] {taskinstance.py:2513} INFO - Exporting env vars: AIRFLOW_CTX_DAG_OWNER='***' AIRFLOW_CTX_DAG_ID='sqltostaging' AIRFLOW_CTX_TASK_ID='store' AIRFLOW_CTX_EXECUTION_DATE='2024-07-10T00:00:00+00:00' AIRFLOW_CTX_TRY_NUMBER='1' AIRFLOW_CTX_DAG_RUN_ID='scheduled__2024-07-10T00:00:00+00:00'
[2024-07-11T19:45:59.147+0000] {logging_mixin.py:188} INFO - select *  from etlconf.Etl_Process_Mapping where SourceTableName = 'store' and Stage = 'sqltostaging'
[2024-07-11T19:45:59.205+0000] {logging_mixin.py:188} INFO -    id sourcetablename sourcedbname  ...  code         stage last_run_date
0   1           store    dvdrental  ...  None  sqltostaging          None

[1 rows x 15 columns]
[2024-07-11T19:45:59.211+0000] {logging_mixin.py:188} INFO - select T.* from dvdrental.public.store T
[2024-07-11T19:45:59.332+0000] {python.py:202} INFO - Done. Returned value was: None
[2024-07-11T19:45:59.342+0000] {taskinstance.py:1149} INFO - Marking task as SUCCESS. dag_id=sqltostaging, task_id=store, execution_date=20240710T000000, start_date=20240711T194557, end_date=20240711T194559
[2024-07-11T19:45:59.387+0000] {local_task_job_runner.py:234} INFO - Task exited with return code 0
[2024-07-11T19:45:59.426+0000] {taskinstance.py:3312} INFO - 0 downstream tasks scheduled from follow-on schedule check
[2024-07-11T19:49:38.686+0000] {taskinstance.py:1979} INFO - Dependencies all met for dep_context=non-requeueable deps ti=<TaskInstance: sqltostaging.store scheduled__2024-07-10T00:00:00+00:00 [queued]>
[2024-07-11T19:49:38.702+0000] {taskinstance.py:1979} INFO - Dependencies all met for dep_context=requeueable deps ti=<TaskInstance: sqltostaging.store scheduled__2024-07-10T00:00:00+00:00 [queued]>
[2024-07-11T19:49:38.707+0000] {taskinstance.py:2193} INFO - Starting attempt 1 of 1
[2024-07-11T19:49:38.769+0000] {taskinstance.py:2217} INFO - Executing <Task(PythonOperator): store> on 2024-07-10 00:00:00+00:00
[2024-07-11T19:49:38.798+0000] {standard_task_runner.py:60} INFO - Started process 100 to run task
[2024-07-11T19:49:38.809+0000] {standard_task_runner.py:87} INFO - Running: ['***', 'tasks', 'run', 'sqltostaging', 'store', 'scheduled__2024-07-10T00:00:00+00:00', '--job-id', '14', '--raw', '--subdir', 'DAGS_FOLDER/dag.py', '--cfg-path', '/tmp/tmpwaworvpa']
[2024-07-11T19:49:38.824+0000] {standard_task_runner.py:88} INFO - Job 14: Subtask store
[2024-07-11T19:49:38.971+0000] {task_command.py:423} INFO - Running <TaskInstance: sqltostaging.store scheduled__2024-07-10T00:00:00+00:00 [running]> on host f4f24e57c5cc
[2024-07-11T19:49:39.709+0000] {taskinstance.py:2513} INFO - Exporting env vars: AIRFLOW_CTX_DAG_OWNER='***' AIRFLOW_CTX_DAG_ID='sqltostaging' AIRFLOW_CTX_TASK_ID='store' AIRFLOW_CTX_EXECUTION_DATE='2024-07-10T00:00:00+00:00' AIRFLOW_CTX_TRY_NUMBER='1' AIRFLOW_CTX_DAG_RUN_ID='scheduled__2024-07-10T00:00:00+00:00'
[2024-07-11T19:49:39.792+0000] {logging_mixin.py:188} INFO - select *  from etlconf.Etl_Process_Mapping where SourceTableName = 'store' and Stage = 'sqltostaging'
[2024-07-11T19:49:39.927+0000] {logging_mixin.py:188} INFO -    id sourcetablename sourcedbname  ...  code         stage last_run_date
0   1           store    dvdrental  ...  None  sqltostaging          None

[1 rows x 15 columns]
[2024-07-11T19:49:39.931+0000] {logging_mixin.py:188} INFO - select T.* from dvdrental.public.store T
[2024-07-11T19:49:40.337+0000] {logging_mixin.py:188} INFO - update etlconf.Etl_Process_Mapping T set last_run_date = current_timestamp where destdbname='DBStaging' and destschema='dvdrental' and desttablename='store'
[2024-07-11T19:49:40.369+0000] {python.py:202} INFO - Done. Returned value was: None
[2024-07-11T19:49:40.383+0000] {taskinstance.py:1149} INFO - Marking task as SUCCESS. dag_id=sqltostaging, task_id=store, execution_date=20240710T000000, start_date=20240711T194938, end_date=20240711T194940
[2024-07-11T19:49:40.452+0000] {local_task_job_runner.py:234} INFO - Task exited with return code 0
[2024-07-11T19:49:40.480+0000] {taskinstance.py:3312} INFO - 0 downstream tasks scheduled from follow-on schedule check
[2024-07-11T19:58:31.291+0000] {taskinstance.py:1979} INFO - Dependencies all met for dep_context=non-requeueable deps ti=<TaskInstance: sqltostaging.store scheduled__2024-07-10T00:00:00+00:00 [queued]>
[2024-07-11T19:58:31.324+0000] {taskinstance.py:1979} INFO - Dependencies all met for dep_context=requeueable deps ti=<TaskInstance: sqltostaging.store scheduled__2024-07-10T00:00:00+00:00 [queued]>
[2024-07-11T19:58:31.329+0000] {taskinstance.py:2193} INFO - Starting attempt 1 of 1
[2024-07-11T19:58:31.368+0000] {taskinstance.py:2217} INFO - Executing <Task(PythonOperator): store> on 2024-07-10 00:00:00+00:00
[2024-07-11T19:58:31.375+0000] {standard_task_runner.py:60} INFO - Started process 103 to run task
[2024-07-11T19:58:31.399+0000] {standard_task_runner.py:87} INFO - Running: ['***', 'tasks', 'run', 'sqltostaging', 'store', 'scheduled__2024-07-10T00:00:00+00:00', '--job-id', '9', '--raw', '--subdir', 'DAGS_FOLDER/dag.py', '--cfg-path', '/tmp/tmpa7crzfze']
[2024-07-11T19:58:31.413+0000] {standard_task_runner.py:88} INFO - Job 9: Subtask store
[2024-07-11T19:58:31.557+0000] {task_command.py:423} INFO - Running <TaskInstance: sqltostaging.store scheduled__2024-07-10T00:00:00+00:00 [running]> on host 45208fcb54ea
[2024-07-11T19:58:32.489+0000] {taskinstance.py:2513} INFO - Exporting env vars: AIRFLOW_CTX_DAG_OWNER='***' AIRFLOW_CTX_DAG_ID='sqltostaging' AIRFLOW_CTX_TASK_ID='store' AIRFLOW_CTX_EXECUTION_DATE='2024-07-10T00:00:00+00:00' AIRFLOW_CTX_TRY_NUMBER='1' AIRFLOW_CTX_DAG_RUN_ID='scheduled__2024-07-10T00:00:00+00:00'
[2024-07-11T19:58:32.576+0000] {logging_mixin.py:188} INFO - select *  from etlconf.Etl_Process_Mapping where SourceTableName = 'store' and Stage = 'sqltostaging'
[2024-07-11T19:58:32.679+0000] {logging_mixin.py:188} INFO -    id sourcetablename sourcedbname  ...  code         stage last_run_date
0   1           store    dvdrental  ...  None  sqltostaging          None

[1 rows x 15 columns]
[2024-07-11T19:58:33.180+0000] {logging_mixin.py:188} INFO - update etlconf.Etl_Process_Mapping T set last_run_date = current_timestampwhere destdbname='DBStaging' and destschema='dvdrental' and desttablename='store'
[2024-07-11T19:58:33.215+0000] {taskinstance.py:2731} ERROR - Task failed with exception
Traceback (most recent call last):
  File "/home/airflow/.local/lib/python3.8/site-packages/airflow/models/taskinstance.py", line 444, in _execute_task
    result = _execute_callable(context=context, **execute_callable_kwargs)
  File "/home/airflow/.local/lib/python3.8/site-packages/airflow/models/taskinstance.py", line 414, in _execute_callable
    return execute_callable(context=context, **execute_callable_kwargs)
  File "/home/airflow/.local/lib/python3.8/site-packages/airflow/operators/python.py", line 200, in execute
    return_value = self.execute_callable()
  File "/home/airflow/.local/lib/python3.8/site-packages/airflow/operators/python.py", line 217, in execute_callable
    return self.python_callable(*self.op_args, **self.op_kwargs)
  File "/opt/airflow/dags/dag.py", line 44, in process_table
    return  execute(table, stage, tabletype)
  File "/app/main.py", line 26, in execute
    SqlToStaging().create_full().some_function(table, stage)
  File "/app/concretestage/SQLToStaging.py", line 41, in some_function
    last_run_date_update(DestDBName, DestSchema, DestTableName)
  File "/app/myFramework/utils/utils.py", line 79, in last_run_date_update
    cur.execute(query)
psycopg2.errors.SyntaxError: syntax error at or near "destdbname"
LINE 1: ...ping T set last_run_date = current_timestampwhere destdbname...
                                                             ^

[2024-07-11T19:58:33.242+0000] {taskinstance.py:1149} INFO - Marking task as FAILED. dag_id=sqltostaging, task_id=store, execution_date=20240710T000000, start_date=20240711T195831, end_date=20240711T195833
[2024-07-11T19:58:33.281+0000] {standard_task_runner.py:107} ERROR - Failed to execute job 9 for task store (syntax error at or near "destdbname"
LINE 1: ...ping T set last_run_date = current_timestampwhere destdbname...
                                                             ^
; 103)
[2024-07-11T19:58:33.314+0000] {local_task_job_runner.py:234} INFO - Task exited with return code 1
[2024-07-11T19:58:33.336+0000] {taskinstance.py:3312} INFO - 0 downstream tasks scheduled from follow-on schedule check
[2024-07-11T20:02:08.936+0000] {taskinstance.py:1979} INFO - Dependencies all met for dep_context=non-requeueable deps ti=<TaskInstance: sqltostaging.store scheduled__2024-07-10T00:00:00+00:00 [queued]>
[2024-07-11T20:02:08.951+0000] {taskinstance.py:1979} INFO - Dependencies all met for dep_context=requeueable deps ti=<TaskInstance: sqltostaging.store scheduled__2024-07-10T00:00:00+00:00 [queued]>
[2024-07-11T20:02:08.955+0000] {taskinstance.py:2193} INFO - Starting attempt 1 of 1
[2024-07-11T20:02:08.987+0000] {taskinstance.py:2217} INFO - Executing <Task(PythonOperator): store> on 2024-07-10 00:00:00+00:00
[2024-07-11T20:02:08.997+0000] {standard_task_runner.py:60} INFO - Started process 89 to run task
[2024-07-11T20:02:09.007+0000] {standard_task_runner.py:87} INFO - Running: ['***', 'tasks', 'run', 'sqltostaging', 'store', 'scheduled__2024-07-10T00:00:00+00:00', '--job-id', '4', '--raw', '--subdir', 'DAGS_FOLDER/dag.py', '--cfg-path', '/tmp/tmptan_pgp7']
[2024-07-11T20:02:09.020+0000] {standard_task_runner.py:88} INFO - Job 4: Subtask store
[2024-07-11T20:02:09.178+0000] {task_command.py:423} INFO - Running <TaskInstance: sqltostaging.store scheduled__2024-07-10T00:00:00+00:00 [running]> on host f77c41d1d1e9
[2024-07-11T20:02:09.920+0000] {taskinstance.py:2513} INFO - Exporting env vars: AIRFLOW_CTX_DAG_OWNER='***' AIRFLOW_CTX_DAG_ID='sqltostaging' AIRFLOW_CTX_TASK_ID='store' AIRFLOW_CTX_EXECUTION_DATE='2024-07-10T00:00:00+00:00' AIRFLOW_CTX_TRY_NUMBER='1' AIRFLOW_CTX_DAG_RUN_ID='scheduled__2024-07-10T00:00:00+00:00'
[2024-07-11T20:02:10.304+0000] {logging_mixin.py:188} INFO - select *  from etlconf.Etl_Process_Mapping where SourceTableName = 'store' and Stage = 'sqltostaging'
[2024-07-11T20:02:10.433+0000] {logging_mixin.py:188} INFO -    id sourcetablename sourcedbname  ...  code         stage last_run_date
0   1           store    dvdrental  ...  None  sqltostaging          None

[1 rows x 15 columns]
[2024-07-11T20:02:10.989+0000] {logging_mixin.py:188} INFO - update etlconf.Etl_Process_Mapping T set last_run_date = current_timestamp where destdbname='DBStaging' and destschema='dvdrental' and desttablename='store';
[2024-07-11T20:02:11.013+0000] {python.py:202} INFO - Done. Returned value was: None
[2024-07-11T20:02:11.021+0000] {taskinstance.py:1149} INFO - Marking task as SUCCESS. dag_id=sqltostaging, task_id=store, execution_date=20240710T000000, start_date=20240711T200208, end_date=20240711T200211
[2024-07-11T20:02:11.069+0000] {local_task_job_runner.py:234} INFO - Task exited with return code 0
[2024-07-11T20:02:11.085+0000] {taskinstance.py:3312} INFO - 0 downstream tasks scheduled from follow-on schedule check
