[2024-07-08T18:13:47.029+0000] {taskinstance.py:1979} INFO - Dependencies all met for dep_context=non-requeueable deps ti=<TaskInstance: SqlToStaging.address scheduled__2024-07-07T00:00:00+00:00 [queued]>
[2024-07-08T18:13:47.064+0000] {taskinstance.py:1979} INFO - Dependencies all met for dep_context=requeueable deps ti=<TaskInstance: SqlToStaging.address scheduled__2024-07-07T00:00:00+00:00 [queued]>
[2024-07-08T18:13:47.071+0000] {taskinstance.py:2193} INFO - Starting attempt 1 of 1
[2024-07-08T18:13:47.107+0000] {taskinstance.py:2217} INFO - Executing <Task(PythonOperator): address> on 2024-07-07 00:00:00+00:00
[2024-07-08T18:13:47.112+0000] {standard_task_runner.py:60} INFO - Started process 133 to run task
[2024-07-08T18:13:47.119+0000] {standard_task_runner.py:87} INFO - Running: ['***', 'tasks', 'run', 'SqlToStaging', 'address', 'scheduled__2024-07-07T00:00:00+00:00', '--job-id', '44', '--raw', '--subdir', 'DAGS_FOLDER/dag.py', '--cfg-path', '/tmp/tmp658thtd9']
[2024-07-08T18:13:47.130+0000] {standard_task_runner.py:88} INFO - Job 44: Subtask address
[2024-07-08T18:13:47.243+0000] {task_command.py:423} INFO - Running <TaskInstance: SqlToStaging.address scheduled__2024-07-07T00:00:00+00:00 [running]> on host 091922596b62
[2024-07-08T18:13:47.347+0000] {taskinstance.py:2513} INFO - Exporting env vars: AIRFLOW_CTX_DAG_OWNER='***' AIRFLOW_CTX_DAG_ID='SqlToStaging' AIRFLOW_CTX_TASK_ID='address' AIRFLOW_CTX_EXECUTION_DATE='2024-07-07T00:00:00+00:00' AIRFLOW_CTX_TRY_NUMBER='1' AIRFLOW_CTX_DAG_RUN_ID='scheduled__2024-07-07T00:00:00+00:00'
[2024-07-08T18:13:47.357+0000] {logging_mixin.py:188} INFO - dvtobv :dag_id
[2024-07-08T18:13:47.365+0000] {logging_mixin.py:188} INFO - table: address
[2024-07-08T18:13:47.368+0000] {logging_mixin.py:188} INFO - 
 stage: SqlToStaging 
 table:address
[2024-07-08T18:13:47.370+0000] {logging_mixin.py:188} INFO - select *  from etlconf.Etl_Process_Mapping where SourceTableName = 'address' and Stage = 'SqlToStaging'
[2024-07-08T18:13:47.408+0000] {logging_mixin.py:188} INFO - 0    dvdrental
Name: sourcedbname, dtype: object 0    address
Name: sourcetablename, dtype: object 0    public
Name: sourceschema, dtype: object
[2024-07-08T18:13:47.422+0000] {taskinstance.py:2731} ERROR - Task failed with exception
Traceback (most recent call last):
  File "/home/airflow/.local/lib/python3.8/site-packages/airflow/models/taskinstance.py", line 444, in _execute_task
    result = _execute_callable(context=context, **execute_callable_kwargs)
  File "/home/airflow/.local/lib/python3.8/site-packages/airflow/models/taskinstance.py", line 414, in _execute_callable
    return execute_callable(context=context, **execute_callable_kwargs)
  File "/home/airflow/.local/lib/python3.8/site-packages/airflow/operators/python.py", line 200, in execute
    return_value = self.execute_callable()
  File "/home/airflow/.local/lib/python3.8/site-packages/airflow/operators/python.py", line 217, in execute_callable
    return self.python_callable(*self.op_args, **self.op_kwargs)
  File "/opt/airflow/dags/dag.py", line 22, in process_table
    return  execute(table, stage)
  File "/app/main.py", line 25, in execute
    SqlToStaging().create_full().some_function(table, stage)
  File "/app/concretestage/SQLToStaging.py", line 34, in some_function
    sourceDF = getDF(df['sourcedbname'], df['sourcetablename'], df['sourceschema'])
  File "/app/myFramework/utils/utils.py", line 22, in getDF
    cur = conn.getCursor(source_dbname)
  File "/app/myFramework/source/posgresql/connect.py", line 6, in getCursor
    conn = psycopg2.connect(database = dbname,
  File "/home/airflow/.local/lib/python3.8/site-packages/psycopg2/__init__.py", line 122, in connect
    conn = _connect(dsn, connection_factory=connection_factory, **kwasync)
psycopg2.OperationalError: connection to server at "postgres_db" (192.168.0.3), port 9999 failed: FATAL:  database "0    dvdrental
Name: sourcedbname, dtype: object" does not exist

[2024-07-08T18:13:47.718+0000] {taskinstance.py:1149} INFO - Marking task as FAILED. dag_id=SqlToStaging, task_id=address, execution_date=20240707T000000, start_date=20240708T181347, end_date=20240708T181347
[2024-07-08T18:13:47.734+0000] {standard_task_runner.py:107} ERROR - Failed to execute job 44 for task address (connection to server at "postgres_db" (192.168.0.3), port 9999 failed: FATAL:  database "0    dvdrental
Name: sourcedbname, dtype: object" does not exist
; 133)
[2024-07-08T18:13:47.781+0000] {local_task_job_runner.py:234} INFO - Task exited with return code 1
[2024-07-08T18:13:47.882+0000] {taskinstance.py:3312} INFO - 0 downstream tasks scheduled from follow-on schedule check
[2024-07-08T18:17:21.474+0000] {taskinstance.py:1979} INFO - Dependencies all met for dep_context=non-requeueable deps ti=<TaskInstance: SqlToStaging.address scheduled__2024-07-07T00:00:00+00:00 [queued]>
[2024-07-08T18:17:21.499+0000] {taskinstance.py:1979} INFO - Dependencies all met for dep_context=requeueable deps ti=<TaskInstance: SqlToStaging.address scheduled__2024-07-07T00:00:00+00:00 [queued]>
[2024-07-08T18:17:21.507+0000] {taskinstance.py:2193} INFO - Starting attempt 1 of 1
[2024-07-08T18:17:21.551+0000] {taskinstance.py:2217} INFO - Executing <Task(PythonOperator): address> on 2024-07-07 00:00:00+00:00
[2024-07-08T18:17:21.575+0000] {standard_task_runner.py:87} INFO - Running: ['***', 'tasks', 'run', 'SqlToStaging', 'address', 'scheduled__2024-07-07T00:00:00+00:00', '--job-id', '13', '--raw', '--subdir', 'DAGS_FOLDER/dag.py', '--cfg-path', '/tmp/tmpplbxnpoe']
[2024-07-08T18:17:21.610+0000] {standard_task_runner.py:88} INFO - Job 13: Subtask address
[2024-07-08T18:17:21.574+0000] {standard_task_runner.py:60} INFO - Started process 91 to run task
[2024-07-08T18:17:21.793+0000] {task_command.py:423} INFO - Running <TaskInstance: SqlToStaging.address scheduled__2024-07-07T00:00:00+00:00 [running]> on host 0c73c124d202
[2024-07-08T18:17:23.930+0000] {taskinstance.py:2513} INFO - Exporting env vars: AIRFLOW_CTX_DAG_OWNER='***' AIRFLOW_CTX_DAG_ID='SqlToStaging' AIRFLOW_CTX_TASK_ID='address' AIRFLOW_CTX_EXECUTION_DATE='2024-07-07T00:00:00+00:00' AIRFLOW_CTX_TRY_NUMBER='1' AIRFLOW_CTX_DAG_RUN_ID='scheduled__2024-07-07T00:00:00+00:00'
[2024-07-08T18:17:23.935+0000] {logging_mixin.py:188} INFO - dvtobv :dag_id
[2024-07-08T18:17:23.937+0000] {logging_mixin.py:188} INFO - table: address
[2024-07-08T18:17:23.937+0000] {logging_mixin.py:188} INFO - 
 stage: SqlToStaging 
 table:address
[2024-07-08T18:17:23.938+0000] {logging_mixin.py:188} INFO - select *  from etlconf.Etl_Process_Mapping where SourceTableName = 'address' and Stage = 'SqlToStaging'
[2024-07-08T18:17:24.032+0000] {logging_mixin.py:188} INFO - 0    dvdrental
Name: sourcedbname, dtype: object 0    address
Name: sourcetablename, dtype: object 0    public
Name: sourceschema, dtype: object
[2024-07-08T18:17:24.043+0000] {taskinstance.py:2731} ERROR - Task failed with exception
Traceback (most recent call last):
  File "/home/airflow/.local/lib/python3.8/site-packages/airflow/models/taskinstance.py", line 444, in _execute_task
    result = _execute_callable(context=context, **execute_callable_kwargs)
  File "/home/airflow/.local/lib/python3.8/site-packages/airflow/models/taskinstance.py", line 414, in _execute_callable
    return execute_callable(context=context, **execute_callable_kwargs)
  File "/home/airflow/.local/lib/python3.8/site-packages/airflow/operators/python.py", line 200, in execute
    return_value = self.execute_callable()
  File "/home/airflow/.local/lib/python3.8/site-packages/airflow/operators/python.py", line 217, in execute_callable
    return self.python_callable(*self.op_args, **self.op_kwargs)
  File "/opt/airflow/dags/dag.py", line 22, in process_table
    return  execute(table, stage)
  File "/app/main.py", line 25, in execute
    SqlToStaging().create_full().some_function(table, stage)
  File "/app/concretestage/SQLToStaging.py", line 34, in some_function
    sourceDF = getDF(df['sourcedbname'], df['sourcetablename'], df['sourceschema'])
  File "/app/myFramework/utils/utils.py", line 22, in getDF
    cur = conn.getCursor(source_dbname)
  File "/app/myFramework/source/posgresql/connect.py", line 6, in getCursor
    conn = psycopg2.connect(database = dbname,
  File "/home/airflow/.local/lib/python3.8/site-packages/psycopg2/__init__.py", line 122, in connect
    conn = _connect(dsn, connection_factory=connection_factory, **kwasync)
psycopg2.OperationalError: connection to server at "postgres_db" (172.18.0.5), port 9999 failed: FATAL:  database "0    dvdrental
Name: sourcedbname, dtype: object" does not exist

[2024-07-08T18:17:24.070+0000] {taskinstance.py:1149} INFO - Marking task as FAILED. dag_id=SqlToStaging, task_id=address, execution_date=20240707T000000, start_date=20240708T181721, end_date=20240708T181724
[2024-07-08T18:17:24.112+0000] {standard_task_runner.py:107} ERROR - Failed to execute job 13 for task address (connection to server at "postgres_db" (172.18.0.5), port 9999 failed: FATAL:  database "0    dvdrental
Name: sourcedbname, dtype: object" does not exist
; 91)
[2024-07-08T18:17:24.170+0000] {local_task_job_runner.py:234} INFO - Task exited with return code 1
[2024-07-08T18:17:24.320+0000] {taskinstance.py:3312} INFO - 0 downstream tasks scheduled from follow-on schedule check
[2024-07-08T18:19:48.823+0000] {taskinstance.py:1979} INFO - Dependencies all met for dep_context=non-requeueable deps ti=<TaskInstance: SqlToStaging.address scheduled__2024-07-07T00:00:00+00:00 [queued]>
[2024-07-08T18:19:48.863+0000] {taskinstance.py:1979} INFO - Dependencies all met for dep_context=requeueable deps ti=<TaskInstance: SqlToStaging.address scheduled__2024-07-07T00:00:00+00:00 [queued]>
[2024-07-08T18:19:48.864+0000] {taskinstance.py:2193} INFO - Starting attempt 1 of 1
[2024-07-08T18:19:48.887+0000] {taskinstance.py:2217} INFO - Executing <Task(PythonOperator): address> on 2024-07-07 00:00:00+00:00
[2024-07-08T18:19:48.897+0000] {standard_task_runner.py:60} INFO - Started process 90 to run task
[2024-07-08T18:19:48.902+0000] {standard_task_runner.py:87} INFO - Running: ['***', 'tasks', 'run', 'SqlToStaging', 'address', 'scheduled__2024-07-07T00:00:00+00:00', '--job-id', '4', '--raw', '--subdir', 'DAGS_FOLDER/dag.py', '--cfg-path', '/tmp/tmpbo7rvl5a']
[2024-07-08T18:19:48.911+0000] {standard_task_runner.py:88} INFO - Job 4: Subtask address
[2024-07-08T18:19:49.070+0000] {task_command.py:423} INFO - Running <TaskInstance: SqlToStaging.address scheduled__2024-07-07T00:00:00+00:00 [running]> on host 987b4d541fd1
[2024-07-08T18:19:50.114+0000] {taskinstance.py:2513} INFO - Exporting env vars: AIRFLOW_CTX_DAG_OWNER='***' AIRFLOW_CTX_DAG_ID='SqlToStaging' AIRFLOW_CTX_TASK_ID='address' AIRFLOW_CTX_EXECUTION_DATE='2024-07-07T00:00:00+00:00' AIRFLOW_CTX_TRY_NUMBER='1' AIRFLOW_CTX_DAG_RUN_ID='scheduled__2024-07-07T00:00:00+00:00'
[2024-07-08T18:19:50.120+0000] {logging_mixin.py:188} INFO - dvtobv :dag_id
[2024-07-08T18:19:50.121+0000] {logging_mixin.py:188} INFO - table: address
[2024-07-08T18:19:50.122+0000] {logging_mixin.py:188} INFO - 
 stage: SqlToStaging 
 table:address
[2024-07-08T18:19:50.126+0000] {logging_mixin.py:188} INFO - select *  from etlconf.Etl_Process_Mapping where SourceTableName = 'address' and Stage = 'SqlToStaging'
[2024-07-08T18:19:50.150+0000] {logging_mixin.py:188} INFO - 0    dvdrental
Name: sourcedbname, dtype: object 0    address
Name: sourcetablename, dtype: object 0    public
Name: sourceschema, dtype: object
[2024-07-08T18:19:50.151+0000] {python.py:202} INFO - Done. Returned value was: None
[2024-07-08T18:19:50.174+0000] {taskinstance.py:1149} INFO - Marking task as SUCCESS. dag_id=SqlToStaging, task_id=address, execution_date=20240707T000000, start_date=20240708T181948, end_date=20240708T181950
[2024-07-08T18:19:50.234+0000] {local_task_job_runner.py:234} INFO - Task exited with return code 0
[2024-07-08T18:19:50.288+0000] {taskinstance.py:3312} INFO - 0 downstream tasks scheduled from follow-on schedule check
[2024-07-08T18:26:43.553+0000] {taskinstance.py:1979} INFO - Dependencies all met for dep_context=non-requeueable deps ti=<TaskInstance: SqlToStaging.address scheduled__2024-07-07T00:00:00+00:00 [queued]>
[2024-07-08T18:26:43.590+0000] {taskinstance.py:1979} INFO - Dependencies all met for dep_context=requeueable deps ti=<TaskInstance: SqlToStaging.address scheduled__2024-07-07T00:00:00+00:00 [queued]>
[2024-07-08T18:26:43.596+0000] {taskinstance.py:2193} INFO - Starting attempt 1 of 1
[2024-07-08T18:26:43.634+0000] {taskinstance.py:2217} INFO - Executing <Task(PythonOperator): address> on 2024-07-07 00:00:00+00:00
[2024-07-08T18:26:43.645+0000] {standard_task_runner.py:60} INFO - Started process 96 to run task
[2024-07-08T18:26:43.685+0000] {standard_task_runner.py:87} INFO - Running: ['***', 'tasks', 'run', 'SqlToStaging', 'address', 'scheduled__2024-07-07T00:00:00+00:00', '--job-id', '11', '--raw', '--subdir', 'DAGS_FOLDER/dag.py', '--cfg-path', '/tmp/tmphwexe82q']
[2024-07-08T18:26:43.695+0000] {standard_task_runner.py:88} INFO - Job 11: Subtask address
[2024-07-08T18:26:43.989+0000] {task_command.py:423} INFO - Running <TaskInstance: SqlToStaging.address scheduled__2024-07-07T00:00:00+00:00 [running]> on host 7f814bc03799
[2024-07-08T18:26:44.982+0000] {taskinstance.py:2513} INFO - Exporting env vars: AIRFLOW_CTX_DAG_OWNER='***' AIRFLOW_CTX_DAG_ID='SqlToStaging' AIRFLOW_CTX_TASK_ID='address' AIRFLOW_CTX_EXECUTION_DATE='2024-07-07T00:00:00+00:00' AIRFLOW_CTX_TRY_NUMBER='1' AIRFLOW_CTX_DAG_RUN_ID='scheduled__2024-07-07T00:00:00+00:00'
[2024-07-08T18:26:44.991+0000] {logging_mixin.py:188} INFO - dvtobv :dag_id
[2024-07-08T18:26:44.993+0000] {logging_mixin.py:188} INFO - table: address
[2024-07-08T18:26:44.997+0000] {logging_mixin.py:188} INFO - 
 stage: SqlToStaging 
 table:address
[2024-07-08T18:26:44.999+0000] {logging_mixin.py:188} INFO - select *  from etlconf.Etl_Process_Mapping where SourceTableName = 'address' and Stage = 'SqlToStaging'
[2024-07-08T18:26:45.063+0000] {logging_mixin.py:188} INFO - 0    dvdrental
Name: sourcedbname, dtype: object 0    address
Name: sourcetablename, dtype: object 0    public
Name: sourceschema, dtype: object
[2024-07-08T18:26:45.116+0000] {taskinstance.py:2731} ERROR - Task failed with exception
Traceback (most recent call last):
  File "/home/airflow/.local/lib/python3.8/site-packages/airflow/models/taskinstance.py", line 444, in _execute_task
    result = _execute_callable(context=context, **execute_callable_kwargs)
  File "/home/airflow/.local/lib/python3.8/site-packages/airflow/models/taskinstance.py", line 414, in _execute_callable
    return execute_callable(context=context, **execute_callable_kwargs)
  File "/home/airflow/.local/lib/python3.8/site-packages/airflow/operators/python.py", line 200, in execute
    return_value = self.execute_callable()
  File "/home/airflow/.local/lib/python3.8/site-packages/airflow/operators/python.py", line 217, in execute_callable
    return self.python_callable(*self.op_args, **self.op_kwargs)
  File "/opt/airflow/dags/dag.py", line 22, in process_table
    return  execute(table, stage)
  File "/app/main.py", line 25, in execute
    SqlToStaging().create_full().some_function(table, stage)
  File "/app/concretestage/SQLToStaging.py", line 34, in some_function
    sourceDF = getDF(df['sourcedbname'], df['sourcetablename'], df['sourceschema'])
  File "/app/myFramework/utils/utils.py", line 22, in getDF
    cur = conn.getCursor(source_dbname)
  File "/app/myFramework/source/posgresql/connect.py", line 6, in getCursor
    conn = psycopg2.connect(database = dbname,
  File "/home/airflow/.local/lib/python3.8/site-packages/psycopg2/__init__.py", line 122, in connect
    conn = _connect(dsn, connection_factory=connection_factory, **kwasync)
psycopg2.OperationalError: connection to server at "postgres_db" (172.20.0.5), port 9999 failed: FATAL:  database "0    dvdrental
Name: sourcedbname, dtype: object" does not exist

[2024-07-08T18:26:45.168+0000] {taskinstance.py:1149} INFO - Marking task as FAILED. dag_id=SqlToStaging, task_id=address, execution_date=20240707T000000, start_date=20240708T182643, end_date=20240708T182645
[2024-07-08T18:26:45.508+0000] {standard_task_runner.py:107} ERROR - Failed to execute job 11 for task address (connection to server at "postgres_db" (172.20.0.5), port 9999 failed: FATAL:  database "0    dvdrental
Name: sourcedbname, dtype: object" does not exist
; 96)
[2024-07-08T18:26:45.552+0000] {local_task_job_runner.py:234} INFO - Task exited with return code 1
[2024-07-08T18:26:45.675+0000] {taskinstance.py:3312} INFO - 0 downstream tasks scheduled from follow-on schedule check
[2024-07-08T18:32:10.840+0000] {taskinstance.py:1979} INFO - Dependencies all met for dep_context=non-requeueable deps ti=<TaskInstance: SqlToStaging.address scheduled__2024-07-07T00:00:00+00:00 [queued]>
[2024-07-08T18:32:10.857+0000] {taskinstance.py:1979} INFO - Dependencies all met for dep_context=requeueable deps ti=<TaskInstance: SqlToStaging.address scheduled__2024-07-07T00:00:00+00:00 [queued]>
[2024-07-08T18:32:10.858+0000] {taskinstance.py:2193} INFO - Starting attempt 1 of 1
[2024-07-08T18:32:10.926+0000] {taskinstance.py:2217} INFO - Executing <Task(PythonOperator): address> on 2024-07-07 00:00:00+00:00
[2024-07-08T18:32:10.955+0000] {standard_task_runner.py:60} INFO - Started process 94 to run task
[2024-07-08T18:32:10.961+0000] {standard_task_runner.py:87} INFO - Running: ['***', 'tasks', 'run', 'SqlToStaging', 'address', 'scheduled__2024-07-07T00:00:00+00:00', '--job-id', '17', '--raw', '--subdir', 'DAGS_FOLDER/dag.py', '--cfg-path', '/tmp/tmpocdo0cym']
[2024-07-08T18:32:10.980+0000] {standard_task_runner.py:88} INFO - Job 17: Subtask address
[2024-07-08T18:32:11.231+0000] {task_command.py:423} INFO - Running <TaskInstance: SqlToStaging.address scheduled__2024-07-07T00:00:00+00:00 [running]> on host 7f77c3b92645
[2024-07-08T18:32:12.981+0000] {taskinstance.py:2513} INFO - Exporting env vars: AIRFLOW_CTX_DAG_OWNER='***' AIRFLOW_CTX_DAG_ID='SqlToStaging' AIRFLOW_CTX_TASK_ID='address' AIRFLOW_CTX_EXECUTION_DATE='2024-07-07T00:00:00+00:00' AIRFLOW_CTX_TRY_NUMBER='1' AIRFLOW_CTX_DAG_RUN_ID='scheduled__2024-07-07T00:00:00+00:00'
[2024-07-08T18:32:12.986+0000] {logging_mixin.py:188} INFO - dvtobv :dag_id
[2024-07-08T18:32:12.996+0000] {logging_mixin.py:188} INFO - table: address
[2024-07-08T18:32:12.998+0000] {logging_mixin.py:188} INFO - 
 stage: SqlToStaging 
 table:address
[2024-07-08T18:32:12.999+0000] {logging_mixin.py:188} INFO - select *  from etlconf.Etl_Process_Mapping where SourceTableName = 'address' and Stage = 'SqlToStaging'
[2024-07-08T18:32:13.043+0000] {logging_mixin.py:188} INFO - 0    dvdrental
Name: sourcedbname, dtype: object 0    address
Name: sourcetablename, dtype: object 0    public
Name: sourceschema, dtype: object
[2024-07-08T18:32:13.045+0000] {python.py:202} INFO - Done. Returned value was: None
[2024-07-08T18:32:13.054+0000] {taskinstance.py:1149} INFO - Marking task as SUCCESS. dag_id=SqlToStaging, task_id=address, execution_date=20240707T000000, start_date=20240708T183210, end_date=20240708T183213
[2024-07-08T18:32:13.104+0000] {local_task_job_runner.py:234} INFO - Task exited with return code 0
[2024-07-08T18:32:13.161+0000] {taskinstance.py:3312} INFO - 0 downstream tasks scheduled from follow-on schedule check
[2024-07-08T18:35:58.917+0000] {taskinstance.py:1979} INFO - Dependencies all met for dep_context=non-requeueable deps ti=<TaskInstance: SqlToStaging.address scheduled__2024-07-07T00:00:00+00:00 [queued]>
[2024-07-08T18:35:58.946+0000] {taskinstance.py:1979} INFO - Dependencies all met for dep_context=requeueable deps ti=<TaskInstance: SqlToStaging.address scheduled__2024-07-07T00:00:00+00:00 [queued]>
[2024-07-08T18:35:58.951+0000] {taskinstance.py:2193} INFO - Starting attempt 1 of 1
[2024-07-08T18:35:59.023+0000] {taskinstance.py:2217} INFO - Executing <Task(PythonOperator): address> on 2024-07-07 00:00:00+00:00
[2024-07-08T18:35:59.041+0000] {standard_task_runner.py:60} INFO - Started process 98 to run task
[2024-07-08T18:35:59.053+0000] {standard_task_runner.py:87} INFO - Running: ['***', 'tasks', 'run', 'SqlToStaging', 'address', 'scheduled__2024-07-07T00:00:00+00:00', '--job-id', '10', '--raw', '--subdir', 'DAGS_FOLDER/dag.py', '--cfg-path', '/tmp/tmp5ar5r2aj']
[2024-07-08T18:35:59.069+0000] {standard_task_runner.py:88} INFO - Job 10: Subtask address
[2024-07-08T18:35:59.185+0000] {task_command.py:423} INFO - Running <TaskInstance: SqlToStaging.address scheduled__2024-07-07T00:00:00+00:00 [running]> on host a9b6fbb697c1
[2024-07-08T18:36:00.336+0000] {taskinstance.py:2513} INFO - Exporting env vars: AIRFLOW_CTX_DAG_OWNER='***' AIRFLOW_CTX_DAG_ID='SqlToStaging' AIRFLOW_CTX_TASK_ID='address' AIRFLOW_CTX_EXECUTION_DATE='2024-07-07T00:00:00+00:00' AIRFLOW_CTX_TRY_NUMBER='1' AIRFLOW_CTX_DAG_RUN_ID='scheduled__2024-07-07T00:00:00+00:00'
[2024-07-08T18:36:00.338+0000] {logging_mixin.py:188} INFO - dvtobv :dag_id
[2024-07-08T18:36:00.338+0000] {logging_mixin.py:188} INFO - table: address
[2024-07-08T18:36:00.339+0000] {logging_mixin.py:188} INFO - 
 stage: SqlToStaging 
 table:address
[2024-07-08T18:36:00.339+0000] {logging_mixin.py:188} INFO - select *  from etlconf.Etl_Process_Mapping where SourceTableName = 'address' and Stage = 'SqlToStaging'
[2024-07-08T18:36:00.339+0000] {taskinstance.py:2731} ERROR - Task failed with exception
Traceback (most recent call last):
  File "/home/airflow/.local/lib/python3.8/site-packages/airflow/models/taskinstance.py", line 444, in _execute_task
    result = _execute_callable(context=context, **execute_callable_kwargs)
  File "/home/airflow/.local/lib/python3.8/site-packages/airflow/models/taskinstance.py", line 414, in _execute_callable
    return execute_callable(context=context, **execute_callable_kwargs)
  File "/home/airflow/.local/lib/python3.8/site-packages/airflow/operators/python.py", line 200, in execute
    return_value = self.execute_callable()
  File "/home/airflow/.local/lib/python3.8/site-packages/airflow/operators/python.py", line 217, in execute_callable
    return self.python_callable(*self.op_args, **self.op_kwargs)
  File "/opt/airflow/dags/dag.py", line 22, in process_table
    return  execute(table, stage)
  File "/app/main.py", line 25, in execute
    SqlToStaging().create_full().some_function(table, stage)
  File "/app/concretestage/SQLToStaging.py", line 31, in some_function
    df = get_data_from_conf_table(f"{table}", f"{stage}")
  File "/app/myFramework/utils/utils.py", line 138, in get_data_from_conf_table
    cur = conn.getCursor("postgres")
  File "/app/myFramework/source/posgresql/connect.py", line 6, in getCursor
    conn = psycopg2.connect(database = dbname,
  File "/home/airflow/.local/lib/python3.8/site-packages/psycopg2/__init__.py", line 122, in connect
    conn = _connect(dsn, connection_factory=connection_factory, **kwasync)
psycopg2.OperationalError: connection to server at "0.0.0.0", port 9999 failed: Connection refused
	Is the server running on that host and accepting TCP/IP connections?

[2024-07-08T18:36:00.357+0000] {taskinstance.py:1149} INFO - Marking task as FAILED. dag_id=SqlToStaging, task_id=address, execution_date=20240707T000000, start_date=20240708T183558, end_date=20240708T183600
[2024-07-08T18:36:00.388+0000] {standard_task_runner.py:107} ERROR - Failed to execute job 10 for task address (connection to server at "0.0.0.0", port 9999 failed: Connection refused
	Is the server running on that host and accepting TCP/IP connections?
; 98)
[2024-07-08T18:36:00.495+0000] {local_task_job_runner.py:234} INFO - Task exited with return code 1
[2024-07-08T18:36:00.573+0000] {taskinstance.py:3312} INFO - 0 downstream tasks scheduled from follow-on schedule check
