[2024-07-10T19:49:08.914+0000] {taskinstance.py:1979} INFO - Dependencies all met for dep_context=non-requeueable deps ti=<TaskInstance: sqltostaging.payment manual__2024-07-10T19:49:06.063684+00:00 [queued]>
[2024-07-10T19:49:08.940+0000] {taskinstance.py:1979} INFO - Dependencies all met for dep_context=requeueable deps ti=<TaskInstance: sqltostaging.payment manual__2024-07-10T19:49:06.063684+00:00 [queued]>
[2024-07-10T19:49:08.952+0000] {taskinstance.py:2193} INFO - Starting attempt 1 of 1
[2024-07-10T19:49:08.997+0000] {taskinstance.py:2217} INFO - Executing <Task(PythonOperator): payment> on 2024-07-10 19:49:06.063684+00:00
[2024-07-10T19:49:09.031+0000] {standard_task_runner.py:60} INFO - Started process 222 to run task
[2024-07-10T19:49:09.045+0000] {standard_task_runner.py:87} INFO - Running: ['***', 'tasks', 'run', 'sqltostaging', 'payment', 'manual__2024-07-10T19:49:06.063684+00:00', '--job-id', '28', '--raw', '--subdir', 'DAGS_FOLDER/dag.py', '--cfg-path', '/tmp/tmph7si3map']
[2024-07-10T19:49:09.069+0000] {standard_task_runner.py:88} INFO - Job 28: Subtask payment
[2024-07-10T19:49:09.254+0000] {task_command.py:423} INFO - Running <TaskInstance: sqltostaging.payment manual__2024-07-10T19:49:06.063684+00:00 [running]> on host a383c1e8c871
[2024-07-10T19:49:09.999+0000] {taskinstance.py:2513} INFO - Exporting env vars: AIRFLOW_CTX_DAG_OWNER='***' AIRFLOW_CTX_DAG_ID='sqltostaging' AIRFLOW_CTX_TASK_ID='payment' AIRFLOW_CTX_EXECUTION_DATE='2024-07-10T19:49:06.063684+00:00' AIRFLOW_CTX_TRY_NUMBER='1' AIRFLOW_CTX_DAG_RUN_ID='manual__2024-07-10T19:49:06.063684+00:00'
[2024-07-10T19:49:10.003+0000] {logging_mixin.py:188} INFO - select *  from etlconf.Etl_Process_Mapping where SourceTableName = 'payment' and Stage = 'sqltostaging'
[2024-07-10T19:49:10.059+0000] {logging_mixin.py:188} INFO -    0        1          2       3   ...    11    12            13    14
0  12  payment  dvdrental  public  ...  None  None  sqltostaging  None

[1 rows x 15 columns]
[2024-07-10T19:49:10.060+0000] {logging_mixin.py:188} INFO - incremental
[2024-07-10T19:49:10.066+0000] {logging_mixin.py:188} INFO - dvtobv :dag_id
[2024-07-10T19:49:10.072+0000] {logging_mixin.py:188} INFO - table: payment
[2024-07-10T19:49:10.077+0000] {logging_mixin.py:188} INFO - 
 stage: sqltostaging 
 table:payment
[2024-07-10T19:49:10.086+0000] {python.py:202} INFO - Done. Returned value was: None
[2024-07-10T19:49:10.107+0000] {taskinstance.py:1149} INFO - Marking task as SUCCESS. dag_id=sqltostaging, task_id=payment, execution_date=20240710T194906, start_date=20240710T194908, end_date=20240710T194910
[2024-07-10T19:49:10.173+0000] {local_task_job_runner.py:234} INFO - Task exited with return code 0
[2024-07-10T19:49:10.230+0000] {taskinstance.py:3312} INFO - 0 downstream tasks scheduled from follow-on schedule check
