[2024-07-24T18:08:20.486+0000] {taskinstance.py:1979} INFO - Dependencies all met for dep_context=non-requeueable deps ti=<TaskInstance: stagingtodv.city scheduled__2024-07-23T00:00:00+00:00 [queued]>
[2024-07-24T18:08:20.512+0000] {taskinstance.py:1979} INFO - Dependencies all met for dep_context=requeueable deps ti=<TaskInstance: stagingtodv.city scheduled__2024-07-23T00:00:00+00:00 [queued]>
[2024-07-24T18:08:20.516+0000] {taskinstance.py:2193} INFO - Starting attempt 1 of 1
[2024-07-24T18:08:20.588+0000] {taskinstance.py:2217} INFO - Executing <Task(PythonOperator): city> on 2024-07-23 00:00:00+00:00
[2024-07-24T18:08:20.652+0000] {standard_task_runner.py:87} INFO - Running: ['***', 'tasks', 'run', 'stagingtodv', 'city', 'scheduled__2024-07-23T00:00:00+00:00', '--job-id', '34', '--raw', '--subdir', 'DAGS_FOLDER/dag.py', '--cfg-path', '/tmp/tmp1w4g7cuy']
[2024-07-24T18:08:20.669+0000] {standard_task_runner.py:88} INFO - Job 34: Subtask city
[2024-07-24T18:08:20.625+0000] {standard_task_runner.py:60} INFO - Started process 93 to run task
[2024-07-24T18:08:21.002+0000] {task_command.py:423} INFO - Running <TaskInstance: stagingtodv.city scheduled__2024-07-23T00:00:00+00:00 [running]> on host b19a9c320dfd
[2024-07-24T18:08:21.339+0000] {taskinstance.py:2513} INFO - Exporting env vars: AIRFLOW_CTX_DAG_OWNER='***' AIRFLOW_CTX_DAG_ID='stagingtodv' AIRFLOW_CTX_TASK_ID='city' AIRFLOW_CTX_EXECUTION_DATE='2024-07-23T00:00:00+00:00' AIRFLOW_CTX_TRY_NUMBER='1' AIRFLOW_CTX_DAG_RUN_ID='scheduled__2024-07-23T00:00:00+00:00'
[2024-07-24T18:08:21.361+0000] {logging_mixin.py:188} INFO - -------------------------------------------- select *  from etlconf.Etl_Process_Mapping where SourceTableName = 'city' and Stage = 'stagingtodv'
[2024-07-24T18:08:23.195+0000] {logging_mixin.py:188} INFO - update etlconf.Etl_Process_Mapping T set last_run_date = current_timestamp where destdbname='dbdv' and destschema='dvdrental' and desttablename='city';
[2024-07-24T18:08:23.240+0000] {python.py:202} INFO - Done. Returned value was: None
[2024-07-24T18:08:23.258+0000] {taskinstance.py:1149} INFO - Marking task as SUCCESS. dag_id=stagingtodv, task_id=city, execution_date=20240723T000000, start_date=20240724T180820, end_date=20240724T180823
[2024-07-24T18:08:23.382+0000] {local_task_job_runner.py:234} INFO - Task exited with return code 0
[2024-07-24T18:08:23.487+0000] {taskinstance.py:3312} INFO - 0 downstream tasks scheduled from follow-on schedule check
[2024-07-24T18:10:28.612+0000] {taskinstance.py:1979} INFO - Dependencies all met for dep_context=non-requeueable deps ti=<TaskInstance: stagingtodv.city scheduled__2024-07-23T00:00:00+00:00 [queued]>
[2024-07-24T18:10:28.638+0000] {taskinstance.py:1979} INFO - Dependencies all met for dep_context=requeueable deps ti=<TaskInstance: stagingtodv.city scheduled__2024-07-23T00:00:00+00:00 [queued]>
[2024-07-24T18:10:28.641+0000] {taskinstance.py:2193} INFO - Starting attempt 1 of 1
[2024-07-24T18:10:28.736+0000] {taskinstance.py:2217} INFO - Executing <Task(PythonOperator): city> on 2024-07-23 00:00:00+00:00
[2024-07-24T18:10:28.746+0000] {standard_task_runner.py:60} INFO - Started process 100 to run task
[2024-07-24T18:10:28.773+0000] {standard_task_runner.py:87} INFO - Running: ['***', 'tasks', 'run', 'stagingtodv', 'city', 'scheduled__2024-07-23T00:00:00+00:00', '--job-id', '15', '--raw', '--subdir', 'DAGS_FOLDER/dag.py', '--cfg-path', '/tmp/tmp21ns4mb3']
[2024-07-24T18:10:28.791+0000] {standard_task_runner.py:88} INFO - Job 15: Subtask city
[2024-07-24T18:10:29.254+0000] {task_command.py:423} INFO - Running <TaskInstance: stagingtodv.city scheduled__2024-07-23T00:00:00+00:00 [running]> on host 61620dbbe313
[2024-07-24T18:10:30.773+0000] {taskinstance.py:2513} INFO - Exporting env vars: AIRFLOW_CTX_DAG_OWNER='***' AIRFLOW_CTX_DAG_ID='stagingtodv' AIRFLOW_CTX_TASK_ID='city' AIRFLOW_CTX_EXECUTION_DATE='2024-07-23T00:00:00+00:00' AIRFLOW_CTX_TRY_NUMBER='1' AIRFLOW_CTX_DAG_RUN_ID='scheduled__2024-07-23T00:00:00+00:00'
[2024-07-24T18:10:30.779+0000] {logging_mixin.py:188} INFO - -------------------------------------------- select *  from etlconf.Etl_Process_Mapping where SourceTableName = 'city' and Stage = 'stagingtodv'
[2024-07-24T18:10:31.568+0000] {logging_mixin.py:188} INFO - update etlconf.Etl_Process_Mapping T set last_run_date = current_timestamp where destdbname='dbdv' and destschema='dvdrental' and desttablename='city';
[2024-07-24T18:10:31.602+0000] {python.py:202} INFO - Done. Returned value was: None
[2024-07-24T18:10:31.619+0000] {taskinstance.py:1149} INFO - Marking task as SUCCESS. dag_id=stagingtodv, task_id=city, execution_date=20240723T000000, start_date=20240724T181028, end_date=20240724T181031
[2024-07-24T18:10:31.682+0000] {local_task_job_runner.py:234} INFO - Task exited with return code 0
[2024-07-24T18:10:31.759+0000] {taskinstance.py:3312} INFO - 0 downstream tasks scheduled from follow-on schedule check
[2024-07-24T18:16:24.957+0000] {taskinstance.py:1979} INFO - Dependencies all met for dep_context=non-requeueable deps ti=<TaskInstance: stagingtodv.city scheduled__2024-07-23T00:00:00+00:00 [queued]>
[2024-07-24T18:16:24.971+0000] {taskinstance.py:1979} INFO - Dependencies all met for dep_context=requeueable deps ti=<TaskInstance: stagingtodv.city scheduled__2024-07-23T00:00:00+00:00 [queued]>
[2024-07-24T18:16:24.975+0000] {taskinstance.py:2193} INFO - Starting attempt 1 of 1
[2024-07-24T18:16:25.011+0000] {taskinstance.py:2217} INFO - Executing <Task(PythonOperator): city> on 2024-07-23 00:00:00+00:00
[2024-07-24T18:16:25.034+0000] {standard_task_runner.py:60} INFO - Started process 115 to run task
[2024-07-24T18:16:25.050+0000] {standard_task_runner.py:87} INFO - Running: ['***', 'tasks', 'run', 'stagingtodv', 'city', 'scheduled__2024-07-23T00:00:00+00:00', '--job-id', '4', '--raw', '--subdir', 'DAGS_FOLDER/dag.py', '--cfg-path', '/tmp/tmpv45mx2gz']
[2024-07-24T18:16:25.064+0000] {standard_task_runner.py:88} INFO - Job 4: Subtask city
[2024-07-24T18:16:25.217+0000] {task_command.py:423} INFO - Running <TaskInstance: stagingtodv.city scheduled__2024-07-23T00:00:00+00:00 [running]> on host 498c16fd9e64
[2024-07-24T18:16:25.930+0000] {taskinstance.py:2513} INFO - Exporting env vars: AIRFLOW_CTX_DAG_OWNER='***' AIRFLOW_CTX_DAG_ID='stagingtodv' AIRFLOW_CTX_TASK_ID='city' AIRFLOW_CTX_EXECUTION_DATE='2024-07-23T00:00:00+00:00' AIRFLOW_CTX_TRY_NUMBER='1' AIRFLOW_CTX_DAG_RUN_ID='scheduled__2024-07-23T00:00:00+00:00'
[2024-07-24T18:16:25.941+0000] {logging_mixin.py:188} INFO - -------------------------------------------- select *  from etlconf.Etl_Process_Mapping where SourceTableName = 'city' and Stage = 'stagingtodv'
[2024-07-24T18:16:26.749+0000] {logging_mixin.py:188} INFO - update etlconf.Etl_Process_Mapping T set last_run_date = current_timestamp where destdbname='dbdv' and destschema='dvdrental' and desttablename='city';
[2024-07-24T18:16:26.787+0000] {python.py:202} INFO - Done. Returned value was: None
[2024-07-24T18:16:26.795+0000] {taskinstance.py:1149} INFO - Marking task as SUCCESS. dag_id=stagingtodv, task_id=city, execution_date=20240723T000000, start_date=20240724T181624, end_date=20240724T181626
[2024-07-24T18:16:26.833+0000] {local_task_job_runner.py:234} INFO - Task exited with return code 0
[2024-07-24T18:16:26.855+0000] {taskinstance.py:3312} INFO - 0 downstream tasks scheduled from follow-on schedule check
[2024-07-24T18:23:31.284+0000] {taskinstance.py:1979} INFO - Dependencies all met for dep_context=non-requeueable deps ti=<TaskInstance: stagingtodv.city scheduled__2024-07-23T00:00:00+00:00 [queued]>
[2024-07-24T18:23:31.294+0000] {taskinstance.py:1979} INFO - Dependencies all met for dep_context=requeueable deps ti=<TaskInstance: stagingtodv.city scheduled__2024-07-23T00:00:00+00:00 [queued]>
[2024-07-24T18:23:31.297+0000] {taskinstance.py:2193} INFO - Starting attempt 1 of 1
[2024-07-24T18:23:31.334+0000] {taskinstance.py:2217} INFO - Executing <Task(PythonOperator): city> on 2024-07-23 00:00:00+00:00
[2024-07-24T18:23:31.360+0000] {standard_task_runner.py:60} INFO - Started process 90 to run task
[2024-07-24T18:23:31.370+0000] {standard_task_runner.py:87} INFO - Running: ['***', 'tasks', 'run', 'stagingtodv', 'city', 'scheduled__2024-07-23T00:00:00+00:00', '--job-id', '7', '--raw', '--subdir', 'DAGS_FOLDER/dag.py', '--cfg-path', '/tmp/tmpu1ev87p9']
[2024-07-24T18:23:31.388+0000] {standard_task_runner.py:88} INFO - Job 7: Subtask city
[2024-07-24T18:23:31.587+0000] {task_command.py:423} INFO - Running <TaskInstance: stagingtodv.city scheduled__2024-07-23T00:00:00+00:00 [running]> on host bbd1d7010f8c
[2024-07-24T18:23:32.500+0000] {taskinstance.py:2513} INFO - Exporting env vars: AIRFLOW_CTX_DAG_OWNER='***' AIRFLOW_CTX_DAG_ID='stagingtodv' AIRFLOW_CTX_TASK_ID='city' AIRFLOW_CTX_EXECUTION_DATE='2024-07-23T00:00:00+00:00' AIRFLOW_CTX_TRY_NUMBER='1' AIRFLOW_CTX_DAG_RUN_ID='scheduled__2024-07-23T00:00:00+00:00'
[2024-07-24T18:23:32.514+0000] {logging_mixin.py:188} INFO - -------------------------------------------- select *  from etlconf.Etl_Process_Mapping where SourceTableName = 'city' and Stage = 'stagingtodv'
[2024-07-24T18:23:33.016+0000] {logging_mixin.py:188} INFO - update etlconf.Etl_Process_Mapping T set last_run_date = current_timestamp where destdbname='dbdv' and destschema='dvdrental' and desttablename='city';
[2024-07-24T18:23:33.079+0000] {python.py:202} INFO - Done. Returned value was: None
[2024-07-24T18:23:33.099+0000] {taskinstance.py:1149} INFO - Marking task as SUCCESS. dag_id=stagingtodv, task_id=city, execution_date=20240723T000000, start_date=20240724T182331, end_date=20240724T182333
[2024-07-24T18:23:33.133+0000] {local_task_job_runner.py:234} INFO - Task exited with return code 0
[2024-07-24T18:23:33.159+0000] {taskinstance.py:3312} INFO - 0 downstream tasks scheduled from follow-on schedule check
[2024-07-24T18:25:40.397+0000] {taskinstance.py:1979} INFO - Dependencies all met for dep_context=non-requeueable deps ti=<TaskInstance: stagingtodv.city scheduled__2024-07-23T00:00:00+00:00 [queued]>
[2024-07-24T18:25:40.421+0000] {taskinstance.py:1979} INFO - Dependencies all met for dep_context=requeueable deps ti=<TaskInstance: stagingtodv.city scheduled__2024-07-23T00:00:00+00:00 [queued]>
[2024-07-24T18:25:40.426+0000] {taskinstance.py:2193} INFO - Starting attempt 1 of 1
[2024-07-24T18:25:40.469+0000] {taskinstance.py:2217} INFO - Executing <Task(PythonOperator): city> on 2024-07-23 00:00:00+00:00
[2024-07-24T18:25:40.488+0000] {standard_task_runner.py:60} INFO - Started process 92 to run task
[2024-07-24T18:25:40.501+0000] {standard_task_runner.py:87} INFO - Running: ['***', 'tasks', 'run', 'stagingtodv', 'city', 'scheduled__2024-07-23T00:00:00+00:00', '--job-id', '4', '--raw', '--subdir', 'DAGS_FOLDER/dag.py', '--cfg-path', '/tmp/tmppzvqd4e3']
[2024-07-24T18:25:40.512+0000] {standard_task_runner.py:88} INFO - Job 4: Subtask city
[2024-07-24T18:25:40.711+0000] {task_command.py:423} INFO - Running <TaskInstance: stagingtodv.city scheduled__2024-07-23T00:00:00+00:00 [running]> on host 5d8e7c9bb9aa
[2024-07-24T18:25:41.921+0000] {taskinstance.py:2513} INFO - Exporting env vars: AIRFLOW_CTX_DAG_OWNER='***' AIRFLOW_CTX_DAG_ID='stagingtodv' AIRFLOW_CTX_TASK_ID='city' AIRFLOW_CTX_EXECUTION_DATE='2024-07-23T00:00:00+00:00' AIRFLOW_CTX_TRY_NUMBER='1' AIRFLOW_CTX_DAG_RUN_ID='scheduled__2024-07-23T00:00:00+00:00'
[2024-07-24T18:25:41.925+0000] {logging_mixin.py:188} INFO - -------------------------------------------- select *  from etlconf.Etl_Process_Mapping where SourceTableName = 'city' and Stage = 'stagingtodv'
[2024-07-24T18:25:42.421+0000] {logging_mixin.py:188} INFO - update etlconf.Etl_Process_Mapping T set last_run_date = current_timestamp where destdbname='dbdv' and destschema='dvdrental' and desttablename='city';
[2024-07-24T18:25:42.451+0000] {python.py:202} INFO - Done. Returned value was: None
[2024-07-24T18:25:42.470+0000] {taskinstance.py:1149} INFO - Marking task as SUCCESS. dag_id=stagingtodv, task_id=city, execution_date=20240723T000000, start_date=20240724T182540, end_date=20240724T182542
[2024-07-24T18:25:42.512+0000] {local_task_job_runner.py:234} INFO - Task exited with return code 0
[2024-07-24T18:25:42.585+0000] {taskinstance.py:3312} INFO - 0 downstream tasks scheduled from follow-on schedule check
[2024-07-24T19:31:51.569+0000] {taskinstance.py:1979} INFO - Dependencies all met for dep_context=non-requeueable deps ti=<TaskInstance: stagingtodv.city scheduled__2024-07-23T00:00:00+00:00 [queued]>
[2024-07-24T19:31:51.598+0000] {taskinstance.py:1979} INFO - Dependencies all met for dep_context=requeueable deps ti=<TaskInstance: stagingtodv.city scheduled__2024-07-23T00:00:00+00:00 [queued]>
[2024-07-24T19:31:51.600+0000] {taskinstance.py:2193} INFO - Starting attempt 1 of 1
[2024-07-24T19:31:51.644+0000] {taskinstance.py:2217} INFO - Executing <Task(PythonOperator): city> on 2024-07-23 00:00:00+00:00
[2024-07-24T19:31:51.653+0000] {standard_task_runner.py:60} INFO - Started process 103 to run task
[2024-07-24T19:31:51.669+0000] {standard_task_runner.py:87} INFO - Running: ['***', 'tasks', 'run', 'stagingtodv', 'city', 'scheduled__2024-07-23T00:00:00+00:00', '--job-id', '5', '--raw', '--subdir', 'DAGS_FOLDER/dag.py', '--cfg-path', '/tmp/tmprheg3int']
[2024-07-24T19:31:51.681+0000] {standard_task_runner.py:88} INFO - Job 5: Subtask city
[2024-07-24T19:31:51.819+0000] {task_command.py:423} INFO - Running <TaskInstance: stagingtodv.city scheduled__2024-07-23T00:00:00+00:00 [running]> on host 3e0bdef1d250
[2024-07-24T19:31:53.734+0000] {taskinstance.py:2513} INFO - Exporting env vars: AIRFLOW_CTX_DAG_OWNER='***' AIRFLOW_CTX_DAG_ID='stagingtodv' AIRFLOW_CTX_TASK_ID='city' AIRFLOW_CTX_EXECUTION_DATE='2024-07-23T00:00:00+00:00' AIRFLOW_CTX_TRY_NUMBER='1' AIRFLOW_CTX_DAG_RUN_ID='scheduled__2024-07-23T00:00:00+00:00'
[2024-07-24T19:31:53.745+0000] {logging_mixin.py:188} INFO - -------------------------------------------- select *  from etlconf.Etl_Process_Mapping where SourceTableName = 'city' and Stage = 'stagingtodv'
[2024-07-24T19:31:54.467+0000] {logging_mixin.py:188} INFO - update etlconf.Etl_Process_Mapping T set last_run_date = current_timestamp where destdbname='dbdv' and destschema='dvdrental' and desttablename='city';
[2024-07-24T19:31:54.534+0000] {python.py:202} INFO - Done. Returned value was: None
[2024-07-24T19:31:54.554+0000] {taskinstance.py:1149} INFO - Marking task as SUCCESS. dag_id=stagingtodv, task_id=city, execution_date=20240723T000000, start_date=20240724T193151, end_date=20240724T193154
[2024-07-24T19:31:54.637+0000] {local_task_job_runner.py:234} INFO - Task exited with return code 0
[2024-07-24T19:31:54.728+0000] {taskinstance.py:3312} INFO - 0 downstream tasks scheduled from follow-on schedule check
[2024-07-24T20:10:31.538+0000] {taskinstance.py:1979} INFO - Dependencies all met for dep_context=non-requeueable deps ti=<TaskInstance: stagingtodv.city scheduled__2024-07-23T00:00:00+00:00 [queued]>
[2024-07-24T20:10:31.566+0000] {taskinstance.py:1979} INFO - Dependencies all met for dep_context=requeueable deps ti=<TaskInstance: stagingtodv.city scheduled__2024-07-23T00:00:00+00:00 [queued]>
[2024-07-24T20:10:31.566+0000] {taskinstance.py:2193} INFO - Starting attempt 1 of 1
[2024-07-24T20:10:31.598+0000] {taskinstance.py:2217} INFO - Executing <Task(PythonOperator): city> on 2024-07-23 00:00:00+00:00
[2024-07-24T20:10:31.617+0000] {standard_task_runner.py:60} INFO - Started process 90 to run task
[2024-07-24T20:10:31.633+0000] {standard_task_runner.py:87} INFO - Running: ['***', 'tasks', 'run', 'stagingtodv', 'city', 'scheduled__2024-07-23T00:00:00+00:00', '--job-id', '7', '--raw', '--subdir', 'DAGS_FOLDER/dag.py', '--cfg-path', '/tmp/tmpw17l2fnq']
[2024-07-24T20:10:31.644+0000] {standard_task_runner.py:88} INFO - Job 7: Subtask city
[2024-07-24T20:10:32.105+0000] {task_command.py:423} INFO - Running <TaskInstance: stagingtodv.city scheduled__2024-07-23T00:00:00+00:00 [running]> on host 2b5a76a23048
[2024-07-24T20:10:33.467+0000] {taskinstance.py:2513} INFO - Exporting env vars: AIRFLOW_CTX_DAG_OWNER='***' AIRFLOW_CTX_DAG_ID='stagingtodv' AIRFLOW_CTX_TASK_ID='city' AIRFLOW_CTX_EXECUTION_DATE='2024-07-23T00:00:00+00:00' AIRFLOW_CTX_TRY_NUMBER='1' AIRFLOW_CTX_DAG_RUN_ID='scheduled__2024-07-23T00:00:00+00:00'
[2024-07-24T20:10:33.489+0000] {logging_mixin.py:188} INFO - -------------------------------------------- select *  from etlconf.Etl_Process_Mapping where SourceTableName = 'city' and Stage = 'stagingtodv'
[2024-07-24T20:10:33.726+0000] {taskinstance.py:2731} ERROR - Task failed with exception
Traceback (most recent call last):
  File "/home/airflow/.local/lib/python3.8/site-packages/airflow/models/taskinstance.py", line 444, in _execute_task
    result = _execute_callable(context=context, **execute_callable_kwargs)
  File "/home/airflow/.local/lib/python3.8/site-packages/airflow/models/taskinstance.py", line 414, in _execute_callable
    return execute_callable(context=context, **execute_callable_kwargs)
  File "/home/airflow/.local/lib/python3.8/site-packages/airflow/operators/python.py", line 200, in execute
    return_value = self.execute_callable()
  File "/home/airflow/.local/lib/python3.8/site-packages/airflow/operators/python.py", line 217, in execute_callable
    return self.python_callable(*self.op_args, **self.op_kwargs)
  File "/opt/airflow/dags/dag.py", line 47, in process_table
    return  execute(table, stage, tabletype)
  File "/app/main.py", line 31, in execute
    StagingToDV().create_full().some_function(table, stage)
  File "/app/concretestage/StagingToDV.py", line 47, in some_function
    dest_col_list = list(getDF(DestDBName, DestTableName,DestSchema).columns)
  File "/app/myFramework/utils/utils.py", line 34, in getDF
    df.columns = [desc[0] for desc in cur.description]
  File "/home/airflow/.local/lib/python3.8/site-packages/pandas/core/generic.py", line 6002, in __setattr__
    return object.__setattr__(self, name, value)
  File "pandas/_libs/properties.pyx", line 69, in pandas._libs.properties.AxisProperty.__set__
  File "/home/airflow/.local/lib/python3.8/site-packages/pandas/core/generic.py", line 730, in _set_axis
    self._mgr.set_axis(axis, labels)
  File "/home/airflow/.local/lib/python3.8/site-packages/pandas/core/internals/managers.py", line 225, in set_axis
    self._validate_set_axis(axis, new_labels)
  File "/home/airflow/.local/lib/python3.8/site-packages/pandas/core/internals/base.py", line 70, in _validate_set_axis
    raise ValueError(
ValueError: Length mismatch: Expected axis has 0 elements, new values have 5 elements
[2024-07-24T20:10:33.739+0000] {taskinstance.py:1149} INFO - Marking task as FAILED. dag_id=stagingtodv, task_id=city, execution_date=20240723T000000, start_date=20240724T201031, end_date=20240724T201033
[2024-07-24T20:10:33.780+0000] {standard_task_runner.py:107} ERROR - Failed to execute job 7 for task city (Length mismatch: Expected axis has 0 elements, new values have 5 elements; 90)
[2024-07-24T20:10:33.805+0000] {local_task_job_runner.py:234} INFO - Task exited with return code 1
[2024-07-24T20:10:33.830+0000] {taskinstance.py:3312} INFO - 0 downstream tasks scheduled from follow-on schedule check
[2024-07-24T20:12:42.612+0000] {taskinstance.py:1979} INFO - Dependencies all met for dep_context=non-requeueable deps ti=<TaskInstance: stagingtodv.city scheduled__2024-07-23T00:00:00+00:00 [queued]>
[2024-07-24T20:12:42.642+0000] {taskinstance.py:1979} INFO - Dependencies all met for dep_context=requeueable deps ti=<TaskInstance: stagingtodv.city scheduled__2024-07-23T00:00:00+00:00 [queued]>
[2024-07-24T20:12:42.660+0000] {taskinstance.py:2193} INFO - Starting attempt 1 of 1
[2024-07-24T20:12:42.857+0000] {taskinstance.py:2217} INFO - Executing <Task(PythonOperator): city> on 2024-07-23 00:00:00+00:00
[2024-07-24T20:12:42.900+0000] {standard_task_runner.py:60} INFO - Started process 100 to run task
[2024-07-24T20:12:42.967+0000] {standard_task_runner.py:87} INFO - Running: ['***', 'tasks', 'run', 'stagingtodv', 'city', 'scheduled__2024-07-23T00:00:00+00:00', '--job-id', '17', '--raw', '--subdir', 'DAGS_FOLDER/dag.py', '--cfg-path', '/tmp/tmp4ou6f44i']
[2024-07-24T20:12:42.978+0000] {standard_task_runner.py:88} INFO - Job 17: Subtask city
[2024-07-24T20:12:43.435+0000] {task_command.py:423} INFO - Running <TaskInstance: stagingtodv.city scheduled__2024-07-23T00:00:00+00:00 [running]> on host c86ab2f6676c
[2024-07-24T20:12:45.938+0000] {taskinstance.py:2513} INFO - Exporting env vars: AIRFLOW_CTX_DAG_OWNER='***' AIRFLOW_CTX_DAG_ID='stagingtodv' AIRFLOW_CTX_TASK_ID='city' AIRFLOW_CTX_EXECUTION_DATE='2024-07-23T00:00:00+00:00' AIRFLOW_CTX_TRY_NUMBER='1' AIRFLOW_CTX_DAG_RUN_ID='scheduled__2024-07-23T00:00:00+00:00'
[2024-07-24T20:12:45.949+0000] {logging_mixin.py:188} INFO - -------------------------------------------- select *  from etlconf.Etl_Process_Mapping where SourceTableName = 'city' and Stage = 'stagingtodv'
[2024-07-24T20:12:46.291+0000] {taskinstance.py:2731} ERROR - Task failed with exception
Traceback (most recent call last):
  File "/home/airflow/.local/lib/python3.8/site-packages/airflow/models/taskinstance.py", line 444, in _execute_task
    result = _execute_callable(context=context, **execute_callable_kwargs)
  File "/home/airflow/.local/lib/python3.8/site-packages/airflow/models/taskinstance.py", line 414, in _execute_callable
    return execute_callable(context=context, **execute_callable_kwargs)
  File "/home/airflow/.local/lib/python3.8/site-packages/airflow/operators/python.py", line 200, in execute
    return_value = self.execute_callable()
  File "/home/airflow/.local/lib/python3.8/site-packages/airflow/operators/python.py", line 217, in execute_callable
    return self.python_callable(*self.op_args, **self.op_kwargs)
  File "/opt/airflow/dags/dag.py", line 47, in process_table
    return  execute(table, stage, tabletype)
  File "/app/main.py", line 31, in execute
    StagingToDV().create_full().some_function(table, stage)
  File "/app/concretestage/StagingToDV.py", line 47, in some_function
    dest_col_list = list(getDF(DestDBName, DestTableName,DestSchema).columns)
  File "/app/myFramework/utils/utils.py", line 34, in getDF
    df.columns = [desc[0] for desc in cur.description]
  File "/home/airflow/.local/lib/python3.8/site-packages/pandas/core/generic.py", line 6002, in __setattr__
    return object.__setattr__(self, name, value)
  File "pandas/_libs/properties.pyx", line 69, in pandas._libs.properties.AxisProperty.__set__
  File "/home/airflow/.local/lib/python3.8/site-packages/pandas/core/generic.py", line 730, in _set_axis
    self._mgr.set_axis(axis, labels)
  File "/home/airflow/.local/lib/python3.8/site-packages/pandas/core/internals/managers.py", line 225, in set_axis
    self._validate_set_axis(axis, new_labels)
  File "/home/airflow/.local/lib/python3.8/site-packages/pandas/core/internals/base.py", line 70, in _validate_set_axis
    raise ValueError(
ValueError: Length mismatch: Expected axis has 0 elements, new values have 5 elements
[2024-07-24T20:12:46.309+0000] {taskinstance.py:1149} INFO - Marking task as FAILED. dag_id=stagingtodv, task_id=city, execution_date=20240723T000000, start_date=20240724T201242, end_date=20240724T201246
[2024-07-24T20:12:46.331+0000] {standard_task_runner.py:107} ERROR - Failed to execute job 17 for task city (Length mismatch: Expected axis has 0 elements, new values have 5 elements; 100)
[2024-07-24T20:12:46.396+0000] {local_task_job_runner.py:234} INFO - Task exited with return code 1
[2024-07-24T20:12:46.448+0000] {taskinstance.py:3312} INFO - 0 downstream tasks scheduled from follow-on schedule check
[2024-07-24T20:14:53.417+0000] {taskinstance.py:1979} INFO - Dependencies all met for dep_context=non-requeueable deps ti=<TaskInstance: stagingtodv.city scheduled__2024-07-23T00:00:00+00:00 [queued]>
[2024-07-24T20:14:53.436+0000] {taskinstance.py:1979} INFO - Dependencies all met for dep_context=requeueable deps ti=<TaskInstance: stagingtodv.city scheduled__2024-07-23T00:00:00+00:00 [queued]>
[2024-07-24T20:14:53.444+0000] {taskinstance.py:2193} INFO - Starting attempt 1 of 1
[2024-07-24T20:14:53.494+0000] {taskinstance.py:2217} INFO - Executing <Task(PythonOperator): city> on 2024-07-23 00:00:00+00:00
[2024-07-24T20:14:53.520+0000] {standard_task_runner.py:60} INFO - Started process 101 to run task
[2024-07-24T20:14:53.550+0000] {standard_task_runner.py:87} INFO - Running: ['***', 'tasks', 'run', 'stagingtodv', 'city', 'scheduled__2024-07-23T00:00:00+00:00', '--job-id', '16', '--raw', '--subdir', 'DAGS_FOLDER/dag.py', '--cfg-path', '/tmp/tmpbsoho3ya']
[2024-07-24T20:14:53.573+0000] {standard_task_runner.py:88} INFO - Job 16: Subtask city
[2024-07-24T20:14:53.788+0000] {task_command.py:423} INFO - Running <TaskInstance: stagingtodv.city scheduled__2024-07-23T00:00:00+00:00 [running]> on host 86e5a5fada4c
[2024-07-24T20:14:54.256+0000] {taskinstance.py:2513} INFO - Exporting env vars: AIRFLOW_CTX_DAG_OWNER='***' AIRFLOW_CTX_DAG_ID='stagingtodv' AIRFLOW_CTX_TASK_ID='city' AIRFLOW_CTX_EXECUTION_DATE='2024-07-23T00:00:00+00:00' AIRFLOW_CTX_TRY_NUMBER='1' AIRFLOW_CTX_DAG_RUN_ID='scheduled__2024-07-23T00:00:00+00:00'
[2024-07-24T20:14:54.268+0000] {logging_mixin.py:188} INFO - -------------------------------------------- select *  from etlconf.Etl_Process_Mapping where SourceTableName = 'city' and Stage = 'stagingtodv'
[2024-07-24T20:14:54.658+0000] {logging_mixin.py:188} INFO - sourceDF     :      city_id                city  country_id         last_update
0          1  A Corua (La Corua)          87 2006-02-15 09:45:25
1          2                Abha          82 2006-02-15 09:45:25
2          3           Abu Dhabi         101 2006-02-15 09:45:25
3          4                Acua          60 2006-02-15 09:45:25
4          5               Adana          97 2006-02-15 09:45:25
..       ...                 ...         ...                 ...
595      596               Zaria          69 2006-02-15 09:45:25
596      597        Zeleznogorsk          80 2006-02-15 09:45:25
597      598         Zhezqazghan          51 2006-02-15 09:45:25
598      599            Zhoushan          23 2006-02-15 09:45:25
599      600          Ziguinchor          83 2006-02-15 09:45:25

[600 rows x 4 columns]
[2024-07-24T20:14:54.724+0000] {taskinstance.py:2731} ERROR - Task failed with exception
Traceback (most recent call last):
  File "/home/airflow/.local/lib/python3.8/site-packages/airflow/models/taskinstance.py", line 444, in _execute_task
    result = _execute_callable(context=context, **execute_callable_kwargs)
  File "/home/airflow/.local/lib/python3.8/site-packages/airflow/models/taskinstance.py", line 414, in _execute_callable
    return execute_callable(context=context, **execute_callable_kwargs)
  File "/home/airflow/.local/lib/python3.8/site-packages/airflow/operators/python.py", line 200, in execute
    return_value = self.execute_callable()
  File "/home/airflow/.local/lib/python3.8/site-packages/airflow/operators/python.py", line 217, in execute_callable
    return self.python_callable(*self.op_args, **self.op_kwargs)
  File "/opt/airflow/dags/dag.py", line 47, in process_table
    return  execute(table, stage, tabletype)
  File "/app/main.py", line 31, in execute
    StagingToDV().create_full().some_function(table, stage)
  File "/app/concretestage/StagingToDV.py", line 47, in some_function
    dest_col_list = list(getDF(DestDBName, DestTableName,DestSchema).columns)
  File "/app/myFramework/utils/utils.py", line 34, in getDF
    df.columns = [desc[0] for desc in cur.description]
  File "/home/airflow/.local/lib/python3.8/site-packages/pandas/core/generic.py", line 6002, in __setattr__
    return object.__setattr__(self, name, value)
  File "pandas/_libs/properties.pyx", line 69, in pandas._libs.properties.AxisProperty.__set__
  File "/home/airflow/.local/lib/python3.8/site-packages/pandas/core/generic.py", line 730, in _set_axis
    self._mgr.set_axis(axis, labels)
  File "/home/airflow/.local/lib/python3.8/site-packages/pandas/core/internals/managers.py", line 225, in set_axis
    self._validate_set_axis(axis, new_labels)
  File "/home/airflow/.local/lib/python3.8/site-packages/pandas/core/internals/base.py", line 70, in _validate_set_axis
    raise ValueError(
ValueError: Length mismatch: Expected axis has 0 elements, new values have 5 elements
[2024-07-24T20:14:54.757+0000] {taskinstance.py:1149} INFO - Marking task as FAILED. dag_id=stagingtodv, task_id=city, execution_date=20240723T000000, start_date=20240724T201453, end_date=20240724T201454
[2024-07-24T20:14:54.786+0000] {standard_task_runner.py:107} ERROR - Failed to execute job 16 for task city (Length mismatch: Expected axis has 0 elements, new values have 5 elements; 101)
[2024-07-24T20:14:54.833+0000] {local_task_job_runner.py:234} INFO - Task exited with return code 1
[2024-07-24T20:14:54.884+0000] {taskinstance.py:3312} INFO - 0 downstream tasks scheduled from follow-on schedule check
[2024-07-24T20:23:46.343+0000] {taskinstance.py:1979} INFO - Dependencies all met for dep_context=non-requeueable deps ti=<TaskInstance: stagingtodv.city scheduled__2024-07-23T00:00:00+00:00 [queued]>
[2024-07-24T20:23:46.357+0000] {taskinstance.py:1979} INFO - Dependencies all met for dep_context=requeueable deps ti=<TaskInstance: stagingtodv.city scheduled__2024-07-23T00:00:00+00:00 [queued]>
[2024-07-24T20:23:46.365+0000] {taskinstance.py:2193} INFO - Starting attempt 1 of 1
[2024-07-24T20:23:46.418+0000] {taskinstance.py:2217} INFO - Executing <Task(PythonOperator): city> on 2024-07-23 00:00:00+00:00
[2024-07-24T20:23:46.429+0000] {standard_task_runner.py:60} INFO - Started process 146 to run task
[2024-07-24T20:23:46.447+0000] {standard_task_runner.py:87} INFO - Running: ['***', 'tasks', 'run', 'stagingtodv', 'city', 'scheduled__2024-07-23T00:00:00+00:00', '--job-id', '12', '--raw', '--subdir', 'DAGS_FOLDER/dag.py', '--cfg-path', '/tmp/tmpci33z839']
[2024-07-24T20:23:46.458+0000] {standard_task_runner.py:88} INFO - Job 12: Subtask city
[2024-07-24T20:23:46.672+0000] {task_command.py:423} INFO - Running <TaskInstance: stagingtodv.city scheduled__2024-07-23T00:00:00+00:00 [running]> on host fd6805ab8e96
[2024-07-24T20:23:48.374+0000] {taskinstance.py:2513} INFO - Exporting env vars: AIRFLOW_CTX_DAG_OWNER='***' AIRFLOW_CTX_DAG_ID='stagingtodv' AIRFLOW_CTX_TASK_ID='city' AIRFLOW_CTX_EXECUTION_DATE='2024-07-23T00:00:00+00:00' AIRFLOW_CTX_TRY_NUMBER='1' AIRFLOW_CTX_DAG_RUN_ID='scheduled__2024-07-23T00:00:00+00:00'
[2024-07-24T20:23:48.377+0000] {logging_mixin.py:188} INFO - -------------------------------------------- select *  from etlconf.Etl_Process_Mapping where SourceTableName = 'city' and Stage = 'stagingtodv'
[2024-07-24T20:23:49.181+0000] {logging_mixin.py:188} INFO - update etlconf.Etl_Process_Mapping T set last_run_date = current_timestamp where destdbname='dbdv' and destschema='dvdrental' and desttablename='city';
[2024-07-24T20:23:49.204+0000] {python.py:202} INFO - Done. Returned value was: None
[2024-07-24T20:23:49.218+0000] {taskinstance.py:1149} INFO - Marking task as SUCCESS. dag_id=stagingtodv, task_id=city, execution_date=20240723T000000, start_date=20240724T202346, end_date=20240724T202349
[2024-07-24T20:23:49.244+0000] {local_task_job_runner.py:234} INFO - Task exited with return code 0
[2024-07-24T20:23:49.282+0000] {taskinstance.py:3312} INFO - 0 downstream tasks scheduled from follow-on schedule check
[2024-07-24T20:35:58.681+0000] {taskinstance.py:1979} INFO - Dependencies all met for dep_context=non-requeueable deps ti=<TaskInstance: stagingtodv.city scheduled__2024-07-23T00:00:00+00:00 [queued]>
[2024-07-24T20:35:58.721+0000] {taskinstance.py:1979} INFO - Dependencies all met for dep_context=requeueable deps ti=<TaskInstance: stagingtodv.city scheduled__2024-07-23T00:00:00+00:00 [queued]>
[2024-07-24T20:35:58.726+0000] {taskinstance.py:2193} INFO - Starting attempt 1 of 1
[2024-07-24T20:35:58.762+0000] {taskinstance.py:2217} INFO - Executing <Task(PythonOperator): city> on 2024-07-23 00:00:00+00:00
[2024-07-24T20:35:58.816+0000] {standard_task_runner.py:60} INFO - Started process 98 to run task
[2024-07-24T20:35:58.885+0000] {standard_task_runner.py:87} INFO - Running: ['***', 'tasks', 'run', 'stagingtodv', 'city', 'scheduled__2024-07-23T00:00:00+00:00', '--job-id', '9', '--raw', '--subdir', 'DAGS_FOLDER/dag.py', '--cfg-path', '/tmp/tmp7htdc665']
[2024-07-24T20:35:58.921+0000] {standard_task_runner.py:88} INFO - Job 9: Subtask city
[2024-07-24T20:35:59.179+0000] {task_command.py:423} INFO - Running <TaskInstance: stagingtodv.city scheduled__2024-07-23T00:00:00+00:00 [running]> on host 7dd317f3ab25
[2024-07-24T20:36:00.765+0000] {taskinstance.py:2513} INFO - Exporting env vars: AIRFLOW_CTX_DAG_OWNER='***' AIRFLOW_CTX_DAG_ID='stagingtodv' AIRFLOW_CTX_TASK_ID='city' AIRFLOW_CTX_EXECUTION_DATE='2024-07-23T00:00:00+00:00' AIRFLOW_CTX_TRY_NUMBER='1' AIRFLOW_CTX_DAG_RUN_ID='scheduled__2024-07-23T00:00:00+00:00'
[2024-07-24T20:36:00.768+0000] {logging_mixin.py:188} INFO - -------------------------------------------- select *  from etlconf.Etl_Process_Mapping where SourceTableName = 'city' and Stage = 'stagingtodv'
[2024-07-24T20:36:00.924+0000] {logging_mixin.py:188} INFO - genaretedDF      city_id                city  country_id         last_update
0        NaN  A Corua (La Corua)          87 2006-02-15 09:45:25
1        NaN                Abha          82 2006-02-15 09:45:25
2        NaN           Abu Dhabi         101 2006-02-15 09:45:25
3        NaN                Acua          60 2006-02-15 09:45:25
4        NaN               Adana          97 2006-02-15 09:45:25
..       ...                 ...         ...                 ...
595      NaN               Zaria          69 2006-02-15 09:45:25
596      NaN        Zeleznogorsk          80 2006-02-15 09:45:25
597      NaN         Zhezqazghan          51 2006-02-15 09:45:25
598      NaN            Zhoushan          23 2006-02-15 09:45:25
599      NaN          Ziguinchor          83 2006-02-15 09:45:25

[600 rows x 4 columns]
[2024-07-24T20:36:01.152+0000] {logging_mixin.py:188} INFO - update etlconf.Etl_Process_Mapping T set last_run_date = current_timestamp where destdbname='dbdv' and destschema='dvdrental' and desttablename='city';
[2024-07-24T20:36:01.169+0000] {python.py:202} INFO - Done. Returned value was: None
[2024-07-24T20:36:01.185+0000] {taskinstance.py:1149} INFO - Marking task as SUCCESS. dag_id=stagingtodv, task_id=city, execution_date=20240723T000000, start_date=20240724T203558, end_date=20240724T203601
[2024-07-24T20:36:01.212+0000] {local_task_job_runner.py:234} INFO - Task exited with return code 0
[2024-07-24T20:44:26.082+0000] {taskinstance.py:3318} INFO - Skipping mini scheduling run due to exception: SELECT dag_run.state AS dag_run_state, dag_run.id AS dag_run_id, dag_run.dag_id AS dag_run_dag_id, dag_run.queued_at AS dag_run_queued_at, dag_run.execution_date AS dag_run_execution_date, dag_run.start_date AS dag_run_start_date, dag_run.end_date AS dag_run_end_date, dag_run.run_id AS dag_run_run_id, dag_run.creating_job_id AS dag_run_creating_job_id, dag_run.external_trigger AS dag_run_external_trigger, dag_run.run_type AS dag_run_run_type, dag_run.conf AS dag_run_conf, dag_run.data_interval_start AS dag_run_data_interval_start, dag_run.data_interval_end AS dag_run_data_interval_end, dag_run.last_scheduling_decision AS dag_run_last_scheduling_decision, dag_run.dag_hash AS dag_run_dag_hash, dag_run.log_template_id AS dag_run_log_template_id, dag_run.updated_at AS dag_run_updated_at, dag_run.clear_number AS dag_run_clear_number 
FROM dag_run 
WHERE dag_run.dag_id = %(dag_id_1)s AND dag_run.run_id = %(run_id_1)s FOR UPDATE
Traceback (most recent call last):
  File "/home/airflow/.local/lib/python3.8/site-packages/sqlalchemy/engine/base.py", line 1910, in _execute_context
    self.dialect.do_execute(
  File "/home/airflow/.local/lib/python3.8/site-packages/sqlalchemy/engine/default.py", line 736, in do_execute
    cursor.execute(statement, parameters)
psycopg2.OperationalError: server closed the connection unexpectedly
	This probably means the server terminated abnormally
	before or while processing the request.


The above exception was the direct cause of the following exception:

Traceback (most recent call last):
  File "/home/airflow/.local/lib/python3.8/site-packages/airflow/models/taskinstance.py", line 3267, in _schedule_downstream_tasks
    dag_run = with_row_locks(
  File "/home/airflow/.local/lib/python3.8/site-packages/sqlalchemy/orm/query.py", line 2870, in one
    return self._iter().one()
  File "/home/airflow/.local/lib/python3.8/site-packages/sqlalchemy/orm/query.py", line 2916, in _iter
    result = self.session.execute(
  File "/home/airflow/.local/lib/python3.8/site-packages/sqlalchemy/orm/session.py", line 1717, in execute
    result = conn._execute_20(statement, params or {}, execution_options)
  File "/home/airflow/.local/lib/python3.8/site-packages/sqlalchemy/engine/base.py", line 1710, in _execute_20
    return meth(self, args_10style, kwargs_10style, execution_options)
  File "/home/airflow/.local/lib/python3.8/site-packages/sqlalchemy/sql/elements.py", line 334, in _execute_on_connection
    return connection._execute_clauseelement(
  File "/home/airflow/.local/lib/python3.8/site-packages/sqlalchemy/engine/base.py", line 1577, in _execute_clauseelement
    ret = self._execute_context(
  File "/home/airflow/.local/lib/python3.8/site-packages/sqlalchemy/engine/base.py", line 1953, in _execute_context
    self._handle_dbapi_exception(
  File "/home/airflow/.local/lib/python3.8/site-packages/sqlalchemy/engine/base.py", line 2134, in _handle_dbapi_exception
    util.raise_(
  File "/home/airflow/.local/lib/python3.8/site-packages/sqlalchemy/util/compat.py", line 211, in raise_
    raise exception
  File "/home/airflow/.local/lib/python3.8/site-packages/sqlalchemy/engine/base.py", line 1910, in _execute_context
    self.dialect.do_execute(
  File "/home/airflow/.local/lib/python3.8/site-packages/sqlalchemy/engine/default.py", line 736, in do_execute
    cursor.execute(statement, parameters)
sqlalchemy.exc.OperationalError: (psycopg2.OperationalError) server closed the connection unexpectedly
	This probably means the server terminated abnormally
	before or while processing the request.

[SQL: SELECT dag_run.state AS dag_run_state, dag_run.id AS dag_run_id, dag_run.dag_id AS dag_run_dag_id, dag_run.queued_at AS dag_run_queued_at, dag_run.execution_date AS dag_run_execution_date, dag_run.start_date AS dag_run_start_date, dag_run.end_date AS dag_run_end_date, dag_run.run_id AS dag_run_run_id, dag_run.creating_job_id AS dag_run_creating_job_id, dag_run.external_trigger AS dag_run_external_trigger, dag_run.run_type AS dag_run_run_type, dag_run.conf AS dag_run_conf, dag_run.data_interval_start AS dag_run_data_interval_start, dag_run.data_interval_end AS dag_run_data_interval_end, dag_run.last_scheduling_decision AS dag_run_last_scheduling_decision, dag_run.dag_hash AS dag_run_dag_hash, dag_run.log_template_id AS dag_run_log_template_id, dag_run.updated_at AS dag_run_updated_at, dag_run.clear_number AS dag_run_clear_number 
FROM dag_run 
WHERE dag_run.dag_id = %(dag_id_1)s AND dag_run.run_id = %(run_id_1)s FOR UPDATE]
[parameters: {'dag_id_1': 'stagingtodv', 'run_id_1': 'scheduled__2024-07-23T00:00:00+00:00'}]
(Background on this error at: https://sqlalche.me/e/14/e3q8)
