[2024-07-16T16:34:39.940+0000] {taskinstance.py:1979} INFO - Dependencies all met for dep_context=non-requeueable deps ti=<TaskInstance: sqltostaging.category scheduled__2024-07-15T00:00:00+00:00 [queued]>
[2024-07-16T16:34:39.951+0000] {taskinstance.py:1979} INFO - Dependencies all met for dep_context=requeueable deps ti=<TaskInstance: sqltostaging.category scheduled__2024-07-15T00:00:00+00:00 [queued]>
[2024-07-16T16:34:39.957+0000] {taskinstance.py:2193} INFO - Starting attempt 1 of 1
[2024-07-16T16:34:39.990+0000] {taskinstance.py:2217} INFO - Executing <Task(PythonOperator): category> on 2024-07-15 00:00:00+00:00
[2024-07-16T16:34:40.022+0000] {standard_task_runner.py:60} INFO - Started process 126 to run task
[2024-07-16T16:34:40.022+0000] {standard_task_runner.py:87} INFO - Running: ['***', 'tasks', 'run', 'sqltostaging', 'category', 'scheduled__2024-07-15T00:00:00+00:00', '--job-id', '51', '--raw', '--subdir', 'DAGS_FOLDER/dag.py', '--cfg-path', '/tmp/tmpdcpgijva']
[2024-07-16T16:34:40.045+0000] {standard_task_runner.py:88} INFO - Job 51: Subtask category
[2024-07-16T16:34:40.197+0000] {task_command.py:423} INFO - Running <TaskInstance: sqltostaging.category scheduled__2024-07-15T00:00:00+00:00 [running]> on host f77c41d1d1e9
[2024-07-16T16:34:40.765+0000] {taskinstance.py:2513} INFO - Exporting env vars: AIRFLOW_CTX_DAG_OWNER='***' AIRFLOW_CTX_DAG_ID='sqltostaging' AIRFLOW_CTX_TASK_ID='category' AIRFLOW_CTX_EXECUTION_DATE='2024-07-15T00:00:00+00:00' AIRFLOW_CTX_TRY_NUMBER='1' AIRFLOW_CTX_DAG_RUN_ID='scheduled__2024-07-15T00:00:00+00:00'
[2024-07-16T16:34:40.839+0000] {logging_mixin.py:188} INFO - select *  from etlconf.Etl_Process_Mapping where SourceTableName = 'category' and Stage = 'sqltostaging'
[2024-07-16T16:34:40.942+0000] {logging_mixin.py:188} INFO -    id sourcetablename  ...         stage              last_run_date
0   2        category  ...  sqltostaging 2024-07-16 16:34:38.139273

[1 rows x 15 columns]
[2024-07-16T16:34:41.322+0000] {logging_mixin.py:188} INFO - update etlconf.Etl_Process_Mapping T set last_run_date = current_timestamp where destdbname='DBStaging' and destschema='dvdrental' and desttablename='category';
[2024-07-16T16:34:41.392+0000] {python.py:202} INFO - Done. Returned value was: None
[2024-07-16T16:34:41.419+0000] {taskinstance.py:1149} INFO - Marking task as SUCCESS. dag_id=sqltostaging, task_id=category, execution_date=20240715T000000, start_date=20240716T163439, end_date=20240716T163441
[2024-07-16T16:34:41.479+0000] {local_task_job_runner.py:234} INFO - Task exited with return code 0
[2024-07-16T16:34:41.525+0000] {taskinstance.py:3312} INFO - 0 downstream tasks scheduled from follow-on schedule check
[2024-07-16T17:43:02.635+0000] {taskinstance.py:1979} INFO - Dependencies all met for dep_context=non-requeueable deps ti=<TaskInstance: sqltostaging.category scheduled__2024-07-15T00:00:00+00:00 [queued]>
[2024-07-16T17:43:02.651+0000] {taskinstance.py:1979} INFO - Dependencies all met for dep_context=requeueable deps ti=<TaskInstance: sqltostaging.category scheduled__2024-07-15T00:00:00+00:00 [queued]>
[2024-07-16T17:43:02.652+0000] {taskinstance.py:2193} INFO - Starting attempt 1 of 1
[2024-07-16T17:43:02.665+0000] {taskinstance.py:2217} INFO - Executing <Task(PythonOperator): category> on 2024-07-15 00:00:00+00:00
[2024-07-16T17:43:02.679+0000] {standard_task_runner.py:60} INFO - Started process 249 to run task
[2024-07-16T17:43:02.716+0000] {standard_task_runner.py:87} INFO - Running: ['***', 'tasks', 'run', 'sqltostaging', 'category', 'scheduled__2024-07-15T00:00:00+00:00', '--job-id', '30', '--raw', '--subdir', 'DAGS_FOLDER/dag.py', '--cfg-path', '/tmp/tmpefcav8js']
[2024-07-16T17:43:02.731+0000] {standard_task_runner.py:88} INFO - Job 30: Subtask category
[2024-07-16T17:43:02.948+0000] {task_command.py:423} INFO - Running <TaskInstance: sqltostaging.category scheduled__2024-07-15T00:00:00+00:00 [running]> on host e1ba87a2fe19
[2024-07-16T17:43:03.225+0000] {taskinstance.py:2513} INFO - Exporting env vars: AIRFLOW_CTX_DAG_OWNER='***' AIRFLOW_CTX_DAG_ID='sqltostaging' AIRFLOW_CTX_TASK_ID='category' AIRFLOW_CTX_EXECUTION_DATE='2024-07-15T00:00:00+00:00' AIRFLOW_CTX_TRY_NUMBER='1' AIRFLOW_CTX_DAG_RUN_ID='scheduled__2024-07-15T00:00:00+00:00'
[2024-07-16T17:43:03.238+0000] {logging_mixin.py:188} INFO - -------------------------------------------- select *  from etlconf.Etl_Process_Mapping where SourceTableName = 'category' and Stage = 'sqltostaging'
[2024-07-16T17:43:03.330+0000] {logging_mixin.py:188} INFO - select *  from etlconf.Etl_Process_Mapping where SourceTableName = 'category' and Stage = 'sqltostaging'
[2024-07-16T17:43:03.963+0000] {logging_mixin.py:188} INFO -    id sourcetablename  ...         stage              last_run_date
0   2        category  ...  sqltostaging 2024-07-16 16:34:41.366771

[1 rows x 15 columns]
[2024-07-16T17:43:04.082+0000] {logging_mixin.py:188} INFO - update etlconf.Etl_Process_Mapping T set last_run_date = current_timestamp where destdbname='DBStaging' and destschema='dvdrental' and desttablename='category';
[2024-07-16T17:43:04.097+0000] {python.py:202} INFO - Done. Returned value was: None
[2024-07-16T17:43:04.109+0000] {taskinstance.py:1149} INFO - Marking task as SUCCESS. dag_id=sqltostaging, task_id=category, execution_date=20240715T000000, start_date=20240716T174302, end_date=20240716T174304
[2024-07-16T17:43:04.159+0000] {local_task_job_runner.py:234} INFO - Task exited with return code 0
[2024-07-16T17:43:04.171+0000] {taskinstance.py:3312} INFO - 0 downstream tasks scheduled from follow-on schedule check
[2024-07-16T18:37:57.178+0000] {taskinstance.py:1979} INFO - Dependencies all met for dep_context=non-requeueable deps ti=<TaskInstance: sqltostaging.category scheduled__2024-07-15T00:00:00+00:00 [queued]>
[2024-07-16T18:37:57.243+0000] {taskinstance.py:1979} INFO - Dependencies all met for dep_context=requeueable deps ti=<TaskInstance: sqltostaging.category scheduled__2024-07-15T00:00:00+00:00 [queued]>
[2024-07-16T18:37:57.247+0000] {taskinstance.py:2193} INFO - Starting attempt 1 of 1
[2024-07-16T18:37:57.270+0000] {taskinstance.py:2217} INFO - Executing <Task(PythonOperator): category> on 2024-07-15 00:00:00+00:00
[2024-07-16T18:37:57.290+0000] {standard_task_runner.py:60} INFO - Started process 256 to run task
[2024-07-16T18:37:57.304+0000] {standard_task_runner.py:87} INFO - Running: ['***', 'tasks', 'run', 'sqltostaging', 'category', 'scheduled__2024-07-15T00:00:00+00:00', '--job-id', '34', '--raw', '--subdir', 'DAGS_FOLDER/dag.py', '--cfg-path', '/tmp/tmpvg24daya']
[2024-07-16T18:37:57.307+0000] {standard_task_runner.py:88} INFO - Job 34: Subtask category
[2024-07-16T18:37:57.469+0000] {task_command.py:423} INFO - Running <TaskInstance: sqltostaging.category scheduled__2024-07-15T00:00:00+00:00 [running]> on host b7021158e377
[2024-07-16T18:37:57.709+0000] {taskinstance.py:2513} INFO - Exporting env vars: AIRFLOW_CTX_DAG_OWNER='***' AIRFLOW_CTX_DAG_ID='sqltostaging' AIRFLOW_CTX_TASK_ID='category' AIRFLOW_CTX_EXECUTION_DATE='2024-07-15T00:00:00+00:00' AIRFLOW_CTX_TRY_NUMBER='1' AIRFLOW_CTX_DAG_RUN_ID='scheduled__2024-07-15T00:00:00+00:00'
[2024-07-16T18:37:57.720+0000] {logging_mixin.py:188} INFO - -------------------------------------------- select *  from etlconf.Etl_Process_Mapping where SourceTableName = 'category' and Stage = 'sqltostaging'
[2024-07-16T18:37:57.817+0000] {logging_mixin.py:188} INFO - select *  from etlconf.Etl_Process_Mapping where SourceTableName = 'category' and Stage = 'sqltostaging'
[2024-07-16T18:37:59.028+0000] {logging_mixin.py:188} INFO -    id sourcetablename  ...         stage              last_run_date
0   2        category  ...  sqltostaging 2024-07-16 17:43:04.091411

[1 rows x 15 columns]
[2024-07-16T18:37:59.128+0000] {taskinstance.py:2731} ERROR - Task failed with exception
Traceback (most recent call last):
  File "/home/airflow/.local/lib/python3.8/site-packages/airflow/models/taskinstance.py", line 444, in _execute_task
    result = _execute_callable(context=context, **execute_callable_kwargs)
  File "/home/airflow/.local/lib/python3.8/site-packages/airflow/models/taskinstance.py", line 414, in _execute_callable
    return execute_callable(context=context, **execute_callable_kwargs)
  File "/home/airflow/.local/lib/python3.8/site-packages/airflow/operators/python.py", line 200, in execute
    return_value = self.execute_callable()
  File "/home/airflow/.local/lib/python3.8/site-packages/airflow/operators/python.py", line 217, in execute_callable
    return self.python_callable(*self.op_args, **self.op_kwargs)
  File "/opt/airflow/dags/dag.py", line 45, in process_table
    return  execute(table, stage, tabletype)
  File "/app/main.py", line 26, in execute
    SqlToStaging().create_full().some_function(table, stage)
  File "/app/concretestage/SQLToStaging.py", line 38, in some_function
    sourceDF = getDF(sourcedbname,sourcetablename , sourceschema)
  File "/app/myFramework/utils/utils.py", line 29, in getDF
    cur.execute(query)
psycopg2.errors.FeatureNotSupported: cross-database references are not implemented: "dbstaging.public.dada"
LINE 1: select T.* from dbstaging.public.dada T
                        ^

[2024-07-16T18:37:59.154+0000] {taskinstance.py:1149} INFO - Marking task as FAILED. dag_id=sqltostaging, task_id=category, execution_date=20240715T000000, start_date=20240716T183757, end_date=20240716T183759
[2024-07-16T18:37:59.244+0000] {standard_task_runner.py:107} ERROR - Failed to execute job 34 for task category (cross-database references are not implemented: "dbstaging.public.dada"
LINE 1: select T.* from dbstaging.public.dada T
                        ^
; 256)
[2024-07-16T18:37:59.339+0000] {local_task_job_runner.py:234} INFO - Task exited with return code 1
[2024-07-16T18:37:59.444+0000] {taskinstance.py:3312} INFO - 0 downstream tasks scheduled from follow-on schedule check
[2024-07-16T18:39:44.187+0000] {taskinstance.py:1979} INFO - Dependencies all met for dep_context=non-requeueable deps ti=<TaskInstance: sqltostaging.category scheduled__2024-07-15T00:00:00+00:00 [queued]>
[2024-07-16T18:39:44.229+0000] {taskinstance.py:1979} INFO - Dependencies all met for dep_context=requeueable deps ti=<TaskInstance: sqltostaging.category scheduled__2024-07-15T00:00:00+00:00 [queued]>
[2024-07-16T18:39:44.232+0000] {taskinstance.py:2193} INFO - Starting attempt 1 of 1
[2024-07-16T18:39:44.284+0000] {taskinstance.py:2217} INFO - Executing <Task(PythonOperator): category> on 2024-07-15 00:00:00+00:00
[2024-07-16T18:39:44.302+0000] {standard_task_runner.py:60} INFO - Started process 90 to run task
[2024-07-16T18:39:44.313+0000] {standard_task_runner.py:87} INFO - Running: ['***', 'tasks', 'run', 'sqltostaging', 'category', 'scheduled__2024-07-15T00:00:00+00:00', '--job-id', '4', '--raw', '--subdir', 'DAGS_FOLDER/dag.py', '--cfg-path', '/tmp/tmpinoeo76k']
[2024-07-16T18:39:44.320+0000] {standard_task_runner.py:88} INFO - Job 4: Subtask category
[2024-07-16T18:39:44.479+0000] {task_command.py:423} INFO - Running <TaskInstance: sqltostaging.category scheduled__2024-07-15T00:00:00+00:00 [running]> on host 7465d1ceecf3
[2024-07-16T18:39:46.426+0000] {taskinstance.py:2513} INFO - Exporting env vars: AIRFLOW_CTX_DAG_OWNER='***' AIRFLOW_CTX_DAG_ID='sqltostaging' AIRFLOW_CTX_TASK_ID='category' AIRFLOW_CTX_EXECUTION_DATE='2024-07-15T00:00:00+00:00' AIRFLOW_CTX_TRY_NUMBER='1' AIRFLOW_CTX_DAG_RUN_ID='scheduled__2024-07-15T00:00:00+00:00'
[2024-07-16T18:39:46.433+0000] {logging_mixin.py:188} INFO - -------------------------------------------- select *  from etlconf.Etl_Process_Mapping where SourceTableName = 'category' and Stage = 'sqltostaging'
[2024-07-16T18:39:46.556+0000] {logging_mixin.py:188} INFO - select *  from etlconf.Etl_Process_Mapping where SourceTableName = 'category' and Stage = 'sqltostaging'
[2024-07-16T18:39:46.703+0000] {logging_mixin.py:188} INFO -    id sourcetablename  ...         stage              last_run_date
0   2        category  ...  sqltostaging 2024-07-16 17:43:04.091411

[1 rows x 15 columns]
[2024-07-16T18:39:46.798+0000] {taskinstance.py:2731} ERROR - Task failed with exception
Traceback (most recent call last):
  File "/home/airflow/.local/lib/python3.8/site-packages/sqlalchemy/engine/base.py", line 3371, in _wrap_pool_connect
    return fn()
  File "/home/airflow/.local/lib/python3.8/site-packages/sqlalchemy/pool/base.py", line 327, in connect
    return _ConnectionFairy._checkout(self)
  File "/home/airflow/.local/lib/python3.8/site-packages/sqlalchemy/pool/base.py", line 894, in _checkout
    fairy = _ConnectionRecord.checkout(pool)
  File "/home/airflow/.local/lib/python3.8/site-packages/sqlalchemy/pool/base.py", line 493, in checkout
    rec = pool._do_get()
  File "/home/airflow/.local/lib/python3.8/site-packages/sqlalchemy/pool/impl.py", line 146, in _do_get
    self._dec_overflow()
  File "/home/airflow/.local/lib/python3.8/site-packages/sqlalchemy/util/langhelpers.py", line 70, in __exit__
    compat.raise_(
  File "/home/airflow/.local/lib/python3.8/site-packages/sqlalchemy/util/compat.py", line 211, in raise_
    raise exception
  File "/home/airflow/.local/lib/python3.8/site-packages/sqlalchemy/pool/impl.py", line 143, in _do_get
    return self._create_connection()
  File "/home/airflow/.local/lib/python3.8/site-packages/sqlalchemy/pool/base.py", line 273, in _create_connection
    return _ConnectionRecord(self)
  File "/home/airflow/.local/lib/python3.8/site-packages/sqlalchemy/pool/base.py", line 388, in __init__
    self.__connect()
  File "/home/airflow/.local/lib/python3.8/site-packages/sqlalchemy/pool/base.py", line 691, in __connect
    pool.logger.debug("Error on connect(): %s", e)
  File "/home/airflow/.local/lib/python3.8/site-packages/sqlalchemy/util/langhelpers.py", line 70, in __exit__
    compat.raise_(
  File "/home/airflow/.local/lib/python3.8/site-packages/sqlalchemy/util/compat.py", line 211, in raise_
    raise exception
  File "/home/airflow/.local/lib/python3.8/site-packages/sqlalchemy/pool/base.py", line 686, in __connect
    self.dbapi_connection = connection = pool._invoke_creator(self)
  File "/home/airflow/.local/lib/python3.8/site-packages/sqlalchemy/engine/create.py", line 574, in connect
    return dialect.connect(*cargs, **cparams)
  File "/home/airflow/.local/lib/python3.8/site-packages/sqlalchemy/engine/default.py", line 598, in connect
    return self.dbapi.connect(*cargs, **cparams)
  File "/home/airflow/.local/lib/python3.8/site-packages/psycopg2/__init__.py", line 122, in connect
    conn = _connect(dsn, connection_factory=connection_factory, **kwasync)
psycopg2.OperationalError: connection to server at "postgres_db" (172.31.0.4), port 9999 failed: FATAL:  database "DBStaging" does not exist


The above exception was the direct cause of the following exception:

Traceback (most recent call last):
  File "/home/airflow/.local/lib/python3.8/site-packages/airflow/models/taskinstance.py", line 444, in _execute_task
    result = _execute_callable(context=context, **execute_callable_kwargs)
  File "/home/airflow/.local/lib/python3.8/site-packages/airflow/models/taskinstance.py", line 414, in _execute_callable
    return execute_callable(context=context, **execute_callable_kwargs)
  File "/home/airflow/.local/lib/python3.8/site-packages/airflow/operators/python.py", line 200, in execute
    return_value = self.execute_callable()
  File "/home/airflow/.local/lib/python3.8/site-packages/airflow/operators/python.py", line 217, in execute_callable
    return self.python_callable(*self.op_args, **self.op_kwargs)
  File "/opt/airflow/dags/dag.py", line 45, in process_table
    return  execute(table, stage, tabletype)
  File "/app/main.py", line 26, in execute
    SqlToStaging().create_full().some_function(table, stage)
  File "/app/concretestage/SQLToStaging.py", line 40, in some_function
    fillPosgres(sourceDF, DestDBName, DestSchema, DestTableName, InsertionType)
  File "/app/myFramework/utils/utils.py", line 36, in fillPosgres
    df.to_sql(tablename, conn.getEngine(dst_dbname)
  File "/home/airflow/.local/lib/python3.8/site-packages/pandas/core/generic.py", line 2878, in to_sql
    return sql.to_sql(
  File "/home/airflow/.local/lib/python3.8/site-packages/pandas/io/sql.py", line 768, in to_sql
    with pandasSQL_builder(con, schema=schema, need_transaction=True) as pandas_sql:
  File "/home/airflow/.local/lib/python3.8/site-packages/pandas/io/sql.py", line 832, in pandasSQL_builder
    return SQLDatabase(con, schema, need_transaction)
  File "/home/airflow/.local/lib/python3.8/site-packages/pandas/io/sql.py", line 1539, in __init__
    con = self.exit_stack.enter_context(con.connect())
  File "/home/airflow/.local/lib/python3.8/site-packages/sqlalchemy/engine/base.py", line 3325, in connect
    return self._connection_cls(self, close_with_result=close_with_result)
  File "/home/airflow/.local/lib/python3.8/site-packages/sqlalchemy/engine/base.py", line 96, in __init__
    else engine.raw_connection()
  File "/home/airflow/.local/lib/python3.8/site-packages/sqlalchemy/engine/base.py", line 3404, in raw_connection
    return self._wrap_pool_connect(self.pool.connect, _connection)
  File "/home/airflow/.local/lib/python3.8/site-packages/sqlalchemy/engine/base.py", line 3374, in _wrap_pool_connect
    Connection._handle_dbapi_exception_noconnection(
  File "/home/airflow/.local/lib/python3.8/site-packages/sqlalchemy/engine/base.py", line 2208, in _handle_dbapi_exception_noconnection
    util.raise_(
  File "/home/airflow/.local/lib/python3.8/site-packages/sqlalchemy/util/compat.py", line 211, in raise_
    raise exception
  File "/home/airflow/.local/lib/python3.8/site-packages/sqlalchemy/engine/base.py", line 3371, in _wrap_pool_connect
    return fn()
  File "/home/airflow/.local/lib/python3.8/site-packages/sqlalchemy/pool/base.py", line 327, in connect
    return _ConnectionFairy._checkout(self)
  File "/home/airflow/.local/lib/python3.8/site-packages/sqlalchemy/pool/base.py", line 894, in _checkout
    fairy = _ConnectionRecord.checkout(pool)
  File "/home/airflow/.local/lib/python3.8/site-packages/sqlalchemy/pool/base.py", line 493, in checkout
    rec = pool._do_get()
  File "/home/airflow/.local/lib/python3.8/site-packages/sqlalchemy/pool/impl.py", line 146, in _do_get
    self._dec_overflow()
  File "/home/airflow/.local/lib/python3.8/site-packages/sqlalchemy/util/langhelpers.py", line 70, in __exit__
    compat.raise_(
  File "/home/airflow/.local/lib/python3.8/site-packages/sqlalchemy/util/compat.py", line 211, in raise_
    raise exception
  File "/home/airflow/.local/lib/python3.8/site-packages/sqlalchemy/pool/impl.py", line 143, in _do_get
    return self._create_connection()
  File "/home/airflow/.local/lib/python3.8/site-packages/sqlalchemy/pool/base.py", line 273, in _create_connection
    return _ConnectionRecord(self)
  File "/home/airflow/.local/lib/python3.8/site-packages/sqlalchemy/pool/base.py", line 388, in __init__
    self.__connect()
  File "/home/airflow/.local/lib/python3.8/site-packages/sqlalchemy/pool/base.py", line 691, in __connect
    pool.logger.debug("Error on connect(): %s", e)
  File "/home/airflow/.local/lib/python3.8/site-packages/sqlalchemy/util/langhelpers.py", line 70, in __exit__
    compat.raise_(
  File "/home/airflow/.local/lib/python3.8/site-packages/sqlalchemy/util/compat.py", line 211, in raise_
    raise exception
  File "/home/airflow/.local/lib/python3.8/site-packages/sqlalchemy/pool/base.py", line 686, in __connect
    self.dbapi_connection = connection = pool._invoke_creator(self)
  File "/home/airflow/.local/lib/python3.8/site-packages/sqlalchemy/engine/create.py", line 574, in connect
    return dialect.connect(*cargs, **cparams)
  File "/home/airflow/.local/lib/python3.8/site-packages/sqlalchemy/engine/default.py", line 598, in connect
    return self.dbapi.connect(*cargs, **cparams)
  File "/home/airflow/.local/lib/python3.8/site-packages/psycopg2/__init__.py", line 122, in connect
    conn = _connect(dsn, connection_factory=connection_factory, **kwasync)
sqlalchemy.exc.OperationalError: (psycopg2.OperationalError) connection to server at "postgres_db" (172.31.0.4), port 9999 failed: FATAL:  database "DBStaging" does not exist

(Background on this error at: https://sqlalche.me/e/14/e3q8)
[2024-07-16T18:39:46.844+0000] {taskinstance.py:1149} INFO - Marking task as FAILED. dag_id=sqltostaging, task_id=category, execution_date=20240715T000000, start_date=20240716T183944, end_date=20240716T183946
[2024-07-16T18:39:46.865+0000] {standard_task_runner.py:107} ERROR - Failed to execute job 4 for task category ((psycopg2.OperationalError) connection to server at "postgres_db" (172.31.0.4), port 9999 failed: FATAL:  database "DBStaging" does not exist

(Background on this error at: https://sqlalche.me/e/14/e3q8); 90)
[2024-07-16T18:39:46.883+0000] {local_task_job_runner.py:234} INFO - Task exited with return code 1
[2024-07-16T18:39:46.955+0000] {taskinstance.py:3312} INFO - 0 downstream tasks scheduled from follow-on schedule check
[2024-07-16T18:45:08.297+0000] {taskinstance.py:1979} INFO - Dependencies all met for dep_context=non-requeueable deps ti=<TaskInstance: sqltostaging.category scheduled__2024-07-15T00:00:00+00:00 [queued]>
[2024-07-16T18:45:08.355+0000] {taskinstance.py:1979} INFO - Dependencies all met for dep_context=requeueable deps ti=<TaskInstance: sqltostaging.category scheduled__2024-07-15T00:00:00+00:00 [queued]>
[2024-07-16T18:45:08.362+0000] {taskinstance.py:2193} INFO - Starting attempt 1 of 1
[2024-07-16T18:45:08.401+0000] {taskinstance.py:2217} INFO - Executing <Task(PythonOperator): category> on 2024-07-15 00:00:00+00:00
[2024-07-16T18:45:08.448+0000] {standard_task_runner.py:60} INFO - Started process 92 to run task
[2024-07-16T18:45:08.493+0000] {standard_task_runner.py:87} INFO - Running: ['***', 'tasks', 'run', 'sqltostaging', 'category', 'scheduled__2024-07-15T00:00:00+00:00', '--job-id', '10', '--raw', '--subdir', 'DAGS_FOLDER/dag.py', '--cfg-path', '/tmp/tmp32w2sx8s']
[2024-07-16T18:45:08.514+0000] {standard_task_runner.py:88} INFO - Job 10: Subtask category
[2024-07-16T18:45:08.739+0000] {task_command.py:423} INFO - Running <TaskInstance: sqltostaging.category scheduled__2024-07-15T00:00:00+00:00 [running]> on host 2e3dbb9eb862
[2024-07-16T18:45:12.312+0000] {taskinstance.py:2513} INFO - Exporting env vars: AIRFLOW_CTX_DAG_OWNER='***' AIRFLOW_CTX_DAG_ID='sqltostaging' AIRFLOW_CTX_TASK_ID='category' AIRFLOW_CTX_EXECUTION_DATE='2024-07-15T00:00:00+00:00' AIRFLOW_CTX_TRY_NUMBER='1' AIRFLOW_CTX_DAG_RUN_ID='scheduled__2024-07-15T00:00:00+00:00'
[2024-07-16T18:45:12.325+0000] {logging_mixin.py:188} INFO - -------------------------------------------- select *  from etlconf.Etl_Process_Mapping where SourceTableName = 'category' and Stage = 'sqltostaging'
[2024-07-16T18:45:12.492+0000] {logging_mixin.py:188} INFO - select *  from etlconf.Etl_Process_Mapping where SourceTableName = 'category' and Stage = 'sqltostaging'
[2024-07-16T18:45:12.710+0000] {logging_mixin.py:188} INFO -    id sourcetablename  ...         stage              last_run_date
0   2        category  ...  sqltostaging 2024-07-16 17:43:04.091411

[1 rows x 15 columns]
[2024-07-16T18:45:13.084+0000] {logging_mixin.py:188} INFO - update etlconf.Etl_Process_Mapping T set last_run_date = current_timestamp where destdbname='dbstaging' and destschema='dvdrental' and desttablename='category';
[2024-07-16T18:45:13.245+0000] {python.py:202} INFO - Done. Returned value was: None
[2024-07-16T18:45:13.293+0000] {taskinstance.py:1149} INFO - Marking task as SUCCESS. dag_id=sqltostaging, task_id=category, execution_date=20240715T000000, start_date=20240716T184508, end_date=20240716T184513
[2024-07-16T18:45:13.401+0000] {local_task_job_runner.py:234} INFO - Task exited with return code 0
[2024-07-16T18:45:13.501+0000] {taskinstance.py:3312} INFO - 0 downstream tasks scheduled from follow-on schedule check
[2024-07-16T18:51:27.242+0000] {taskinstance.py:1979} INFO - Dependencies all met for dep_context=non-requeueable deps ti=<TaskInstance: sqltostaging.category scheduled__2024-07-15T00:00:00+00:00 [queued]>
[2024-07-16T18:51:27.267+0000] {taskinstance.py:1979} INFO - Dependencies all met for dep_context=requeueable deps ti=<TaskInstance: sqltostaging.category scheduled__2024-07-15T00:00:00+00:00 [queued]>
[2024-07-16T18:51:27.268+0000] {taskinstance.py:2193} INFO - Starting attempt 1 of 1
[2024-07-16T18:51:27.335+0000] {taskinstance.py:2217} INFO - Executing <Task(PythonOperator): category> on 2024-07-15 00:00:00+00:00
[2024-07-16T18:51:27.354+0000] {standard_task_runner.py:60} INFO - Started process 151 to run task
[2024-07-16T18:51:27.363+0000] {standard_task_runner.py:87} INFO - Running: ['***', 'tasks', 'run', 'sqltostaging', 'category', 'scheduled__2024-07-15T00:00:00+00:00', '--job-id', '3', '--raw', '--subdir', 'DAGS_FOLDER/dag.py', '--cfg-path', '/tmp/tmp5ycsf8ov']
[2024-07-16T18:51:27.382+0000] {standard_task_runner.py:88} INFO - Job 3: Subtask category
[2024-07-16T18:51:27.473+0000] {task_command.py:423} INFO - Running <TaskInstance: sqltostaging.category scheduled__2024-07-15T00:00:00+00:00 [running]> on host 7844bece6866
[2024-07-16T18:51:28.447+0000] {taskinstance.py:2513} INFO - Exporting env vars: AIRFLOW_CTX_DAG_OWNER='***' AIRFLOW_CTX_DAG_ID='sqltostaging' AIRFLOW_CTX_TASK_ID='category' AIRFLOW_CTX_EXECUTION_DATE='2024-07-15T00:00:00+00:00' AIRFLOW_CTX_TRY_NUMBER='1' AIRFLOW_CTX_DAG_RUN_ID='scheduled__2024-07-15T00:00:00+00:00'
[2024-07-16T18:51:28.449+0000] {logging_mixin.py:188} INFO - -------------------------------------------- select *  from etlconf.Etl_Process_Mapping where SourceTableName = 'category' and Stage = 'sqltostaging'
[2024-07-16T18:51:28.537+0000] {logging_mixin.py:188} INFO - select *  from etlconf.Etl_Process_Mapping where SourceTableName = 'category' and Stage = 'sqltostaging'
[2024-07-16T18:51:28.722+0000] {logging_mixin.py:188} INFO -    id sourcetablename  ...         stage              last_run_date
0   2        category  ...  sqltostaging 2024-07-16 18:45:13.231747

[1 rows x 15 columns]
[2024-07-16T18:51:29.530+0000] {logging_mixin.py:188} INFO - update etlconf.Etl_Process_Mapping T set last_run_date = current_timestamp where destdbname='dbstaging' and destschema='dvdrental' and desttablename='category';
[2024-07-16T18:51:29.592+0000] {python.py:202} INFO - Done. Returned value was: None
[2024-07-16T18:51:29.607+0000] {taskinstance.py:1149} INFO - Marking task as SUCCESS. dag_id=sqltostaging, task_id=category, execution_date=20240715T000000, start_date=20240716T185127, end_date=20240716T185129
[2024-07-16T18:51:29.676+0000] {local_task_job_runner.py:234} INFO - Task exited with return code 0
[2024-07-16T18:51:29.712+0000] {taskinstance.py:3312} INFO - 0 downstream tasks scheduled from follow-on schedule check
[2024-07-16T18:53:08.913+0000] {taskinstance.py:1979} INFO - Dependencies all met for dep_context=non-requeueable deps ti=<TaskInstance: sqltostaging.category scheduled__2024-07-15T00:00:00+00:00 [queued]>
[2024-07-16T18:53:08.950+0000] {taskinstance.py:1979} INFO - Dependencies all met for dep_context=requeueable deps ti=<TaskInstance: sqltostaging.category scheduled__2024-07-15T00:00:00+00:00 [queued]>
[2024-07-16T18:53:08.963+0000] {taskinstance.py:2193} INFO - Starting attempt 1 of 1
[2024-07-16T18:53:09.004+0000] {taskinstance.py:2217} INFO - Executing <Task(PythonOperator): category> on 2024-07-15 00:00:00+00:00
[2024-07-16T18:53:09.023+0000] {standard_task_runner.py:60} INFO - Started process 88 to run task
[2024-07-16T18:53:09.064+0000] {standard_task_runner.py:87} INFO - Running: ['***', 'tasks', 'run', 'sqltostaging', 'category', 'scheduled__2024-07-15T00:00:00+00:00', '--job-id', '10', '--raw', '--subdir', 'DAGS_FOLDER/dag.py', '--cfg-path', '/tmp/tmptvc0u0rl']
[2024-07-16T18:53:09.071+0000] {standard_task_runner.py:88} INFO - Job 10: Subtask category
[2024-07-16T18:53:09.325+0000] {task_command.py:423} INFO - Running <TaskInstance: sqltostaging.category scheduled__2024-07-15T00:00:00+00:00 [running]> on host 6ef7a8da30c0
[2024-07-16T18:53:10.502+0000] {taskinstance.py:2513} INFO - Exporting env vars: AIRFLOW_CTX_DAG_OWNER='***' AIRFLOW_CTX_DAG_ID='sqltostaging' AIRFLOW_CTX_TASK_ID='category' AIRFLOW_CTX_EXECUTION_DATE='2024-07-15T00:00:00+00:00' AIRFLOW_CTX_TRY_NUMBER='1' AIRFLOW_CTX_DAG_RUN_ID='scheduled__2024-07-15T00:00:00+00:00'
[2024-07-16T18:53:10.542+0000] {logging_mixin.py:188} INFO - -------------------------------------------- select *  from etlconf.Etl_Process_Mapping where SourceTableName = 'category' and Stage = 'sqltostaging'
[2024-07-16T18:53:10.964+0000] {logging_mixin.py:188} INFO - select *  from etlconf.Etl_Process_Mapping where SourceTableName = 'category' and Stage = 'sqltostaging'
[2024-07-16T18:53:11.160+0000] {logging_mixin.py:188} INFO -    id sourcetablename  ...         stage              last_run_date
0   2        category  ...  sqltostaging 2024-07-16 18:51:29.578757

[1 rows x 15 columns]
[2024-07-16T18:53:11.812+0000] {logging_mixin.py:188} INFO - update etlconf.Etl_Process_Mapping T set last_run_date = current_timestamp where destdbname='dbstaging' and destschema='dvdrental' and desttablename='category';
[2024-07-16T18:53:11.854+0000] {python.py:202} INFO - Done. Returned value was: None
[2024-07-16T18:53:11.866+0000] {taskinstance.py:1149} INFO - Marking task as SUCCESS. dag_id=sqltostaging, task_id=category, execution_date=20240715T000000, start_date=20240716T185308, end_date=20240716T185311
[2024-07-16T18:53:11.956+0000] {local_task_job_runner.py:234} INFO - Task exited with return code 0
[2024-07-16T18:53:12.054+0000] {taskinstance.py:3312} INFO - 0 downstream tasks scheduled from follow-on schedule check
[2024-07-16T18:56:02.964+0000] {taskinstance.py:1979} INFO - Dependencies all met for dep_context=non-requeueable deps ti=<TaskInstance: sqltostaging.category scheduled__2024-07-15T00:00:00+00:00 [queued]>
[2024-07-16T18:56:02.974+0000] {taskinstance.py:1979} INFO - Dependencies all met for dep_context=requeueable deps ti=<TaskInstance: sqltostaging.category scheduled__2024-07-15T00:00:00+00:00 [queued]>
[2024-07-16T18:56:02.984+0000] {taskinstance.py:2193} INFO - Starting attempt 1 of 1
[2024-07-16T18:56:03.039+0000] {taskinstance.py:2217} INFO - Executing <Task(PythonOperator): category> on 2024-07-15 00:00:00+00:00
[2024-07-16T18:56:03.133+0000] {standard_task_runner.py:60} INFO - Started process 102 to run task
[2024-07-16T18:56:03.158+0000] {standard_task_runner.py:87} INFO - Running: ['***', 'tasks', 'run', 'sqltostaging', 'category', 'scheduled__2024-07-15T00:00:00+00:00', '--job-id', '16', '--raw', '--subdir', 'DAGS_FOLDER/dag.py', '--cfg-path', '/tmp/tmp7mi6y2oh']
[2024-07-16T18:56:03.204+0000] {standard_task_runner.py:88} INFO - Job 16: Subtask category
[2024-07-16T18:56:03.766+0000] {task_command.py:423} INFO - Running <TaskInstance: sqltostaging.category scheduled__2024-07-15T00:00:00+00:00 [running]> on host 1733eeb0def3
[2024-07-16T18:56:07.292+0000] {taskinstance.py:2513} INFO - Exporting env vars: AIRFLOW_CTX_DAG_OWNER='***' AIRFLOW_CTX_DAG_ID='sqltostaging' AIRFLOW_CTX_TASK_ID='category' AIRFLOW_CTX_EXECUTION_DATE='2024-07-15T00:00:00+00:00' AIRFLOW_CTX_TRY_NUMBER='1' AIRFLOW_CTX_DAG_RUN_ID='scheduled__2024-07-15T00:00:00+00:00'
[2024-07-16T18:56:07.331+0000] {logging_mixin.py:188} INFO - -------------------------------------------- select *  from etlconf.Etl_Process_Mapping where SourceTableName = 'category' and Stage = 'sqltostaging'
[2024-07-16T18:56:07.688+0000] {logging_mixin.py:188} INFO - select *  from etlconf.Etl_Process_Mapping where SourceTableName = 'category' and Stage = 'sqltostaging'
[2024-07-16T18:56:08.293+0000] {logging_mixin.py:188} INFO -    id sourcetablename  ...         stage              last_run_date
0   2        category  ...  sqltostaging 2024-07-16 18:53:11.843074

[1 rows x 15 columns]
[2024-07-16T18:56:09.444+0000] {logging_mixin.py:188} INFO - update etlconf.Etl_Process_Mapping T set last_run_date = current_timestamp where destdbname='dbstaging' and destschema='dvdrental' and desttablename='category';
[2024-07-16T18:56:09.567+0000] {python.py:202} INFO - Done. Returned value was: None
[2024-07-16T18:56:09.636+0000] {taskinstance.py:1149} INFO - Marking task as SUCCESS. dag_id=sqltostaging, task_id=category, execution_date=20240715T000000, start_date=20240716T185602, end_date=20240716T185609
[2024-07-16T18:56:09.894+0000] {local_task_job_runner.py:234} INFO - Task exited with return code 0
[2024-07-16T18:56:10.015+0000] {taskinstance.py:3312} INFO - 0 downstream tasks scheduled from follow-on schedule check
