[2024-07-23T17:12:33.367+0000] {taskinstance.py:1979} INFO - Dependencies all met for dep_context=non-requeueable deps ti=<TaskInstance: stagingtodv.country scheduled__2024-07-22T00:00:00+00:00 [queued]>
[2024-07-23T17:12:33.385+0000] {taskinstance.py:1979} INFO - Dependencies all met for dep_context=requeueable deps ti=<TaskInstance: stagingtodv.country scheduled__2024-07-22T00:00:00+00:00 [queued]>
[2024-07-23T17:12:33.398+0000] {taskinstance.py:2193} INFO - Starting attempt 1 of 1
[2024-07-23T17:12:33.458+0000] {taskinstance.py:2217} INFO - Executing <Task(PythonOperator): country> on 2024-07-22 00:00:00+00:00
[2024-07-23T17:12:33.468+0000] {standard_task_runner.py:60} INFO - Started process 88 to run task
[2024-07-23T17:12:33.473+0000] {standard_task_runner.py:87} INFO - Running: ['***', 'tasks', 'run', 'stagingtodv', 'country', 'scheduled__2024-07-22T00:00:00+00:00', '--job-id', '28', '--raw', '--subdir', 'DAGS_FOLDER/dag.py', '--cfg-path', '/tmp/tmpu706kktp']
[2024-07-23T17:12:33.496+0000] {standard_task_runner.py:88} INFO - Job 28: Subtask country
[2024-07-23T17:12:33.634+0000] {task_command.py:423} INFO - Running <TaskInstance: stagingtodv.country scheduled__2024-07-22T00:00:00+00:00 [running]> on host f59a56d3cdcb
[2024-07-23T17:12:33.726+0000] {taskinstance.py:2513} INFO - Exporting env vars: AIRFLOW_CTX_DAG_OWNER='***' AIRFLOW_CTX_DAG_ID='stagingtodv' AIRFLOW_CTX_TASK_ID='country' AIRFLOW_CTX_EXECUTION_DATE='2024-07-22T00:00:00+00:00' AIRFLOW_CTX_TRY_NUMBER='1' AIRFLOW_CTX_DAG_RUN_ID='scheduled__2024-07-22T00:00:00+00:00'
[2024-07-23T17:12:33.731+0000] {logging_mixin.py:188} INFO - -------------------------------------------- select *  from etlconf.Etl_Process_Mapping where SourceTableName = 'country' and Stage = 'stagingtodv'
[2024-07-23T17:12:35.054+0000] {logging_mixin.py:188} INFO - update etlconf.Etl_Process_Mapping T set last_run_date = current_timestamp where destdbname='dbdv' and destschema='dvdrental' and desttablename='country';
[2024-07-23T17:12:35.087+0000] {python.py:202} INFO - Done. Returned value was: None
[2024-07-23T17:12:35.097+0000] {taskinstance.py:1149} INFO - Marking task as SUCCESS. dag_id=stagingtodv, task_id=country, execution_date=20240722T000000, start_date=20240723T171233, end_date=20240723T171235
[2024-07-23T17:12:35.153+0000] {local_task_job_runner.py:234} INFO - Task exited with return code 0
[2024-07-23T17:12:35.201+0000] {taskinstance.py:3312} INFO - 0 downstream tasks scheduled from follow-on schedule check
[2024-07-23T17:54:16.355+0000] {taskinstance.py:1979} INFO - Dependencies all met for dep_context=non-requeueable deps ti=<TaskInstance: stagingtodv.country scheduled__2024-07-22T00:00:00+00:00 [queued]>
[2024-07-23T17:54:16.374+0000] {taskinstance.py:1979} INFO - Dependencies all met for dep_context=requeueable deps ti=<TaskInstance: stagingtodv.country scheduled__2024-07-22T00:00:00+00:00 [queued]>
[2024-07-23T17:54:16.376+0000] {taskinstance.py:2193} INFO - Starting attempt 1 of 1
[2024-07-23T17:54:16.405+0000] {taskinstance.py:2217} INFO - Executing <Task(PythonOperator): country> on 2024-07-22 00:00:00+00:00
[2024-07-23T17:54:16.433+0000] {standard_task_runner.py:87} INFO - Running: ['***', 'tasks', 'run', 'stagingtodv', 'country', 'scheduled__2024-07-22T00:00:00+00:00', '--job-id', '5', '--raw', '--subdir', 'DAGS_FOLDER/dag.py', '--cfg-path', '/tmp/tmp0rf12li5']
[2024-07-23T17:54:16.439+0000] {standard_task_runner.py:88} INFO - Job 5: Subtask country
[2024-07-23T17:54:16.426+0000] {standard_task_runner.py:60} INFO - Started process 87 to run task
[2024-07-23T17:54:16.578+0000] {task_command.py:423} INFO - Running <TaskInstance: stagingtodv.country scheduled__2024-07-22T00:00:00+00:00 [running]> on host 3c1c8f0ee07d
[2024-07-23T17:54:17.750+0000] {taskinstance.py:2513} INFO - Exporting env vars: AIRFLOW_CTX_DAG_OWNER='***' AIRFLOW_CTX_DAG_ID='stagingtodv' AIRFLOW_CTX_TASK_ID='country' AIRFLOW_CTX_EXECUTION_DATE='2024-07-22T00:00:00+00:00' AIRFLOW_CTX_TRY_NUMBER='1' AIRFLOW_CTX_DAG_RUN_ID='scheduled__2024-07-22T00:00:00+00:00'
[2024-07-23T17:54:17.753+0000] {logging_mixin.py:188} INFO - -------------------------------------------- select *  from etlconf.Etl_Process_Mapping where SourceTableName = 'country' and Stage = 'stagingtodv'
[2024-07-23T17:54:18.056+0000] {logging_mixin.py:188} INFO - update etlconf.Etl_Process_Mapping T set last_run_date = current_timestamp where destdbname='dbdv' and destschema='dvdrental' and desttablename='country';
[2024-07-23T17:54:18.081+0000] {python.py:202} INFO - Done. Returned value was: None
[2024-07-23T17:54:18.089+0000] {taskinstance.py:1149} INFO - Marking task as SUCCESS. dag_id=stagingtodv, task_id=country, execution_date=20240722T000000, start_date=20240723T175416, end_date=20240723T175418
[2024-07-23T17:54:18.122+0000] {local_task_job_runner.py:234} INFO - Task exited with return code 0
[2024-07-23T17:54:18.143+0000] {taskinstance.py:3312} INFO - 0 downstream tasks scheduled from follow-on schedule check
[2024-07-23T18:01:02.082+0000] {taskinstance.py:1979} INFO - Dependencies all met for dep_context=non-requeueable deps ti=<TaskInstance: stagingtodv.country scheduled__2024-07-22T00:00:00+00:00 [queued]>
[2024-07-23T18:01:02.096+0000] {taskinstance.py:1979} INFO - Dependencies all met for dep_context=requeueable deps ti=<TaskInstance: stagingtodv.country scheduled__2024-07-22T00:00:00+00:00 [queued]>
[2024-07-23T18:01:02.101+0000] {taskinstance.py:2193} INFO - Starting attempt 1 of 1
[2024-07-23T18:01:02.133+0000] {taskinstance.py:2217} INFO - Executing <Task(PythonOperator): country> on 2024-07-22 00:00:00+00:00
[2024-07-23T18:01:02.140+0000] {standard_task_runner.py:60} INFO - Started process 83 to run task
[2024-07-23T18:01:02.144+0000] {standard_task_runner.py:87} INFO - Running: ['***', 'tasks', 'run', 'stagingtodv', 'country', 'scheduled__2024-07-22T00:00:00+00:00', '--job-id', '3', '--raw', '--subdir', 'DAGS_FOLDER/dag.py', '--cfg-path', '/tmp/tmpt28zvuuu']
[2024-07-23T18:01:02.147+0000] {standard_task_runner.py:88} INFO - Job 3: Subtask country
[2024-07-23T18:01:02.281+0000] {task_command.py:423} INFO - Running <TaskInstance: stagingtodv.country scheduled__2024-07-22T00:00:00+00:00 [running]> on host 315a231b27e5
[2024-07-23T18:01:02.865+0000] {taskinstance.py:2513} INFO - Exporting env vars: AIRFLOW_CTX_DAG_OWNER='***' AIRFLOW_CTX_DAG_ID='stagingtodv' AIRFLOW_CTX_TASK_ID='country' AIRFLOW_CTX_EXECUTION_DATE='2024-07-22T00:00:00+00:00' AIRFLOW_CTX_TRY_NUMBER='1' AIRFLOW_CTX_DAG_RUN_ID='scheduled__2024-07-22T00:00:00+00:00'
[2024-07-23T18:01:02.873+0000] {logging_mixin.py:188} INFO - -------------------------------------------- select *  from etlconf.Etl_Process_Mapping where SourceTableName = 'country' and Stage = 'stagingtodv'
[2024-07-23T18:01:03.391+0000] {logging_mixin.py:188} INFO - update etlconf.Etl_Process_Mapping T set last_run_date = current_timestamp where destdbname='dbdv' and destschema='dvdrental' and desttablename='country';
[2024-07-23T18:01:03.445+0000] {python.py:202} INFO - Done. Returned value was: None
[2024-07-23T18:01:03.456+0000] {taskinstance.py:1149} INFO - Marking task as SUCCESS. dag_id=stagingtodv, task_id=country, execution_date=20240722T000000, start_date=20240723T180102, end_date=20240723T180103
[2024-07-23T18:01:03.505+0000] {local_task_job_runner.py:234} INFO - Task exited with return code 0
[2024-07-23T18:01:03.538+0000] {taskinstance.py:3312} INFO - 0 downstream tasks scheduled from follow-on schedule check
[2024-07-23T18:04:01.259+0000] {taskinstance.py:1979} INFO - Dependencies all met for dep_context=non-requeueable deps ti=<TaskInstance: stagingtodv.country scheduled__2024-07-22T00:00:00+00:00 [queued]>
[2024-07-23T18:04:01.283+0000] {taskinstance.py:1979} INFO - Dependencies all met for dep_context=requeueable deps ti=<TaskInstance: stagingtodv.country scheduled__2024-07-22T00:00:00+00:00 [queued]>
[2024-07-23T18:04:01.286+0000] {taskinstance.py:2193} INFO - Starting attempt 1 of 1
[2024-07-23T18:04:01.330+0000] {taskinstance.py:2217} INFO - Executing <Task(PythonOperator): country> on 2024-07-22 00:00:00+00:00
[2024-07-23T18:04:01.335+0000] {standard_task_runner.py:60} INFO - Started process 100 to run task
[2024-07-23T18:04:01.344+0000] {standard_task_runner.py:87} INFO - Running: ['***', 'tasks', 'run', 'stagingtodv', 'country', 'scheduled__2024-07-22T00:00:00+00:00', '--job-id', '15', '--raw', '--subdir', 'DAGS_FOLDER/dag.py', '--cfg-path', '/tmp/tmp4wedpr7l']
[2024-07-23T18:04:01.347+0000] {standard_task_runner.py:88} INFO - Job 15: Subtask country
[2024-07-23T18:04:01.489+0000] {task_command.py:423} INFO - Running <TaskInstance: stagingtodv.country scheduled__2024-07-22T00:00:00+00:00 [running]> on host e53715a5cddb
[2024-07-23T18:04:02.235+0000] {taskinstance.py:2513} INFO - Exporting env vars: AIRFLOW_CTX_DAG_OWNER='***' AIRFLOW_CTX_DAG_ID='stagingtodv' AIRFLOW_CTX_TASK_ID='country' AIRFLOW_CTX_EXECUTION_DATE='2024-07-22T00:00:00+00:00' AIRFLOW_CTX_TRY_NUMBER='1' AIRFLOW_CTX_DAG_RUN_ID='scheduled__2024-07-22T00:00:00+00:00'
[2024-07-23T18:04:02.240+0000] {logging_mixin.py:188} INFO - -------------------------------------------- select *  from etlconf.Etl_Process_Mapping where SourceTableName = 'country' and Stage = 'stagingtodv'
[2024-07-23T18:04:02.655+0000] {logging_mixin.py:188} INFO - update etlconf.Etl_Process_Mapping T set last_run_date = current_timestamp where destdbname='dbdv' and destschema='dvdrental' and desttablename='country';
[2024-07-23T18:04:02.677+0000] {python.py:202} INFO - Done. Returned value was: None
[2024-07-23T18:04:02.690+0000] {taskinstance.py:1149} INFO - Marking task as SUCCESS. dag_id=stagingtodv, task_id=country, execution_date=20240722T000000, start_date=20240723T180401, end_date=20240723T180402
[2024-07-23T18:04:02.725+0000] {local_task_job_runner.py:234} INFO - Task exited with return code 0
[2024-07-23T18:04:02.748+0000] {taskinstance.py:3312} INFO - 0 downstream tasks scheduled from follow-on schedule check
[2024-07-23T18:06:47.986+0000] {taskinstance.py:1979} INFO - Dependencies all met for dep_context=non-requeueable deps ti=<TaskInstance: stagingtodv.country scheduled__2024-07-22T00:00:00+00:00 [queued]>
[2024-07-23T18:06:47.995+0000] {taskinstance.py:1979} INFO - Dependencies all met for dep_context=requeueable deps ti=<TaskInstance: stagingtodv.country scheduled__2024-07-22T00:00:00+00:00 [queued]>
[2024-07-23T18:06:48.001+0000] {taskinstance.py:2193} INFO - Starting attempt 1 of 1
[2024-07-23T18:06:48.052+0000] {taskinstance.py:2217} INFO - Executing <Task(PythonOperator): country> on 2024-07-22 00:00:00+00:00
[2024-07-23T18:06:48.076+0000] {standard_task_runner.py:60} INFO - Started process 92 to run task
[2024-07-23T18:06:48.110+0000] {standard_task_runner.py:87} INFO - Running: ['***', 'tasks', 'run', 'stagingtodv', 'country', 'scheduled__2024-07-22T00:00:00+00:00', '--job-id', '9', '--raw', '--subdir', 'DAGS_FOLDER/dag.py', '--cfg-path', '/tmp/tmp0cn8iyn4']
[2024-07-23T18:06:48.126+0000] {standard_task_runner.py:88} INFO - Job 9: Subtask country
[2024-07-23T18:06:48.251+0000] {task_command.py:423} INFO - Running <TaskInstance: stagingtodv.country scheduled__2024-07-22T00:00:00+00:00 [running]> on host 4611c3991cbb
[2024-07-23T18:06:49.305+0000] {taskinstance.py:2513} INFO - Exporting env vars: AIRFLOW_CTX_DAG_OWNER='***' AIRFLOW_CTX_DAG_ID='stagingtodv' AIRFLOW_CTX_TASK_ID='country' AIRFLOW_CTX_EXECUTION_DATE='2024-07-22T00:00:00+00:00' AIRFLOW_CTX_TRY_NUMBER='1' AIRFLOW_CTX_DAG_RUN_ID='scheduled__2024-07-22T00:00:00+00:00'
[2024-07-23T18:06:49.308+0000] {logging_mixin.py:188} INFO - -------------------------------------------- select *  from etlconf.Etl_Process_Mapping where SourceTableName = 'country' and Stage = 'stagingtodv'
[2024-07-23T18:06:49.457+0000] {logging_mixin.py:188} INFO - update etlconf.Etl_Process_Mapping T set last_run_date = current_timestamp where destdbname='dbdv' and destschema='dvdrental' and desttablename='country';
[2024-07-23T18:06:49.471+0000] {python.py:202} INFO - Done. Returned value was: None
[2024-07-23T18:06:49.484+0000] {taskinstance.py:1149} INFO - Marking task as SUCCESS. dag_id=stagingtodv, task_id=country, execution_date=20240722T000000, start_date=20240723T180647, end_date=20240723T180649
[2024-07-23T18:06:49.566+0000] {local_task_job_runner.py:234} INFO - Task exited with return code 0
[2024-07-23T18:06:49.592+0000] {taskinstance.py:3312} INFO - 0 downstream tasks scheduled from follow-on schedule check
[2024-07-23T18:29:37.629+0000] {taskinstance.py:1979} INFO - Dependencies all met for dep_context=non-requeueable deps ti=<TaskInstance: stagingtodv.country scheduled__2024-07-22T00:00:00+00:00 [queued]>
[2024-07-23T18:29:37.639+0000] {taskinstance.py:1979} INFO - Dependencies all met for dep_context=requeueable deps ti=<TaskInstance: stagingtodv.country scheduled__2024-07-22T00:00:00+00:00 [queued]>
[2024-07-23T18:29:37.642+0000] {taskinstance.py:2193} INFO - Starting attempt 1 of 1
[2024-07-23T18:29:37.663+0000] {taskinstance.py:2217} INFO - Executing <Task(PythonOperator): country> on 2024-07-22 00:00:00+00:00
[2024-07-23T18:29:37.674+0000] {standard_task_runner.py:60} INFO - Started process 98 to run task
[2024-07-23T18:29:37.692+0000] {standard_task_runner.py:87} INFO - Running: ['***', 'tasks', 'run', 'stagingtodv', 'country', 'scheduled__2024-07-22T00:00:00+00:00', '--job-id', '12', '--raw', '--subdir', 'DAGS_FOLDER/dag.py', '--cfg-path', '/tmp/tmpbnfplo6o']
[2024-07-23T18:29:37.706+0000] {standard_task_runner.py:88} INFO - Job 12: Subtask country
[2024-07-23T18:29:37.808+0000] {task_command.py:423} INFO - Running <TaskInstance: stagingtodv.country scheduled__2024-07-22T00:00:00+00:00 [running]> on host c954f6e68ded
[2024-07-23T18:29:38.723+0000] {taskinstance.py:2513} INFO - Exporting env vars: AIRFLOW_CTX_DAG_OWNER='***' AIRFLOW_CTX_DAG_ID='stagingtodv' AIRFLOW_CTX_TASK_ID='country' AIRFLOW_CTX_EXECUTION_DATE='2024-07-22T00:00:00+00:00' AIRFLOW_CTX_TRY_NUMBER='1' AIRFLOW_CTX_DAG_RUN_ID='scheduled__2024-07-22T00:00:00+00:00'
[2024-07-23T18:29:38.725+0000] {logging_mixin.py:188} INFO - -------------------------------------------- select *  from etlconf.Etl_Process_Mapping where SourceTableName = 'country' and Stage = 'stagingtodv'
[2024-07-23T18:29:38.919+0000] {logging_mixin.py:188} INFO - update etlconf.Etl_Process_Mapping T set last_run_date = current_timestamp where destdbname='dbdv' and destschema='dvdrental' and desttablename='country';
[2024-07-23T18:29:38.938+0000] {python.py:202} INFO - Done. Returned value was: None
[2024-07-23T18:29:38.945+0000] {taskinstance.py:1149} INFO - Marking task as SUCCESS. dag_id=stagingtodv, task_id=country, execution_date=20240722T000000, start_date=20240723T182937, end_date=20240723T182938
[2024-07-23T18:29:39.001+0000] {local_task_job_runner.py:234} INFO - Task exited with return code 0
[2024-07-23T18:29:39.012+0000] {taskinstance.py:3312} INFO - 0 downstream tasks scheduled from follow-on schedule check
[2024-07-23T19:03:40.575+0000] {taskinstance.py:1979} INFO - Dependencies all met for dep_context=non-requeueable deps ti=<TaskInstance: stagingtodv.country scheduled__2024-07-22T00:00:00+00:00 [queued]>
[2024-07-23T19:03:40.593+0000] {taskinstance.py:1979} INFO - Dependencies all met for dep_context=requeueable deps ti=<TaskInstance: stagingtodv.country scheduled__2024-07-22T00:00:00+00:00 [queued]>
[2024-07-23T19:03:40.598+0000] {taskinstance.py:2193} INFO - Starting attempt 1 of 1
[2024-07-23T19:03:40.639+0000] {taskinstance.py:2217} INFO - Executing <Task(PythonOperator): country> on 2024-07-22 00:00:00+00:00
[2024-07-23T19:03:40.652+0000] {standard_task_runner.py:60} INFO - Started process 95 to run task
[2024-07-23T19:03:40.654+0000] {standard_task_runner.py:87} INFO - Running: ['***', 'tasks', 'run', 'stagingtodv', 'country', 'scheduled__2024-07-22T00:00:00+00:00', '--job-id', '17', '--raw', '--subdir', 'DAGS_FOLDER/dag.py', '--cfg-path', '/tmp/tmpmczf7x47']
[2024-07-23T19:03:40.662+0000] {standard_task_runner.py:88} INFO - Job 17: Subtask country
[2024-07-23T19:03:40.769+0000] {task_command.py:423} INFO - Running <TaskInstance: stagingtodv.country scheduled__2024-07-22T00:00:00+00:00 [running]> on host fc8d45b704f5
[2024-07-23T19:03:41.624+0000] {taskinstance.py:2513} INFO - Exporting env vars: AIRFLOW_CTX_DAG_OWNER='***' AIRFLOW_CTX_DAG_ID='stagingtodv' AIRFLOW_CTX_TASK_ID='country' AIRFLOW_CTX_EXECUTION_DATE='2024-07-22T00:00:00+00:00' AIRFLOW_CTX_TRY_NUMBER='1' AIRFLOW_CTX_DAG_RUN_ID='scheduled__2024-07-22T00:00:00+00:00'
[2024-07-23T19:03:41.630+0000] {logging_mixin.py:188} INFO - -------------------------------------------- select *  from etlconf.Etl_Process_Mapping where SourceTableName = 'country' and Stage = 'stagingtodv'
[2024-07-23T19:03:41.883+0000] {logging_mixin.py:188} INFO - update etlconf.Etl_Process_Mapping T set last_run_date = current_timestamp where destdbname='dbdv' and destschema='dvdrental' and desttablename='country';
[2024-07-23T19:03:41.899+0000] {python.py:202} INFO - Done. Returned value was: None
[2024-07-23T19:03:41.906+0000] {taskinstance.py:1149} INFO - Marking task as SUCCESS. dag_id=stagingtodv, task_id=country, execution_date=20240722T000000, start_date=20240723T190340, end_date=20240723T190341
[2024-07-23T19:03:41.960+0000] {local_task_job_runner.py:234} INFO - Task exited with return code 0
[2024-07-23T19:03:41.998+0000] {taskinstance.py:3312} INFO - 0 downstream tasks scheduled from follow-on schedule check
[2024-07-23T19:14:05.106+0000] {taskinstance.py:1979} INFO - Dependencies all met for dep_context=non-requeueable deps ti=<TaskInstance: stagingtodv.country scheduled__2024-07-22T00:00:00+00:00 [queued]>
[2024-07-23T19:14:05.126+0000] {taskinstance.py:1979} INFO - Dependencies all met for dep_context=requeueable deps ti=<TaskInstance: stagingtodv.country scheduled__2024-07-22T00:00:00+00:00 [queued]>
[2024-07-23T19:14:05.129+0000] {taskinstance.py:2193} INFO - Starting attempt 1 of 1
[2024-07-23T19:14:05.171+0000] {taskinstance.py:2217} INFO - Executing <Task(PythonOperator): country> on 2024-07-22 00:00:00+00:00
[2024-07-23T19:14:05.182+0000] {standard_task_runner.py:60} INFO - Started process 105 to run task
[2024-07-23T19:14:05.185+0000] {standard_task_runner.py:87} INFO - Running: ['***', 'tasks', 'run', 'stagingtodv', 'country', 'scheduled__2024-07-22T00:00:00+00:00', '--job-id', '10', '--raw', '--subdir', 'DAGS_FOLDER/dag.py', '--cfg-path', '/tmp/tmpvww6i813']
[2024-07-23T19:14:05.195+0000] {standard_task_runner.py:88} INFO - Job 10: Subtask country
[2024-07-23T19:14:05.328+0000] {task_command.py:423} INFO - Running <TaskInstance: stagingtodv.country scheduled__2024-07-22T00:00:00+00:00 [running]> on host 232d821b4a3b
[2024-07-23T19:14:06.476+0000] {taskinstance.py:2513} INFO - Exporting env vars: AIRFLOW_CTX_DAG_OWNER='***' AIRFLOW_CTX_DAG_ID='stagingtodv' AIRFLOW_CTX_TASK_ID='country' AIRFLOW_CTX_EXECUTION_DATE='2024-07-22T00:00:00+00:00' AIRFLOW_CTX_TRY_NUMBER='1' AIRFLOW_CTX_DAG_RUN_ID='scheduled__2024-07-22T00:00:00+00:00'
[2024-07-23T19:14:06.480+0000] {logging_mixin.py:188} INFO - -------------------------------------------- select *  from etlconf.Etl_Process_Mapping where SourceTableName = 'country' and Stage = 'stagingtodv'
[2024-07-23T19:14:06.768+0000] {logging_mixin.py:188} INFO - update etlconf.Etl_Process_Mapping T set last_run_date = current_timestamp where destdbname='dbdv' and destschema='dvdrental' and desttablename='country';
[2024-07-23T19:14:06.792+0000] {python.py:202} INFO - Done. Returned value was: None
[2024-07-23T19:14:06.807+0000] {taskinstance.py:1149} INFO - Marking task as SUCCESS. dag_id=stagingtodv, task_id=country, execution_date=20240722T000000, start_date=20240723T191405, end_date=20240723T191406
[2024-07-23T19:14:06.839+0000] {local_task_job_runner.py:234} INFO - Task exited with return code 0
[2024-07-23T19:14:06.859+0000] {taskinstance.py:3312} INFO - 0 downstream tasks scheduled from follow-on schedule check
[2024-07-23T19:16:53.817+0000] {taskinstance.py:1979} INFO - Dependencies all met for dep_context=non-requeueable deps ti=<TaskInstance: stagingtodv.country scheduled__2024-07-22T00:00:00+00:00 [queued]>
[2024-07-23T19:16:53.825+0000] {taskinstance.py:1979} INFO - Dependencies all met for dep_context=requeueable deps ti=<TaskInstance: stagingtodv.country scheduled__2024-07-22T00:00:00+00:00 [queued]>
[2024-07-23T19:16:53.827+0000] {taskinstance.py:2193} INFO - Starting attempt 1 of 1
[2024-07-23T19:16:53.865+0000] {taskinstance.py:2217} INFO - Executing <Task(PythonOperator): country> on 2024-07-22 00:00:00+00:00
[2024-07-23T19:16:53.914+0000] {standard_task_runner.py:60} INFO - Started process 105 to run task
[2024-07-23T19:16:53.929+0000] {standard_task_runner.py:87} INFO - Running: ['***', 'tasks', 'run', 'stagingtodv', 'country', 'scheduled__2024-07-22T00:00:00+00:00', '--job-id', '12', '--raw', '--subdir', 'DAGS_FOLDER/dag.py', '--cfg-path', '/tmp/tmpgg0piqjo']
[2024-07-23T19:16:53.939+0000] {standard_task_runner.py:88} INFO - Job 12: Subtask country
[2024-07-23T19:16:54.112+0000] {task_command.py:423} INFO - Running <TaskInstance: stagingtodv.country scheduled__2024-07-22T00:00:00+00:00 [running]> on host edd08a02182b
[2024-07-23T19:16:55.011+0000] {taskinstance.py:2513} INFO - Exporting env vars: AIRFLOW_CTX_DAG_OWNER='***' AIRFLOW_CTX_DAG_ID='stagingtodv' AIRFLOW_CTX_TASK_ID='country' AIRFLOW_CTX_EXECUTION_DATE='2024-07-22T00:00:00+00:00' AIRFLOW_CTX_TRY_NUMBER='1' AIRFLOW_CTX_DAG_RUN_ID='scheduled__2024-07-22T00:00:00+00:00'
[2024-07-23T19:16:55.031+0000] {logging_mixin.py:188} INFO - -------------------------------------------- select *  from etlconf.Etl_Process_Mapping where SourceTableName = 'country' and Stage = 'stagingtodv'
[2024-07-23T19:16:55.584+0000] {logging_mixin.py:188} INFO - update etlconf.Etl_Process_Mapping T set last_run_date = current_timestamp where destdbname='dbdv' and destschema='dvdrental' and desttablename='country';
[2024-07-23T19:16:55.606+0000] {python.py:202} INFO - Done. Returned value was: None
[2024-07-23T19:16:55.613+0000] {taskinstance.py:1149} INFO - Marking task as SUCCESS. dag_id=stagingtodv, task_id=country, execution_date=20240722T000000, start_date=20240723T191653, end_date=20240723T191655
[2024-07-23T19:16:55.655+0000] {local_task_job_runner.py:234} INFO - Task exited with return code 0
[2024-07-23T19:16:55.672+0000] {taskinstance.py:3312} INFO - 0 downstream tasks scheduled from follow-on schedule check
[2024-07-23T19:24:54.803+0000] {taskinstance.py:1979} INFO - Dependencies all met for dep_context=non-requeueable deps ti=<TaskInstance: stagingtodv.country scheduled__2024-07-22T00:00:00+00:00 [queued]>
[2024-07-23T19:24:54.816+0000] {taskinstance.py:1979} INFO - Dependencies all met for dep_context=requeueable deps ti=<TaskInstance: stagingtodv.country scheduled__2024-07-22T00:00:00+00:00 [queued]>
[2024-07-23T19:24:54.821+0000] {taskinstance.py:2193} INFO - Starting attempt 1 of 1
[2024-07-23T19:24:54.879+0000] {taskinstance.py:2217} INFO - Executing <Task(PythonOperator): country> on 2024-07-22 00:00:00+00:00
[2024-07-23T19:24:54.905+0000] {standard_task_runner.py:60} INFO - Started process 96 to run task
[2024-07-23T19:24:54.924+0000] {standard_task_runner.py:87} INFO - Running: ['***', 'tasks', 'run', 'stagingtodv', 'country', 'scheduled__2024-07-22T00:00:00+00:00', '--job-id', '7', '--raw', '--subdir', 'DAGS_FOLDER/dag.py', '--cfg-path', '/tmp/tmp6iiqev7a']
[2024-07-23T19:24:54.947+0000] {standard_task_runner.py:88} INFO - Job 7: Subtask country
[2024-07-23T19:24:55.167+0000] {task_command.py:423} INFO - Running <TaskInstance: stagingtodv.country scheduled__2024-07-22T00:00:00+00:00 [running]> on host b19a9c320dfd
[2024-07-23T19:24:56.415+0000] {taskinstance.py:2513} INFO - Exporting env vars: AIRFLOW_CTX_DAG_OWNER='***' AIRFLOW_CTX_DAG_ID='stagingtodv' AIRFLOW_CTX_TASK_ID='country' AIRFLOW_CTX_EXECUTION_DATE='2024-07-22T00:00:00+00:00' AIRFLOW_CTX_TRY_NUMBER='1' AIRFLOW_CTX_DAG_RUN_ID='scheduled__2024-07-22T00:00:00+00:00'
[2024-07-23T19:24:56.418+0000] {logging_mixin.py:188} INFO - -------------------------------------------- select *  from etlconf.Etl_Process_Mapping where SourceTableName = 'country' and Stage = 'stagingtodv'
[2024-07-23T19:24:56.660+0000] {logging_mixin.py:188} INFO - update etlconf.Etl_Process_Mapping T set last_run_date = current_timestamp where destdbname='dbdv' and destschema='dvdrental' and desttablename='country';
[2024-07-23T19:24:56.689+0000] {python.py:202} INFO - Done. Returned value was: None
[2024-07-23T19:24:56.699+0000] {taskinstance.py:1149} INFO - Marking task as SUCCESS. dag_id=stagingtodv, task_id=country, execution_date=20240722T000000, start_date=20240723T192454, end_date=20240723T192456
[2024-07-23T19:24:56.726+0000] {local_task_job_runner.py:234} INFO - Task exited with return code 0
[2024-07-23T19:24:56.745+0000] {taskinstance.py:3312} INFO - 0 downstream tasks scheduled from follow-on schedule check
