[2024-07-08T18:13:43.701+0000] {taskinstance.py:1979} INFO - Dependencies all met for dep_context=non-requeueable deps ti=<TaskInstance: SqlToStaging.country scheduled__2024-07-03T00:00:00+00:00 [queued]>
[2024-07-08T18:13:43.721+0000] {taskinstance.py:1979} INFO - Dependencies all met for dep_context=requeueable deps ti=<TaskInstance: SqlToStaging.country scheduled__2024-07-03T00:00:00+00:00 [queued]>
[2024-07-08T18:13:43.741+0000] {taskinstance.py:2193} INFO - Starting attempt 1 of 1
[2024-07-08T18:13:43.808+0000] {taskinstance.py:2217} INFO - Executing <Task(PythonOperator): country> on 2024-07-03 00:00:00+00:00
[2024-07-08T18:13:43.823+0000] {standard_task_runner.py:60} INFO - Started process 95 to run task
[2024-07-08T18:13:43.836+0000] {standard_task_runner.py:87} INFO - Running: ['***', 'tasks', 'run', 'SqlToStaging', 'country', 'scheduled__2024-07-03T00:00:00+00:00', '--job-id', '32', '--raw', '--subdir', 'DAGS_FOLDER/dag.py', '--cfg-path', '/tmp/tmp80eto3h4']
[2024-07-08T18:13:43.864+0000] {standard_task_runner.py:88} INFO - Job 32: Subtask country
[2024-07-08T18:13:43.977+0000] {task_command.py:423} INFO - Running <TaskInstance: SqlToStaging.country scheduled__2024-07-03T00:00:00+00:00 [running]> on host 091922596b62
[2024-07-08T18:13:44.214+0000] {taskinstance.py:2513} INFO - Exporting env vars: AIRFLOW_CTX_DAG_OWNER='***' AIRFLOW_CTX_DAG_ID='SqlToStaging' AIRFLOW_CTX_TASK_ID='country' AIRFLOW_CTX_EXECUTION_DATE='2024-07-03T00:00:00+00:00' AIRFLOW_CTX_TRY_NUMBER='1' AIRFLOW_CTX_DAG_RUN_ID='scheduled__2024-07-03T00:00:00+00:00'
[2024-07-08T18:13:44.224+0000] {logging_mixin.py:188} INFO - dvtobv :dag_id
[2024-07-08T18:13:44.226+0000] {logging_mixin.py:188} INFO - table: country
[2024-07-08T18:13:44.228+0000] {logging_mixin.py:188} INFO - 
 stage: SqlToStaging 
 table:country
[2024-07-08T18:13:44.233+0000] {logging_mixin.py:188} INFO - select *  from etlconf.Etl_Process_Mapping where SourceTableName = 'country' and Stage = 'SqlToStaging'
[2024-07-08T18:13:44.431+0000] {logging_mixin.py:188} INFO - 0    dvdrental
Name: sourcedbname, dtype: object 0    country
Name: sourcetablename, dtype: object 0    public
Name: sourceschema, dtype: object
[2024-07-08T18:13:44.503+0000] {taskinstance.py:2731} ERROR - Task failed with exception
Traceback (most recent call last):
  File "/home/airflow/.local/lib/python3.8/site-packages/airflow/models/taskinstance.py", line 444, in _execute_task
    result = _execute_callable(context=context, **execute_callable_kwargs)
  File "/home/airflow/.local/lib/python3.8/site-packages/airflow/models/taskinstance.py", line 414, in _execute_callable
    return execute_callable(context=context, **execute_callable_kwargs)
  File "/home/airflow/.local/lib/python3.8/site-packages/airflow/operators/python.py", line 200, in execute
    return_value = self.execute_callable()
  File "/home/airflow/.local/lib/python3.8/site-packages/airflow/operators/python.py", line 217, in execute_callable
    return self.python_callable(*self.op_args, **self.op_kwargs)
  File "/opt/airflow/dags/dag.py", line 22, in process_table
    return  execute(table, stage)
  File "/app/main.py", line 25, in execute
    SqlToStaging().create_full().some_function(table, stage)
  File "/app/concretestage/SQLToStaging.py", line 34, in some_function
    sourceDF = getDF(df['sourcedbname'], df['sourcetablename'], df['sourceschema'])
  File "/app/myFramework/utils/utils.py", line 22, in getDF
    cur = conn.getCursor(source_dbname)
  File "/app/myFramework/source/posgresql/connect.py", line 6, in getCursor
    conn = psycopg2.connect(database = dbname,
  File "/home/airflow/.local/lib/python3.8/site-packages/psycopg2/__init__.py", line 122, in connect
    conn = _connect(dsn, connection_factory=connection_factory, **kwasync)
psycopg2.OperationalError: connection to server at "postgres_db" (192.168.0.3), port 9999 failed: FATAL:  database "0    dvdrental
Name: sourcedbname, dtype: object" does not exist

[2024-07-08T18:13:45.559+0000] {taskinstance.py:1149} INFO - Marking task as FAILED. dag_id=SqlToStaging, task_id=country, execution_date=20240703T000000, start_date=20240708T181343, end_date=20240708T181345
[2024-07-08T18:13:45.813+0000] {standard_task_runner.py:107} ERROR - Failed to execute job 32 for task country (connection to server at "postgres_db" (192.168.0.3), port 9999 failed: FATAL:  database "0    dvdrental
Name: sourcedbname, dtype: object" does not exist
; 95)
[2024-07-08T18:13:45.859+0000] {local_task_job_runner.py:234} INFO - Task exited with return code 1
[2024-07-08T18:13:45.997+0000] {taskinstance.py:3312} INFO - 0 downstream tasks scheduled from follow-on schedule check
