[2024-07-22T20:19:38.452+0000] {taskinstance.py:1979} INFO - Dependencies all met for dep_context=non-requeueable deps ti=<TaskInstance: stagingtodv.city manual__2024-07-22T20:19:35.757016+00:00 [queued]>
[2024-07-22T20:19:38.465+0000] {taskinstance.py:1979} INFO - Dependencies all met for dep_context=requeueable deps ti=<TaskInstance: stagingtodv.city manual__2024-07-22T20:19:35.757016+00:00 [queued]>
[2024-07-22T20:19:38.468+0000] {taskinstance.py:2193} INFO - Starting attempt 1 of 1
[2024-07-22T20:19:38.500+0000] {taskinstance.py:2217} INFO - Executing <Task(PythonOperator): city> on 2024-07-22 20:19:35.757016+00:00
[2024-07-22T20:19:38.534+0000] {standard_task_runner.py:60} INFO - Started process 185 to run task
[2024-07-22T20:19:38.566+0000] {standard_task_runner.py:87} INFO - Running: ['***', 'tasks', 'run', 'stagingtodv', 'city', 'manual__2024-07-22T20:19:35.757016+00:00', '--job-id', '25', '--raw', '--subdir', 'DAGS_FOLDER/dag.py', '--cfg-path', '/tmp/tmpsmk9lfaj']
[2024-07-22T20:19:38.606+0000] {standard_task_runner.py:88} INFO - Job 25: Subtask city
[2024-07-22T20:19:38.775+0000] {task_command.py:423} INFO - Running <TaskInstance: stagingtodv.city manual__2024-07-22T20:19:35.757016+00:00 [running]> on host 78ac63ab6c84
[2024-07-22T20:19:38.954+0000] {taskinstance.py:2513} INFO - Exporting env vars: AIRFLOW_CTX_DAG_OWNER='***' AIRFLOW_CTX_DAG_ID='stagingtodv' AIRFLOW_CTX_TASK_ID='city' AIRFLOW_CTX_EXECUTION_DATE='2024-07-22T20:19:35.757016+00:00' AIRFLOW_CTX_TRY_NUMBER='1' AIRFLOW_CTX_DAG_RUN_ID='manual__2024-07-22T20:19:35.757016+00:00'
[2024-07-22T20:19:38.962+0000] {logging_mixin.py:188} INFO - -------------------------------------------- select *  from etlconf.Etl_Process_Mapping where SourceTableName = 'city' and Stage = 'stagingtodv'
[2024-07-22T20:19:39.957+0000] {logging_mixin.py:188} INFO - DFFFFFFFFFDFFFFFFFFF        0                   1    2                   3
0      1  A Corua (La Corua)   87 2006-02-15 09:45:25
1      2                Abha   82 2006-02-15 09:45:25
2      3           Abu Dhabi  101 2006-02-15 09:45:25
3      4                Acua   60 2006-02-15 09:45:25
4      5               Adana   97 2006-02-15 09:45:25
..   ...                 ...  ...                 ...
595  596               Zaria   69 2006-02-15 09:45:25
596  597        Zeleznogorsk   80 2006-02-15 09:45:25
597  598         Zhezqazghan   51 2006-02-15 09:45:25
598  599            Zhoushan   23 2006-02-15 09:45:25
599  600          Ziguinchor   83 2006-02-15 09:45:25

[600 rows x 4 columns]
[2024-07-22T20:19:40.155+0000] {logging_mixin.py:188} INFO - update etlconf.Etl_Process_Mapping T set last_run_date = current_timestamp where destdbname='dbdv' and destschema='dvdrental' and desttablename='city';
[2024-07-22T20:19:40.171+0000] {python.py:202} INFO - Done. Returned value was: None
[2024-07-22T20:19:40.177+0000] {taskinstance.py:1149} INFO - Marking task as SUCCESS. dag_id=stagingtodv, task_id=city, execution_date=20240722T201935, start_date=20240722T201938, end_date=20240722T201940
[2024-07-22T20:19:40.228+0000] {local_task_job_runner.py:234} INFO - Task exited with return code 0
[2024-07-22T20:19:40.242+0000] {taskinstance.py:3312} INFO - 0 downstream tasks scheduled from follow-on schedule check
