[2024-07-10T19:49:08.714+0000] {taskinstance.py:1979} INFO - Dependencies all met for dep_context=non-requeueable deps ti=<TaskInstance: sqltostaging.customer manual__2024-07-10T19:49:06.063684+00:00 [queued]>
[2024-07-10T19:49:08.734+0000] {taskinstance.py:1979} INFO - Dependencies all met for dep_context=requeueable deps ti=<TaskInstance: sqltostaging.customer manual__2024-07-10T19:49:06.063684+00:00 [queued]>
[2024-07-10T19:49:08.744+0000] {taskinstance.py:2193} INFO - Starting attempt 1 of 1
[2024-07-10T19:49:08.777+0000] {taskinstance.py:2217} INFO - Executing <Task(PythonOperator): customer> on 2024-07-10 19:49:06.063684+00:00
[2024-07-10T19:49:08.810+0000] {standard_task_runner.py:60} INFO - Started process 218 to run task
[2024-07-10T19:49:08.825+0000] {standard_task_runner.py:87} INFO - Running: ['***', 'tasks', 'run', 'sqltostaging', 'customer', 'manual__2024-07-10T19:49:06.063684+00:00', '--job-id', '25', '--raw', '--subdir', 'DAGS_FOLDER/dag.py', '--cfg-path', '/tmp/tmp13fw9mgn']
[2024-07-10T19:49:08.840+0000] {standard_task_runner.py:88} INFO - Job 25: Subtask customer
[2024-07-10T19:49:08.963+0000] {task_command.py:423} INFO - Running <TaskInstance: sqltostaging.customer manual__2024-07-10T19:49:06.063684+00:00 [running]> on host a383c1e8c871
[2024-07-10T19:49:09.979+0000] {taskinstance.py:2513} INFO - Exporting env vars: AIRFLOW_CTX_DAG_OWNER='***' AIRFLOW_CTX_DAG_ID='sqltostaging' AIRFLOW_CTX_TASK_ID='customer' AIRFLOW_CTX_EXECUTION_DATE='2024-07-10T19:49:06.063684+00:00' AIRFLOW_CTX_TRY_NUMBER='1' AIRFLOW_CTX_DAG_RUN_ID='manual__2024-07-10T19:49:06.063684+00:00'
[2024-07-10T19:49:09.987+0000] {logging_mixin.py:188} INFO - select *  from etlconf.Etl_Process_Mapping where SourceTableName = 'customer' and Stage = 'sqltostaging'
[2024-07-10T19:49:10.066+0000] {logging_mixin.py:188} INFO -    0         1          2       3   ...    11    12            13    14
0  15  customer  dvdrental  public  ...  None  None  sqltostaging  None

[1 rows x 15 columns]
[2024-07-10T19:49:10.074+0000] {logging_mixin.py:188} INFO - incremental
[2024-07-10T19:49:10.075+0000] {logging_mixin.py:188} INFO - dvtobv :dag_id
[2024-07-10T19:49:10.075+0000] {logging_mixin.py:188} INFO - table: customer
[2024-07-10T19:49:10.076+0000] {logging_mixin.py:188} INFO - 
 stage: sqltostaging 
 table:customer
[2024-07-10T19:49:10.076+0000] {python.py:202} INFO - Done. Returned value was: None
[2024-07-10T19:49:10.089+0000] {taskinstance.py:1149} INFO - Marking task as SUCCESS. dag_id=sqltostaging, task_id=customer, execution_date=20240710T194906, start_date=20240710T194908, end_date=20240710T194910
[2024-07-10T19:49:10.147+0000] {local_task_job_runner.py:234} INFO - Task exited with return code 0
[2024-07-10T19:49:10.178+0000] {taskinstance.py:3312} INFO - 0 downstream tasks scheduled from follow-on schedule check
