[2024-07-02T18:42:24.370+0000] {taskinstance.py:1979} INFO - Dependencies all met for dep_context=non-requeueable deps ti=<TaskInstance: sqltostaging.film_actor scheduled__2024-07-01T00:00:00+00:00 [queued]>
[2024-07-02T18:42:24.392+0000] {taskinstance.py:1979} INFO - Dependencies all met for dep_context=requeueable deps ti=<TaskInstance: sqltostaging.film_actor scheduled__2024-07-01T00:00:00+00:00 [queued]>
[2024-07-02T18:42:24.394+0000] {taskinstance.py:2193} INFO - Starting attempt 1 of 1
[2024-07-02T18:42:24.430+0000] {taskinstance.py:2217} INFO - Executing <Task(PythonOperator): film_actor> on 2024-07-01 00:00:00+00:00
[2024-07-02T18:42:24.462+0000] {standard_task_runner.py:60} INFO - Started process 96 to run task
[2024-07-02T18:42:24.515+0000] {standard_task_runner.py:87} INFO - Running: ['***', 'tasks', 'run', 'sqltostaging', 'film_actor', 'scheduled__2024-07-01T00:00:00+00:00', '--job-id', '7', '--raw', '--subdir', 'DAGS_FOLDER/dag.py', '--cfg-path', '/tmp/tmpgpe07h3r']
[2024-07-02T18:42:24.534+0000] {standard_task_runner.py:88} INFO - Job 7: Subtask film_actor
[2024-07-02T18:42:24.684+0000] {task_command.py:423} INFO - Running <TaskInstance: sqltostaging.film_actor scheduled__2024-07-01T00:00:00+00:00 [running]> on host 5b7251376729
[2024-07-02T18:42:24.982+0000] {taskinstance.py:2513} INFO - Exporting env vars: AIRFLOW_CTX_DAG_OWNER='***' AIRFLOW_CTX_DAG_ID='sqltostaging' AIRFLOW_CTX_TASK_ID='film_actor' AIRFLOW_CTX_EXECUTION_DATE='2024-07-01T00:00:00+00:00' AIRFLOW_CTX_TRY_NUMBER='1' AIRFLOW_CTX_DAG_RUN_ID='scheduled__2024-07-01T00:00:00+00:00'
[2024-07-02T18:42:24.986+0000] {taskinstance.py:2731} ERROR - Task failed with exception
Traceback (most recent call last):
  File "/home/airflow/.local/lib/python3.8/site-packages/airflow/models/taskinstance.py", line 444, in _execute_task
    result = _execute_callable(context=context, **execute_callable_kwargs)
  File "/home/airflow/.local/lib/python3.8/site-packages/airflow/models/taskinstance.py", line 414, in _execute_callable
    return execute_callable(context=context, **execute_callable_kwargs)
  File "/home/airflow/.local/lib/python3.8/site-packages/airflow/operators/python.py", line 200, in execute
    return_value = self.execute_callable()
  File "/home/airflow/.local/lib/python3.8/site-packages/airflow/operators/python.py", line 217, in execute_callable
    return self.python_callable(*self.op_args, **self.op_kwargs)
TypeError: process_table() missing 1 required positional argument: 'table_type'
[2024-07-02T18:42:25.895+0000] {taskinstance.py:1149} INFO - Marking task as FAILED. dag_id=sqltostaging, task_id=film_actor, execution_date=20240701T000000, start_date=20240702T184224, end_date=20240702T184225
[2024-07-02T18:42:25.950+0000] {standard_task_runner.py:107} ERROR - Failed to execute job 7 for task film_actor (process_table() missing 1 required positional argument: 'table_type'; 96)
[2024-07-02T18:42:25.999+0000] {local_task_job_runner.py:234} INFO - Task exited with return code 1
[2024-07-02T18:42:26.126+0000] {taskinstance.py:3312} INFO - 0 downstream tasks scheduled from follow-on schedule check
[2024-07-02T18:50:28.356+0000] {taskinstance.py:1979} INFO - Dependencies all met for dep_context=non-requeueable deps ti=<TaskInstance: sqltostaging.film_actor scheduled__2024-07-01T00:00:00+00:00 [queued]>
[2024-07-02T18:50:28.378+0000] {taskinstance.py:1979} INFO - Dependencies all met for dep_context=requeueable deps ti=<TaskInstance: sqltostaging.film_actor scheduled__2024-07-01T00:00:00+00:00 [queued]>
[2024-07-02T18:50:28.389+0000] {taskinstance.py:2193} INFO - Starting attempt 1 of 1
[2024-07-02T18:50:28.446+0000] {taskinstance.py:2217} INFO - Executing <Task(PythonOperator): film_actor> on 2024-07-01 00:00:00+00:00
[2024-07-02T18:50:28.457+0000] {standard_task_runner.py:60} INFO - Started process 94 to run task
[2024-07-02T18:50:28.466+0000] {standard_task_runner.py:87} INFO - Running: ['***', 'tasks', 'run', 'sqltostaging', 'film_actor', 'scheduled__2024-07-01T00:00:00+00:00', '--job-id', '8', '--raw', '--subdir', 'DAGS_FOLDER/dag.py', '--cfg-path', '/tmp/tmpl54z4tm0']
[2024-07-02T18:50:28.472+0000] {standard_task_runner.py:88} INFO - Job 8: Subtask film_actor
[2024-07-02T18:50:28.642+0000] {task_command.py:423} INFO - Running <TaskInstance: sqltostaging.film_actor scheduled__2024-07-01T00:00:00+00:00 [running]> on host e236fd1115af
[2024-07-02T18:50:29.728+0000] {taskinstance.py:2513} INFO - Exporting env vars: AIRFLOW_CTX_DAG_OWNER='***' AIRFLOW_CTX_DAG_ID='sqltostaging' AIRFLOW_CTX_TASK_ID='film_actor' AIRFLOW_CTX_EXECUTION_DATE='2024-07-01T00:00:00+00:00' AIRFLOW_CTX_TRY_NUMBER='1' AIRFLOW_CTX_DAG_RUN_ID='scheduled__2024-07-01T00:00:00+00:00'
[2024-07-02T18:50:29.733+0000] {logging_mixin.py:188} INFO - dvtobv :dag_id
[2024-07-02T18:50:29.735+0000] {logging_mixin.py:188} INFO - table: film_actor
[2024-07-02T18:50:29.752+0000] {logging_mixin.py:188} INFO - 
 stage: sqltostaging 
 type: FULL 
 schema: public 
 table:film_actor
[2024-07-02T18:50:29.765+0000] {taskinstance.py:2731} ERROR - Task failed with exception
Traceback (most recent call last):
  File "/home/airflow/.local/lib/python3.8/site-packages/airflow/models/taskinstance.py", line 444, in _execute_task
    result = _execute_callable(context=context, **execute_callable_kwargs)
  File "/home/airflow/.local/lib/python3.8/site-packages/airflow/models/taskinstance.py", line 414, in _execute_callable
    return execute_callable(context=context, **execute_callable_kwargs)
  File "/home/airflow/.local/lib/python3.8/site-packages/airflow/operators/python.py", line 200, in execute
    return_value = self.execute_callable()
  File "/home/airflow/.local/lib/python3.8/site-packages/airflow/operators/python.py", line 217, in execute_callable
    return self.python_callable(*self.op_args, **self.op_kwargs)
  File "/opt/airflow/dags/dag.py", line 22, in process_table
    return  execute(table, stage, "FULL","public")
  File "/app/main.py", line 25, in execute
    SqlToStaging().create_full().some_function(stage, type, schema, table)
  File "/app/concretestage/SQLToStaging.py", line 25, in some_function
    sourceDF = getDF(yaml.getSourceDBName(), yaml.getTSourceTableName(),yaml.getSourceSchema())
  File "/app/myFramework/utils/readYaml.py", line 25, in getSourceDBName
    return self.getYaml()['SourceDBName']
  File "/app/myFramework/utils/readYaml.py", line 18, in getYaml
    return yaml_data[self.key]
KeyError: 'public.film_actor'
[2024-07-02T18:50:29.778+0000] {taskinstance.py:1149} INFO - Marking task as FAILED. dag_id=sqltostaging, task_id=film_actor, execution_date=20240701T000000, start_date=20240702T185028, end_date=20240702T185029
[2024-07-02T18:50:29.802+0000] {standard_task_runner.py:107} ERROR - Failed to execute job 8 for task film_actor ('public.film_actor'; 94)
[2024-07-02T18:50:29.833+0000] {local_task_job_runner.py:234} INFO - Task exited with return code 1
[2024-07-02T18:50:29.853+0000] {taskinstance.py:3312} INFO - 0 downstream tasks scheduled from follow-on schedule check
[2024-07-02T20:20:13.182+0000] {taskinstance.py:1979} INFO - Dependencies all met for dep_context=non-requeueable deps ti=<TaskInstance: sqltostaging.film_actor scheduled__2024-07-01T00:00:00+00:00 [queued]>
[2024-07-02T20:20:13.199+0000] {taskinstance.py:1979} INFO - Dependencies all met for dep_context=requeueable deps ti=<TaskInstance: sqltostaging.film_actor scheduled__2024-07-01T00:00:00+00:00 [queued]>
[2024-07-02T20:20:13.212+0000] {taskinstance.py:2193} INFO - Starting attempt 1 of 1
[2024-07-02T20:20:13.285+0000] {taskinstance.py:2217} INFO - Executing <Task(PythonOperator): film_actor> on 2024-07-01 00:00:00+00:00
[2024-07-02T20:20:13.332+0000] {standard_task_runner.py:87} INFO - Running: ['***', 'tasks', 'run', 'sqltostaging', 'film_actor', 'scheduled__2024-07-01T00:00:00+00:00', '--job-id', '16', '--raw', '--subdir', 'DAGS_FOLDER/dag.py', '--cfg-path', '/tmp/tmpsxrwclxy']
[2024-07-02T20:20:13.357+0000] {standard_task_runner.py:88} INFO - Job 16: Subtask film_actor
[2024-07-02T20:20:13.328+0000] {standard_task_runner.py:60} INFO - Started process 101 to run task
[2024-07-02T20:20:13.529+0000] {task_command.py:423} INFO - Running <TaskInstance: sqltostaging.film_actor scheduled__2024-07-01T00:00:00+00:00 [running]> on host 881b4526a2de
[2024-07-02T20:20:13.811+0000] {taskinstance.py:2513} INFO - Exporting env vars: AIRFLOW_CTX_DAG_OWNER='***' AIRFLOW_CTX_DAG_ID='sqltostaging' AIRFLOW_CTX_TASK_ID='film_actor' AIRFLOW_CTX_EXECUTION_DATE='2024-07-01T00:00:00+00:00' AIRFLOW_CTX_TRY_NUMBER='1' AIRFLOW_CTX_DAG_RUN_ID='scheduled__2024-07-01T00:00:00+00:00'
[2024-07-02T20:20:13.818+0000] {logging_mixin.py:188} INFO - dvtobv :dag_id
[2024-07-02T20:20:13.818+0000] {logging_mixin.py:188} INFO - table: film_actor
[2024-07-02T20:20:13.819+0000] {logging_mixin.py:188} INFO - 
 stage: sqltostaging 
 type: FULL 
 schema: public 
 table:film_actor
[2024-07-02T20:20:13.839+0000] {taskinstance.py:2731} ERROR - Task failed with exception
Traceback (most recent call last):
  File "/home/airflow/.local/lib/python3.8/site-packages/airflow/models/taskinstance.py", line 444, in _execute_task
    result = _execute_callable(context=context, **execute_callable_kwargs)
  File "/home/airflow/.local/lib/python3.8/site-packages/airflow/models/taskinstance.py", line 414, in _execute_callable
    return execute_callable(context=context, **execute_callable_kwargs)
  File "/home/airflow/.local/lib/python3.8/site-packages/airflow/operators/python.py", line 200, in execute
    return_value = self.execute_callable()
  File "/home/airflow/.local/lib/python3.8/site-packages/airflow/operators/python.py", line 217, in execute_callable
    return self.python_callable(*self.op_args, **self.op_kwargs)
  File "/opt/airflow/dags/dag.py", line 22, in process_table
    return  execute(table, stage, "FULL","public")
  File "/app/main.py", line 25, in execute
    SqlToStaging().create_full().some_function(stage, type, schema, table)
  File "/app/concretestage/SQLToStaging.py", line 29, in some_function
    print(get_data_from_conf_table("staff", "SqlToStaging"))
  File "/app/myFramework/utils/utils.py", line 137, in get_data_from_conf_table
    cur = conn.getCursor("Postgres")
  File "/app/myFramework/source/posgresql/connect.py", line 6, in getCursor
    conn = psycopg2.connect(database = dbname,
  File "/home/airflow/.local/lib/python3.8/site-packages/psycopg2/__init__.py", line 122, in connect
    conn = _connect(dsn, connection_factory=connection_factory, **kwasync)
psycopg2.OperationalError: connection to server at "postgres_db" (172.20.0.3), port 9999 failed: FATAL:  database "Postgres" does not exist

[2024-07-02T20:20:15.204+0000] {taskinstance.py:1149} INFO - Marking task as FAILED. dag_id=sqltostaging, task_id=film_actor, execution_date=20240701T000000, start_date=20240702T202013, end_date=20240702T202015
[2024-07-02T20:20:15.276+0000] {standard_task_runner.py:107} ERROR - Failed to execute job 16 for task film_actor (connection to server at "postgres_db" (172.20.0.3), port 9999 failed: FATAL:  database "Postgres" does not exist
; 101)
[2024-07-02T20:20:15.295+0000] {local_task_job_runner.py:234} INFO - Task exited with return code 1
[2024-07-02T20:20:15.326+0000] {taskinstance.py:3312} INFO - 0 downstream tasks scheduled from follow-on schedule check
[2024-07-02T20:22:14.094+0000] {taskinstance.py:1979} INFO - Dependencies all met for dep_context=non-requeueable deps ti=<TaskInstance: sqltostaging.film_actor scheduled__2024-07-01T00:00:00+00:00 [queued]>
[2024-07-02T20:22:14.115+0000] {taskinstance.py:1979} INFO - Dependencies all met for dep_context=requeueable deps ti=<TaskInstance: sqltostaging.film_actor scheduled__2024-07-01T00:00:00+00:00 [queued]>
[2024-07-02T20:22:14.126+0000] {taskinstance.py:2193} INFO - Starting attempt 1 of 1
[2024-07-02T20:22:14.164+0000] {taskinstance.py:2217} INFO - Executing <Task(PythonOperator): film_actor> on 2024-07-01 00:00:00+00:00
[2024-07-02T20:22:14.187+0000] {standard_task_runner.py:60} INFO - Started process 90 to run task
[2024-07-02T20:22:14.212+0000] {standard_task_runner.py:87} INFO - Running: ['***', 'tasks', 'run', 'sqltostaging', 'film_actor', 'scheduled__2024-07-01T00:00:00+00:00', '--job-id', '4', '--raw', '--subdir', 'DAGS_FOLDER/dag.py', '--cfg-path', '/tmp/tmp8_qg4tjn']
[2024-07-02T20:22:14.223+0000] {standard_task_runner.py:88} INFO - Job 4: Subtask film_actor
[2024-07-02T20:22:14.346+0000] {task_command.py:423} INFO - Running <TaskInstance: sqltostaging.film_actor scheduled__2024-07-01T00:00:00+00:00 [running]> on host b2ca66e4d1f6
[2024-07-02T20:22:15.959+0000] {taskinstance.py:2513} INFO - Exporting env vars: AIRFLOW_CTX_DAG_OWNER='***' AIRFLOW_CTX_DAG_ID='sqltostaging' AIRFLOW_CTX_TASK_ID='film_actor' AIRFLOW_CTX_EXECUTION_DATE='2024-07-01T00:00:00+00:00' AIRFLOW_CTX_TRY_NUMBER='1' AIRFLOW_CTX_DAG_RUN_ID='scheduled__2024-07-01T00:00:00+00:00'
[2024-07-02T20:22:15.964+0000] {logging_mixin.py:188} INFO - dvtobv :dag_id
[2024-07-02T20:22:15.966+0000] {logging_mixin.py:188} INFO - table: film_actor
[2024-07-02T20:22:15.968+0000] {logging_mixin.py:188} INFO - 
 stage: sqltostaging 
 type: FULL 
 schema: public 
 table:film_actor
[2024-07-02T20:22:16.066+0000] {logging_mixin.py:188} INFO -    0      1          2       3     4   ...    10    11    12            13    14
0   9  staff  dvdrental  public  full  ...  None  None  None  SqlToStaging  None

[1 rows x 15 columns]
[2024-07-02T20:22:16.084+0000] {python.py:202} INFO - Done. Returned value was: None
[2024-07-02T20:22:16.132+0000] {taskinstance.py:1149} INFO - Marking task as SUCCESS. dag_id=sqltostaging, task_id=film_actor, execution_date=20240701T000000, start_date=20240702T202214, end_date=20240702T202216
[2024-07-02T20:22:16.247+0000] {local_task_job_runner.py:234} INFO - Task exited with return code 0
[2024-07-02T20:22:16.375+0000] {taskinstance.py:3312} INFO - 0 downstream tasks scheduled from follow-on schedule check
[2024-07-02T20:25:37.710+0000] {taskinstance.py:1979} INFO - Dependencies all met for dep_context=non-requeueable deps ti=<TaskInstance: sqltostaging.film_actor scheduled__2024-07-01T00:00:00+00:00 [queued]>
[2024-07-02T20:25:37.727+0000] {taskinstance.py:1979} INFO - Dependencies all met for dep_context=requeueable deps ti=<TaskInstance: sqltostaging.film_actor scheduled__2024-07-01T00:00:00+00:00 [queued]>
[2024-07-02T20:25:37.728+0000] {taskinstance.py:2193} INFO - Starting attempt 1 of 1
[2024-07-02T20:25:37.740+0000] {taskinstance.py:2217} INFO - Executing <Task(PythonOperator): film_actor> on 2024-07-01 00:00:00+00:00
[2024-07-02T20:25:37.752+0000] {standard_task_runner.py:60} INFO - Started process 97 to run task
[2024-07-02T20:25:37.773+0000] {standard_task_runner.py:87} INFO - Running: ['***', 'tasks', 'run', 'sqltostaging', 'film_actor', 'scheduled__2024-07-01T00:00:00+00:00', '--job-id', '14', '--raw', '--subdir', 'DAGS_FOLDER/dag.py', '--cfg-path', '/tmp/tmpphwkrxgr']
[2024-07-02T20:25:37.782+0000] {standard_task_runner.py:88} INFO - Job 14: Subtask film_actor
[2024-07-02T20:25:37.953+0000] {task_command.py:423} INFO - Running <TaskInstance: sqltostaging.film_actor scheduled__2024-07-01T00:00:00+00:00 [running]> on host e847a37dafab
[2024-07-02T20:25:39.166+0000] {taskinstance.py:2513} INFO - Exporting env vars: AIRFLOW_CTX_DAG_OWNER='***' AIRFLOW_CTX_DAG_ID='sqltostaging' AIRFLOW_CTX_TASK_ID='film_actor' AIRFLOW_CTX_EXECUTION_DATE='2024-07-01T00:00:00+00:00' AIRFLOW_CTX_TRY_NUMBER='1' AIRFLOW_CTX_DAG_RUN_ID='scheduled__2024-07-01T00:00:00+00:00'
[2024-07-02T20:25:39.182+0000] {logging_mixin.py:188} INFO - dvtobv :dag_id
[2024-07-02T20:25:39.185+0000] {logging_mixin.py:188} INFO - table: film_actor
[2024-07-02T20:25:39.187+0000] {logging_mixin.py:188} INFO - 
 stage: sqltostaging 
 type: FULL 
 schema: public 
 table:film_actor
[2024-07-02T20:25:39.300+0000] {logging_mixin.py:188} INFO - <class 'pandas.core.frame.DataFrame'>
[2024-07-02T20:25:39.350+0000] {logging_mixin.py:188} INFO -    id sourcetablename sourcedbname  ...  code         stage last_run_date
0   9           staff    dvdrental  ...  None  SqlToStaging          None

[1 rows x 15 columns]
[2024-07-02T20:25:39.351+0000] {python.py:202} INFO - Done. Returned value was: None
[2024-07-02T20:25:39.375+0000] {taskinstance.py:1149} INFO - Marking task as SUCCESS. dag_id=sqltostaging, task_id=film_actor, execution_date=20240701T000000, start_date=20240702T202537, end_date=20240702T202539
[2024-07-02T20:25:39.431+0000] {local_task_job_runner.py:234} INFO - Task exited with return code 0
[2024-07-02T20:25:39.471+0000] {taskinstance.py:3312} INFO - 0 downstream tasks scheduled from follow-on schedule check
[2024-07-02T20:33:53.732+0000] {taskinstance.py:1979} INFO - Dependencies all met for dep_context=non-requeueable deps ti=<TaskInstance: sqltostaging.film_actor scheduled__2024-07-01T00:00:00+00:00 [queued]>
[2024-07-02T20:33:53.777+0000] {taskinstance.py:1979} INFO - Dependencies all met for dep_context=requeueable deps ti=<TaskInstance: sqltostaging.film_actor scheduled__2024-07-01T00:00:00+00:00 [queued]>
[2024-07-02T20:33:53.777+0000] {taskinstance.py:2193} INFO - Starting attempt 1 of 1
[2024-07-02T20:33:53.797+0000] {taskinstance.py:2217} INFO - Executing <Task(PythonOperator): film_actor> on 2024-07-01 00:00:00+00:00
[2024-07-02T20:33:53.812+0000] {standard_task_runner.py:60} INFO - Started process 97 to run task
[2024-07-02T20:33:53.832+0000] {standard_task_runner.py:87} INFO - Running: ['***', 'tasks', 'run', 'sqltostaging', 'film_actor', 'scheduled__2024-07-01T00:00:00+00:00', '--job-id', '14', '--raw', '--subdir', 'DAGS_FOLDER/dag.py', '--cfg-path', '/tmp/tmpbqup6gfs']
[2024-07-02T20:33:53.846+0000] {standard_task_runner.py:88} INFO - Job 14: Subtask film_actor
[2024-07-02T20:33:54.165+0000] {task_command.py:423} INFO - Running <TaskInstance: sqltostaging.film_actor scheduled__2024-07-01T00:00:00+00:00 [running]> on host 99fbc1087931
[2024-07-02T20:33:55.353+0000] {taskinstance.py:2513} INFO - Exporting env vars: AIRFLOW_CTX_DAG_OWNER='***' AIRFLOW_CTX_DAG_ID='sqltostaging' AIRFLOW_CTX_TASK_ID='film_actor' AIRFLOW_CTX_EXECUTION_DATE='2024-07-01T00:00:00+00:00' AIRFLOW_CTX_TRY_NUMBER='1' AIRFLOW_CTX_DAG_RUN_ID='scheduled__2024-07-01T00:00:00+00:00'
[2024-07-02T20:33:55.366+0000] {logging_mixin.py:188} INFO - dvtobv :dag_id
[2024-07-02T20:33:55.370+0000] {logging_mixin.py:188} INFO - table: film_actor
[2024-07-02T20:33:55.373+0000] {logging_mixin.py:188} INFO - 
 stage: sqltostaging 
 type: FULL 
 schema: public 
 table:film_actor
[2024-07-02T20:33:55.416+0000] {taskinstance.py:2731} ERROR - Task failed with exception
Traceback (most recent call last):
  File "/home/airflow/.local/lib/python3.8/site-packages/pandas/core/indexes/base.py", line 3653, in get_loc
    return self._engine.get_loc(casted_key)
  File "pandas/_libs/index.pyx", line 147, in pandas._libs.index.IndexEngine.get_loc
  File "pandas/_libs/index.pyx", line 176, in pandas._libs.index.IndexEngine.get_loc
  File "pandas/_libs/hashtable_class_helper.pxi", line 7080, in pandas._libs.hashtable.PyObjectHashTable.get_item
  File "pandas/_libs/hashtable_class_helper.pxi", line 7088, in pandas._libs.hashtable.PyObjectHashTable.get_item
KeyError: 'SourceDBName'

The above exception was the direct cause of the following exception:

Traceback (most recent call last):
  File "/home/airflow/.local/lib/python3.8/site-packages/airflow/models/taskinstance.py", line 444, in _execute_task
    result = _execute_callable(context=context, **execute_callable_kwargs)
  File "/home/airflow/.local/lib/python3.8/site-packages/airflow/models/taskinstance.py", line 414, in _execute_callable
    return execute_callable(context=context, **execute_callable_kwargs)
  File "/home/airflow/.local/lib/python3.8/site-packages/airflow/operators/python.py", line 200, in execute
    return_value = self.execute_callable()
  File "/home/airflow/.local/lib/python3.8/site-packages/airflow/operators/python.py", line 217, in execute_callable
    return self.python_callable(*self.op_args, **self.op_kwargs)
  File "/opt/airflow/dags/dag.py", line 22, in process_table
    return  execute(table, stage, "FULL","public")
  File "/app/main.py", line 25, in execute
    SqlToStaging().create_full().some_function(stage, type, schema, table)
  File "/app/concretestage/SQLToStaging.py", line 30, in some_function
    print(f"{df['SourceDBName']} \n {df['SourceTableName']} \n {df['SourceSchema']}")
  File "/home/airflow/.local/lib/python3.8/site-packages/pandas/core/frame.py", line 3761, in __getitem__
    indexer = self.columns.get_loc(key)
  File "/home/airflow/.local/lib/python3.8/site-packages/pandas/core/indexes/base.py", line 3655, in get_loc
    raise KeyError(key) from err
KeyError: 'SourceDBName'
[2024-07-02T20:33:55.433+0000] {taskinstance.py:1149} INFO - Marking task as FAILED. dag_id=sqltostaging, task_id=film_actor, execution_date=20240701T000000, start_date=20240702T203353, end_date=20240702T203355
[2024-07-02T20:33:55.449+0000] {standard_task_runner.py:107} ERROR - Failed to execute job 14 for task film_actor ('SourceDBName'; 97)
[2024-07-02T20:33:55.481+0000] {local_task_job_runner.py:234} INFO - Task exited with return code 1
[2024-07-02T20:33:55.501+0000] {taskinstance.py:3312} INFO - 0 downstream tasks scheduled from follow-on schedule check
[2024-07-02T20:36:07.808+0000] {taskinstance.py:1979} INFO - Dependencies all met for dep_context=non-requeueable deps ti=<TaskInstance: sqltostaging.film_actor scheduled__2024-07-01T00:00:00+00:00 [queued]>
[2024-07-02T20:36:07.827+0000] {taskinstance.py:1979} INFO - Dependencies all met for dep_context=requeueable deps ti=<TaskInstance: sqltostaging.film_actor scheduled__2024-07-01T00:00:00+00:00 [queued]>
[2024-07-02T20:36:07.834+0000] {taskinstance.py:2193} INFO - Starting attempt 1 of 1
[2024-07-02T20:36:07.860+0000] {taskinstance.py:2217} INFO - Executing <Task(PythonOperator): film_actor> on 2024-07-01 00:00:00+00:00
[2024-07-02T20:36:07.868+0000] {standard_task_runner.py:60} INFO - Started process 93 to run task
[2024-07-02T20:36:07.886+0000] {standard_task_runner.py:87} INFO - Running: ['***', 'tasks', 'run', 'sqltostaging', 'film_actor', 'scheduled__2024-07-01T00:00:00+00:00', '--job-id', '8', '--raw', '--subdir', 'DAGS_FOLDER/dag.py', '--cfg-path', '/tmp/tmpme7365yp']
[2024-07-02T20:36:07.891+0000] {standard_task_runner.py:88} INFO - Job 8: Subtask film_actor
[2024-07-02T20:36:08.038+0000] {task_command.py:423} INFO - Running <TaskInstance: sqltostaging.film_actor scheduled__2024-07-01T00:00:00+00:00 [running]> on host 8ef3b2afa95a
[2024-07-02T20:36:09.199+0000] {taskinstance.py:2513} INFO - Exporting env vars: AIRFLOW_CTX_DAG_OWNER='***' AIRFLOW_CTX_DAG_ID='sqltostaging' AIRFLOW_CTX_TASK_ID='film_actor' AIRFLOW_CTX_EXECUTION_DATE='2024-07-01T00:00:00+00:00' AIRFLOW_CTX_TRY_NUMBER='1' AIRFLOW_CTX_DAG_RUN_ID='scheduled__2024-07-01T00:00:00+00:00'
[2024-07-02T20:36:09.201+0000] {logging_mixin.py:188} INFO - dvtobv :dag_id
[2024-07-02T20:36:09.201+0000] {logging_mixin.py:188} INFO - table: film_actor
[2024-07-02T20:36:09.202+0000] {logging_mixin.py:188} INFO - 
 stage: sqltostaging 
 type: FULL 
 schema: public 
 table:film_actor
[2024-07-02T20:36:09.224+0000] {logging_mixin.py:188} INFO - 0    dvdrental
Name: sourcedbname, dtype: object 
 0    staff
Name: sourcetablename, dtype: object 
 0    public
Name: sourceschema, dtype: object
[2024-07-02T20:36:09.226+0000] {python.py:202} INFO - Done. Returned value was: None
[2024-07-02T20:36:09.239+0000] {taskinstance.py:1149} INFO - Marking task as SUCCESS. dag_id=sqltostaging, task_id=film_actor, execution_date=20240701T000000, start_date=20240702T203607, end_date=20240702T203609
[2024-07-02T20:36:09.325+0000] {local_task_job_runner.py:234} INFO - Task exited with return code 0
[2024-07-02T20:36:09.350+0000] {taskinstance.py:3312} INFO - 0 downstream tasks scheduled from follow-on schedule check
[2024-07-02T20:40:31.353+0000] {taskinstance.py:1979} INFO - Dependencies all met for dep_context=non-requeueable deps ti=<TaskInstance: sqltostaging.film_actor scheduled__2024-07-01T00:00:00+00:00 [queued]>
[2024-07-02T20:40:31.371+0000] {taskinstance.py:1979} INFO - Dependencies all met for dep_context=requeueable deps ti=<TaskInstance: sqltostaging.film_actor scheduled__2024-07-01T00:00:00+00:00 [queued]>
[2024-07-02T20:40:31.378+0000] {taskinstance.py:2193} INFO - Starting attempt 1 of 1
[2024-07-02T20:40:31.433+0000] {taskinstance.py:2217} INFO - Executing <Task(PythonOperator): film_actor> on 2024-07-01 00:00:00+00:00
[2024-07-02T20:40:31.464+0000] {standard_task_runner.py:60} INFO - Started process 96 to run task
[2024-07-02T20:40:31.499+0000] {standard_task_runner.py:87} INFO - Running: ['***', 'tasks', 'run', 'sqltostaging', 'film_actor', 'scheduled__2024-07-01T00:00:00+00:00', '--job-id', '12', '--raw', '--subdir', 'DAGS_FOLDER/dag.py', '--cfg-path', '/tmp/tmp2w4l1e8p']
[2024-07-02T20:40:31.503+0000] {standard_task_runner.py:88} INFO - Job 12: Subtask film_actor
[2024-07-02T20:40:31.693+0000] {task_command.py:423} INFO - Running <TaskInstance: sqltostaging.film_actor scheduled__2024-07-01T00:00:00+00:00 [running]> on host f7a45131ad00
[2024-07-02T20:40:32.068+0000] {taskinstance.py:2513} INFO - Exporting env vars: AIRFLOW_CTX_DAG_OWNER='***' AIRFLOW_CTX_DAG_ID='sqltostaging' AIRFLOW_CTX_TASK_ID='film_actor' AIRFLOW_CTX_EXECUTION_DATE='2024-07-01T00:00:00+00:00' AIRFLOW_CTX_TRY_NUMBER='1' AIRFLOW_CTX_DAG_RUN_ID='scheduled__2024-07-01T00:00:00+00:00'
[2024-07-02T20:40:32.086+0000] {logging_mixin.py:188} INFO - dvtobv :dag_id
[2024-07-02T20:40:32.091+0000] {logging_mixin.py:188} INFO - table: film_actor
[2024-07-02T20:40:32.093+0000] {logging_mixin.py:188} INFO - 
 stage: sqltostaging 
 type: FULL 
 schema: public 
 table:film_actor
[2024-07-02T20:40:33.057+0000] {taskinstance.py:2731} ERROR - Task failed with exception
Traceback (most recent call last):
  File "/home/airflow/.local/lib/python3.8/site-packages/airflow/models/taskinstance.py", line 444, in _execute_task
    result = _execute_callable(context=context, **execute_callable_kwargs)
  File "/home/airflow/.local/lib/python3.8/site-packages/airflow/models/taskinstance.py", line 414, in _execute_callable
    return execute_callable(context=context, **execute_callable_kwargs)
  File "/home/airflow/.local/lib/python3.8/site-packages/airflow/operators/python.py", line 200, in execute
    return_value = self.execute_callable()
  File "/home/airflow/.local/lib/python3.8/site-packages/airflow/operators/python.py", line 217, in execute_callable
    return self.python_callable(*self.op_args, **self.op_kwargs)
  File "/opt/airflow/dags/dag.py", line 22, in process_table
    return  execute(table, stage, "FULL","public")
  File "/app/main.py", line 25, in execute
    SqlToStaging().create_full().some_function(stage, type, schema, table)
  File "/app/concretestage/SQLToStaging.py", line 29, in some_function
    df = get_data_from_conf_table(table, stage)
  File "/app/myFramework/utils/utils.py", line 142, in get_data_from_conf_table
    df.columns = [desc[0] for desc in cur.description]
  File "/home/airflow/.local/lib/python3.8/site-packages/pandas/core/generic.py", line 6002, in __setattr__
    return object.__setattr__(self, name, value)
  File "pandas/_libs/properties.pyx", line 69, in pandas._libs.properties.AxisProperty.__set__
  File "/home/airflow/.local/lib/python3.8/site-packages/pandas/core/generic.py", line 730, in _set_axis
    self._mgr.set_axis(axis, labels)
  File "/home/airflow/.local/lib/python3.8/site-packages/pandas/core/internals/managers.py", line 225, in set_axis
    self._validate_set_axis(axis, new_labels)
  File "/home/airflow/.local/lib/python3.8/site-packages/pandas/core/internals/base.py", line 70, in _validate_set_axis
    raise ValueError(
ValueError: Length mismatch: Expected axis has 0 elements, new values have 15 elements
[2024-07-02T20:40:33.112+0000] {taskinstance.py:1149} INFO - Marking task as FAILED. dag_id=sqltostaging, task_id=film_actor, execution_date=20240701T000000, start_date=20240702T204031, end_date=20240702T204033
[2024-07-02T20:40:33.217+0000] {standard_task_runner.py:107} ERROR - Failed to execute job 12 for task film_actor (Length mismatch: Expected axis has 0 elements, new values have 15 elements; 96)
[2024-07-02T20:40:33.302+0000] {local_task_job_runner.py:234} INFO - Task exited with return code 1
[2024-07-02T20:40:33.327+0000] {taskinstance.py:3312} INFO - 0 downstream tasks scheduled from follow-on schedule check
[2024-07-02T20:44:45.184+0000] {taskinstance.py:1979} INFO - Dependencies all met for dep_context=non-requeueable deps ti=<TaskInstance: sqltostaging.film_actor scheduled__2024-07-01T00:00:00+00:00 [queued]>
[2024-07-02T20:44:45.203+0000] {taskinstance.py:1979} INFO - Dependencies all met for dep_context=requeueable deps ti=<TaskInstance: sqltostaging.film_actor scheduled__2024-07-01T00:00:00+00:00 [queued]>
[2024-07-02T20:44:45.207+0000] {taskinstance.py:2193} INFO - Starting attempt 1 of 1
[2024-07-02T20:44:45.249+0000] {taskinstance.py:2217} INFO - Executing <Task(PythonOperator): film_actor> on 2024-07-01 00:00:00+00:00
[2024-07-02T20:44:45.276+0000] {standard_task_runner.py:60} INFO - Started process 99 to run task
[2024-07-02T20:44:45.295+0000] {standard_task_runner.py:87} INFO - Running: ['***', 'tasks', 'run', 'sqltostaging', 'film_actor', 'scheduled__2024-07-01T00:00:00+00:00', '--job-id', '10', '--raw', '--subdir', 'DAGS_FOLDER/dag.py', '--cfg-path', '/tmp/tmpatfpocgo']
[2024-07-02T20:44:45.309+0000] {standard_task_runner.py:88} INFO - Job 10: Subtask film_actor
[2024-07-02T20:44:45.512+0000] {task_command.py:423} INFO - Running <TaskInstance: sqltostaging.film_actor scheduled__2024-07-01T00:00:00+00:00 [running]> on host 28c1247628aa
[2024-07-02T20:44:46.500+0000] {taskinstance.py:2513} INFO - Exporting env vars: AIRFLOW_CTX_DAG_OWNER='***' AIRFLOW_CTX_DAG_ID='sqltostaging' AIRFLOW_CTX_TASK_ID='film_actor' AIRFLOW_CTX_EXECUTION_DATE='2024-07-01T00:00:00+00:00' AIRFLOW_CTX_TRY_NUMBER='1' AIRFLOW_CTX_DAG_RUN_ID='scheduled__2024-07-01T00:00:00+00:00'
[2024-07-02T20:44:46.506+0000] {logging_mixin.py:188} INFO - dvtobv :dag_id
[2024-07-02T20:44:46.508+0000] {logging_mixin.py:188} INFO - table: film_actor
[2024-07-02T20:44:46.513+0000] {logging_mixin.py:188} INFO - 
 stage: sqltostaging 
 type: FULL 
 schema: public 
 table:film_actor
[2024-07-02T20:44:46.514+0000] {logging_mixin.py:188} INFO - sqltostaging film_actor
[2024-07-02T20:44:46.515+0000] {python.py:202} INFO - Done. Returned value was: None
[2024-07-02T20:44:46.548+0000] {taskinstance.py:1149} INFO - Marking task as SUCCESS. dag_id=sqltostaging, task_id=film_actor, execution_date=20240701T000000, start_date=20240702T204445, end_date=20240702T204446
[2024-07-02T20:44:46.610+0000] {local_task_job_runner.py:234} INFO - Task exited with return code 0
[2024-07-02T20:44:46.646+0000] {taskinstance.py:3312} INFO - 0 downstream tasks scheduled from follow-on schedule check
[2024-07-02T20:47:20.449+0000] {taskinstance.py:1979} INFO - Dependencies all met for dep_context=non-requeueable deps ti=<TaskInstance: sqltostaging.film_actor scheduled__2024-07-01T00:00:00+00:00 [queued]>
[2024-07-02T20:47:20.554+0000] {taskinstance.py:1979} INFO - Dependencies all met for dep_context=requeueable deps ti=<TaskInstance: sqltostaging.film_actor scheduled__2024-07-01T00:00:00+00:00 [queued]>
[2024-07-02T20:47:20.569+0000] {taskinstance.py:2193} INFO - Starting attempt 1 of 1
[2024-07-02T20:47:20.608+0000] {taskinstance.py:2217} INFO - Executing <Task(PythonOperator): film_actor> on 2024-07-01 00:00:00+00:00
[2024-07-02T20:47:20.635+0000] {standard_task_runner.py:60} INFO - Started process 89 to run task
[2024-07-02T20:47:20.666+0000] {standard_task_runner.py:87} INFO - Running: ['***', 'tasks', 'run', 'sqltostaging', 'film_actor', 'scheduled__2024-07-01T00:00:00+00:00', '--job-id', '3', '--raw', '--subdir', 'DAGS_FOLDER/dag.py', '--cfg-path', '/tmp/tmp2xrxyvuw']
[2024-07-02T20:47:20.697+0000] {standard_task_runner.py:88} INFO - Job 3: Subtask film_actor
[2024-07-02T20:47:20.852+0000] {task_command.py:423} INFO - Running <TaskInstance: sqltostaging.film_actor scheduled__2024-07-01T00:00:00+00:00 [running]> on host 0dbf5a897656
[2024-07-02T20:47:22.055+0000] {taskinstance.py:2513} INFO - Exporting env vars: AIRFLOW_CTX_DAG_OWNER='***' AIRFLOW_CTX_DAG_ID='sqltostaging' AIRFLOW_CTX_TASK_ID='film_actor' AIRFLOW_CTX_EXECUTION_DATE='2024-07-01T00:00:00+00:00' AIRFLOW_CTX_TRY_NUMBER='1' AIRFLOW_CTX_DAG_RUN_ID='scheduled__2024-07-01T00:00:00+00:00'
[2024-07-02T20:47:22.068+0000] {logging_mixin.py:188} INFO - dvtobv :dag_id
[2024-07-02T20:47:22.074+0000] {logging_mixin.py:188} INFO - table: film_actor
[2024-07-02T20:47:22.077+0000] {taskinstance.py:2731} ERROR - Task failed with exception
Traceback (most recent call last):
  File "/home/airflow/.local/lib/python3.8/site-packages/airflow/models/taskinstance.py", line 444, in _execute_task
    result = _execute_callable(context=context, **execute_callable_kwargs)
  File "/home/airflow/.local/lib/python3.8/site-packages/airflow/models/taskinstance.py", line 414, in _execute_callable
    return execute_callable(context=context, **execute_callable_kwargs)
  File "/home/airflow/.local/lib/python3.8/site-packages/airflow/operators/python.py", line 200, in execute
    return_value = self.execute_callable()
  File "/home/airflow/.local/lib/python3.8/site-packages/airflow/operators/python.py", line 217, in execute_callable
    return self.python_callable(*self.op_args, **self.op_kwargs)
  File "/opt/airflow/dags/dag.py", line 22, in process_table
    return  execute(table, stage)
TypeError: execute() missing 2 required positional arguments: 'type' and 'schema'
[2024-07-02T20:47:22.100+0000] {taskinstance.py:1149} INFO - Marking task as FAILED. dag_id=sqltostaging, task_id=film_actor, execution_date=20240701T000000, start_date=20240702T204720, end_date=20240702T204722
[2024-07-02T20:47:22.146+0000] {standard_task_runner.py:107} ERROR - Failed to execute job 3 for task film_actor (execute() missing 2 required positional arguments: 'type' and 'schema'; 89)
[2024-07-02T20:47:22.207+0000] {local_task_job_runner.py:234} INFO - Task exited with return code 1
[2024-07-02T20:47:22.408+0000] {taskinstance.py:3312} INFO - 0 downstream tasks scheduled from follow-on schedule check
[2024-07-02T20:49:58.196+0000] {taskinstance.py:1979} INFO - Dependencies all met for dep_context=non-requeueable deps ti=<TaskInstance: sqltostaging.film_actor scheduled__2024-07-01T00:00:00+00:00 [queued]>
[2024-07-02T20:49:58.208+0000] {taskinstance.py:1979} INFO - Dependencies all met for dep_context=requeueable deps ti=<TaskInstance: sqltostaging.film_actor scheduled__2024-07-01T00:00:00+00:00 [queued]>
[2024-07-02T20:49:58.209+0000] {taskinstance.py:2193} INFO - Starting attempt 1 of 1
[2024-07-02T20:49:58.285+0000] {taskinstance.py:2217} INFO - Executing <Task(PythonOperator): film_actor> on 2024-07-01 00:00:00+00:00
[2024-07-02T20:49:58.310+0000] {standard_task_runner.py:60} INFO - Started process 92 to run task
[2024-07-02T20:49:58.316+0000] {standard_task_runner.py:87} INFO - Running: ['***', 'tasks', 'run', 'sqltostaging', 'film_actor', 'scheduled__2024-07-01T00:00:00+00:00', '--job-id', '7', '--raw', '--subdir', 'DAGS_FOLDER/dag.py', '--cfg-path', '/tmp/tmpxxgl6xlv']
[2024-07-02T20:49:58.338+0000] {standard_task_runner.py:88} INFO - Job 7: Subtask film_actor
[2024-07-02T20:49:58.502+0000] {task_command.py:423} INFO - Running <TaskInstance: sqltostaging.film_actor scheduled__2024-07-01T00:00:00+00:00 [running]> on host 82e116e15bed
[2024-07-02T20:49:58.841+0000] {taskinstance.py:2513} INFO - Exporting env vars: AIRFLOW_CTX_DAG_OWNER='***' AIRFLOW_CTX_DAG_ID='sqltostaging' AIRFLOW_CTX_TASK_ID='film_actor' AIRFLOW_CTX_EXECUTION_DATE='2024-07-01T00:00:00+00:00' AIRFLOW_CTX_TRY_NUMBER='1' AIRFLOW_CTX_DAG_RUN_ID='scheduled__2024-07-01T00:00:00+00:00'
[2024-07-02T20:49:58.844+0000] {logging_mixin.py:188} INFO - dvtobv :dag_id
[2024-07-02T20:49:58.848+0000] {logging_mixin.py:188} INFO - table: film_actor
[2024-07-02T20:49:58.849+0000] {logging_mixin.py:188} INFO - 
 stage: sqltostaging 
 table:film_actor
[2024-07-02T20:49:58.856+0000] {taskinstance.py:2731} ERROR - Task failed with exception
Traceback (most recent call last):
  File "/home/airflow/.local/lib/python3.8/site-packages/airflow/models/taskinstance.py", line 444, in _execute_task
    result = _execute_callable(context=context, **execute_callable_kwargs)
  File "/home/airflow/.local/lib/python3.8/site-packages/airflow/models/taskinstance.py", line 414, in _execute_callable
    return execute_callable(context=context, **execute_callable_kwargs)
  File "/home/airflow/.local/lib/python3.8/site-packages/airflow/operators/python.py", line 200, in execute
    return_value = self.execute_callable()
  File "/home/airflow/.local/lib/python3.8/site-packages/airflow/operators/python.py", line 217, in execute_callable
    return self.python_callable(*self.op_args, **self.op_kwargs)
  File "/opt/airflow/dags/dag.py", line 22, in process_table
    return  execute(table, stage)
  File "/app/main.py", line 25, in execute
    SqlToStaging().create_full().some_function(stage, table)
TypeError: some_function() missing 2 required positional arguments: 'schema' and 'table'
[2024-07-02T20:49:59.857+0000] {taskinstance.py:1149} INFO - Marking task as FAILED. dag_id=sqltostaging, task_id=film_actor, execution_date=20240701T000000, start_date=20240702T204958, end_date=20240702T204959
[2024-07-02T20:49:59.870+0000] {standard_task_runner.py:107} ERROR - Failed to execute job 7 for task film_actor (some_function() missing 2 required positional arguments: 'schema' and 'table'; 92)
[2024-07-02T20:49:59.925+0000] {local_task_job_runner.py:234} INFO - Task exited with return code 1
[2024-07-02T20:49:59.959+0000] {taskinstance.py:3312} INFO - 0 downstream tasks scheduled from follow-on schedule check
[2024-07-02T20:51:50.945+0000] {taskinstance.py:1979} INFO - Dependencies all met for dep_context=non-requeueable deps ti=<TaskInstance: sqltostaging.film_actor scheduled__2024-07-01T00:00:00+00:00 [queued]>
[2024-07-02T20:51:50.988+0000] {taskinstance.py:1979} INFO - Dependencies all met for dep_context=requeueable deps ti=<TaskInstance: sqltostaging.film_actor scheduled__2024-07-01T00:00:00+00:00 [queued]>
[2024-07-02T20:51:51.000+0000] {taskinstance.py:2193} INFO - Starting attempt 1 of 1
[2024-07-02T20:51:51.097+0000] {taskinstance.py:2217} INFO - Executing <Task(PythonOperator): film_actor> on 2024-07-01 00:00:00+00:00
[2024-07-02T20:51:51.147+0000] {standard_task_runner.py:60} INFO - Started process 94 to run task
[2024-07-02T20:51:51.170+0000] {standard_task_runner.py:87} INFO - Running: ['***', 'tasks', 'run', 'sqltostaging', 'film_actor', 'scheduled__2024-07-01T00:00:00+00:00', '--job-id', '9', '--raw', '--subdir', 'DAGS_FOLDER/dag.py', '--cfg-path', '/tmp/tmp69yxqnoc']
[2024-07-02T20:51:51.182+0000] {standard_task_runner.py:88} INFO - Job 9: Subtask film_actor
[2024-07-02T20:51:51.409+0000] {task_command.py:423} INFO - Running <TaskInstance: sqltostaging.film_actor scheduled__2024-07-01T00:00:00+00:00 [running]> on host 910796d1882f
[2024-07-02T20:51:52.903+0000] {taskinstance.py:2513} INFO - Exporting env vars: AIRFLOW_CTX_DAG_OWNER='***' AIRFLOW_CTX_DAG_ID='sqltostaging' AIRFLOW_CTX_TASK_ID='film_actor' AIRFLOW_CTX_EXECUTION_DATE='2024-07-01T00:00:00+00:00' AIRFLOW_CTX_TRY_NUMBER='1' AIRFLOW_CTX_DAG_RUN_ID='scheduled__2024-07-01T00:00:00+00:00'
[2024-07-02T20:51:52.919+0000] {logging_mixin.py:188} INFO - dvtobv :dag_id
[2024-07-02T20:51:52.922+0000] {logging_mixin.py:188} INFO - table: film_actor
[2024-07-02T20:51:52.926+0000] {logging_mixin.py:188} INFO - 
 stage: sqltostaging 
 table:film_actor
[2024-07-02T20:51:52.981+0000] {taskinstance.py:2731} ERROR - Task failed with exception
Traceback (most recent call last):
  File "/home/airflow/.local/lib/python3.8/site-packages/airflow/models/taskinstance.py", line 444, in _execute_task
    result = _execute_callable(context=context, **execute_callable_kwargs)
  File "/home/airflow/.local/lib/python3.8/site-packages/airflow/models/taskinstance.py", line 414, in _execute_callable
    return execute_callable(context=context, **execute_callable_kwargs)
  File "/home/airflow/.local/lib/python3.8/site-packages/airflow/operators/python.py", line 200, in execute
    return_value = self.execute_callable()
  File "/home/airflow/.local/lib/python3.8/site-packages/airflow/operators/python.py", line 217, in execute_callable
    return self.python_callable(*self.op_args, **self.op_kwargs)
  File "/opt/airflow/dags/dag.py", line 22, in process_table
    return  execute(table, stage)
  File "/app/main.py", line 25, in execute
    SqlToStaging().create_full().some_function(stage, table)
  File "/app/concretestage/SQLToStaging.py", line 30, in some_function
    df = get_data_from_conf_table(table, stage)
  File "/app/myFramework/utils/utils.py", line 142, in get_data_from_conf_table
    df.columns = [desc[0] for desc in cur.description]
  File "/home/airflow/.local/lib/python3.8/site-packages/pandas/core/generic.py", line 6002, in __setattr__
    return object.__setattr__(self, name, value)
  File "pandas/_libs/properties.pyx", line 69, in pandas._libs.properties.AxisProperty.__set__
  File "/home/airflow/.local/lib/python3.8/site-packages/pandas/core/generic.py", line 730, in _set_axis
    self._mgr.set_axis(axis, labels)
  File "/home/airflow/.local/lib/python3.8/site-packages/pandas/core/internals/managers.py", line 225, in set_axis
    self._validate_set_axis(axis, new_labels)
  File "/home/airflow/.local/lib/python3.8/site-packages/pandas/core/internals/base.py", line 70, in _validate_set_axis
    raise ValueError(
ValueError: Length mismatch: Expected axis has 0 elements, new values have 15 elements
[2024-07-02T20:51:53.009+0000] {taskinstance.py:1149} INFO - Marking task as FAILED. dag_id=sqltostaging, task_id=film_actor, execution_date=20240701T000000, start_date=20240702T205150, end_date=20240702T205153
[2024-07-02T20:51:53.039+0000] {standard_task_runner.py:107} ERROR - Failed to execute job 9 for task film_actor (Length mismatch: Expected axis has 0 elements, new values have 15 elements; 94)
[2024-07-02T20:51:53.090+0000] {local_task_job_runner.py:234} INFO - Task exited with return code 1
[2024-07-02T20:51:53.126+0000] {taskinstance.py:3312} INFO - 0 downstream tasks scheduled from follow-on schedule check
[2024-07-02T20:54:17.494+0000] {taskinstance.py:1979} INFO - Dependencies all met for dep_context=non-requeueable deps ti=<TaskInstance: sqltostaging.film_actor scheduled__2024-07-01T00:00:00+00:00 [queued]>
[2024-07-02T20:54:17.505+0000] {taskinstance.py:1979} INFO - Dependencies all met for dep_context=requeueable deps ti=<TaskInstance: sqltostaging.film_actor scheduled__2024-07-01T00:00:00+00:00 [queued]>
[2024-07-02T20:54:17.505+0000] {taskinstance.py:2193} INFO - Starting attempt 1 of 1
[2024-07-02T20:54:17.566+0000] {taskinstance.py:2217} INFO - Executing <Task(PythonOperator): film_actor> on 2024-07-01 00:00:00+00:00
[2024-07-02T20:54:17.583+0000] {standard_task_runner.py:60} INFO - Started process 95 to run task
[2024-07-02T20:54:17.609+0000] {standard_task_runner.py:87} INFO - Running: ['***', 'tasks', 'run', 'sqltostaging', 'film_actor', 'scheduled__2024-07-01T00:00:00+00:00', '--job-id', '15', '--raw', '--subdir', 'DAGS_FOLDER/dag.py', '--cfg-path', '/tmp/tmph0nfyn3l']
[2024-07-02T20:54:17.617+0000] {standard_task_runner.py:88} INFO - Job 15: Subtask film_actor
[2024-07-02T20:54:17.863+0000] {task_command.py:423} INFO - Running <TaskInstance: sqltostaging.film_actor scheduled__2024-07-01T00:00:00+00:00 [running]> on host df9727a9ba29
[2024-07-02T20:54:18.114+0000] {taskinstance.py:2513} INFO - Exporting env vars: AIRFLOW_CTX_DAG_OWNER='***' AIRFLOW_CTX_DAG_ID='sqltostaging' AIRFLOW_CTX_TASK_ID='film_actor' AIRFLOW_CTX_EXECUTION_DATE='2024-07-01T00:00:00+00:00' AIRFLOW_CTX_TRY_NUMBER='1' AIRFLOW_CTX_DAG_RUN_ID='scheduled__2024-07-01T00:00:00+00:00'
[2024-07-02T20:54:18.117+0000] {logging_mixin.py:188} INFO - dvtobv :dag_id
[2024-07-02T20:54:18.118+0000] {logging_mixin.py:188} INFO - table: film_actor
[2024-07-02T20:54:18.120+0000] {logging_mixin.py:188} INFO - 
 stage: sqltostaging 
 table:film_actor
[2024-07-02T20:54:18.177+0000] {logging_mixin.py:188} INFO - 0    dvdrental
Name: sourcedbname, dtype: object 
 0    staff
Name: sourcetablename, dtype: object 
 0    public
Name: sourceschema, dtype: object
[2024-07-02T20:54:18.180+0000] {python.py:202} INFO - Done. Returned value was: None
[2024-07-02T20:54:18.742+0000] {taskinstance.py:1149} INFO - Marking task as SUCCESS. dag_id=sqltostaging, task_id=film_actor, execution_date=20240701T000000, start_date=20240702T205417, end_date=20240702T205418
[2024-07-02T20:54:18.794+0000] {local_task_job_runner.py:234} INFO - Task exited with return code 0
[2024-07-02T20:54:18.830+0000] {taskinstance.py:3312} INFO - 0 downstream tasks scheduled from follow-on schedule check
