[2024-07-24T18:08:20.371+0000] {taskinstance.py:1979} INFO - Dependencies all met for dep_context=non-requeueable deps ti=<TaskInstance: stagingtodv.film scheduled__2024-07-23T00:00:00+00:00 [queued]>
[2024-07-24T18:08:20.414+0000] {taskinstance.py:1979} INFO - Dependencies all met for dep_context=requeueable deps ti=<TaskInstance: stagingtodv.film scheduled__2024-07-23T00:00:00+00:00 [queued]>
[2024-07-24T18:08:20.436+0000] {taskinstance.py:2193} INFO - Starting attempt 1 of 1
[2024-07-24T18:08:20.534+0000] {taskinstance.py:2217} INFO - Executing <Task(PythonOperator): film> on 2024-07-23 00:00:00+00:00
[2024-07-24T18:08:20.590+0000] {standard_task_runner.py:60} INFO - Started process 92 to run task
[2024-07-24T18:08:20.587+0000] {standard_task_runner.py:87} INFO - Running: ['***', 'tasks', 'run', 'stagingtodv', 'film', 'scheduled__2024-07-23T00:00:00+00:00', '--job-id', '27', '--raw', '--subdir', 'DAGS_FOLDER/dag.py', '--cfg-path', '/tmp/tmpii28xdri']
[2024-07-24T18:08:20.609+0000] {standard_task_runner.py:88} INFO - Job 27: Subtask film
[2024-07-24T18:08:20.860+0000] {task_command.py:423} INFO - Running <TaskInstance: stagingtodv.film scheduled__2024-07-23T00:00:00+00:00 [running]> on host b19a9c320dfd
[2024-07-24T18:08:21.149+0000] {taskinstance.py:2513} INFO - Exporting env vars: AIRFLOW_CTX_DAG_OWNER='***' AIRFLOW_CTX_DAG_ID='stagingtodv' AIRFLOW_CTX_TASK_ID='film' AIRFLOW_CTX_EXECUTION_DATE='2024-07-23T00:00:00+00:00' AIRFLOW_CTX_TRY_NUMBER='1' AIRFLOW_CTX_DAG_RUN_ID='scheduled__2024-07-23T00:00:00+00:00'
[2024-07-24T18:08:21.159+0000] {logging_mixin.py:188} INFO - -------------------------------------------- select *  from etlconf.Etl_Process_Mapping where SourceTableName = 'film' and Stage = 'stagingtodv'
[2024-07-24T18:08:23.244+0000] {logging_mixin.py:188} INFO - update etlconf.Etl_Process_Mapping T set last_run_date = current_timestamp where destdbname='dbdv' and destschema='dvdrental' and desttablename='film';
[2024-07-24T18:08:23.293+0000] {python.py:202} INFO - Done. Returned value was: None
[2024-07-24T18:08:23.306+0000] {taskinstance.py:1149} INFO - Marking task as SUCCESS. dag_id=stagingtodv, task_id=film, execution_date=20240723T000000, start_date=20240724T180820, end_date=20240724T180823
[2024-07-24T18:08:23.320+0000] {local_task_job_runner.py:234} INFO - Task exited with return code 0
[2024-07-24T18:08:23.465+0000] {taskinstance.py:3312} INFO - 0 downstream tasks scheduled from follow-on schedule check
[2024-07-24T18:10:28.346+0000] {taskinstance.py:1979} INFO - Dependencies all met for dep_context=non-requeueable deps ti=<TaskInstance: stagingtodv.film scheduled__2024-07-23T00:00:00+00:00 [queued]>
[2024-07-24T18:10:28.391+0000] {taskinstance.py:1979} INFO - Dependencies all met for dep_context=requeueable deps ti=<TaskInstance: stagingtodv.film scheduled__2024-07-23T00:00:00+00:00 [queued]>
[2024-07-24T18:10:28.397+0000] {taskinstance.py:2193} INFO - Starting attempt 1 of 1
[2024-07-24T18:10:28.430+0000] {taskinstance.py:2217} INFO - Executing <Task(PythonOperator): film> on 2024-07-23 00:00:00+00:00
[2024-07-24T18:10:28.473+0000] {standard_task_runner.py:60} INFO - Started process 90 to run task
[2024-07-24T18:10:28.485+0000] {standard_task_runner.py:87} INFO - Running: ['***', 'tasks', 'run', 'stagingtodv', 'film', 'scheduled__2024-07-23T00:00:00+00:00', '--job-id', '6', '--raw', '--subdir', 'DAGS_FOLDER/dag.py', '--cfg-path', '/tmp/tmpl00oajza']
[2024-07-24T18:10:28.502+0000] {standard_task_runner.py:88} INFO - Job 6: Subtask film
[2024-07-24T18:10:28.637+0000] {task_command.py:423} INFO - Running <TaskInstance: stagingtodv.film scheduled__2024-07-23T00:00:00+00:00 [running]> on host 61620dbbe313
[2024-07-24T18:10:29.557+0000] {taskinstance.py:2513} INFO - Exporting env vars: AIRFLOW_CTX_DAG_OWNER='***' AIRFLOW_CTX_DAG_ID='stagingtodv' AIRFLOW_CTX_TASK_ID='film' AIRFLOW_CTX_EXECUTION_DATE='2024-07-23T00:00:00+00:00' AIRFLOW_CTX_TRY_NUMBER='1' AIRFLOW_CTX_DAG_RUN_ID='scheduled__2024-07-23T00:00:00+00:00'
[2024-07-24T18:10:29.559+0000] {logging_mixin.py:188} INFO - -------------------------------------------- select *  from etlconf.Etl_Process_Mapping where SourceTableName = 'film' and Stage = 'stagingtodv'
[2024-07-24T18:10:31.394+0000] {logging_mixin.py:188} INFO - update etlconf.Etl_Process_Mapping T set last_run_date = current_timestamp where destdbname='dbdv' and destschema='dvdrental' and desttablename='film';
[2024-07-24T18:10:31.529+0000] {python.py:202} INFO - Done. Returned value was: None
[2024-07-24T18:10:31.563+0000] {taskinstance.py:1149} INFO - Marking task as SUCCESS. dag_id=stagingtodv, task_id=film, execution_date=20240723T000000, start_date=20240724T181028, end_date=20240724T181031
[2024-07-24T18:10:31.602+0000] {local_task_job_runner.py:234} INFO - Task exited with return code 0
[2024-07-24T18:10:31.671+0000] {taskinstance.py:3312} INFO - 0 downstream tasks scheduled from follow-on schedule check
[2024-07-24T18:16:24.991+0000] {taskinstance.py:1979} INFO - Dependencies all met for dep_context=non-requeueable deps ti=<TaskInstance: stagingtodv.film scheduled__2024-07-23T00:00:00+00:00 [queued]>
[2024-07-24T18:16:25.002+0000] {taskinstance.py:1979} INFO - Dependencies all met for dep_context=requeueable deps ti=<TaskInstance: stagingtodv.film scheduled__2024-07-23T00:00:00+00:00 [queued]>
[2024-07-24T18:16:25.003+0000] {taskinstance.py:2193} INFO - Starting attempt 1 of 1
[2024-07-24T18:16:25.027+0000] {taskinstance.py:2217} INFO - Executing <Task(PythonOperator): film> on 2024-07-23 00:00:00+00:00
[2024-07-24T18:16:25.037+0000] {standard_task_runner.py:60} INFO - Started process 116 to run task
[2024-07-24T18:16:25.040+0000] {standard_task_runner.py:87} INFO - Running: ['***', 'tasks', 'run', 'stagingtodv', 'film', 'scheduled__2024-07-23T00:00:00+00:00', '--job-id', '12', '--raw', '--subdir', 'DAGS_FOLDER/dag.py', '--cfg-path', '/tmp/tmpsgfchmh6']
[2024-07-24T18:16:25.060+0000] {standard_task_runner.py:88} INFO - Job 12: Subtask film
[2024-07-24T18:16:25.238+0000] {task_command.py:423} INFO - Running <TaskInstance: stagingtodv.film scheduled__2024-07-23T00:00:00+00:00 [running]> on host 498c16fd9e64
[2024-07-24T18:16:26.422+0000] {taskinstance.py:2513} INFO - Exporting env vars: AIRFLOW_CTX_DAG_OWNER='***' AIRFLOW_CTX_DAG_ID='stagingtodv' AIRFLOW_CTX_TASK_ID='film' AIRFLOW_CTX_EXECUTION_DATE='2024-07-23T00:00:00+00:00' AIRFLOW_CTX_TRY_NUMBER='1' AIRFLOW_CTX_DAG_RUN_ID='scheduled__2024-07-23T00:00:00+00:00'
[2024-07-24T18:16:26.426+0000] {logging_mixin.py:188} INFO - -------------------------------------------- select *  from etlconf.Etl_Process_Mapping where SourceTableName = 'film' and Stage = 'stagingtodv'
[2024-07-24T18:16:26.871+0000] {logging_mixin.py:188} INFO - update etlconf.Etl_Process_Mapping T set last_run_date = current_timestamp where destdbname='dbdv' and destschema='dvdrental' and desttablename='film';
[2024-07-24T18:16:26.911+0000] {python.py:202} INFO - Done. Returned value was: None
[2024-07-24T18:16:26.930+0000] {taskinstance.py:1149} INFO - Marking task as SUCCESS. dag_id=stagingtodv, task_id=film, execution_date=20240723T000000, start_date=20240724T181624, end_date=20240724T181626
[2024-07-24T18:16:27.000+0000] {local_task_job_runner.py:234} INFO - Task exited with return code 0
[2024-07-24T18:16:27.016+0000] {taskinstance.py:3312} INFO - 0 downstream tasks scheduled from follow-on schedule check
[2024-07-24T18:23:31.456+0000] {taskinstance.py:1979} INFO - Dependencies all met for dep_context=non-requeueable deps ti=<TaskInstance: stagingtodv.film scheduled__2024-07-23T00:00:00+00:00 [queued]>
[2024-07-24T18:23:31.477+0000] {taskinstance.py:1979} INFO - Dependencies all met for dep_context=requeueable deps ti=<TaskInstance: stagingtodv.film scheduled__2024-07-23T00:00:00+00:00 [queued]>
[2024-07-24T18:23:31.480+0000] {taskinstance.py:2193} INFO - Starting attempt 1 of 1
[2024-07-24T18:23:31.546+0000] {taskinstance.py:2217} INFO - Executing <Task(PythonOperator): film> on 2024-07-23 00:00:00+00:00
[2024-07-24T18:23:31.561+0000] {standard_task_runner.py:60} INFO - Started process 103 to run task
[2024-07-24T18:23:31.590+0000] {standard_task_runner.py:87} INFO - Running: ['***', 'tasks', 'run', 'stagingtodv', 'film', 'scheduled__2024-07-23T00:00:00+00:00', '--job-id', '17', '--raw', '--subdir', 'DAGS_FOLDER/dag.py', '--cfg-path', '/tmp/tmpil_qmu35']
[2024-07-24T18:23:31.595+0000] {standard_task_runner.py:88} INFO - Job 17: Subtask film
[2024-07-24T18:23:31.711+0000] {task_command.py:423} INFO - Running <TaskInstance: stagingtodv.film scheduled__2024-07-23T00:00:00+00:00 [running]> on host bbd1d7010f8c
[2024-07-24T18:23:32.950+0000] {taskinstance.py:2513} INFO - Exporting env vars: AIRFLOW_CTX_DAG_OWNER='***' AIRFLOW_CTX_DAG_ID='stagingtodv' AIRFLOW_CTX_TASK_ID='film' AIRFLOW_CTX_EXECUTION_DATE='2024-07-23T00:00:00+00:00' AIRFLOW_CTX_TRY_NUMBER='1' AIRFLOW_CTX_DAG_RUN_ID='scheduled__2024-07-23T00:00:00+00:00'
[2024-07-24T18:23:32.955+0000] {logging_mixin.py:188} INFO - -------------------------------------------- select *  from etlconf.Etl_Process_Mapping where SourceTableName = 'film' and Stage = 'stagingtodv'
[2024-07-24T18:23:33.370+0000] {logging_mixin.py:188} INFO - update etlconf.Etl_Process_Mapping T set last_run_date = current_timestamp where destdbname='dbdv' and destschema='dvdrental' and desttablename='film';
[2024-07-24T18:23:33.441+0000] {python.py:202} INFO - Done. Returned value was: None
[2024-07-24T18:23:33.450+0000] {taskinstance.py:1149} INFO - Marking task as SUCCESS. dag_id=stagingtodv, task_id=film, execution_date=20240723T000000, start_date=20240724T182331, end_date=20240724T182333
[2024-07-24T18:23:33.487+0000] {local_task_job_runner.py:234} INFO - Task exited with return code 0
[2024-07-24T18:23:33.498+0000] {taskinstance.py:3312} INFO - 0 downstream tasks scheduled from follow-on schedule check
[2024-07-24T18:25:40.421+0000] {taskinstance.py:1979} INFO - Dependencies all met for dep_context=non-requeueable deps ti=<TaskInstance: stagingtodv.film scheduled__2024-07-23T00:00:00+00:00 [queued]>
[2024-07-24T18:25:40.441+0000] {taskinstance.py:1979} INFO - Dependencies all met for dep_context=requeueable deps ti=<TaskInstance: stagingtodv.film scheduled__2024-07-23T00:00:00+00:00 [queued]>
[2024-07-24T18:25:40.449+0000] {taskinstance.py:2193} INFO - Starting attempt 1 of 1
[2024-07-24T18:25:40.480+0000] {taskinstance.py:2217} INFO - Executing <Task(PythonOperator): film> on 2024-07-23 00:00:00+00:00
[2024-07-24T18:25:40.494+0000] {standard_task_runner.py:60} INFO - Started process 93 to run task
[2024-07-24T18:25:40.514+0000] {standard_task_runner.py:87} INFO - Running: ['***', 'tasks', 'run', 'stagingtodv', 'film', 'scheduled__2024-07-23T00:00:00+00:00', '--job-id', '9', '--raw', '--subdir', 'DAGS_FOLDER/dag.py', '--cfg-path', '/tmp/tmpt675h_xz']
[2024-07-24T18:25:40.525+0000] {standard_task_runner.py:88} INFO - Job 9: Subtask film
[2024-07-24T18:25:40.713+0000] {task_command.py:423} INFO - Running <TaskInstance: stagingtodv.film scheduled__2024-07-23T00:00:00+00:00 [running]> on host 5d8e7c9bb9aa
[2024-07-24T18:25:41.513+0000] {taskinstance.py:2513} INFO - Exporting env vars: AIRFLOW_CTX_DAG_OWNER='***' AIRFLOW_CTX_DAG_ID='stagingtodv' AIRFLOW_CTX_TASK_ID='film' AIRFLOW_CTX_EXECUTION_DATE='2024-07-23T00:00:00+00:00' AIRFLOW_CTX_TRY_NUMBER='1' AIRFLOW_CTX_DAG_RUN_ID='scheduled__2024-07-23T00:00:00+00:00'
[2024-07-24T18:25:41.523+0000] {logging_mixin.py:188} INFO - -------------------------------------------- select *  from etlconf.Etl_Process_Mapping where SourceTableName = 'film' and Stage = 'stagingtodv'
[2024-07-24T18:25:42.460+0000] {logging_mixin.py:188} INFO - update etlconf.Etl_Process_Mapping T set last_run_date = current_timestamp where destdbname='dbdv' and destschema='dvdrental' and desttablename='film';
[2024-07-24T18:25:42.499+0000] {python.py:202} INFO - Done. Returned value was: None
[2024-07-24T18:25:42.523+0000] {taskinstance.py:1149} INFO - Marking task as SUCCESS. dag_id=stagingtodv, task_id=film, execution_date=20240723T000000, start_date=20240724T182540, end_date=20240724T182542
[2024-07-24T18:25:42.559+0000] {local_task_job_runner.py:234} INFO - Task exited with return code 0
[2024-07-24T18:25:42.637+0000] {taskinstance.py:3312} INFO - 0 downstream tasks scheduled from follow-on schedule check
[2024-07-24T19:31:51.565+0000] {taskinstance.py:1979} INFO - Dependencies all met for dep_context=non-requeueable deps ti=<TaskInstance: stagingtodv.film scheduled__2024-07-23T00:00:00+00:00 [queued]>
[2024-07-24T19:31:51.596+0000] {taskinstance.py:1979} INFO - Dependencies all met for dep_context=requeueable deps ti=<TaskInstance: stagingtodv.film scheduled__2024-07-23T00:00:00+00:00 [queued]>
[2024-07-24T19:31:51.599+0000] {taskinstance.py:2193} INFO - Starting attempt 1 of 1
[2024-07-24T19:31:51.624+0000] {taskinstance.py:2217} INFO - Executing <Task(PythonOperator): film> on 2024-07-23 00:00:00+00:00
[2024-07-24T19:31:51.632+0000] {standard_task_runner.py:60} INFO - Started process 99 to run task
[2024-07-24T19:31:51.651+0000] {standard_task_runner.py:87} INFO - Running: ['***', 'tasks', 'run', 'stagingtodv', 'film', 'scheduled__2024-07-23T00:00:00+00:00', '--job-id', '4', '--raw', '--subdir', 'DAGS_FOLDER/dag.py', '--cfg-path', '/tmp/tmpojwst_ps']
[2024-07-24T19:31:51.669+0000] {standard_task_runner.py:88} INFO - Job 4: Subtask film
[2024-07-24T19:31:51.873+0000] {task_command.py:423} INFO - Running <TaskInstance: stagingtodv.film scheduled__2024-07-23T00:00:00+00:00 [running]> on host 3e0bdef1d250
[2024-07-24T19:31:53.667+0000] {taskinstance.py:2513} INFO - Exporting env vars: AIRFLOW_CTX_DAG_OWNER='***' AIRFLOW_CTX_DAG_ID='stagingtodv' AIRFLOW_CTX_TASK_ID='film' AIRFLOW_CTX_EXECUTION_DATE='2024-07-23T00:00:00+00:00' AIRFLOW_CTX_TRY_NUMBER='1' AIRFLOW_CTX_DAG_RUN_ID='scheduled__2024-07-23T00:00:00+00:00'
[2024-07-24T19:31:53.672+0000] {logging_mixin.py:188} INFO - -------------------------------------------- select *  from etlconf.Etl_Process_Mapping where SourceTableName = 'film' and Stage = 'stagingtodv'
[2024-07-24T19:31:54.585+0000] {logging_mixin.py:188} INFO - update etlconf.Etl_Process_Mapping T set last_run_date = current_timestamp where destdbname='dbdv' and destschema='dvdrental' and desttablename='film';
[2024-07-24T19:31:54.614+0000] {python.py:202} INFO - Done. Returned value was: None
[2024-07-24T19:31:54.625+0000] {taskinstance.py:1149} INFO - Marking task as SUCCESS. dag_id=stagingtodv, task_id=film, execution_date=20240723T000000, start_date=20240724T193151, end_date=20240724T193154
[2024-07-24T19:31:54.682+0000] {local_task_job_runner.py:234} INFO - Task exited with return code 0
[2024-07-24T19:31:54.749+0000] {taskinstance.py:3312} INFO - 0 downstream tasks scheduled from follow-on schedule check
[2024-07-24T20:10:31.603+0000] {taskinstance.py:1979} INFO - Dependencies all met for dep_context=non-requeueable deps ti=<TaskInstance: stagingtodv.film scheduled__2024-07-23T00:00:00+00:00 [queued]>
[2024-07-24T20:10:31.628+0000] {taskinstance.py:1979} INFO - Dependencies all met for dep_context=requeueable deps ti=<TaskInstance: stagingtodv.film scheduled__2024-07-23T00:00:00+00:00 [queued]>
[2024-07-24T20:10:31.632+0000] {taskinstance.py:2193} INFO - Starting attempt 1 of 1
[2024-07-24T20:10:31.672+0000] {taskinstance.py:2217} INFO - Executing <Task(PythonOperator): film> on 2024-07-23 00:00:00+00:00
[2024-07-24T20:10:31.727+0000] {standard_task_runner.py:60} INFO - Started process 97 to run task
[2024-07-24T20:10:31.781+0000] {standard_task_runner.py:87} INFO - Running: ['***', 'tasks', 'run', 'stagingtodv', 'film', 'scheduled__2024-07-23T00:00:00+00:00', '--job-id', '10', '--raw', '--subdir', 'DAGS_FOLDER/dag.py', '--cfg-path', '/tmp/tmp6z34k4nt']
[2024-07-24T20:10:31.806+0000] {standard_task_runner.py:88} INFO - Job 10: Subtask film
[2024-07-24T20:10:32.290+0000] {task_command.py:423} INFO - Running <TaskInstance: stagingtodv.film scheduled__2024-07-23T00:00:00+00:00 [running]> on host 2b5a76a23048
[2024-07-24T20:10:33.538+0000] {taskinstance.py:2513} INFO - Exporting env vars: AIRFLOW_CTX_DAG_OWNER='***' AIRFLOW_CTX_DAG_ID='stagingtodv' AIRFLOW_CTX_TASK_ID='film' AIRFLOW_CTX_EXECUTION_DATE='2024-07-23T00:00:00+00:00' AIRFLOW_CTX_TRY_NUMBER='1' AIRFLOW_CTX_DAG_RUN_ID='scheduled__2024-07-23T00:00:00+00:00'
[2024-07-24T20:10:33.553+0000] {logging_mixin.py:188} INFO - -------------------------------------------- select *  from etlconf.Etl_Process_Mapping where SourceTableName = 'film' and Stage = 'stagingtodv'
[2024-07-24T20:10:33.748+0000] {taskinstance.py:2731} ERROR - Task failed with exception
Traceback (most recent call last):
  File "/home/airflow/.local/lib/python3.8/site-packages/airflow/models/taskinstance.py", line 444, in _execute_task
    result = _execute_callable(context=context, **execute_callable_kwargs)
  File "/home/airflow/.local/lib/python3.8/site-packages/airflow/models/taskinstance.py", line 414, in _execute_callable
    return execute_callable(context=context, **execute_callable_kwargs)
  File "/home/airflow/.local/lib/python3.8/site-packages/airflow/operators/python.py", line 200, in execute
    return_value = self.execute_callable()
  File "/home/airflow/.local/lib/python3.8/site-packages/airflow/operators/python.py", line 217, in execute_callable
    return self.python_callable(*self.op_args, **self.op_kwargs)
  File "/opt/airflow/dags/dag.py", line 47, in process_table
    return  execute(table, stage, tabletype)
  File "/app/main.py", line 31, in execute
    StagingToDV().create_full().some_function(table, stage)
  File "/app/concretestage/StagingToDV.py", line 47, in some_function
    dest_col_list = list(getDF(DestDBName, DestTableName,DestSchema).columns)
  File "/app/myFramework/utils/utils.py", line 34, in getDF
    df.columns = [desc[0] for desc in cur.description]
  File "/home/airflow/.local/lib/python3.8/site-packages/pandas/core/generic.py", line 6002, in __setattr__
    return object.__setattr__(self, name, value)
  File "pandas/_libs/properties.pyx", line 69, in pandas._libs.properties.AxisProperty.__set__
  File "/home/airflow/.local/lib/python3.8/site-packages/pandas/core/generic.py", line 730, in _set_axis
    self._mgr.set_axis(axis, labels)
  File "/home/airflow/.local/lib/python3.8/site-packages/pandas/core/internals/managers.py", line 225, in set_axis
    self._validate_set_axis(axis, new_labels)
  File "/home/airflow/.local/lib/python3.8/site-packages/pandas/core/internals/base.py", line 70, in _validate_set_axis
    raise ValueError(
ValueError: Length mismatch: Expected axis has 0 elements, new values have 14 elements
[2024-07-24T20:10:33.765+0000] {taskinstance.py:1149} INFO - Marking task as FAILED. dag_id=stagingtodv, task_id=film, execution_date=20240723T000000, start_date=20240724T201031, end_date=20240724T201033
[2024-07-24T20:10:33.784+0000] {standard_task_runner.py:107} ERROR - Failed to execute job 10 for task film (Length mismatch: Expected axis has 0 elements, new values have 14 elements; 97)
[2024-07-24T20:10:33.816+0000] {local_task_job_runner.py:234} INFO - Task exited with return code 1
[2024-07-24T20:10:33.847+0000] {taskinstance.py:3312} INFO - 0 downstream tasks scheduled from follow-on schedule check
[2024-07-24T20:12:42.132+0000] {taskinstance.py:1979} INFO - Dependencies all met for dep_context=non-requeueable deps ti=<TaskInstance: stagingtodv.film scheduled__2024-07-23T00:00:00+00:00 [queued]>
[2024-07-24T20:12:42.154+0000] {taskinstance.py:1979} INFO - Dependencies all met for dep_context=requeueable deps ti=<TaskInstance: stagingtodv.film scheduled__2024-07-23T00:00:00+00:00 [queued]>
[2024-07-24T20:12:42.156+0000] {taskinstance.py:2193} INFO - Starting attempt 1 of 1
[2024-07-24T20:12:42.214+0000] {taskinstance.py:2217} INFO - Executing <Task(PythonOperator): film> on 2024-07-23 00:00:00+00:00
[2024-07-24T20:12:42.226+0000] {standard_task_runner.py:60} INFO - Started process 91 to run task
[2024-07-24T20:12:42.233+0000] {standard_task_runner.py:87} INFO - Running: ['***', 'tasks', 'run', 'stagingtodv', 'film', 'scheduled__2024-07-23T00:00:00+00:00', '--job-id', '6', '--raw', '--subdir', 'DAGS_FOLDER/dag.py', '--cfg-path', '/tmp/tmp4b2h592t']
[2024-07-24T20:12:42.246+0000] {standard_task_runner.py:88} INFO - Job 6: Subtask film
[2024-07-24T20:12:42.683+0000] {task_command.py:423} INFO - Running <TaskInstance: stagingtodv.film scheduled__2024-07-23T00:00:00+00:00 [running]> on host c86ab2f6676c
[2024-07-24T20:12:45.622+0000] {taskinstance.py:2513} INFO - Exporting env vars: AIRFLOW_CTX_DAG_OWNER='***' AIRFLOW_CTX_DAG_ID='stagingtodv' AIRFLOW_CTX_TASK_ID='film' AIRFLOW_CTX_EXECUTION_DATE='2024-07-23T00:00:00+00:00' AIRFLOW_CTX_TRY_NUMBER='1' AIRFLOW_CTX_DAG_RUN_ID='scheduled__2024-07-23T00:00:00+00:00'
[2024-07-24T20:12:45.636+0000] {logging_mixin.py:188} INFO - -------------------------------------------- select *  from etlconf.Etl_Process_Mapping where SourceTableName = 'film' and Stage = 'stagingtodv'
[2024-07-24T20:12:46.018+0000] {taskinstance.py:2731} ERROR - Task failed with exception
Traceback (most recent call last):
  File "/home/airflow/.local/lib/python3.8/site-packages/airflow/models/taskinstance.py", line 444, in _execute_task
    result = _execute_callable(context=context, **execute_callable_kwargs)
  File "/home/airflow/.local/lib/python3.8/site-packages/airflow/models/taskinstance.py", line 414, in _execute_callable
    return execute_callable(context=context, **execute_callable_kwargs)
  File "/home/airflow/.local/lib/python3.8/site-packages/airflow/operators/python.py", line 200, in execute
    return_value = self.execute_callable()
  File "/home/airflow/.local/lib/python3.8/site-packages/airflow/operators/python.py", line 217, in execute_callable
    return self.python_callable(*self.op_args, **self.op_kwargs)
  File "/opt/airflow/dags/dag.py", line 47, in process_table
    return  execute(table, stage, tabletype)
  File "/app/main.py", line 31, in execute
    StagingToDV().create_full().some_function(table, stage)
  File "/app/concretestage/StagingToDV.py", line 47, in some_function
    dest_col_list = list(getDF(DestDBName, DestTableName,DestSchema).columns)
  File "/app/myFramework/utils/utils.py", line 34, in getDF
    df.columns = [desc[0] for desc in cur.description]
  File "/home/airflow/.local/lib/python3.8/site-packages/pandas/core/generic.py", line 6002, in __setattr__
    return object.__setattr__(self, name, value)
  File "pandas/_libs/properties.pyx", line 69, in pandas._libs.properties.AxisProperty.__set__
  File "/home/airflow/.local/lib/python3.8/site-packages/pandas/core/generic.py", line 730, in _set_axis
    self._mgr.set_axis(axis, labels)
  File "/home/airflow/.local/lib/python3.8/site-packages/pandas/core/internals/managers.py", line 225, in set_axis
    self._validate_set_axis(axis, new_labels)
  File "/home/airflow/.local/lib/python3.8/site-packages/pandas/core/internals/base.py", line 70, in _validate_set_axis
    raise ValueError(
ValueError: Length mismatch: Expected axis has 0 elements, new values have 14 elements
[2024-07-24T20:12:46.083+0000] {taskinstance.py:1149} INFO - Marking task as FAILED. dag_id=stagingtodv, task_id=film, execution_date=20240723T000000, start_date=20240724T201242, end_date=20240724T201246
[2024-07-24T20:12:46.135+0000] {standard_task_runner.py:107} ERROR - Failed to execute job 6 for task film (Length mismatch: Expected axis has 0 elements, new values have 14 elements; 91)
[2024-07-24T20:12:46.196+0000] {local_task_job_runner.py:234} INFO - Task exited with return code 1
[2024-07-24T20:12:46.309+0000] {taskinstance.py:3312} INFO - 0 downstream tasks scheduled from follow-on schedule check
[2024-07-24T20:14:53.055+0000] {taskinstance.py:1979} INFO - Dependencies all met for dep_context=non-requeueable deps ti=<TaskInstance: stagingtodv.film scheduled__2024-07-23T00:00:00+00:00 [queued]>
[2024-07-24T20:14:53.091+0000] {taskinstance.py:1979} INFO - Dependencies all met for dep_context=requeueable deps ti=<TaskInstance: stagingtodv.film scheduled__2024-07-23T00:00:00+00:00 [queued]>
[2024-07-24T20:14:53.093+0000] {taskinstance.py:2193} INFO - Starting attempt 1 of 1
[2024-07-24T20:14:53.168+0000] {taskinstance.py:2217} INFO - Executing <Task(PythonOperator): film> on 2024-07-23 00:00:00+00:00
[2024-07-24T20:14:53.184+0000] {standard_task_runner.py:60} INFO - Started process 90 to run task
[2024-07-24T20:14:53.191+0000] {standard_task_runner.py:87} INFO - Running: ['***', 'tasks', 'run', 'stagingtodv', 'film', 'scheduled__2024-07-23T00:00:00+00:00', '--job-id', '5', '--raw', '--subdir', 'DAGS_FOLDER/dag.py', '--cfg-path', '/tmp/tmp5h1fkslo']
[2024-07-24T20:14:53.206+0000] {standard_task_runner.py:88} INFO - Job 5: Subtask film
[2024-07-24T20:14:53.331+0000] {task_command.py:423} INFO - Running <TaskInstance: stagingtodv.film scheduled__2024-07-23T00:00:00+00:00 [running]> on host 86e5a5fada4c
[2024-07-24T20:14:53.951+0000] {taskinstance.py:2513} INFO - Exporting env vars: AIRFLOW_CTX_DAG_OWNER='***' AIRFLOW_CTX_DAG_ID='stagingtodv' AIRFLOW_CTX_TASK_ID='film' AIRFLOW_CTX_EXECUTION_DATE='2024-07-23T00:00:00+00:00' AIRFLOW_CTX_TRY_NUMBER='1' AIRFLOW_CTX_DAG_RUN_ID='scheduled__2024-07-23T00:00:00+00:00'
[2024-07-24T20:14:53.955+0000] {logging_mixin.py:188} INFO - -------------------------------------------- select *  from etlconf.Etl_Process_Mapping where SourceTableName = 'film' and Stage = 'stagingtodv'
[2024-07-24T20:14:54.374+0000] {logging_mixin.py:188} INFO - sourceDF     :      film_id  ...                                           fulltext
0        133  ...  'chamber':1 'fate':4 'husband':11 'italian':2 ...
1        384  ...  'australia':18 'cat':8 'drama':5 'epic':4 'exp...
2          8  ...  'airport':1 'ancient':18 'confront':14 'epic':...
3         98  ...  'boat':20 'bright':1 'conquer':14 'encount':2 ...
4          1  ...  'academi':1 'battl':15 'canadian':20 'dinosaur...
..       ...  ...                                                ...
995      996  ...  'administr':12 'boat':8 'boy':17 'databas':11 ...
996      997  ...  'boat':22 'cat':11 'challeng':14 'drama':5 'ki...
997      998  ...  'boy':16 'canadian':19 'compos':8 'core':2 'fa...
998      999  ...  'ancient':19 'boat':11 'china':20 'discov':14 ...
999     1000  ...  'ark':2 'boy':12,17 'intrepid':4 'mad':8 'mona...

[1000 rows x 13 columns]
[2024-07-24T20:14:54.469+0000] {taskinstance.py:2731} ERROR - Task failed with exception
Traceback (most recent call last):
  File "/home/airflow/.local/lib/python3.8/site-packages/airflow/models/taskinstance.py", line 444, in _execute_task
    result = _execute_callable(context=context, **execute_callable_kwargs)
  File "/home/airflow/.local/lib/python3.8/site-packages/airflow/models/taskinstance.py", line 414, in _execute_callable
    return execute_callable(context=context, **execute_callable_kwargs)
  File "/home/airflow/.local/lib/python3.8/site-packages/airflow/operators/python.py", line 200, in execute
    return_value = self.execute_callable()
  File "/home/airflow/.local/lib/python3.8/site-packages/airflow/operators/python.py", line 217, in execute_callable
    return self.python_callable(*self.op_args, **self.op_kwargs)
  File "/opt/airflow/dags/dag.py", line 47, in process_table
    return  execute(table, stage, tabletype)
  File "/app/main.py", line 31, in execute
    StagingToDV().create_full().some_function(table, stage)
  File "/app/concretestage/StagingToDV.py", line 47, in some_function
    dest_col_list = list(getDF(DestDBName, DestTableName,DestSchema).columns)
  File "/app/myFramework/utils/utils.py", line 34, in getDF
    df.columns = [desc[0] for desc in cur.description]
  File "/home/airflow/.local/lib/python3.8/site-packages/pandas/core/generic.py", line 6002, in __setattr__
    return object.__setattr__(self, name, value)
  File "pandas/_libs/properties.pyx", line 69, in pandas._libs.properties.AxisProperty.__set__
  File "/home/airflow/.local/lib/python3.8/site-packages/pandas/core/generic.py", line 730, in _set_axis
    self._mgr.set_axis(axis, labels)
  File "/home/airflow/.local/lib/python3.8/site-packages/pandas/core/internals/managers.py", line 225, in set_axis
    self._validate_set_axis(axis, new_labels)
  File "/home/airflow/.local/lib/python3.8/site-packages/pandas/core/internals/base.py", line 70, in _validate_set_axis
    raise ValueError(
ValueError: Length mismatch: Expected axis has 0 elements, new values have 14 elements
[2024-07-24T20:14:54.527+0000] {taskinstance.py:1149} INFO - Marking task as FAILED. dag_id=stagingtodv, task_id=film, execution_date=20240723T000000, start_date=20240724T201453, end_date=20240724T201454
[2024-07-24T20:14:54.566+0000] {standard_task_runner.py:107} ERROR - Failed to execute job 5 for task film (Length mismatch: Expected axis has 0 elements, new values have 14 elements; 90)
[2024-07-24T20:14:54.638+0000] {local_task_job_runner.py:234} INFO - Task exited with return code 1
[2024-07-24T20:14:54.700+0000] {taskinstance.py:3312} INFO - 0 downstream tasks scheduled from follow-on schedule check
[2024-07-24T20:23:46.330+0000] {taskinstance.py:1979} INFO - Dependencies all met for dep_context=non-requeueable deps ti=<TaskInstance: stagingtodv.film scheduled__2024-07-23T00:00:00+00:00 [queued]>
[2024-07-24T20:23:46.374+0000] {taskinstance.py:1979} INFO - Dependencies all met for dep_context=requeueable deps ti=<TaskInstance: stagingtodv.film scheduled__2024-07-23T00:00:00+00:00 [queued]>
[2024-07-24T20:23:46.379+0000] {taskinstance.py:2193} INFO - Starting attempt 1 of 1
[2024-07-24T20:23:46.414+0000] {taskinstance.py:2217} INFO - Executing <Task(PythonOperator): film> on 2024-07-23 00:00:00+00:00
[2024-07-24T20:23:46.423+0000] {standard_task_runner.py:60} INFO - Started process 145 to run task
[2024-07-24T20:23:46.457+0000] {standard_task_runner.py:87} INFO - Running: ['***', 'tasks', 'run', 'stagingtodv', 'film', 'scheduled__2024-07-23T00:00:00+00:00', '--job-id', '14', '--raw', '--subdir', 'DAGS_FOLDER/dag.py', '--cfg-path', '/tmp/tmp8wmzi4ng']
[2024-07-24T20:23:46.498+0000] {standard_task_runner.py:88} INFO - Job 14: Subtask film
[2024-07-24T20:23:46.738+0000] {task_command.py:423} INFO - Running <TaskInstance: stagingtodv.film scheduled__2024-07-23T00:00:00+00:00 [running]> on host fd6805ab8e96
[2024-07-24T20:23:48.028+0000] {taskinstance.py:2513} INFO - Exporting env vars: AIRFLOW_CTX_DAG_OWNER='***' AIRFLOW_CTX_DAG_ID='stagingtodv' AIRFLOW_CTX_TASK_ID='film' AIRFLOW_CTX_EXECUTION_DATE='2024-07-23T00:00:00+00:00' AIRFLOW_CTX_TRY_NUMBER='1' AIRFLOW_CTX_DAG_RUN_ID='scheduled__2024-07-23T00:00:00+00:00'
[2024-07-24T20:23:48.039+0000] {logging_mixin.py:188} INFO - -------------------------------------------- select *  from etlconf.Etl_Process_Mapping where SourceTableName = 'film' and Stage = 'stagingtodv'
[2024-07-24T20:23:49.122+0000] {logging_mixin.py:188} INFO - update etlconf.Etl_Process_Mapping T set last_run_date = current_timestamp where destdbname='dbdv' and destschema='dvdrental' and desttablename='film';
[2024-07-24T20:23:49.157+0000] {python.py:202} INFO - Done. Returned value was: None
[2024-07-24T20:23:49.167+0000] {taskinstance.py:1149} INFO - Marking task as SUCCESS. dag_id=stagingtodv, task_id=film, execution_date=20240723T000000, start_date=20240724T202346, end_date=20240724T202349
[2024-07-24T20:23:49.241+0000] {local_task_job_runner.py:234} INFO - Task exited with return code 0
[2024-07-24T20:23:49.259+0000] {taskinstance.py:3312} INFO - 0 downstream tasks scheduled from follow-on schedule check
[2024-07-24T20:35:58.921+0000] {taskinstance.py:1979} INFO - Dependencies all met for dep_context=non-requeueable deps ti=<TaskInstance: stagingtodv.film scheduled__2024-07-23T00:00:00+00:00 [queued]>
[2024-07-24T20:35:58.976+0000] {taskinstance.py:1979} INFO - Dependencies all met for dep_context=requeueable deps ti=<TaskInstance: stagingtodv.film scheduled__2024-07-23T00:00:00+00:00 [queued]>
[2024-07-24T20:35:58.982+0000] {taskinstance.py:2193} INFO - Starting attempt 1 of 1
[2024-07-24T20:35:59.034+0000] {taskinstance.py:2217} INFO - Executing <Task(PythonOperator): film> on 2024-07-23 00:00:00+00:00
[2024-07-24T20:35:59.058+0000] {standard_task_runner.py:60} INFO - Started process 102 to run task
[2024-07-24T20:35:59.078+0000] {standard_task_runner.py:87} INFO - Running: ['***', 'tasks', 'run', 'stagingtodv', 'film', 'scheduled__2024-07-23T00:00:00+00:00', '--job-id', '16', '--raw', '--subdir', 'DAGS_FOLDER/dag.py', '--cfg-path', '/tmp/tmpd6i97jz5']
[2024-07-24T20:35:59.093+0000] {standard_task_runner.py:88} INFO - Job 16: Subtask film
[2024-07-24T20:35:59.398+0000] {task_command.py:423} INFO - Running <TaskInstance: stagingtodv.film scheduled__2024-07-23T00:00:00+00:00 [running]> on host 7dd317f3ab25
[2024-07-24T20:36:00.654+0000] {taskinstance.py:2513} INFO - Exporting env vars: AIRFLOW_CTX_DAG_OWNER='***' AIRFLOW_CTX_DAG_ID='stagingtodv' AIRFLOW_CTX_TASK_ID='film' AIRFLOW_CTX_EXECUTION_DATE='2024-07-23T00:00:00+00:00' AIRFLOW_CTX_TRY_NUMBER='1' AIRFLOW_CTX_DAG_RUN_ID='scheduled__2024-07-23T00:00:00+00:00'
[2024-07-24T20:36:00.655+0000] {logging_mixin.py:188} INFO - -------------------------------------------- select *  from etlconf.Etl_Process_Mapping where SourceTableName = 'film' and Stage = 'stagingtodv'
[2024-07-24T20:36:00.880+0000] {logging_mixin.py:188} INFO - genaretedDF      film_id  ...                                           fulltext
0        NaN  ...  'chamber':1 'fate':4 'husband':11 'italian':2 ...
1        NaN  ...  'australia':18 'cat':8 'drama':5 'epic':4 'exp...
2        NaN  ...  'airport':1 'ancient':18 'confront':14 'epic':...
3        NaN  ...  'boat':20 'bright':1 'conquer':14 'encount':2 ...
4        NaN  ...  'academi':1 'battl':15 'canadian':20 'dinosaur...
..       ...  ...                                                ...
995      NaN  ...  'administr':12 'boat':8 'boy':17 'databas':11 ...
996      NaN  ...  'boat':22 'cat':11 'challeng':14 'drama':5 'ki...
997      NaN  ...  'boy':16 'canadian':19 'compos':8 'core':2 'fa...
998      NaN  ...  'ancient':19 'boat':11 'china':20 'discov':14 ...
999      NaN  ...  'ark':2 'boy':12,17 'intrepid':4 'mad':8 'mona...

[1000 rows x 13 columns]
[2024-07-24T20:36:01.215+0000] {logging_mixin.py:188} INFO - update etlconf.Etl_Process_Mapping T set last_run_date = current_timestamp where destdbname='dbdv' and destschema='dvdrental' and desttablename='film';
[2024-07-24T20:36:01.232+0000] {python.py:202} INFO - Done. Returned value was: None
[2024-07-24T20:36:01.240+0000] {taskinstance.py:1149} INFO - Marking task as SUCCESS. dag_id=stagingtodv, task_id=film, execution_date=20240723T000000, start_date=20240724T203558, end_date=20240724T203601
[2024-07-24T20:36:01.293+0000] {local_task_job_runner.py:234} INFO - Task exited with return code 0
[2024-07-24T20:44:26.041+0000] {taskinstance.py:3318} INFO - Skipping mini scheduling run due to exception: SELECT dag_run.state AS dag_run_state, dag_run.id AS dag_run_id, dag_run.dag_id AS dag_run_dag_id, dag_run.queued_at AS dag_run_queued_at, dag_run.execution_date AS dag_run_execution_date, dag_run.start_date AS dag_run_start_date, dag_run.end_date AS dag_run_end_date, dag_run.run_id AS dag_run_run_id, dag_run.creating_job_id AS dag_run_creating_job_id, dag_run.external_trigger AS dag_run_external_trigger, dag_run.run_type AS dag_run_run_type, dag_run.conf AS dag_run_conf, dag_run.data_interval_start AS dag_run_data_interval_start, dag_run.data_interval_end AS dag_run_data_interval_end, dag_run.last_scheduling_decision AS dag_run_last_scheduling_decision, dag_run.dag_hash AS dag_run_dag_hash, dag_run.log_template_id AS dag_run_log_template_id, dag_run.updated_at AS dag_run_updated_at, dag_run.clear_number AS dag_run_clear_number 
FROM dag_run 
WHERE dag_run.dag_id = %(dag_id_1)s AND dag_run.run_id = %(run_id_1)s FOR UPDATE
Traceback (most recent call last):
  File "/home/airflow/.local/lib/python3.8/site-packages/sqlalchemy/engine/base.py", line 1910, in _execute_context
    self.dialect.do_execute(
  File "/home/airflow/.local/lib/python3.8/site-packages/sqlalchemy/engine/default.py", line 736, in do_execute
    cursor.execute(statement, parameters)
psycopg2.OperationalError: server closed the connection unexpectedly
	This probably means the server terminated abnormally
	before or while processing the request.


The above exception was the direct cause of the following exception:

Traceback (most recent call last):
  File "/home/airflow/.local/lib/python3.8/site-packages/airflow/models/taskinstance.py", line 3267, in _schedule_downstream_tasks
    dag_run = with_row_locks(
  File "/home/airflow/.local/lib/python3.8/site-packages/sqlalchemy/orm/query.py", line 2870, in one
    return self._iter().one()
  File "/home/airflow/.local/lib/python3.8/site-packages/sqlalchemy/orm/query.py", line 2916, in _iter
    result = self.session.execute(
  File "/home/airflow/.local/lib/python3.8/site-packages/sqlalchemy/orm/session.py", line 1717, in execute
    result = conn._execute_20(statement, params or {}, execution_options)
  File "/home/airflow/.local/lib/python3.8/site-packages/sqlalchemy/engine/base.py", line 1710, in _execute_20
    return meth(self, args_10style, kwargs_10style, execution_options)
  File "/home/airflow/.local/lib/python3.8/site-packages/sqlalchemy/sql/elements.py", line 334, in _execute_on_connection
    return connection._execute_clauseelement(
  File "/home/airflow/.local/lib/python3.8/site-packages/sqlalchemy/engine/base.py", line 1577, in _execute_clauseelement
    ret = self._execute_context(
  File "/home/airflow/.local/lib/python3.8/site-packages/sqlalchemy/engine/base.py", line 1953, in _execute_context
    self._handle_dbapi_exception(
  File "/home/airflow/.local/lib/python3.8/site-packages/sqlalchemy/engine/base.py", line 2134, in _handle_dbapi_exception
    util.raise_(
  File "/home/airflow/.local/lib/python3.8/site-packages/sqlalchemy/util/compat.py", line 211, in raise_
    raise exception
  File "/home/airflow/.local/lib/python3.8/site-packages/sqlalchemy/engine/base.py", line 1910, in _execute_context
    self.dialect.do_execute(
  File "/home/airflow/.local/lib/python3.8/site-packages/sqlalchemy/engine/default.py", line 736, in do_execute
    cursor.execute(statement, parameters)
sqlalchemy.exc.OperationalError: (psycopg2.OperationalError) server closed the connection unexpectedly
	This probably means the server terminated abnormally
	before or while processing the request.

[SQL: SELECT dag_run.state AS dag_run_state, dag_run.id AS dag_run_id, dag_run.dag_id AS dag_run_dag_id, dag_run.queued_at AS dag_run_queued_at, dag_run.execution_date AS dag_run_execution_date, dag_run.start_date AS dag_run_start_date, dag_run.end_date AS dag_run_end_date, dag_run.run_id AS dag_run_run_id, dag_run.creating_job_id AS dag_run_creating_job_id, dag_run.external_trigger AS dag_run_external_trigger, dag_run.run_type AS dag_run_run_type, dag_run.conf AS dag_run_conf, dag_run.data_interval_start AS dag_run_data_interval_start, dag_run.data_interval_end AS dag_run_data_interval_end, dag_run.last_scheduling_decision AS dag_run_last_scheduling_decision, dag_run.dag_hash AS dag_run_dag_hash, dag_run.log_template_id AS dag_run_log_template_id, dag_run.updated_at AS dag_run_updated_at, dag_run.clear_number AS dag_run_clear_number 
FROM dag_run 
WHERE dag_run.dag_id = %(dag_id_1)s AND dag_run.run_id = %(run_id_1)s FOR UPDATE]
[parameters: {'dag_id_1': 'stagingtodv', 'run_id_1': 'scheduled__2024-07-23T00:00:00+00:00'}]
(Background on this error at: https://sqlalche.me/e/14/e3q8)
