[2024-07-25T18:18:55.631+0000] {taskinstance.py:1979} INFO - Dependencies all met for dep_context=non-requeueable deps ti=<TaskInstance: stagingtodv.store scheduled__2024-07-24T00:00:00+00:00 [queued]>
[2024-07-25T18:18:55.667+0000] {taskinstance.py:1979} INFO - Dependencies all met for dep_context=requeueable deps ti=<TaskInstance: stagingtodv.store scheduled__2024-07-24T00:00:00+00:00 [queued]>
[2024-07-25T18:18:55.672+0000] {taskinstance.py:2193} INFO - Starting attempt 1 of 1
[2024-07-25T18:18:55.735+0000] {taskinstance.py:2217} INFO - Executing <Task(PythonOperator): store> on 2024-07-24 00:00:00+00:00
[2024-07-25T18:18:55.740+0000] {standard_task_runner.py:60} INFO - Started process 112 to run task
[2024-07-25T18:18:55.749+0000] {standard_task_runner.py:87} INFO - Running: ['***', 'tasks', 'run', 'stagingtodv', 'store', 'scheduled__2024-07-24T00:00:00+00:00', '--job-id', '37', '--raw', '--subdir', 'DAGS_FOLDER/dag.py', '--cfg-path', '/tmp/tmp0gjuahl2']
[2024-07-25T18:18:55.790+0000] {standard_task_runner.py:88} INFO - Job 37: Subtask store
[2024-07-25T18:18:55.944+0000] {task_command.py:423} INFO - Running <TaskInstance: stagingtodv.store scheduled__2024-07-24T00:00:00+00:00 [running]> on host 7dd317f3ab25
[2024-07-25T18:18:56.160+0000] {taskinstance.py:2513} INFO - Exporting env vars: AIRFLOW_CTX_DAG_OWNER='***' AIRFLOW_CTX_DAG_ID='stagingtodv' AIRFLOW_CTX_TASK_ID='store' AIRFLOW_CTX_EXECUTION_DATE='2024-07-24T00:00:00+00:00' AIRFLOW_CTX_TRY_NUMBER='1' AIRFLOW_CTX_DAG_RUN_ID='scheduled__2024-07-24T00:00:00+00:00'
[2024-07-25T18:18:56.177+0000] {logging_mixin.py:188} INFO - -------------------------------------------- select *  from etlconf.Etl_Process_Mapping where SourceTableName = 'store' and Stage = 'stagingtodv'
[2024-07-25T18:18:57.500+0000] {python.py:202} INFO - Done. Returned value was: None
[2024-07-25T18:18:57.537+0000] {taskinstance.py:1149} INFO - Marking task as SUCCESS. dag_id=stagingtodv, task_id=store, execution_date=20240724T000000, start_date=20240725T181855, end_date=20240725T181857
[2024-07-25T18:18:57.743+0000] {local_task_job_runner.py:234} INFO - Task exited with return code 0
[2024-07-25T18:18:57.810+0000] {taskinstance.py:3312} INFO - 0 downstream tasks scheduled from follow-on schedule check
[2024-07-25T18:23:25.828+0000] {taskinstance.py:1979} INFO - Dependencies all met for dep_context=non-requeueable deps ti=<TaskInstance: stagingtodv.store scheduled__2024-07-24T00:00:00+00:00 [queued]>
[2024-07-25T18:23:25.846+0000] {taskinstance.py:1979} INFO - Dependencies all met for dep_context=requeueable deps ti=<TaskInstance: stagingtodv.store scheduled__2024-07-24T00:00:00+00:00 [queued]>
[2024-07-25T18:23:25.849+0000] {taskinstance.py:2193} INFO - Starting attempt 1 of 1
[2024-07-25T18:23:25.886+0000] {taskinstance.py:2217} INFO - Executing <Task(PythonOperator): store> on 2024-07-24 00:00:00+00:00
[2024-07-25T18:23:25.894+0000] {standard_task_runner.py:60} INFO - Started process 119 to run task
[2024-07-25T18:23:25.907+0000] {standard_task_runner.py:87} INFO - Running: ['***', 'tasks', 'run', 'stagingtodv', 'store', 'scheduled__2024-07-24T00:00:00+00:00', '--job-id', '6', '--raw', '--subdir', 'DAGS_FOLDER/dag.py', '--cfg-path', '/tmp/tmp8klhbenf']
[2024-07-25T18:23:25.922+0000] {standard_task_runner.py:88} INFO - Job 6: Subtask store
[2024-07-25T18:23:26.237+0000] {task_command.py:423} INFO - Running <TaskInstance: stagingtodv.store scheduled__2024-07-24T00:00:00+00:00 [running]> on host a4fb48be9e83
[2024-07-25T18:23:28.025+0000] {taskinstance.py:2513} INFO - Exporting env vars: AIRFLOW_CTX_DAG_OWNER='***' AIRFLOW_CTX_DAG_ID='stagingtodv' AIRFLOW_CTX_TASK_ID='store' AIRFLOW_CTX_EXECUTION_DATE='2024-07-24T00:00:00+00:00' AIRFLOW_CTX_TRY_NUMBER='1' AIRFLOW_CTX_DAG_RUN_ID='scheduled__2024-07-24T00:00:00+00:00'
[2024-07-25T18:23:28.029+0000] {logging_mixin.py:188} INFO - -------------------------------------------- select *  from etlconf.Etl_Process_Mapping where SourceTableName = 'store' and Stage = 'stagingtodv'
[2024-07-25T18:23:28.665+0000] {python.py:202} INFO - Done. Returned value was: None
[2024-07-25T18:23:28.678+0000] {taskinstance.py:1149} INFO - Marking task as SUCCESS. dag_id=stagingtodv, task_id=store, execution_date=20240724T000000, start_date=20240725T182325, end_date=20240725T182328
[2024-07-25T18:23:28.744+0000] {local_task_job_runner.py:234} INFO - Task exited with return code 0
[2024-07-25T18:23:28.795+0000] {taskinstance.py:3312} INFO - 0 downstream tasks scheduled from follow-on schedule check
[2024-07-25T18:26:46.806+0000] {taskinstance.py:1979} INFO - Dependencies all met for dep_context=non-requeueable deps ti=<TaskInstance: stagingtodv.store scheduled__2024-07-24T00:00:00+00:00 [queued]>
[2024-07-25T18:26:46.826+0000] {taskinstance.py:1979} INFO - Dependencies all met for dep_context=requeueable deps ti=<TaskInstance: stagingtodv.store scheduled__2024-07-24T00:00:00+00:00 [queued]>
[2024-07-25T18:26:46.827+0000] {taskinstance.py:2193} INFO - Starting attempt 1 of 1
[2024-07-25T18:26:46.846+0000] {taskinstance.py:2217} INFO - Executing <Task(PythonOperator): store> on 2024-07-24 00:00:00+00:00
[2024-07-25T18:26:46.854+0000] {standard_task_runner.py:60} INFO - Started process 97 to run task
[2024-07-25T18:26:46.874+0000] {standard_task_runner.py:87} INFO - Running: ['***', 'tasks', 'run', 'stagingtodv', 'store', 'scheduled__2024-07-24T00:00:00+00:00', '--job-id', '12', '--raw', '--subdir', 'DAGS_FOLDER/dag.py', '--cfg-path', '/tmp/tmpova3g505']
[2024-07-25T18:26:46.884+0000] {standard_task_runner.py:88} INFO - Job 12: Subtask store
[2024-07-25T18:26:46.997+0000] {task_command.py:423} INFO - Running <TaskInstance: stagingtodv.store scheduled__2024-07-24T00:00:00+00:00 [running]> on host 92d017e1ac63
[2024-07-25T18:26:48.238+0000] {taskinstance.py:2513} INFO - Exporting env vars: AIRFLOW_CTX_DAG_OWNER='***' AIRFLOW_CTX_DAG_ID='stagingtodv' AIRFLOW_CTX_TASK_ID='store' AIRFLOW_CTX_EXECUTION_DATE='2024-07-24T00:00:00+00:00' AIRFLOW_CTX_TRY_NUMBER='1' AIRFLOW_CTX_DAG_RUN_ID='scheduled__2024-07-24T00:00:00+00:00'
[2024-07-25T18:26:48.243+0000] {logging_mixin.py:188} INFO - -------------------------------------------- select *  from etlconf.Etl_Process_Mapping where SourceTableName = 'store' and Stage = 'stagingtodv'
[2024-07-25T18:26:48.691+0000] {python.py:202} INFO - Done. Returned value was: None
[2024-07-25T18:26:48.711+0000] {taskinstance.py:1149} INFO - Marking task as SUCCESS. dag_id=stagingtodv, task_id=store, execution_date=20240724T000000, start_date=20240725T182646, end_date=20240725T182648
[2024-07-25T18:26:48.755+0000] {local_task_job_runner.py:234} INFO - Task exited with return code 0
[2024-07-25T18:26:48.774+0000] {taskinstance.py:3312} INFO - 0 downstream tasks scheduled from follow-on schedule check
