[2024-07-11T18:17:07.904+0000] {taskinstance.py:1979} INFO - Dependencies all met for dep_context=non-requeueable deps ti=<TaskInstance: sqltostaging.category scheduled__2024-07-10T00:00:00+00:00 [queued]>
[2024-07-11T18:17:07.922+0000] {taskinstance.py:1979} INFO - Dependencies all met for dep_context=requeueable deps ti=<TaskInstance: sqltostaging.category scheduled__2024-07-10T00:00:00+00:00 [queued]>
[2024-07-11T18:17:07.925+0000] {taskinstance.py:2193} INFO - Starting attempt 1 of 1
[2024-07-11T18:17:07.992+0000] {taskinstance.py:2217} INFO - Executing <Task(PythonOperator): category> on 2024-07-10 00:00:00+00:00
[2024-07-11T18:17:08.033+0000] {standard_task_runner.py:60} INFO - Started process 86 to run task
[2024-07-11T18:17:08.056+0000] {standard_task_runner.py:87} INFO - Running: ['***', 'tasks', 'run', 'sqltostaging', 'category', 'scheduled__2024-07-10T00:00:00+00:00', '--job-id', '31', '--raw', '--subdir', 'DAGS_FOLDER/dag.py', '--cfg-path', '/tmp/tmpj05nbs4p']
[2024-07-11T18:17:08.082+0000] {standard_task_runner.py:88} INFO - Job 31: Subtask category
[2024-07-11T18:17:08.373+0000] {task_command.py:423} INFO - Running <TaskInstance: sqltostaging.category scheduled__2024-07-10T00:00:00+00:00 [running]> on host 2bc01acfbd3e
[2024-07-11T18:17:08.652+0000] {taskinstance.py:2513} INFO - Exporting env vars: AIRFLOW_CTX_DAG_OWNER='***' AIRFLOW_CTX_DAG_ID='sqltostaging' AIRFLOW_CTX_TASK_ID='category' AIRFLOW_CTX_EXECUTION_DATE='2024-07-10T00:00:00+00:00' AIRFLOW_CTX_TRY_NUMBER='1' AIRFLOW_CTX_DAG_RUN_ID='scheduled__2024-07-10T00:00:00+00:00'
[2024-07-11T18:17:10.182+0000] {logging_mixin.py:188} INFO - select *  from etlconf.Etl_Process_Mapping where SourceTableName = 'category' and Stage = 'sqltostaging'
[2024-07-11T18:17:10.491+0000] {logging_mixin.py:188} INFO -    id sourcetablename sourcedbname  ...  code         stage last_run_date
0   2        category    dvdrental  ...  None  sqltostaging          None

[1 rows x 15 columns]
[2024-07-11T18:17:10.493+0000] {taskinstance.py:2731} ERROR - Task failed with exception
Traceback (most recent call last):
  File "/home/airflow/.local/lib/python3.8/site-packages/airflow/models/taskinstance.py", line 444, in _execute_task
    result = _execute_callable(context=context, **execute_callable_kwargs)
  File "/home/airflow/.local/lib/python3.8/site-packages/airflow/models/taskinstance.py", line 414, in _execute_callable
    return execute_callable(context=context, **execute_callable_kwargs)
  File "/home/airflow/.local/lib/python3.8/site-packages/airflow/operators/python.py", line 200, in execute
    return_value = self.execute_callable()
  File "/home/airflow/.local/lib/python3.8/site-packages/airflow/operators/python.py", line 217, in execute_callable
    return self.python_callable(*self.op_args, **self.op_kwargs)
  File "/opt/airflow/dags/dag.py", line 44, in process_table
    return  execute(table, stage, tabletype)
  File "/app/main.py", line 26, in execute
    SqlToStaging().create_full().some_function(table, stage)
  File "/app/concretestage/SQLToStaging.py", line 38, in some_function
    sourceDF = getDF(sourcedbname,sourcetablename , sourceschema)
TypeError: getDF() missing 3 required positional arguments: 'filterColumn', 'dateFrom', and 'dateTo'
[2024-07-11T18:17:10.531+0000] {taskinstance.py:1149} INFO - Marking task as FAILED. dag_id=sqltostaging, task_id=category, execution_date=20240710T000000, start_date=20240711T181707, end_date=20240711T181710
[2024-07-11T18:17:10.670+0000] {standard_task_runner.py:107} ERROR - Failed to execute job 31 for task category (getDF() missing 3 required positional arguments: 'filterColumn', 'dateFrom', and 'dateTo'; 86)
[2024-07-11T18:17:10.693+0000] {local_task_job_runner.py:234} INFO - Task exited with return code 1
[2024-07-11T18:17:10.790+0000] {taskinstance.py:3312} INFO - 0 downstream tasks scheduled from follow-on schedule check
[2024-07-11T18:42:43.453+0000] {taskinstance.py:1979} INFO - Dependencies all met for dep_context=non-requeueable deps ti=<TaskInstance: sqltostaging.category scheduled__2024-07-10T00:00:00+00:00 [queued]>
[2024-07-11T18:42:43.481+0000] {taskinstance.py:1979} INFO - Dependencies all met for dep_context=requeueable deps ti=<TaskInstance: sqltostaging.category scheduled__2024-07-10T00:00:00+00:00 [queued]>
[2024-07-11T18:42:43.489+0000] {taskinstance.py:2193} INFO - Starting attempt 1 of 1
[2024-07-11T18:42:43.530+0000] {taskinstance.py:2217} INFO - Executing <Task(PythonOperator): category> on 2024-07-10 00:00:00+00:00
[2024-07-11T18:42:43.549+0000] {standard_task_runner.py:60} INFO - Started process 94 to run task
[2024-07-11T18:42:43.591+0000] {standard_task_runner.py:87} INFO - Running: ['***', 'tasks', 'run', 'sqltostaging', 'category', 'scheduled__2024-07-10T00:00:00+00:00', '--job-id', '17', '--raw', '--subdir', 'DAGS_FOLDER/dag.py', '--cfg-path', '/tmp/tmps_i7e427']
[2024-07-11T18:42:43.595+0000] {standard_task_runner.py:88} INFO - Job 17: Subtask category
[2024-07-11T18:42:43.813+0000] {task_command.py:423} INFO - Running <TaskInstance: sqltostaging.category scheduled__2024-07-10T00:00:00+00:00 [running]> on host 3cbd40a515d7
[2024-07-11T18:42:45.089+0000] {taskinstance.py:2513} INFO - Exporting env vars: AIRFLOW_CTX_DAG_OWNER='***' AIRFLOW_CTX_DAG_ID='sqltostaging' AIRFLOW_CTX_TASK_ID='category' AIRFLOW_CTX_EXECUTION_DATE='2024-07-10T00:00:00+00:00' AIRFLOW_CTX_TRY_NUMBER='1' AIRFLOW_CTX_DAG_RUN_ID='scheduled__2024-07-10T00:00:00+00:00'
[2024-07-11T18:42:45.167+0000] {logging_mixin.py:188} INFO - select *  from etlconf.Etl_Process_Mapping where SourceTableName = 'category' and Stage = 'sqltostaging'
[2024-07-11T18:42:45.241+0000] {logging_mixin.py:188} INFO -    id sourcetablename sourcedbname  ...  code         stage last_run_date
0   2        category    dvdrental  ...  None  sqltostaging          None

[1 rows x 15 columns]
[2024-07-11T18:42:45.246+0000] {logging_mixin.py:188} INFO - select T.* from dvdrental.public.category T
[2024-07-11T18:42:45.401+0000] {python.py:202} INFO - Done. Returned value was: None
[2024-07-11T18:42:45.411+0000] {taskinstance.py:1149} INFO - Marking task as SUCCESS. dag_id=sqltostaging, task_id=category, execution_date=20240710T000000, start_date=20240711T184243, end_date=20240711T184245
[2024-07-11T18:42:45.461+0000] {local_task_job_runner.py:234} INFO - Task exited with return code 0
[2024-07-11T18:42:45.485+0000] {taskinstance.py:3312} INFO - 0 downstream tasks scheduled from follow-on schedule check
[2024-07-11T18:51:07.881+0000] {taskinstance.py:1979} INFO - Dependencies all met for dep_context=non-requeueable deps ti=<TaskInstance: sqltostaging.category scheduled__2024-07-10T00:00:00+00:00 [queued]>
[2024-07-11T18:51:07.892+0000] {taskinstance.py:1979} INFO - Dependencies all met for dep_context=requeueable deps ti=<TaskInstance: sqltostaging.category scheduled__2024-07-10T00:00:00+00:00 [queued]>
[2024-07-11T18:51:07.896+0000] {taskinstance.py:2193} INFO - Starting attempt 1 of 1
[2024-07-11T18:51:07.922+0000] {taskinstance.py:2217} INFO - Executing <Task(PythonOperator): category> on 2024-07-10 00:00:00+00:00
[2024-07-11T18:51:07.929+0000] {standard_task_runner.py:60} INFO - Started process 89 to run task
[2024-07-11T18:51:07.941+0000] {standard_task_runner.py:87} INFO - Running: ['***', 'tasks', 'run', 'sqltostaging', 'category', 'scheduled__2024-07-10T00:00:00+00:00', '--job-id', '6', '--raw', '--subdir', 'DAGS_FOLDER/dag.py', '--cfg-path', '/tmp/tmpttolfix3']
[2024-07-11T18:51:07.946+0000] {standard_task_runner.py:88} INFO - Job 6: Subtask category
[2024-07-11T18:51:08.060+0000] {task_command.py:423} INFO - Running <TaskInstance: sqltostaging.category scheduled__2024-07-10T00:00:00+00:00 [running]> on host 59bc72ebf535
[2024-07-11T18:51:08.805+0000] {taskinstance.py:2513} INFO - Exporting env vars: AIRFLOW_CTX_DAG_OWNER='***' AIRFLOW_CTX_DAG_ID='sqltostaging' AIRFLOW_CTX_TASK_ID='category' AIRFLOW_CTX_EXECUTION_DATE='2024-07-10T00:00:00+00:00' AIRFLOW_CTX_TRY_NUMBER='1' AIRFLOW_CTX_DAG_RUN_ID='scheduled__2024-07-10T00:00:00+00:00'
[2024-07-11T18:51:09.493+0000] {logging_mixin.py:188} INFO - select *  from etlconf.Etl_Process_Mapping where SourceTableName = 'category' and Stage = 'sqltostaging'
[2024-07-11T18:51:09.561+0000] {logging_mixin.py:188} INFO -    id sourcetablename sourcedbname  ...  code         stage last_run_date
0   2        category    dvdrental  ...  None  sqltostaging          None

[1 rows x 15 columns]
[2024-07-11T18:51:09.568+0000] {logging_mixin.py:188} INFO - select T.* from dvdrental.public.category T
[2024-07-11T18:51:09.920+0000] {python.py:202} INFO - Done. Returned value was: None
[2024-07-11T18:51:09.936+0000] {taskinstance.py:1149} INFO - Marking task as SUCCESS. dag_id=sqltostaging, task_id=category, execution_date=20240710T000000, start_date=20240711T185107, end_date=20240711T185109
[2024-07-11T18:51:09.974+0000] {local_task_job_runner.py:234} INFO - Task exited with return code 0
[2024-07-11T18:51:09.996+0000] {taskinstance.py:3312} INFO - 0 downstream tasks scheduled from follow-on schedule check
[2024-07-11T18:59:13.715+0000] {taskinstance.py:1979} INFO - Dependencies all met for dep_context=non-requeueable deps ti=<TaskInstance: sqltostaging.category scheduled__2024-07-10T00:00:00+00:00 [queued]>
[2024-07-11T18:59:13.745+0000] {taskinstance.py:1979} INFO - Dependencies all met for dep_context=requeueable deps ti=<TaskInstance: sqltostaging.category scheduled__2024-07-10T00:00:00+00:00 [queued]>
[2024-07-11T18:59:13.752+0000] {taskinstance.py:2193} INFO - Starting attempt 1 of 1
[2024-07-11T18:59:13.793+0000] {taskinstance.py:2217} INFO - Executing <Task(PythonOperator): category> on 2024-07-10 00:00:00+00:00
[2024-07-11T18:59:13.807+0000] {standard_task_runner.py:60} INFO - Started process 90 to run task
[2024-07-11T18:59:13.818+0000] {standard_task_runner.py:87} INFO - Running: ['***', 'tasks', 'run', 'sqltostaging', 'category', 'scheduled__2024-07-10T00:00:00+00:00', '--job-id', '5', '--raw', '--subdir', 'DAGS_FOLDER/dag.py', '--cfg-path', '/tmp/tmpsa_6xfdf']
[2024-07-11T18:59:13.827+0000] {standard_task_runner.py:88} INFO - Job 5: Subtask category
[2024-07-11T18:59:14.034+0000] {task_command.py:423} INFO - Running <TaskInstance: sqltostaging.category scheduled__2024-07-10T00:00:00+00:00 [running]> on host 40f26a5c62e8
[2024-07-11T18:59:14.864+0000] {taskinstance.py:2513} INFO - Exporting env vars: AIRFLOW_CTX_DAG_OWNER='***' AIRFLOW_CTX_DAG_ID='sqltostaging' AIRFLOW_CTX_TASK_ID='category' AIRFLOW_CTX_EXECUTION_DATE='2024-07-10T00:00:00+00:00' AIRFLOW_CTX_TRY_NUMBER='1' AIRFLOW_CTX_DAG_RUN_ID='scheduled__2024-07-10T00:00:00+00:00'
[2024-07-11T18:59:15.011+0000] {logging_mixin.py:188} INFO - select *  from etlconf.Etl_Process_Mapping where SourceTableName = 'category' and Stage = 'sqltostaging'
[2024-07-11T18:59:15.116+0000] {logging_mixin.py:188} INFO -    id sourcetablename sourcedbname  ...  code         stage last_run_date
0   2        category    dvdrental  ...  None  sqltostaging          None

[1 rows x 15 columns]
[2024-07-11T18:59:15.135+0000] {logging_mixin.py:188} INFO - select T.* from dvdrental.public.category T
[2024-07-11T18:59:15.545+0000] {python.py:202} INFO - Done. Returned value was: None
[2024-07-11T18:59:15.552+0000] {taskinstance.py:1149} INFO - Marking task as SUCCESS. dag_id=sqltostaging, task_id=category, execution_date=20240710T000000, start_date=20240711T185913, end_date=20240711T185915
[2024-07-11T18:59:15.604+0000] {local_task_job_runner.py:234} INFO - Task exited with return code 0
[2024-07-11T18:59:15.634+0000] {taskinstance.py:3312} INFO - 0 downstream tasks scheduled from follow-on schedule check
[2024-07-11T19:35:13.712+0000] {taskinstance.py:1979} INFO - Dependencies all met for dep_context=non-requeueable deps ti=<TaskInstance: sqltostaging.category scheduled__2024-07-10T00:00:00+00:00 [queued]>
[2024-07-11T19:35:13.741+0000] {taskinstance.py:1979} INFO - Dependencies all met for dep_context=requeueable deps ti=<TaskInstance: sqltostaging.category scheduled__2024-07-10T00:00:00+00:00 [queued]>
[2024-07-11T19:35:13.743+0000] {taskinstance.py:2193} INFO - Starting attempt 1 of 1
[2024-07-11T19:35:13.793+0000] {taskinstance.py:2217} INFO - Executing <Task(PythonOperator): category> on 2024-07-10 00:00:00+00:00
[2024-07-11T19:35:13.809+0000] {standard_task_runner.py:60} INFO - Started process 101 to run task
[2024-07-11T19:35:13.826+0000] {standard_task_runner.py:87} INFO - Running: ['***', 'tasks', 'run', 'sqltostaging', 'category', 'scheduled__2024-07-10T00:00:00+00:00', '--job-id', '15', '--raw', '--subdir', 'DAGS_FOLDER/dag.py', '--cfg-path', '/tmp/tmpaoqsfh17']
[2024-07-11T19:35:13.834+0000] {standard_task_runner.py:88} INFO - Job 15: Subtask category
[2024-07-11T19:35:14.005+0000] {task_command.py:423} INFO - Running <TaskInstance: sqltostaging.category scheduled__2024-07-10T00:00:00+00:00 [running]> on host 99be9f831d54
[2024-07-11T19:35:15.088+0000] {taskinstance.py:2513} INFO - Exporting env vars: AIRFLOW_CTX_DAG_OWNER='***' AIRFLOW_CTX_DAG_ID='sqltostaging' AIRFLOW_CTX_TASK_ID='category' AIRFLOW_CTX_EXECUTION_DATE='2024-07-10T00:00:00+00:00' AIRFLOW_CTX_TRY_NUMBER='1' AIRFLOW_CTX_DAG_RUN_ID='scheduled__2024-07-10T00:00:00+00:00'
[2024-07-11T19:35:15.135+0000] {logging_mixin.py:188} INFO - select *  from etlconf.Etl_Process_Mapping where SourceTableName = 'category' and Stage = 'sqltostaging'
[2024-07-11T19:35:15.210+0000] {logging_mixin.py:188} INFO -    id sourcetablename sourcedbname  ...  code         stage last_run_date
0   2        category    dvdrental  ...  None  sqltostaging          None

[1 rows x 15 columns]
[2024-07-11T19:35:15.214+0000] {logging_mixin.py:188} INFO - select T.* from dvdrental.public.category T
[2024-07-11T19:35:15.467+0000] {python.py:202} INFO - Done. Returned value was: None
[2024-07-11T19:35:15.474+0000] {taskinstance.py:1149} INFO - Marking task as SUCCESS. dag_id=sqltostaging, task_id=category, execution_date=20240710T000000, start_date=20240711T193513, end_date=20240711T193515
[2024-07-11T19:35:15.518+0000] {local_task_job_runner.py:234} INFO - Task exited with return code 0
[2024-07-11T19:35:15.549+0000] {taskinstance.py:3312} INFO - 0 downstream tasks scheduled from follow-on schedule check
[2024-07-11T19:38:52.526+0000] {taskinstance.py:1979} INFO - Dependencies all met for dep_context=non-requeueable deps ti=<TaskInstance: sqltostaging.category scheduled__2024-07-10T00:00:00+00:00 [queued]>
[2024-07-11T19:38:52.562+0000] {taskinstance.py:1979} INFO - Dependencies all met for dep_context=requeueable deps ti=<TaskInstance: sqltostaging.category scheduled__2024-07-10T00:00:00+00:00 [queued]>
[2024-07-11T19:38:52.567+0000] {taskinstance.py:2193} INFO - Starting attempt 1 of 1
[2024-07-11T19:38:52.622+0000] {taskinstance.py:2217} INFO - Executing <Task(PythonOperator): category> on 2024-07-10 00:00:00+00:00
[2024-07-11T19:38:52.636+0000] {standard_task_runner.py:60} INFO - Started process 100 to run task
[2024-07-11T19:38:52.655+0000] {standard_task_runner.py:87} INFO - Running: ['***', 'tasks', 'run', 'sqltostaging', 'category', 'scheduled__2024-07-10T00:00:00+00:00', '--job-id', '11', '--raw', '--subdir', 'DAGS_FOLDER/dag.py', '--cfg-path', '/tmp/tmp0l8fp5i5']
[2024-07-11T19:38:52.673+0000] {standard_task_runner.py:88} INFO - Job 11: Subtask category
[2024-07-11T19:38:52.855+0000] {task_command.py:423} INFO - Running <TaskInstance: sqltostaging.category scheduled__2024-07-10T00:00:00+00:00 [running]> on host 3370024acb9c
[2024-07-11T19:38:53.915+0000] {taskinstance.py:2513} INFO - Exporting env vars: AIRFLOW_CTX_DAG_OWNER='***' AIRFLOW_CTX_DAG_ID='sqltostaging' AIRFLOW_CTX_TASK_ID='category' AIRFLOW_CTX_EXECUTION_DATE='2024-07-10T00:00:00+00:00' AIRFLOW_CTX_TRY_NUMBER='1' AIRFLOW_CTX_DAG_RUN_ID='scheduled__2024-07-10T00:00:00+00:00'
[2024-07-11T19:38:53.959+0000] {logging_mixin.py:188} INFO - select *  from etlconf.Etl_Process_Mapping where SourceTableName = 'category' and Stage = 'sqltostaging'
[2024-07-11T19:38:54.016+0000] {logging_mixin.py:188} INFO -    id sourcetablename sourcedbname  ...  code         stage last_run_date
0   2        category    dvdrental  ...  None  sqltostaging          None

[1 rows x 15 columns]
[2024-07-11T19:38:54.019+0000] {logging_mixin.py:188} INFO - select T.* from dvdrental.public.category T
[2024-07-11T19:38:54.193+0000] {python.py:202} INFO - Done. Returned value was: None
[2024-07-11T19:38:54.206+0000] {taskinstance.py:1149} INFO - Marking task as SUCCESS. dag_id=sqltostaging, task_id=category, execution_date=20240710T000000, start_date=20240711T193852, end_date=20240711T193854
[2024-07-11T19:38:54.250+0000] {local_task_job_runner.py:234} INFO - Task exited with return code 0
[2024-07-11T19:38:54.274+0000] {taskinstance.py:3312} INFO - 0 downstream tasks scheduled from follow-on schedule check
[2024-07-11T19:41:03.131+0000] {taskinstance.py:1979} INFO - Dependencies all met for dep_context=non-requeueable deps ti=<TaskInstance: sqltostaging.category scheduled__2024-07-10T00:00:00+00:00 [queued]>
[2024-07-11T19:41:03.154+0000] {taskinstance.py:1979} INFO - Dependencies all met for dep_context=requeueable deps ti=<TaskInstance: sqltostaging.category scheduled__2024-07-10T00:00:00+00:00 [queued]>
[2024-07-11T19:41:03.156+0000] {taskinstance.py:2193} INFO - Starting attempt 1 of 1
[2024-07-11T19:41:03.186+0000] {taskinstance.py:2217} INFO - Executing <Task(PythonOperator): category> on 2024-07-10 00:00:00+00:00
[2024-07-11T19:41:03.213+0000] {standard_task_runner.py:60} INFO - Started process 93 to run task
[2024-07-11T19:41:03.232+0000] {standard_task_runner.py:87} INFO - Running: ['***', 'tasks', 'run', 'sqltostaging', 'category', 'scheduled__2024-07-10T00:00:00+00:00', '--job-id', '5', '--raw', '--subdir', 'DAGS_FOLDER/dag.py', '--cfg-path', '/tmp/tmp9uc7rmz8']
[2024-07-11T19:41:03.244+0000] {standard_task_runner.py:88} INFO - Job 5: Subtask category
[2024-07-11T19:41:03.410+0000] {task_command.py:423} INFO - Running <TaskInstance: sqltostaging.category scheduled__2024-07-10T00:00:00+00:00 [running]> on host 5bec992df9f6
[2024-07-11T19:41:04.154+0000] {taskinstance.py:2513} INFO - Exporting env vars: AIRFLOW_CTX_DAG_OWNER='***' AIRFLOW_CTX_DAG_ID='sqltostaging' AIRFLOW_CTX_TASK_ID='category' AIRFLOW_CTX_EXECUTION_DATE='2024-07-10T00:00:00+00:00' AIRFLOW_CTX_TRY_NUMBER='1' AIRFLOW_CTX_DAG_RUN_ID='scheduled__2024-07-10T00:00:00+00:00'
[2024-07-11T19:41:04.220+0000] {logging_mixin.py:188} INFO - select *  from etlconf.Etl_Process_Mapping where SourceTableName = 'category' and Stage = 'sqltostaging'
[2024-07-11T19:41:04.405+0000] {logging_mixin.py:188} INFO -    id sourcetablename sourcedbname  ...  code         stage last_run_date
0   2        category    dvdrental  ...  None  sqltostaging          None

[1 rows x 15 columns]
[2024-07-11T19:41:04.414+0000] {logging_mixin.py:188} INFO - select T.* from dvdrental.public.category T
[2024-07-11T19:41:05.175+0000] {python.py:202} INFO - Done. Returned value was: None
[2024-07-11T19:41:05.183+0000] {taskinstance.py:1149} INFO - Marking task as SUCCESS. dag_id=sqltostaging, task_id=category, execution_date=20240710T000000, start_date=20240711T194103, end_date=20240711T194105
[2024-07-11T19:41:05.221+0000] {local_task_job_runner.py:234} INFO - Task exited with return code 0
[2024-07-11T19:41:05.247+0000] {taskinstance.py:3312} INFO - 0 downstream tasks scheduled from follow-on schedule check
[2024-07-11T19:45:57.773+0000] {taskinstance.py:1979} INFO - Dependencies all met for dep_context=non-requeueable deps ti=<TaskInstance: sqltostaging.category scheduled__2024-07-10T00:00:00+00:00 [queued]>
[2024-07-11T19:45:57.795+0000] {taskinstance.py:1979} INFO - Dependencies all met for dep_context=requeueable deps ti=<TaskInstance: sqltostaging.category scheduled__2024-07-10T00:00:00+00:00 [queued]>
[2024-07-11T19:45:57.802+0000] {taskinstance.py:2193} INFO - Starting attempt 1 of 1
[2024-07-11T19:45:57.833+0000] {taskinstance.py:2217} INFO - Executing <Task(PythonOperator): category> on 2024-07-10 00:00:00+00:00
[2024-07-11T19:45:57.872+0000] {standard_task_runner.py:60} INFO - Started process 103 to run task
[2024-07-11T19:45:57.908+0000] {standard_task_runner.py:87} INFO - Running: ['***', 'tasks', 'run', 'sqltostaging', 'category', 'scheduled__2024-07-10T00:00:00+00:00', '--job-id', '17', '--raw', '--subdir', 'DAGS_FOLDER/dag.py', '--cfg-path', '/tmp/tmpwnreahic']
[2024-07-11T19:45:57.924+0000] {standard_task_runner.py:88} INFO - Job 17: Subtask category
[2024-07-11T19:45:58.143+0000] {task_command.py:423} INFO - Running <TaskInstance: sqltostaging.category scheduled__2024-07-10T00:00:00+00:00 [running]> on host 74c26533546f
[2024-07-11T19:45:58.466+0000] {taskinstance.py:2513} INFO - Exporting env vars: AIRFLOW_CTX_DAG_OWNER='***' AIRFLOW_CTX_DAG_ID='sqltostaging' AIRFLOW_CTX_TASK_ID='category' AIRFLOW_CTX_EXECUTION_DATE='2024-07-10T00:00:00+00:00' AIRFLOW_CTX_TRY_NUMBER='1' AIRFLOW_CTX_DAG_RUN_ID='scheduled__2024-07-10T00:00:00+00:00'
[2024-07-11T19:45:59.183+0000] {logging_mixin.py:188} INFO - select *  from etlconf.Etl_Process_Mapping where SourceTableName = 'category' and Stage = 'sqltostaging'
[2024-07-11T19:45:59.225+0000] {logging_mixin.py:188} INFO -    id sourcetablename sourcedbname  ...  code         stage last_run_date
0   2        category    dvdrental  ...  None  sqltostaging          None

[1 rows x 15 columns]
[2024-07-11T19:45:59.227+0000] {logging_mixin.py:188} INFO - select T.* from dvdrental.public.category T
[2024-07-11T19:45:59.407+0000] {python.py:202} INFO - Done. Returned value was: None
[2024-07-11T19:45:59.417+0000] {taskinstance.py:1149} INFO - Marking task as SUCCESS. dag_id=sqltostaging, task_id=category, execution_date=20240710T000000, start_date=20240711T194557, end_date=20240711T194559
[2024-07-11T19:45:59.477+0000] {local_task_job_runner.py:234} INFO - Task exited with return code 0
[2024-07-11T19:45:59.494+0000] {taskinstance.py:3312} INFO - 0 downstream tasks scheduled from follow-on schedule check
[2024-07-11T19:49:38.451+0000] {taskinstance.py:1979} INFO - Dependencies all met for dep_context=non-requeueable deps ti=<TaskInstance: sqltostaging.category scheduled__2024-07-10T00:00:00+00:00 [queued]>
[2024-07-11T19:49:38.495+0000] {taskinstance.py:1979} INFO - Dependencies all met for dep_context=requeueable deps ti=<TaskInstance: sqltostaging.category scheduled__2024-07-10T00:00:00+00:00 [queued]>
[2024-07-11T19:49:38.497+0000] {taskinstance.py:2193} INFO - Starting attempt 1 of 1
[2024-07-11T19:49:38.519+0000] {taskinstance.py:2217} INFO - Executing <Task(PythonOperator): category> on 2024-07-10 00:00:00+00:00
[2024-07-11T19:49:38.526+0000] {standard_task_runner.py:60} INFO - Started process 90 to run task
[2024-07-11T19:49:38.542+0000] {standard_task_runner.py:87} INFO - Running: ['***', 'tasks', 'run', 'sqltostaging', 'category', 'scheduled__2024-07-10T00:00:00+00:00', '--job-id', '6', '--raw', '--subdir', 'DAGS_FOLDER/dag.py', '--cfg-path', '/tmp/tmppehuzeoz']
[2024-07-11T19:49:38.548+0000] {standard_task_runner.py:88} INFO - Job 6: Subtask category
[2024-07-11T19:49:38.767+0000] {task_command.py:423} INFO - Running <TaskInstance: sqltostaging.category scheduled__2024-07-10T00:00:00+00:00 [running]> on host f4f24e57c5cc
[2024-07-11T19:49:39.942+0000] {taskinstance.py:2513} INFO - Exporting env vars: AIRFLOW_CTX_DAG_OWNER='***' AIRFLOW_CTX_DAG_ID='sqltostaging' AIRFLOW_CTX_TASK_ID='category' AIRFLOW_CTX_EXECUTION_DATE='2024-07-10T00:00:00+00:00' AIRFLOW_CTX_TRY_NUMBER='1' AIRFLOW_CTX_DAG_RUN_ID='scheduled__2024-07-10T00:00:00+00:00'
[2024-07-11T19:49:40.009+0000] {logging_mixin.py:188} INFO - select *  from etlconf.Etl_Process_Mapping where SourceTableName = 'category' and Stage = 'sqltostaging'
[2024-07-11T19:49:40.129+0000] {logging_mixin.py:188} INFO -    id sourcetablename sourcedbname  ...  code         stage last_run_date
0   2        category    dvdrental  ...  None  sqltostaging          None

[1 rows x 15 columns]
[2024-07-11T19:49:40.132+0000] {logging_mixin.py:188} INFO - select T.* from dvdrental.public.category T
[2024-07-11T19:49:40.346+0000] {logging_mixin.py:188} INFO - update etlconf.Etl_Process_Mapping T set last_run_date = current_timestamp where destdbname='DBStaging' and destschema='dvdrental' and desttablename='category'
[2024-07-11T19:49:40.371+0000] {python.py:202} INFO - Done. Returned value was: None
[2024-07-11T19:49:40.380+0000] {taskinstance.py:1149} INFO - Marking task as SUCCESS. dag_id=sqltostaging, task_id=category, execution_date=20240710T000000, start_date=20240711T194938, end_date=20240711T194940
[2024-07-11T19:49:40.450+0000] {local_task_job_runner.py:234} INFO - Task exited with return code 0
[2024-07-11T19:49:40.473+0000] {taskinstance.py:3312} INFO - 0 downstream tasks scheduled from follow-on schedule check
[2024-07-11T19:58:31.255+0000] {taskinstance.py:1979} INFO - Dependencies all met for dep_context=non-requeueable deps ti=<TaskInstance: sqltostaging.category scheduled__2024-07-10T00:00:00+00:00 [queued]>
[2024-07-11T19:58:31.282+0000] {taskinstance.py:1979} INFO - Dependencies all met for dep_context=requeueable deps ti=<TaskInstance: sqltostaging.category scheduled__2024-07-10T00:00:00+00:00 [queued]>
[2024-07-11T19:58:31.283+0000] {taskinstance.py:2193} INFO - Starting attempt 1 of 1
[2024-07-11T19:58:31.367+0000] {taskinstance.py:2217} INFO - Executing <Task(PythonOperator): category> on 2024-07-10 00:00:00+00:00
[2024-07-11T19:58:31.384+0000] {standard_task_runner.py:60} INFO - Started process 104 to run task
[2024-07-11T19:58:31.397+0000] {standard_task_runner.py:87} INFO - Running: ['***', 'tasks', 'run', 'sqltostaging', 'category', 'scheduled__2024-07-10T00:00:00+00:00', '--job-id', '8', '--raw', '--subdir', 'DAGS_FOLDER/dag.py', '--cfg-path', '/tmp/tmpo49qwlrq']
[2024-07-11T19:58:31.404+0000] {standard_task_runner.py:88} INFO - Job 8: Subtask category
[2024-07-11T19:58:31.622+0000] {task_command.py:423} INFO - Running <TaskInstance: sqltostaging.category scheduled__2024-07-10T00:00:00+00:00 [running]> on host 45208fcb54ea
[2024-07-11T19:58:32.801+0000] {taskinstance.py:2513} INFO - Exporting env vars: AIRFLOW_CTX_DAG_OWNER='***' AIRFLOW_CTX_DAG_ID='sqltostaging' AIRFLOW_CTX_TASK_ID='category' AIRFLOW_CTX_EXECUTION_DATE='2024-07-10T00:00:00+00:00' AIRFLOW_CTX_TRY_NUMBER='1' AIRFLOW_CTX_DAG_RUN_ID='scheduled__2024-07-10T00:00:00+00:00'
[2024-07-11T19:58:32.878+0000] {logging_mixin.py:188} INFO - select *  from etlconf.Etl_Process_Mapping where SourceTableName = 'category' and Stage = 'sqltostaging'
[2024-07-11T19:58:32.977+0000] {logging_mixin.py:188} INFO -    id sourcetablename sourcedbname  ...  code         stage last_run_date
0   2        category    dvdrental  ...  None  sqltostaging          None

[1 rows x 15 columns]
[2024-07-11T19:58:33.198+0000] {logging_mixin.py:188} INFO - update etlconf.Etl_Process_Mapping T set last_run_date = current_timestampwhere destdbname='DBStaging' and destschema='dvdrental' and desttablename='category'
[2024-07-11T19:58:33.226+0000] {taskinstance.py:2731} ERROR - Task failed with exception
Traceback (most recent call last):
  File "/home/airflow/.local/lib/python3.8/site-packages/airflow/models/taskinstance.py", line 444, in _execute_task
    result = _execute_callable(context=context, **execute_callable_kwargs)
  File "/home/airflow/.local/lib/python3.8/site-packages/airflow/models/taskinstance.py", line 414, in _execute_callable
    return execute_callable(context=context, **execute_callable_kwargs)
  File "/home/airflow/.local/lib/python3.8/site-packages/airflow/operators/python.py", line 200, in execute
    return_value = self.execute_callable()
  File "/home/airflow/.local/lib/python3.8/site-packages/airflow/operators/python.py", line 217, in execute_callable
    return self.python_callable(*self.op_args, **self.op_kwargs)
  File "/opt/airflow/dags/dag.py", line 44, in process_table
    return  execute(table, stage, tabletype)
  File "/app/main.py", line 26, in execute
    SqlToStaging().create_full().some_function(table, stage)
  File "/app/concretestage/SQLToStaging.py", line 41, in some_function
    last_run_date_update(DestDBName, DestSchema, DestTableName)
  File "/app/myFramework/utils/utils.py", line 79, in last_run_date_update
    cur.execute(query)
psycopg2.errors.SyntaxError: syntax error at or near "destdbname"
LINE 1: ...ping T set last_run_date = current_timestampwhere destdbname...
                                                             ^

[2024-07-11T19:58:33.239+0000] {taskinstance.py:1149} INFO - Marking task as FAILED. dag_id=sqltostaging, task_id=category, execution_date=20240710T000000, start_date=20240711T195831, end_date=20240711T195833
[2024-07-11T19:58:33.253+0000] {standard_task_runner.py:107} ERROR - Failed to execute job 8 for task category (syntax error at or near "destdbname"
LINE 1: ...ping T set last_run_date = current_timestampwhere destdbname...
                                                             ^
; 104)
[2024-07-11T19:58:33.303+0000] {local_task_job_runner.py:234} INFO - Task exited with return code 1
[2024-07-11T19:58:33.329+0000] {taskinstance.py:3312} INFO - 0 downstream tasks scheduled from follow-on schedule check
[2024-07-11T20:02:08.946+0000] {taskinstance.py:1979} INFO - Dependencies all met for dep_context=non-requeueable deps ti=<TaskInstance: sqltostaging.category scheduled__2024-07-10T00:00:00+00:00 [queued]>
[2024-07-11T20:02:08.975+0000] {taskinstance.py:1979} INFO - Dependencies all met for dep_context=requeueable deps ti=<TaskInstance: sqltostaging.category scheduled__2024-07-10T00:00:00+00:00 [queued]>
[2024-07-11T20:02:08.976+0000] {taskinstance.py:2193} INFO - Starting attempt 1 of 1
[2024-07-11T20:02:09.024+0000] {taskinstance.py:2217} INFO - Executing <Task(PythonOperator): category> on 2024-07-10 00:00:00+00:00
[2024-07-11T20:02:09.065+0000] {standard_task_runner.py:60} INFO - Started process 95 to run task
[2024-07-11T20:02:09.094+0000] {standard_task_runner.py:87} INFO - Running: ['***', 'tasks', 'run', 'sqltostaging', 'category', 'scheduled__2024-07-10T00:00:00+00:00', '--job-id', '3', '--raw', '--subdir', 'DAGS_FOLDER/dag.py', '--cfg-path', '/tmp/tmpw23f80my']
[2024-07-11T20:02:09.107+0000] {standard_task_runner.py:88} INFO - Job 3: Subtask category
[2024-07-11T20:02:09.251+0000] {task_command.py:423} INFO - Running <TaskInstance: sqltostaging.category scheduled__2024-07-10T00:00:00+00:00 [running]> on host f77c41d1d1e9
[2024-07-11T20:02:10.711+0000] {taskinstance.py:2513} INFO - Exporting env vars: AIRFLOW_CTX_DAG_OWNER='***' AIRFLOW_CTX_DAG_ID='sqltostaging' AIRFLOW_CTX_TASK_ID='category' AIRFLOW_CTX_EXECUTION_DATE='2024-07-10T00:00:00+00:00' AIRFLOW_CTX_TRY_NUMBER='1' AIRFLOW_CTX_DAG_RUN_ID='scheduled__2024-07-10T00:00:00+00:00'
[2024-07-11T20:02:10.763+0000] {logging_mixin.py:188} INFO - select *  from etlconf.Etl_Process_Mapping where SourceTableName = 'category' and Stage = 'sqltostaging'
[2024-07-11T20:02:10.831+0000] {logging_mixin.py:188} INFO -    id sourcetablename sourcedbname  ...  code         stage last_run_date
0   2        category    dvdrental  ...  None  sqltostaging          None

[1 rows x 15 columns]
[2024-07-11T20:02:11.011+0000] {logging_mixin.py:188} INFO - update etlconf.Etl_Process_Mapping T set last_run_date = current_timestamp where destdbname='DBStaging' and destschema='dvdrental' and desttablename='category';
[2024-07-11T20:02:11.036+0000] {python.py:202} INFO - Done. Returned value was: None
[2024-07-11T20:02:11.045+0000] {taskinstance.py:1149} INFO - Marking task as SUCCESS. dag_id=sqltostaging, task_id=category, execution_date=20240710T000000, start_date=20240711T200208, end_date=20240711T200211
[2024-07-11T20:02:11.083+0000] {local_task_job_runner.py:234} INFO - Task exited with return code 0
[2024-07-11T20:02:11.110+0000] {taskinstance.py:3312} INFO - 0 downstream tasks scheduled from follow-on schedule check
