[2024-07-10T19:49:08.609+0000] {taskinstance.py:1979} INFO - Dependencies all met for dep_context=non-requeueable deps ti=<TaskInstance: sqltostaging.city manual__2024-07-10T19:49:06.063684+00:00 [queued]>
[2024-07-10T19:49:08.641+0000] {taskinstance.py:1979} INFO - Dependencies all met for dep_context=requeueable deps ti=<TaskInstance: sqltostaging.city manual__2024-07-10T19:49:06.063684+00:00 [queued]>
[2024-07-10T19:49:08.647+0000] {taskinstance.py:2193} INFO - Starting attempt 1 of 1
[2024-07-10T19:49:08.682+0000] {taskinstance.py:2217} INFO - Executing <Task(PythonOperator): city> on 2024-07-10 19:49:06.063684+00:00
[2024-07-10T19:49:08.695+0000] {standard_task_runner.py:60} INFO - Started process 215 to run task
[2024-07-10T19:49:08.707+0000] {standard_task_runner.py:87} INFO - Running: ['***', 'tasks', 'run', 'sqltostaging', 'city', 'manual__2024-07-10T19:49:06.063684+00:00', '--job-id', '21', '--raw', '--subdir', 'DAGS_FOLDER/dag.py', '--cfg-path', '/tmp/tmpi1nhyv1c']
[2024-07-10T19:49:08.729+0000] {standard_task_runner.py:88} INFO - Job 21: Subtask city
[2024-07-10T19:49:08.866+0000] {task_command.py:423} INFO - Running <TaskInstance: sqltostaging.city manual__2024-07-10T19:49:06.063684+00:00 [running]> on host a383c1e8c871
[2024-07-10T19:49:09.573+0000] {taskinstance.py:2513} INFO - Exporting env vars: AIRFLOW_CTX_DAG_OWNER='***' AIRFLOW_CTX_DAG_ID='sqltostaging' AIRFLOW_CTX_TASK_ID='city' AIRFLOW_CTX_EXECUTION_DATE='2024-07-10T19:49:06.063684+00:00' AIRFLOW_CTX_TRY_NUMBER='1' AIRFLOW_CTX_DAG_RUN_ID='manual__2024-07-10T19:49:06.063684+00:00'
[2024-07-10T19:49:09.581+0000] {logging_mixin.py:188} INFO - select *  from etlconf.Etl_Process_Mapping where SourceTableName = 'city' and Stage = 'sqltostaging'
[2024-07-10T19:49:09.745+0000] {logging_mixin.py:188} INFO -    0     1          2       3     4   ...    10    11    12            13    14
0   5  city  dvdrental  public  full  ...  None  None  None  sqltostaging  None

[1 rows x 15 columns]
[2024-07-10T19:49:09.750+0000] {logging_mixin.py:188} INFO - full
[2024-07-10T19:49:09.752+0000] {logging_mixin.py:188} INFO - dvtobv :dag_id
[2024-07-10T19:49:09.764+0000] {logging_mixin.py:188} INFO - table: city
[2024-07-10T19:49:09.767+0000] {logging_mixin.py:188} INFO - 
 stage: sqltostaging 
 table:city
[2024-07-10T19:49:09.774+0000] {python.py:202} INFO - Done. Returned value was: None
[2024-07-10T19:49:09.812+0000] {taskinstance.py:1149} INFO - Marking task as SUCCESS. dag_id=sqltostaging, task_id=city, execution_date=20240710T194906, start_date=20240710T194908, end_date=20240710T194909
[2024-07-10T19:49:09.981+0000] {local_task_job_runner.py:234} INFO - Task exited with return code 0
[2024-07-10T19:49:10.044+0000] {taskinstance.py:3312} INFO - 0 downstream tasks scheduled from follow-on schedule check
