[2024-07-24T18:08:20.300+0000] {taskinstance.py:1979} INFO - Dependencies all met for dep_context=non-requeueable deps ti=<TaskInstance: stagingtodv.rental scheduled__2024-07-23T00:00:00+00:00 [queued]>
[2024-07-24T18:08:20.338+0000] {taskinstance.py:1979} INFO - Dependencies all met for dep_context=requeueable deps ti=<TaskInstance: stagingtodv.rental scheduled__2024-07-23T00:00:00+00:00 [queued]>
[2024-07-24T18:08:20.347+0000] {taskinstance.py:2193} INFO - Starting attempt 1 of 1
[2024-07-24T18:08:20.453+0000] {taskinstance.py:2217} INFO - Executing <Task(PythonOperator): rental> on 2024-07-23 00:00:00+00:00
[2024-07-24T18:08:20.495+0000] {standard_task_runner.py:60} INFO - Started process 87 to run task
[2024-07-24T18:08:20.512+0000] {standard_task_runner.py:87} INFO - Running: ['***', 'tasks', 'run', 'stagingtodv', 'rental', 'scheduled__2024-07-23T00:00:00+00:00', '--job-id', '26', '--raw', '--subdir', 'DAGS_FOLDER/dag.py', '--cfg-path', '/tmp/tmpkev2kuc9']
[2024-07-24T18:08:20.525+0000] {standard_task_runner.py:88} INFO - Job 26: Subtask rental
[2024-07-24T18:08:20.760+0000] {task_command.py:423} INFO - Running <TaskInstance: stagingtodv.rental scheduled__2024-07-23T00:00:00+00:00 [running]> on host b19a9c320dfd
[2024-07-24T18:08:21.040+0000] {taskinstance.py:2513} INFO - Exporting env vars: AIRFLOW_CTX_DAG_OWNER='***' AIRFLOW_CTX_DAG_ID='stagingtodv' AIRFLOW_CTX_TASK_ID='rental' AIRFLOW_CTX_EXECUTION_DATE='2024-07-23T00:00:00+00:00' AIRFLOW_CTX_TRY_NUMBER='1' AIRFLOW_CTX_DAG_RUN_ID='scheduled__2024-07-23T00:00:00+00:00'
[2024-07-24T18:08:21.102+0000] {logging_mixin.py:188} INFO - -------------------------------------------- select *  from etlconf.Etl_Process_Mapping where SourceTableName = 'rental' and Stage = 'stagingtodv'
[2024-07-24T18:08:24.362+0000] {logging_mixin.py:188} INFO - update etlconf.Etl_Process_Mapping T set last_run_date = current_timestamp where destdbname='dbdv' and destschema='dvdrental' and desttablename='rental';
[2024-07-24T18:08:24.378+0000] {python.py:202} INFO - Done. Returned value was: None
[2024-07-24T18:08:24.386+0000] {taskinstance.py:1149} INFO - Marking task as SUCCESS. dag_id=stagingtodv, task_id=rental, execution_date=20240723T000000, start_date=20240724T180820, end_date=20240724T180824
[2024-07-24T18:08:24.403+0000] {local_task_job_runner.py:234} INFO - Task exited with return code 0
[2024-07-24T18:08:24.420+0000] {taskinstance.py:3312} INFO - 0 downstream tasks scheduled from follow-on schedule check
[2024-07-24T18:10:28.396+0000] {taskinstance.py:1979} INFO - Dependencies all met for dep_context=non-requeueable deps ti=<TaskInstance: stagingtodv.rental scheduled__2024-07-23T00:00:00+00:00 [queued]>
[2024-07-24T18:10:28.424+0000] {taskinstance.py:1979} INFO - Dependencies all met for dep_context=requeueable deps ti=<TaskInstance: stagingtodv.rental scheduled__2024-07-23T00:00:00+00:00 [queued]>
[2024-07-24T18:10:28.439+0000] {taskinstance.py:2193} INFO - Starting attempt 1 of 1
[2024-07-24T18:10:28.477+0000] {taskinstance.py:2217} INFO - Executing <Task(PythonOperator): rental> on 2024-07-23 00:00:00+00:00
[2024-07-24T18:10:28.518+0000] {standard_task_runner.py:87} INFO - Running: ['***', 'tasks', 'run', 'stagingtodv', 'rental', 'scheduled__2024-07-23T00:00:00+00:00', '--job-id', '7', '--raw', '--subdir', 'DAGS_FOLDER/dag.py', '--cfg-path', '/tmp/tmpyf5g17nl']
[2024-07-24T18:10:28.530+0000] {standard_task_runner.py:88} INFO - Job 7: Subtask rental
[2024-07-24T18:10:28.524+0000] {standard_task_runner.py:60} INFO - Started process 92 to run task
[2024-07-24T18:10:28.724+0000] {task_command.py:423} INFO - Running <TaskInstance: stagingtodv.rental scheduled__2024-07-23T00:00:00+00:00 [running]> on host 61620dbbe313
[2024-07-24T18:10:30.790+0000] {taskinstance.py:2513} INFO - Exporting env vars: AIRFLOW_CTX_DAG_OWNER='***' AIRFLOW_CTX_DAG_ID='stagingtodv' AIRFLOW_CTX_TASK_ID='rental' AIRFLOW_CTX_EXECUTION_DATE='2024-07-23T00:00:00+00:00' AIRFLOW_CTX_TRY_NUMBER='1' AIRFLOW_CTX_DAG_RUN_ID='scheduled__2024-07-23T00:00:00+00:00'
[2024-07-24T18:10:30.794+0000] {logging_mixin.py:188} INFO - -------------------------------------------- select *  from etlconf.Etl_Process_Mapping where SourceTableName = 'rental' and Stage = 'stagingtodv'
[2024-07-24T18:10:33.251+0000] {logging_mixin.py:188} INFO - update etlconf.Etl_Process_Mapping T set last_run_date = current_timestamp where destdbname='dbdv' and destschema='dvdrental' and desttablename='rental';
[2024-07-24T18:10:33.262+0000] {python.py:202} INFO - Done. Returned value was: None
[2024-07-24T18:10:33.271+0000] {taskinstance.py:1149} INFO - Marking task as SUCCESS. dag_id=stagingtodv, task_id=rental, execution_date=20240723T000000, start_date=20240724T181028, end_date=20240724T181033
[2024-07-24T18:10:33.301+0000] {local_task_job_runner.py:234} INFO - Task exited with return code 0
[2024-07-24T18:10:33.324+0000] {taskinstance.py:3312} INFO - 0 downstream tasks scheduled from follow-on schedule check
[2024-07-24T18:16:24.996+0000] {taskinstance.py:1979} INFO - Dependencies all met for dep_context=non-requeueable deps ti=<TaskInstance: stagingtodv.rental scheduled__2024-07-23T00:00:00+00:00 [queued]>
[2024-07-24T18:16:25.006+0000] {taskinstance.py:1979} INFO - Dependencies all met for dep_context=requeueable deps ti=<TaskInstance: stagingtodv.rental scheduled__2024-07-23T00:00:00+00:00 [queued]>
[2024-07-24T18:16:25.010+0000] {taskinstance.py:2193} INFO - Starting attempt 1 of 1
[2024-07-24T18:16:25.052+0000] {taskinstance.py:2217} INFO - Executing <Task(PythonOperator): rental> on 2024-07-23 00:00:00+00:00
[2024-07-24T18:16:25.081+0000] {standard_task_runner.py:87} INFO - Running: ['***', 'tasks', 'run', 'stagingtodv', 'rental', 'scheduled__2024-07-23T00:00:00+00:00', '--job-id', '11', '--raw', '--subdir', 'DAGS_FOLDER/dag.py', '--cfg-path', '/tmp/tmp2v8oj_11']
[2024-07-24T18:16:25.089+0000] {standard_task_runner.py:60} INFO - Started process 118 to run task
[2024-07-24T18:16:25.094+0000] {standard_task_runner.py:88} INFO - Job 11: Subtask rental
[2024-07-24T18:16:25.296+0000] {task_command.py:423} INFO - Running <TaskInstance: stagingtodv.rental scheduled__2024-07-23T00:00:00+00:00 [running]> on host 498c16fd9e64
[2024-07-24T18:16:26.295+0000] {taskinstance.py:2513} INFO - Exporting env vars: AIRFLOW_CTX_DAG_OWNER='***' AIRFLOW_CTX_DAG_ID='stagingtodv' AIRFLOW_CTX_TASK_ID='rental' AIRFLOW_CTX_EXECUTION_DATE='2024-07-23T00:00:00+00:00' AIRFLOW_CTX_TRY_NUMBER='1' AIRFLOW_CTX_DAG_RUN_ID='scheduled__2024-07-23T00:00:00+00:00'
[2024-07-24T18:16:26.297+0000] {logging_mixin.py:188} INFO - -------------------------------------------- select *  from etlconf.Etl_Process_Mapping where SourceTableName = 'rental' and Stage = 'stagingtodv'
[2024-07-24T18:16:28.072+0000] {logging_mixin.py:188} INFO - update etlconf.Etl_Process_Mapping T set last_run_date = current_timestamp where destdbname='dbdv' and destschema='dvdrental' and desttablename='rental';
[2024-07-24T18:16:28.080+0000] {python.py:202} INFO - Done. Returned value was: None
[2024-07-24T18:16:28.085+0000] {taskinstance.py:1149} INFO - Marking task as SUCCESS. dag_id=stagingtodv, task_id=rental, execution_date=20240723T000000, start_date=20240724T181624, end_date=20240724T181628
[2024-07-24T18:16:28.132+0000] {local_task_job_runner.py:234} INFO - Task exited with return code 0
[2024-07-24T18:16:28.142+0000] {taskinstance.py:3312} INFO - 0 downstream tasks scheduled from follow-on schedule check
[2024-07-24T18:23:31.385+0000] {taskinstance.py:1979} INFO - Dependencies all met for dep_context=non-requeueable deps ti=<TaskInstance: stagingtodv.rental scheduled__2024-07-23T00:00:00+00:00 [queued]>
[2024-07-24T18:23:31.400+0000] {taskinstance.py:1979} INFO - Dependencies all met for dep_context=requeueable deps ti=<TaskInstance: stagingtodv.rental scheduled__2024-07-23T00:00:00+00:00 [queued]>
[2024-07-24T18:23:31.411+0000] {taskinstance.py:2193} INFO - Starting attempt 1 of 1
[2024-07-24T18:23:31.451+0000] {taskinstance.py:2217} INFO - Executing <Task(PythonOperator): rental> on 2024-07-23 00:00:00+00:00
[2024-07-24T18:23:31.468+0000] {standard_task_runner.py:60} INFO - Started process 100 to run task
[2024-07-24T18:23:31.484+0000] {standard_task_runner.py:87} INFO - Running: ['***', 'tasks', 'run', 'stagingtodv', 'rental', 'scheduled__2024-07-23T00:00:00+00:00', '--job-id', '14', '--raw', '--subdir', 'DAGS_FOLDER/dag.py', '--cfg-path', '/tmp/tmp4pu6yeux']
[2024-07-24T18:23:31.495+0000] {standard_task_runner.py:88} INFO - Job 14: Subtask rental
[2024-07-24T18:23:31.673+0000] {task_command.py:423} INFO - Running <TaskInstance: stagingtodv.rental scheduled__2024-07-23T00:00:00+00:00 [running]> on host bbd1d7010f8c
[2024-07-24T18:23:32.892+0000] {taskinstance.py:2513} INFO - Exporting env vars: AIRFLOW_CTX_DAG_OWNER='***' AIRFLOW_CTX_DAG_ID='stagingtodv' AIRFLOW_CTX_TASK_ID='rental' AIRFLOW_CTX_EXECUTION_DATE='2024-07-23T00:00:00+00:00' AIRFLOW_CTX_TRY_NUMBER='1' AIRFLOW_CTX_DAG_RUN_ID='scheduled__2024-07-23T00:00:00+00:00'
[2024-07-24T18:23:32.894+0000] {logging_mixin.py:188} INFO - -------------------------------------------- select *  from etlconf.Etl_Process_Mapping where SourceTableName = 'rental' and Stage = 'stagingtodv'
[2024-07-24T18:23:34.592+0000] {logging_mixin.py:188} INFO - update etlconf.Etl_Process_Mapping T set last_run_date = current_timestamp where destdbname='dbdv' and destschema='dvdrental' and desttablename='rental';
[2024-07-24T18:23:34.599+0000] {python.py:202} INFO - Done. Returned value was: None
[2024-07-24T18:23:34.605+0000] {taskinstance.py:1149} INFO - Marking task as SUCCESS. dag_id=stagingtodv, task_id=rental, execution_date=20240723T000000, start_date=20240724T182331, end_date=20240724T182334
[2024-07-24T18:23:34.637+0000] {local_task_job_runner.py:234} INFO - Task exited with return code 0
[2024-07-24T18:23:34.649+0000] {taskinstance.py:3312} INFO - 0 downstream tasks scheduled from follow-on schedule check
[2024-07-24T18:25:40.521+0000] {taskinstance.py:1979} INFO - Dependencies all met for dep_context=non-requeueable deps ti=<TaskInstance: stagingtodv.rental scheduled__2024-07-23T00:00:00+00:00 [queued]>
[2024-07-24T18:25:40.559+0000] {taskinstance.py:1979} INFO - Dependencies all met for dep_context=requeueable deps ti=<TaskInstance: stagingtodv.rental scheduled__2024-07-23T00:00:00+00:00 [queued]>
[2024-07-24T18:25:40.561+0000] {taskinstance.py:2193} INFO - Starting attempt 1 of 1
[2024-07-24T18:25:40.595+0000] {taskinstance.py:2217} INFO - Executing <Task(PythonOperator): rental> on 2024-07-23 00:00:00+00:00
[2024-07-24T18:25:40.611+0000] {standard_task_runner.py:60} INFO - Started process 100 to run task
[2024-07-24T18:25:40.658+0000] {standard_task_runner.py:87} INFO - Running: ['***', 'tasks', 'run', 'stagingtodv', 'rental', 'scheduled__2024-07-23T00:00:00+00:00', '--job-id', '16', '--raw', '--subdir', 'DAGS_FOLDER/dag.py', '--cfg-path', '/tmp/tmpj6ge5_hf']
[2024-07-24T18:25:40.683+0000] {standard_task_runner.py:88} INFO - Job 16: Subtask rental
[2024-07-24T18:25:40.866+0000] {task_command.py:423} INFO - Running <TaskInstance: stagingtodv.rental scheduled__2024-07-23T00:00:00+00:00 [running]> on host 5d8e7c9bb9aa
[2024-07-24T18:25:41.921+0000] {taskinstance.py:2513} INFO - Exporting env vars: AIRFLOW_CTX_DAG_OWNER='***' AIRFLOW_CTX_DAG_ID='stagingtodv' AIRFLOW_CTX_TASK_ID='rental' AIRFLOW_CTX_EXECUTION_DATE='2024-07-23T00:00:00+00:00' AIRFLOW_CTX_TRY_NUMBER='1' AIRFLOW_CTX_DAG_RUN_ID='scheduled__2024-07-23T00:00:00+00:00'
[2024-07-24T18:25:41.923+0000] {logging_mixin.py:188} INFO - -------------------------------------------- select *  from etlconf.Etl_Process_Mapping where SourceTableName = 'rental' and Stage = 'stagingtodv'
[2024-07-24T18:25:43.646+0000] {logging_mixin.py:188} INFO - update etlconf.Etl_Process_Mapping T set last_run_date = current_timestamp where destdbname='dbdv' and destschema='dvdrental' and desttablename='rental';
[2024-07-24T18:25:43.654+0000] {python.py:202} INFO - Done. Returned value was: None
[2024-07-24T18:25:43.659+0000] {taskinstance.py:1149} INFO - Marking task as SUCCESS. dag_id=stagingtodv, task_id=rental, execution_date=20240723T000000, start_date=20240724T182540, end_date=20240724T182543
[2024-07-24T18:25:43.704+0000] {local_task_job_runner.py:234} INFO - Task exited with return code 0
[2024-07-24T18:25:43.715+0000] {taskinstance.py:3312} INFO - 0 downstream tasks scheduled from follow-on schedule check
[2024-07-24T19:31:51.574+0000] {taskinstance.py:1979} INFO - Dependencies all met for dep_context=non-requeueable deps ti=<TaskInstance: stagingtodv.rental scheduled__2024-07-23T00:00:00+00:00 [queued]>
[2024-07-24T19:31:51.596+0000] {taskinstance.py:1979} INFO - Dependencies all met for dep_context=requeueable deps ti=<TaskInstance: stagingtodv.rental scheduled__2024-07-23T00:00:00+00:00 [queued]>
[2024-07-24T19:31:51.598+0000] {taskinstance.py:2193} INFO - Starting attempt 1 of 1
[2024-07-24T19:31:51.640+0000] {taskinstance.py:2217} INFO - Executing <Task(PythonOperator): rental> on 2024-07-23 00:00:00+00:00
[2024-07-24T19:31:51.649+0000] {standard_task_runner.py:60} INFO - Started process 102 to run task
[2024-07-24T19:31:51.659+0000] {standard_task_runner.py:87} INFO - Running: ['***', 'tasks', 'run', 'stagingtodv', 'rental', 'scheduled__2024-07-23T00:00:00+00:00', '--job-id', '7', '--raw', '--subdir', 'DAGS_FOLDER/dag.py', '--cfg-path', '/tmp/tmpkr7oufwp']
[2024-07-24T19:31:51.686+0000] {standard_task_runner.py:88} INFO - Job 7: Subtask rental
[2024-07-24T19:31:51.886+0000] {task_command.py:423} INFO - Running <TaskInstance: stagingtodv.rental scheduled__2024-07-23T00:00:00+00:00 [running]> on host 3e0bdef1d250
[2024-07-24T19:31:53.630+0000] {taskinstance.py:2513} INFO - Exporting env vars: AIRFLOW_CTX_DAG_OWNER='***' AIRFLOW_CTX_DAG_ID='stagingtodv' AIRFLOW_CTX_TASK_ID='rental' AIRFLOW_CTX_EXECUTION_DATE='2024-07-23T00:00:00+00:00' AIRFLOW_CTX_TRY_NUMBER='1' AIRFLOW_CTX_DAG_RUN_ID='scheduled__2024-07-23T00:00:00+00:00'
[2024-07-24T19:31:53.634+0000] {logging_mixin.py:188} INFO - -------------------------------------------- select *  from etlconf.Etl_Process_Mapping where SourceTableName = 'rental' and Stage = 'stagingtodv'
[2024-07-24T19:31:55.754+0000] {logging_mixin.py:188} INFO - update etlconf.Etl_Process_Mapping T set last_run_date = current_timestamp where destdbname='dbdv' and destschema='dvdrental' and desttablename='rental';
[2024-07-24T19:31:55.761+0000] {python.py:202} INFO - Done. Returned value was: None
[2024-07-24T19:31:55.767+0000] {taskinstance.py:1149} INFO - Marking task as SUCCESS. dag_id=stagingtodv, task_id=rental, execution_date=20240723T000000, start_date=20240724T193151, end_date=20240724T193155
[2024-07-24T19:31:55.792+0000] {local_task_job_runner.py:234} INFO - Task exited with return code 0
[2024-07-24T19:31:55.806+0000] {taskinstance.py:3312} INFO - 0 downstream tasks scheduled from follow-on schedule check
[2024-07-24T20:10:31.614+0000] {taskinstance.py:1979} INFO - Dependencies all met for dep_context=non-requeueable deps ti=<TaskInstance: stagingtodv.rental scheduled__2024-07-23T00:00:00+00:00 [queued]>
[2024-07-24T20:10:31.652+0000] {taskinstance.py:1979} INFO - Dependencies all met for dep_context=requeueable deps ti=<TaskInstance: stagingtodv.rental scheduled__2024-07-23T00:00:00+00:00 [queued]>
[2024-07-24T20:10:31.657+0000] {taskinstance.py:2193} INFO - Starting attempt 1 of 1
[2024-07-24T20:10:31.759+0000] {taskinstance.py:2217} INFO - Executing <Task(PythonOperator): rental> on 2024-07-23 00:00:00+00:00
[2024-07-24T20:10:31.866+0000] {standard_task_runner.py:60} INFO - Started process 102 to run task
[2024-07-24T20:10:31.896+0000] {standard_task_runner.py:87} INFO - Running: ['***', 'tasks', 'run', 'stagingtodv', 'rental', 'scheduled__2024-07-23T00:00:00+00:00', '--job-id', '12', '--raw', '--subdir', 'DAGS_FOLDER/dag.py', '--cfg-path', '/tmp/tmp1d5_54y_']
[2024-07-24T20:10:31.973+0000] {standard_task_runner.py:88} INFO - Job 12: Subtask rental
[2024-07-24T20:10:32.330+0000] {task_command.py:423} INFO - Running <TaskInstance: stagingtodv.rental scheduled__2024-07-23T00:00:00+00:00 [running]> on host 2b5a76a23048
[2024-07-24T20:10:33.668+0000] {taskinstance.py:2513} INFO - Exporting env vars: AIRFLOW_CTX_DAG_OWNER='***' AIRFLOW_CTX_DAG_ID='stagingtodv' AIRFLOW_CTX_TASK_ID='rental' AIRFLOW_CTX_EXECUTION_DATE='2024-07-23T00:00:00+00:00' AIRFLOW_CTX_TRY_NUMBER='1' AIRFLOW_CTX_DAG_RUN_ID='scheduled__2024-07-23T00:00:00+00:00'
[2024-07-24T20:10:33.669+0000] {logging_mixin.py:188} INFO - -------------------------------------------- select *  from etlconf.Etl_Process_Mapping where SourceTableName = 'rental' and Stage = 'stagingtodv'
[2024-07-24T20:10:35.518+0000] {logging_mixin.py:188} INFO - update etlconf.Etl_Process_Mapping T set last_run_date = current_timestamp where destdbname='dbdv' and destschema='dvdrental' and desttablename='rental';
[2024-07-24T20:10:35.525+0000] {python.py:202} INFO - Done. Returned value was: None
[2024-07-24T20:10:35.532+0000] {taskinstance.py:1149} INFO - Marking task as SUCCESS. dag_id=stagingtodv, task_id=rental, execution_date=20240723T000000, start_date=20240724T201031, end_date=20240724T201035
[2024-07-24T20:10:35.575+0000] {local_task_job_runner.py:234} INFO - Task exited with return code 0
[2024-07-24T20:10:35.585+0000] {taskinstance.py:3312} INFO - 0 downstream tasks scheduled from follow-on schedule check
[2024-07-24T20:12:42.325+0000] {taskinstance.py:1979} INFO - Dependencies all met for dep_context=non-requeueable deps ti=<TaskInstance: stagingtodv.rental scheduled__2024-07-23T00:00:00+00:00 [queued]>
[2024-07-24T20:12:42.356+0000] {taskinstance.py:1979} INFO - Dependencies all met for dep_context=requeueable deps ti=<TaskInstance: stagingtodv.rental scheduled__2024-07-23T00:00:00+00:00 [queued]>
[2024-07-24T20:12:42.363+0000] {taskinstance.py:2193} INFO - Starting attempt 1 of 1
[2024-07-24T20:12:42.451+0000] {taskinstance.py:2217} INFO - Executing <Task(PythonOperator): rental> on 2024-07-23 00:00:00+00:00
[2024-07-24T20:12:42.480+0000] {standard_task_runner.py:60} INFO - Started process 96 to run task
[2024-07-24T20:12:42.645+0000] {standard_task_runner.py:87} INFO - Running: ['***', 'tasks', 'run', 'stagingtodv', 'rental', 'scheduled__2024-07-23T00:00:00+00:00', '--job-id', '12', '--raw', '--subdir', 'DAGS_FOLDER/dag.py', '--cfg-path', '/tmp/tmp8m00ibgf']
[2024-07-24T20:12:42.655+0000] {standard_task_runner.py:88} INFO - Job 12: Subtask rental
[2024-07-24T20:12:43.081+0000] {task_command.py:423} INFO - Running <TaskInstance: stagingtodv.rental scheduled__2024-07-23T00:00:00+00:00 [running]> on host c86ab2f6676c
[2024-07-24T20:12:45.563+0000] {taskinstance.py:2513} INFO - Exporting env vars: AIRFLOW_CTX_DAG_OWNER='***' AIRFLOW_CTX_DAG_ID='stagingtodv' AIRFLOW_CTX_TASK_ID='rental' AIRFLOW_CTX_EXECUTION_DATE='2024-07-23T00:00:00+00:00' AIRFLOW_CTX_TRY_NUMBER='1' AIRFLOW_CTX_DAG_RUN_ID='scheduled__2024-07-23T00:00:00+00:00'
[2024-07-24T20:12:45.568+0000] {logging_mixin.py:188} INFO - -------------------------------------------- select *  from etlconf.Etl_Process_Mapping where SourceTableName = 'rental' and Stage = 'stagingtodv'
[2024-07-24T20:12:48.278+0000] {logging_mixin.py:188} INFO - update etlconf.Etl_Process_Mapping T set last_run_date = current_timestamp where destdbname='dbdv' and destschema='dvdrental' and desttablename='rental';
[2024-07-24T20:12:48.285+0000] {python.py:202} INFO - Done. Returned value was: None
[2024-07-24T20:12:48.291+0000] {taskinstance.py:1149} INFO - Marking task as SUCCESS. dag_id=stagingtodv, task_id=rental, execution_date=20240723T000000, start_date=20240724T201242, end_date=20240724T201248
[2024-07-24T20:12:48.326+0000] {local_task_job_runner.py:234} INFO - Task exited with return code 0
[2024-07-24T20:12:48.336+0000] {taskinstance.py:3312} INFO - 0 downstream tasks scheduled from follow-on schedule check
[2024-07-24T20:14:53.309+0000] {taskinstance.py:1979} INFO - Dependencies all met for dep_context=non-requeueable deps ti=<TaskInstance: stagingtodv.rental scheduled__2024-07-23T00:00:00+00:00 [queued]>
[2024-07-24T20:14:53.320+0000] {taskinstance.py:1979} INFO - Dependencies all met for dep_context=requeueable deps ti=<TaskInstance: stagingtodv.rental scheduled__2024-07-23T00:00:00+00:00 [queued]>
[2024-07-24T20:14:53.322+0000] {taskinstance.py:2193} INFO - Starting attempt 1 of 1
[2024-07-24T20:14:53.362+0000] {taskinstance.py:2217} INFO - Executing <Task(PythonOperator): rental> on 2024-07-23 00:00:00+00:00
[2024-07-24T20:14:53.374+0000] {standard_task_runner.py:60} INFO - Started process 97 to run task
[2024-07-24T20:14:53.393+0000] {standard_task_runner.py:87} INFO - Running: ['***', 'tasks', 'run', 'stagingtodv', 'rental', 'scheduled__2024-07-23T00:00:00+00:00', '--job-id', '13', '--raw', '--subdir', 'DAGS_FOLDER/dag.py', '--cfg-path', '/tmp/tmpahcvmkg4']
[2024-07-24T20:14:53.406+0000] {standard_task_runner.py:88} INFO - Job 13: Subtask rental
[2024-07-24T20:14:53.628+0000] {task_command.py:423} INFO - Running <TaskInstance: stagingtodv.rental scheduled__2024-07-23T00:00:00+00:00 [running]> on host 86e5a5fada4c
[2024-07-24T20:14:53.823+0000] {taskinstance.py:2513} INFO - Exporting env vars: AIRFLOW_CTX_DAG_OWNER='***' AIRFLOW_CTX_DAG_ID='stagingtodv' AIRFLOW_CTX_TASK_ID='rental' AIRFLOW_CTX_EXECUTION_DATE='2024-07-23T00:00:00+00:00' AIRFLOW_CTX_TRY_NUMBER='1' AIRFLOW_CTX_DAG_RUN_ID='scheduled__2024-07-23T00:00:00+00:00'
[2024-07-24T20:14:53.829+0000] {logging_mixin.py:188} INFO - -------------------------------------------- select *  from etlconf.Etl_Process_Mapping where SourceTableName = 'rental' and Stage = 'stagingtodv'
[2024-07-24T20:14:56.792+0000] {logging_mixin.py:188} INFO - update etlconf.Etl_Process_Mapping T set last_run_date = current_timestamp where destdbname='dbdv' and destschema='dvdrental' and desttablename='rental';
[2024-07-24T20:14:56.799+0000] {python.py:202} INFO - Done. Returned value was: None
[2024-07-24T20:14:56.804+0000] {taskinstance.py:1149} INFO - Marking task as SUCCESS. dag_id=stagingtodv, task_id=rental, execution_date=20240723T000000, start_date=20240724T201453, end_date=20240724T201456
[2024-07-24T20:14:56.857+0000] {local_task_job_runner.py:234} INFO - Task exited with return code 0
[2024-07-24T20:14:56.869+0000] {taskinstance.py:3312} INFO - 0 downstream tasks scheduled from follow-on schedule check
[2024-07-24T20:23:46.212+0000] {taskinstance.py:1979} INFO - Dependencies all met for dep_context=non-requeueable deps ti=<TaskInstance: stagingtodv.rental scheduled__2024-07-23T00:00:00+00:00 [queued]>
[2024-07-24T20:23:46.233+0000] {taskinstance.py:1979} INFO - Dependencies all met for dep_context=requeueable deps ti=<TaskInstance: stagingtodv.rental scheduled__2024-07-23T00:00:00+00:00 [queued]>
[2024-07-24T20:23:46.242+0000] {taskinstance.py:2193} INFO - Starting attempt 1 of 1
[2024-07-24T20:23:46.268+0000] {taskinstance.py:2217} INFO - Executing <Task(PythonOperator): rental> on 2024-07-23 00:00:00+00:00
[2024-07-24T20:23:46.307+0000] {standard_task_runner.py:87} INFO - Running: ['***', 'tasks', 'run', 'stagingtodv', 'rental', 'scheduled__2024-07-23T00:00:00+00:00', '--job-id', '4', '--raw', '--subdir', 'DAGS_FOLDER/dag.py', '--cfg-path', '/tmp/tmpm4smp4ga']
[2024-07-24T20:23:46.317+0000] {standard_task_runner.py:88} INFO - Job 4: Subtask rental
[2024-07-24T20:23:46.298+0000] {standard_task_runner.py:60} INFO - Started process 138 to run task
[2024-07-24T20:23:46.521+0000] {task_command.py:423} INFO - Running <TaskInstance: stagingtodv.rental scheduled__2024-07-23T00:00:00+00:00 [running]> on host fd6805ab8e96
[2024-07-24T20:23:47.692+0000] {taskinstance.py:2513} INFO - Exporting env vars: AIRFLOW_CTX_DAG_OWNER='***' AIRFLOW_CTX_DAG_ID='stagingtodv' AIRFLOW_CTX_TASK_ID='rental' AIRFLOW_CTX_EXECUTION_DATE='2024-07-23T00:00:00+00:00' AIRFLOW_CTX_TRY_NUMBER='1' AIRFLOW_CTX_DAG_RUN_ID='scheduled__2024-07-23T00:00:00+00:00'
[2024-07-24T20:23:47.697+0000] {logging_mixin.py:188} INFO - -------------------------------------------- select *  from etlconf.Etl_Process_Mapping where SourceTableName = 'rental' and Stage = 'stagingtodv'
[2024-07-24T20:23:50.547+0000] {logging_mixin.py:188} INFO - update etlconf.Etl_Process_Mapping T set last_run_date = current_timestamp where destdbname='dbdv' and destschema='dvdrental' and desttablename='rental';
[2024-07-24T20:23:50.555+0000] {python.py:202} INFO - Done. Returned value was: None
[2024-07-24T20:23:50.560+0000] {taskinstance.py:1149} INFO - Marking task as SUCCESS. dag_id=stagingtodv, task_id=rental, execution_date=20240723T000000, start_date=20240724T202346, end_date=20240724T202350
[2024-07-24T20:23:50.579+0000] {local_task_job_runner.py:234} INFO - Task exited with return code 0
[2024-07-24T20:23:50.593+0000] {taskinstance.py:3312} INFO - 0 downstream tasks scheduled from follow-on schedule check
[2024-07-24T20:35:58.994+0000] {taskinstance.py:1979} INFO - Dependencies all met for dep_context=non-requeueable deps ti=<TaskInstance: stagingtodv.rental scheduled__2024-07-23T00:00:00+00:00 [queued]>
[2024-07-24T20:35:59.018+0000] {taskinstance.py:1979} INFO - Dependencies all met for dep_context=requeueable deps ti=<TaskInstance: stagingtodv.rental scheduled__2024-07-23T00:00:00+00:00 [queued]>
[2024-07-24T20:35:59.019+0000] {taskinstance.py:2193} INFO - Starting attempt 1 of 1
[2024-07-24T20:35:59.032+0000] {taskinstance.py:2217} INFO - Executing <Task(PythonOperator): rental> on 2024-07-23 00:00:00+00:00
[2024-07-24T20:35:59.055+0000] {standard_task_runner.py:60} INFO - Started process 101 to run task
[2024-07-24T20:35:59.085+0000] {standard_task_runner.py:87} INFO - Running: ['***', 'tasks', 'run', 'stagingtodv', 'rental', 'scheduled__2024-07-23T00:00:00+00:00', '--job-id', '17', '--raw', '--subdir', 'DAGS_FOLDER/dag.py', '--cfg-path', '/tmp/tmpf_qbk5mn']
[2024-07-24T20:35:59.105+0000] {standard_task_runner.py:88} INFO - Job 17: Subtask rental
[2024-07-24T20:35:59.337+0000] {task_command.py:423} INFO - Running <TaskInstance: stagingtodv.rental scheduled__2024-07-23T00:00:00+00:00 [running]> on host 7dd317f3ab25
[2024-07-24T20:36:00.739+0000] {taskinstance.py:2513} INFO - Exporting env vars: AIRFLOW_CTX_DAG_OWNER='***' AIRFLOW_CTX_DAG_ID='stagingtodv' AIRFLOW_CTX_TASK_ID='rental' AIRFLOW_CTX_EXECUTION_DATE='2024-07-23T00:00:00+00:00' AIRFLOW_CTX_TRY_NUMBER='1' AIRFLOW_CTX_DAG_RUN_ID='scheduled__2024-07-23T00:00:00+00:00'
[2024-07-24T20:36:00.742+0000] {logging_mixin.py:188} INFO - -------------------------------------------- select *  from etlconf.Etl_Process_Mapping where SourceTableName = 'rental' and Stage = 'stagingtodv'
[2024-07-24T20:36:02.796+0000] {logging_mixin.py:188} INFO - update etlconf.Etl_Process_Mapping T set last_run_date = current_timestamp where destdbname='dbdv' and destschema='dvdrental' and desttablename='rental';
[2024-07-24T20:36:02.803+0000] {python.py:202} INFO - Done. Returned value was: None
[2024-07-24T20:36:02.809+0000] {taskinstance.py:1149} INFO - Marking task as SUCCESS. dag_id=stagingtodv, task_id=rental, execution_date=20240723T000000, start_date=20240724T203558, end_date=20240724T203602
[2024-07-24T20:36:02.864+0000] {local_task_job_runner.py:234} INFO - Task exited with return code 0
[2024-07-24T20:44:26.031+0000] {taskinstance.py:3318} INFO - Skipping mini scheduling run due to exception: SELECT dag_run.state AS dag_run_state, dag_run.id AS dag_run_id, dag_run.dag_id AS dag_run_dag_id, dag_run.queued_at AS dag_run_queued_at, dag_run.execution_date AS dag_run_execution_date, dag_run.start_date AS dag_run_start_date, dag_run.end_date AS dag_run_end_date, dag_run.run_id AS dag_run_run_id, dag_run.creating_job_id AS dag_run_creating_job_id, dag_run.external_trigger AS dag_run_external_trigger, dag_run.run_type AS dag_run_run_type, dag_run.conf AS dag_run_conf, dag_run.data_interval_start AS dag_run_data_interval_start, dag_run.data_interval_end AS dag_run_data_interval_end, dag_run.last_scheduling_decision AS dag_run_last_scheduling_decision, dag_run.dag_hash AS dag_run_dag_hash, dag_run.log_template_id AS dag_run_log_template_id, dag_run.updated_at AS dag_run_updated_at, dag_run.clear_number AS dag_run_clear_number 
FROM dag_run 
WHERE dag_run.dag_id = %(dag_id_1)s AND dag_run.run_id = %(run_id_1)s FOR UPDATE
Traceback (most recent call last):
  File "/home/airflow/.local/lib/python3.8/site-packages/sqlalchemy/engine/base.py", line 1910, in _execute_context
    self.dialect.do_execute(
  File "/home/airflow/.local/lib/python3.8/site-packages/sqlalchemy/engine/default.py", line 736, in do_execute
    cursor.execute(statement, parameters)
psycopg2.OperationalError: server closed the connection unexpectedly
	This probably means the server terminated abnormally
	before or while processing the request.


The above exception was the direct cause of the following exception:

Traceback (most recent call last):
  File "/home/airflow/.local/lib/python3.8/site-packages/airflow/models/taskinstance.py", line 3267, in _schedule_downstream_tasks
    dag_run = with_row_locks(
  File "/home/airflow/.local/lib/python3.8/site-packages/sqlalchemy/orm/query.py", line 2870, in one
    return self._iter().one()
  File "/home/airflow/.local/lib/python3.8/site-packages/sqlalchemy/orm/query.py", line 2916, in _iter
    result = self.session.execute(
  File "/home/airflow/.local/lib/python3.8/site-packages/sqlalchemy/orm/session.py", line 1717, in execute
    result = conn._execute_20(statement, params or {}, execution_options)
  File "/home/airflow/.local/lib/python3.8/site-packages/sqlalchemy/engine/base.py", line 1710, in _execute_20
    return meth(self, args_10style, kwargs_10style, execution_options)
  File "/home/airflow/.local/lib/python3.8/site-packages/sqlalchemy/sql/elements.py", line 334, in _execute_on_connection
    return connection._execute_clauseelement(
  File "/home/airflow/.local/lib/python3.8/site-packages/sqlalchemy/engine/base.py", line 1577, in _execute_clauseelement
    ret = self._execute_context(
  File "/home/airflow/.local/lib/python3.8/site-packages/sqlalchemy/engine/base.py", line 1953, in _execute_context
    self._handle_dbapi_exception(
  File "/home/airflow/.local/lib/python3.8/site-packages/sqlalchemy/engine/base.py", line 2134, in _handle_dbapi_exception
    util.raise_(
  File "/home/airflow/.local/lib/python3.8/site-packages/sqlalchemy/util/compat.py", line 211, in raise_
    raise exception
  File "/home/airflow/.local/lib/python3.8/site-packages/sqlalchemy/engine/base.py", line 1910, in _execute_context
    self.dialect.do_execute(
  File "/home/airflow/.local/lib/python3.8/site-packages/sqlalchemy/engine/default.py", line 736, in do_execute
    cursor.execute(statement, parameters)
sqlalchemy.exc.OperationalError: (psycopg2.OperationalError) server closed the connection unexpectedly
	This probably means the server terminated abnormally
	before or while processing the request.

[SQL: SELECT dag_run.state AS dag_run_state, dag_run.id AS dag_run_id, dag_run.dag_id AS dag_run_dag_id, dag_run.queued_at AS dag_run_queued_at, dag_run.execution_date AS dag_run_execution_date, dag_run.start_date AS dag_run_start_date, dag_run.end_date AS dag_run_end_date, dag_run.run_id AS dag_run_run_id, dag_run.creating_job_id AS dag_run_creating_job_id, dag_run.external_trigger AS dag_run_external_trigger, dag_run.run_type AS dag_run_run_type, dag_run.conf AS dag_run_conf, dag_run.data_interval_start AS dag_run_data_interval_start, dag_run.data_interval_end AS dag_run_data_interval_end, dag_run.last_scheduling_decision AS dag_run_last_scheduling_decision, dag_run.dag_hash AS dag_run_dag_hash, dag_run.log_template_id AS dag_run_log_template_id, dag_run.updated_at AS dag_run_updated_at, dag_run.clear_number AS dag_run_clear_number 
FROM dag_run 
WHERE dag_run.dag_id = %(dag_id_1)s AND dag_run.run_id = %(run_id_1)s FOR UPDATE]
[parameters: {'dag_id_1': 'stagingtodv', 'run_id_1': 'scheduled__2024-07-23T00:00:00+00:00'}]
(Background on this error at: https://sqlalche.me/e/14/e3q8)
