[2024-07-11T18:17:07.908+0000] {taskinstance.py:1979} INFO - Dependencies all met for dep_context=non-requeueable deps ti=<TaskInstance: sqltostaging.film scheduled__2024-07-10T00:00:00+00:00 [queued]>
[2024-07-11T18:17:07.933+0000] {taskinstance.py:1979} INFO - Dependencies all met for dep_context=requeueable deps ti=<TaskInstance: sqltostaging.film scheduled__2024-07-10T00:00:00+00:00 [queued]>
[2024-07-11T18:17:07.939+0000] {taskinstance.py:2193} INFO - Starting attempt 1 of 1
[2024-07-11T18:17:07.984+0000] {taskinstance.py:2217} INFO - Executing <Task(PythonOperator): film> on 2024-07-10 00:00:00+00:00
[2024-07-11T18:17:08.003+0000] {standard_task_runner.py:60} INFO - Started process 85 to run task
[2024-07-11T18:17:08.017+0000] {standard_task_runner.py:87} INFO - Running: ['***', 'tasks', 'run', 'sqltostaging', 'film', 'scheduled__2024-07-10T00:00:00+00:00', '--job-id', '25', '--raw', '--subdir', 'DAGS_FOLDER/dag.py', '--cfg-path', '/tmp/tmpqn5qjbmb']
[2024-07-11T18:17:08.031+0000] {standard_task_runner.py:88} INFO - Job 25: Subtask film
[2024-07-11T18:17:08.353+0000] {task_command.py:423} INFO - Running <TaskInstance: sqltostaging.film scheduled__2024-07-10T00:00:00+00:00 [running]> on host 2bc01acfbd3e
[2024-07-11T18:17:08.616+0000] {taskinstance.py:2513} INFO - Exporting env vars: AIRFLOW_CTX_DAG_OWNER='***' AIRFLOW_CTX_DAG_ID='sqltostaging' AIRFLOW_CTX_TASK_ID='film' AIRFLOW_CTX_EXECUTION_DATE='2024-07-10T00:00:00+00:00' AIRFLOW_CTX_TRY_NUMBER='1' AIRFLOW_CTX_DAG_RUN_ID='scheduled__2024-07-10T00:00:00+00:00'
[2024-07-11T18:17:10.619+0000] {logging_mixin.py:188} INFO - select *  from etlconf.Etl_Process_Mapping where SourceTableName = 'film' and Stage = 'sqltostaging'
[2024-07-11T18:17:10.711+0000] {logging_mixin.py:188} INFO -    id sourcetablename sourcedbname  ...  code         stage last_run_date
0   7            film    dvdrental  ...  None  sqltostaging          None

[1 rows x 15 columns]
[2024-07-11T18:17:10.714+0000] {taskinstance.py:2731} ERROR - Task failed with exception
Traceback (most recent call last):
  File "/home/airflow/.local/lib/python3.8/site-packages/airflow/models/taskinstance.py", line 444, in _execute_task
    result = _execute_callable(context=context, **execute_callable_kwargs)
  File "/home/airflow/.local/lib/python3.8/site-packages/airflow/models/taskinstance.py", line 414, in _execute_callable
    return execute_callable(context=context, **execute_callable_kwargs)
  File "/home/airflow/.local/lib/python3.8/site-packages/airflow/operators/python.py", line 200, in execute
    return_value = self.execute_callable()
  File "/home/airflow/.local/lib/python3.8/site-packages/airflow/operators/python.py", line 217, in execute_callable
    return self.python_callable(*self.op_args, **self.op_kwargs)
  File "/opt/airflow/dags/dag.py", line 44, in process_table
    return  execute(table, stage, tabletype)
  File "/app/main.py", line 26, in execute
    SqlToStaging().create_full().some_function(table, stage)
  File "/app/concretestage/SQLToStaging.py", line 38, in some_function
    sourceDF = getDF(sourcedbname,sourcetablename , sourceschema)
TypeError: getDF() missing 3 required positional arguments: 'filterColumn', 'dateFrom', and 'dateTo'
[2024-07-11T18:17:10.881+0000] {taskinstance.py:1149} INFO - Marking task as FAILED. dag_id=sqltostaging, task_id=film, execution_date=20240710T000000, start_date=20240711T181707, end_date=20240711T181710
[2024-07-11T18:17:10.938+0000] {standard_task_runner.py:107} ERROR - Failed to execute job 25 for task film (getDF() missing 3 required positional arguments: 'filterColumn', 'dateFrom', and 'dateTo'; 85)
[2024-07-11T18:17:10.986+0000] {local_task_job_runner.py:234} INFO - Task exited with return code 1
[2024-07-11T18:17:11.056+0000] {taskinstance.py:3312} INFO - 0 downstream tasks scheduled from follow-on schedule check
[2024-07-11T18:42:43.427+0000] {taskinstance.py:1979} INFO - Dependencies all met for dep_context=non-requeueable deps ti=<TaskInstance: sqltostaging.film scheduled__2024-07-10T00:00:00+00:00 [queued]>
[2024-07-11T18:42:43.445+0000] {taskinstance.py:1979} INFO - Dependencies all met for dep_context=requeueable deps ti=<TaskInstance: sqltostaging.film scheduled__2024-07-10T00:00:00+00:00 [queued]>
[2024-07-11T18:42:43.456+0000] {taskinstance.py:2193} INFO - Starting attempt 1 of 1
[2024-07-11T18:42:43.489+0000] {taskinstance.py:2217} INFO - Executing <Task(PythonOperator): film> on 2024-07-10 00:00:00+00:00
[2024-07-11T18:42:43.507+0000] {standard_task_runner.py:60} INFO - Started process 92 to run task
[2024-07-11T18:42:43.514+0000] {standard_task_runner.py:87} INFO - Running: ['***', 'tasks', 'run', 'sqltostaging', 'film', 'scheduled__2024-07-10T00:00:00+00:00', '--job-id', '13', '--raw', '--subdir', 'DAGS_FOLDER/dag.py', '--cfg-path', '/tmp/tmpzyary91t']
[2024-07-11T18:42:43.529+0000] {standard_task_runner.py:88} INFO - Job 13: Subtask film
[2024-07-11T18:42:43.729+0000] {task_command.py:423} INFO - Running <TaskInstance: sqltostaging.film scheduled__2024-07-10T00:00:00+00:00 [running]> on host 3cbd40a515d7
[2024-07-11T18:42:45.011+0000] {taskinstance.py:2513} INFO - Exporting env vars: AIRFLOW_CTX_DAG_OWNER='***' AIRFLOW_CTX_DAG_ID='sqltostaging' AIRFLOW_CTX_TASK_ID='film' AIRFLOW_CTX_EXECUTION_DATE='2024-07-10T00:00:00+00:00' AIRFLOW_CTX_TRY_NUMBER='1' AIRFLOW_CTX_DAG_RUN_ID='scheduled__2024-07-10T00:00:00+00:00'
[2024-07-11T18:42:45.098+0000] {logging_mixin.py:188} INFO - select *  from etlconf.Etl_Process_Mapping where SourceTableName = 'film' and Stage = 'sqltostaging'
[2024-07-11T18:42:45.201+0000] {logging_mixin.py:188} INFO -    id sourcetablename sourcedbname  ...  code         stage last_run_date
0   7            film    dvdrental  ...  None  sqltostaging          None

[1 rows x 15 columns]
[2024-07-11T18:42:45.203+0000] {logging_mixin.py:188} INFO - select T.* from dvdrental.public.film T
[2024-07-11T18:42:45.553+0000] {python.py:202} INFO - Done. Returned value was: None
[2024-07-11T18:42:45.559+0000] {taskinstance.py:1149} INFO - Marking task as SUCCESS. dag_id=sqltostaging, task_id=film, execution_date=20240710T000000, start_date=20240711T184243, end_date=20240711T184245
[2024-07-11T18:42:45.576+0000] {local_task_job_runner.py:234} INFO - Task exited with return code 0
[2024-07-11T18:42:45.589+0000] {taskinstance.py:3312} INFO - 0 downstream tasks scheduled from follow-on schedule check
[2024-07-11T18:51:08.018+0000] {taskinstance.py:1979} INFO - Dependencies all met for dep_context=non-requeueable deps ti=<TaskInstance: sqltostaging.film scheduled__2024-07-10T00:00:00+00:00 [queued]>
[2024-07-11T18:51:08.048+0000] {taskinstance.py:1979} INFO - Dependencies all met for dep_context=requeueable deps ti=<TaskInstance: sqltostaging.film scheduled__2024-07-10T00:00:00+00:00 [queued]>
[2024-07-11T18:51:08.054+0000] {taskinstance.py:2193} INFO - Starting attempt 1 of 1
[2024-07-11T18:51:08.124+0000] {taskinstance.py:2217} INFO - Executing <Task(PythonOperator): film> on 2024-07-10 00:00:00+00:00
[2024-07-11T18:51:08.208+0000] {standard_task_runner.py:60} INFO - Started process 103 to run task
[2024-07-11T18:51:08.223+0000] {standard_task_runner.py:87} INFO - Running: ['***', 'tasks', 'run', 'sqltostaging', 'film', 'scheduled__2024-07-10T00:00:00+00:00', '--job-id', '16', '--raw', '--subdir', 'DAGS_FOLDER/dag.py', '--cfg-path', '/tmp/tmp0pn_okq2']
[2024-07-11T18:51:08.247+0000] {standard_task_runner.py:88} INFO - Job 16: Subtask film
[2024-07-11T18:51:08.390+0000] {task_command.py:423} INFO - Running <TaskInstance: sqltostaging.film scheduled__2024-07-10T00:00:00+00:00 [running]> on host 59bc72ebf535
[2024-07-11T18:51:09.503+0000] {taskinstance.py:2513} INFO - Exporting env vars: AIRFLOW_CTX_DAG_OWNER='***' AIRFLOW_CTX_DAG_ID='sqltostaging' AIRFLOW_CTX_TASK_ID='film' AIRFLOW_CTX_EXECUTION_DATE='2024-07-10T00:00:00+00:00' AIRFLOW_CTX_TRY_NUMBER='1' AIRFLOW_CTX_DAG_RUN_ID='scheduled__2024-07-10T00:00:00+00:00'
[2024-07-11T18:51:09.551+0000] {logging_mixin.py:188} INFO - select *  from etlconf.Etl_Process_Mapping where SourceTableName = 'film' and Stage = 'sqltostaging'
[2024-07-11T18:51:09.598+0000] {logging_mixin.py:188} INFO -    id sourcetablename sourcedbname  ...  code         stage last_run_date
0   7            film    dvdrental  ...  None  sqltostaging          None

[1 rows x 15 columns]
[2024-07-11T18:51:09.600+0000] {logging_mixin.py:188} INFO - select T.* from dvdrental.public.film T
[2024-07-11T18:51:10.122+0000] {python.py:202} INFO - Done. Returned value was: None
[2024-07-11T18:51:10.133+0000] {taskinstance.py:1149} INFO - Marking task as SUCCESS. dag_id=sqltostaging, task_id=film, execution_date=20240710T000000, start_date=20240711T185108, end_date=20240711T185110
[2024-07-11T18:51:10.162+0000] {local_task_job_runner.py:234} INFO - Task exited with return code 0
[2024-07-11T18:51:10.175+0000] {taskinstance.py:3312} INFO - 0 downstream tasks scheduled from follow-on schedule check
[2024-07-11T18:59:13.748+0000] {taskinstance.py:1979} INFO - Dependencies all met for dep_context=non-requeueable deps ti=<TaskInstance: sqltostaging.film scheduled__2024-07-10T00:00:00+00:00 [queued]>
[2024-07-11T18:59:13.775+0000] {taskinstance.py:1979} INFO - Dependencies all met for dep_context=requeueable deps ti=<TaskInstance: sqltostaging.film scheduled__2024-07-10T00:00:00+00:00 [queued]>
[2024-07-11T18:59:13.780+0000] {taskinstance.py:2193} INFO - Starting attempt 1 of 1
[2024-07-11T18:59:13.826+0000] {taskinstance.py:2217} INFO - Executing <Task(PythonOperator): film> on 2024-07-10 00:00:00+00:00
[2024-07-11T18:59:13.838+0000] {standard_task_runner.py:60} INFO - Started process 94 to run task
[2024-07-11T18:59:13.848+0000] {standard_task_runner.py:87} INFO - Running: ['***', 'tasks', 'run', 'sqltostaging', 'film', 'scheduled__2024-07-10T00:00:00+00:00', '--job-id', '3', '--raw', '--subdir', 'DAGS_FOLDER/dag.py', '--cfg-path', '/tmp/tmp3mnj63lm']
[2024-07-11T18:59:13.865+0000] {standard_task_runner.py:88} INFO - Job 3: Subtask film
[2024-07-11T18:59:14.038+0000] {task_command.py:423} INFO - Running <TaskInstance: sqltostaging.film scheduled__2024-07-10T00:00:00+00:00 [running]> on host 40f26a5c62e8
[2024-07-11T18:59:15.051+0000] {taskinstance.py:2513} INFO - Exporting env vars: AIRFLOW_CTX_DAG_OWNER='***' AIRFLOW_CTX_DAG_ID='sqltostaging' AIRFLOW_CTX_TASK_ID='film' AIRFLOW_CTX_EXECUTION_DATE='2024-07-10T00:00:00+00:00' AIRFLOW_CTX_TRY_NUMBER='1' AIRFLOW_CTX_DAG_RUN_ID='scheduled__2024-07-10T00:00:00+00:00'
[2024-07-11T18:59:15.167+0000] {logging_mixin.py:188} INFO - select *  from etlconf.Etl_Process_Mapping where SourceTableName = 'film' and Stage = 'sqltostaging'
[2024-07-11T18:59:15.254+0000] {logging_mixin.py:188} INFO -    id sourcetablename sourcedbname  ...  code         stage last_run_date
0   7            film    dvdrental  ...  None  sqltostaging          None

[1 rows x 15 columns]
[2024-07-11T18:59:15.256+0000] {logging_mixin.py:188} INFO - select T.* from dvdrental.public.film T
[2024-07-11T18:59:15.627+0000] {python.py:202} INFO - Done. Returned value was: None
[2024-07-11T18:59:15.636+0000] {taskinstance.py:1149} INFO - Marking task as SUCCESS. dag_id=sqltostaging, task_id=film, execution_date=20240710T000000, start_date=20240711T185913, end_date=20240711T185915
[2024-07-11T18:59:15.674+0000] {local_task_job_runner.py:234} INFO - Task exited with return code 0
[2024-07-11T18:59:15.689+0000] {taskinstance.py:3312} INFO - 0 downstream tasks scheduled from follow-on schedule check
[2024-07-11T19:35:13.650+0000] {taskinstance.py:1979} INFO - Dependencies all met for dep_context=non-requeueable deps ti=<TaskInstance: sqltostaging.film scheduled__2024-07-10T00:00:00+00:00 [queued]>
[2024-07-11T19:35:13.679+0000] {taskinstance.py:1979} INFO - Dependencies all met for dep_context=requeueable deps ti=<TaskInstance: sqltostaging.film scheduled__2024-07-10T00:00:00+00:00 [queued]>
[2024-07-11T19:35:13.682+0000] {taskinstance.py:2193} INFO - Starting attempt 1 of 1
[2024-07-11T19:35:13.717+0000] {taskinstance.py:2217} INFO - Executing <Task(PythonOperator): film> on 2024-07-10 00:00:00+00:00
[2024-07-11T19:35:13.742+0000] {standard_task_runner.py:60} INFO - Started process 95 to run task
[2024-07-11T19:35:13.748+0000] {standard_task_runner.py:87} INFO - Running: ['***', 'tasks', 'run', 'sqltostaging', 'film', 'scheduled__2024-07-10T00:00:00+00:00', '--job-id', '9', '--raw', '--subdir', 'DAGS_FOLDER/dag.py', '--cfg-path', '/tmp/tmpxn2p3mh1']
[2024-07-11T19:35:13.763+0000] {standard_task_runner.py:88} INFO - Job 9: Subtask film
[2024-07-11T19:35:13.934+0000] {task_command.py:423} INFO - Running <TaskInstance: sqltostaging.film scheduled__2024-07-10T00:00:00+00:00 [running]> on host 99be9f831d54
[2024-07-11T19:35:14.996+0000] {taskinstance.py:2513} INFO - Exporting env vars: AIRFLOW_CTX_DAG_OWNER='***' AIRFLOW_CTX_DAG_ID='sqltostaging' AIRFLOW_CTX_TASK_ID='film' AIRFLOW_CTX_EXECUTION_DATE='2024-07-10T00:00:00+00:00' AIRFLOW_CTX_TRY_NUMBER='1' AIRFLOW_CTX_DAG_RUN_ID='scheduled__2024-07-10T00:00:00+00:00'
[2024-07-11T19:35:15.099+0000] {logging_mixin.py:188} INFO - select *  from etlconf.Etl_Process_Mapping where SourceTableName = 'film' and Stage = 'sqltostaging'
[2024-07-11T19:35:15.172+0000] {logging_mixin.py:188} INFO -    id sourcetablename sourcedbname  ...  code         stage last_run_date
0   7            film    dvdrental  ...  None  sqltostaging          None

[1 rows x 15 columns]
[2024-07-11T19:35:15.175+0000] {logging_mixin.py:188} INFO - select T.* from dvdrental.public.film T
[2024-07-11T19:35:15.566+0000] {python.py:202} INFO - Done. Returned value was: None
[2024-07-11T19:35:15.582+0000] {taskinstance.py:1149} INFO - Marking task as SUCCESS. dag_id=sqltostaging, task_id=film, execution_date=20240710T000000, start_date=20240711T193513, end_date=20240711T193515
[2024-07-11T19:35:15.611+0000] {local_task_job_runner.py:234} INFO - Task exited with return code 0
[2024-07-11T19:35:15.627+0000] {taskinstance.py:3312} INFO - 0 downstream tasks scheduled from follow-on schedule check
[2024-07-11T19:38:52.471+0000] {taskinstance.py:1979} INFO - Dependencies all met for dep_context=non-requeueable deps ti=<TaskInstance: sqltostaging.film scheduled__2024-07-10T00:00:00+00:00 [queued]>
[2024-07-11T19:38:52.488+0000] {taskinstance.py:1979} INFO - Dependencies all met for dep_context=requeueable deps ti=<TaskInstance: sqltostaging.film scheduled__2024-07-10T00:00:00+00:00 [queued]>
[2024-07-11T19:38:52.493+0000] {taskinstance.py:2193} INFO - Starting attempt 1 of 1
[2024-07-11T19:38:52.523+0000] {taskinstance.py:2217} INFO - Executing <Task(PythonOperator): film> on 2024-07-10 00:00:00+00:00
[2024-07-11T19:38:52.547+0000] {standard_task_runner.py:60} INFO - Started process 94 to run task
[2024-07-11T19:38:52.556+0000] {standard_task_runner.py:87} INFO - Running: ['***', 'tasks', 'run', 'sqltostaging', 'film', 'scheduled__2024-07-10T00:00:00+00:00', '--job-id', '7', '--raw', '--subdir', 'DAGS_FOLDER/dag.py', '--cfg-path', '/tmp/tmpzumonqar']
[2024-07-11T19:38:52.565+0000] {standard_task_runner.py:88} INFO - Job 7: Subtask film
[2024-07-11T19:38:52.764+0000] {task_command.py:423} INFO - Running <TaskInstance: sqltostaging.film scheduled__2024-07-10T00:00:00+00:00 [running]> on host 3370024acb9c
[2024-07-11T19:38:53.745+0000] {taskinstance.py:2513} INFO - Exporting env vars: AIRFLOW_CTX_DAG_OWNER='***' AIRFLOW_CTX_DAG_ID='sqltostaging' AIRFLOW_CTX_TASK_ID='film' AIRFLOW_CTX_EXECUTION_DATE='2024-07-10T00:00:00+00:00' AIRFLOW_CTX_TRY_NUMBER='1' AIRFLOW_CTX_DAG_RUN_ID='scheduled__2024-07-10T00:00:00+00:00'
[2024-07-11T19:38:53.804+0000] {logging_mixin.py:188} INFO - select *  from etlconf.Etl_Process_Mapping where SourceTableName = 'film' and Stage = 'sqltostaging'
[2024-07-11T19:38:53.925+0000] {logging_mixin.py:188} INFO -    id sourcetablename sourcedbname  ...  code         stage last_run_date
0   7            film    dvdrental  ...  None  sqltostaging          None

[1 rows x 15 columns]
[2024-07-11T19:38:53.929+0000] {logging_mixin.py:188} INFO - select T.* from dvdrental.public.film T
[2024-07-11T19:38:54.300+0000] {python.py:202} INFO - Done. Returned value was: None
[2024-07-11T19:38:54.309+0000] {taskinstance.py:1149} INFO - Marking task as SUCCESS. dag_id=sqltostaging, task_id=film, execution_date=20240710T000000, start_date=20240711T193852, end_date=20240711T193854
[2024-07-11T19:38:54.374+0000] {local_task_job_runner.py:234} INFO - Task exited with return code 0
[2024-07-11T19:38:54.386+0000] {taskinstance.py:3312} INFO - 0 downstream tasks scheduled from follow-on schedule check
[2024-07-11T19:41:03.203+0000] {taskinstance.py:1979} INFO - Dependencies all met for dep_context=non-requeueable deps ti=<TaskInstance: sqltostaging.film scheduled__2024-07-10T00:00:00+00:00 [queued]>
[2024-07-11T19:41:03.224+0000] {taskinstance.py:1979} INFO - Dependencies all met for dep_context=requeueable deps ti=<TaskInstance: sqltostaging.film scheduled__2024-07-10T00:00:00+00:00 [queued]>
[2024-07-11T19:41:03.228+0000] {taskinstance.py:2193} INFO - Starting attempt 1 of 1
[2024-07-11T19:41:03.265+0000] {taskinstance.py:2217} INFO - Executing <Task(PythonOperator): film> on 2024-07-10 00:00:00+00:00
[2024-07-11T19:41:03.278+0000] {standard_task_runner.py:60} INFO - Started process 95 to run task
[2024-07-11T19:41:03.303+0000] {standard_task_runner.py:87} INFO - Running: ['***', 'tasks', 'run', 'sqltostaging', 'film', 'scheduled__2024-07-10T00:00:00+00:00', '--job-id', '10', '--raw', '--subdir', 'DAGS_FOLDER/dag.py', '--cfg-path', '/tmp/tmp4v0jxd59']
[2024-07-11T19:41:03.330+0000] {standard_task_runner.py:88} INFO - Job 10: Subtask film
[2024-07-11T19:41:03.544+0000] {task_command.py:423} INFO - Running <TaskInstance: sqltostaging.film scheduled__2024-07-10T00:00:00+00:00 [running]> on host 5bec992df9f6
[2024-07-11T19:41:03.764+0000] {taskinstance.py:2513} INFO - Exporting env vars: AIRFLOW_CTX_DAG_OWNER='***' AIRFLOW_CTX_DAG_ID='sqltostaging' AIRFLOW_CTX_TASK_ID='film' AIRFLOW_CTX_EXECUTION_DATE='2024-07-10T00:00:00+00:00' AIRFLOW_CTX_TRY_NUMBER='1' AIRFLOW_CTX_DAG_RUN_ID='scheduled__2024-07-10T00:00:00+00:00'
[2024-07-11T19:41:04.789+0000] {logging_mixin.py:188} INFO - select *  from etlconf.Etl_Process_Mapping where SourceTableName = 'film' and Stage = 'sqltostaging'
[2024-07-11T19:41:04.887+0000] {logging_mixin.py:188} INFO -    id sourcetablename sourcedbname  ...  code         stage last_run_date
0   7            film    dvdrental  ...  None  sqltostaging          None

[1 rows x 15 columns]
[2024-07-11T19:41:04.889+0000] {logging_mixin.py:188} INFO - select T.* from dvdrental.public.film T
[2024-07-11T19:41:05.241+0000] {python.py:202} INFO - Done. Returned value was: None
[2024-07-11T19:41:05.254+0000] {taskinstance.py:1149} INFO - Marking task as SUCCESS. dag_id=sqltostaging, task_id=film, execution_date=20240710T000000, start_date=20240711T194103, end_date=20240711T194105
[2024-07-11T19:41:05.307+0000] {local_task_job_runner.py:234} INFO - Task exited with return code 0
[2024-07-11T19:41:05.318+0000] {taskinstance.py:3312} INFO - 0 downstream tasks scheduled from follow-on schedule check
[2024-07-11T19:45:57.353+0000] {taskinstance.py:1979} INFO - Dependencies all met for dep_context=non-requeueable deps ti=<TaskInstance: sqltostaging.film scheduled__2024-07-10T00:00:00+00:00 [queued]>
[2024-07-11T19:45:57.363+0000] {taskinstance.py:1979} INFO - Dependencies all met for dep_context=requeueable deps ti=<TaskInstance: sqltostaging.film scheduled__2024-07-10T00:00:00+00:00 [queued]>
[2024-07-11T19:45:57.370+0000] {taskinstance.py:2193} INFO - Starting attempt 1 of 1
[2024-07-11T19:45:57.401+0000] {taskinstance.py:2217} INFO - Executing <Task(PythonOperator): film> on 2024-07-10 00:00:00+00:00
[2024-07-11T19:45:57.490+0000] {standard_task_runner.py:60} INFO - Started process 92 to run task
[2024-07-11T19:45:57.499+0000] {standard_task_runner.py:87} INFO - Running: ['***', 'tasks', 'run', 'sqltostaging', 'film', 'scheduled__2024-07-10T00:00:00+00:00', '--job-id', '9', '--raw', '--subdir', 'DAGS_FOLDER/dag.py', '--cfg-path', '/tmp/tmp3lsutorj']
[2024-07-11T19:45:57.506+0000] {standard_task_runner.py:88} INFO - Job 9: Subtask film
[2024-07-11T19:45:57.714+0000] {task_command.py:423} INFO - Running <TaskInstance: sqltostaging.film scheduled__2024-07-10T00:00:00+00:00 [running]> on host 74c26533546f
[2024-07-11T19:45:59.023+0000] {taskinstance.py:2513} INFO - Exporting env vars: AIRFLOW_CTX_DAG_OWNER='***' AIRFLOW_CTX_DAG_ID='sqltostaging' AIRFLOW_CTX_TASK_ID='film' AIRFLOW_CTX_EXECUTION_DATE='2024-07-10T00:00:00+00:00' AIRFLOW_CTX_TRY_NUMBER='1' AIRFLOW_CTX_DAG_RUN_ID='scheduled__2024-07-10T00:00:00+00:00'
[2024-07-11T19:45:59.079+0000] {logging_mixin.py:188} INFO - select *  from etlconf.Etl_Process_Mapping where SourceTableName = 'film' and Stage = 'sqltostaging'
[2024-07-11T19:45:59.161+0000] {logging_mixin.py:188} INFO -    id sourcetablename sourcedbname  ...  code         stage last_run_date
0   7            film    dvdrental  ...  None  sqltostaging          None

[1 rows x 15 columns]
[2024-07-11T19:45:59.165+0000] {logging_mixin.py:188} INFO - select T.* from dvdrental.public.film T
[2024-07-11T19:45:59.529+0000] {python.py:202} INFO - Done. Returned value was: None
[2024-07-11T19:45:59.539+0000] {taskinstance.py:1149} INFO - Marking task as SUCCESS. dag_id=sqltostaging, task_id=film, execution_date=20240710T000000, start_date=20240711T194557, end_date=20240711T194559
[2024-07-11T19:45:59.564+0000] {local_task_job_runner.py:234} INFO - Task exited with return code 0
[2024-07-11T19:45:59.575+0000] {taskinstance.py:3312} INFO - 0 downstream tasks scheduled from follow-on schedule check
[2024-07-11T19:49:38.482+0000] {taskinstance.py:1979} INFO - Dependencies all met for dep_context=non-requeueable deps ti=<TaskInstance: sqltostaging.film scheduled__2024-07-10T00:00:00+00:00 [queued]>
[2024-07-11T19:49:38.526+0000] {taskinstance.py:1979} INFO - Dependencies all met for dep_context=requeueable deps ti=<TaskInstance: sqltostaging.film scheduled__2024-07-10T00:00:00+00:00 [queued]>
[2024-07-11T19:49:38.528+0000] {taskinstance.py:2193} INFO - Starting attempt 1 of 1
[2024-07-11T19:49:38.632+0000] {taskinstance.py:2217} INFO - Executing <Task(PythonOperator): film> on 2024-07-10 00:00:00+00:00
[2024-07-11T19:49:38.652+0000] {standard_task_runner.py:60} INFO - Started process 94 to run task
[2024-07-11T19:49:38.655+0000] {standard_task_runner.py:87} INFO - Running: ['***', 'tasks', 'run', 'sqltostaging', 'film', 'scheduled__2024-07-10T00:00:00+00:00', '--job-id', '7', '--raw', '--subdir', 'DAGS_FOLDER/dag.py', '--cfg-path', '/tmp/tmpu6ys_pb0']
[2024-07-11T19:49:38.664+0000] {standard_task_runner.py:88} INFO - Job 7: Subtask film
[2024-07-11T19:49:38.775+0000] {task_command.py:423} INFO - Running <TaskInstance: sqltostaging.film scheduled__2024-07-10T00:00:00+00:00 [running]> on host f4f24e57c5cc
[2024-07-11T19:49:39.943+0000] {taskinstance.py:2513} INFO - Exporting env vars: AIRFLOW_CTX_DAG_OWNER='***' AIRFLOW_CTX_DAG_ID='sqltostaging' AIRFLOW_CTX_TASK_ID='film' AIRFLOW_CTX_EXECUTION_DATE='2024-07-10T00:00:00+00:00' AIRFLOW_CTX_TRY_NUMBER='1' AIRFLOW_CTX_DAG_RUN_ID='scheduled__2024-07-10T00:00:00+00:00'
[2024-07-11T19:49:40.050+0000] {logging_mixin.py:188} INFO - select *  from etlconf.Etl_Process_Mapping where SourceTableName = 'film' and Stage = 'sqltostaging'
[2024-07-11T19:49:40.181+0000] {logging_mixin.py:188} INFO -    id sourcetablename sourcedbname  ...  code         stage last_run_date
0   7            film    dvdrental  ...  None  sqltostaging          None

[1 rows x 15 columns]
[2024-07-11T19:49:40.182+0000] {logging_mixin.py:188} INFO - select T.* from dvdrental.public.film T
[2024-07-11T19:49:40.527+0000] {logging_mixin.py:188} INFO - update etlconf.Etl_Process_Mapping T set last_run_date = current_timestamp where destdbname='DBStaging' and destschema='dvdrental' and desttablename='film'
[2024-07-11T19:49:40.546+0000] {python.py:202} INFO - Done. Returned value was: None
[2024-07-11T19:49:40.553+0000] {taskinstance.py:1149} INFO - Marking task as SUCCESS. dag_id=sqltostaging, task_id=film, execution_date=20240710T000000, start_date=20240711T194938, end_date=20240711T194940
[2024-07-11T19:49:40.609+0000] {local_task_job_runner.py:234} INFO - Task exited with return code 0
[2024-07-11T19:49:40.620+0000] {taskinstance.py:3312} INFO - 0 downstream tasks scheduled from follow-on schedule check
[2024-07-11T19:58:31.203+0000] {taskinstance.py:1979} INFO - Dependencies all met for dep_context=non-requeueable deps ti=<TaskInstance: sqltostaging.film scheduled__2024-07-10T00:00:00+00:00 [queued]>
[2024-07-11T19:58:31.221+0000] {taskinstance.py:1979} INFO - Dependencies all met for dep_context=requeueable deps ti=<TaskInstance: sqltostaging.film scheduled__2024-07-10T00:00:00+00:00 [queued]>
[2024-07-11T19:58:31.224+0000] {taskinstance.py:2193} INFO - Starting attempt 1 of 1
[2024-07-11T19:58:31.289+0000] {taskinstance.py:2217} INFO - Executing <Task(PythonOperator): film> on 2024-07-10 00:00:00+00:00
[2024-07-11T19:58:31.316+0000] {standard_task_runner.py:60} INFO - Started process 101 to run task
[2024-07-11T19:58:31.346+0000] {standard_task_runner.py:87} INFO - Running: ['***', 'tasks', 'run', 'sqltostaging', 'film', 'scheduled__2024-07-10T00:00:00+00:00', '--job-id', '6', '--raw', '--subdir', 'DAGS_FOLDER/dag.py', '--cfg-path', '/tmp/tmpcx7pers7']
[2024-07-11T19:58:31.358+0000] {standard_task_runner.py:88} INFO - Job 6: Subtask film
[2024-07-11T19:58:31.539+0000] {task_command.py:423} INFO - Running <TaskInstance: sqltostaging.film scheduled__2024-07-10T00:00:00+00:00 [running]> on host 45208fcb54ea
[2024-07-11T19:58:32.969+0000] {taskinstance.py:2513} INFO - Exporting env vars: AIRFLOW_CTX_DAG_OWNER='***' AIRFLOW_CTX_DAG_ID='sqltostaging' AIRFLOW_CTX_TASK_ID='film' AIRFLOW_CTX_EXECUTION_DATE='2024-07-10T00:00:00+00:00' AIRFLOW_CTX_TRY_NUMBER='1' AIRFLOW_CTX_DAG_RUN_ID='scheduled__2024-07-10T00:00:00+00:00'
[2024-07-11T19:58:33.022+0000] {logging_mixin.py:188} INFO - select *  from etlconf.Etl_Process_Mapping where SourceTableName = 'film' and Stage = 'sqltostaging'
[2024-07-11T19:58:33.091+0000] {logging_mixin.py:188} INFO -    id sourcetablename sourcedbname  ...  code         stage last_run_date
0   7            film    dvdrental  ...  None  sqltostaging          None

[1 rows x 15 columns]
[2024-07-11T19:58:33.385+0000] {logging_mixin.py:188} INFO - update etlconf.Etl_Process_Mapping T set last_run_date = current_timestampwhere destdbname='DBStaging' and destschema='dvdrental' and desttablename='film'
[2024-07-11T19:58:33.399+0000] {taskinstance.py:2731} ERROR - Task failed with exception
Traceback (most recent call last):
  File "/home/airflow/.local/lib/python3.8/site-packages/airflow/models/taskinstance.py", line 444, in _execute_task
    result = _execute_callable(context=context, **execute_callable_kwargs)
  File "/home/airflow/.local/lib/python3.8/site-packages/airflow/models/taskinstance.py", line 414, in _execute_callable
    return execute_callable(context=context, **execute_callable_kwargs)
  File "/home/airflow/.local/lib/python3.8/site-packages/airflow/operators/python.py", line 200, in execute
    return_value = self.execute_callable()
  File "/home/airflow/.local/lib/python3.8/site-packages/airflow/operators/python.py", line 217, in execute_callable
    return self.python_callable(*self.op_args, **self.op_kwargs)
  File "/opt/airflow/dags/dag.py", line 44, in process_table
    return  execute(table, stage, tabletype)
  File "/app/main.py", line 26, in execute
    SqlToStaging().create_full().some_function(table, stage)
  File "/app/concretestage/SQLToStaging.py", line 41, in some_function
    last_run_date_update(DestDBName, DestSchema, DestTableName)
  File "/app/myFramework/utils/utils.py", line 79, in last_run_date_update
    cur.execute(query)
psycopg2.errors.SyntaxError: syntax error at or near "destdbname"
LINE 1: ...ping T set last_run_date = current_timestampwhere destdbname...
                                                             ^

[2024-07-11T19:58:33.407+0000] {taskinstance.py:1149} INFO - Marking task as FAILED. dag_id=sqltostaging, task_id=film, execution_date=20240710T000000, start_date=20240711T195831, end_date=20240711T195833
[2024-07-11T19:58:33.418+0000] {standard_task_runner.py:107} ERROR - Failed to execute job 6 for task film (syntax error at or near "destdbname"
LINE 1: ...ping T set last_run_date = current_timestampwhere destdbname...
                                                             ^
; 101)
[2024-07-11T19:58:33.460+0000] {local_task_job_runner.py:234} INFO - Task exited with return code 1
[2024-07-11T19:58:33.476+0000] {taskinstance.py:3312} INFO - 0 downstream tasks scheduled from follow-on schedule check
[2024-07-11T20:02:08.970+0000] {taskinstance.py:1979} INFO - Dependencies all met for dep_context=non-requeueable deps ti=<TaskInstance: sqltostaging.film scheduled__2024-07-10T00:00:00+00:00 [queued]>
[2024-07-11T20:02:08.983+0000] {taskinstance.py:1979} INFO - Dependencies all met for dep_context=requeueable deps ti=<TaskInstance: sqltostaging.film scheduled__2024-07-10T00:00:00+00:00 [queued]>
[2024-07-11T20:02:08.986+0000] {taskinstance.py:2193} INFO - Starting attempt 1 of 1
[2024-07-11T20:02:09.021+0000] {taskinstance.py:2217} INFO - Executing <Task(PythonOperator): film> on 2024-07-10 00:00:00+00:00
[2024-07-11T20:02:09.029+0000] {standard_task_runner.py:60} INFO - Started process 92 to run task
[2024-07-11T20:02:09.049+0000] {standard_task_runner.py:87} INFO - Running: ['***', 'tasks', 'run', 'sqltostaging', 'film', 'scheduled__2024-07-10T00:00:00+00:00', '--job-id', '9', '--raw', '--subdir', 'DAGS_FOLDER/dag.py', '--cfg-path', '/tmp/tmpw4vni76f']
[2024-07-11T20:02:09.072+0000] {standard_task_runner.py:88} INFO - Job 9: Subtask film
[2024-07-11T20:02:09.253+0000] {task_command.py:423} INFO - Running <TaskInstance: sqltostaging.film scheduled__2024-07-10T00:00:00+00:00 [running]> on host f77c41d1d1e9
[2024-07-11T20:02:10.613+0000] {taskinstance.py:2513} INFO - Exporting env vars: AIRFLOW_CTX_DAG_OWNER='***' AIRFLOW_CTX_DAG_ID='sqltostaging' AIRFLOW_CTX_TASK_ID='film' AIRFLOW_CTX_EXECUTION_DATE='2024-07-10T00:00:00+00:00' AIRFLOW_CTX_TRY_NUMBER='1' AIRFLOW_CTX_DAG_RUN_ID='scheduled__2024-07-10T00:00:00+00:00'
[2024-07-11T20:02:10.645+0000] {logging_mixin.py:188} INFO - select *  from etlconf.Etl_Process_Mapping where SourceTableName = 'film' and Stage = 'sqltostaging'
[2024-07-11T20:02:10.680+0000] {logging_mixin.py:188} INFO -    id sourcetablename sourcedbname  ...  code         stage last_run_date
0   7            film    dvdrental  ...  None  sqltostaging          None

[1 rows x 15 columns]
[2024-07-11T20:02:11.145+0000] {logging_mixin.py:188} INFO - update etlconf.Etl_Process_Mapping T set last_run_date = current_timestamp where destdbname='DBStaging' and destschema='dvdrental' and desttablename='film';
[2024-07-11T20:02:11.167+0000] {python.py:202} INFO - Done. Returned value was: None
[2024-07-11T20:02:11.182+0000] {taskinstance.py:1149} INFO - Marking task as SUCCESS. dag_id=sqltostaging, task_id=film, execution_date=20240710T000000, start_date=20240711T200208, end_date=20240711T200211
[2024-07-11T20:02:11.212+0000] {local_task_job_runner.py:234} INFO - Task exited with return code 0
[2024-07-11T20:02:11.223+0000] {taskinstance.py:3312} INFO - 0 downstream tasks scheduled from follow-on schedule check
