[2024-07-11T18:17:07.960+0000] {taskinstance.py:1979} INFO - Dependencies all met for dep_context=non-requeueable deps ti=<TaskInstance: sqltostaging.staff scheduled__2024-07-10T00:00:00+00:00 [queued]>
[2024-07-11T18:17:07.999+0000] {taskinstance.py:1979} INFO - Dependencies all met for dep_context=requeueable deps ti=<TaskInstance: sqltostaging.staff scheduled__2024-07-10T00:00:00+00:00 [queued]>
[2024-07-11T18:17:08.010+0000] {taskinstance.py:2193} INFO - Starting attempt 1 of 1
[2024-07-11T18:17:08.140+0000] {taskinstance.py:2217} INFO - Executing <Task(PythonOperator): staff> on 2024-07-10 00:00:00+00:00
[2024-07-11T18:17:08.187+0000] {standard_task_runner.py:60} INFO - Started process 94 to run task
[2024-07-11T18:17:08.191+0000] {standard_task_runner.py:87} INFO - Running: ['***', 'tasks', 'run', 'sqltostaging', 'staff', 'scheduled__2024-07-10T00:00:00+00:00', '--job-id', '20', '--raw', '--subdir', 'DAGS_FOLDER/dag.py', '--cfg-path', '/tmp/tmp_u9w520v']
[2024-07-11T18:17:08.244+0000] {standard_task_runner.py:88} INFO - Job 20: Subtask staff
[2024-07-11T18:17:08.485+0000] {task_command.py:423} INFO - Running <TaskInstance: sqltostaging.staff scheduled__2024-07-10T00:00:00+00:00 [running]> on host 2bc01acfbd3e
[2024-07-11T18:17:08.721+0000] {taskinstance.py:2513} INFO - Exporting env vars: AIRFLOW_CTX_DAG_OWNER='***' AIRFLOW_CTX_DAG_ID='sqltostaging' AIRFLOW_CTX_TASK_ID='staff' AIRFLOW_CTX_EXECUTION_DATE='2024-07-10T00:00:00+00:00' AIRFLOW_CTX_TRY_NUMBER='1' AIRFLOW_CTX_DAG_RUN_ID='scheduled__2024-07-10T00:00:00+00:00'
[2024-07-11T18:17:10.213+0000] {logging_mixin.py:188} INFO - select *  from etlconf.Etl_Process_Mapping where SourceTableName = 'staff' and Stage = 'sqltostaging'
[2024-07-11T18:17:10.368+0000] {logging_mixin.py:188} INFO -    id sourcetablename sourcedbname  ...  code         stage last_run_date
0   9           staff    dvdrental  ...  None  sqltostaging          None

[1 rows x 15 columns]
[2024-07-11T18:17:10.388+0000] {taskinstance.py:2731} ERROR - Task failed with exception
Traceback (most recent call last):
  File "/home/airflow/.local/lib/python3.8/site-packages/airflow/models/taskinstance.py", line 444, in _execute_task
    result = _execute_callable(context=context, **execute_callable_kwargs)
  File "/home/airflow/.local/lib/python3.8/site-packages/airflow/models/taskinstance.py", line 414, in _execute_callable
    return execute_callable(context=context, **execute_callable_kwargs)
  File "/home/airflow/.local/lib/python3.8/site-packages/airflow/operators/python.py", line 200, in execute
    return_value = self.execute_callable()
  File "/home/airflow/.local/lib/python3.8/site-packages/airflow/operators/python.py", line 217, in execute_callable
    return self.python_callable(*self.op_args, **self.op_kwargs)
  File "/opt/airflow/dags/dag.py", line 44, in process_table
    return  execute(table, stage, tabletype)
  File "/app/main.py", line 26, in execute
    SqlToStaging().create_full().some_function(table, stage)
  File "/app/concretestage/SQLToStaging.py", line 38, in some_function
    sourceDF = getDF(sourcedbname,sourcetablename , sourceschema)
TypeError: getDF() missing 3 required positional arguments: 'filterColumn', 'dateFrom', and 'dateTo'
[2024-07-11T18:17:10.453+0000] {taskinstance.py:1149} INFO - Marking task as FAILED. dag_id=sqltostaging, task_id=staff, execution_date=20240710T000000, start_date=20240711T181707, end_date=20240711T181710
[2024-07-11T18:17:10.499+0000] {standard_task_runner.py:107} ERROR - Failed to execute job 20 for task staff (getDF() missing 3 required positional arguments: 'filterColumn', 'dateFrom', and 'dateTo'; 94)
[2024-07-11T18:17:10.527+0000] {local_task_job_runner.py:234} INFO - Task exited with return code 1
[2024-07-11T18:17:10.633+0000] {taskinstance.py:3312} INFO - 0 downstream tasks scheduled from follow-on schedule check
[2024-07-11T18:42:43.321+0000] {taskinstance.py:1979} INFO - Dependencies all met for dep_context=non-requeueable deps ti=<TaskInstance: sqltostaging.staff scheduled__2024-07-10T00:00:00+00:00 [queued]>
[2024-07-11T18:42:43.354+0000] {taskinstance.py:1979} INFO - Dependencies all met for dep_context=requeueable deps ti=<TaskInstance: sqltostaging.staff scheduled__2024-07-10T00:00:00+00:00 [queued]>
[2024-07-11T18:42:43.368+0000] {taskinstance.py:2193} INFO - Starting attempt 1 of 1
[2024-07-11T18:42:43.408+0000] {taskinstance.py:2217} INFO - Executing <Task(PythonOperator): staff> on 2024-07-10 00:00:00+00:00
[2024-07-11T18:42:43.426+0000] {standard_task_runner.py:60} INFO - Started process 90 to run task
[2024-07-11T18:42:43.454+0000] {standard_task_runner.py:87} INFO - Running: ['***', 'tasks', 'run', 'sqltostaging', 'staff', 'scheduled__2024-07-10T00:00:00+00:00', '--job-id', '9', '--raw', '--subdir', 'DAGS_FOLDER/dag.py', '--cfg-path', '/tmp/tmpa22jjgit']
[2024-07-11T18:42:43.467+0000] {standard_task_runner.py:88} INFO - Job 9: Subtask staff
[2024-07-11T18:42:43.612+0000] {task_command.py:423} INFO - Running <TaskInstance: sqltostaging.staff scheduled__2024-07-10T00:00:00+00:00 [running]> on host 3cbd40a515d7
[2024-07-11T18:42:44.862+0000] {taskinstance.py:2513} INFO - Exporting env vars: AIRFLOW_CTX_DAG_OWNER='***' AIRFLOW_CTX_DAG_ID='sqltostaging' AIRFLOW_CTX_TASK_ID='staff' AIRFLOW_CTX_EXECUTION_DATE='2024-07-10T00:00:00+00:00' AIRFLOW_CTX_TRY_NUMBER='1' AIRFLOW_CTX_DAG_RUN_ID='scheduled__2024-07-10T00:00:00+00:00'
[2024-07-11T18:42:44.921+0000] {logging_mixin.py:188} INFO - select *  from etlconf.Etl_Process_Mapping where SourceTableName = 'staff' and Stage = 'sqltostaging'
[2024-07-11T18:42:45.020+0000] {logging_mixin.py:188} INFO -    id sourcetablename sourcedbname  ...  code         stage last_run_date
0   9           staff    dvdrental  ...  None  sqltostaging          None

[1 rows x 15 columns]
[2024-07-11T18:42:45.027+0000] {logging_mixin.py:188} INFO - select T.* from dvdrental.public.staff T
[2024-07-11T18:42:45.414+0000] {python.py:202} INFO - Done. Returned value was: None
[2024-07-11T18:42:45.423+0000] {taskinstance.py:1149} INFO - Marking task as SUCCESS. dag_id=sqltostaging, task_id=staff, execution_date=20240710T000000, start_date=20240711T184243, end_date=20240711T184245
[2024-07-11T18:42:45.460+0000] {local_task_job_runner.py:234} INFO - Task exited with return code 0
[2024-07-11T18:42:45.475+0000] {taskinstance.py:3312} INFO - 0 downstream tasks scheduled from follow-on schedule check
[2024-07-11T18:51:07.968+0000] {taskinstance.py:1979} INFO - Dependencies all met for dep_context=non-requeueable deps ti=<TaskInstance: sqltostaging.staff scheduled__2024-07-10T00:00:00+00:00 [queued]>
[2024-07-11T18:51:07.995+0000] {taskinstance.py:1979} INFO - Dependencies all met for dep_context=requeueable deps ti=<TaskInstance: sqltostaging.staff scheduled__2024-07-10T00:00:00+00:00 [queued]>
[2024-07-11T18:51:07.999+0000] {taskinstance.py:2193} INFO - Starting attempt 1 of 1
[2024-07-11T18:51:08.045+0000] {taskinstance.py:2217} INFO - Executing <Task(PythonOperator): staff> on 2024-07-10 00:00:00+00:00
[2024-07-11T18:51:08.073+0000] {standard_task_runner.py:87} INFO - Running: ['***', 'tasks', 'run', 'sqltostaging', 'staff', 'scheduled__2024-07-10T00:00:00+00:00', '--job-id', '14', '--raw', '--subdir', 'DAGS_FOLDER/dag.py', '--cfg-path', '/tmp/tmp1bcse0xo']
[2024-07-11T18:51:08.080+0000] {standard_task_runner.py:88} INFO - Job 14: Subtask staff
[2024-07-11T18:51:08.064+0000] {standard_task_runner.py:60} INFO - Started process 95 to run task
[2024-07-11T18:51:08.267+0000] {task_command.py:423} INFO - Running <TaskInstance: sqltostaging.staff scheduled__2024-07-10T00:00:00+00:00 [running]> on host 59bc72ebf535
[2024-07-11T18:51:09.509+0000] {taskinstance.py:2513} INFO - Exporting env vars: AIRFLOW_CTX_DAG_OWNER='***' AIRFLOW_CTX_DAG_ID='sqltostaging' AIRFLOW_CTX_TASK_ID='staff' AIRFLOW_CTX_EXECUTION_DATE='2024-07-10T00:00:00+00:00' AIRFLOW_CTX_TRY_NUMBER='1' AIRFLOW_CTX_DAG_RUN_ID='scheduled__2024-07-10T00:00:00+00:00'
[2024-07-11T18:51:09.552+0000] {logging_mixin.py:188} INFO - select *  from etlconf.Etl_Process_Mapping where SourceTableName = 'staff' and Stage = 'sqltostaging'
[2024-07-11T18:51:09.601+0000] {logging_mixin.py:188} INFO -    id sourcetablename sourcedbname  ...  code         stage last_run_date
0   9           staff    dvdrental  ...  None  sqltostaging          None

[1 rows x 15 columns]
[2024-07-11T18:51:09.602+0000] {logging_mixin.py:188} INFO - select T.* from dvdrental.public.staff T
[2024-07-11T18:51:09.921+0000] {python.py:202} INFO - Done. Returned value was: None
[2024-07-11T18:51:09.943+0000] {taskinstance.py:1149} INFO - Marking task as SUCCESS. dag_id=sqltostaging, task_id=staff, execution_date=20240710T000000, start_date=20240711T185107, end_date=20240711T185109
[2024-07-11T18:51:10.002+0000] {local_task_job_runner.py:234} INFO - Task exited with return code 0
[2024-07-11T18:51:10.021+0000] {taskinstance.py:3312} INFO - 0 downstream tasks scheduled from follow-on schedule check
[2024-07-11T18:59:13.704+0000] {taskinstance.py:1979} INFO - Dependencies all met for dep_context=non-requeueable deps ti=<TaskInstance: sqltostaging.staff scheduled__2024-07-10T00:00:00+00:00 [queued]>
[2024-07-11T18:59:13.732+0000] {taskinstance.py:1979} INFO - Dependencies all met for dep_context=requeueable deps ti=<TaskInstance: sqltostaging.staff scheduled__2024-07-10T00:00:00+00:00 [queued]>
[2024-07-11T18:59:13.737+0000] {taskinstance.py:2193} INFO - Starting attempt 1 of 1
[2024-07-11T18:59:13.790+0000] {taskinstance.py:2217} INFO - Executing <Task(PythonOperator): staff> on 2024-07-10 00:00:00+00:00
[2024-07-11T18:59:13.803+0000] {standard_task_runner.py:60} INFO - Started process 89 to run task
[2024-07-11T18:59:13.807+0000] {standard_task_runner.py:87} INFO - Running: ['***', 'tasks', 'run', 'sqltostaging', 'staff', 'scheduled__2024-07-10T00:00:00+00:00', '--job-id', '4', '--raw', '--subdir', 'DAGS_FOLDER/dag.py', '--cfg-path', '/tmp/tmprrsgdqyt']
[2024-07-11T18:59:13.826+0000] {standard_task_runner.py:88} INFO - Job 4: Subtask staff
[2024-07-11T18:59:14.032+0000] {task_command.py:423} INFO - Running <TaskInstance: sqltostaging.staff scheduled__2024-07-10T00:00:00+00:00 [running]> on host 40f26a5c62e8
[2024-07-11T18:59:15.069+0000] {taskinstance.py:2513} INFO - Exporting env vars: AIRFLOW_CTX_DAG_OWNER='***' AIRFLOW_CTX_DAG_ID='sqltostaging' AIRFLOW_CTX_TASK_ID='staff' AIRFLOW_CTX_EXECUTION_DATE='2024-07-10T00:00:00+00:00' AIRFLOW_CTX_TRY_NUMBER='1' AIRFLOW_CTX_DAG_RUN_ID='scheduled__2024-07-10T00:00:00+00:00'
[2024-07-11T18:59:15.184+0000] {logging_mixin.py:188} INFO - select *  from etlconf.Etl_Process_Mapping where SourceTableName = 'staff' and Stage = 'sqltostaging'
[2024-07-11T18:59:15.254+0000] {logging_mixin.py:188} INFO -    id sourcetablename sourcedbname  ...  code         stage last_run_date
0   9           staff    dvdrental  ...  None  sqltostaging          None

[1 rows x 15 columns]
[2024-07-11T18:59:15.256+0000] {logging_mixin.py:188} INFO - select T.* from dvdrental.public.staff T
[2024-07-11T18:59:15.539+0000] {python.py:202} INFO - Done. Returned value was: None
[2024-07-11T18:59:15.551+0000] {taskinstance.py:1149} INFO - Marking task as SUCCESS. dag_id=sqltostaging, task_id=staff, execution_date=20240710T000000, start_date=20240711T185913, end_date=20240711T185915
[2024-07-11T18:59:15.612+0000] {local_task_job_runner.py:234} INFO - Task exited with return code 0
[2024-07-11T18:59:15.657+0000] {taskinstance.py:3312} INFO - 0 downstream tasks scheduled from follow-on schedule check
[2024-07-11T19:35:13.699+0000] {taskinstance.py:1979} INFO - Dependencies all met for dep_context=non-requeueable deps ti=<TaskInstance: sqltostaging.staff scheduled__2024-07-10T00:00:00+00:00 [queued]>
[2024-07-11T19:35:13.727+0000] {taskinstance.py:1979} INFO - Dependencies all met for dep_context=requeueable deps ti=<TaskInstance: sqltostaging.staff scheduled__2024-07-10T00:00:00+00:00 [queued]>
[2024-07-11T19:35:13.744+0000] {taskinstance.py:2193} INFO - Starting attempt 1 of 1
[2024-07-11T19:35:13.794+0000] {taskinstance.py:2217} INFO - Executing <Task(PythonOperator): staff> on 2024-07-10 00:00:00+00:00
[2024-07-11T19:35:13.798+0000] {standard_task_runner.py:60} INFO - Started process 99 to run task
[2024-07-11T19:35:13.812+0000] {standard_task_runner.py:87} INFO - Running: ['***', 'tasks', 'run', 'sqltostaging', 'staff', 'scheduled__2024-07-10T00:00:00+00:00', '--job-id', '10', '--raw', '--subdir', 'DAGS_FOLDER/dag.py', '--cfg-path', '/tmp/tmphpdv4fqx']
[2024-07-11T19:35:13.834+0000] {standard_task_runner.py:88} INFO - Job 10: Subtask staff
[2024-07-11T19:35:13.981+0000] {task_command.py:423} INFO - Running <TaskInstance: sqltostaging.staff scheduled__2024-07-10T00:00:00+00:00 [running]> on host 99be9f831d54
[2024-07-11T19:35:15.186+0000] {taskinstance.py:2513} INFO - Exporting env vars: AIRFLOW_CTX_DAG_OWNER='***' AIRFLOW_CTX_DAG_ID='sqltostaging' AIRFLOW_CTX_TASK_ID='staff' AIRFLOW_CTX_EXECUTION_DATE='2024-07-10T00:00:00+00:00' AIRFLOW_CTX_TRY_NUMBER='1' AIRFLOW_CTX_DAG_RUN_ID='scheduled__2024-07-10T00:00:00+00:00'
[2024-07-11T19:35:15.232+0000] {logging_mixin.py:188} INFO - select *  from etlconf.Etl_Process_Mapping where SourceTableName = 'staff' and Stage = 'sqltostaging'
[2024-07-11T19:35:15.291+0000] {logging_mixin.py:188} INFO -    id sourcetablename sourcedbname  ...  code         stage last_run_date
0   9           staff    dvdrental  ...  None  sqltostaging          None

[1 rows x 15 columns]
[2024-07-11T19:35:15.292+0000] {logging_mixin.py:188} INFO - select T.* from dvdrental.public.staff T
[2024-07-11T19:35:15.477+0000] {python.py:202} INFO - Done. Returned value was: None
[2024-07-11T19:35:15.483+0000] {taskinstance.py:1149} INFO - Marking task as SUCCESS. dag_id=sqltostaging, task_id=staff, execution_date=20240710T000000, start_date=20240711T193513, end_date=20240711T193515
[2024-07-11T19:35:15.525+0000] {local_task_job_runner.py:234} INFO - Task exited with return code 0
[2024-07-11T19:35:15.558+0000] {taskinstance.py:3312} INFO - 0 downstream tasks scheduled from follow-on schedule check
[2024-07-11T19:38:52.552+0000] {taskinstance.py:1979} INFO - Dependencies all met for dep_context=non-requeueable deps ti=<TaskInstance: sqltostaging.staff scheduled__2024-07-10T00:00:00+00:00 [queued]>
[2024-07-11T19:38:52.566+0000] {taskinstance.py:1979} INFO - Dependencies all met for dep_context=requeueable deps ti=<TaskInstance: sqltostaging.staff scheduled__2024-07-10T00:00:00+00:00 [queued]>
[2024-07-11T19:38:52.568+0000] {taskinstance.py:2193} INFO - Starting attempt 1 of 1
[2024-07-11T19:38:52.600+0000] {taskinstance.py:2217} INFO - Executing <Task(PythonOperator): staff> on 2024-07-10 00:00:00+00:00
[2024-07-11T19:38:52.624+0000] {standard_task_runner.py:60} INFO - Started process 98 to run task
[2024-07-11T19:38:52.646+0000] {standard_task_runner.py:87} INFO - Running: ['***', 'tasks', 'run', 'sqltostaging', 'staff', 'scheduled__2024-07-10T00:00:00+00:00', '--job-id', '13', '--raw', '--subdir', 'DAGS_FOLDER/dag.py', '--cfg-path', '/tmp/tmpzpignk3y']
[2024-07-11T19:38:52.661+0000] {standard_task_runner.py:88} INFO - Job 13: Subtask staff
[2024-07-11T19:38:52.829+0000] {task_command.py:423} INFO - Running <TaskInstance: sqltostaging.staff scheduled__2024-07-10T00:00:00+00:00 [running]> on host 3370024acb9c
[2024-07-11T19:38:53.084+0000] {taskinstance.py:2513} INFO - Exporting env vars: AIRFLOW_CTX_DAG_OWNER='***' AIRFLOW_CTX_DAG_ID='sqltostaging' AIRFLOW_CTX_TASK_ID='staff' AIRFLOW_CTX_EXECUTION_DATE='2024-07-10T00:00:00+00:00' AIRFLOW_CTX_TRY_NUMBER='1' AIRFLOW_CTX_DAG_RUN_ID='scheduled__2024-07-10T00:00:00+00:00'
[2024-07-11T19:38:54.017+0000] {logging_mixin.py:188} INFO - select *  from etlconf.Etl_Process_Mapping where SourceTableName = 'staff' and Stage = 'sqltostaging'
[2024-07-11T19:38:54.051+0000] {logging_mixin.py:188} INFO -    id sourcetablename sourcedbname  ...  code         stage last_run_date
0   9           staff    dvdrental  ...  None  sqltostaging          None

[1 rows x 15 columns]
[2024-07-11T19:38:54.054+0000] {logging_mixin.py:188} INFO - select T.* from dvdrental.public.staff T
[2024-07-11T19:38:54.212+0000] {python.py:202} INFO - Done. Returned value was: None
[2024-07-11T19:38:54.221+0000] {taskinstance.py:1149} INFO - Marking task as SUCCESS. dag_id=sqltostaging, task_id=staff, execution_date=20240710T000000, start_date=20240711T193852, end_date=20240711T193854
[2024-07-11T19:38:54.249+0000] {local_task_job_runner.py:234} INFO - Task exited with return code 0
[2024-07-11T19:38:54.286+0000] {taskinstance.py:3312} INFO - 0 downstream tasks scheduled from follow-on schedule check
[2024-07-11T19:41:03.305+0000] {taskinstance.py:1979} INFO - Dependencies all met for dep_context=non-requeueable deps ti=<TaskInstance: sqltostaging.staff scheduled__2024-07-10T00:00:00+00:00 [queued]>
[2024-07-11T19:41:03.338+0000] {taskinstance.py:1979} INFO - Dependencies all met for dep_context=requeueable deps ti=<TaskInstance: sqltostaging.staff scheduled__2024-07-10T00:00:00+00:00 [queued]>
[2024-07-11T19:41:03.342+0000] {taskinstance.py:2193} INFO - Starting attempt 1 of 1
[2024-07-11T19:41:03.374+0000] {taskinstance.py:2217} INFO - Executing <Task(PythonOperator): staff> on 2024-07-10 00:00:00+00:00
[2024-07-11T19:41:03.383+0000] {standard_task_runner.py:60} INFO - Started process 100 to run task
[2024-07-11T19:41:03.410+0000] {standard_task_runner.py:87} INFO - Running: ['***', 'tasks', 'run', 'sqltostaging', 'staff', 'scheduled__2024-07-10T00:00:00+00:00', '--job-id', '14', '--raw', '--subdir', 'DAGS_FOLDER/dag.py', '--cfg-path', '/tmp/tmp7p_97q6f']
[2024-07-11T19:41:03.427+0000] {standard_task_runner.py:88} INFO - Job 14: Subtask staff
[2024-07-11T19:41:03.585+0000] {task_command.py:423} INFO - Running <TaskInstance: sqltostaging.staff scheduled__2024-07-10T00:00:00+00:00 [running]> on host 5bec992df9f6
[2024-07-11T19:41:04.884+0000] {taskinstance.py:2513} INFO - Exporting env vars: AIRFLOW_CTX_DAG_OWNER='***' AIRFLOW_CTX_DAG_ID='sqltostaging' AIRFLOW_CTX_TASK_ID='staff' AIRFLOW_CTX_EXECUTION_DATE='2024-07-10T00:00:00+00:00' AIRFLOW_CTX_TRY_NUMBER='1' AIRFLOW_CTX_DAG_RUN_ID='scheduled__2024-07-10T00:00:00+00:00'
[2024-07-11T19:41:04.928+0000] {logging_mixin.py:188} INFO - select *  from etlconf.Etl_Process_Mapping where SourceTableName = 'staff' and Stage = 'sqltostaging'
[2024-07-11T19:41:04.978+0000] {logging_mixin.py:188} INFO -    id sourcetablename sourcedbname  ...  code         stage last_run_date
0   9           staff    dvdrental  ...  None  sqltostaging          None

[1 rows x 15 columns]
[2024-07-11T19:41:04.980+0000] {logging_mixin.py:188} INFO - select T.* from dvdrental.public.staff T
[2024-07-11T19:41:05.151+0000] {python.py:202} INFO - Done. Returned value was: None
[2024-07-11T19:41:05.159+0000] {taskinstance.py:1149} INFO - Marking task as SUCCESS. dag_id=sqltostaging, task_id=staff, execution_date=20240710T000000, start_date=20240711T194103, end_date=20240711T194105
[2024-07-11T19:41:05.185+0000] {local_task_job_runner.py:234} INFO - Task exited with return code 0
[2024-07-11T19:41:05.202+0000] {taskinstance.py:3312} INFO - 0 downstream tasks scheduled from follow-on schedule check
[2024-07-11T19:45:57.216+0000] {taskinstance.py:1979} INFO - Dependencies all met for dep_context=non-requeueable deps ti=<TaskInstance: sqltostaging.staff scheduled__2024-07-10T00:00:00+00:00 [queued]>
[2024-07-11T19:45:57.264+0000] {taskinstance.py:1979} INFO - Dependencies all met for dep_context=requeueable deps ti=<TaskInstance: sqltostaging.staff scheduled__2024-07-10T00:00:00+00:00 [queued]>
[2024-07-11T19:45:57.285+0000] {taskinstance.py:2193} INFO - Starting attempt 1 of 1
[2024-07-11T19:45:57.310+0000] {taskinstance.py:2217} INFO - Executing <Task(PythonOperator): staff> on 2024-07-10 00:00:00+00:00
[2024-07-11T19:45:57.333+0000] {standard_task_runner.py:60} INFO - Started process 90 to run task
[2024-07-11T19:45:57.339+0000] {standard_task_runner.py:87} INFO - Running: ['***', 'tasks', 'run', 'sqltostaging', 'staff', 'scheduled__2024-07-10T00:00:00+00:00', '--job-id', '4', '--raw', '--subdir', 'DAGS_FOLDER/dag.py', '--cfg-path', '/tmp/tmpt3onukp6']
[2024-07-11T19:45:57.357+0000] {standard_task_runner.py:88} INFO - Job 4: Subtask staff
[2024-07-11T19:45:57.466+0000] {task_command.py:423} INFO - Running <TaskInstance: sqltostaging.staff scheduled__2024-07-10T00:00:00+00:00 [running]> on host 74c26533546f
[2024-07-11T19:45:58.161+0000] {taskinstance.py:2513} INFO - Exporting env vars: AIRFLOW_CTX_DAG_OWNER='***' AIRFLOW_CTX_DAG_ID='sqltostaging' AIRFLOW_CTX_TASK_ID='staff' AIRFLOW_CTX_EXECUTION_DATE='2024-07-10T00:00:00+00:00' AIRFLOW_CTX_TRY_NUMBER='1' AIRFLOW_CTX_DAG_RUN_ID='scheduled__2024-07-10T00:00:00+00:00'
[2024-07-11T19:45:58.272+0000] {logging_mixin.py:188} INFO - select *  from etlconf.Etl_Process_Mapping where SourceTableName = 'staff' and Stage = 'sqltostaging'
[2024-07-11T19:45:58.443+0000] {logging_mixin.py:188} INFO -    id sourcetablename sourcedbname  ...  code         stage last_run_date
0   9           staff    dvdrental  ...  None  sqltostaging          None

[1 rows x 15 columns]
[2024-07-11T19:45:58.459+0000] {logging_mixin.py:188} INFO - select T.* from dvdrental.public.staff T
[2024-07-11T19:45:59.333+0000] {python.py:202} INFO - Done. Returned value was: None
[2024-07-11T19:45:59.352+0000] {taskinstance.py:1149} INFO - Marking task as SUCCESS. dag_id=sqltostaging, task_id=staff, execution_date=20240710T000000, start_date=20240711T194557, end_date=20240711T194559
[2024-07-11T19:45:59.400+0000] {local_task_job_runner.py:234} INFO - Task exited with return code 0
[2024-07-11T19:45:59.414+0000] {taskinstance.py:3312} INFO - 0 downstream tasks scheduled from follow-on schedule check
[2024-07-11T19:49:38.398+0000] {taskinstance.py:1979} INFO - Dependencies all met for dep_context=non-requeueable deps ti=<TaskInstance: sqltostaging.staff scheduled__2024-07-10T00:00:00+00:00 [queued]>
[2024-07-11T19:49:38.413+0000] {taskinstance.py:1979} INFO - Dependencies all met for dep_context=requeueable deps ti=<TaskInstance: sqltostaging.staff scheduled__2024-07-10T00:00:00+00:00 [queued]>
[2024-07-11T19:49:38.417+0000] {taskinstance.py:2193} INFO - Starting attempt 1 of 1
[2024-07-11T19:49:38.464+0000] {taskinstance.py:2217} INFO - Executing <Task(PythonOperator): staff> on 2024-07-10 00:00:00+00:00
[2024-07-11T19:49:38.475+0000] {standard_task_runner.py:60} INFO - Started process 89 to run task
[2024-07-11T19:49:38.492+0000] {standard_task_runner.py:87} INFO - Running: ['***', 'tasks', 'run', 'sqltostaging', 'staff', 'scheduled__2024-07-10T00:00:00+00:00', '--job-id', '3', '--raw', '--subdir', 'DAGS_FOLDER/dag.py', '--cfg-path', '/tmp/tmpytim4933']
[2024-07-11T19:49:38.504+0000] {standard_task_runner.py:88} INFO - Job 3: Subtask staff
[2024-07-11T19:49:38.655+0000] {task_command.py:423} INFO - Running <TaskInstance: sqltostaging.staff scheduled__2024-07-10T00:00:00+00:00 [running]> on host f4f24e57c5cc
[2024-07-11T19:49:39.373+0000] {taskinstance.py:2513} INFO - Exporting env vars: AIRFLOW_CTX_DAG_OWNER='***' AIRFLOW_CTX_DAG_ID='sqltostaging' AIRFLOW_CTX_TASK_ID='staff' AIRFLOW_CTX_EXECUTION_DATE='2024-07-10T00:00:00+00:00' AIRFLOW_CTX_TRY_NUMBER='1' AIRFLOW_CTX_DAG_RUN_ID='scheduled__2024-07-10T00:00:00+00:00'
[2024-07-11T19:49:39.434+0000] {logging_mixin.py:188} INFO - select *  from etlconf.Etl_Process_Mapping where SourceTableName = 'staff' and Stage = 'sqltostaging'
[2024-07-11T19:49:39.556+0000] {logging_mixin.py:188} INFO -    id sourcetablename sourcedbname  ...  code         stage last_run_date
0   9           staff    dvdrental  ...  None  sqltostaging          None

[1 rows x 15 columns]
[2024-07-11T19:49:39.563+0000] {logging_mixin.py:188} INFO - select T.* from dvdrental.public.staff T
[2024-07-11T19:49:40.347+0000] {logging_mixin.py:188} INFO - update etlconf.Etl_Process_Mapping T set last_run_date = current_timestamp where destdbname='DBStaging' and destschema='dvdrental' and desttablename='staff'
[2024-07-11T19:49:40.369+0000] {python.py:202} INFO - Done. Returned value was: None
[2024-07-11T19:49:40.378+0000] {taskinstance.py:1149} INFO - Marking task as SUCCESS. dag_id=sqltostaging, task_id=staff, execution_date=20240710T000000, start_date=20240711T194938, end_date=20240711T194940
[2024-07-11T19:49:40.429+0000] {local_task_job_runner.py:234} INFO - Task exited with return code 0
[2024-07-11T19:49:40.460+0000] {taskinstance.py:3312} INFO - 0 downstream tasks scheduled from follow-on schedule check
[2024-07-11T19:58:31.206+0000] {taskinstance.py:1979} INFO - Dependencies all met for dep_context=non-requeueable deps ti=<TaskInstance: sqltostaging.staff scheduled__2024-07-10T00:00:00+00:00 [queued]>
[2024-07-11T19:58:31.235+0000] {taskinstance.py:1979} INFO - Dependencies all met for dep_context=requeueable deps ti=<TaskInstance: sqltostaging.staff scheduled__2024-07-10T00:00:00+00:00 [queued]>
[2024-07-11T19:58:31.245+0000] {taskinstance.py:2193} INFO - Starting attempt 1 of 1
[2024-07-11T19:58:31.285+0000] {taskinstance.py:2217} INFO - Executing <Task(PythonOperator): staff> on 2024-07-10 00:00:00+00:00
[2024-07-11T19:58:31.307+0000] {standard_task_runner.py:60} INFO - Started process 100 to run task
[2024-07-11T19:58:31.319+0000] {standard_task_runner.py:87} INFO - Running: ['***', 'tasks', 'run', 'sqltostaging', 'staff', 'scheduled__2024-07-10T00:00:00+00:00', '--job-id', '5', '--raw', '--subdir', 'DAGS_FOLDER/dag.py', '--cfg-path', '/tmp/tmphxp21ris']
[2024-07-11T19:58:31.356+0000] {standard_task_runner.py:88} INFO - Job 5: Subtask staff
[2024-07-11T19:58:31.515+0000] {task_command.py:423} INFO - Running <TaskInstance: sqltostaging.staff scheduled__2024-07-10T00:00:00+00:00 [running]> on host 45208fcb54ea
[2024-07-11T19:58:32.462+0000] {taskinstance.py:2513} INFO - Exporting env vars: AIRFLOW_CTX_DAG_OWNER='***' AIRFLOW_CTX_DAG_ID='sqltostaging' AIRFLOW_CTX_TASK_ID='staff' AIRFLOW_CTX_EXECUTION_DATE='2024-07-10T00:00:00+00:00' AIRFLOW_CTX_TRY_NUMBER='1' AIRFLOW_CTX_DAG_RUN_ID='scheduled__2024-07-10T00:00:00+00:00'
[2024-07-11T19:58:32.566+0000] {logging_mixin.py:188} INFO - select *  from etlconf.Etl_Process_Mapping where SourceTableName = 'staff' and Stage = 'sqltostaging'
[2024-07-11T19:58:32.705+0000] {logging_mixin.py:188} INFO -    id sourcetablename sourcedbname  ...  code         stage last_run_date
0   9           staff    dvdrental  ...  None  sqltostaging          None

[1 rows x 15 columns]
[2024-07-11T19:58:33.214+0000] {logging_mixin.py:188} INFO - update etlconf.Etl_Process_Mapping T set last_run_date = current_timestampwhere destdbname='DBStaging' and destschema='dvdrental' and desttablename='staff'
[2024-07-11T19:58:33.267+0000] {taskinstance.py:2731} ERROR - Task failed with exception
Traceback (most recent call last):
  File "/home/airflow/.local/lib/python3.8/site-packages/airflow/models/taskinstance.py", line 444, in _execute_task
    result = _execute_callable(context=context, **execute_callable_kwargs)
  File "/home/airflow/.local/lib/python3.8/site-packages/airflow/models/taskinstance.py", line 414, in _execute_callable
    return execute_callable(context=context, **execute_callable_kwargs)
  File "/home/airflow/.local/lib/python3.8/site-packages/airflow/operators/python.py", line 200, in execute
    return_value = self.execute_callable()
  File "/home/airflow/.local/lib/python3.8/site-packages/airflow/operators/python.py", line 217, in execute_callable
    return self.python_callable(*self.op_args, **self.op_kwargs)
  File "/opt/airflow/dags/dag.py", line 44, in process_table
    return  execute(table, stage, tabletype)
  File "/app/main.py", line 26, in execute
    SqlToStaging().create_full().some_function(table, stage)
  File "/app/concretestage/SQLToStaging.py", line 41, in some_function
    last_run_date_update(DestDBName, DestSchema, DestTableName)
  File "/app/myFramework/utils/utils.py", line 79, in last_run_date_update
    cur.execute(query)
psycopg2.errors.SyntaxError: syntax error at or near "destdbname"
LINE 1: ...ping T set last_run_date = current_timestampwhere destdbname...
                                                             ^

[2024-07-11T19:58:33.277+0000] {taskinstance.py:1149} INFO - Marking task as FAILED. dag_id=sqltostaging, task_id=staff, execution_date=20240710T000000, start_date=20240711T195831, end_date=20240711T195833
[2024-07-11T19:58:33.304+0000] {standard_task_runner.py:107} ERROR - Failed to execute job 5 for task staff (syntax error at or near "destdbname"
LINE 1: ...ping T set last_run_date = current_timestampwhere destdbname...
                                                             ^
; 100)
[2024-07-11T19:58:33.345+0000] {local_task_job_runner.py:234} INFO - Task exited with return code 1
[2024-07-11T19:58:33.368+0000] {taskinstance.py:3312} INFO - 0 downstream tasks scheduled from follow-on schedule check
[2024-07-11T20:02:08.937+0000] {taskinstance.py:1979} INFO - Dependencies all met for dep_context=non-requeueable deps ti=<TaskInstance: sqltostaging.staff scheduled__2024-07-10T00:00:00+00:00 [queued]>
[2024-07-11T20:02:08.949+0000] {taskinstance.py:1979} INFO - Dependencies all met for dep_context=requeueable deps ti=<TaskInstance: sqltostaging.staff scheduled__2024-07-10T00:00:00+00:00 [queued]>
[2024-07-11T20:02:08.955+0000] {taskinstance.py:2193} INFO - Starting attempt 1 of 1
[2024-07-11T20:02:09.006+0000] {taskinstance.py:2217} INFO - Executing <Task(PythonOperator): staff> on 2024-07-10 00:00:00+00:00
[2024-07-11T20:02:09.022+0000] {standard_task_runner.py:60} INFO - Started process 91 to run task
[2024-07-11T20:02:09.026+0000] {standard_task_runner.py:87} INFO - Running: ['***', 'tasks', 'run', 'sqltostaging', 'staff', 'scheduled__2024-07-10T00:00:00+00:00', '--job-id', '7', '--raw', '--subdir', 'DAGS_FOLDER/dag.py', '--cfg-path', '/tmp/tmpkfhkdmjb']
[2024-07-11T20:02:09.037+0000] {standard_task_runner.py:88} INFO - Job 7: Subtask staff
[2024-07-11T20:02:09.200+0000] {task_command.py:423} INFO - Running <TaskInstance: sqltostaging.staff scheduled__2024-07-10T00:00:00+00:00 [running]> on host f77c41d1d1e9
[2024-07-11T20:02:10.570+0000] {taskinstance.py:2513} INFO - Exporting env vars: AIRFLOW_CTX_DAG_OWNER='***' AIRFLOW_CTX_DAG_ID='sqltostaging' AIRFLOW_CTX_TASK_ID='staff' AIRFLOW_CTX_EXECUTION_DATE='2024-07-10T00:00:00+00:00' AIRFLOW_CTX_TRY_NUMBER='1' AIRFLOW_CTX_DAG_RUN_ID='scheduled__2024-07-10T00:00:00+00:00'
[2024-07-11T20:02:10.596+0000] {logging_mixin.py:188} INFO - select *  from etlconf.Etl_Process_Mapping where SourceTableName = 'staff' and Stage = 'sqltostaging'
[2024-07-11T20:02:10.674+0000] {logging_mixin.py:188} INFO -    id sourcetablename sourcedbname  ...  code         stage last_run_date
0   9           staff    dvdrental  ...  None  sqltostaging          None

[1 rows x 15 columns]
[2024-07-11T20:02:11.015+0000] {logging_mixin.py:188} INFO - update etlconf.Etl_Process_Mapping T set last_run_date = current_timestamp where destdbname='DBStaging' and destschema='dvdrental' and desttablename='staff';
[2024-07-11T20:02:11.046+0000] {python.py:202} INFO - Done. Returned value was: None
[2024-07-11T20:02:11.053+0000] {taskinstance.py:1149} INFO - Marking task as SUCCESS. dag_id=sqltostaging, task_id=staff, execution_date=20240710T000000, start_date=20240711T200208, end_date=20240711T200211
[2024-07-11T20:02:11.118+0000] {local_task_job_runner.py:234} INFO - Task exited with return code 0
[2024-07-11T20:02:11.150+0000] {taskinstance.py:3312} INFO - 0 downstream tasks scheduled from follow-on schedule check
