[2024-07-10T20:29:57.181+0000] {taskinstance.py:1979} INFO - Dependencies all met for dep_context=non-requeueable deps ti=<TaskInstance: sqltostaging.language manual__2024-07-10T20:29:54.881756+00:00 [queued]>
[2024-07-10T20:29:57.229+0000] {taskinstance.py:1979} INFO - Dependencies all met for dep_context=requeueable deps ti=<TaskInstance: sqltostaging.language manual__2024-07-10T20:29:54.881756+00:00 [queued]>
[2024-07-10T20:29:57.236+0000] {taskinstance.py:2193} INFO - Starting attempt 1 of 1
[2024-07-10T20:29:57.355+0000] {taskinstance.py:2217} INFO - Executing <Task(PythonOperator): language> on 2024-07-10 20:29:54.881756+00:00
[2024-07-10T20:29:57.408+0000] {standard_task_runner.py:60} INFO - Started process 276 to run task
[2024-07-10T20:29:57.410+0000] {standard_task_runner.py:87} INFO - Running: ['***', 'tasks', 'run', 'sqltostaging', 'language', 'manual__2024-07-10T20:29:54.881756+00:00', '--job-id', '36', '--raw', '--subdir', 'DAGS_FOLDER/dag.py', '--cfg-path', '/tmp/tmp4ag33ime']
[2024-07-10T20:29:57.468+0000] {standard_task_runner.py:88} INFO - Job 36: Subtask language
[2024-07-10T20:29:57.736+0000] {task_command.py:423} INFO - Running <TaskInstance: sqltostaging.language manual__2024-07-10T20:29:54.881756+00:00 [running]> on host d72f5bf26a9d
[2024-07-10T20:29:57.963+0000] {taskinstance.py:2513} INFO - Exporting env vars: AIRFLOW_CTX_DAG_OWNER='***' AIRFLOW_CTX_DAG_ID='sqltostaging' AIRFLOW_CTX_TASK_ID='language' AIRFLOW_CTX_EXECUTION_DATE='2024-07-10T20:29:54.881756+00:00' AIRFLOW_CTX_TRY_NUMBER='1' AIRFLOW_CTX_DAG_RUN_ID='manual__2024-07-10T20:29:54.881756+00:00'
[2024-07-10T20:29:58.044+0000] {logging_mixin.py:188} INFO - select *  from etlconf.Etl_Process_Mapping where SourceTableName = 'language' and Stage = 'sqltostaging'
[2024-07-10T20:29:59.121+0000] {logging_mixin.py:188} INFO -    id sourcetablename sourcedbname  ...  code         stage last_run_date
0   3        language    dvdrental  ...  None  sqltostaging          None

[1 rows x 15 columns]
[2024-07-10T20:29:59.133+0000] {taskinstance.py:2731} ERROR - Task failed with exception
Traceback (most recent call last):
  File "/home/airflow/.local/lib/python3.8/site-packages/airflow/models/taskinstance.py", line 444, in _execute_task
    result = _execute_callable(context=context, **execute_callable_kwargs)
  File "/home/airflow/.local/lib/python3.8/site-packages/airflow/models/taskinstance.py", line 414, in _execute_callable
    return execute_callable(context=context, **execute_callable_kwargs)
  File "/home/airflow/.local/lib/python3.8/site-packages/airflow/operators/python.py", line 200, in execute
    return_value = self.execute_callable()
  File "/home/airflow/.local/lib/python3.8/site-packages/airflow/operators/python.py", line 217, in execute_callable
    return self.python_callable(*self.op_args, **self.op_kwargs)
  File "/opt/airflow/dags/dag.py", line 44, in process_table
    return  execute(table, stage, tabletype)
  File "/app/main.py", line 26, in execute
    SqlToStaging().create_full().some_function(table, stage)
  File "/app/concretestage/SQLToStaging.py", line 38, in some_function
    sourceDF = getDF(sourcedbname,sourcetablename , sourceschema)
TypeError: getDF() missing 3 required positional arguments: 'filterColumn', 'dateFrom', and 'dateTo'
[2024-07-10T20:29:59.161+0000] {taskinstance.py:1149} INFO - Marking task as FAILED. dag_id=sqltostaging, task_id=language, execution_date=20240710T202954, start_date=20240710T202957, end_date=20240710T202959
[2024-07-10T20:29:59.197+0000] {standard_task_runner.py:107} ERROR - Failed to execute job 36 for task language (getDF() missing 3 required positional arguments: 'filterColumn', 'dateFrom', and 'dateTo'; 276)
[2024-07-10T20:29:59.248+0000] {local_task_job_runner.py:234} INFO - Task exited with return code 1
[2024-07-10T20:29:59.300+0000] {taskinstance.py:3312} INFO - 0 downstream tasks scheduled from follow-on schedule check
