[2024-06-13T18:35:27.703+0000] {taskinstance.py:1979} INFO - Dependencies all met for dep_context=non-requeueable deps ti=<TaskInstance: sqltostaging.actor scheduled__2024-06-12T00:00:00+00:00 [queued]>
[2024-06-13T18:35:27.746+0000] {taskinstance.py:1979} INFO - Dependencies all met for dep_context=requeueable deps ti=<TaskInstance: sqltostaging.actor scheduled__2024-06-12T00:00:00+00:00 [queued]>
[2024-06-13T18:35:27.747+0000] {taskinstance.py:2193} INFO - Starting attempt 1 of 1
[2024-06-13T18:35:27.785+0000] {taskinstance.py:2217} INFO - Executing <Task(PythonOperator): actor> on 2024-06-12 00:00:00+00:00
[2024-06-13T18:35:27.827+0000] {standard_task_runner.py:87} INFO - Running: ['***', 'tasks', 'run', 'sqltostaging', 'actor', 'scheduled__2024-06-12T00:00:00+00:00', '--job-id', '13', '--raw', '--subdir', 'DAGS_FOLDER/dag.py', '--cfg-path', '/tmp/tmpc_u6g40v']
[2024-06-13T18:35:27.837+0000] {standard_task_runner.py:88} INFO - Job 13: Subtask actor
[2024-06-13T18:35:27.819+0000] {standard_task_runner.py:60} INFO - Started process 333 to run task
[2024-06-13T18:35:27.989+0000] {task_command.py:423} INFO - Running <TaskInstance: sqltostaging.actor scheduled__2024-06-12T00:00:00+00:00 [running]> on host 01e60193086e
[2024-06-13T18:35:29.353+0000] {taskinstance.py:2513} INFO - Exporting env vars: AIRFLOW_CTX_DAG_OWNER='***' AIRFLOW_CTX_DAG_ID='sqltostaging' AIRFLOW_CTX_TASK_ID='actor' AIRFLOW_CTX_EXECUTION_DATE='2024-06-12T00:00:00+00:00' AIRFLOW_CTX_TRY_NUMBER='1' AIRFLOW_CTX_DAG_RUN_ID='scheduled__2024-06-12T00:00:00+00:00'
[2024-06-13T18:35:29.357+0000] {logging_mixin.py:188} INFO - dvtobv
[2024-06-13T18:35:29.371+0000] {logging_mixin.py:188} INFO - 
 stage: sqltostaging 
 type: full 
 schema: public 
 table:category
[2024-06-13T18:35:29.473+0000] {logging_mixin.py:188} INFO - <class 'list'>
[2024-06-13T18:35:29.476+0000] {logging_mixin.py:188} INFO - [(1, 'Action', datetime.datetime(2006, 2, 15, 9, 46, 27)), (2, 'Animation', datetime.datetime(2006, 2, 15, 9, 46, 27)), (3, 'Children', datetime.datetime(2006, 2, 15, 9, 46, 27)), (4, 'Classics', datetime.datetime(2006, 2, 15, 9, 46, 27)), (5, 'Comedy', datetime.datetime(2006, 2, 15, 9, 46, 27)), (6, 'Documentary', datetime.datetime(2006, 2, 15, 9, 46, 27)), (7, 'Drama', datetime.datetime(2006, 2, 15, 9, 46, 27)), (8, 'Family', datetime.datetime(2006, 2, 15, 9, 46, 27)), (9, 'Foreign', datetime.datetime(2006, 2, 15, 9, 46, 27)), (10, 'Games', datetime.datetime(2006, 2, 15, 9, 46, 27)), (11, 'Horror', datetime.datetime(2006, 2, 15, 9, 46, 27)), (12, 'Music', datetime.datetime(2006, 2, 15, 9, 46, 27)), (13, 'New', datetime.datetime(2006, 2, 15, 9, 46, 27)), (14, 'Sci-Fi', datetime.datetime(2006, 2, 15, 9, 46, 27)), (15, 'Sports', datetime.datetime(2006, 2, 15, 9, 46, 27)), (16, 'Travel', datetime.datetime(2006, 2, 15, 9, 46, 27))] 
: sourceDF
[2024-06-13T18:35:29.485+0000] {python.py:202} INFO - Done. Returned value was: None
[2024-06-13T18:35:29.505+0000] {taskinstance.py:1149} INFO - Marking task as SUCCESS. dag_id=sqltostaging, task_id=actor, execution_date=20240612T000000, start_date=20240613T183527, end_date=20240613T183529
[2024-06-13T18:35:29.584+0000] {local_task_job_runner.py:234} INFO - Task exited with return code 0
[2024-06-13T18:35:29.639+0000] {taskinstance.py:3312} INFO - 0 downstream tasks scheduled from follow-on schedule check
[2024-06-13T18:42:32.784+0000] {taskinstance.py:1979} INFO - Dependencies all met for dep_context=non-requeueable deps ti=<TaskInstance: sqltostaging.actor scheduled__2024-06-12T00:00:00+00:00 [queued]>
[2024-06-13T18:42:32.799+0000] {taskinstance.py:1979} INFO - Dependencies all met for dep_context=requeueable deps ti=<TaskInstance: sqltostaging.actor scheduled__2024-06-12T00:00:00+00:00 [queued]>
[2024-06-13T18:42:32.800+0000] {taskinstance.py:2193} INFO - Starting attempt 1 of 1
[2024-06-13T18:42:32.820+0000] {taskinstance.py:2217} INFO - Executing <Task(PythonOperator): actor> on 2024-06-12 00:00:00+00:00
[2024-06-13T18:42:32.845+0000] {standard_task_runner.py:60} INFO - Started process 83 to run task
[2024-06-13T18:42:32.849+0000] {standard_task_runner.py:87} INFO - Running: ['***', 'tasks', 'run', 'sqltostaging', 'actor', 'scheduled__2024-06-12T00:00:00+00:00', '--job-id', '7', '--raw', '--subdir', 'DAGS_FOLDER/dag.py', '--cfg-path', '/tmp/tmpblfgd48b']
[2024-06-13T18:42:32.860+0000] {standard_task_runner.py:88} INFO - Job 7: Subtask actor
[2024-06-13T18:42:33.027+0000] {task_command.py:423} INFO - Running <TaskInstance: sqltostaging.actor scheduled__2024-06-12T00:00:00+00:00 [running]> on host 52e9fcc277c9
[2024-06-13T18:42:34.293+0000] {taskinstance.py:2513} INFO - Exporting env vars: AIRFLOW_CTX_DAG_OWNER='***' AIRFLOW_CTX_DAG_ID='sqltostaging' AIRFLOW_CTX_TASK_ID='actor' AIRFLOW_CTX_EXECUTION_DATE='2024-06-12T00:00:00+00:00' AIRFLOW_CTX_TRY_NUMBER='1' AIRFLOW_CTX_DAG_RUN_ID='scheduled__2024-06-12T00:00:00+00:00'
[2024-06-13T18:42:34.301+0000] {logging_mixin.py:188} INFO - dvtobv
[2024-06-13T18:42:34.301+0000] {logging_mixin.py:188} INFO - 
 stage: sqltostaging 
 type: full 
 schema: public 
 table:category
[2024-06-13T18:42:34.382+0000] {taskinstance.py:2731} ERROR - Task failed with exception
Traceback (most recent call last):
  File "/home/airflow/.local/lib/python3.8/site-packages/airflow/models/taskinstance.py", line 444, in _execute_task
    result = _execute_callable(context=context, **execute_callable_kwargs)
  File "/home/airflow/.local/lib/python3.8/site-packages/airflow/models/taskinstance.py", line 414, in _execute_callable
    return execute_callable(context=context, **execute_callable_kwargs)
  File "/home/airflow/.local/lib/python3.8/site-packages/airflow/operators/python.py", line 200, in execute
    return_value = self.execute_callable()
  File "/home/airflow/.local/lib/python3.8/site-packages/airflow/operators/python.py", line 217, in execute_callable
    return self.python_callable(*self.op_args, **self.op_kwargs)
  File "/opt/airflow/dags/dag.py", line 22, in process_table
    return  execute(table_stage, table_type, schema, table)
  File "/app/main.py", line 24, in execute
    SqlToStaging().create_full().some_function(stage, type, schema, table)
  File "/app/concretestage/SQLToStaging.py", line 26, in some_function
    sourceDF = getDF(yaml.getSourceDBName(), yaml.getTSourceTableName(),yaml.getSourceSchema())
  File "/app/myFramework/utils/utils.py", line 27, in getDF
    df.columns = cur.keys()
AttributeError: 'psycopg2.extensions.cursor' object has no attribute 'keys'
[2024-06-13T18:42:34.395+0000] {taskinstance.py:1149} INFO - Marking task as FAILED. dag_id=sqltostaging, task_id=actor, execution_date=20240612T000000, start_date=20240613T184232, end_date=20240613T184234
[2024-06-13T18:42:34.407+0000] {standard_task_runner.py:107} ERROR - Failed to execute job 7 for task actor ('psycopg2.extensions.cursor' object has no attribute 'keys'; 83)
[2024-06-13T18:42:34.423+0000] {local_task_job_runner.py:234} INFO - Task exited with return code 1
[2024-06-13T18:42:34.445+0000] {taskinstance.py:3312} INFO - 0 downstream tasks scheduled from follow-on schedule check
[2024-06-13T18:53:55.015+0000] {taskinstance.py:1979} INFO - Dependencies all met for dep_context=non-requeueable deps ti=<TaskInstance: sqltostaging.actor scheduled__2024-06-12T00:00:00+00:00 [queued]>
[2024-06-13T18:53:55.039+0000] {taskinstance.py:1979} INFO - Dependencies all met for dep_context=requeueable deps ti=<TaskInstance: sqltostaging.actor scheduled__2024-06-12T00:00:00+00:00 [queued]>
[2024-06-13T18:53:55.044+0000] {taskinstance.py:2193} INFO - Starting attempt 1 of 1
[2024-06-13T18:53:55.088+0000] {taskinstance.py:2217} INFO - Executing <Task(PythonOperator): actor> on 2024-06-12 00:00:00+00:00
[2024-06-13T18:53:55.110+0000] {standard_task_runner.py:60} INFO - Started process 91 to run task
[2024-06-13T18:53:55.123+0000] {standard_task_runner.py:87} INFO - Running: ['***', 'tasks', 'run', 'sqltostaging', 'actor', 'scheduled__2024-06-12T00:00:00+00:00', '--job-id', '6', '--raw', '--subdir', 'DAGS_FOLDER/dag.py', '--cfg-path', '/tmp/tmpu2em314w']
[2024-06-13T18:53:55.132+0000] {standard_task_runner.py:88} INFO - Job 6: Subtask actor
[2024-06-13T18:53:55.280+0000] {task_command.py:423} INFO - Running <TaskInstance: sqltostaging.actor scheduled__2024-06-12T00:00:00+00:00 [running]> on host 431bb22026d8
[2024-06-13T18:53:56.532+0000] {taskinstance.py:2513} INFO - Exporting env vars: AIRFLOW_CTX_DAG_OWNER='***' AIRFLOW_CTX_DAG_ID='sqltostaging' AIRFLOW_CTX_TASK_ID='actor' AIRFLOW_CTX_EXECUTION_DATE='2024-06-12T00:00:00+00:00' AIRFLOW_CTX_TRY_NUMBER='1' AIRFLOW_CTX_DAG_RUN_ID='scheduled__2024-06-12T00:00:00+00:00'
[2024-06-13T18:53:56.537+0000] {logging_mixin.py:188} INFO - dvtobv
[2024-06-13T18:53:56.538+0000] {logging_mixin.py:188} INFO - 
 stage: sqltostaging 
 type: full 
 schema: public 
 table:category
[2024-06-13T18:53:56.615+0000] {logging_mixin.py:188} INFO -     category_id         name         last_update
0             1       Action 2006-02-15 09:46:27
1             2    Animation 2006-02-15 09:46:27
2             3     Children 2006-02-15 09:46:27
3             4     Classics 2006-02-15 09:46:27
4             5       Comedy 2006-02-15 09:46:27
5             6  Documentary 2006-02-15 09:46:27
6             7        Drama 2006-02-15 09:46:27
7             8       Family 2006-02-15 09:46:27
8             9      Foreign 2006-02-15 09:46:27
9            10        Games 2006-02-15 09:46:27
10           11       Horror 2006-02-15 09:46:27
11           12        Music 2006-02-15 09:46:27
12           13          New 2006-02-15 09:46:27
13           14       Sci-Fi 2006-02-15 09:46:27
14           15       Sports 2006-02-15 09:46:27
15           16       Travel 2006-02-15 09:46:27
[2024-06-13T18:53:56.630+0000] {logging_mixin.py:188} INFO -     category_id         name         last_update
0             1       Action 2006-02-15 09:46:27
1             2    Animation 2006-02-15 09:46:27
2             3     Children 2006-02-15 09:46:27
3             4     Classics 2006-02-15 09:46:27
4             5       Comedy 2006-02-15 09:46:27
5             6  Documentary 2006-02-15 09:46:27
6             7        Drama 2006-02-15 09:46:27
7             8       Family 2006-02-15 09:46:27
8             9      Foreign 2006-02-15 09:46:27
9            10        Games 2006-02-15 09:46:27
10           11       Horror 2006-02-15 09:46:27
11           12        Music 2006-02-15 09:46:27
12           13          New 2006-02-15 09:46:27
13           14       Sci-Fi 2006-02-15 09:46:27
14           15       Sports 2006-02-15 09:46:27
15           16       Travel 2006-02-15 09:46:27 
: sourceDF
[2024-06-13T18:53:56.636+0000] {python.py:202} INFO - Done. Returned value was: None
[2024-06-13T18:53:56.643+0000] {taskinstance.py:1149} INFO - Marking task as SUCCESS. dag_id=sqltostaging, task_id=actor, execution_date=20240612T000000, start_date=20240613T185355, end_date=20240613T185356
[2024-06-13T18:53:56.689+0000] {local_task_job_runner.py:234} INFO - Task exited with return code 0
[2024-06-13T18:53:56.740+0000] {taskinstance.py:3312} INFO - 0 downstream tasks scheduled from follow-on schedule check
[2024-06-13T18:57:30.560+0000] {taskinstance.py:1979} INFO - Dependencies all met for dep_context=non-requeueable deps ti=<TaskInstance: sqltostaging.actor scheduled__2024-06-12T00:00:00+00:00 [queued]>
[2024-06-13T18:57:30.598+0000] {taskinstance.py:1979} INFO - Dependencies all met for dep_context=requeueable deps ti=<TaskInstance: sqltostaging.actor scheduled__2024-06-12T00:00:00+00:00 [queued]>
[2024-06-13T18:57:30.599+0000] {taskinstance.py:2193} INFO - Starting attempt 1 of 1
[2024-06-13T18:57:30.637+0000] {taskinstance.py:2217} INFO - Executing <Task(PythonOperator): actor> on 2024-06-12 00:00:00+00:00
[2024-06-13T18:57:30.651+0000] {standard_task_runner.py:60} INFO - Started process 96 to run task
[2024-06-13T18:57:30.659+0000] {standard_task_runner.py:87} INFO - Running: ['***', 'tasks', 'run', 'sqltostaging', 'actor', 'scheduled__2024-06-12T00:00:00+00:00', '--job-id', '7', '--raw', '--subdir', 'DAGS_FOLDER/dag.py', '--cfg-path', '/tmp/tmpzkbsbvjr']
[2024-06-13T18:57:30.671+0000] {standard_task_runner.py:88} INFO - Job 7: Subtask actor
[2024-06-13T18:57:31.157+0000] {task_command.py:423} INFO - Running <TaskInstance: sqltostaging.actor scheduled__2024-06-12T00:00:00+00:00 [running]> on host 96dba295aa41
[2024-06-13T18:57:32.324+0000] {taskinstance.py:2513} INFO - Exporting env vars: AIRFLOW_CTX_DAG_OWNER='***' AIRFLOW_CTX_DAG_ID='sqltostaging' AIRFLOW_CTX_TASK_ID='actor' AIRFLOW_CTX_EXECUTION_DATE='2024-06-12T00:00:00+00:00' AIRFLOW_CTX_TRY_NUMBER='1' AIRFLOW_CTX_DAG_RUN_ID='scheduled__2024-06-12T00:00:00+00:00'
[2024-06-13T18:57:32.331+0000] {logging_mixin.py:188} INFO - dvtobv
[2024-06-13T18:57:32.339+0000] {logging_mixin.py:188} INFO - 
 stage: sqltostaging 
 type: full 
 schema: public 
 table:category
[2024-06-13T18:57:32.436+0000] {taskinstance.py:2731} ERROR - Task failed with exception
Traceback (most recent call last):
  File "/home/airflow/.local/lib/python3.8/site-packages/airflow/models/taskinstance.py", line 444, in _execute_task
    result = _execute_callable(context=context, **execute_callable_kwargs)
  File "/home/airflow/.local/lib/python3.8/site-packages/airflow/models/taskinstance.py", line 414, in _execute_callable
    return execute_callable(context=context, **execute_callable_kwargs)
  File "/home/airflow/.local/lib/python3.8/site-packages/airflow/operators/python.py", line 200, in execute
    return_value = self.execute_callable()
  File "/home/airflow/.local/lib/python3.8/site-packages/airflow/operators/python.py", line 217, in execute_callable
    return self.python_callable(*self.op_args, **self.op_kwargs)
  File "/opt/airflow/dags/dag.py", line 22, in process_table
    return  execute(table_stage, table_type, schema, table)
  File "/app/main.py", line 24, in execute
    SqlToStaging().create_full().some_function(stage, type, schema, table)
  File "/app/concretestage/SQLToStaging.py", line 34, in some_function
    fillPosgres(sourceDF,f'{yaml.getDestDBName()}',f'{yaml.getDestSchema()}',yaml.getDestTbaleName(), yaml.getInsertionType())
  File "/app/myFramework/utils/readYaml.py", line 55, in getInsertionType
    return self.getYaml()['InsertionType']
KeyError: 'InsertionType'
[2024-06-13T18:57:32.449+0000] {taskinstance.py:1149} INFO - Marking task as FAILED. dag_id=sqltostaging, task_id=actor, execution_date=20240612T000000, start_date=20240613T185730, end_date=20240613T185732
[2024-06-13T18:57:32.458+0000] {standard_task_runner.py:107} ERROR - Failed to execute job 7 for task actor ('InsertionType'; 96)
[2024-06-13T18:57:32.476+0000] {local_task_job_runner.py:234} INFO - Task exited with return code 1
[2024-06-13T18:57:32.511+0000] {taskinstance.py:3312} INFO - 0 downstream tasks scheduled from follow-on schedule check
[2024-06-13T19:04:07.988+0000] {taskinstance.py:1979} INFO - Dependencies all met for dep_context=non-requeueable deps ti=<TaskInstance: sqltostaging.actor scheduled__2024-06-12T00:00:00+00:00 [queued]>
[2024-06-13T19:04:08.024+0000] {taskinstance.py:1979} INFO - Dependencies all met for dep_context=requeueable deps ti=<TaskInstance: sqltostaging.actor scheduled__2024-06-12T00:00:00+00:00 [queued]>
[2024-06-13T19:04:08.025+0000] {taskinstance.py:2193} INFO - Starting attempt 1 of 1
[2024-06-13T19:04:08.088+0000] {taskinstance.py:2217} INFO - Executing <Task(PythonOperator): actor> on 2024-06-12 00:00:00+00:00
[2024-06-13T19:04:08.107+0000] {standard_task_runner.py:60} INFO - Started process 103 to run task
[2024-06-13T19:04:08.138+0000] {standard_task_runner.py:87} INFO - Running: ['***', 'tasks', 'run', 'sqltostaging', 'actor', 'scheduled__2024-06-12T00:00:00+00:00', '--job-id', '16', '--raw', '--subdir', 'DAGS_FOLDER/dag.py', '--cfg-path', '/tmp/tmpq6zg5h2x']
[2024-06-13T19:04:08.145+0000] {standard_task_runner.py:88} INFO - Job 16: Subtask actor
[2024-06-13T19:04:08.342+0000] {task_command.py:423} INFO - Running <TaskInstance: sqltostaging.actor scheduled__2024-06-12T00:00:00+00:00 [running]> on host 8a078fc0234e
[2024-06-13T19:04:08.663+0000] {taskinstance.py:2513} INFO - Exporting env vars: AIRFLOW_CTX_DAG_OWNER='***' AIRFLOW_CTX_DAG_ID='sqltostaging' AIRFLOW_CTX_TASK_ID='actor' AIRFLOW_CTX_EXECUTION_DATE='2024-06-12T00:00:00+00:00' AIRFLOW_CTX_TRY_NUMBER='1' AIRFLOW_CTX_DAG_RUN_ID='scheduled__2024-06-12T00:00:00+00:00'
[2024-06-13T19:04:08.759+0000] {logging_mixin.py:188} INFO - dvtobv
[2024-06-13T19:04:08.769+0000] {logging_mixin.py:188} INFO - 
 stage: sqltostaging 
 type: full 
 schema: public 
 table:staff
[2024-06-13T19:04:10.331+0000] {taskinstance.py:2731} ERROR - Task failed with exception
Traceback (most recent call last):
  File "/home/airflow/.local/lib/python3.8/site-packages/sqlalchemy/engine/base.py", line 1910, in _execute_context
    self.dialect.do_execute(
  File "/home/airflow/.local/lib/python3.8/site-packages/sqlalchemy/engine/default.py", line 736, in do_execute
    cursor.execute(statement, parameters)
psycopg2.errors.InvalidSchemaName: schema "dvdrental" does not exist
LINE 2: CREATE TABLE dvdrental.staff (
                     ^


The above exception was the direct cause of the following exception:

Traceback (most recent call last):
  File "/home/airflow/.local/lib/python3.8/site-packages/airflow/models/taskinstance.py", line 444, in _execute_task
    result = _execute_callable(context=context, **execute_callable_kwargs)
  File "/home/airflow/.local/lib/python3.8/site-packages/airflow/models/taskinstance.py", line 414, in _execute_callable
    return execute_callable(context=context, **execute_callable_kwargs)
  File "/home/airflow/.local/lib/python3.8/site-packages/airflow/operators/python.py", line 200, in execute
    return_value = self.execute_callable()
  File "/home/airflow/.local/lib/python3.8/site-packages/airflow/operators/python.py", line 217, in execute_callable
    return self.python_callable(*self.op_args, **self.op_kwargs)
  File "/opt/airflow/dags/dag.py", line 22, in process_table
    return  execute(table_stage, table_type, schema, table)
  File "/app/main.py", line 24, in execute
    SqlToStaging().create_full().some_function(stage, type, schema, table)
  File "/app/concretestage/SQLToStaging.py", line 34, in some_function
    fillPosgres(sourceDF,f'{yaml.getDestDBName()}',f'{yaml.getDestSchema()}',yaml.getDestTbaleName(), yaml.getInsertionType())
  File "/app/myFramework/utils/utils.py", line 33, in fillPosgres
    df.to_sql(tablename, conn.getEngine(dst_dbname)
  File "/home/airflow/.local/lib/python3.8/site-packages/pandas/core/generic.py", line 2878, in to_sql
    return sql.to_sql(
  File "/home/airflow/.local/lib/python3.8/site-packages/pandas/io/sql.py", line 769, in to_sql
    return pandas_sql.to_sql(
  File "/home/airflow/.local/lib/python3.8/site-packages/pandas/io/sql.py", line 1910, in to_sql
    table = self.prep_table(
  File "/home/airflow/.local/lib/python3.8/site-packages/pandas/io/sql.py", line 1814, in prep_table
    table.create()
  File "/home/airflow/.local/lib/python3.8/site-packages/pandas/io/sql.py", line 914, in create
    self._execute_create()
  File "/home/airflow/.local/lib/python3.8/site-packages/pandas/io/sql.py", line 900, in _execute_create
    self.table.create(bind=self.pd_sql.con)
  File "/home/airflow/.local/lib/python3.8/site-packages/sqlalchemy/sql/schema.py", line 962, in create
    bind._run_ddl_visitor(ddl.SchemaGenerator, self, checkfirst=checkfirst)
  File "/home/airflow/.local/lib/python3.8/site-packages/sqlalchemy/engine/base.py", line 2221, in _run_ddl_visitor
    visitorcallable(self.dialect, self, **kwargs).traverse_single(element)
  File "/home/airflow/.local/lib/python3.8/site-packages/sqlalchemy/sql/visitors.py", line 524, in traverse_single
    return meth(obj, **kw)
  File "/home/airflow/.local/lib/python3.8/site-packages/sqlalchemy/sql/ddl.py", line 899, in visit_table
    self.connection.execute(
  File "/home/airflow/.local/lib/python3.8/site-packages/sqlalchemy/engine/base.py", line 1385, in execute
    return meth(self, multiparams, params, _EMPTY_EXECUTION_OPTS)
  File "/home/airflow/.local/lib/python3.8/site-packages/sqlalchemy/sql/ddl.py", line 80, in _execute_on_connection
    return connection._execute_ddl(
  File "/home/airflow/.local/lib/python3.8/site-packages/sqlalchemy/engine/base.py", line 1477, in _execute_ddl
    ret = self._execute_context(
  File "/home/airflow/.local/lib/python3.8/site-packages/sqlalchemy/engine/base.py", line 1953, in _execute_context
    self._handle_dbapi_exception(
  File "/home/airflow/.local/lib/python3.8/site-packages/sqlalchemy/engine/base.py", line 2134, in _handle_dbapi_exception
    util.raise_(
  File "/home/airflow/.local/lib/python3.8/site-packages/sqlalchemy/util/compat.py", line 211, in raise_
    raise exception
  File "/home/airflow/.local/lib/python3.8/site-packages/sqlalchemy/engine/base.py", line 1910, in _execute_context
    self.dialect.do_execute(
  File "/home/airflow/.local/lib/python3.8/site-packages/sqlalchemy/engine/default.py", line 736, in do_execute
    cursor.execute(statement, parameters)
sqlalchemy.exc.ProgrammingError: (psycopg2.errors.InvalidSchemaName) schema "dvdrental" does not exist
LINE 2: CREATE TABLE dvdrental.staff (
                     ^

[SQL: 
CREATE TABLE dvdrental.staff (
	staff_id BIGINT, 
	first_name TEXT, 
	last_name TEXT, 
	address_id BIGINT, 
	email TEXT, 
	store_id BIGINT, 
	active BOOLEAN, 
	username TEXT, 
	password TEXT, 
	last_update TIMESTAMP WITHOUT TIME ZONE, 
	picture TEXT
)

]
(Background on this error at: https://sqlalche.me/e/14/f405)
[2024-06-13T19:04:10.368+0000] {taskinstance.py:1149} INFO - Marking task as FAILED. dag_id=sqltostaging, task_id=actor, execution_date=20240612T000000, start_date=20240613T190407, end_date=20240613T190410
[2024-06-13T19:04:10.383+0000] {standard_task_runner.py:107} ERROR - Failed to execute job 16 for task actor ((psycopg2.errors.InvalidSchemaName) schema "dvdrental" does not exist
LINE 2: CREATE TABLE dvdrental.staff (
                     ^

[SQL: 
CREATE TABLE dvdrental.staff (
	staff_id BIGINT, 
	first_name TEXT, 
	last_name TEXT, 
	address_id BIGINT, 
	email TEXT, 
	store_id BIGINT, 
	active BOOLEAN, 
	username TEXT, 
	password TEXT, 
	last_update TIMESTAMP WITHOUT TIME ZONE, 
	picture TEXT
)

]
(Background on this error at: https://sqlalche.me/e/14/f405); 103)
[2024-06-13T19:04:10.418+0000] {local_task_job_runner.py:234} INFO - Task exited with return code 1
[2024-06-13T19:04:10.451+0000] {taskinstance.py:3312} INFO - 0 downstream tasks scheduled from follow-on schedule check
