[2024-07-23T19:11:00.520+0000] {taskinstance.py:1979} INFO - Dependencies all met for dep_context=non-requeueable deps ti=<TaskInstance: stagingtodv.film_category manual__2024-07-23T19:10:58.231795+00:00 [queued]>
[2024-07-23T19:11:00.542+0000] {taskinstance.py:1979} INFO - Dependencies all met for dep_context=requeueable deps ti=<TaskInstance: stagingtodv.film_category manual__2024-07-23T19:10:58.231795+00:00 [queued]>
[2024-07-23T19:11:00.546+0000] {taskinstance.py:2193} INFO - Starting attempt 1 of 1
[2024-07-23T19:11:00.571+0000] {taskinstance.py:2217} INFO - Executing <Task(PythonOperator): film_category> on 2024-07-23 19:10:58.231795+00:00
[2024-07-23T19:11:00.579+0000] {standard_task_runner.py:60} INFO - Started process 290 to run task
[2024-07-23T19:11:00.593+0000] {standard_task_runner.py:87} INFO - Running: ['***', 'tasks', 'run', 'stagingtodv', 'film_category', 'manual__2024-07-23T19:10:58.231795+00:00', '--job-id', '43', '--raw', '--subdir', 'DAGS_FOLDER/dag.py', '--cfg-path', '/tmp/tmp8bxv5bf2']
[2024-07-23T19:11:00.603+0000] {standard_task_runner.py:88} INFO - Job 43: Subtask film_category
[2024-07-23T19:11:00.720+0000] {task_command.py:423} INFO - Running <TaskInstance: stagingtodv.film_category manual__2024-07-23T19:10:58.231795+00:00 [running]> on host fc8d45b704f5
[2024-07-23T19:11:00.939+0000] {taskinstance.py:2513} INFO - Exporting env vars: AIRFLOW_CTX_DAG_OWNER='***' AIRFLOW_CTX_DAG_ID='stagingtodv' AIRFLOW_CTX_TASK_ID='film_category' AIRFLOW_CTX_EXECUTION_DATE='2024-07-23T19:10:58.231795+00:00' AIRFLOW_CTX_TRY_NUMBER='1' AIRFLOW_CTX_DAG_RUN_ID='manual__2024-07-23T19:10:58.231795+00:00'
[2024-07-23T19:11:00.945+0000] {logging_mixin.py:188} INFO - -------------------------------------------- select *  from etlconf.Etl_Process_Mapping where SourceTableName = 'film_category' and Stage = 'stagingtodv'
[2024-07-23T19:11:02.227+0000] {taskinstance.py:2731} ERROR - Task failed with exception
Traceback (most recent call last):
  File "/home/airflow/.local/lib/python3.8/site-packages/pandas/core/indexes/base.py", line 3653, in get_loc
    return self._engine.get_loc(casted_key)
  File "pandas/_libs/index.pyx", line 147, in pandas._libs.index.IndexEngine.get_loc
  File "pandas/_libs/index.pyx", line 176, in pandas._libs.index.IndexEngine.get_loc
  File "pandas/_libs/hashtable_class_helper.pxi", line 7080, in pandas._libs.hashtable.PyObjectHashTable.get_item
  File "pandas/_libs/hashtable_class_helper.pxi", line 7088, in pandas._libs.hashtable.PyObjectHashTable.get_item
KeyError: '(film_id,category_id)'

The above exception was the direct cause of the following exception:

Traceback (most recent call last):
  File "/home/airflow/.local/lib/python3.8/site-packages/airflow/models/taskinstance.py", line 444, in _execute_task
    result = _execute_callable(context=context, **execute_callable_kwargs)
  File "/home/airflow/.local/lib/python3.8/site-packages/airflow/models/taskinstance.py", line 414, in _execute_callable
    return execute_callable(context=context, **execute_callable_kwargs)
  File "/home/airflow/.local/lib/python3.8/site-packages/airflow/operators/python.py", line 200, in execute
    return_value = self.execute_callable()
  File "/home/airflow/.local/lib/python3.8/site-packages/airflow/operators/python.py", line 217, in execute_callable
    return self.python_callable(*self.op_args, **self.op_kwargs)
  File "/opt/airflow/dags/dag.py", line 45, in process_table
    return  execute(table, stage, tabletype)
  File "/app/main.py", line 35, in execute
    StagingToDV().create_link().some_function(table, stage)
  File "/app/concretestage/StagingToDV.py", line 101, in some_function
    genaretedDF = generateSurogateKey(sourceDF, Code, list(SurogateKey.split(" ")),dest_col_list)
  File "/app/myFramework/utils/utils.py", line 55, in generateSurogateKey
    Surogatekey = newdf[key]+int(str(1000000) + str(code))
  File "/home/airflow/.local/lib/python3.8/site-packages/pandas/core/frame.py", line 3761, in __getitem__
    indexer = self.columns.get_loc(key)
  File "/home/airflow/.local/lib/python3.8/site-packages/pandas/core/indexes/base.py", line 3655, in get_loc
    raise KeyError(key) from err
KeyError: '(film_id,category_id)'
[2024-07-23T19:11:02.258+0000] {taskinstance.py:1149} INFO - Marking task as FAILED. dag_id=stagingtodv, task_id=film_category, execution_date=20240723T191058, start_date=20240723T191100, end_date=20240723T191102
[2024-07-23T19:11:02.277+0000] {standard_task_runner.py:107} ERROR - Failed to execute job 43 for task film_category ('(film_id,category_id)'; 290)
[2024-07-23T19:11:02.297+0000] {local_task_job_runner.py:234} INFO - Task exited with return code 1
[2024-07-23T19:11:02.347+0000] {taskinstance.py:3312} INFO - 0 downstream tasks scheduled from follow-on schedule check
