[2024-07-02T18:42:24.415+0000] {taskinstance.py:1979} INFO - Dependencies all met for dep_context=non-requeueable deps ti=<TaskInstance: sqltostaging.film_category scheduled__2024-07-01T00:00:00+00:00 [queued]>
[2024-07-02T18:42:24.440+0000] {taskinstance.py:1979} INFO - Dependencies all met for dep_context=requeueable deps ti=<TaskInstance: sqltostaging.film_category scheduled__2024-07-01T00:00:00+00:00 [queued]>
[2024-07-02T18:42:24.444+0000] {taskinstance.py:2193} INFO - Starting attempt 1 of 1
[2024-07-02T18:42:24.461+0000] {taskinstance.py:2217} INFO - Executing <Task(PythonOperator): film_category> on 2024-07-01 00:00:00+00:00
[2024-07-02T18:42:24.476+0000] {standard_task_runner.py:60} INFO - Started process 99 to run task
[2024-07-02T18:42:24.501+0000] {standard_task_runner.py:87} INFO - Running: ['***', 'tasks', 'run', 'sqltostaging', 'film_category', 'scheduled__2024-07-01T00:00:00+00:00', '--job-id', '14', '--raw', '--subdir', 'DAGS_FOLDER/dag.py', '--cfg-path', '/tmp/tmp3qc5wbd7']
[2024-07-02T18:42:24.534+0000] {standard_task_runner.py:88} INFO - Job 14: Subtask film_category
[2024-07-02T18:42:24.656+0000] {task_command.py:423} INFO - Running <TaskInstance: sqltostaging.film_category scheduled__2024-07-01T00:00:00+00:00 [running]> on host 5b7251376729
[2024-07-02T18:42:25.949+0000] {taskinstance.py:2513} INFO - Exporting env vars: AIRFLOW_CTX_DAG_OWNER='***' AIRFLOW_CTX_DAG_ID='sqltostaging' AIRFLOW_CTX_TASK_ID='film_category' AIRFLOW_CTX_EXECUTION_DATE='2024-07-01T00:00:00+00:00' AIRFLOW_CTX_TRY_NUMBER='1' AIRFLOW_CTX_DAG_RUN_ID='scheduled__2024-07-01T00:00:00+00:00'
[2024-07-02T18:42:25.953+0000] {taskinstance.py:2731} ERROR - Task failed with exception
Traceback (most recent call last):
  File "/home/airflow/.local/lib/python3.8/site-packages/airflow/models/taskinstance.py", line 444, in _execute_task
    result = _execute_callable(context=context, **execute_callable_kwargs)
  File "/home/airflow/.local/lib/python3.8/site-packages/airflow/models/taskinstance.py", line 414, in _execute_callable
    return execute_callable(context=context, **execute_callable_kwargs)
  File "/home/airflow/.local/lib/python3.8/site-packages/airflow/operators/python.py", line 200, in execute
    return_value = self.execute_callable()
  File "/home/airflow/.local/lib/python3.8/site-packages/airflow/operators/python.py", line 217, in execute_callable
    return self.python_callable(*self.op_args, **self.op_kwargs)
TypeError: process_table() missing 1 required positional argument: 'table_type'
[2024-07-02T18:42:25.966+0000] {taskinstance.py:1149} INFO - Marking task as FAILED. dag_id=sqltostaging, task_id=film_category, execution_date=20240701T000000, start_date=20240702T184224, end_date=20240702T184225
[2024-07-02T18:42:25.978+0000] {standard_task_runner.py:107} ERROR - Failed to execute job 14 for task film_category (process_table() missing 1 required positional argument: 'table_type'; 99)
[2024-07-02T18:42:26.000+0000] {local_task_job_runner.py:234} INFO - Task exited with return code 1
[2024-07-02T18:42:26.105+0000] {taskinstance.py:3312} INFO - 0 downstream tasks scheduled from follow-on schedule check
[2024-07-02T18:50:28.391+0000] {taskinstance.py:1979} INFO - Dependencies all met for dep_context=non-requeueable deps ti=<TaskInstance: sqltostaging.film_category scheduled__2024-07-01T00:00:00+00:00 [queued]>
[2024-07-02T18:50:28.414+0000] {taskinstance.py:1979} INFO - Dependencies all met for dep_context=requeueable deps ti=<TaskInstance: sqltostaging.film_category scheduled__2024-07-01T00:00:00+00:00 [queued]>
[2024-07-02T18:50:28.420+0000] {taskinstance.py:2193} INFO - Starting attempt 1 of 1
[2024-07-02T18:50:28.449+0000] {taskinstance.py:2217} INFO - Executing <Task(PythonOperator): film_category> on 2024-07-01 00:00:00+00:00
[2024-07-02T18:50:28.468+0000] {standard_task_runner.py:60} INFO - Started process 98 to run task
[2024-07-02T18:50:28.489+0000] {standard_task_runner.py:87} INFO - Running: ['***', 'tasks', 'run', 'sqltostaging', 'film_category', 'scheduled__2024-07-01T00:00:00+00:00', '--job-id', '14', '--raw', '--subdir', 'DAGS_FOLDER/dag.py', '--cfg-path', '/tmp/tmptgbsxbtr']
[2024-07-02T18:50:28.504+0000] {standard_task_runner.py:88} INFO - Job 14: Subtask film_category
[2024-07-02T18:50:28.669+0000] {task_command.py:423} INFO - Running <TaskInstance: sqltostaging.film_category scheduled__2024-07-01T00:00:00+00:00 [running]> on host e236fd1115af
[2024-07-02T18:50:29.776+0000] {taskinstance.py:2513} INFO - Exporting env vars: AIRFLOW_CTX_DAG_OWNER='***' AIRFLOW_CTX_DAG_ID='sqltostaging' AIRFLOW_CTX_TASK_ID='film_category' AIRFLOW_CTX_EXECUTION_DATE='2024-07-01T00:00:00+00:00' AIRFLOW_CTX_TRY_NUMBER='1' AIRFLOW_CTX_DAG_RUN_ID='scheduled__2024-07-01T00:00:00+00:00'
[2024-07-02T18:50:29.784+0000] {logging_mixin.py:188} INFO - dvtobv :dag_id
[2024-07-02T18:50:29.790+0000] {logging_mixin.py:188} INFO - table: film_category
[2024-07-02T18:50:29.794+0000] {logging_mixin.py:188} INFO - 
 stage: sqltostaging 
 type: FULL 
 schema: public 
 table:film_category
[2024-07-02T18:50:29.809+0000] {taskinstance.py:2731} ERROR - Task failed with exception
Traceback (most recent call last):
  File "/home/airflow/.local/lib/python3.8/site-packages/airflow/models/taskinstance.py", line 444, in _execute_task
    result = _execute_callable(context=context, **execute_callable_kwargs)
  File "/home/airflow/.local/lib/python3.8/site-packages/airflow/models/taskinstance.py", line 414, in _execute_callable
    return execute_callable(context=context, **execute_callable_kwargs)
  File "/home/airflow/.local/lib/python3.8/site-packages/airflow/operators/python.py", line 200, in execute
    return_value = self.execute_callable()
  File "/home/airflow/.local/lib/python3.8/site-packages/airflow/operators/python.py", line 217, in execute_callable
    return self.python_callable(*self.op_args, **self.op_kwargs)
  File "/opt/airflow/dags/dag.py", line 22, in process_table
    return  execute(table, stage, "FULL","public")
  File "/app/main.py", line 25, in execute
    SqlToStaging().create_full().some_function(stage, type, schema, table)
  File "/app/concretestage/SQLToStaging.py", line 25, in some_function
    sourceDF = getDF(yaml.getSourceDBName(), yaml.getTSourceTableName(),yaml.getSourceSchema())
  File "/app/myFramework/utils/readYaml.py", line 25, in getSourceDBName
    return self.getYaml()['SourceDBName']
  File "/app/myFramework/utils/readYaml.py", line 18, in getYaml
    return yaml_data[self.key]
KeyError: 'public.film_category'
[2024-07-02T18:50:29.819+0000] {taskinstance.py:1149} INFO - Marking task as FAILED. dag_id=sqltostaging, task_id=film_category, execution_date=20240701T000000, start_date=20240702T185028, end_date=20240702T185029
[2024-07-02T18:50:29.830+0000] {standard_task_runner.py:107} ERROR - Failed to execute job 14 for task film_category ('public.film_category'; 98)
[2024-07-02T18:50:29.842+0000] {local_task_job_runner.py:234} INFO - Task exited with return code 1
[2024-07-02T18:50:29.860+0000] {taskinstance.py:3312} INFO - 0 downstream tasks scheduled from follow-on schedule check
[2024-07-02T20:20:13.037+0000] {taskinstance.py:1979} INFO - Dependencies all met for dep_context=non-requeueable deps ti=<TaskInstance: sqltostaging.film_category scheduled__2024-07-01T00:00:00+00:00 [queued]>
[2024-07-02T20:20:13.052+0000] {taskinstance.py:1979} INFO - Dependencies all met for dep_context=requeueable deps ti=<TaskInstance: sqltostaging.film_category scheduled__2024-07-01T00:00:00+00:00 [queued]>
[2024-07-02T20:20:13.062+0000] {taskinstance.py:2193} INFO - Starting attempt 1 of 1
[2024-07-02T20:20:13.118+0000] {taskinstance.py:2217} INFO - Executing <Task(PythonOperator): film_category> on 2024-07-01 00:00:00+00:00
[2024-07-02T20:20:13.141+0000] {standard_task_runner.py:60} INFO - Started process 93 to run task
[2024-07-02T20:20:13.176+0000] {standard_task_runner.py:87} INFO - Running: ['***', 'tasks', 'run', 'sqltostaging', 'film_category', 'scheduled__2024-07-01T00:00:00+00:00', '--job-id', '5', '--raw', '--subdir', 'DAGS_FOLDER/dag.py', '--cfg-path', '/tmp/tmpat7qvkqp']
[2024-07-02T20:20:13.185+0000] {standard_task_runner.py:88} INFO - Job 5: Subtask film_category
[2024-07-02T20:20:13.438+0000] {task_command.py:423} INFO - Running <TaskInstance: sqltostaging.film_category scheduled__2024-07-01T00:00:00+00:00 [running]> on host 881b4526a2de
[2024-07-02T20:20:15.228+0000] {taskinstance.py:2513} INFO - Exporting env vars: AIRFLOW_CTX_DAG_OWNER='***' AIRFLOW_CTX_DAG_ID='sqltostaging' AIRFLOW_CTX_TASK_ID='film_category' AIRFLOW_CTX_EXECUTION_DATE='2024-07-01T00:00:00+00:00' AIRFLOW_CTX_TRY_NUMBER='1' AIRFLOW_CTX_DAG_RUN_ID='scheduled__2024-07-01T00:00:00+00:00'
[2024-07-02T20:20:15.230+0000] {logging_mixin.py:188} INFO - dvtobv :dag_id
[2024-07-02T20:20:15.233+0000] {logging_mixin.py:188} INFO - table: film_category
[2024-07-02T20:20:15.233+0000] {logging_mixin.py:188} INFO - 
 stage: sqltostaging 
 type: FULL 
 schema: public 
 table:film_category
[2024-07-02T20:20:15.244+0000] {taskinstance.py:2731} ERROR - Task failed with exception
Traceback (most recent call last):
  File "/home/airflow/.local/lib/python3.8/site-packages/airflow/models/taskinstance.py", line 444, in _execute_task
    result = _execute_callable(context=context, **execute_callable_kwargs)
  File "/home/airflow/.local/lib/python3.8/site-packages/airflow/models/taskinstance.py", line 414, in _execute_callable
    return execute_callable(context=context, **execute_callable_kwargs)
  File "/home/airflow/.local/lib/python3.8/site-packages/airflow/operators/python.py", line 200, in execute
    return_value = self.execute_callable()
  File "/home/airflow/.local/lib/python3.8/site-packages/airflow/operators/python.py", line 217, in execute_callable
    return self.python_callable(*self.op_args, **self.op_kwargs)
  File "/opt/airflow/dags/dag.py", line 22, in process_table
    return  execute(table, stage, "FULL","public")
  File "/app/main.py", line 25, in execute
    SqlToStaging().create_full().some_function(stage, type, schema, table)
  File "/app/concretestage/SQLToStaging.py", line 29, in some_function
    print(get_data_from_conf_table("staff", "SqlToStaging"))
  File "/app/myFramework/utils/utils.py", line 137, in get_data_from_conf_table
    cur = conn.getCursor("Postgres")
  File "/app/myFramework/source/posgresql/connect.py", line 6, in getCursor
    conn = psycopg2.connect(database = dbname,
  File "/home/airflow/.local/lib/python3.8/site-packages/psycopg2/__init__.py", line 122, in connect
    conn = _connect(dsn, connection_factory=connection_factory, **kwasync)
psycopg2.OperationalError: connection to server at "postgres_db" (172.20.0.3), port 9999 failed: FATAL:  database "Postgres" does not exist

[2024-07-02T20:20:15.253+0000] {taskinstance.py:1149} INFO - Marking task as FAILED. dag_id=sqltostaging, task_id=film_category, execution_date=20240701T000000, start_date=20240702T202013, end_date=20240702T202015
[2024-07-02T20:20:15.264+0000] {standard_task_runner.py:107} ERROR - Failed to execute job 5 for task film_category (connection to server at "postgres_db" (172.20.0.3), port 9999 failed: FATAL:  database "Postgres" does not exist
; 93)
[2024-07-02T20:20:15.303+0000] {local_task_job_runner.py:234} INFO - Task exited with return code 1
[2024-07-02T20:20:15.345+0000] {taskinstance.py:3312} INFO - 0 downstream tasks scheduled from follow-on schedule check
[2024-07-02T20:22:14.192+0000] {taskinstance.py:1979} INFO - Dependencies all met for dep_context=non-requeueable deps ti=<TaskInstance: sqltostaging.film_category scheduled__2024-07-01T00:00:00+00:00 [queued]>
[2024-07-02T20:22:14.211+0000] {taskinstance.py:1979} INFO - Dependencies all met for dep_context=requeueable deps ti=<TaskInstance: sqltostaging.film_category scheduled__2024-07-01T00:00:00+00:00 [queued]>
[2024-07-02T20:22:14.216+0000] {taskinstance.py:2193} INFO - Starting attempt 1 of 1
[2024-07-02T20:22:14.255+0000] {taskinstance.py:2217} INFO - Executing <Task(PythonOperator): film_category> on 2024-07-01 00:00:00+00:00
[2024-07-02T20:22:14.268+0000] {standard_task_runner.py:60} INFO - Started process 95 to run task
[2024-07-02T20:22:14.292+0000] {standard_task_runner.py:87} INFO - Running: ['***', 'tasks', 'run', 'sqltostaging', 'film_category', 'scheduled__2024-07-01T00:00:00+00:00', '--job-id', '9', '--raw', '--subdir', 'DAGS_FOLDER/dag.py', '--cfg-path', '/tmp/tmpxs21cex8']
[2024-07-02T20:22:14.304+0000] {standard_task_runner.py:88} INFO - Job 9: Subtask film_category
[2024-07-02T20:22:14.495+0000] {task_command.py:423} INFO - Running <TaskInstance: sqltostaging.film_category scheduled__2024-07-01T00:00:00+00:00 [running]> on host b2ca66e4d1f6
[2024-07-02T20:22:15.962+0000] {taskinstance.py:2513} INFO - Exporting env vars: AIRFLOW_CTX_DAG_OWNER='***' AIRFLOW_CTX_DAG_ID='sqltostaging' AIRFLOW_CTX_TASK_ID='film_category' AIRFLOW_CTX_EXECUTION_DATE='2024-07-01T00:00:00+00:00' AIRFLOW_CTX_TRY_NUMBER='1' AIRFLOW_CTX_DAG_RUN_ID='scheduled__2024-07-01T00:00:00+00:00'
[2024-07-02T20:22:15.966+0000] {logging_mixin.py:188} INFO - dvtobv :dag_id
[2024-07-02T20:22:15.967+0000] {logging_mixin.py:188} INFO - table: film_category
[2024-07-02T20:22:15.978+0000] {logging_mixin.py:188} INFO - 
 stage: sqltostaging 
 type: FULL 
 schema: public 
 table:film_category
[2024-07-02T20:22:16.081+0000] {logging_mixin.py:188} INFO -    0      1          2       3     4   ...    10    11    12            13    14
0   9  staff  dvdrental  public  full  ...  None  None  None  SqlToStaging  None

[1 rows x 15 columns]
[2024-07-02T20:22:16.107+0000] {python.py:202} INFO - Done. Returned value was: None
[2024-07-02T20:22:16.171+0000] {taskinstance.py:1149} INFO - Marking task as SUCCESS. dag_id=sqltostaging, task_id=film_category, execution_date=20240701T000000, start_date=20240702T202214, end_date=20240702T202216
[2024-07-02T20:22:16.252+0000] {local_task_job_runner.py:234} INFO - Task exited with return code 0
[2024-07-02T20:22:16.334+0000] {taskinstance.py:3312} INFO - 0 downstream tasks scheduled from follow-on schedule check
[2024-07-02T20:25:37.599+0000] {taskinstance.py:1979} INFO - Dependencies all met for dep_context=non-requeueable deps ti=<TaskInstance: sqltostaging.film_category scheduled__2024-07-01T00:00:00+00:00 [queued]>
[2024-07-02T20:25:37.635+0000] {taskinstance.py:1979} INFO - Dependencies all met for dep_context=requeueable deps ti=<TaskInstance: sqltostaging.film_category scheduled__2024-07-01T00:00:00+00:00 [queued]>
[2024-07-02T20:25:37.645+0000] {taskinstance.py:2193} INFO - Starting attempt 1 of 1
[2024-07-02T20:25:37.690+0000] {taskinstance.py:2217} INFO - Executing <Task(PythonOperator): film_category> on 2024-07-01 00:00:00+00:00
[2024-07-02T20:25:37.702+0000] {standard_task_runner.py:60} INFO - Started process 89 to run task
[2024-07-02T20:25:37.710+0000] {standard_task_runner.py:87} INFO - Running: ['***', 'tasks', 'run', 'sqltostaging', 'film_category', 'scheduled__2024-07-01T00:00:00+00:00', '--job-id', '5', '--raw', '--subdir', 'DAGS_FOLDER/dag.py', '--cfg-path', '/tmp/tmp_rku0gwn']
[2024-07-02T20:25:37.716+0000] {standard_task_runner.py:88} INFO - Job 5: Subtask film_category
[2024-07-02T20:25:37.834+0000] {task_command.py:423} INFO - Running <TaskInstance: sqltostaging.film_category scheduled__2024-07-01T00:00:00+00:00 [running]> on host e847a37dafab
[2024-07-02T20:25:38.895+0000] {taskinstance.py:2513} INFO - Exporting env vars: AIRFLOW_CTX_DAG_OWNER='***' AIRFLOW_CTX_DAG_ID='sqltostaging' AIRFLOW_CTX_TASK_ID='film_category' AIRFLOW_CTX_EXECUTION_DATE='2024-07-01T00:00:00+00:00' AIRFLOW_CTX_TRY_NUMBER='1' AIRFLOW_CTX_DAG_RUN_ID='scheduled__2024-07-01T00:00:00+00:00'
[2024-07-02T20:25:38.899+0000] {logging_mixin.py:188} INFO - dvtobv :dag_id
[2024-07-02T20:25:38.917+0000] {logging_mixin.py:188} INFO - table: film_category
[2024-07-02T20:25:38.921+0000] {logging_mixin.py:188} INFO - 
 stage: sqltostaging 
 type: FULL 
 schema: public 
 table:film_category
[2024-07-02T20:25:39.300+0000] {logging_mixin.py:188} INFO - <class 'pandas.core.frame.DataFrame'>
[2024-07-02T20:25:39.416+0000] {logging_mixin.py:188} INFO -    id sourcetablename sourcedbname  ...  code         stage last_run_date
0   9           staff    dvdrental  ...  None  SqlToStaging          None

[1 rows x 15 columns]
[2024-07-02T20:25:39.418+0000] {python.py:202} INFO - Done. Returned value was: None
[2024-07-02T20:25:39.430+0000] {taskinstance.py:1149} INFO - Marking task as SUCCESS. dag_id=sqltostaging, task_id=film_category, execution_date=20240701T000000, start_date=20240702T202537, end_date=20240702T202539
[2024-07-02T20:25:39.484+0000] {local_task_job_runner.py:234} INFO - Task exited with return code 0
[2024-07-02T20:25:39.567+0000] {taskinstance.py:3312} INFO - 0 downstream tasks scheduled from follow-on schedule check
[2024-07-02T20:33:53.779+0000] {taskinstance.py:1979} INFO - Dependencies all met for dep_context=non-requeueable deps ti=<TaskInstance: sqltostaging.film_category scheduled__2024-07-01T00:00:00+00:00 [queued]>
[2024-07-02T20:33:53.820+0000] {taskinstance.py:1979} INFO - Dependencies all met for dep_context=requeueable deps ti=<TaskInstance: sqltostaging.film_category scheduled__2024-07-01T00:00:00+00:00 [queued]>
[2024-07-02T20:33:53.824+0000] {taskinstance.py:2193} INFO - Starting attempt 1 of 1
[2024-07-02T20:33:53.855+0000] {taskinstance.py:2217} INFO - Executing <Task(PythonOperator): film_category> on 2024-07-01 00:00:00+00:00
[2024-07-02T20:33:53.866+0000] {standard_task_runner.py:60} INFO - Started process 100 to run task
[2024-07-02T20:33:53.877+0000] {standard_task_runner.py:87} INFO - Running: ['***', 'tasks', 'run', 'sqltostaging', 'film_category', 'scheduled__2024-07-01T00:00:00+00:00', '--job-id', '17', '--raw', '--subdir', 'DAGS_FOLDER/dag.py', '--cfg-path', '/tmp/tmpv9ncqay9']
[2024-07-02T20:33:53.938+0000] {standard_task_runner.py:88} INFO - Job 17: Subtask film_category
[2024-07-02T20:33:54.147+0000] {task_command.py:423} INFO - Running <TaskInstance: sqltostaging.film_category scheduled__2024-07-01T00:00:00+00:00 [running]> on host 99fbc1087931
[2024-07-02T20:33:55.046+0000] {taskinstance.py:2513} INFO - Exporting env vars: AIRFLOW_CTX_DAG_OWNER='***' AIRFLOW_CTX_DAG_ID='sqltostaging' AIRFLOW_CTX_TASK_ID='film_category' AIRFLOW_CTX_EXECUTION_DATE='2024-07-01T00:00:00+00:00' AIRFLOW_CTX_TRY_NUMBER='1' AIRFLOW_CTX_DAG_RUN_ID='scheduled__2024-07-01T00:00:00+00:00'
[2024-07-02T20:33:55.055+0000] {logging_mixin.py:188} INFO - dvtobv :dag_id
[2024-07-02T20:33:55.064+0000] {logging_mixin.py:188} INFO - table: film_category
[2024-07-02T20:33:55.066+0000] {logging_mixin.py:188} INFO - 
 stage: sqltostaging 
 type: FULL 
 schema: public 
 table:film_category
[2024-07-02T20:33:55.154+0000] {taskinstance.py:2731} ERROR - Task failed with exception
Traceback (most recent call last):
  File "/home/airflow/.local/lib/python3.8/site-packages/pandas/core/indexes/base.py", line 3653, in get_loc
    return self._engine.get_loc(casted_key)
  File "pandas/_libs/index.pyx", line 147, in pandas._libs.index.IndexEngine.get_loc
  File "pandas/_libs/index.pyx", line 176, in pandas._libs.index.IndexEngine.get_loc
  File "pandas/_libs/hashtable_class_helper.pxi", line 7080, in pandas._libs.hashtable.PyObjectHashTable.get_item
  File "pandas/_libs/hashtable_class_helper.pxi", line 7088, in pandas._libs.hashtable.PyObjectHashTable.get_item
KeyError: 'SourceDBName'

The above exception was the direct cause of the following exception:

Traceback (most recent call last):
  File "/home/airflow/.local/lib/python3.8/site-packages/airflow/models/taskinstance.py", line 444, in _execute_task
    result = _execute_callable(context=context, **execute_callable_kwargs)
  File "/home/airflow/.local/lib/python3.8/site-packages/airflow/models/taskinstance.py", line 414, in _execute_callable
    return execute_callable(context=context, **execute_callable_kwargs)
  File "/home/airflow/.local/lib/python3.8/site-packages/airflow/operators/python.py", line 200, in execute
    return_value = self.execute_callable()
  File "/home/airflow/.local/lib/python3.8/site-packages/airflow/operators/python.py", line 217, in execute_callable
    return self.python_callable(*self.op_args, **self.op_kwargs)
  File "/opt/airflow/dags/dag.py", line 22, in process_table
    return  execute(table, stage, "FULL","public")
  File "/app/main.py", line 25, in execute
    SqlToStaging().create_full().some_function(stage, type, schema, table)
  File "/app/concretestage/SQLToStaging.py", line 30, in some_function
    print(f"{df['SourceDBName']} \n {df['SourceTableName']} \n {df['SourceSchema']}")
  File "/home/airflow/.local/lib/python3.8/site-packages/pandas/core/frame.py", line 3761, in __getitem__
    indexer = self.columns.get_loc(key)
  File "/home/airflow/.local/lib/python3.8/site-packages/pandas/core/indexes/base.py", line 3655, in get_loc
    raise KeyError(key) from err
KeyError: 'SourceDBName'
[2024-07-02T20:33:55.243+0000] {taskinstance.py:1149} INFO - Marking task as FAILED. dag_id=sqltostaging, task_id=film_category, execution_date=20240701T000000, start_date=20240702T203353, end_date=20240702T203355
[2024-07-02T20:33:55.272+0000] {standard_task_runner.py:107} ERROR - Failed to execute job 17 for task film_category ('SourceDBName'; 100)
[2024-07-02T20:33:55.346+0000] {local_task_job_runner.py:234} INFO - Task exited with return code 1
[2024-07-02T20:33:55.369+0000] {taskinstance.py:3312} INFO - 0 downstream tasks scheduled from follow-on schedule check
[2024-07-02T20:36:07.751+0000] {taskinstance.py:1979} INFO - Dependencies all met for dep_context=non-requeueable deps ti=<TaskInstance: sqltostaging.film_category scheduled__2024-07-01T00:00:00+00:00 [queued]>
[2024-07-02T20:36:07.772+0000] {taskinstance.py:1979} INFO - Dependencies all met for dep_context=requeueable deps ti=<TaskInstance: sqltostaging.film_category scheduled__2024-07-01T00:00:00+00:00 [queued]>
[2024-07-02T20:36:07.774+0000] {taskinstance.py:2193} INFO - Starting attempt 1 of 1
[2024-07-02T20:36:07.806+0000] {taskinstance.py:2217} INFO - Executing <Task(PythonOperator): film_category> on 2024-07-01 00:00:00+00:00
[2024-07-02T20:36:07.812+0000] {standard_task_runner.py:60} INFO - Started process 90 to run task
[2024-07-02T20:36:07.817+0000] {standard_task_runner.py:87} INFO - Running: ['***', 'tasks', 'run', 'sqltostaging', 'film_category', 'scheduled__2024-07-01T00:00:00+00:00', '--job-id', '3', '--raw', '--subdir', 'DAGS_FOLDER/dag.py', '--cfg-path', '/tmp/tmp307yozss']
[2024-07-02T20:36:07.826+0000] {standard_task_runner.py:88} INFO - Job 3: Subtask film_category
[2024-07-02T20:36:07.945+0000] {task_command.py:423} INFO - Running <TaskInstance: sqltostaging.film_category scheduled__2024-07-01T00:00:00+00:00 [running]> on host 8ef3b2afa95a
[2024-07-02T20:36:08.116+0000] {taskinstance.py:2513} INFO - Exporting env vars: AIRFLOW_CTX_DAG_OWNER='***' AIRFLOW_CTX_DAG_ID='sqltostaging' AIRFLOW_CTX_TASK_ID='film_category' AIRFLOW_CTX_EXECUTION_DATE='2024-07-01T00:00:00+00:00' AIRFLOW_CTX_TRY_NUMBER='1' AIRFLOW_CTX_DAG_RUN_ID='scheduled__2024-07-01T00:00:00+00:00'
[2024-07-02T20:36:08.120+0000] {logging_mixin.py:188} INFO - dvtobv :dag_id
[2024-07-02T20:36:08.121+0000] {logging_mixin.py:188} INFO - table: film_category
[2024-07-02T20:36:08.122+0000] {logging_mixin.py:188} INFO - 
 stage: sqltostaging 
 type: FULL 
 schema: public 
 table:film_category
[2024-07-02T20:36:09.199+0000] {logging_mixin.py:188} INFO - 0    dvdrental
Name: sourcedbname, dtype: object 
 0    staff
Name: sourcetablename, dtype: object 
 0    public
Name: sourceschema, dtype: object
[2024-07-02T20:36:09.200+0000] {python.py:202} INFO - Done. Returned value was: None
[2024-07-02T20:36:09.215+0000] {taskinstance.py:1149} INFO - Marking task as SUCCESS. dag_id=sqltostaging, task_id=film_category, execution_date=20240701T000000, start_date=20240702T203607, end_date=20240702T203609
[2024-07-02T20:36:09.265+0000] {local_task_job_runner.py:234} INFO - Task exited with return code 0
[2024-07-02T20:36:09.308+0000] {taskinstance.py:3312} INFO - 0 downstream tasks scheduled from follow-on schedule check
[2024-07-02T20:40:31.136+0000] {taskinstance.py:1979} INFO - Dependencies all met for dep_context=non-requeueable deps ti=<TaskInstance: sqltostaging.film_category scheduled__2024-07-01T00:00:00+00:00 [queued]>
[2024-07-02T20:40:31.159+0000] {taskinstance.py:1979} INFO - Dependencies all met for dep_context=requeueable deps ti=<TaskInstance: sqltostaging.film_category scheduled__2024-07-01T00:00:00+00:00 [queued]>
[2024-07-02T20:40:31.161+0000] {taskinstance.py:2193} INFO - Starting attempt 1 of 1
[2024-07-02T20:40:31.234+0000] {taskinstance.py:2217} INFO - Executing <Task(PythonOperator): film_category> on 2024-07-01 00:00:00+00:00
[2024-07-02T20:40:31.243+0000] {standard_task_runner.py:60} INFO - Started process 91 to run task
[2024-07-02T20:40:31.309+0000] {standard_task_runner.py:87} INFO - Running: ['***', 'tasks', 'run', 'sqltostaging', 'film_category', 'scheduled__2024-07-01T00:00:00+00:00', '--job-id', '6', '--raw', '--subdir', 'DAGS_FOLDER/dag.py', '--cfg-path', '/tmp/tmp13t8t496']
[2024-07-02T20:40:31.326+0000] {standard_task_runner.py:88} INFO - Job 6: Subtask film_category
[2024-07-02T20:40:31.529+0000] {task_command.py:423} INFO - Running <TaskInstance: sqltostaging.film_category scheduled__2024-07-01T00:00:00+00:00 [running]> on host f7a45131ad00
[2024-07-02T20:40:31.699+0000] {taskinstance.py:2513} INFO - Exporting env vars: AIRFLOW_CTX_DAG_OWNER='***' AIRFLOW_CTX_DAG_ID='sqltostaging' AIRFLOW_CTX_TASK_ID='film_category' AIRFLOW_CTX_EXECUTION_DATE='2024-07-01T00:00:00+00:00' AIRFLOW_CTX_TRY_NUMBER='1' AIRFLOW_CTX_DAG_RUN_ID='scheduled__2024-07-01T00:00:00+00:00'
[2024-07-02T20:40:31.713+0000] {logging_mixin.py:188} INFO - dvtobv :dag_id
[2024-07-02T20:40:31.728+0000] {logging_mixin.py:188} INFO - table: film_category
[2024-07-02T20:40:31.737+0000] {logging_mixin.py:188} INFO - 
 stage: sqltostaging 
 type: FULL 
 schema: public 
 table:film_category
[2024-07-02T20:40:33.203+0000] {taskinstance.py:2731} ERROR - Task failed with exception
Traceback (most recent call last):
  File "/home/airflow/.local/lib/python3.8/site-packages/airflow/models/taskinstance.py", line 444, in _execute_task
    result = _execute_callable(context=context, **execute_callable_kwargs)
  File "/home/airflow/.local/lib/python3.8/site-packages/airflow/models/taskinstance.py", line 414, in _execute_callable
    return execute_callable(context=context, **execute_callable_kwargs)
  File "/home/airflow/.local/lib/python3.8/site-packages/airflow/operators/python.py", line 200, in execute
    return_value = self.execute_callable()
  File "/home/airflow/.local/lib/python3.8/site-packages/airflow/operators/python.py", line 217, in execute_callable
    return self.python_callable(*self.op_args, **self.op_kwargs)
  File "/opt/airflow/dags/dag.py", line 22, in process_table
    return  execute(table, stage, "FULL","public")
  File "/app/main.py", line 25, in execute
    SqlToStaging().create_full().some_function(stage, type, schema, table)
  File "/app/concretestage/SQLToStaging.py", line 29, in some_function
    df = get_data_from_conf_table(table, stage)
  File "/app/myFramework/utils/utils.py", line 142, in get_data_from_conf_table
    df.columns = [desc[0] for desc in cur.description]
  File "/home/airflow/.local/lib/python3.8/site-packages/pandas/core/generic.py", line 6002, in __setattr__
    return object.__setattr__(self, name, value)
  File "pandas/_libs/properties.pyx", line 69, in pandas._libs.properties.AxisProperty.__set__
  File "/home/airflow/.local/lib/python3.8/site-packages/pandas/core/generic.py", line 730, in _set_axis
    self._mgr.set_axis(axis, labels)
  File "/home/airflow/.local/lib/python3.8/site-packages/pandas/core/internals/managers.py", line 225, in set_axis
    self._validate_set_axis(axis, new_labels)
  File "/home/airflow/.local/lib/python3.8/site-packages/pandas/core/internals/base.py", line 70, in _validate_set_axis
    raise ValueError(
ValueError: Length mismatch: Expected axis has 0 elements, new values have 15 elements
[2024-07-02T20:40:33.229+0000] {taskinstance.py:1149} INFO - Marking task as FAILED. dag_id=sqltostaging, task_id=film_category, execution_date=20240701T000000, start_date=20240702T204031, end_date=20240702T204033
[2024-07-02T20:40:33.250+0000] {standard_task_runner.py:107} ERROR - Failed to execute job 6 for task film_category (Length mismatch: Expected axis has 0 elements, new values have 15 elements; 91)
[2024-07-02T20:40:33.311+0000] {local_task_job_runner.py:234} INFO - Task exited with return code 1
[2024-07-02T20:40:33.339+0000] {taskinstance.py:3312} INFO - 0 downstream tasks scheduled from follow-on schedule check
[2024-07-02T20:44:45.145+0000] {taskinstance.py:1979} INFO - Dependencies all met for dep_context=non-requeueable deps ti=<TaskInstance: sqltostaging.film_category scheduled__2024-07-01T00:00:00+00:00 [queued]>
[2024-07-02T20:44:45.182+0000] {taskinstance.py:1979} INFO - Dependencies all met for dep_context=requeueable deps ti=<TaskInstance: sqltostaging.film_category scheduled__2024-07-01T00:00:00+00:00 [queued]>
[2024-07-02T20:44:45.184+0000] {taskinstance.py:2193} INFO - Starting attempt 1 of 1
[2024-07-02T20:44:45.213+0000] {taskinstance.py:2217} INFO - Executing <Task(PythonOperator): film_category> on 2024-07-01 00:00:00+00:00
[2024-07-02T20:44:45.235+0000] {standard_task_runner.py:60} INFO - Started process 95 to run task
[2024-07-02T20:44:45.251+0000] {standard_task_runner.py:87} INFO - Running: ['***', 'tasks', 'run', 'sqltostaging', 'film_category', 'scheduled__2024-07-01T00:00:00+00:00', '--job-id', '13', '--raw', '--subdir', 'DAGS_FOLDER/dag.py', '--cfg-path', '/tmp/tmpcv_by1pd']
[2024-07-02T20:44:45.274+0000] {standard_task_runner.py:88} INFO - Job 13: Subtask film_category
[2024-07-02T20:44:45.418+0000] {task_command.py:423} INFO - Running <TaskInstance: sqltostaging.film_category scheduled__2024-07-01T00:00:00+00:00 [running]> on host 28c1247628aa
[2024-07-02T20:44:46.530+0000] {taskinstance.py:2513} INFO - Exporting env vars: AIRFLOW_CTX_DAG_OWNER='***' AIRFLOW_CTX_DAG_ID='sqltostaging' AIRFLOW_CTX_TASK_ID='film_category' AIRFLOW_CTX_EXECUTION_DATE='2024-07-01T00:00:00+00:00' AIRFLOW_CTX_TRY_NUMBER='1' AIRFLOW_CTX_DAG_RUN_ID='scheduled__2024-07-01T00:00:00+00:00'
[2024-07-02T20:44:46.537+0000] {logging_mixin.py:188} INFO - dvtobv :dag_id
[2024-07-02T20:44:46.540+0000] {logging_mixin.py:188} INFO - table: film_category
[2024-07-02T20:44:46.541+0000] {logging_mixin.py:188} INFO - 
 stage: sqltostaging 
 type: FULL 
 schema: public 
 table:film_category
[2024-07-02T20:44:46.542+0000] {logging_mixin.py:188} INFO - sqltostaging film_category
[2024-07-02T20:44:46.542+0000] {python.py:202} INFO - Done. Returned value was: None
[2024-07-02T20:44:46.552+0000] {taskinstance.py:1149} INFO - Marking task as SUCCESS. dag_id=sqltostaging, task_id=film_category, execution_date=20240701T000000, start_date=20240702T204445, end_date=20240702T204446
[2024-07-02T20:44:46.580+0000] {local_task_job_runner.py:234} INFO - Task exited with return code 0
[2024-07-02T20:44:46.605+0000] {taskinstance.py:3312} INFO - 0 downstream tasks scheduled from follow-on schedule check
[2024-07-02T20:47:20.715+0000] {taskinstance.py:1979} INFO - Dependencies all met for dep_context=non-requeueable deps ti=<TaskInstance: sqltostaging.film_category scheduled__2024-07-01T00:00:00+00:00 [queued]>
[2024-07-02T20:47:20.737+0000] {taskinstance.py:1979} INFO - Dependencies all met for dep_context=requeueable deps ti=<TaskInstance: sqltostaging.film_category scheduled__2024-07-01T00:00:00+00:00 [queued]>
[2024-07-02T20:47:20.740+0000] {taskinstance.py:2193} INFO - Starting attempt 1 of 1
[2024-07-02T20:47:20.765+0000] {taskinstance.py:2217} INFO - Executing <Task(PythonOperator): film_category> on 2024-07-01 00:00:00+00:00
[2024-07-02T20:47:20.798+0000] {standard_task_runner.py:60} INFO - Started process 93 to run task
[2024-07-02T20:47:20.814+0000] {standard_task_runner.py:87} INFO - Running: ['***', 'tasks', 'run', 'sqltostaging', 'film_category', 'scheduled__2024-07-01T00:00:00+00:00', '--job-id', '6', '--raw', '--subdir', 'DAGS_FOLDER/dag.py', '--cfg-path', '/tmp/tmp7fha4oqp']
[2024-07-02T20:47:20.841+0000] {standard_task_runner.py:88} INFO - Job 6: Subtask film_category
[2024-07-02T20:47:21.009+0000] {task_command.py:423} INFO - Running <TaskInstance: sqltostaging.film_category scheduled__2024-07-01T00:00:00+00:00 [running]> on host 0dbf5a897656
[2024-07-02T20:47:21.898+0000] {taskinstance.py:2513} INFO - Exporting env vars: AIRFLOW_CTX_DAG_OWNER='***' AIRFLOW_CTX_DAG_ID='sqltostaging' AIRFLOW_CTX_TASK_ID='film_category' AIRFLOW_CTX_EXECUTION_DATE='2024-07-01T00:00:00+00:00' AIRFLOW_CTX_TRY_NUMBER='1' AIRFLOW_CTX_DAG_RUN_ID='scheduled__2024-07-01T00:00:00+00:00'
[2024-07-02T20:47:21.913+0000] {logging_mixin.py:188} INFO - dvtobv :dag_id
[2024-07-02T20:47:21.916+0000] {logging_mixin.py:188} INFO - table: film_category
[2024-07-02T20:47:21.924+0000] {taskinstance.py:2731} ERROR - Task failed with exception
Traceback (most recent call last):
  File "/home/airflow/.local/lib/python3.8/site-packages/airflow/models/taskinstance.py", line 444, in _execute_task
    result = _execute_callable(context=context, **execute_callable_kwargs)
  File "/home/airflow/.local/lib/python3.8/site-packages/airflow/models/taskinstance.py", line 414, in _execute_callable
    return execute_callable(context=context, **execute_callable_kwargs)
  File "/home/airflow/.local/lib/python3.8/site-packages/airflow/operators/python.py", line 200, in execute
    return_value = self.execute_callable()
  File "/home/airflow/.local/lib/python3.8/site-packages/airflow/operators/python.py", line 217, in execute_callable
    return self.python_callable(*self.op_args, **self.op_kwargs)
  File "/opt/airflow/dags/dag.py", line 22, in process_table
    return  execute(table, stage)
TypeError: execute() missing 2 required positional arguments: 'type' and 'schema'
[2024-07-02T20:47:21.941+0000] {taskinstance.py:1149} INFO - Marking task as FAILED. dag_id=sqltostaging, task_id=film_category, execution_date=20240701T000000, start_date=20240702T204720, end_date=20240702T204721
[2024-07-02T20:47:22.000+0000] {standard_task_runner.py:107} ERROR - Failed to execute job 6 for task film_category (execute() missing 2 required positional arguments: 'type' and 'schema'; 93)
[2024-07-02T20:47:22.083+0000] {local_task_job_runner.py:234} INFO - Task exited with return code 1
[2024-07-02T20:47:22.342+0000] {taskinstance.py:3312} INFO - 0 downstream tasks scheduled from follow-on schedule check
[2024-07-02T20:49:58.404+0000] {taskinstance.py:1979} INFO - Dependencies all met for dep_context=non-requeueable deps ti=<TaskInstance: sqltostaging.film_category scheduled__2024-07-01T00:00:00+00:00 [queued]>
[2024-07-02T20:49:58.446+0000] {taskinstance.py:1979} INFO - Dependencies all met for dep_context=requeueable deps ti=<TaskInstance: sqltostaging.film_category scheduled__2024-07-01T00:00:00+00:00 [queued]>
[2024-07-02T20:49:58.455+0000] {taskinstance.py:2193} INFO - Starting attempt 1 of 1
[2024-07-02T20:49:58.495+0000] {taskinstance.py:2217} INFO - Executing <Task(PythonOperator): film_category> on 2024-07-01 00:00:00+00:00
[2024-07-02T20:49:58.504+0000] {standard_task_runner.py:60} INFO - Started process 102 to run task
[2024-07-02T20:49:58.518+0000] {standard_task_runner.py:87} INFO - Running: ['***', 'tasks', 'run', 'sqltostaging', 'film_category', 'scheduled__2024-07-01T00:00:00+00:00', '--job-id', '16', '--raw', '--subdir', 'DAGS_FOLDER/dag.py', '--cfg-path', '/tmp/tmpzq89_eyc']
[2024-07-02T20:49:58.544+0000] {standard_task_runner.py:88} INFO - Job 16: Subtask film_category
[2024-07-02T20:49:58.841+0000] {task_command.py:423} INFO - Running <TaskInstance: sqltostaging.film_category scheduled__2024-07-01T00:00:00+00:00 [running]> on host 82e116e15bed
[2024-07-02T20:49:59.787+0000] {taskinstance.py:2513} INFO - Exporting env vars: AIRFLOW_CTX_DAG_OWNER='***' AIRFLOW_CTX_DAG_ID='sqltostaging' AIRFLOW_CTX_TASK_ID='film_category' AIRFLOW_CTX_EXECUTION_DATE='2024-07-01T00:00:00+00:00' AIRFLOW_CTX_TRY_NUMBER='1' AIRFLOW_CTX_DAG_RUN_ID='scheduled__2024-07-01T00:00:00+00:00'
[2024-07-02T20:49:59.792+0000] {logging_mixin.py:188} INFO - dvtobv :dag_id
[2024-07-02T20:49:59.803+0000] {logging_mixin.py:188} INFO - table: film_category
[2024-07-02T20:49:59.813+0000] {logging_mixin.py:188} INFO - 
 stage: sqltostaging 
 table:film_category
[2024-07-02T20:49:59.816+0000] {taskinstance.py:2731} ERROR - Task failed with exception
Traceback (most recent call last):
  File "/home/airflow/.local/lib/python3.8/site-packages/airflow/models/taskinstance.py", line 444, in _execute_task
    result = _execute_callable(context=context, **execute_callable_kwargs)
  File "/home/airflow/.local/lib/python3.8/site-packages/airflow/models/taskinstance.py", line 414, in _execute_callable
    return execute_callable(context=context, **execute_callable_kwargs)
  File "/home/airflow/.local/lib/python3.8/site-packages/airflow/operators/python.py", line 200, in execute
    return_value = self.execute_callable()
  File "/home/airflow/.local/lib/python3.8/site-packages/airflow/operators/python.py", line 217, in execute_callable
    return self.python_callable(*self.op_args, **self.op_kwargs)
  File "/opt/airflow/dags/dag.py", line 22, in process_table
    return  execute(table, stage)
  File "/app/main.py", line 25, in execute
    SqlToStaging().create_full().some_function(stage, table)
TypeError: some_function() missing 2 required positional arguments: 'schema' and 'table'
[2024-07-02T20:49:59.835+0000] {taskinstance.py:1149} INFO - Marking task as FAILED. dag_id=sqltostaging, task_id=film_category, execution_date=20240701T000000, start_date=20240702T204958, end_date=20240702T204959
[2024-07-02T20:49:59.854+0000] {standard_task_runner.py:107} ERROR - Failed to execute job 16 for task film_category (some_function() missing 2 required positional arguments: 'schema' and 'table'; 102)
[2024-07-02T20:49:59.887+0000] {local_task_job_runner.py:234} INFO - Task exited with return code 1
[2024-07-02T20:49:59.931+0000] {taskinstance.py:3312} INFO - 0 downstream tasks scheduled from follow-on schedule check
[2024-07-02T20:51:50.928+0000] {taskinstance.py:1979} INFO - Dependencies all met for dep_context=non-requeueable deps ti=<TaskInstance: sqltostaging.film_category scheduled__2024-07-01T00:00:00+00:00 [queued]>
[2024-07-02T20:51:50.955+0000] {taskinstance.py:1979} INFO - Dependencies all met for dep_context=requeueable deps ti=<TaskInstance: sqltostaging.film_category scheduled__2024-07-01T00:00:00+00:00 [queued]>
[2024-07-02T20:51:50.958+0000] {taskinstance.py:2193} INFO - Starting attempt 1 of 1
[2024-07-02T20:51:50.971+0000] {taskinstance.py:2217} INFO - Executing <Task(PythonOperator): film_category> on 2024-07-01 00:00:00+00:00
[2024-07-02T20:51:50.993+0000] {standard_task_runner.py:60} INFO - Started process 89 to run task
[2024-07-02T20:51:51.012+0000] {standard_task_runner.py:87} INFO - Running: ['***', 'tasks', 'run', 'sqltostaging', 'film_category', 'scheduled__2024-07-01T00:00:00+00:00', '--job-id', '6', '--raw', '--subdir', 'DAGS_FOLDER/dag.py', '--cfg-path', '/tmp/tmpj_lkjgk6']
[2024-07-02T20:51:51.143+0000] {standard_task_runner.py:88} INFO - Job 6: Subtask film_category
[2024-07-02T20:51:51.402+0000] {task_command.py:423} INFO - Running <TaskInstance: sqltostaging.film_category scheduled__2024-07-01T00:00:00+00:00 [running]> on host 910796d1882f
[2024-07-02T20:51:52.232+0000] {taskinstance.py:2513} INFO - Exporting env vars: AIRFLOW_CTX_DAG_OWNER='***' AIRFLOW_CTX_DAG_ID='sqltostaging' AIRFLOW_CTX_TASK_ID='film_category' AIRFLOW_CTX_EXECUTION_DATE='2024-07-01T00:00:00+00:00' AIRFLOW_CTX_TRY_NUMBER='1' AIRFLOW_CTX_DAG_RUN_ID='scheduled__2024-07-01T00:00:00+00:00'
[2024-07-02T20:51:52.237+0000] {logging_mixin.py:188} INFO - dvtobv :dag_id
[2024-07-02T20:51:52.240+0000] {logging_mixin.py:188} INFO - table: film_category
[2024-07-02T20:51:52.240+0000] {logging_mixin.py:188} INFO - 
 stage: sqltostaging 
 table:film_category
[2024-07-02T20:51:52.391+0000] {taskinstance.py:2731} ERROR - Task failed with exception
Traceback (most recent call last):
  File "/home/airflow/.local/lib/python3.8/site-packages/airflow/models/taskinstance.py", line 444, in _execute_task
    result = _execute_callable(context=context, **execute_callable_kwargs)
  File "/home/airflow/.local/lib/python3.8/site-packages/airflow/models/taskinstance.py", line 414, in _execute_callable
    return execute_callable(context=context, **execute_callable_kwargs)
  File "/home/airflow/.local/lib/python3.8/site-packages/airflow/operators/python.py", line 200, in execute
    return_value = self.execute_callable()
  File "/home/airflow/.local/lib/python3.8/site-packages/airflow/operators/python.py", line 217, in execute_callable
    return self.python_callable(*self.op_args, **self.op_kwargs)
  File "/opt/airflow/dags/dag.py", line 22, in process_table
    return  execute(table, stage)
  File "/app/main.py", line 25, in execute
    SqlToStaging().create_full().some_function(stage, table)
  File "/app/concretestage/SQLToStaging.py", line 30, in some_function
    df = get_data_from_conf_table(table, stage)
  File "/app/myFramework/utils/utils.py", line 142, in get_data_from_conf_table
    df.columns = [desc[0] for desc in cur.description]
  File "/home/airflow/.local/lib/python3.8/site-packages/pandas/core/generic.py", line 6002, in __setattr__
    return object.__setattr__(self, name, value)
  File "pandas/_libs/properties.pyx", line 69, in pandas._libs.properties.AxisProperty.__set__
  File "/home/airflow/.local/lib/python3.8/site-packages/pandas/core/generic.py", line 730, in _set_axis
    self._mgr.set_axis(axis, labels)
  File "/home/airflow/.local/lib/python3.8/site-packages/pandas/core/internals/managers.py", line 225, in set_axis
    self._validate_set_axis(axis, new_labels)
  File "/home/airflow/.local/lib/python3.8/site-packages/pandas/core/internals/base.py", line 70, in _validate_set_axis
    raise ValueError(
ValueError: Length mismatch: Expected axis has 0 elements, new values have 15 elements
[2024-07-02T20:51:52.474+0000] {taskinstance.py:1149} INFO - Marking task as FAILED. dag_id=sqltostaging, task_id=film_category, execution_date=20240701T000000, start_date=20240702T205150, end_date=20240702T205152
[2024-07-02T20:51:52.570+0000] {standard_task_runner.py:107} ERROR - Failed to execute job 6 for task film_category (Length mismatch: Expected axis has 0 elements, new values have 15 elements; 89)
[2024-07-02T20:51:52.621+0000] {local_task_job_runner.py:234} INFO - Task exited with return code 1
[2024-07-02T20:51:52.676+0000] {taskinstance.py:3312} INFO - 0 downstream tasks scheduled from follow-on schedule check
[2024-07-02T20:54:17.517+0000] {taskinstance.py:1979} INFO - Dependencies all met for dep_context=non-requeueable deps ti=<TaskInstance: sqltostaging.film_category scheduled__2024-07-01T00:00:00+00:00 [queued]>
[2024-07-02T20:54:17.577+0000] {taskinstance.py:1979} INFO - Dependencies all met for dep_context=requeueable deps ti=<TaskInstance: sqltostaging.film_category scheduled__2024-07-01T00:00:00+00:00 [queued]>
[2024-07-02T20:54:17.581+0000] {taskinstance.py:2193} INFO - Starting attempt 1 of 1
[2024-07-02T20:54:17.605+0000] {taskinstance.py:2217} INFO - Executing <Task(PythonOperator): film_category> on 2024-07-01 00:00:00+00:00
[2024-07-02T20:54:17.623+0000] {standard_task_runner.py:60} INFO - Started process 99 to run task
[2024-07-02T20:54:17.657+0000] {standard_task_runner.py:87} INFO - Running: ['***', 'tasks', 'run', 'sqltostaging', 'film_category', 'scheduled__2024-07-01T00:00:00+00:00', '--job-id', '5', '--raw', '--subdir', 'DAGS_FOLDER/dag.py', '--cfg-path', '/tmp/tmp5ii07b9p']
[2024-07-02T20:54:17.667+0000] {standard_task_runner.py:88} INFO - Job 5: Subtask film_category
[2024-07-02T20:54:17.891+0000] {task_command.py:423} INFO - Running <TaskInstance: sqltostaging.film_category scheduled__2024-07-01T00:00:00+00:00 [running]> on host df9727a9ba29
[2024-07-02T20:54:19.053+0000] {taskinstance.py:2513} INFO - Exporting env vars: AIRFLOW_CTX_DAG_OWNER='***' AIRFLOW_CTX_DAG_ID='sqltostaging' AIRFLOW_CTX_TASK_ID='film_category' AIRFLOW_CTX_EXECUTION_DATE='2024-07-01T00:00:00+00:00' AIRFLOW_CTX_TRY_NUMBER='1' AIRFLOW_CTX_DAG_RUN_ID='scheduled__2024-07-01T00:00:00+00:00'
[2024-07-02T20:54:19.055+0000] {logging_mixin.py:188} INFO - dvtobv :dag_id
[2024-07-02T20:54:19.056+0000] {logging_mixin.py:188} INFO - table: film_category
[2024-07-02T20:54:19.058+0000] {logging_mixin.py:188} INFO - 
 stage: sqltostaging 
 table:film_category
[2024-07-02T20:54:19.083+0000] {logging_mixin.py:188} INFO - 0    dvdrental
Name: sourcedbname, dtype: object 
 0    staff
Name: sourcetablename, dtype: object 
 0    public
Name: sourceschema, dtype: object
[2024-07-02T20:54:19.085+0000] {python.py:202} INFO - Done. Returned value was: None
[2024-07-02T20:54:19.106+0000] {taskinstance.py:1149} INFO - Marking task as SUCCESS. dag_id=sqltostaging, task_id=film_category, execution_date=20240701T000000, start_date=20240702T205417, end_date=20240702T205419
[2024-07-02T20:54:19.158+0000] {local_task_job_runner.py:234} INFO - Task exited with return code 0
[2024-07-02T20:54:19.180+0000] {taskinstance.py:3312} INFO - 0 downstream tasks scheduled from follow-on schedule check
