[2024-06-13T18:39:49.453+0000] {taskinstance.py:1979} INFO - Dependencies all met for dep_context=non-requeueable deps ti=<TaskInstance: sqltostaging.film_category manual__2024-06-13T18:39:46.623538+00:00 [queued]>
[2024-06-13T18:39:49.495+0000] {taskinstance.py:1979} INFO - Dependencies all met for dep_context=requeueable deps ti=<TaskInstance: sqltostaging.film_category manual__2024-06-13T18:39:46.623538+00:00 [queued]>
[2024-06-13T18:39:49.503+0000] {taskinstance.py:2193} INFO - Starting attempt 1 of 1
[2024-06-13T18:39:49.539+0000] {taskinstance.py:2217} INFO - Executing <Task(PythonOperator): film_category> on 2024-06-13 18:39:46.623538+00:00
[2024-06-13T18:39:49.585+0000] {standard_task_runner.py:60} INFO - Started process 442 to run task
[2024-06-13T18:39:49.639+0000] {standard_task_runner.py:87} INFO - Running: ['***', 'tasks', 'run', 'sqltostaging', 'film_category', 'manual__2024-06-13T18:39:46.623538+00:00', '--job-id', '27', '--raw', '--subdir', 'DAGS_FOLDER/dag.py', '--cfg-path', '/tmp/tmpdu663h43']
[2024-06-13T18:39:49.666+0000] {standard_task_runner.py:88} INFO - Job 27: Subtask film_category
[2024-06-13T18:39:49.992+0000] {task_command.py:423} INFO - Running <TaskInstance: sqltostaging.film_category manual__2024-06-13T18:39:46.623538+00:00 [running]> on host 01e60193086e
[2024-06-13T18:39:50.197+0000] {taskinstance.py:2513} INFO - Exporting env vars: AIRFLOW_CTX_DAG_OWNER='***' AIRFLOW_CTX_DAG_ID='sqltostaging' AIRFLOW_CTX_TASK_ID='film_category' AIRFLOW_CTX_EXECUTION_DATE='2024-06-13T18:39:46.623538+00:00' AIRFLOW_CTX_TRY_NUMBER='1' AIRFLOW_CTX_DAG_RUN_ID='manual__2024-06-13T18:39:46.623538+00:00'
[2024-06-13T18:39:50.223+0000] {logging_mixin.py:188} INFO - dvtobv
[2024-06-13T18:39:50.226+0000] {logging_mixin.py:188} INFO - 
 stage: sqltostaging 
 type: full 
 schema: public 
 table:category
[2024-06-13T18:39:51.135+0000] {logging_mixin.py:188} INFO - <class 'list'>
[2024-06-13T18:39:51.139+0000] {logging_mixin.py:188} INFO - [(1, 'Action', datetime.datetime(2006, 2, 15, 9, 46, 27)), (2, 'Animation', datetime.datetime(2006, 2, 15, 9, 46, 27)), (3, 'Children', datetime.datetime(2006, 2, 15, 9, 46, 27)), (4, 'Classics', datetime.datetime(2006, 2, 15, 9, 46, 27)), (5, 'Comedy', datetime.datetime(2006, 2, 15, 9, 46, 27)), (6, 'Documentary', datetime.datetime(2006, 2, 15, 9, 46, 27)), (7, 'Drama', datetime.datetime(2006, 2, 15, 9, 46, 27)), (8, 'Family', datetime.datetime(2006, 2, 15, 9, 46, 27)), (9, 'Foreign', datetime.datetime(2006, 2, 15, 9, 46, 27)), (10, 'Games', datetime.datetime(2006, 2, 15, 9, 46, 27)), (11, 'Horror', datetime.datetime(2006, 2, 15, 9, 46, 27)), (12, 'Music', datetime.datetime(2006, 2, 15, 9, 46, 27)), (13, 'New', datetime.datetime(2006, 2, 15, 9, 46, 27)), (14, 'Sci-Fi', datetime.datetime(2006, 2, 15, 9, 46, 27)), (15, 'Sports', datetime.datetime(2006, 2, 15, 9, 46, 27)), (16, 'Travel', datetime.datetime(2006, 2, 15, 9, 46, 27))] 
: sourceDF
[2024-06-13T18:39:51.140+0000] {python.py:202} INFO - Done. Returned value was: None
[2024-06-13T18:39:51.178+0000] {taskinstance.py:1149} INFO - Marking task as SUCCESS. dag_id=sqltostaging, task_id=film_category, execution_date=20240613T183946, start_date=20240613T183949, end_date=20240613T183951
[2024-06-13T18:39:51.281+0000] {local_task_job_runner.py:234} INFO - Task exited with return code 0
[2024-06-13T18:39:51.308+0000] {taskinstance.py:3312} INFO - 0 downstream tasks scheduled from follow-on schedule check
