[2024-07-16T16:54:48.925+0000] {taskinstance.py:1979} INFO - Dependencies all met for dep_context=non-requeueable deps ti=<TaskInstance: staigingtodv.city scheduled__2024-07-15T00:00:00+00:00 [queued]>
[2024-07-16T16:54:48.945+0000] {taskinstance.py:1979} INFO - Dependencies all met for dep_context=requeueable deps ti=<TaskInstance: staigingtodv.city scheduled__2024-07-15T00:00:00+00:00 [queued]>
[2024-07-16T16:54:48.950+0000] {taskinstance.py:2193} INFO - Starting attempt 1 of 1
[2024-07-16T16:54:48.990+0000] {taskinstance.py:2217} INFO - Executing <Task(PythonOperator): city> on 2024-07-15 00:00:00+00:00
[2024-07-16T16:54:48.998+0000] {standard_task_runner.py:60} INFO - Started process 95 to run task
[2024-07-16T16:54:49.009+0000] {standard_task_runner.py:87} INFO - Running: ['***', 'tasks', 'run', 'staigingtodv', 'city', 'scheduled__2024-07-15T00:00:00+00:00', '--job-id', '10', '--raw', '--subdir', 'DAGS_FOLDER/dag.py', '--cfg-path', '/tmp/tmpqdxb72d1']
[2024-07-16T16:54:49.022+0000] {standard_task_runner.py:88} INFO - Job 10: Subtask city
[2024-07-16T16:54:49.132+0000] {task_command.py:423} INFO - Running <TaskInstance: staigingtodv.city scheduled__2024-07-15T00:00:00+00:00 [running]> on host d9cb41fade7e
[2024-07-16T16:54:50.258+0000] {taskinstance.py:2513} INFO - Exporting env vars: AIRFLOW_CTX_DAG_OWNER='***' AIRFLOW_CTX_DAG_ID='staigingtodv' AIRFLOW_CTX_TASK_ID='city' AIRFLOW_CTX_EXECUTION_DATE='2024-07-15T00:00:00+00:00' AIRFLOW_CTX_TRY_NUMBER='1' AIRFLOW_CTX_DAG_RUN_ID='scheduled__2024-07-15T00:00:00+00:00'
[2024-07-16T16:54:50.334+0000] {taskinstance.py:2731} ERROR - Task failed with exception
Traceback (most recent call last):
  File "/home/airflow/.local/lib/python3.8/site-packages/airflow/models/taskinstance.py", line 444, in _execute_task
    result = _execute_callable(context=context, **execute_callable_kwargs)
  File "/home/airflow/.local/lib/python3.8/site-packages/airflow/models/taskinstance.py", line 414, in _execute_callable
    return execute_callable(context=context, **execute_callable_kwargs)
  File "/home/airflow/.local/lib/python3.8/site-packages/airflow/operators/python.py", line 200, in execute
    return_value = self.execute_callable()
  File "/home/airflow/.local/lib/python3.8/site-packages/airflow/operators/python.py", line 217, in execute_callable
    return self.python_callable(*self.op_args, **self.op_kwargs)
  File "/opt/airflow/dags/dag.py", line 40, in process_table
    tabletype = get_data_from_conf_table(table,stage)['tabletype'].values[0]
  File "/opt/airflow/dags/dag.py", line 33, in get_data_from_conf_table
    df.columns = [desc[0] for desc in cur.description]
  File "/home/airflow/.local/lib/python3.8/site-packages/pandas/core/generic.py", line 6002, in __setattr__
    return object.__setattr__(self, name, value)
  File "pandas/_libs/properties.pyx", line 69, in pandas._libs.properties.AxisProperty.__set__
  File "/home/airflow/.local/lib/python3.8/site-packages/pandas/core/generic.py", line 730, in _set_axis
    self._mgr.set_axis(axis, labels)
  File "/home/airflow/.local/lib/python3.8/site-packages/pandas/core/internals/managers.py", line 225, in set_axis
    self._validate_set_axis(axis, new_labels)
  File "/home/airflow/.local/lib/python3.8/site-packages/pandas/core/internals/base.py", line 70, in _validate_set_axis
    raise ValueError(
ValueError: Length mismatch: Expected axis has 0 elements, new values have 15 elements
[2024-07-16T16:54:50.376+0000] {taskinstance.py:1149} INFO - Marking task as FAILED. dag_id=staigingtodv, task_id=city, execution_date=20240715T000000, start_date=20240716T165448, end_date=20240716T165450
[2024-07-16T16:54:50.449+0000] {standard_task_runner.py:107} ERROR - Failed to execute job 10 for task city (Length mismatch: Expected axis has 0 elements, new values have 15 elements; 95)
[2024-07-16T16:54:50.478+0000] {local_task_job_runner.py:234} INFO - Task exited with return code 1
[2024-07-16T16:54:50.516+0000] {taskinstance.py:3312} INFO - 0 downstream tasks scheduled from follow-on schedule check
[2024-07-16T16:58:22.125+0000] {taskinstance.py:1979} INFO - Dependencies all met for dep_context=non-requeueable deps ti=<TaskInstance: staigingtodv.city scheduled__2024-07-15T00:00:00+00:00 [queued]>
[2024-07-16T16:58:22.133+0000] {taskinstance.py:1979} INFO - Dependencies all met for dep_context=requeueable deps ti=<TaskInstance: staigingtodv.city scheduled__2024-07-15T00:00:00+00:00 [queued]>
[2024-07-16T16:58:22.136+0000] {taskinstance.py:2193} INFO - Starting attempt 1 of 1
[2024-07-16T16:58:22.157+0000] {taskinstance.py:2217} INFO - Executing <Task(PythonOperator): city> on 2024-07-15 00:00:00+00:00
[2024-07-16T16:58:22.165+0000] {standard_task_runner.py:60} INFO - Started process 100 to run task
[2024-07-16T16:58:22.175+0000] {standard_task_runner.py:87} INFO - Running: ['***', 'tasks', 'run', 'staigingtodv', 'city', 'scheduled__2024-07-15T00:00:00+00:00', '--job-id', '16', '--raw', '--subdir', 'DAGS_FOLDER/dag.py', '--cfg-path', '/tmp/tmp2qyfyf09']
[2024-07-16T16:58:22.187+0000] {standard_task_runner.py:88} INFO - Job 16: Subtask city
[2024-07-16T16:58:22.354+0000] {task_command.py:423} INFO - Running <TaskInstance: staigingtodv.city scheduled__2024-07-15T00:00:00+00:00 [running]> on host bd70e8223b94
[2024-07-16T16:58:23.316+0000] {taskinstance.py:2513} INFO - Exporting env vars: AIRFLOW_CTX_DAG_OWNER='***' AIRFLOW_CTX_DAG_ID='staigingtodv' AIRFLOW_CTX_TASK_ID='city' AIRFLOW_CTX_EXECUTION_DATE='2024-07-15T00:00:00+00:00' AIRFLOW_CTX_TRY_NUMBER='1' AIRFLOW_CTX_DAG_RUN_ID='scheduled__2024-07-15T00:00:00+00:00'
[2024-07-16T16:58:23.516+0000] {taskinstance.py:2731} ERROR - Task failed with exception
Traceback (most recent call last):
  File "/home/airflow/.local/lib/python3.8/site-packages/airflow/models/taskinstance.py", line 444, in _execute_task
    result = _execute_callable(context=context, **execute_callable_kwargs)
  File "/home/airflow/.local/lib/python3.8/site-packages/airflow/models/taskinstance.py", line 414, in _execute_callable
    return execute_callable(context=context, **execute_callable_kwargs)
  File "/home/airflow/.local/lib/python3.8/site-packages/airflow/operators/python.py", line 200, in execute
    return_value = self.execute_callable()
  File "/home/airflow/.local/lib/python3.8/site-packages/airflow/operators/python.py", line 217, in execute_callable
    return self.python_callable(*self.op_args, **self.op_kwargs)
  File "/opt/airflow/dags/dag.py", line 40, in process_table
    tabletype = get_data_from_conf_table(table,stage)['tabletype'].values[0]
  File "/opt/airflow/dags/dag.py", line 33, in get_data_from_conf_table
    df.columns = [desc[0] for desc in cur.description]
  File "/home/airflow/.local/lib/python3.8/site-packages/pandas/core/generic.py", line 6002, in __setattr__
    return object.__setattr__(self, name, value)
  File "pandas/_libs/properties.pyx", line 69, in pandas._libs.properties.AxisProperty.__set__
  File "/home/airflow/.local/lib/python3.8/site-packages/pandas/core/generic.py", line 730, in _set_axis
    self._mgr.set_axis(axis, labels)
  File "/home/airflow/.local/lib/python3.8/site-packages/pandas/core/internals/managers.py", line 225, in set_axis
    self._validate_set_axis(axis, new_labels)
  File "/home/airflow/.local/lib/python3.8/site-packages/pandas/core/internals/base.py", line 70, in _validate_set_axis
    raise ValueError(
ValueError: Length mismatch: Expected axis has 0 elements, new values have 15 elements
[2024-07-16T16:58:23.612+0000] {taskinstance.py:1149} INFO - Marking task as FAILED. dag_id=staigingtodv, task_id=city, execution_date=20240715T000000, start_date=20240716T165822, end_date=20240716T165823
[2024-07-16T16:58:23.656+0000] {standard_task_runner.py:107} ERROR - Failed to execute job 16 for task city (Length mismatch: Expected axis has 0 elements, new values have 15 elements; 100)
[2024-07-16T16:58:23.706+0000] {local_task_job_runner.py:234} INFO - Task exited with return code 1
[2024-07-16T16:58:23.757+0000] {taskinstance.py:3312} INFO - 0 downstream tasks scheduled from follow-on schedule check
[2024-07-16T17:06:16.430+0000] {taskinstance.py:1979} INFO - Dependencies all met for dep_context=non-requeueable deps ti=<TaskInstance: staigingtodv.city scheduled__2024-07-15T00:00:00+00:00 [queued]>
[2024-07-16T17:06:16.445+0000] {taskinstance.py:1979} INFO - Dependencies all met for dep_context=requeueable deps ti=<TaskInstance: staigingtodv.city scheduled__2024-07-15T00:00:00+00:00 [queued]>
[2024-07-16T17:06:16.450+0000] {taskinstance.py:2193} INFO - Starting attempt 1 of 1
[2024-07-16T17:06:16.503+0000] {taskinstance.py:2217} INFO - Executing <Task(PythonOperator): city> on 2024-07-15 00:00:00+00:00
[2024-07-16T17:06:16.520+0000] {standard_task_runner.py:60} INFO - Started process 92 to run task
[2024-07-16T17:06:16.526+0000] {standard_task_runner.py:87} INFO - Running: ['***', 'tasks', 'run', 'staigingtodv', 'city', 'scheduled__2024-07-15T00:00:00+00:00', '--job-id', '8', '--raw', '--subdir', 'DAGS_FOLDER/dag.py', '--cfg-path', '/tmp/tmpotw_d3bo']
[2024-07-16T17:06:16.538+0000] {standard_task_runner.py:88} INFO - Job 8: Subtask city
[2024-07-16T17:06:16.707+0000] {task_command.py:423} INFO - Running <TaskInstance: staigingtodv.city scheduled__2024-07-15T00:00:00+00:00 [running]> on host d972e0703431
[2024-07-16T17:06:17.035+0000] {taskinstance.py:2513} INFO - Exporting env vars: AIRFLOW_CTX_DAG_OWNER='***' AIRFLOW_CTX_DAG_ID='staigingtodv' AIRFLOW_CTX_TASK_ID='city' AIRFLOW_CTX_EXECUTION_DATE='2024-07-15T00:00:00+00:00' AIRFLOW_CTX_TRY_NUMBER='1' AIRFLOW_CTX_DAG_RUN_ID='scheduled__2024-07-15T00:00:00+00:00'
[2024-07-16T17:06:17.319+0000] {taskinstance.py:2731} ERROR - Task failed with exception
Traceback (most recent call last):
  File "/home/airflow/.local/lib/python3.8/site-packages/airflow/models/taskinstance.py", line 444, in _execute_task
    result = _execute_callable(context=context, **execute_callable_kwargs)
  File "/home/airflow/.local/lib/python3.8/site-packages/airflow/models/taskinstance.py", line 414, in _execute_callable
    return execute_callable(context=context, **execute_callable_kwargs)
  File "/home/airflow/.local/lib/python3.8/site-packages/airflow/operators/python.py", line 200, in execute
    return_value = self.execute_callable()
  File "/home/airflow/.local/lib/python3.8/site-packages/airflow/operators/python.py", line 217, in execute_callable
    return self.python_callable(*self.op_args, **self.op_kwargs)
  File "/opt/airflow/dags/dag.py", line 40, in process_table
    tabletype = get_data_from_conf_table(table,stage)['tabletype'].values[0]
  File "/opt/airflow/dags/dag.py", line 33, in get_data_from_conf_table
    df.columns = [desc[0] for desc in cur.description]
  File "/home/airflow/.local/lib/python3.8/site-packages/pandas/core/generic.py", line 6002, in __setattr__
    return object.__setattr__(self, name, value)
  File "pandas/_libs/properties.pyx", line 69, in pandas._libs.properties.AxisProperty.__set__
  File "/home/airflow/.local/lib/python3.8/site-packages/pandas/core/generic.py", line 730, in _set_axis
    self._mgr.set_axis(axis, labels)
  File "/home/airflow/.local/lib/python3.8/site-packages/pandas/core/internals/managers.py", line 225, in set_axis
    self._validate_set_axis(axis, new_labels)
  File "/home/airflow/.local/lib/python3.8/site-packages/pandas/core/internals/base.py", line 70, in _validate_set_axis
    raise ValueError(
ValueError: Length mismatch: Expected axis has 0 elements, new values have 15 elements
[2024-07-16T17:06:18.198+0000] {taskinstance.py:1149} INFO - Marking task as FAILED. dag_id=staigingtodv, task_id=city, execution_date=20240715T000000, start_date=20240716T170616, end_date=20240716T170618
[2024-07-16T17:06:18.218+0000] {standard_task_runner.py:107} ERROR - Failed to execute job 8 for task city (Length mismatch: Expected axis has 0 elements, new values have 15 elements; 92)
[2024-07-16T17:06:18.265+0000] {local_task_job_runner.py:234} INFO - Task exited with return code 1
[2024-07-16T17:06:18.300+0000] {taskinstance.py:3312} INFO - 0 downstream tasks scheduled from follow-on schedule check
[2024-07-16T17:10:13.503+0000] {taskinstance.py:1979} INFO - Dependencies all met for dep_context=non-requeueable deps ti=<TaskInstance: staigingtodv.city scheduled__2024-07-15T00:00:00+00:00 [queued]>
[2024-07-16T17:10:13.547+0000] {taskinstance.py:1979} INFO - Dependencies all met for dep_context=requeueable deps ti=<TaskInstance: staigingtodv.city scheduled__2024-07-15T00:00:00+00:00 [queued]>
[2024-07-16T17:10:13.549+0000] {taskinstance.py:2193} INFO - Starting attempt 1 of 1
[2024-07-16T17:10:13.626+0000] {taskinstance.py:2217} INFO - Executing <Task(PythonOperator): city> on 2024-07-15 00:00:00+00:00
[2024-07-16T17:10:13.665+0000] {standard_task_runner.py:60} INFO - Started process 98 to run task
[2024-07-16T17:10:13.749+0000] {standard_task_runner.py:87} INFO - Running: ['***', 'tasks', 'run', 'staigingtodv', 'city', 'scheduled__2024-07-15T00:00:00+00:00', '--job-id', '10', '--raw', '--subdir', 'DAGS_FOLDER/dag.py', '--cfg-path', '/tmp/tmp3xzqh9l1']
[2024-07-16T17:10:13.762+0000] {standard_task_runner.py:88} INFO - Job 10: Subtask city
[2024-07-16T17:10:14.079+0000] {task_command.py:423} INFO - Running <TaskInstance: staigingtodv.city scheduled__2024-07-15T00:00:00+00:00 [running]> on host a8165c4616a2
[2024-07-16T17:10:15.175+0000] {taskinstance.py:2513} INFO - Exporting env vars: AIRFLOW_CTX_DAG_OWNER='***' AIRFLOW_CTX_DAG_ID='staigingtodv' AIRFLOW_CTX_TASK_ID='city' AIRFLOW_CTX_EXECUTION_DATE='2024-07-15T00:00:00+00:00' AIRFLOW_CTX_TRY_NUMBER='1' AIRFLOW_CTX_DAG_RUN_ID='scheduled__2024-07-15T00:00:00+00:00'
[2024-07-16T17:10:15.226+0000] {taskinstance.py:2731} ERROR - Task failed with exception
Traceback (most recent call last):
  File "/home/airflow/.local/lib/python3.8/site-packages/airflow/models/taskinstance.py", line 444, in _execute_task
    result = _execute_callable(context=context, **execute_callable_kwargs)
  File "/home/airflow/.local/lib/python3.8/site-packages/airflow/models/taskinstance.py", line 414, in _execute_callable
    return execute_callable(context=context, **execute_callable_kwargs)
  File "/home/airflow/.local/lib/python3.8/site-packages/airflow/operators/python.py", line 200, in execute
    return_value = self.execute_callable()
  File "/home/airflow/.local/lib/python3.8/site-packages/airflow/operators/python.py", line 217, in execute_callable
    return self.python_callable(*self.op_args, **self.op_kwargs)
  File "/opt/airflow/dags/dag.py", line 40, in process_table
    tabletype = get_data_from_conf_table(table,stage)['tabletype'].values[0]
  File "/opt/airflow/dags/dag.py", line 33, in get_data_from_conf_table
    df.columns = [desc[0] for desc in cur.description]
  File "/home/airflow/.local/lib/python3.8/site-packages/pandas/core/generic.py", line 6002, in __setattr__
    return object.__setattr__(self, name, value)
  File "pandas/_libs/properties.pyx", line 69, in pandas._libs.properties.AxisProperty.__set__
  File "/home/airflow/.local/lib/python3.8/site-packages/pandas/core/generic.py", line 730, in _set_axis
    self._mgr.set_axis(axis, labels)
  File "/home/airflow/.local/lib/python3.8/site-packages/pandas/core/internals/managers.py", line 225, in set_axis
    self._validate_set_axis(axis, new_labels)
  File "/home/airflow/.local/lib/python3.8/site-packages/pandas/core/internals/base.py", line 70, in _validate_set_axis
    raise ValueError(
ValueError: Length mismatch: Expected axis has 0 elements, new values have 15 elements
[2024-07-16T17:10:15.237+0000] {taskinstance.py:1149} INFO - Marking task as FAILED. dag_id=staigingtodv, task_id=city, execution_date=20240715T000000, start_date=20240716T171013, end_date=20240716T171015
[2024-07-16T17:10:15.250+0000] {standard_task_runner.py:107} ERROR - Failed to execute job 10 for task city (Length mismatch: Expected axis has 0 elements, new values have 15 elements; 98)
[2024-07-16T17:10:15.280+0000] {local_task_job_runner.py:234} INFO - Task exited with return code 1
[2024-07-16T17:10:15.339+0000] {taskinstance.py:3312} INFO - 0 downstream tasks scheduled from follow-on schedule check
