[2024-07-22T20:27:46.920+0000] {taskinstance.py:1979} INFO - Dependencies all met for dep_context=non-requeueable deps ti=<TaskInstance: stagingtodv.category manual__2024-07-22T20:27:43.482203+00:00 [queued]>
[2024-07-22T20:27:46.981+0000] {taskinstance.py:1979} INFO - Dependencies all met for dep_context=requeueable deps ti=<TaskInstance: stagingtodv.category manual__2024-07-22T20:27:43.482203+00:00 [queued]>
[2024-07-22T20:27:46.995+0000] {taskinstance.py:2193} INFO - Starting attempt 1 of 1
[2024-07-22T20:27:47.107+0000] {taskinstance.py:2217} INFO - Executing <Task(PythonOperator): category> on 2024-07-22 20:27:43.482203+00:00
[2024-07-22T20:27:47.142+0000] {standard_task_runner.py:60} INFO - Started process 360 to run task
[2024-07-22T20:27:47.180+0000] {standard_task_runner.py:87} INFO - Running: ['***', 'tasks', 'run', 'stagingtodv', 'category', 'manual__2024-07-22T20:27:43.482203+00:00', '--job-id', '47', '--raw', '--subdir', 'DAGS_FOLDER/dag.py', '--cfg-path', '/tmp/tmpog27eboo']
[2024-07-22T20:27:47.194+0000] {standard_task_runner.py:88} INFO - Job 47: Subtask category
[2024-07-22T20:27:47.413+0000] {task_command.py:423} INFO - Running <TaskInstance: stagingtodv.category manual__2024-07-22T20:27:43.482203+00:00 [running]> on host 78ac63ab6c84
[2024-07-22T20:27:47.695+0000] {taskinstance.py:2513} INFO - Exporting env vars: AIRFLOW_CTX_DAG_OWNER='***' AIRFLOW_CTX_DAG_ID='stagingtodv' AIRFLOW_CTX_TASK_ID='category' AIRFLOW_CTX_EXECUTION_DATE='2024-07-22T20:27:43.482203+00:00' AIRFLOW_CTX_TRY_NUMBER='1' AIRFLOW_CTX_DAG_RUN_ID='manual__2024-07-22T20:27:43.482203+00:00'
[2024-07-22T20:27:47.705+0000] {logging_mixin.py:188} INFO - -------------------------------------------- select *  from etlconf.Etl_Process_Mapping where SourceTableName = 'category' and Stage = 'stagingtodv'
[2024-07-22T20:27:48.340+0000] {logging_mixin.py:188} INFO - DFFFFFFFFFDFFFFFFFFF      0            1                   2
0    1       Action 2006-02-15 09:46:27
1    2    Animation 2006-02-15 09:46:27
2    3     Children 2006-02-15 09:46:27
3    4     Classics 2006-02-15 09:46:27
4    5       Comedy 2006-02-15 09:46:27
5    6  Documentary 2006-02-15 09:46:27
6    7        Drama 2006-02-15 09:46:27
7    8       Family 2006-02-15 09:46:27
8    9      Foreign 2006-02-15 09:46:27
9   10        Games 2006-02-15 09:46:27
10  11       Horror 2006-02-15 09:46:27
11  12        Music 2006-02-15 09:46:27
12  13          New 2006-02-15 09:46:27
13  14       Sci-Fi 2006-02-15 09:46:27
14  15       Sports 2006-02-15 09:46:27
15  16       Travel 2006-02-15 09:46:27
[2024-07-22T20:27:48.407+0000] {logging_mixin.py:188} INFO - update etlconf.Etl_Process_Mapping T set last_run_date = current_timestamp where destdbname='dbdv' and destschema='dvdrental' and desttablename='category';
[2024-07-22T20:27:48.415+0000] {python.py:202} INFO - Done. Returned value was: None
[2024-07-22T20:27:48.424+0000] {taskinstance.py:1149} INFO - Marking task as SUCCESS. dag_id=stagingtodv, task_id=category, execution_date=20240722T202743, start_date=20240722T202746, end_date=20240722T202748
[2024-07-22T20:27:48.472+0000] {local_task_job_runner.py:234} INFO - Task exited with return code 0
[2024-07-22T20:27:48.485+0000] {taskinstance.py:3312} INFO - 0 downstream tasks scheduled from follow-on schedule check
