[2024-07-10T19:19:12.772+0000] {taskinstance.py:1979} INFO - Dependencies all met for dep_context=non-requeueable deps ti=<TaskInstance: SqlToStaging.actor scheduled__2024-07-09T00:00:00+00:00 [queued]>
[2024-07-10T19:19:12.790+0000] {taskinstance.py:1979} INFO - Dependencies all met for dep_context=requeueable deps ti=<TaskInstance: SqlToStaging.actor scheduled__2024-07-09T00:00:00+00:00 [queued]>
[2024-07-10T19:19:12.792+0000] {taskinstance.py:2193} INFO - Starting attempt 1 of 1
[2024-07-10T19:19:12.821+0000] {taskinstance.py:2217} INFO - Executing <Task(PythonOperator): actor> on 2024-07-09 00:00:00+00:00
[2024-07-10T19:19:12.834+0000] {standard_task_runner.py:60} INFO - Started process 89 to run task
[2024-07-10T19:19:12.852+0000] {standard_task_runner.py:87} INFO - Running: ['***', 'tasks', 'run', 'SqlToStaging', 'actor', 'scheduled__2024-07-09T00:00:00+00:00', '--job-id', '7', '--raw', '--subdir', 'DAGS_FOLDER/dag.py', '--cfg-path', '/tmp/tmpz0n952za']
[2024-07-10T19:19:12.857+0000] {standard_task_runner.py:88} INFO - Job 7: Subtask actor
[2024-07-10T19:19:13.006+0000] {task_command.py:423} INFO - Running <TaskInstance: SqlToStaging.actor scheduled__2024-07-09T00:00:00+00:00 [running]> on host 988357c0810b
[2024-07-10T19:19:13.211+0000] {taskinstance.py:2513} INFO - Exporting env vars: AIRFLOW_CTX_DAG_OWNER='***' AIRFLOW_CTX_DAG_ID='SqlToStaging' AIRFLOW_CTX_TASK_ID='actor' AIRFLOW_CTX_EXECUTION_DATE='2024-07-09T00:00:00+00:00' AIRFLOW_CTX_TRY_NUMBER='1' AIRFLOW_CTX_DAG_RUN_ID='scheduled__2024-07-09T00:00:00+00:00'
[2024-07-10T19:19:13.237+0000] {logging_mixin.py:188} INFO - select *  from etlconf.Etl_Process_Mapping where SourceTableName = 'actor' and Stage = 'SqlToStaging'
[2024-07-10T19:19:13.753+0000] {taskinstance.py:2731} ERROR - Task failed with exception
Traceback (most recent call last):
  File "/home/airflow/.local/lib/python3.8/site-packages/airflow/models/taskinstance.py", line 444, in _execute_task
    result = _execute_callable(context=context, **execute_callable_kwargs)
  File "/home/airflow/.local/lib/python3.8/site-packages/airflow/models/taskinstance.py", line 414, in _execute_callable
    return execute_callable(context=context, **execute_callable_kwargs)
  File "/home/airflow/.local/lib/python3.8/site-packages/airflow/operators/python.py", line 200, in execute
    return_value = self.execute_callable()
  File "/home/airflow/.local/lib/python3.8/site-packages/airflow/operators/python.py", line 217, in execute_callable
    return self.python_callable(*self.op_args, **self.op_kwargs)
  File "/opt/airflow/dags/dag.py", line 41, in process_table
    tabletype = get_data_from_conf_table(table,stage)['tabletype'].values[0]
  File "/opt/airflow/dags/dag.py", line 30, in get_data_from_conf_table
    cur.execute(query)
AttributeError: 'psycopg2.extensions.connection' object has no attribute 'execute'
[2024-07-10T19:19:14.857+0000] {taskinstance.py:1149} INFO - Marking task as FAILED. dag_id=SqlToStaging, task_id=actor, execution_date=20240709T000000, start_date=20240710T191912, end_date=20240710T191914
[2024-07-10T19:19:14.872+0000] {standard_task_runner.py:107} ERROR - Failed to execute job 7 for task actor ('psycopg2.extensions.connection' object has no attribute 'execute'; 89)
[2024-07-10T19:19:14.922+0000] {local_task_job_runner.py:234} INFO - Task exited with return code 1
[2024-07-10T19:19:14.936+0000] {taskinstance.py:3312} INFO - 0 downstream tasks scheduled from follow-on schedule check
[2024-07-10T19:24:51.986+0000] {taskinstance.py:1979} INFO - Dependencies all met for dep_context=non-requeueable deps ti=<TaskInstance: SqlToStaging.actor scheduled__2024-07-09T00:00:00+00:00 [queued]>
[2024-07-10T19:24:52.022+0000] {taskinstance.py:1979} INFO - Dependencies all met for dep_context=requeueable deps ti=<TaskInstance: SqlToStaging.actor scheduled__2024-07-09T00:00:00+00:00 [queued]>
[2024-07-10T19:24:52.024+0000] {taskinstance.py:2193} INFO - Starting attempt 1 of 1
[2024-07-10T19:24:52.063+0000] {taskinstance.py:2217} INFO - Executing <Task(PythonOperator): actor> on 2024-07-09 00:00:00+00:00
[2024-07-10T19:24:52.077+0000] {standard_task_runner.py:60} INFO - Started process 89 to run task
[2024-07-10T19:24:52.087+0000] {standard_task_runner.py:87} INFO - Running: ['***', 'tasks', 'run', 'SqlToStaging', 'actor', 'scheduled__2024-07-09T00:00:00+00:00', '--job-id', '6', '--raw', '--subdir', 'DAGS_FOLDER/dag.py', '--cfg-path', '/tmp/tmpfh5h_z3c']
[2024-07-10T19:24:52.117+0000] {standard_task_runner.py:88} INFO - Job 6: Subtask actor
[2024-07-10T19:24:52.300+0000] {task_command.py:423} INFO - Running <TaskInstance: SqlToStaging.actor scheduled__2024-07-09T00:00:00+00:00 [running]> on host 1dd842c603c2
[2024-07-10T19:24:53.541+0000] {taskinstance.py:2513} INFO - Exporting env vars: AIRFLOW_CTX_DAG_OWNER='***' AIRFLOW_CTX_DAG_ID='SqlToStaging' AIRFLOW_CTX_TASK_ID='actor' AIRFLOW_CTX_EXECUTION_DATE='2024-07-09T00:00:00+00:00' AIRFLOW_CTX_TRY_NUMBER='1' AIRFLOW_CTX_DAG_RUN_ID='scheduled__2024-07-09T00:00:00+00:00'
[2024-07-10T19:24:53.548+0000] {logging_mixin.py:188} INFO - select *  from etlconf.Etl_Process_Mapping where SourceTableName = 'actor' and Stage = 'SqlToStaging'
[2024-07-10T19:24:53.622+0000] {taskinstance.py:2731} ERROR - Task failed with exception
Traceback (most recent call last):
  File "/home/airflow/.local/lib/python3.8/site-packages/airflow/models/taskinstance.py", line 444, in _execute_task
    result = _execute_callable(context=context, **execute_callable_kwargs)
  File "/home/airflow/.local/lib/python3.8/site-packages/airflow/models/taskinstance.py", line 414, in _execute_callable
    return execute_callable(context=context, **execute_callable_kwargs)
  File "/home/airflow/.local/lib/python3.8/site-packages/airflow/operators/python.py", line 200, in execute
    return_value = self.execute_callable()
  File "/home/airflow/.local/lib/python3.8/site-packages/airflow/operators/python.py", line 217, in execute_callable
    return self.python_callable(*self.op_args, **self.op_kwargs)
  File "/opt/airflow/dags/dag.py", line 41, in process_table
    tabletype = get_data_from_conf_table(table,stage)['tabletype'].values[0]
  File "/opt/airflow/dags/dag.py", line 34, in get_data_from_conf_table
    df.columns = [desc[0] for desc in cur.description]
  File "/home/airflow/.local/lib/python3.8/site-packages/pandas/core/generic.py", line 6002, in __setattr__
    return object.__setattr__(self, name, value)
  File "pandas/_libs/properties.pyx", line 69, in pandas._libs.properties.AxisProperty.__set__
  File "/home/airflow/.local/lib/python3.8/site-packages/pandas/core/generic.py", line 730, in _set_axis
    self._mgr.set_axis(axis, labels)
  File "/home/airflow/.local/lib/python3.8/site-packages/pandas/core/internals/managers.py", line 225, in set_axis
    self._validate_set_axis(axis, new_labels)
  File "/home/airflow/.local/lib/python3.8/site-packages/pandas/core/internals/base.py", line 70, in _validate_set_axis
    raise ValueError(
ValueError: Length mismatch: Expected axis has 0 elements, new values have 15 elements
[2024-07-10T19:24:53.653+0000] {taskinstance.py:1149} INFO - Marking task as FAILED. dag_id=SqlToStaging, task_id=actor, execution_date=20240709T000000, start_date=20240710T192451, end_date=20240710T192453
[2024-07-10T19:24:53.668+0000] {standard_task_runner.py:107} ERROR - Failed to execute job 6 for task actor (Length mismatch: Expected axis has 0 elements, new values have 15 elements; 89)
[2024-07-10T19:24:53.698+0000] {local_task_job_runner.py:234} INFO - Task exited with return code 1
[2024-07-10T19:24:53.735+0000] {taskinstance.py:3312} INFO - 0 downstream tasks scheduled from follow-on schedule check
[2024-07-10T19:33:52.770+0000] {taskinstance.py:1979} INFO - Dependencies all met for dep_context=non-requeueable deps ti=<TaskInstance: SqlToStaging.actor scheduled__2024-07-09T00:00:00+00:00 [queued]>
[2024-07-10T19:33:52.789+0000] {taskinstance.py:1979} INFO - Dependencies all met for dep_context=requeueable deps ti=<TaskInstance: SqlToStaging.actor scheduled__2024-07-09T00:00:00+00:00 [queued]>
[2024-07-10T19:33:52.789+0000] {taskinstance.py:2193} INFO - Starting attempt 1 of 1
[2024-07-10T19:33:52.824+0000] {taskinstance.py:2217} INFO - Executing <Task(PythonOperator): actor> on 2024-07-09 00:00:00+00:00
[2024-07-10T19:33:52.846+0000] {standard_task_runner.py:60} INFO - Started process 101 to run task
[2024-07-10T19:33:52.858+0000] {standard_task_runner.py:87} INFO - Running: ['***', 'tasks', 'run', 'SqlToStaging', 'actor', 'scheduled__2024-07-09T00:00:00+00:00', '--job-id', '12', '--raw', '--subdir', 'DAGS_FOLDER/dag.py', '--cfg-path', '/tmp/tmp9mv4isby']
[2024-07-10T19:33:52.872+0000] {standard_task_runner.py:88} INFO - Job 12: Subtask actor
[2024-07-10T19:33:52.992+0000] {task_command.py:423} INFO - Running <TaskInstance: SqlToStaging.actor scheduled__2024-07-09T00:00:00+00:00 [running]> on host a0982d156a38
[2024-07-10T19:33:54.145+0000] {taskinstance.py:2513} INFO - Exporting env vars: AIRFLOW_CTX_DAG_OWNER='***' AIRFLOW_CTX_DAG_ID='SqlToStaging' AIRFLOW_CTX_TASK_ID='actor' AIRFLOW_CTX_EXECUTION_DATE='2024-07-09T00:00:00+00:00' AIRFLOW_CTX_TRY_NUMBER='1' AIRFLOW_CTX_DAG_RUN_ID='scheduled__2024-07-09T00:00:00+00:00'
[2024-07-10T19:33:54.147+0000] {logging_mixin.py:188} INFO - select *  from etlconf.Etl_Process_Mapping where SourceTableName = 'actor' and Stage = 'SqlToStaging'
[2024-07-10T19:33:54.163+0000] {taskinstance.py:2731} ERROR - Task failed with exception
Traceback (most recent call last):
  File "/home/airflow/.local/lib/python3.8/site-packages/airflow/models/taskinstance.py", line 444, in _execute_task
    result = _execute_callable(context=context, **execute_callable_kwargs)
  File "/home/airflow/.local/lib/python3.8/site-packages/airflow/models/taskinstance.py", line 414, in _execute_callable
    return execute_callable(context=context, **execute_callable_kwargs)
  File "/home/airflow/.local/lib/python3.8/site-packages/airflow/operators/python.py", line 200, in execute
    return_value = self.execute_callable()
  File "/home/airflow/.local/lib/python3.8/site-packages/airflow/operators/python.py", line 217, in execute_callable
    return self.python_callable(*self.op_args, **self.op_kwargs)
  File "/opt/airflow/dags/dag.py", line 41, in process_table
    tabletype = get_data_from_conf_table(table,stage)
  File "/opt/airflow/dags/dag.py", line 34, in get_data_from_conf_table
    df.columns = [desc[0] for desc in cur.description]
  File "/home/airflow/.local/lib/python3.8/site-packages/pandas/core/generic.py", line 6002, in __setattr__
    return object.__setattr__(self, name, value)
  File "pandas/_libs/properties.pyx", line 69, in pandas._libs.properties.AxisProperty.__set__
  File "/home/airflow/.local/lib/python3.8/site-packages/pandas/core/generic.py", line 730, in _set_axis
    self._mgr.set_axis(axis, labels)
  File "/home/airflow/.local/lib/python3.8/site-packages/pandas/core/internals/managers.py", line 225, in set_axis
    self._validate_set_axis(axis, new_labels)
  File "/home/airflow/.local/lib/python3.8/site-packages/pandas/core/internals/base.py", line 70, in _validate_set_axis
    raise ValueError(
ValueError: Length mismatch: Expected axis has 0 elements, new values have 15 elements
[2024-07-10T19:33:54.192+0000] {taskinstance.py:1149} INFO - Marking task as FAILED. dag_id=SqlToStaging, task_id=actor, execution_date=20240709T000000, start_date=20240710T193352, end_date=20240710T193354
[2024-07-10T19:33:54.209+0000] {standard_task_runner.py:107} ERROR - Failed to execute job 12 for task actor (Length mismatch: Expected axis has 0 elements, new values have 15 elements; 101)
[2024-07-10T19:33:54.275+0000] {local_task_job_runner.py:234} INFO - Task exited with return code 1
[2024-07-10T19:33:54.393+0000] {taskinstance.py:3312} INFO - 0 downstream tasks scheduled from follow-on schedule check
[2024-07-10T19:37:48.290+0000] {taskinstance.py:1979} INFO - Dependencies all met for dep_context=non-requeueable deps ti=<TaskInstance: sqltostaging.actor scheduled__2024-07-09T00:00:00+00:00 [queued]>
[2024-07-10T19:37:48.324+0000] {taskinstance.py:1979} INFO - Dependencies all met for dep_context=requeueable deps ti=<TaskInstance: sqltostaging.actor scheduled__2024-07-09T00:00:00+00:00 [queued]>
[2024-07-10T19:37:48.327+0000] {taskinstance.py:2193} INFO - Starting attempt 1 of 1
[2024-07-10T19:37:48.350+0000] {taskinstance.py:2217} INFO - Executing <Task(PythonOperator): actor> on 2024-07-09 00:00:00+00:00
[2024-07-10T19:37:48.368+0000] {standard_task_runner.py:60} INFO - Started process 246 to run task
[2024-07-10T19:37:48.403+0000] {standard_task_runner.py:87} INFO - Running: ['***', 'tasks', 'run', 'sqltostaging', 'actor', 'scheduled__2024-07-09T00:00:00+00:00', '--job-id', '44', '--raw', '--subdir', 'DAGS_FOLDER/dag.py', '--cfg-path', '/tmp/tmpnz3rcz9p']
[2024-07-10T19:37:48.427+0000] {standard_task_runner.py:88} INFO - Job 44: Subtask actor
[2024-07-10T19:37:48.616+0000] {task_command.py:423} INFO - Running <TaskInstance: sqltostaging.actor scheduled__2024-07-09T00:00:00+00:00 [running]> on host a0982d156a38
[2024-07-10T19:37:48.932+0000] {taskinstance.py:2513} INFO - Exporting env vars: AIRFLOW_CTX_DAG_OWNER='***' AIRFLOW_CTX_DAG_ID='sqltostaging' AIRFLOW_CTX_TASK_ID='actor' AIRFLOW_CTX_EXECUTION_DATE='2024-07-09T00:00:00+00:00' AIRFLOW_CTX_TRY_NUMBER='1' AIRFLOW_CTX_DAG_RUN_ID='scheduled__2024-07-09T00:00:00+00:00'
[2024-07-10T19:37:48.945+0000] {logging_mixin.py:188} INFO - select *  from etlconf.Etl_Process_Mapping where SourceTableName = 'actor' and Stage = 'sqltostaging'
[2024-07-10T19:37:49.805+0000] {logging_mixin.py:188} INFO -    0      1          2       3     4   ...    10    11    12            13    14
0   8  actor  dvdrental  public  full  ...  None  None  None  sqltostaging  None

[1 rows x 15 columns]
[2024-07-10T19:37:49.836+0000] {logging_mixin.py:188} INFO -    id sourcetablename sourcedbname  ...  code         stage last_run_date
0   8           actor    dvdrental  ...  None  sqltostaging          None

[1 rows x 15 columns]
[2024-07-10T19:37:49.836+0000] {logging_mixin.py:188} INFO - dvtobv :dag_id
[2024-07-10T19:37:49.837+0000] {logging_mixin.py:188} INFO - table: actor
[2024-07-10T19:37:49.839+0000] {logging_mixin.py:188} INFO - 
 stage: sqltostaging 
 table:actor
[2024-07-10T19:37:49.840+0000] {python.py:202} INFO - Done. Returned value was: None
[2024-07-10T19:37:49.856+0000] {taskinstance.py:1149} INFO - Marking task as SUCCESS. dag_id=sqltostaging, task_id=actor, execution_date=20240709T000000, start_date=20240710T193748, end_date=20240710T193749
[2024-07-10T19:37:49.881+0000] {local_task_job_runner.py:234} INFO - Task exited with return code 0
[2024-07-10T19:37:49.907+0000] {taskinstance.py:3312} INFO - 0 downstream tasks scheduled from follow-on schedule check
[2024-07-10T19:39:58.363+0000] {taskinstance.py:1979} INFO - Dependencies all met for dep_context=non-requeueable deps ti=<TaskInstance: sqltostaging.actor scheduled__2024-07-09T00:00:00+00:00 [queued]>
[2024-07-10T19:39:58.387+0000] {taskinstance.py:1979} INFO - Dependencies all met for dep_context=requeueable deps ti=<TaskInstance: sqltostaging.actor scheduled__2024-07-09T00:00:00+00:00 [queued]>
[2024-07-10T19:39:58.389+0000] {taskinstance.py:2193} INFO - Starting attempt 1 of 1
[2024-07-10T19:39:58.409+0000] {taskinstance.py:2217} INFO - Executing <Task(PythonOperator): actor> on 2024-07-09 00:00:00+00:00
[2024-07-10T19:39:58.427+0000] {standard_task_runner.py:60} INFO - Started process 100 to run task
[2024-07-10T19:39:58.451+0000] {standard_task_runner.py:87} INFO - Running: ['***', 'tasks', 'run', 'sqltostaging', 'actor', 'scheduled__2024-07-09T00:00:00+00:00', '--job-id', '15', '--raw', '--subdir', 'DAGS_FOLDER/dag.py', '--cfg-path', '/tmp/tmp7lv280u9']
[2024-07-10T19:39:58.493+0000] {standard_task_runner.py:88} INFO - Job 15: Subtask actor
[2024-07-10T19:39:58.745+0000] {task_command.py:423} INFO - Running <TaskInstance: sqltostaging.actor scheduled__2024-07-09T00:00:00+00:00 [running]> on host 4118dead3d7f
[2024-07-10T19:40:00.099+0000] {taskinstance.py:2513} INFO - Exporting env vars: AIRFLOW_CTX_DAG_OWNER='***' AIRFLOW_CTX_DAG_ID='sqltostaging' AIRFLOW_CTX_TASK_ID='actor' AIRFLOW_CTX_EXECUTION_DATE='2024-07-09T00:00:00+00:00' AIRFLOW_CTX_TRY_NUMBER='1' AIRFLOW_CTX_DAG_RUN_ID='scheduled__2024-07-09T00:00:00+00:00'
[2024-07-10T19:40:00.109+0000] {logging_mixin.py:188} INFO - select *  from etlconf.Etl_Process_Mapping where SourceTableName = 'actor' and Stage = 'sqltostaging'
[2024-07-10T19:40:00.144+0000] {logging_mixin.py:188} INFO -    0      1          2       3     4   ...    10    11    12            13    14
0   8  actor  dvdrental  public  full  ...  None  None  None  sqltostaging  None

[1 rows x 15 columns]
[2024-07-10T19:40:00.148+0000] {logging_mixin.py:188} INFO - full
[2024-07-10T19:40:00.152+0000] {logging_mixin.py:188} INFO - dvtobv :dag_id
[2024-07-10T19:40:00.153+0000] {logging_mixin.py:188} INFO - table: actor
[2024-07-10T19:40:00.154+0000] {logging_mixin.py:188} INFO - 
 stage: sqltostaging 
 table:actor
[2024-07-10T19:40:00.156+0000] {python.py:202} INFO - Done. Returned value was: None
[2024-07-10T19:40:00.167+0000] {taskinstance.py:1149} INFO - Marking task as SUCCESS. dag_id=sqltostaging, task_id=actor, execution_date=20240709T000000, start_date=20240710T193958, end_date=20240710T194000
[2024-07-10T19:40:00.199+0000] {local_task_job_runner.py:234} INFO - Task exited with return code 0
[2024-07-10T19:40:00.210+0000] {taskinstance.py:3312} INFO - 0 downstream tasks scheduled from follow-on schedule check
[2024-07-10T19:44:03.240+0000] {taskinstance.py:1979} INFO - Dependencies all met for dep_context=non-requeueable deps ti=<TaskInstance: sqltostaging.actor scheduled__2024-07-09T00:00:00+00:00 [queued]>
[2024-07-10T19:44:03.280+0000] {taskinstance.py:1979} INFO - Dependencies all met for dep_context=requeueable deps ti=<TaskInstance: sqltostaging.actor scheduled__2024-07-09T00:00:00+00:00 [queued]>
[2024-07-10T19:44:03.281+0000] {taskinstance.py:2193} INFO - Starting attempt 1 of 1
[2024-07-10T19:44:03.366+0000] {taskinstance.py:2217} INFO - Executing <Task(PythonOperator): actor> on 2024-07-09 00:00:00+00:00
[2024-07-10T19:44:03.390+0000] {standard_task_runner.py:60} INFO - Started process 100 to run task
[2024-07-10T19:44:03.401+0000] {standard_task_runner.py:87} INFO - Running: ['***', 'tasks', 'run', 'sqltostaging', 'actor', 'scheduled__2024-07-09T00:00:00+00:00', '--job-id', '16', '--raw', '--subdir', 'DAGS_FOLDER/dag.py', '--cfg-path', '/tmp/tmp4eyl5jnu']
[2024-07-10T19:44:03.423+0000] {standard_task_runner.py:88} INFO - Job 16: Subtask actor
[2024-07-10T19:44:03.628+0000] {task_command.py:423} INFO - Running <TaskInstance: sqltostaging.actor scheduled__2024-07-09T00:00:00+00:00 [running]> on host a383c1e8c871
[2024-07-10T19:44:05.033+0000] {taskinstance.py:2513} INFO - Exporting env vars: AIRFLOW_CTX_DAG_OWNER='***' AIRFLOW_CTX_DAG_ID='sqltostaging' AIRFLOW_CTX_TASK_ID='actor' AIRFLOW_CTX_EXECUTION_DATE='2024-07-09T00:00:00+00:00' AIRFLOW_CTX_TRY_NUMBER='1' AIRFLOW_CTX_DAG_RUN_ID='scheduled__2024-07-09T00:00:00+00:00'
[2024-07-10T19:44:05.039+0000] {logging_mixin.py:188} INFO - select *  from etlconf.Etl_Process_Mapping where SourceTableName = 'actor' and Stage = 'sqltostaging'
[2024-07-10T19:44:05.094+0000] {logging_mixin.py:188} INFO -    0      1          2       3     4   ...    10    11    12            13    14
0   8  actor  dvdrental  public  full  ...  None  None  None  sqltostaging  None

[1 rows x 15 columns]
[2024-07-10T19:44:05.099+0000] {logging_mixin.py:188} INFO - full
[2024-07-10T19:44:05.100+0000] {logging_mixin.py:188} INFO - dvtobv :dag_id
[2024-07-10T19:44:05.101+0000] {logging_mixin.py:188} INFO - table: actor
[2024-07-10T19:44:05.102+0000] {logging_mixin.py:188} INFO - 
 stage: sqltostaging 
 table:actor
[2024-07-10T19:44:05.107+0000] {python.py:202} INFO - Done. Returned value was: None
[2024-07-10T19:44:05.117+0000] {taskinstance.py:1149} INFO - Marking task as SUCCESS. dag_id=sqltostaging, task_id=actor, execution_date=20240709T000000, start_date=20240710T194403, end_date=20240710T194405
[2024-07-10T19:44:05.153+0000] {local_task_job_runner.py:234} INFO - Task exited with return code 0
[2024-07-10T19:44:05.174+0000] {taskinstance.py:3312} INFO - 0 downstream tasks scheduled from follow-on schedule check
[2024-07-10T19:53:57.007+0000] {taskinstance.py:1979} INFO - Dependencies all met for dep_context=non-requeueable deps ti=<TaskInstance: sqltostaging.actor scheduled__2024-07-09T00:00:00+00:00 [queued]>
[2024-07-10T19:53:57.031+0000] {taskinstance.py:1979} INFO - Dependencies all met for dep_context=requeueable deps ti=<TaskInstance: sqltostaging.actor scheduled__2024-07-09T00:00:00+00:00 [queued]>
[2024-07-10T19:53:57.033+0000] {taskinstance.py:2193} INFO - Starting attempt 1 of 1
[2024-07-10T19:53:57.067+0000] {taskinstance.py:2217} INFO - Executing <Task(PythonOperator): actor> on 2024-07-09 00:00:00+00:00
[2024-07-10T19:53:57.097+0000] {standard_task_runner.py:60} INFO - Started process 101 to run task
[2024-07-10T19:53:57.110+0000] {standard_task_runner.py:87} INFO - Running: ['***', 'tasks', 'run', 'sqltostaging', 'actor', 'scheduled__2024-07-09T00:00:00+00:00', '--job-id', '14', '--raw', '--subdir', 'DAGS_FOLDER/dag.py', '--cfg-path', '/tmp/tmp0n9xgcc4']
[2024-07-10T19:53:57.122+0000] {standard_task_runner.py:88} INFO - Job 14: Subtask actor
[2024-07-10T19:53:57.312+0000] {task_command.py:423} INFO - Running <TaskInstance: sqltostaging.actor scheduled__2024-07-09T00:00:00+00:00 [running]> on host c340805483c7
[2024-07-10T19:53:58.274+0000] {taskinstance.py:2513} INFO - Exporting env vars: AIRFLOW_CTX_DAG_OWNER='***' AIRFLOW_CTX_DAG_ID='sqltostaging' AIRFLOW_CTX_TASK_ID='actor' AIRFLOW_CTX_EXECUTION_DATE='2024-07-09T00:00:00+00:00' AIRFLOW_CTX_TRY_NUMBER='1' AIRFLOW_CTX_DAG_RUN_ID='scheduled__2024-07-09T00:00:00+00:00'
[2024-07-10T19:53:58.306+0000] {python.py:202} INFO - Done. Returned value was: None
[2024-07-10T19:53:58.322+0000] {taskinstance.py:1149} INFO - Marking task as SUCCESS. dag_id=sqltostaging, task_id=actor, execution_date=20240709T000000, start_date=20240710T195357, end_date=20240710T195358
[2024-07-10T19:53:58.405+0000] {local_task_job_runner.py:234} INFO - Task exited with return code 0
[2024-07-10T19:53:58.445+0000] {taskinstance.py:3312} INFO - 0 downstream tasks scheduled from follow-on schedule check
[2024-07-10T19:56:46.625+0000] {taskinstance.py:1979} INFO - Dependencies all met for dep_context=non-requeueable deps ti=<TaskInstance: sqltostaging.actor scheduled__2024-07-09T00:00:00+00:00 [queued]>
[2024-07-10T19:56:46.644+0000] {taskinstance.py:1979} INFO - Dependencies all met for dep_context=requeueable deps ti=<TaskInstance: sqltostaging.actor scheduled__2024-07-09T00:00:00+00:00 [queued]>
[2024-07-10T19:56:46.646+0000] {taskinstance.py:2193} INFO - Starting attempt 1 of 1
[2024-07-10T19:56:46.690+0000] {taskinstance.py:2217} INFO - Executing <Task(PythonOperator): actor> on 2024-07-09 00:00:00+00:00
[2024-07-10T19:56:46.707+0000] {standard_task_runner.py:60} INFO - Started process 94 to run task
[2024-07-10T19:56:46.724+0000] {standard_task_runner.py:87} INFO - Running: ['***', 'tasks', 'run', 'sqltostaging', 'actor', 'scheduled__2024-07-09T00:00:00+00:00', '--job-id', '10', '--raw', '--subdir', 'DAGS_FOLDER/dag.py', '--cfg-path', '/tmp/tmpngqzfz3i']
[2024-07-10T19:56:46.747+0000] {standard_task_runner.py:88} INFO - Job 10: Subtask actor
[2024-07-10T19:56:46.908+0000] {task_command.py:423} INFO - Running <TaskInstance: sqltostaging.actor scheduled__2024-07-09T00:00:00+00:00 [running]> on host eb5f087f7265
[2024-07-10T19:56:48.140+0000] {taskinstance.py:2513} INFO - Exporting env vars: AIRFLOW_CTX_DAG_OWNER='***' AIRFLOW_CTX_DAG_ID='sqltostaging' AIRFLOW_CTX_TASK_ID='actor' AIRFLOW_CTX_EXECUTION_DATE='2024-07-09T00:00:00+00:00' AIRFLOW_CTX_TRY_NUMBER='1' AIRFLOW_CTX_DAG_RUN_ID='scheduled__2024-07-09T00:00:00+00:00'
[2024-07-10T19:56:48.200+0000] {python.py:202} INFO - Done. Returned value was: None
[2024-07-10T19:56:48.214+0000] {taskinstance.py:1149} INFO - Marking task as SUCCESS. dag_id=sqltostaging, task_id=actor, execution_date=20240709T000000, start_date=20240710T195646, end_date=20240710T195648
[2024-07-10T19:56:48.260+0000] {local_task_job_runner.py:234} INFO - Task exited with return code 0
[2024-07-10T19:56:48.294+0000] {taskinstance.py:3312} INFO - 0 downstream tasks scheduled from follow-on schedule check
[2024-07-10T20:00:57.143+0000] {taskinstance.py:1979} INFO - Dependencies all met for dep_context=non-requeueable deps ti=<TaskInstance: sqltostaging.actor scheduled__2024-07-09T00:00:00+00:00 [queued]>
[2024-07-10T20:00:57.181+0000] {taskinstance.py:1979} INFO - Dependencies all met for dep_context=requeueable deps ti=<TaskInstance: sqltostaging.actor scheduled__2024-07-09T00:00:00+00:00 [queued]>
[2024-07-10T20:00:57.187+0000] {taskinstance.py:2193} INFO - Starting attempt 1 of 1
[2024-07-10T20:00:57.249+0000] {taskinstance.py:2217} INFO - Executing <Task(PythonOperator): actor> on 2024-07-09 00:00:00+00:00
[2024-07-10T20:00:57.277+0000] {standard_task_runner.py:60} INFO - Started process 102 to run task
[2024-07-10T20:00:57.309+0000] {standard_task_runner.py:87} INFO - Running: ['***', 'tasks', 'run', 'sqltostaging', 'actor', 'scheduled__2024-07-09T00:00:00+00:00', '--job-id', '17', '--raw', '--subdir', 'DAGS_FOLDER/dag.py', '--cfg-path', '/tmp/tmpb19z37ns']
[2024-07-10T20:00:57.354+0000] {standard_task_runner.py:88} INFO - Job 17: Subtask actor
[2024-07-10T20:00:57.650+0000] {task_command.py:423} INFO - Running <TaskInstance: sqltostaging.actor scheduled__2024-07-09T00:00:00+00:00 [running]> on host c8649e4aae44
[2024-07-10T20:01:01.004+0000] {taskinstance.py:2513} INFO - Exporting env vars: AIRFLOW_CTX_DAG_OWNER='***' AIRFLOW_CTX_DAG_ID='sqltostaging' AIRFLOW_CTX_TASK_ID='actor' AIRFLOW_CTX_EXECUTION_DATE='2024-07-09T00:00:00+00:00' AIRFLOW_CTX_TRY_NUMBER='1' AIRFLOW_CTX_DAG_RUN_ID='scheduled__2024-07-09T00:00:00+00:00'
[2024-07-10T20:01:01.192+0000] {logging_mixin.py:188} INFO - select *  from etlconf.Etl_Process_Mapping where SourceTableName = 'actor' and Stage = 'sqltostaging'
[2024-07-10T20:01:01.455+0000] {logging_mixin.py:188} INFO -    id sourcetablename sourcedbname  ...  code         stage last_run_date
0   8           actor    dvdrental  ...  None  sqltostaging          None

[1 rows x 15 columns]
[2024-07-10T20:01:01.456+0000] {taskinstance.py:2731} ERROR - Task failed with exception
Traceback (most recent call last):
  File "/home/airflow/.local/lib/python3.8/site-packages/airflow/models/taskinstance.py", line 444, in _execute_task
    result = _execute_callable(context=context, **execute_callable_kwargs)
  File "/home/airflow/.local/lib/python3.8/site-packages/airflow/models/taskinstance.py", line 414, in _execute_callable
    return execute_callable(context=context, **execute_callable_kwargs)
  File "/home/airflow/.local/lib/python3.8/site-packages/airflow/operators/python.py", line 200, in execute
    return_value = self.execute_callable()
  File "/home/airflow/.local/lib/python3.8/site-packages/airflow/operators/python.py", line 217, in execute_callable
    return self.python_callable(*self.op_args, **self.op_kwargs)
  File "/opt/airflow/dags/dag.py", line 44, in process_table
    return  execute(table, stage, tabletype)
  File "/app/main.py", line 26, in execute
    SqlToStaging().create_full().some_function(table, stage)
  File "/app/concretestage/SQLToStaging.py", line 38, in some_function
    sourceDF = getDF(sourcedbname,sourcetablename , sourceschema)
TypeError: getDF() missing 3 required positional arguments: 'filterColumn', 'dateFrom', and 'dateTo'
[2024-07-10T20:01:01.522+0000] {taskinstance.py:1149} INFO - Marking task as FAILED. dag_id=sqltostaging, task_id=actor, execution_date=20240709T000000, start_date=20240710T200057, end_date=20240710T200101
[2024-07-10T20:01:01.728+0000] {standard_task_runner.py:107} ERROR - Failed to execute job 17 for task actor (getDF() missing 3 required positional arguments: 'filterColumn', 'dateFrom', and 'dateTo'; 102)
[2024-07-10T20:01:01.809+0000] {local_task_job_runner.py:234} INFO - Task exited with return code 1
[2024-07-10T20:01:02.428+0000] {taskinstance.py:3312} INFO - 0 downstream tasks scheduled from follow-on schedule check
[2024-07-10T20:05:21.186+0000] {taskinstance.py:1979} INFO - Dependencies all met for dep_context=non-requeueable deps ti=<TaskInstance: sqltostaging.actor scheduled__2024-07-09T00:00:00+00:00 [queued]>
[2024-07-10T20:05:21.195+0000] {taskinstance.py:1979} INFO - Dependencies all met for dep_context=requeueable deps ti=<TaskInstance: sqltostaging.actor scheduled__2024-07-09T00:00:00+00:00 [queued]>
[2024-07-10T20:05:21.201+0000] {taskinstance.py:2193} INFO - Starting attempt 1 of 1
[2024-07-10T20:05:21.230+0000] {taskinstance.py:2217} INFO - Executing <Task(PythonOperator): actor> on 2024-07-09 00:00:00+00:00
[2024-07-10T20:05:21.243+0000] {standard_task_runner.py:60} INFO - Started process 93 to run task
[2024-07-10T20:05:21.270+0000] {standard_task_runner.py:87} INFO - Running: ['***', 'tasks', 'run', 'sqltostaging', 'actor', 'scheduled__2024-07-09T00:00:00+00:00', '--job-id', '13', '--raw', '--subdir', 'DAGS_FOLDER/dag.py', '--cfg-path', '/tmp/tmpaubq7w8c']
[2024-07-10T20:05:21.283+0000] {standard_task_runner.py:88} INFO - Job 13: Subtask actor
[2024-07-10T20:05:21.438+0000] {task_command.py:423} INFO - Running <TaskInstance: sqltostaging.actor scheduled__2024-07-09T00:00:00+00:00 [running]> on host 3f026d601c5c
[2024-07-10T20:05:22.566+0000] {taskinstance.py:2513} INFO - Exporting env vars: AIRFLOW_CTX_DAG_OWNER='***' AIRFLOW_CTX_DAG_ID='sqltostaging' AIRFLOW_CTX_TASK_ID='actor' AIRFLOW_CTX_EXECUTION_DATE='2024-07-09T00:00:00+00:00' AIRFLOW_CTX_TRY_NUMBER='1' AIRFLOW_CTX_DAG_RUN_ID='scheduled__2024-07-09T00:00:00+00:00'
[2024-07-10T20:05:22.635+0000] {logging_mixin.py:188} INFO - select *  from etlconf.Etl_Process_Mapping where SourceTableName = 'actor' and Stage = 'sqltostaging'
[2024-07-10T20:05:22.689+0000] {logging_mixin.py:188} INFO -    id sourcetablename sourcedbname  ...  code         stage last_run_date
0   8           actor    dvdrental  ...  None  sqltostaging          None

[1 rows x 15 columns]
[2024-07-10T20:05:22.690+0000] {taskinstance.py:2731} ERROR - Task failed with exception
Traceback (most recent call last):
  File "/home/airflow/.local/lib/python3.8/site-packages/airflow/models/taskinstance.py", line 444, in _execute_task
    result = _execute_callable(context=context, **execute_callable_kwargs)
  File "/home/airflow/.local/lib/python3.8/site-packages/airflow/models/taskinstance.py", line 414, in _execute_callable
    return execute_callable(context=context, **execute_callable_kwargs)
  File "/home/airflow/.local/lib/python3.8/site-packages/airflow/operators/python.py", line 200, in execute
    return_value = self.execute_callable()
  File "/home/airflow/.local/lib/python3.8/site-packages/airflow/operators/python.py", line 217, in execute_callable
    return self.python_callable(*self.op_args, **self.op_kwargs)
  File "/opt/airflow/dags/dag.py", line 44, in process_table
    return  execute(table, stage, tabletype)
  File "/app/main.py", line 26, in execute
    SqlToStaging().create_full().some_function(table, stage)
  File "/app/concretestage/SQLToStaging.py", line 38, in some_function
    sourceDF = getDF(sourcedbname,sourcetablename , sourceschema)
TypeError: getDF() missing 3 required positional arguments: 'filterColumn', 'dateFrom', and 'dateTo'
[2024-07-10T20:05:22.704+0000] {taskinstance.py:1149} INFO - Marking task as FAILED. dag_id=sqltostaging, task_id=actor, execution_date=20240709T000000, start_date=20240710T200521, end_date=20240710T200522
[2024-07-10T20:05:22.769+0000] {standard_task_runner.py:107} ERROR - Failed to execute job 13 for task actor (getDF() missing 3 required positional arguments: 'filterColumn', 'dateFrom', and 'dateTo'; 93)
[2024-07-10T20:05:22.793+0000] {local_task_job_runner.py:234} INFO - Task exited with return code 1
[2024-07-10T20:05:22.856+0000] {taskinstance.py:3312} INFO - 0 downstream tasks scheduled from follow-on schedule check
[2024-07-10T20:09:18.208+0000] {taskinstance.py:1979} INFO - Dependencies all met for dep_context=non-requeueable deps ti=<TaskInstance: sqltostaging.actor scheduled__2024-07-09T00:00:00+00:00 [queued]>
[2024-07-10T20:09:18.308+0000] {taskinstance.py:1979} INFO - Dependencies all met for dep_context=requeueable deps ti=<TaskInstance: sqltostaging.actor scheduled__2024-07-09T00:00:00+00:00 [queued]>
[2024-07-10T20:09:18.313+0000] {taskinstance.py:2193} INFO - Starting attempt 1 of 1
[2024-07-10T20:09:18.432+0000] {taskinstance.py:2217} INFO - Executing <Task(PythonOperator): actor> on 2024-07-09 00:00:00+00:00
[2024-07-10T20:09:18.482+0000] {standard_task_runner.py:87} INFO - Running: ['***', 'tasks', 'run', 'sqltostaging', 'actor', 'scheduled__2024-07-09T00:00:00+00:00', '--job-id', '4', '--raw', '--subdir', 'DAGS_FOLDER/dag.py', '--cfg-path', '/tmp/tmpe7zzsxxh']
[2024-07-10T20:09:18.469+0000] {standard_task_runner.py:60} INFO - Started process 95 to run task
[2024-07-10T20:09:18.497+0000] {standard_task_runner.py:88} INFO - Job 4: Subtask actor
[2024-07-10T20:09:18.921+0000] {task_command.py:423} INFO - Running <TaskInstance: sqltostaging.actor scheduled__2024-07-09T00:00:00+00:00 [running]> on host 61a58fe9b448
[2024-07-10T20:09:19.957+0000] {taskinstance.py:2513} INFO - Exporting env vars: AIRFLOW_CTX_DAG_OWNER='***' AIRFLOW_CTX_DAG_ID='sqltostaging' AIRFLOW_CTX_TASK_ID='actor' AIRFLOW_CTX_EXECUTION_DATE='2024-07-09T00:00:00+00:00' AIRFLOW_CTX_TRY_NUMBER='1' AIRFLOW_CTX_DAG_RUN_ID='scheduled__2024-07-09T00:00:00+00:00'
[2024-07-10T20:09:20.026+0000] {logging_mixin.py:188} INFO - select *  from etlconf.Etl_Process_Mapping where SourceTableName = 'actor' and Stage = 'sqltostaging'
[2024-07-10T20:09:20.166+0000] {logging_mixin.py:188} INFO -    id sourcetablename sourcedbname  ...  code         stage last_run_date
0   8           actor    dvdrental  ...  None  sqltostaging          None

[1 rows x 15 columns]
[2024-07-10T20:09:20.166+0000] {taskinstance.py:2731} ERROR - Task failed with exception
Traceback (most recent call last):
  File "/home/airflow/.local/lib/python3.8/site-packages/airflow/models/taskinstance.py", line 444, in _execute_task
    result = _execute_callable(context=context, **execute_callable_kwargs)
  File "/home/airflow/.local/lib/python3.8/site-packages/airflow/models/taskinstance.py", line 414, in _execute_callable
    return execute_callable(context=context, **execute_callable_kwargs)
  File "/home/airflow/.local/lib/python3.8/site-packages/airflow/operators/python.py", line 200, in execute
    return_value = self.execute_callable()
  File "/home/airflow/.local/lib/python3.8/site-packages/airflow/operators/python.py", line 217, in execute_callable
    return self.python_callable(*self.op_args, **self.op_kwargs)
  File "/opt/airflow/dags/dag.py", line 44, in process_table
    return  execute(table, stage, tabletype)
  File "/app/main.py", line 26, in execute
    SqlToStaging().create_full().some_function(table, stage)
  File "/app/concretestage/SQLToStaging.py", line 38, in some_function
    sourceDF = getDF(sourcedbname,sourcetablename , sourceschema)
TypeError: getDF() missing 3 required positional arguments: 'filterColumn', 'dateFrom', and 'dateTo'
[2024-07-10T20:09:20.180+0000] {taskinstance.py:1149} INFO - Marking task as FAILED. dag_id=sqltostaging, task_id=actor, execution_date=20240709T000000, start_date=20240710T200918, end_date=20240710T200920
[2024-07-10T20:09:20.215+0000] {standard_task_runner.py:107} ERROR - Failed to execute job 4 for task actor (getDF() missing 3 required positional arguments: 'filterColumn', 'dateFrom', and 'dateTo'; 95)
[2024-07-10T20:09:20.253+0000] {local_task_job_runner.py:234} INFO - Task exited with return code 1
[2024-07-10T20:09:20.400+0000] {taskinstance.py:3312} INFO - 0 downstream tasks scheduled from follow-on schedule check
[2024-07-10T20:15:06.711+0000] {taskinstance.py:1979} INFO - Dependencies all met for dep_context=non-requeueable deps ti=<TaskInstance: sqltostaging.actor scheduled__2024-07-09T00:00:00+00:00 [queued]>
[2024-07-10T20:15:06.728+0000] {taskinstance.py:1979} INFO - Dependencies all met for dep_context=requeueable deps ti=<TaskInstance: sqltostaging.actor scheduled__2024-07-09T00:00:00+00:00 [queued]>
[2024-07-10T20:15:06.733+0000] {taskinstance.py:2193} INFO - Starting attempt 1 of 1
[2024-07-10T20:15:06.779+0000] {taskinstance.py:2217} INFO - Executing <Task(PythonOperator): actor> on 2024-07-09 00:00:00+00:00
[2024-07-10T20:15:06.782+0000] {standard_task_runner.py:60} INFO - Started process 101 to run task
[2024-07-10T20:15:06.794+0000] {standard_task_runner.py:87} INFO - Running: ['***', 'tasks', 'run', 'sqltostaging', 'actor', 'scheduled__2024-07-09T00:00:00+00:00', '--job-id', '16', '--raw', '--subdir', 'DAGS_FOLDER/dag.py', '--cfg-path', '/tmp/tmpo29r_1hl']
[2024-07-10T20:15:06.810+0000] {standard_task_runner.py:88} INFO - Job 16: Subtask actor
[2024-07-10T20:15:06.974+0000] {task_command.py:423} INFO - Running <TaskInstance: sqltostaging.actor scheduled__2024-07-09T00:00:00+00:00 [running]> on host c782b552e7b5
[2024-07-10T20:15:08.478+0000] {taskinstance.py:2513} INFO - Exporting env vars: AIRFLOW_CTX_DAG_OWNER='***' AIRFLOW_CTX_DAG_ID='sqltostaging' AIRFLOW_CTX_TASK_ID='actor' AIRFLOW_CTX_EXECUTION_DATE='2024-07-09T00:00:00+00:00' AIRFLOW_CTX_TRY_NUMBER='1' AIRFLOW_CTX_DAG_RUN_ID='scheduled__2024-07-09T00:00:00+00:00'
[2024-07-10T20:15:08.507+0000] {logging_mixin.py:188} INFO - select *  from etlconf.Etl_Process_Mapping where SourceTableName = 'actor' and Stage = 'sqltostaging'
[2024-07-10T20:15:08.559+0000] {logging_mixin.py:188} INFO -    id sourcetablename sourcedbname  ...  code         stage last_run_date
0   8           actor    dvdrental  ...  None  sqltostaging          None

[1 rows x 15 columns]
[2024-07-10T20:15:08.562+0000] {taskinstance.py:2731} ERROR - Task failed with exception
Traceback (most recent call last):
  File "/home/airflow/.local/lib/python3.8/site-packages/airflow/models/taskinstance.py", line 444, in _execute_task
    result = _execute_callable(context=context, **execute_callable_kwargs)
  File "/home/airflow/.local/lib/python3.8/site-packages/airflow/models/taskinstance.py", line 414, in _execute_callable
    return execute_callable(context=context, **execute_callable_kwargs)
  File "/home/airflow/.local/lib/python3.8/site-packages/airflow/operators/python.py", line 200, in execute
    return_value = self.execute_callable()
  File "/home/airflow/.local/lib/python3.8/site-packages/airflow/operators/python.py", line 217, in execute_callable
    return self.python_callable(*self.op_args, **self.op_kwargs)
  File "/opt/airflow/dags/dag.py", line 44, in process_table
    return  execute(table, stage, tabletype)
  File "/app/main.py", line 26, in execute
    SqlToStaging().create_full().some_function(table, stage)
  File "/app/concretestage/SQLToStaging.py", line 38, in some_function
    sourceDF = getDF(sourcedbname,sourcetablename , sourceschema)
TypeError: getDF() missing 3 required positional arguments: 'filterColumn', 'dateFrom', and 'dateTo'
[2024-07-10T20:15:08.570+0000] {taskinstance.py:1149} INFO - Marking task as FAILED. dag_id=sqltostaging, task_id=actor, execution_date=20240709T000000, start_date=20240710T201506, end_date=20240710T201508
[2024-07-10T20:15:08.609+0000] {standard_task_runner.py:107} ERROR - Failed to execute job 16 for task actor (getDF() missing 3 required positional arguments: 'filterColumn', 'dateFrom', and 'dateTo'; 101)
[2024-07-10T20:15:08.619+0000] {local_task_job_runner.py:234} INFO - Task exited with return code 1
[2024-07-10T20:15:08.663+0000] {taskinstance.py:3312} INFO - 0 downstream tasks scheduled from follow-on schedule check
[2024-07-10T20:19:53.491+0000] {taskinstance.py:1979} INFO - Dependencies all met for dep_context=non-requeueable deps ti=<TaskInstance: sqltostaging.actor scheduled__2024-07-09T00:00:00+00:00 [queued]>
[2024-07-10T20:19:53.531+0000] {taskinstance.py:1979} INFO - Dependencies all met for dep_context=requeueable deps ti=<TaskInstance: sqltostaging.actor scheduled__2024-07-09T00:00:00+00:00 [queued]>
[2024-07-10T20:19:53.542+0000] {taskinstance.py:2193} INFO - Starting attempt 1 of 1
[2024-07-10T20:19:53.585+0000] {taskinstance.py:2217} INFO - Executing <Task(PythonOperator): actor> on 2024-07-09 00:00:00+00:00
[2024-07-10T20:19:53.599+0000] {standard_task_runner.py:60} INFO - Started process 93 to run task
[2024-07-10T20:19:53.620+0000] {standard_task_runner.py:87} INFO - Running: ['***', 'tasks', 'run', 'sqltostaging', 'actor', 'scheduled__2024-07-09T00:00:00+00:00', '--job-id', '9', '--raw', '--subdir', 'DAGS_FOLDER/dag.py', '--cfg-path', '/tmp/tmpu75uc4gx']
[2024-07-10T20:19:53.629+0000] {standard_task_runner.py:88} INFO - Job 9: Subtask actor
[2024-07-10T20:19:53.833+0000] {task_command.py:423} INFO - Running <TaskInstance: sqltostaging.actor scheduled__2024-07-09T00:00:00+00:00 [running]> on host dcd5a91c9a96
[2024-07-10T20:19:54.799+0000] {taskinstance.py:2513} INFO - Exporting env vars: AIRFLOW_CTX_DAG_OWNER='***' AIRFLOW_CTX_DAG_ID='sqltostaging' AIRFLOW_CTX_TASK_ID='actor' AIRFLOW_CTX_EXECUTION_DATE='2024-07-09T00:00:00+00:00' AIRFLOW_CTX_TRY_NUMBER='1' AIRFLOW_CTX_DAG_RUN_ID='scheduled__2024-07-09T00:00:00+00:00'
[2024-07-10T20:19:54.978+0000] {logging_mixin.py:188} INFO - select *  from etlconf.Etl_Process_Mapping where SourceTableName = 'actor' and Stage = 'sqltostaging'
[2024-07-10T20:19:55.043+0000] {logging_mixin.py:188} INFO -    id sourcetablename sourcedbname  ...  code         stage last_run_date
0   8           actor    dvdrental  ...  None  sqltostaging          None

[1 rows x 15 columns]
[2024-07-10T20:19:55.049+0000] {taskinstance.py:2731} ERROR - Task failed with exception
Traceback (most recent call last):
  File "/home/airflow/.local/lib/python3.8/site-packages/airflow/models/taskinstance.py", line 444, in _execute_task
    result = _execute_callable(context=context, **execute_callable_kwargs)
  File "/home/airflow/.local/lib/python3.8/site-packages/airflow/models/taskinstance.py", line 414, in _execute_callable
    return execute_callable(context=context, **execute_callable_kwargs)
  File "/home/airflow/.local/lib/python3.8/site-packages/airflow/operators/python.py", line 200, in execute
    return_value = self.execute_callable()
  File "/home/airflow/.local/lib/python3.8/site-packages/airflow/operators/python.py", line 217, in execute_callable
    return self.python_callable(*self.op_args, **self.op_kwargs)
  File "/opt/airflow/dags/dag.py", line 44, in process_table
    return  execute(table, stage, tabletype)
  File "/app/main.py", line 26, in execute
    SqlToStaging().create_full().some_function(table, stage)
  File "/app/concretestage/SQLToStaging.py", line 38, in some_function
    sourceDF = getDF(sourcedbname,sourcetablename , sourceschema)
TypeError: getDF() missing 3 required positional arguments: 'filterColumn', 'dateFrom', and 'dateTo'
[2024-07-10T20:19:55.078+0000] {taskinstance.py:1149} INFO - Marking task as FAILED. dag_id=sqltostaging, task_id=actor, execution_date=20240709T000000, start_date=20240710T201953, end_date=20240710T201955
[2024-07-10T20:19:55.093+0000] {standard_task_runner.py:107} ERROR - Failed to execute job 9 for task actor (getDF() missing 3 required positional arguments: 'filterColumn', 'dateFrom', and 'dateTo'; 93)
[2024-07-10T20:19:55.131+0000] {local_task_job_runner.py:234} INFO - Task exited with return code 1
[2024-07-10T20:19:55.185+0000] {taskinstance.py:3312} INFO - 0 downstream tasks scheduled from follow-on schedule check
[2024-07-10T20:25:52.105+0000] {taskinstance.py:1979} INFO - Dependencies all met for dep_context=non-requeueable deps ti=<TaskInstance: sqltostaging.actor scheduled__2024-07-09T00:00:00+00:00 [queued]>
[2024-07-10T20:25:52.118+0000] {taskinstance.py:1979} INFO - Dependencies all met for dep_context=requeueable deps ti=<TaskInstance: sqltostaging.actor scheduled__2024-07-09T00:00:00+00:00 [queued]>
[2024-07-10T20:25:52.119+0000] {taskinstance.py:2193} INFO - Starting attempt 1 of 1
[2024-07-10T20:25:52.157+0000] {taskinstance.py:2217} INFO - Executing <Task(PythonOperator): actor> on 2024-07-09 00:00:00+00:00
[2024-07-10T20:25:52.201+0000] {standard_task_runner.py:60} INFO - Started process 123 to run task
[2024-07-10T20:25:52.208+0000] {standard_task_runner.py:87} INFO - Running: ['***', 'tasks', 'run', 'sqltostaging', 'actor', 'scheduled__2024-07-09T00:00:00+00:00', '--job-id', '6', '--raw', '--subdir', 'DAGS_FOLDER/dag.py', '--cfg-path', '/tmp/tmpi4yoe585']
[2024-07-10T20:25:52.224+0000] {standard_task_runner.py:88} INFO - Job 6: Subtask actor
[2024-07-10T20:25:52.413+0000] {task_command.py:423} INFO - Running <TaskInstance: sqltostaging.actor scheduled__2024-07-09T00:00:00+00:00 [running]> on host d72f5bf26a9d
[2024-07-10T20:25:53.042+0000] {taskinstance.py:2513} INFO - Exporting env vars: AIRFLOW_CTX_DAG_OWNER='***' AIRFLOW_CTX_DAG_ID='sqltostaging' AIRFLOW_CTX_TASK_ID='actor' AIRFLOW_CTX_EXECUTION_DATE='2024-07-09T00:00:00+00:00' AIRFLOW_CTX_TRY_NUMBER='1' AIRFLOW_CTX_DAG_RUN_ID='scheduled__2024-07-09T00:00:00+00:00'
[2024-07-10T20:25:53.138+0000] {logging_mixin.py:188} INFO - select *  from etlconf.Etl_Process_Mapping where SourceTableName = 'actor' and Stage = 'sqltostaging'
[2024-07-10T20:25:53.206+0000] {logging_mixin.py:188} INFO -    id sourcetablename sourcedbname  ...  code         stage last_run_date
0   8           actor    dvdrental  ...  None  sqltostaging          None

[1 rows x 15 columns]
[2024-07-10T20:25:53.210+0000] {taskinstance.py:2731} ERROR - Task failed with exception
Traceback (most recent call last):
  File "/home/airflow/.local/lib/python3.8/site-packages/airflow/models/taskinstance.py", line 444, in _execute_task
    result = _execute_callable(context=context, **execute_callable_kwargs)
  File "/home/airflow/.local/lib/python3.8/site-packages/airflow/models/taskinstance.py", line 414, in _execute_callable
    return execute_callable(context=context, **execute_callable_kwargs)
  File "/home/airflow/.local/lib/python3.8/site-packages/airflow/operators/python.py", line 200, in execute
    return_value = self.execute_callable()
  File "/home/airflow/.local/lib/python3.8/site-packages/airflow/operators/python.py", line 217, in execute_callable
    return self.python_callable(*self.op_args, **self.op_kwargs)
  File "/opt/airflow/dags/dag.py", line 44, in process_table
    return  execute(table, stage, tabletype)
  File "/app/main.py", line 26, in execute
    SqlToStaging().create_full().some_function(table, stage)
  File "/app/concretestage/SQLToStaging.py", line 38, in some_function
    sourceDF = getDF(sourcedbname,sourcetablename , sourceschema)
TypeError: getDF() missing 3 required positional arguments: 'filterColumn', 'dateFrom', and 'dateTo'
[2024-07-10T20:25:53.229+0000] {taskinstance.py:1149} INFO - Marking task as FAILED. dag_id=sqltostaging, task_id=actor, execution_date=20240709T000000, start_date=20240710T202552, end_date=20240710T202553
[2024-07-10T20:25:53.258+0000] {standard_task_runner.py:107} ERROR - Failed to execute job 6 for task actor (getDF() missing 3 required positional arguments: 'filterColumn', 'dateFrom', and 'dateTo'; 123)
[2024-07-10T20:25:53.341+0000] {local_task_job_runner.py:234} INFO - Task exited with return code 1
[2024-07-10T20:25:53.381+0000] {taskinstance.py:3312} INFO - 0 downstream tasks scheduled from follow-on schedule check
[2024-07-10T20:33:41.840+0000] {taskinstance.py:1979} INFO - Dependencies all met for dep_context=non-requeueable deps ti=<TaskInstance: sqltostaging.actor scheduled__2024-07-09T00:00:00+00:00 [queued]>
[2024-07-10T20:33:41.874+0000] {taskinstance.py:1979} INFO - Dependencies all met for dep_context=requeueable deps ti=<TaskInstance: sqltostaging.actor scheduled__2024-07-09T00:00:00+00:00 [queued]>
[2024-07-10T20:33:41.878+0000] {taskinstance.py:2193} INFO - Starting attempt 1 of 1
[2024-07-10T20:33:41.918+0000] {taskinstance.py:2217} INFO - Executing <Task(PythonOperator): actor> on 2024-07-09 00:00:00+00:00
[2024-07-10T20:33:41.924+0000] {standard_task_runner.py:60} INFO - Started process 100 to run task
[2024-07-10T20:33:41.937+0000] {standard_task_runner.py:87} INFO - Running: ['***', 'tasks', 'run', 'sqltostaging', 'actor', 'scheduled__2024-07-09T00:00:00+00:00', '--job-id', '16', '--raw', '--subdir', 'DAGS_FOLDER/dag.py', '--cfg-path', '/tmp/tmpf04ulr9z']
[2024-07-10T20:33:41.951+0000] {standard_task_runner.py:88} INFO - Job 16: Subtask actor
[2024-07-10T20:33:42.143+0000] {task_command.py:423} INFO - Running <TaskInstance: sqltostaging.actor scheduled__2024-07-09T00:00:00+00:00 [running]> on host d0a0151057b2
[2024-07-10T20:33:43.479+0000] {taskinstance.py:2513} INFO - Exporting env vars: AIRFLOW_CTX_DAG_OWNER='***' AIRFLOW_CTX_DAG_ID='sqltostaging' AIRFLOW_CTX_TASK_ID='actor' AIRFLOW_CTX_EXECUTION_DATE='2024-07-09T00:00:00+00:00' AIRFLOW_CTX_TRY_NUMBER='1' AIRFLOW_CTX_DAG_RUN_ID='scheduled__2024-07-09T00:00:00+00:00'
[2024-07-10T20:33:43.578+0000] {logging_mixin.py:188} INFO - select *  from etlconf.Etl_Process_Mapping where SourceTableName = 'actor' and Stage = 'sqltostaging'
[2024-07-10T20:33:43.657+0000] {logging_mixin.py:188} INFO -    id sourcetablename sourcedbname  ...  code         stage last_run_date
0   8           actor    dvdrental  ...  None  sqltostaging          None

[1 rows x 15 columns]
[2024-07-10T20:33:43.657+0000] {taskinstance.py:2731} ERROR - Task failed with exception
Traceback (most recent call last):
  File "/home/airflow/.local/lib/python3.8/site-packages/airflow/models/taskinstance.py", line 444, in _execute_task
    result = _execute_callable(context=context, **execute_callable_kwargs)
  File "/home/airflow/.local/lib/python3.8/site-packages/airflow/models/taskinstance.py", line 414, in _execute_callable
    return execute_callable(context=context, **execute_callable_kwargs)
  File "/home/airflow/.local/lib/python3.8/site-packages/airflow/operators/python.py", line 200, in execute
    return_value = self.execute_callable()
  File "/home/airflow/.local/lib/python3.8/site-packages/airflow/operators/python.py", line 217, in execute_callable
    return self.python_callable(*self.op_args, **self.op_kwargs)
  File "/opt/airflow/dags/dag.py", line 44, in process_table
    return  execute(table, stage, tabletype)
  File "/app/main.py", line 26, in execute
    SqlToStaging().create_full().some_function(table, stage)
  File "/app/concretestage/SQLToStaging.py", line 38, in some_function
    sourceDF = getDF(sourcedbname,sourcetablename , sourceschema)
TypeError: getDF() missing 3 required positional arguments: 'filterColumn', 'dateFrom', and 'dateTo'
[2024-07-10T20:33:43.674+0000] {taskinstance.py:1149} INFO - Marking task as FAILED. dag_id=sqltostaging, task_id=actor, execution_date=20240709T000000, start_date=20240710T203341, end_date=20240710T203343
[2024-07-10T20:33:43.682+0000] {standard_task_runner.py:107} ERROR - Failed to execute job 16 for task actor (getDF() missing 3 required positional arguments: 'filterColumn', 'dateFrom', and 'dateTo'; 100)
[2024-07-10T20:33:43.715+0000] {local_task_job_runner.py:234} INFO - Task exited with return code 1
[2024-07-10T20:33:43.737+0000] {taskinstance.py:3312} INFO - 0 downstream tasks scheduled from follow-on schedule check
[2024-07-10T20:36:57.593+0000] {taskinstance.py:1979} INFO - Dependencies all met for dep_context=non-requeueable deps ti=<TaskInstance: sqltostaging.actor scheduled__2024-07-09T00:00:00+00:00 [queued]>
[2024-07-10T20:36:57.616+0000] {taskinstance.py:1979} INFO - Dependencies all met for dep_context=requeueable deps ti=<TaskInstance: sqltostaging.actor scheduled__2024-07-09T00:00:00+00:00 [queued]>
[2024-07-10T20:36:57.621+0000] {taskinstance.py:2193} INFO - Starting attempt 1 of 1
[2024-07-10T20:36:57.685+0000] {taskinstance.py:2217} INFO - Executing <Task(PythonOperator): actor> on 2024-07-09 00:00:00+00:00
[2024-07-10T20:36:57.714+0000] {standard_task_runner.py:60} INFO - Started process 103 to run task
[2024-07-10T20:36:57.755+0000] {standard_task_runner.py:87} INFO - Running: ['***', 'tasks', 'run', 'sqltostaging', 'actor', 'scheduled__2024-07-09T00:00:00+00:00', '--job-id', '17', '--raw', '--subdir', 'DAGS_FOLDER/dag.py', '--cfg-path', '/tmp/tmp1s6xc_u3']
[2024-07-10T20:36:57.759+0000] {standard_task_runner.py:88} INFO - Job 17: Subtask actor
[2024-07-10T20:36:57.938+0000] {task_command.py:423} INFO - Running <TaskInstance: sqltostaging.actor scheduled__2024-07-09T00:00:00+00:00 [running]> on host dca83dd4e715
[2024-07-10T20:36:58.775+0000] {taskinstance.py:2513} INFO - Exporting env vars: AIRFLOW_CTX_DAG_OWNER='***' AIRFLOW_CTX_DAG_ID='sqltostaging' AIRFLOW_CTX_TASK_ID='actor' AIRFLOW_CTX_EXECUTION_DATE='2024-07-09T00:00:00+00:00' AIRFLOW_CTX_TRY_NUMBER='1' AIRFLOW_CTX_DAG_RUN_ID='scheduled__2024-07-09T00:00:00+00:00'
[2024-07-10T20:36:58.911+0000] {logging_mixin.py:188} INFO - select *  from etlconf.Etl_Process_Mapping where SourceTableName = 'actor' and Stage = 'sqltostaging'
[2024-07-10T20:36:59.149+0000] {logging_mixin.py:188} INFO -    id sourcetablename sourcedbname  ...  code         stage last_run_date
0   8           actor    dvdrental  ...  None  sqltostaging          None

[1 rows x 15 columns]
[2024-07-10T20:36:59.153+0000] {taskinstance.py:2731} ERROR - Task failed with exception
Traceback (most recent call last):
  File "/home/airflow/.local/lib/python3.8/site-packages/airflow/models/taskinstance.py", line 444, in _execute_task
    result = _execute_callable(context=context, **execute_callable_kwargs)
  File "/home/airflow/.local/lib/python3.8/site-packages/airflow/models/taskinstance.py", line 414, in _execute_callable
    return execute_callable(context=context, **execute_callable_kwargs)
  File "/home/airflow/.local/lib/python3.8/site-packages/airflow/operators/python.py", line 200, in execute
    return_value = self.execute_callable()
  File "/home/airflow/.local/lib/python3.8/site-packages/airflow/operators/python.py", line 217, in execute_callable
    return self.python_callable(*self.op_args, **self.op_kwargs)
  File "/opt/airflow/dags/dag.py", line 44, in process_table
    return  execute(table, stage, tabletype)
  File "/app/main.py", line 26, in execute
    SqlToStaging().create_full().some_function(table, stage)
  File "/app/concretestage/SQLToStaging.py", line 38, in some_function
    sourceDF = getDF(sourcedbname,sourcetablename , sourceschema)
TypeError: getDF() missing 3 required positional arguments: 'filterColumn', 'dateFrom', and 'dateTo'
[2024-07-10T20:36:59.197+0000] {taskinstance.py:1149} INFO - Marking task as FAILED. dag_id=sqltostaging, task_id=actor, execution_date=20240709T000000, start_date=20240710T203657, end_date=20240710T203659
[2024-07-10T20:36:59.238+0000] {standard_task_runner.py:107} ERROR - Failed to execute job 17 for task actor (getDF() missing 3 required positional arguments: 'filterColumn', 'dateFrom', and 'dateTo'; 103)
[2024-07-10T20:36:59.291+0000] {local_task_job_runner.py:234} INFO - Task exited with return code 1
[2024-07-10T20:36:59.423+0000] {taskinstance.py:3312} INFO - 0 downstream tasks scheduled from follow-on schedule check
[2024-07-10T20:40:14.097+0000] {taskinstance.py:1979} INFO - Dependencies all met for dep_context=non-requeueable deps ti=<TaskInstance: sqltostaging.actor scheduled__2024-07-09T00:00:00+00:00 [queued]>
[2024-07-10T20:40:14.120+0000] {taskinstance.py:1979} INFO - Dependencies all met for dep_context=requeueable deps ti=<TaskInstance: sqltostaging.actor scheduled__2024-07-09T00:00:00+00:00 [queued]>
[2024-07-10T20:40:14.127+0000] {taskinstance.py:2193} INFO - Starting attempt 1 of 1
[2024-07-10T20:40:14.154+0000] {taskinstance.py:2217} INFO - Executing <Task(PythonOperator): actor> on 2024-07-09 00:00:00+00:00
[2024-07-10T20:40:14.158+0000] {standard_task_runner.py:60} INFO - Started process 102 to run task
[2024-07-10T20:40:14.173+0000] {standard_task_runner.py:87} INFO - Running: ['***', 'tasks', 'run', 'sqltostaging', 'actor', 'scheduled__2024-07-09T00:00:00+00:00', '--job-id', '15', '--raw', '--subdir', 'DAGS_FOLDER/dag.py', '--cfg-path', '/tmp/tmp4ndm9_18']
[2024-07-10T20:40:14.184+0000] {standard_task_runner.py:88} INFO - Job 15: Subtask actor
[2024-07-10T20:40:14.340+0000] {task_command.py:423} INFO - Running <TaskInstance: sqltostaging.actor scheduled__2024-07-09T00:00:00+00:00 [running]> on host 2bc01acfbd3e
[2024-07-10T20:40:15.536+0000] {taskinstance.py:2513} INFO - Exporting env vars: AIRFLOW_CTX_DAG_OWNER='***' AIRFLOW_CTX_DAG_ID='sqltostaging' AIRFLOW_CTX_TASK_ID='actor' AIRFLOW_CTX_EXECUTION_DATE='2024-07-09T00:00:00+00:00' AIRFLOW_CTX_TRY_NUMBER='1' AIRFLOW_CTX_DAG_RUN_ID='scheduled__2024-07-09T00:00:00+00:00'
[2024-07-10T20:40:15.575+0000] {logging_mixin.py:188} INFO - select *  from etlconf.Etl_Process_Mapping where SourceTableName = 'actor' and Stage = 'sqltostaging'
[2024-07-10T20:40:15.625+0000] {logging_mixin.py:188} INFO -    id sourcetablename sourcedbname  ...  code         stage last_run_date
0   8           actor    dvdrental  ...  None  sqltostaging          None

[1 rows x 15 columns]
[2024-07-10T20:40:15.626+0000] {taskinstance.py:2731} ERROR - Task failed with exception
Traceback (most recent call last):
  File "/home/airflow/.local/lib/python3.8/site-packages/airflow/models/taskinstance.py", line 444, in _execute_task
    result = _execute_callable(context=context, **execute_callable_kwargs)
  File "/home/airflow/.local/lib/python3.8/site-packages/airflow/models/taskinstance.py", line 414, in _execute_callable
    return execute_callable(context=context, **execute_callable_kwargs)
  File "/home/airflow/.local/lib/python3.8/site-packages/airflow/operators/python.py", line 200, in execute
    return_value = self.execute_callable()
  File "/home/airflow/.local/lib/python3.8/site-packages/airflow/operators/python.py", line 217, in execute_callable
    return self.python_callable(*self.op_args, **self.op_kwargs)
  File "/opt/airflow/dags/dag.py", line 44, in process_table
    return  execute(table, stage, tabletype)
  File "/app/main.py", line 26, in execute
    SqlToStaging().create_full().some_function(table, stage)
  File "/app/concretestage/SQLToStaging.py", line 38, in some_function
    sourceDF = getDF(sourcedbname,sourcetablename , sourceschema)
TypeError: getDF() missing 3 required positional arguments: 'filterColumn', 'dateFrom', and 'dateTo'
[2024-07-10T20:40:15.635+0000] {taskinstance.py:1149} INFO - Marking task as FAILED. dag_id=sqltostaging, task_id=actor, execution_date=20240709T000000, start_date=20240710T204014, end_date=20240710T204015
[2024-07-10T20:40:15.646+0000] {standard_task_runner.py:107} ERROR - Failed to execute job 15 for task actor (getDF() missing 3 required positional arguments: 'filterColumn', 'dateFrom', and 'dateTo'; 102)
[2024-07-10T20:40:15.674+0000] {local_task_job_runner.py:234} INFO - Task exited with return code 1
[2024-07-10T20:40:15.696+0000] {taskinstance.py:3312} INFO - 0 downstream tasks scheduled from follow-on schedule check
