[2024-07-03T18:57:43.449+0000] {taskinstance.py:1979} INFO - Dependencies all met for dep_context=non-requeueable deps ti=<TaskInstance: sqltostaging.staff scheduled__2024-07-02T00:00:00+00:00 [queued]>
[2024-07-03T18:57:43.468+0000] {taskinstance.py:1979} INFO - Dependencies all met for dep_context=requeueable deps ti=<TaskInstance: sqltostaging.staff scheduled__2024-07-02T00:00:00+00:00 [queued]>
[2024-07-03T18:57:43.475+0000] {taskinstance.py:2193} INFO - Starting attempt 1 of 1
[2024-07-03T18:57:43.520+0000] {taskinstance.py:2217} INFO - Executing <Task(PythonOperator): staff> on 2024-07-02 00:00:00+00:00
[2024-07-03T18:57:43.532+0000] {standard_task_runner.py:60} INFO - Started process 87 to run task
[2024-07-03T18:57:43.543+0000] {standard_task_runner.py:87} INFO - Running: ['***', 'tasks', 'run', 'sqltostaging', 'staff', 'scheduled__2024-07-02T00:00:00+00:00', '--job-id', '39', '--raw', '--subdir', 'DAGS_FOLDER/dag.py', '--cfg-path', '/tmp/tmpgd7t0qiy']
[2024-07-03T18:57:43.560+0000] {standard_task_runner.py:88} INFO - Job 39: Subtask staff
[2024-07-03T18:57:43.712+0000] {task_command.py:423} INFO - Running <TaskInstance: sqltostaging.staff scheduled__2024-07-02T00:00:00+00:00 [running]> on host df9727a9ba29
[2024-07-03T18:57:44.656+0000] {taskinstance.py:2513} INFO - Exporting env vars: AIRFLOW_CTX_DAG_OWNER='***' AIRFLOW_CTX_DAG_ID='sqltostaging' AIRFLOW_CTX_TASK_ID='staff' AIRFLOW_CTX_EXECUTION_DATE='2024-07-02T00:00:00+00:00' AIRFLOW_CTX_TRY_NUMBER='1' AIRFLOW_CTX_DAG_RUN_ID='scheduled__2024-07-02T00:00:00+00:00'
[2024-07-03T18:57:44.659+0000] {logging_mixin.py:188} INFO - dvtobv :dag_id
[2024-07-03T18:57:44.661+0000] {logging_mixin.py:188} INFO - table: staff
[2024-07-03T18:57:44.662+0000] {logging_mixin.py:188} INFO - 
 stage: sqltostaging 
 table:staff
[2024-07-03T18:57:44.709+0000] {logging_mixin.py:188} INFO - 0    dvdrental
Name: sourcedbname, dtype: object 
 0    staff
Name: sourcetablename, dtype: object 
 0    public
Name: sourceschema, dtype: object
[2024-07-03T18:57:44.710+0000] {python.py:202} INFO - Done. Returned value was: None
[2024-07-03T18:57:44.728+0000] {taskinstance.py:1149} INFO - Marking task as SUCCESS. dag_id=sqltostaging, task_id=staff, execution_date=20240702T000000, start_date=20240703T185743, end_date=20240703T185744
[2024-07-03T18:57:44.815+0000] {local_task_job_runner.py:234} INFO - Task exited with return code 0
[2024-07-03T18:57:44.897+0000] {taskinstance.py:3312} INFO - 0 downstream tasks scheduled from follow-on schedule check
[2024-07-03T18:59:06.287+0000] {taskinstance.py:1979} INFO - Dependencies all met for dep_context=non-requeueable deps ti=<TaskInstance: sqltostaging.staff scheduled__2024-07-02T00:00:00+00:00 [queued]>
[2024-07-03T18:59:06.304+0000] {taskinstance.py:1979} INFO - Dependencies all met for dep_context=requeueable deps ti=<TaskInstance: sqltostaging.staff scheduled__2024-07-02T00:00:00+00:00 [queued]>
[2024-07-03T18:59:06.305+0000] {taskinstance.py:2193} INFO - Starting attempt 1 of 1
[2024-07-03T18:59:06.337+0000] {taskinstance.py:2217} INFO - Executing <Task(PythonOperator): staff> on 2024-07-02 00:00:00+00:00
[2024-07-03T18:59:06.347+0000] {standard_task_runner.py:60} INFO - Started process 95 to run task
[2024-07-03T18:59:06.355+0000] {standard_task_runner.py:87} INFO - Running: ['***', 'tasks', 'run', 'sqltostaging', 'staff', 'scheduled__2024-07-02T00:00:00+00:00', '--job-id', '12', '--raw', '--subdir', 'DAGS_FOLDER/dag.py', '--cfg-path', '/tmp/tmpqkddxemt']
[2024-07-03T18:59:06.371+0000] {standard_task_runner.py:88} INFO - Job 12: Subtask staff
[2024-07-03T18:59:06.574+0000] {task_command.py:423} INFO - Running <TaskInstance: sqltostaging.staff scheduled__2024-07-02T00:00:00+00:00 [running]> on host 1eca196ca799
[2024-07-03T18:59:07.259+0000] {taskinstance.py:2513} INFO - Exporting env vars: AIRFLOW_CTX_DAG_OWNER='***' AIRFLOW_CTX_DAG_ID='sqltostaging' AIRFLOW_CTX_TASK_ID='staff' AIRFLOW_CTX_EXECUTION_DATE='2024-07-02T00:00:00+00:00' AIRFLOW_CTX_TRY_NUMBER='1' AIRFLOW_CTX_DAG_RUN_ID='scheduled__2024-07-02T00:00:00+00:00'
[2024-07-03T18:59:07.266+0000] {logging_mixin.py:188} INFO - dvtobv :dag_id
[2024-07-03T18:59:07.270+0000] {logging_mixin.py:188} INFO - table: staff
[2024-07-03T18:59:07.272+0000] {logging_mixin.py:188} INFO - 
 stage: sqltostaging 
 table:staff
[2024-07-03T18:59:07.360+0000] {taskinstance.py:2731} ERROR - Task failed with exception
Traceback (most recent call last):
  File "/home/airflow/.local/lib/python3.8/site-packages/airflow/models/taskinstance.py", line 444, in _execute_task
    result = _execute_callable(context=context, **execute_callable_kwargs)
  File "/home/airflow/.local/lib/python3.8/site-packages/airflow/models/taskinstance.py", line 414, in _execute_callable
    return execute_callable(context=context, **execute_callable_kwargs)
  File "/home/airflow/.local/lib/python3.8/site-packages/airflow/operators/python.py", line 200, in execute
    return_value = self.execute_callable()
  File "/home/airflow/.local/lib/python3.8/site-packages/airflow/operators/python.py", line 217, in execute_callable
    return self.python_callable(*self.op_args, **self.op_kwargs)
  File "/opt/airflow/dags/dag.py", line 22, in process_table
    return  execute(table, stage)
  File "/app/main.py", line 25, in execute
    SqlToStaging().create_full().some_function(stage, table)
  File "/app/concretestage/SQLToStaging.py", line 30, in some_function
    df = get_data_from_conf_table(f"{table}", f"{stage}")
  File "/app/myFramework/utils/utils.py", line 142, in get_data_from_conf_table
    df.columns = [desc[0] for desc in cur.description]
  File "/home/airflow/.local/lib/python3.8/site-packages/pandas/core/generic.py", line 6002, in __setattr__
    return object.__setattr__(self, name, value)
  File "pandas/_libs/properties.pyx", line 69, in pandas._libs.properties.AxisProperty.__set__
  File "/home/airflow/.local/lib/python3.8/site-packages/pandas/core/generic.py", line 730, in _set_axis
    self._mgr.set_axis(axis, labels)
  File "/home/airflow/.local/lib/python3.8/site-packages/pandas/core/internals/managers.py", line 225, in set_axis
    self._validate_set_axis(axis, new_labels)
  File "/home/airflow/.local/lib/python3.8/site-packages/pandas/core/internals/base.py", line 70, in _validate_set_axis
    raise ValueError(
ValueError: Length mismatch: Expected axis has 0 elements, new values have 15 elements
[2024-07-03T18:59:07.416+0000] {taskinstance.py:1149} INFO - Marking task as FAILED. dag_id=sqltostaging, task_id=staff, execution_date=20240702T000000, start_date=20240703T185906, end_date=20240703T185907
[2024-07-03T18:59:07.496+0000] {standard_task_runner.py:107} ERROR - Failed to execute job 12 for task staff (Length mismatch: Expected axis has 0 elements, new values have 15 elements; 95)
[2024-07-03T18:59:07.546+0000] {local_task_job_runner.py:234} INFO - Task exited with return code 1
[2024-07-03T18:59:07.678+0000] {taskinstance.py:3312} INFO - 0 downstream tasks scheduled from follow-on schedule check
[2024-07-03T19:04:29.161+0000] {taskinstance.py:1979} INFO - Dependencies all met for dep_context=non-requeueable deps ti=<TaskInstance: sqltostaging.staff scheduled__2024-07-02T00:00:00+00:00 [queued]>
[2024-07-03T19:04:29.184+0000] {taskinstance.py:1979} INFO - Dependencies all met for dep_context=requeueable deps ti=<TaskInstance: sqltostaging.staff scheduled__2024-07-02T00:00:00+00:00 [queued]>
[2024-07-03T19:04:29.195+0000] {taskinstance.py:2193} INFO - Starting attempt 1 of 1
[2024-07-03T19:04:29.230+0000] {taskinstance.py:2217} INFO - Executing <Task(PythonOperator): staff> on 2024-07-02 00:00:00+00:00
[2024-07-03T19:04:29.266+0000] {standard_task_runner.py:60} INFO - Started process 108 to run task
[2024-07-03T19:04:29.276+0000] {standard_task_runner.py:87} INFO - Running: ['***', 'tasks', 'run', 'sqltostaging', 'staff', 'scheduled__2024-07-02T00:00:00+00:00', '--job-id', '6', '--raw', '--subdir', 'DAGS_FOLDER/dag.py', '--cfg-path', '/tmp/tmpmb59dihm']
[2024-07-03T19:04:29.330+0000] {standard_task_runner.py:88} INFO - Job 6: Subtask staff
[2024-07-03T19:04:29.585+0000] {task_command.py:423} INFO - Running <TaskInstance: sqltostaging.staff scheduled__2024-07-02T00:00:00+00:00 [running]> on host 1e717689b816
[2024-07-03T19:04:31.530+0000] {taskinstance.py:2513} INFO - Exporting env vars: AIRFLOW_CTX_DAG_OWNER='***' AIRFLOW_CTX_DAG_ID='sqltostaging' AIRFLOW_CTX_TASK_ID='staff' AIRFLOW_CTX_EXECUTION_DATE='2024-07-02T00:00:00+00:00' AIRFLOW_CTX_TRY_NUMBER='1' AIRFLOW_CTX_DAG_RUN_ID='scheduled__2024-07-02T00:00:00+00:00'
[2024-07-03T19:04:31.534+0000] {logging_mixin.py:188} INFO - dvtobv :dag_id
[2024-07-03T19:04:31.535+0000] {logging_mixin.py:188} INFO - table: staff
[2024-07-03T19:04:31.536+0000] {logging_mixin.py:188} INFO - 
 stage: sqltostaging 
 table:staff
[2024-07-03T19:04:31.574+0000] {taskinstance.py:2731} ERROR - Task failed with exception
Traceback (most recent call last):
  File "/home/airflow/.local/lib/python3.8/site-packages/airflow/models/taskinstance.py", line 444, in _execute_task
    result = _execute_callable(context=context, **execute_callable_kwargs)
  File "/home/airflow/.local/lib/python3.8/site-packages/airflow/models/taskinstance.py", line 414, in _execute_callable
    return execute_callable(context=context, **execute_callable_kwargs)
  File "/home/airflow/.local/lib/python3.8/site-packages/airflow/operators/python.py", line 200, in execute
    return_value = self.execute_callable()
  File "/home/airflow/.local/lib/python3.8/site-packages/airflow/operators/python.py", line 217, in execute_callable
    return self.python_callable(*self.op_args, **self.op_kwargs)
  File "/opt/airflow/dags/dag.py", line 22, in process_table
    return  execute(table, stage)
  File "/app/main.py", line 25, in execute
    SqlToStaging().create_full().some_function(table, stage)
  File "/app/concretestage/SQLToStaging.py", line 30, in some_function
    df = get_data_from_conf_table(f"{table}", f"{stage}")
  File "/app/myFramework/utils/utils.py", line 142, in get_data_from_conf_table
    df.columns = [desc[0] for desc in cur.description]
  File "/home/airflow/.local/lib/python3.8/site-packages/pandas/core/generic.py", line 6002, in __setattr__
    return object.__setattr__(self, name, value)
  File "pandas/_libs/properties.pyx", line 69, in pandas._libs.properties.AxisProperty.__set__
  File "/home/airflow/.local/lib/python3.8/site-packages/pandas/core/generic.py", line 730, in _set_axis
    self._mgr.set_axis(axis, labels)
  File "/home/airflow/.local/lib/python3.8/site-packages/pandas/core/internals/managers.py", line 225, in set_axis
    self._validate_set_axis(axis, new_labels)
  File "/home/airflow/.local/lib/python3.8/site-packages/pandas/core/internals/base.py", line 70, in _validate_set_axis
    raise ValueError(
ValueError: Length mismatch: Expected axis has 0 elements, new values have 15 elements
[2024-07-03T19:04:31.589+0000] {taskinstance.py:1149} INFO - Marking task as FAILED. dag_id=sqltostaging, task_id=staff, execution_date=20240702T000000, start_date=20240703T190429, end_date=20240703T190431
[2024-07-03T19:04:31.605+0000] {standard_task_runner.py:107} ERROR - Failed to execute job 6 for task staff (Length mismatch: Expected axis has 0 elements, new values have 15 elements; 108)
[2024-07-03T19:04:31.663+0000] {local_task_job_runner.py:234} INFO - Task exited with return code 1
[2024-07-03T19:04:31.690+0000] {taskinstance.py:3312} INFO - 0 downstream tasks scheduled from follow-on schedule check
[2024-07-03T19:07:23.682+0000] {taskinstance.py:1979} INFO - Dependencies all met for dep_context=non-requeueable deps ti=<TaskInstance: sqltostaging.staff scheduled__2024-07-02T00:00:00+00:00 [queued]>
[2024-07-03T19:07:23.701+0000] {taskinstance.py:1979} INFO - Dependencies all met for dep_context=requeueable deps ti=<TaskInstance: sqltostaging.staff scheduled__2024-07-02T00:00:00+00:00 [queued]>
[2024-07-03T19:07:23.704+0000] {taskinstance.py:2193} INFO - Starting attempt 1 of 1
[2024-07-03T19:07:23.743+0000] {taskinstance.py:2217} INFO - Executing <Task(PythonOperator): staff> on 2024-07-02 00:00:00+00:00
[2024-07-03T19:07:23.757+0000] {standard_task_runner.py:60} INFO - Started process 106 to run task
[2024-07-03T19:07:23.774+0000] {standard_task_runner.py:87} INFO - Running: ['***', 'tasks', 'run', 'sqltostaging', 'staff', 'scheduled__2024-07-02T00:00:00+00:00', '--job-id', '12', '--raw', '--subdir', 'DAGS_FOLDER/dag.py', '--cfg-path', '/tmp/tmpmgizfgf6']
[2024-07-03T19:07:23.818+0000] {standard_task_runner.py:88} INFO - Job 12: Subtask staff
[2024-07-03T19:07:24.006+0000] {task_command.py:423} INFO - Running <TaskInstance: sqltostaging.staff scheduled__2024-07-02T00:00:00+00:00 [running]> on host 543ad6da9cd9
[2024-07-03T19:07:24.273+0000] {taskinstance.py:2513} INFO - Exporting env vars: AIRFLOW_CTX_DAG_OWNER='***' AIRFLOW_CTX_DAG_ID='sqltostaging' AIRFLOW_CTX_TASK_ID='staff' AIRFLOW_CTX_EXECUTION_DATE='2024-07-02T00:00:00+00:00' AIRFLOW_CTX_TRY_NUMBER='1' AIRFLOW_CTX_DAG_RUN_ID='scheduled__2024-07-02T00:00:00+00:00'
[2024-07-03T19:07:24.277+0000] {logging_mixin.py:188} INFO - dvtobv :dag_id
[2024-07-03T19:07:24.277+0000] {logging_mixin.py:188} INFO - table: staff
[2024-07-03T19:07:24.279+0000] {logging_mixin.py:188} INFO - 
 stage: sqltostaging 
 table:staff
[2024-07-03T19:07:25.162+0000] {taskinstance.py:2731} ERROR - Task failed with exception
Traceback (most recent call last):
  File "/home/airflow/.local/lib/python3.8/site-packages/airflow/models/taskinstance.py", line 444, in _execute_task
    result = _execute_callable(context=context, **execute_callable_kwargs)
  File "/home/airflow/.local/lib/python3.8/site-packages/airflow/models/taskinstance.py", line 414, in _execute_callable
    return execute_callable(context=context, **execute_callable_kwargs)
  File "/home/airflow/.local/lib/python3.8/site-packages/airflow/operators/python.py", line 200, in execute
    return_value = self.execute_callable()
  File "/home/airflow/.local/lib/python3.8/site-packages/airflow/operators/python.py", line 217, in execute_callable
    return self.python_callable(*self.op_args, **self.op_kwargs)
  File "/opt/airflow/dags/dag.py", line 22, in process_table
    return  execute(table, stage)
  File "/app/main.py", line 25, in execute
    SqlToStaging().create_full().some_function(table, stage)
  File "/app/concretestage/SQLToStaging.py", line 30, in some_function
    df = get_data_from_conf_table(f"{table}", f"{stage}")
  File "/app/myFramework/utils/utils.py", line 142, in get_data_from_conf_table
    df.columns = [desc[0] for desc in cur.description]
  File "/home/airflow/.local/lib/python3.8/site-packages/pandas/core/generic.py", line 6002, in __setattr__
    return object.__setattr__(self, name, value)
  File "pandas/_libs/properties.pyx", line 69, in pandas._libs.properties.AxisProperty.__set__
  File "/home/airflow/.local/lib/python3.8/site-packages/pandas/core/generic.py", line 730, in _set_axis
    self._mgr.set_axis(axis, labels)
  File "/home/airflow/.local/lib/python3.8/site-packages/pandas/core/internals/managers.py", line 225, in set_axis
    self._validate_set_axis(axis, new_labels)
  File "/home/airflow/.local/lib/python3.8/site-packages/pandas/core/internals/base.py", line 70, in _validate_set_axis
    raise ValueError(
ValueError: Length mismatch: Expected axis has 0 elements, new values have 15 elements
[2024-07-03T19:07:25.194+0000] {taskinstance.py:1149} INFO - Marking task as FAILED. dag_id=sqltostaging, task_id=staff, execution_date=20240702T000000, start_date=20240703T190723, end_date=20240703T190725
[2024-07-03T19:07:25.206+0000] {standard_task_runner.py:107} ERROR - Failed to execute job 12 for task staff (Length mismatch: Expected axis has 0 elements, new values have 15 elements; 106)
[2024-07-03T19:07:25.240+0000] {local_task_job_runner.py:234} INFO - Task exited with return code 1
[2024-07-03T19:07:25.315+0000] {taskinstance.py:3312} INFO - 0 downstream tasks scheduled from follow-on schedule check
[2024-07-03T19:11:44.983+0000] {taskinstance.py:1979} INFO - Dependencies all met for dep_context=non-requeueable deps ti=<TaskInstance: sqltostaging.staff scheduled__2024-07-02T00:00:00+00:00 [queued]>
[2024-07-03T19:11:44.996+0000] {taskinstance.py:1979} INFO - Dependencies all met for dep_context=requeueable deps ti=<TaskInstance: sqltostaging.staff scheduled__2024-07-02T00:00:00+00:00 [queued]>
[2024-07-03T19:11:45.007+0000] {taskinstance.py:2193} INFO - Starting attempt 1 of 1
[2024-07-03T19:11:45.047+0000] {taskinstance.py:2217} INFO - Executing <Task(PythonOperator): staff> on 2024-07-02 00:00:00+00:00
[2024-07-03T19:11:45.065+0000] {standard_task_runner.py:60} INFO - Started process 122 to run task
[2024-07-03T19:11:45.074+0000] {standard_task_runner.py:87} INFO - Running: ['***', 'tasks', 'run', 'sqltostaging', 'staff', 'scheduled__2024-07-02T00:00:00+00:00', '--job-id', '4', '--raw', '--subdir', 'DAGS_FOLDER/dag.py', '--cfg-path', '/tmp/tmpux7qq4k0']
[2024-07-03T19:11:45.088+0000] {standard_task_runner.py:88} INFO - Job 4: Subtask staff
[2024-07-03T19:11:45.270+0000] {task_command.py:423} INFO - Running <TaskInstance: sqltostaging.staff scheduled__2024-07-02T00:00:00+00:00 [running]> on host 7c298ace0001
[2024-07-03T19:11:46.369+0000] {taskinstance.py:2513} INFO - Exporting env vars: AIRFLOW_CTX_DAG_OWNER='***' AIRFLOW_CTX_DAG_ID='sqltostaging' AIRFLOW_CTX_TASK_ID='staff' AIRFLOW_CTX_EXECUTION_DATE='2024-07-02T00:00:00+00:00' AIRFLOW_CTX_TRY_NUMBER='1' AIRFLOW_CTX_DAG_RUN_ID='scheduled__2024-07-02T00:00:00+00:00'
[2024-07-03T19:11:46.379+0000] {logging_mixin.py:188} INFO - dvtobv :dag_id
[2024-07-03T19:11:46.381+0000] {logging_mixin.py:188} INFO - table: staff
[2024-07-03T19:11:46.383+0000] {logging_mixin.py:188} INFO - 
 stage: sqltostaging 
 table:staff
[2024-07-03T19:11:46.386+0000] {logging_mixin.py:188} INFO - staff sqltostaging
[2024-07-03T19:11:46.500+0000] {taskinstance.py:2731} ERROR - Task failed with exception
Traceback (most recent call last):
  File "/home/airflow/.local/lib/python3.8/site-packages/airflow/models/taskinstance.py", line 444, in _execute_task
    result = _execute_callable(context=context, **execute_callable_kwargs)
  File "/home/airflow/.local/lib/python3.8/site-packages/airflow/models/taskinstance.py", line 414, in _execute_callable
    return execute_callable(context=context, **execute_callable_kwargs)
  File "/home/airflow/.local/lib/python3.8/site-packages/airflow/operators/python.py", line 200, in execute
    return_value = self.execute_callable()
  File "/home/airflow/.local/lib/python3.8/site-packages/airflow/operators/python.py", line 217, in execute_callable
    return self.python_callable(*self.op_args, **self.op_kwargs)
  File "/opt/airflow/dags/dag.py", line 22, in process_table
    return  execute(table, stage)
  File "/app/main.py", line 25, in execute
    SqlToStaging().create_full().some_function(table, stage)
  File "/app/concretestage/SQLToStaging.py", line 30, in some_function
    df = get_data_from_conf_table(f"{table}", f"{stage}")
  File "/app/myFramework/utils/utils.py", line 142, in get_data_from_conf_table
    df.columns = [desc[0] for desc in cur.description]
  File "/home/airflow/.local/lib/python3.8/site-packages/pandas/core/generic.py", line 6002, in __setattr__
    return object.__setattr__(self, name, value)
  File "pandas/_libs/properties.pyx", line 69, in pandas._libs.properties.AxisProperty.__set__
  File "/home/airflow/.local/lib/python3.8/site-packages/pandas/core/generic.py", line 730, in _set_axis
    self._mgr.set_axis(axis, labels)
  File "/home/airflow/.local/lib/python3.8/site-packages/pandas/core/internals/managers.py", line 225, in set_axis
    self._validate_set_axis(axis, new_labels)
  File "/home/airflow/.local/lib/python3.8/site-packages/pandas/core/internals/base.py", line 70, in _validate_set_axis
    raise ValueError(
ValueError: Length mismatch: Expected axis has 0 elements, new values have 15 elements
[2024-07-03T19:11:46.549+0000] {taskinstance.py:1149} INFO - Marking task as FAILED. dag_id=sqltostaging, task_id=staff, execution_date=20240702T000000, start_date=20240703T191144, end_date=20240703T191146
[2024-07-03T19:11:46.569+0000] {standard_task_runner.py:107} ERROR - Failed to execute job 4 for task staff (Length mismatch: Expected axis has 0 elements, new values have 15 elements; 122)
[2024-07-03T19:11:46.608+0000] {local_task_job_runner.py:234} INFO - Task exited with return code 1
[2024-07-03T19:11:46.677+0000] {taskinstance.py:3312} INFO - 0 downstream tasks scheduled from follow-on schedule check
[2024-07-03T19:17:15.699+0000] {taskinstance.py:1979} INFO - Dependencies all met for dep_context=non-requeueable deps ti=<TaskInstance: sqltostaging.staff scheduled__2024-07-02T00:00:00+00:00 [queued]>
[2024-07-03T19:17:15.722+0000] {taskinstance.py:1979} INFO - Dependencies all met for dep_context=requeueable deps ti=<TaskInstance: sqltostaging.staff scheduled__2024-07-02T00:00:00+00:00 [queued]>
[2024-07-03T19:17:15.725+0000] {taskinstance.py:2193} INFO - Starting attempt 1 of 1
[2024-07-03T19:17:15.774+0000] {taskinstance.py:2217} INFO - Executing <Task(PythonOperator): staff> on 2024-07-02 00:00:00+00:00
[2024-07-03T19:17:15.782+0000] {standard_task_runner.py:60} INFO - Started process 95 to run task
[2024-07-03T19:17:15.805+0000] {standard_task_runner.py:87} INFO - Running: ['***', 'tasks', 'run', 'sqltostaging', 'staff', 'scheduled__2024-07-02T00:00:00+00:00', '--job-id', '14', '--raw', '--subdir', 'DAGS_FOLDER/dag.py', '--cfg-path', '/tmp/tmpk5dxxn04']
[2024-07-03T19:17:15.816+0000] {standard_task_runner.py:88} INFO - Job 14: Subtask staff
[2024-07-03T19:17:16.026+0000] {task_command.py:423} INFO - Running <TaskInstance: sqltostaging.staff scheduled__2024-07-02T00:00:00+00:00 [running]> on host 55c1c604b2f4
[2024-07-03T19:17:17.240+0000] {taskinstance.py:2513} INFO - Exporting env vars: AIRFLOW_CTX_DAG_OWNER='***' AIRFLOW_CTX_DAG_ID='sqltostaging' AIRFLOW_CTX_TASK_ID='staff' AIRFLOW_CTX_EXECUTION_DATE='2024-07-02T00:00:00+00:00' AIRFLOW_CTX_TRY_NUMBER='1' AIRFLOW_CTX_DAG_RUN_ID='scheduled__2024-07-02T00:00:00+00:00'
[2024-07-03T19:17:17.249+0000] {logging_mixin.py:188} INFO - dvtobv :dag_id
[2024-07-03T19:17:17.251+0000] {logging_mixin.py:188} INFO - table: staff
[2024-07-03T19:17:17.257+0000] {logging_mixin.py:188} INFO - 
 stage: sqltostaging 
 table:staff
[2024-07-03T19:17:17.259+0000] {logging_mixin.py:188} INFO - staff sqltostaging
[2024-07-03T19:17:17.262+0000] {logging_mixin.py:188} INFO - sqltostaging staff
[2024-07-03T19:17:17.263+0000] {python.py:202} INFO - Done. Returned value was: None
[2024-07-03T19:17:17.280+0000] {taskinstance.py:1149} INFO - Marking task as SUCCESS. dag_id=sqltostaging, task_id=staff, execution_date=20240702T000000, start_date=20240703T191715, end_date=20240703T191717
[2024-07-03T19:17:17.330+0000] {local_task_job_runner.py:234} INFO - Task exited with return code 0
[2024-07-03T19:17:17.360+0000] {taskinstance.py:3312} INFO - 0 downstream tasks scheduled from follow-on schedule check
[2024-07-03T19:21:11.350+0000] {taskinstance.py:1979} INFO - Dependencies all met for dep_context=non-requeueable deps ti=<TaskInstance: sqltostaging.staff scheduled__2024-07-02T00:00:00+00:00 [queued]>
[2024-07-03T19:21:11.361+0000] {taskinstance.py:1979} INFO - Dependencies all met for dep_context=requeueable deps ti=<TaskInstance: sqltostaging.staff scheduled__2024-07-02T00:00:00+00:00 [queued]>
[2024-07-03T19:21:11.375+0000] {taskinstance.py:2193} INFO - Starting attempt 1 of 1
[2024-07-03T19:21:11.403+0000] {taskinstance.py:2217} INFO - Executing <Task(PythonOperator): staff> on 2024-07-02 00:00:00+00:00
[2024-07-03T19:21:11.424+0000] {standard_task_runner.py:60} INFO - Started process 97 to run task
[2024-07-03T19:21:11.451+0000] {standard_task_runner.py:87} INFO - Running: ['***', 'tasks', 'run', 'sqltostaging', 'staff', 'scheduled__2024-07-02T00:00:00+00:00', '--job-id', '12', '--raw', '--subdir', 'DAGS_FOLDER/dag.py', '--cfg-path', '/tmp/tmp_sxhs8hp']
[2024-07-03T19:21:11.472+0000] {standard_task_runner.py:88} INFO - Job 12: Subtask staff
[2024-07-03T19:21:11.660+0000] {task_command.py:423} INFO - Running <TaskInstance: sqltostaging.staff scheduled__2024-07-02T00:00:00+00:00 [running]> on host 048fbe570e70
[2024-07-03T19:21:11.831+0000] {taskinstance.py:2513} INFO - Exporting env vars: AIRFLOW_CTX_DAG_OWNER='***' AIRFLOW_CTX_DAG_ID='sqltostaging' AIRFLOW_CTX_TASK_ID='staff' AIRFLOW_CTX_EXECUTION_DATE='2024-07-02T00:00:00+00:00' AIRFLOW_CTX_TRY_NUMBER='1' AIRFLOW_CTX_DAG_RUN_ID='scheduled__2024-07-02T00:00:00+00:00'
[2024-07-03T19:21:11.834+0000] {logging_mixin.py:188} INFO - dvtobv :dag_id
[2024-07-03T19:21:11.841+0000] {logging_mixin.py:188} INFO - table: staff
[2024-07-03T19:21:11.850+0000] {logging_mixin.py:188} INFO - 
 stage: sqltostaging 
 table:staff
[2024-07-03T19:21:11.858+0000] {logging_mixin.py:188} INFO - staff sqltostaging
[2024-07-03T19:21:11.862+0000] {logging_mixin.py:188} INFO - sqltostaging staff
[2024-07-03T19:21:11.864+0000] {logging_mixin.py:188} INFO - select *  from etlconf.Etl_Process_Mapping where SourceTableName = 'sqltostaging' and Stage = 'staff'
[2024-07-03T19:21:12.190+0000] {taskinstance.py:2731} ERROR - Task failed with exception
Traceback (most recent call last):
  File "/home/airflow/.local/lib/python3.8/site-packages/airflow/models/taskinstance.py", line 444, in _execute_task
    result = _execute_callable(context=context, **execute_callable_kwargs)
  File "/home/airflow/.local/lib/python3.8/site-packages/airflow/models/taskinstance.py", line 414, in _execute_callable
    return execute_callable(context=context, **execute_callable_kwargs)
  File "/home/airflow/.local/lib/python3.8/site-packages/airflow/operators/python.py", line 200, in execute
    return_value = self.execute_callable()
  File "/home/airflow/.local/lib/python3.8/site-packages/airflow/operators/python.py", line 217, in execute_callable
    return self.python_callable(*self.op_args, **self.op_kwargs)
  File "/opt/airflow/dags/dag.py", line 22, in process_table
    return  execute(table, stage)
  File "/app/main.py", line 25, in execute
    SqlToStaging().create_full().some_function(table, stage)
  File "/app/concretestage/SQLToStaging.py", line 31, in some_function
    df = get_data_from_conf_table(f"{table}", f"{stage}")
  File "/app/myFramework/utils/utils.py", line 143, in get_data_from_conf_table
    df.columns = [desc[0] for desc in cur.description]
  File "/home/airflow/.local/lib/python3.8/site-packages/pandas/core/generic.py", line 6002, in __setattr__
    return object.__setattr__(self, name, value)
  File "pandas/_libs/properties.pyx", line 69, in pandas._libs.properties.AxisProperty.__set__
  File "/home/airflow/.local/lib/python3.8/site-packages/pandas/core/generic.py", line 730, in _set_axis
    self._mgr.set_axis(axis, labels)
  File "/home/airflow/.local/lib/python3.8/site-packages/pandas/core/internals/managers.py", line 225, in set_axis
    self._validate_set_axis(axis, new_labels)
  File "/home/airflow/.local/lib/python3.8/site-packages/pandas/core/internals/base.py", line 70, in _validate_set_axis
    raise ValueError(
ValueError: Length mismatch: Expected axis has 0 elements, new values have 15 elements
[2024-07-03T19:21:12.958+0000] {taskinstance.py:1149} INFO - Marking task as FAILED. dag_id=sqltostaging, task_id=staff, execution_date=20240702T000000, start_date=20240703T192111, end_date=20240703T192112
[2024-07-03T19:21:12.990+0000] {standard_task_runner.py:107} ERROR - Failed to execute job 12 for task staff (Length mismatch: Expected axis has 0 elements, new values have 15 elements; 97)
[2024-07-03T19:21:13.034+0000] {local_task_job_runner.py:234} INFO - Task exited with return code 1
[2024-07-03T19:21:13.117+0000] {taskinstance.py:3312} INFO - 0 downstream tasks scheduled from follow-on schedule check
[2024-07-03T19:27:20.681+0000] {taskinstance.py:1979} INFO - Dependencies all met for dep_context=non-requeueable deps ti=<TaskInstance: sqltostaging.staff scheduled__2024-07-02T00:00:00+00:00 [queued]>
[2024-07-03T19:27:20.705+0000] {taskinstance.py:1979} INFO - Dependencies all met for dep_context=requeueable deps ti=<TaskInstance: sqltostaging.staff scheduled__2024-07-02T00:00:00+00:00 [queued]>
[2024-07-03T19:27:20.708+0000] {taskinstance.py:2193} INFO - Starting attempt 1 of 1
[2024-07-03T19:27:20.732+0000] {taskinstance.py:2217} INFO - Executing <Task(PythonOperator): staff> on 2024-07-02 00:00:00+00:00
[2024-07-03T19:27:20.747+0000] {standard_task_runner.py:60} INFO - Started process 94 to run task
[2024-07-03T19:27:20.766+0000] {standard_task_runner.py:87} INFO - Running: ['***', 'tasks', 'run', 'sqltostaging', 'staff', 'scheduled__2024-07-02T00:00:00+00:00', '--job-id', '13', '--raw', '--subdir', 'DAGS_FOLDER/dag.py', '--cfg-path', '/tmp/tmpglg2gowt']
[2024-07-03T19:27:20.780+0000] {standard_task_runner.py:88} INFO - Job 13: Subtask staff
[2024-07-03T19:27:20.970+0000] {task_command.py:423} INFO - Running <TaskInstance: sqltostaging.staff scheduled__2024-07-02T00:00:00+00:00 [running]> on host be8a642b7fa1
[2024-07-03T19:27:22.063+0000] {taskinstance.py:2513} INFO - Exporting env vars: AIRFLOW_CTX_DAG_OWNER='***' AIRFLOW_CTX_DAG_ID='sqltostaging' AIRFLOW_CTX_TASK_ID='staff' AIRFLOW_CTX_EXECUTION_DATE='2024-07-02T00:00:00+00:00' AIRFLOW_CTX_TRY_NUMBER='1' AIRFLOW_CTX_DAG_RUN_ID='scheduled__2024-07-02T00:00:00+00:00'
[2024-07-03T19:27:22.068+0000] {logging_mixin.py:188} INFO - dvtobv :dag_id
[2024-07-03T19:27:22.071+0000] {logging_mixin.py:188} INFO - table: staff
[2024-07-03T19:27:22.083+0000] {logging_mixin.py:188} INFO - 
 stage: sqltostaging 
 table:staff
[2024-07-03T19:27:22.086+0000] {logging_mixin.py:188} INFO - select *  from etlconf.Etl_Process_Mapping where SourceTableName = 'staff' and Stage = 'sqltostaging'
[2024-07-03T19:27:22.131+0000] {taskinstance.py:2731} ERROR - Task failed with exception
Traceback (most recent call last):
  File "/home/airflow/.local/lib/python3.8/site-packages/airflow/models/taskinstance.py", line 444, in _execute_task
    result = _execute_callable(context=context, **execute_callable_kwargs)
  File "/home/airflow/.local/lib/python3.8/site-packages/airflow/models/taskinstance.py", line 414, in _execute_callable
    return execute_callable(context=context, **execute_callable_kwargs)
  File "/home/airflow/.local/lib/python3.8/site-packages/airflow/operators/python.py", line 200, in execute
    return_value = self.execute_callable()
  File "/home/airflow/.local/lib/python3.8/site-packages/airflow/operators/python.py", line 217, in execute_callable
    return self.python_callable(*self.op_args, **self.op_kwargs)
  File "/opt/airflow/dags/dag.py", line 22, in process_table
    return  execute(table, stage)
  File "/app/main.py", line 25, in execute
    SqlToStaging().create_full().some_function(table, stage)
  File "/app/concretestage/SQLToStaging.py", line 31, in some_function
    df = get_data_from_conf_table("staff", "sqltostaging")
  File "/app/myFramework/utils/utils.py", line 143, in get_data_from_conf_table
    df.columns = [desc[0] for desc in cur.description]
  File "/home/airflow/.local/lib/python3.8/site-packages/pandas/core/generic.py", line 6002, in __setattr__
    return object.__setattr__(self, name, value)
  File "pandas/_libs/properties.pyx", line 69, in pandas._libs.properties.AxisProperty.__set__
  File "/home/airflow/.local/lib/python3.8/site-packages/pandas/core/generic.py", line 730, in _set_axis
    self._mgr.set_axis(axis, labels)
  File "/home/airflow/.local/lib/python3.8/site-packages/pandas/core/internals/managers.py", line 225, in set_axis
    self._validate_set_axis(axis, new_labels)
  File "/home/airflow/.local/lib/python3.8/site-packages/pandas/core/internals/base.py", line 70, in _validate_set_axis
    raise ValueError(
ValueError: Length mismatch: Expected axis has 0 elements, new values have 15 elements
[2024-07-03T19:27:22.149+0000] {taskinstance.py:1149} INFO - Marking task as FAILED. dag_id=sqltostaging, task_id=staff, execution_date=20240702T000000, start_date=20240703T192720, end_date=20240703T192722
[2024-07-03T19:27:22.165+0000] {standard_task_runner.py:107} ERROR - Failed to execute job 13 for task staff (Length mismatch: Expected axis has 0 elements, new values have 15 elements; 94)
[2024-07-03T19:27:22.221+0000] {local_task_job_runner.py:234} INFO - Task exited with return code 1
[2024-07-03T19:27:22.260+0000] {taskinstance.py:3312} INFO - 0 downstream tasks scheduled from follow-on schedule check
[2024-07-03T19:31:15.847+0000] {taskinstance.py:1979} INFO - Dependencies all met for dep_context=non-requeueable deps ti=<TaskInstance: SqlToStaging.staff scheduled__2024-07-02T00:00:00+00:00 [queued]>
[2024-07-03T19:31:15.889+0000] {taskinstance.py:1979} INFO - Dependencies all met for dep_context=requeueable deps ti=<TaskInstance: SqlToStaging.staff scheduled__2024-07-02T00:00:00+00:00 [queued]>
[2024-07-03T19:31:15.898+0000] {taskinstance.py:2193} INFO - Starting attempt 1 of 1
[2024-07-03T19:31:15.933+0000] {taskinstance.py:2217} INFO - Executing <Task(PythonOperator): staff> on 2024-07-02 00:00:00+00:00
[2024-07-03T19:31:15.943+0000] {standard_task_runner.py:60} INFO - Started process 98 to run task
[2024-07-03T19:31:15.988+0000] {standard_task_runner.py:87} INFO - Running: ['***', 'tasks', 'run', 'SqlToStaging', 'staff', 'scheduled__2024-07-02T00:00:00+00:00', '--job-id', '17', '--raw', '--subdir', 'DAGS_FOLDER/dag.py', '--cfg-path', '/tmp/tmp2fl0anus']
[2024-07-03T19:31:16.015+0000] {standard_task_runner.py:88} INFO - Job 17: Subtask staff
[2024-07-03T19:31:16.164+0000] {task_command.py:423} INFO - Running <TaskInstance: SqlToStaging.staff scheduled__2024-07-02T00:00:00+00:00 [running]> on host 3aa24a0be289
[2024-07-03T19:31:16.899+0000] {taskinstance.py:2513} INFO - Exporting env vars: AIRFLOW_CTX_DAG_OWNER='***' AIRFLOW_CTX_DAG_ID='SqlToStaging' AIRFLOW_CTX_TASK_ID='staff' AIRFLOW_CTX_EXECUTION_DATE='2024-07-02T00:00:00+00:00' AIRFLOW_CTX_TRY_NUMBER='1' AIRFLOW_CTX_DAG_RUN_ID='scheduled__2024-07-02T00:00:00+00:00'
[2024-07-03T19:31:16.911+0000] {logging_mixin.py:188} INFO - dvtobv :dag_id
[2024-07-03T19:31:16.927+0000] {logging_mixin.py:188} INFO - table: staff
[2024-07-03T19:31:16.928+0000] {logging_mixin.py:188} INFO - 
 stage: SqlToStaging 
 table:staff
[2024-07-03T19:31:16.930+0000] {logging_mixin.py:188} INFO - select *  from etlconf.Etl_Process_Mapping where SourceTableName = 'staff' and Stage = 'SqlToStaging'
[2024-07-03T19:31:16.989+0000] {logging_mixin.py:188} INFO - 0    dvdrental
Name: sourcedbname, dtype: object 
 0    staff
Name: sourcetablename, dtype: object 
 0    public
Name: sourceschema, dtype: object
[2024-07-03T19:31:16.990+0000] {python.py:202} INFO - Done. Returned value was: None
[2024-07-03T19:31:17.025+0000] {taskinstance.py:1149} INFO - Marking task as SUCCESS. dag_id=SqlToStaging, task_id=staff, execution_date=20240702T000000, start_date=20240703T193115, end_date=20240703T193117
[2024-07-03T19:31:17.109+0000] {local_task_job_runner.py:234} INFO - Task exited with return code 0
[2024-07-03T19:31:17.162+0000] {taskinstance.py:3312} INFO - 0 downstream tasks scheduled from follow-on schedule check
[2024-07-03T19:33:30.690+0000] {taskinstance.py:1979} INFO - Dependencies all met for dep_context=non-requeueable deps ti=<TaskInstance: SqlToStaging.staff scheduled__2024-07-02T00:00:00+00:00 [queued]>
[2024-07-03T19:33:30.707+0000] {taskinstance.py:1979} INFO - Dependencies all met for dep_context=requeueable deps ti=<TaskInstance: SqlToStaging.staff scheduled__2024-07-02T00:00:00+00:00 [queued]>
[2024-07-03T19:33:30.716+0000] {taskinstance.py:2193} INFO - Starting attempt 1 of 1
[2024-07-03T19:33:30.744+0000] {taskinstance.py:2217} INFO - Executing <Task(PythonOperator): staff> on 2024-07-02 00:00:00+00:00
[2024-07-03T19:33:30.761+0000] {standard_task_runner.py:60} INFO - Started process 96 to run task
[2024-07-03T19:33:30.794+0000] {standard_task_runner.py:87} INFO - Running: ['***', 'tasks', 'run', 'SqlToStaging', 'staff', 'scheduled__2024-07-02T00:00:00+00:00', '--job-id', '10', '--raw', '--subdir', 'DAGS_FOLDER/dag.py', '--cfg-path', '/tmp/tmp_w_avlgg']
[2024-07-03T19:33:30.813+0000] {standard_task_runner.py:88} INFO - Job 10: Subtask staff
[2024-07-03T19:33:30.991+0000] {task_command.py:423} INFO - Running <TaskInstance: SqlToStaging.staff scheduled__2024-07-02T00:00:00+00:00 [running]> on host 90f97448b910
[2024-07-03T19:33:32.057+0000] {taskinstance.py:2513} INFO - Exporting env vars: AIRFLOW_CTX_DAG_OWNER='***' AIRFLOW_CTX_DAG_ID='SqlToStaging' AIRFLOW_CTX_TASK_ID='staff' AIRFLOW_CTX_EXECUTION_DATE='2024-07-02T00:00:00+00:00' AIRFLOW_CTX_TRY_NUMBER='1' AIRFLOW_CTX_DAG_RUN_ID='scheduled__2024-07-02T00:00:00+00:00'
[2024-07-03T19:33:32.068+0000] {logging_mixin.py:188} INFO - dvtobv :dag_id
[2024-07-03T19:33:32.077+0000] {logging_mixin.py:188} INFO - table: staff
[2024-07-03T19:33:32.080+0000] {logging_mixin.py:188} INFO - 
 stage: SqlToStaging 
 table:staff
[2024-07-03T19:33:32.082+0000] {logging_mixin.py:188} INFO - select *  from etlconf.Etl_Process_Mapping where SourceTableName = 'staff' and Stage = 'SqlToStaging'
[2024-07-03T19:33:32.137+0000] {logging_mixin.py:188} INFO - 0    dvdrental
Name: sourcedbname, dtype: object 
 0    staff
Name: sourcetablename, dtype: object 
 0    public
Name: sourceschema, dtype: object
[2024-07-03T19:33:32.141+0000] {python.py:202} INFO - Done. Returned value was: None
[2024-07-03T19:33:32.152+0000] {taskinstance.py:1149} INFO - Marking task as SUCCESS. dag_id=SqlToStaging, task_id=staff, execution_date=20240702T000000, start_date=20240703T193330, end_date=20240703T193332
[2024-07-03T19:33:32.214+0000] {local_task_job_runner.py:234} INFO - Task exited with return code 0
[2024-07-03T19:33:32.247+0000] {taskinstance.py:3312} INFO - 0 downstream tasks scheduled from follow-on schedule check
[2024-07-03T19:45:39.494+0000] {taskinstance.py:1979} INFO - Dependencies all met for dep_context=non-requeueable deps ti=<TaskInstance: SqlToStaging.staff scheduled__2024-07-02T00:00:00+00:00 [queued]>
[2024-07-03T19:45:39.502+0000] {taskinstance.py:1979} INFO - Dependencies all met for dep_context=requeueable deps ti=<TaskInstance: SqlToStaging.staff scheduled__2024-07-02T00:00:00+00:00 [queued]>
[2024-07-03T19:45:39.506+0000] {taskinstance.py:2193} INFO - Starting attempt 1 of 1
[2024-07-03T19:45:39.520+0000] {taskinstance.py:2217} INFO - Executing <Task(PythonOperator): staff> on 2024-07-02 00:00:00+00:00
[2024-07-03T19:45:39.537+0000] {standard_task_runner.py:60} INFO - Started process 149 to run task
[2024-07-03T19:45:39.551+0000] {standard_task_runner.py:87} INFO - Running: ['***', 'tasks', 'run', 'SqlToStaging', 'staff', 'scheduled__2024-07-02T00:00:00+00:00', '--job-id', '17', '--raw', '--subdir', 'DAGS_FOLDER/dag.py', '--cfg-path', '/tmp/tmp230y79o3']
[2024-07-03T19:45:39.567+0000] {standard_task_runner.py:88} INFO - Job 17: Subtask staff
[2024-07-03T19:45:39.736+0000] {task_command.py:423} INFO - Running <TaskInstance: SqlToStaging.staff scheduled__2024-07-02T00:00:00+00:00 [running]> on host 2d80eee2aa9e
[2024-07-03T19:45:41.336+0000] {taskinstance.py:2513} INFO - Exporting env vars: AIRFLOW_CTX_DAG_OWNER='***' AIRFLOW_CTX_DAG_ID='SqlToStaging' AIRFLOW_CTX_TASK_ID='staff' AIRFLOW_CTX_EXECUTION_DATE='2024-07-02T00:00:00+00:00' AIRFLOW_CTX_TRY_NUMBER='1' AIRFLOW_CTX_DAG_RUN_ID='scheduled__2024-07-02T00:00:00+00:00'
[2024-07-03T19:45:41.338+0000] {logging_mixin.py:188} INFO - dvtobv :dag_id
[2024-07-03T19:45:41.342+0000] {logging_mixin.py:188} INFO - table: staff
[2024-07-03T19:45:41.342+0000] {logging_mixin.py:188} INFO - 
 stage: SqlToStaging 
 table:staff
[2024-07-03T19:45:41.343+0000] {logging_mixin.py:188} INFO - select *  from etlconf.Etl_Process_Mapping where SourceTableName = 'staff' and Stage = 'SqlToStaging'
[2024-07-03T19:45:41.375+0000] {taskinstance.py:2731} ERROR - Task failed with exception
Traceback (most recent call last):
  File "/home/airflow/.local/lib/python3.8/site-packages/airflow/models/taskinstance.py", line 444, in _execute_task
    result = _execute_callable(context=context, **execute_callable_kwargs)
  File "/home/airflow/.local/lib/python3.8/site-packages/airflow/models/taskinstance.py", line 414, in _execute_callable
    return execute_callable(context=context, **execute_callable_kwargs)
  File "/home/airflow/.local/lib/python3.8/site-packages/airflow/operators/python.py", line 200, in execute
    return_value = self.execute_callable()
  File "/home/airflow/.local/lib/python3.8/site-packages/airflow/operators/python.py", line 217, in execute_callable
    return self.python_callable(*self.op_args, **self.op_kwargs)
  File "/opt/airflow/dags/dag.py", line 22, in process_table
    return  execute(table, stage)
  File "/app/main.py", line 25, in execute
    SqlToStaging().create_full().some_function(table, stage)
  File "/app/concretestage/SQLToStaging.py", line 32, in some_function
    sourceDF = getDF(df['sourcedbname'], df['sourcetablename'], df['sourceschema'])
  File "/app/myFramework/utils/utils.py", line 22, in getDF
    cur = conn.getCursor(source_dbname)
  File "/app/myFramework/source/posgresql/connect.py", line 6, in getCursor
    conn = psycopg2.connect(database = dbname,
  File "/home/airflow/.local/lib/python3.8/site-packages/psycopg2/__init__.py", line 122, in connect
    conn = _connect(dsn, connection_factory=connection_factory, **kwasync)
psycopg2.OperationalError: connection to server at "postgres_db" (172.28.0.5), port 9999 failed: FATAL:  database "0    dvdrental
Name: sourcedbname, dtype: object" does not exist

[2024-07-03T19:45:41.389+0000] {taskinstance.py:1149} INFO - Marking task as FAILED. dag_id=SqlToStaging, task_id=staff, execution_date=20240702T000000, start_date=20240703T194539, end_date=20240703T194541
[2024-07-03T19:45:41.404+0000] {standard_task_runner.py:107} ERROR - Failed to execute job 17 for task staff (connection to server at "postgres_db" (172.28.0.5), port 9999 failed: FATAL:  database "0    dvdrental
Name: sourcedbname, dtype: object" does not exist
; 149)
[2024-07-03T19:45:41.452+0000] {local_task_job_runner.py:234} INFO - Task exited with return code 1
[2024-07-03T19:45:41.465+0000] {taskinstance.py:3312} INFO - 0 downstream tasks scheduled from follow-on schedule check
[2024-07-03T19:51:24.134+0000] {taskinstance.py:1979} INFO - Dependencies all met for dep_context=non-requeueable deps ti=<TaskInstance: SqlToStaging.staff scheduled__2024-07-02T00:00:00+00:00 [queued]>
[2024-07-03T19:51:24.170+0000] {taskinstance.py:1979} INFO - Dependencies all met for dep_context=requeueable deps ti=<TaskInstance: SqlToStaging.staff scheduled__2024-07-02T00:00:00+00:00 [queued]>
[2024-07-03T19:51:24.176+0000] {taskinstance.py:2193} INFO - Starting attempt 1 of 1
[2024-07-03T19:51:24.220+0000] {taskinstance.py:2217} INFO - Executing <Task(PythonOperator): staff> on 2024-07-02 00:00:00+00:00
[2024-07-03T19:51:24.230+0000] {standard_task_runner.py:60} INFO - Started process 98 to run task
[2024-07-03T19:51:24.239+0000] {standard_task_runner.py:87} INFO - Running: ['***', 'tasks', 'run', 'SqlToStaging', 'staff', 'scheduled__2024-07-02T00:00:00+00:00', '--job-id', '10', '--raw', '--subdir', 'DAGS_FOLDER/dag.py', '--cfg-path', '/tmp/tmpfc3r9l__']
[2024-07-03T19:51:24.247+0000] {standard_task_runner.py:88} INFO - Job 10: Subtask staff
[2024-07-03T19:51:24.458+0000] {task_command.py:423} INFO - Running <TaskInstance: SqlToStaging.staff scheduled__2024-07-02T00:00:00+00:00 [running]> on host f02b6fe92b0c
[2024-07-03T19:51:24.673+0000] {taskinstance.py:2513} INFO - Exporting env vars: AIRFLOW_CTX_DAG_OWNER='***' AIRFLOW_CTX_DAG_ID='SqlToStaging' AIRFLOW_CTX_TASK_ID='staff' AIRFLOW_CTX_EXECUTION_DATE='2024-07-02T00:00:00+00:00' AIRFLOW_CTX_TRY_NUMBER='1' AIRFLOW_CTX_DAG_RUN_ID='scheduled__2024-07-02T00:00:00+00:00'
[2024-07-03T19:51:24.677+0000] {logging_mixin.py:188} INFO - dvtobv :dag_id
[2024-07-03T19:51:24.684+0000] {logging_mixin.py:188} INFO - table: staff
[2024-07-03T19:51:24.689+0000] {logging_mixin.py:188} INFO - 
 stage: SqlToStaging 
 table:staff
[2024-07-03T19:51:24.689+0000] {logging_mixin.py:188} INFO - select *  from etlconf.Etl_Process_Mapping where SourceTableName = 'staff' and Stage = 'SqlToStaging'
[2024-07-03T19:51:25.655+0000] {logging_mixin.py:188} INFO - 0    dvdrental
Name: sourcedbname, dtype: object 0    staff
Name: sourcetablename, dtype: object 0    public
Name: sourceschema, dtype: object
[2024-07-03T19:51:25.679+0000] {taskinstance.py:2731} ERROR - Task failed with exception
Traceback (most recent call last):
  File "/home/airflow/.local/lib/python3.8/site-packages/airflow/models/taskinstance.py", line 444, in _execute_task
    result = _execute_callable(context=context, **execute_callable_kwargs)
  File "/home/airflow/.local/lib/python3.8/site-packages/airflow/models/taskinstance.py", line 414, in _execute_callable
    return execute_callable(context=context, **execute_callable_kwargs)
  File "/home/airflow/.local/lib/python3.8/site-packages/airflow/operators/python.py", line 200, in execute
    return_value = self.execute_callable()
  File "/home/airflow/.local/lib/python3.8/site-packages/airflow/operators/python.py", line 217, in execute_callable
    return self.python_callable(*self.op_args, **self.op_kwargs)
  File "/opt/airflow/dags/dag.py", line 22, in process_table
    return  execute(table, stage)
  File "/app/main.py", line 25, in execute
    SqlToStaging().create_full().some_function(table, stage)
  File "/app/concretestage/SQLToStaging.py", line 34, in some_function
    sourceDF = getDF(df['sourcedbname'], df['sourcetablename'], df['sourceschema'])
  File "/app/myFramework/utils/utils.py", line 22, in getDF
    cur = conn.getCursor(source_dbname)
  File "/app/myFramework/source/posgresql/connect.py", line 6, in getCursor
    conn = psycopg2.connect(database = dbname,
  File "/home/airflow/.local/lib/python3.8/site-packages/psycopg2/__init__.py", line 122, in connect
    conn = _connect(dsn, connection_factory=connection_factory, **kwasync)
psycopg2.OperationalError: connection to server at "postgres_db" (172.29.0.5), port 9999 failed: FATAL:  database "0    dvdrental
Name: sourcedbname, dtype: object" does not exist

[2024-07-03T19:51:25.699+0000] {taskinstance.py:1149} INFO - Marking task as FAILED. dag_id=SqlToStaging, task_id=staff, execution_date=20240702T000000, start_date=20240703T195124, end_date=20240703T195125
[2024-07-03T19:51:25.713+0000] {standard_task_runner.py:107} ERROR - Failed to execute job 10 for task staff (connection to server at "postgres_db" (172.29.0.5), port 9999 failed: FATAL:  database "0    dvdrental
Name: sourcedbname, dtype: object" does not exist
; 98)
[2024-07-03T19:51:25.756+0000] {local_task_job_runner.py:234} INFO - Task exited with return code 1
[2024-07-03T19:51:25.786+0000] {taskinstance.py:3312} INFO - 0 downstream tasks scheduled from follow-on schedule check
[2024-07-03T19:57:27.405+0000] {taskinstance.py:1979} INFO - Dependencies all met for dep_context=non-requeueable deps ti=<TaskInstance: SqlToStaging.staff scheduled__2024-07-02T00:00:00+00:00 [queued]>
[2024-07-03T19:57:27.443+0000] {taskinstance.py:1979} INFO - Dependencies all met for dep_context=requeueable deps ti=<TaskInstance: SqlToStaging.staff scheduled__2024-07-02T00:00:00+00:00 [queued]>
[2024-07-03T19:57:27.450+0000] {taskinstance.py:2193} INFO - Starting attempt 1 of 1
[2024-07-03T19:57:27.499+0000] {taskinstance.py:2217} INFO - Executing <Task(PythonOperator): staff> on 2024-07-02 00:00:00+00:00
[2024-07-03T19:57:27.507+0000] {standard_task_runner.py:60} INFO - Started process 88 to run task
[2024-07-03T19:57:27.509+0000] {standard_task_runner.py:87} INFO - Running: ['***', 'tasks', 'run', 'SqlToStaging', 'staff', 'scheduled__2024-07-02T00:00:00+00:00', '--job-id', '3', '--raw', '--subdir', 'DAGS_FOLDER/dag.py', '--cfg-path', '/tmp/tmp13uc1hay']
[2024-07-03T19:57:27.524+0000] {standard_task_runner.py:88} INFO - Job 3: Subtask staff
[2024-07-03T19:57:27.742+0000] {task_command.py:423} INFO - Running <TaskInstance: SqlToStaging.staff scheduled__2024-07-02T00:00:00+00:00 [running]> on host 94f9954c2898
[2024-07-03T19:57:28.974+0000] {taskinstance.py:2513} INFO - Exporting env vars: AIRFLOW_CTX_DAG_OWNER='***' AIRFLOW_CTX_DAG_ID='SqlToStaging' AIRFLOW_CTX_TASK_ID='staff' AIRFLOW_CTX_EXECUTION_DATE='2024-07-02T00:00:00+00:00' AIRFLOW_CTX_TRY_NUMBER='1' AIRFLOW_CTX_DAG_RUN_ID='scheduled__2024-07-02T00:00:00+00:00'
[2024-07-03T19:57:28.996+0000] {logging_mixin.py:188} INFO - dvtobv :dag_id
[2024-07-03T19:57:29.009+0000] {logging_mixin.py:188} INFO - table: staff
[2024-07-03T19:57:29.033+0000] {logging_mixin.py:188} INFO - 
 stage: SqlToStaging 
 table:staff
[2024-07-03T19:57:29.064+0000] {logging_mixin.py:188} INFO - select *  from etlconf.Etl_Process_Mapping where SourceTableName = 'staff' and Stage = 'SqlToStaging'
[2024-07-03T19:57:29.112+0000] {taskinstance.py:2731} ERROR - Task failed with exception
Traceback (most recent call last):
  File "/home/airflow/.local/lib/python3.8/site-packages/pandas/core/indexes/base.py", line 3653, in get_loc
    return self._engine.get_loc(casted_key)
  File "pandas/_libs/index.pyx", line 147, in pandas._libs.index.IndexEngine.get_loc
  File "pandas/_libs/index.pyx", line 176, in pandas._libs.index.IndexEngine.get_loc
  File "pandas/_libs/hashtable_class_helper.pxi", line 7080, in pandas._libs.hashtable.PyObjectHashTable.get_item
  File "pandas/_libs/hashtable_class_helper.pxi", line 7088, in pandas._libs.hashtable.PyObjectHashTable.get_item
KeyError: 'SourceSchema'

The above exception was the direct cause of the following exception:

Traceback (most recent call last):
  File "/home/airflow/.local/lib/python3.8/site-packages/airflow/models/taskinstance.py", line 444, in _execute_task
    result = _execute_callable(context=context, **execute_callable_kwargs)
  File "/home/airflow/.local/lib/python3.8/site-packages/airflow/models/taskinstance.py", line 414, in _execute_callable
    return execute_callable(context=context, **execute_callable_kwargs)
  File "/home/airflow/.local/lib/python3.8/site-packages/airflow/operators/python.py", line 200, in execute
    return_value = self.execute_callable()
  File "/home/airflow/.local/lib/python3.8/site-packages/airflow/operators/python.py", line 217, in execute_callable
    return self.python_callable(*self.op_args, **self.op_kwargs)
  File "/opt/airflow/dags/dag.py", line 22, in process_table
    return  execute(table, stage)
  File "/app/main.py", line 25, in execute
    SqlToStaging().create_full().some_function(table, stage)
  File "/app/concretestage/SQLToStaging.py", line 32, in some_function
    print(df['sourcedbname'], df['sourcetablename'], df['SourceSchema'])
  File "/home/airflow/.local/lib/python3.8/site-packages/pandas/core/frame.py", line 3761, in __getitem__
    indexer = self.columns.get_loc(key)
  File "/home/airflow/.local/lib/python3.8/site-packages/pandas/core/indexes/base.py", line 3655, in get_loc
    raise KeyError(key) from err
KeyError: 'SourceSchema'
[2024-07-03T19:57:29.148+0000] {taskinstance.py:1149} INFO - Marking task as FAILED. dag_id=SqlToStaging, task_id=staff, execution_date=20240702T000000, start_date=20240703T195727, end_date=20240703T195729
[2024-07-03T19:57:29.174+0000] {standard_task_runner.py:107} ERROR - Failed to execute job 3 for task staff ('SourceSchema'; 88)
[2024-07-03T19:57:29.196+0000] {local_task_job_runner.py:234} INFO - Task exited with return code 1
[2024-07-03T19:57:29.291+0000] {taskinstance.py:3312} INFO - 0 downstream tasks scheduled from follow-on schedule check
[2024-07-03T19:59:31.754+0000] {taskinstance.py:1979} INFO - Dependencies all met for dep_context=non-requeueable deps ti=<TaskInstance: SqlToStaging.staff scheduled__2024-07-02T00:00:00+00:00 [queued]>
[2024-07-03T19:59:31.777+0000] {taskinstance.py:1979} INFO - Dependencies all met for dep_context=requeueable deps ti=<TaskInstance: SqlToStaging.staff scheduled__2024-07-02T00:00:00+00:00 [queued]>
[2024-07-03T19:59:31.778+0000] {taskinstance.py:2193} INFO - Starting attempt 1 of 1
[2024-07-03T19:59:31.827+0000] {taskinstance.py:2217} INFO - Executing <Task(PythonOperator): staff> on 2024-07-02 00:00:00+00:00
[2024-07-03T19:59:31.849+0000] {standard_task_runner.py:87} INFO - Running: ['***', 'tasks', 'run', 'SqlToStaging', 'staff', 'scheduled__2024-07-02T00:00:00+00:00', '--job-id', '6', '--raw', '--subdir', 'DAGS_FOLDER/dag.py', '--cfg-path', '/tmp/tmpyo7jgvjw']
[2024-07-03T19:59:31.868+0000] {standard_task_runner.py:88} INFO - Job 6: Subtask staff
[2024-07-03T19:59:31.864+0000] {standard_task_runner.py:60} INFO - Started process 93 to run task
[2024-07-03T19:59:32.086+0000] {task_command.py:423} INFO - Running <TaskInstance: SqlToStaging.staff scheduled__2024-07-02T00:00:00+00:00 [running]> on host 091922596b62
[2024-07-03T19:59:32.349+0000] {taskinstance.py:2513} INFO - Exporting env vars: AIRFLOW_CTX_DAG_OWNER='***' AIRFLOW_CTX_DAG_ID='SqlToStaging' AIRFLOW_CTX_TASK_ID='staff' AIRFLOW_CTX_EXECUTION_DATE='2024-07-02T00:00:00+00:00' AIRFLOW_CTX_TRY_NUMBER='1' AIRFLOW_CTX_DAG_RUN_ID='scheduled__2024-07-02T00:00:00+00:00'
[2024-07-03T19:59:32.358+0000] {logging_mixin.py:188} INFO - dvtobv :dag_id
[2024-07-03T19:59:32.365+0000] {logging_mixin.py:188} INFO - table: staff
[2024-07-03T19:59:32.366+0000] {logging_mixin.py:188} INFO - 
 stage: SqlToStaging 
 table:staff
[2024-07-03T19:59:32.367+0000] {logging_mixin.py:188} INFO - select *  from etlconf.Etl_Process_Mapping where SourceTableName = 'staff' and Stage = 'SqlToStaging'
[2024-07-03T19:59:33.261+0000] {logging_mixin.py:188} INFO - 0    dvdrental
Name: sourcedbname, dtype: object 0    staff
Name: sourcetablename, dtype: object 0    public
Name: sourceschema, dtype: object
[2024-07-03T19:59:33.295+0000] {taskinstance.py:2731} ERROR - Task failed with exception
Traceback (most recent call last):
  File "/home/airflow/.local/lib/python3.8/site-packages/airflow/models/taskinstance.py", line 444, in _execute_task
    result = _execute_callable(context=context, **execute_callable_kwargs)
  File "/home/airflow/.local/lib/python3.8/site-packages/airflow/models/taskinstance.py", line 414, in _execute_callable
    return execute_callable(context=context, **execute_callable_kwargs)
  File "/home/airflow/.local/lib/python3.8/site-packages/airflow/operators/python.py", line 200, in execute
    return_value = self.execute_callable()
  File "/home/airflow/.local/lib/python3.8/site-packages/airflow/operators/python.py", line 217, in execute_callable
    return self.python_callable(*self.op_args, **self.op_kwargs)
  File "/opt/airflow/dags/dag.py", line 22, in process_table
    return  execute(table, stage)
  File "/app/main.py", line 25, in execute
    SqlToStaging().create_full().some_function(table, stage)
  File "/app/concretestage/SQLToStaging.py", line 34, in some_function
    sourceDF = getDF(df['sourcedbname'], df['sourcetablename'], df['sourceschema'])
  File "/app/myFramework/utils/utils.py", line 22, in getDF
    cur = conn.getCursor(source_dbname)
  File "/app/myFramework/source/posgresql/connect.py", line 6, in getCursor
    conn = psycopg2.connect(database = dbname,
  File "/home/airflow/.local/lib/python3.8/site-packages/psycopg2/__init__.py", line 122, in connect
    conn = _connect(dsn, connection_factory=connection_factory, **kwasync)
psycopg2.OperationalError: connection to server at "postgres_db" (192.168.0.5), port 9999 failed: FATAL:  database "0    dvdrental
Name: sourcedbname, dtype: object" does not exist

[2024-07-03T19:59:33.305+0000] {taskinstance.py:1149} INFO - Marking task as FAILED. dag_id=SqlToStaging, task_id=staff, execution_date=20240702T000000, start_date=20240703T195931, end_date=20240703T195933
[2024-07-03T19:59:33.319+0000] {standard_task_runner.py:107} ERROR - Failed to execute job 6 for task staff (connection to server at "postgres_db" (192.168.0.5), port 9999 failed: FATAL:  database "0    dvdrental
Name: sourcedbname, dtype: object" does not exist
; 93)
[2024-07-03T19:59:33.367+0000] {local_task_job_runner.py:234} INFO - Task exited with return code 1
[2024-07-03T19:59:33.399+0000] {taskinstance.py:3312} INFO - 0 downstream tasks scheduled from follow-on schedule check
