[2024-07-25T18:18:55.760+0000] {taskinstance.py:1979} INFO - Dependencies all met for dep_context=non-requeueable deps ti=<TaskInstance: stagingtodv.staff scheduled__2024-07-24T00:00:00+00:00 [queued]>
[2024-07-25T18:18:55.773+0000] {taskinstance.py:1979} INFO - Dependencies all met for dep_context=requeueable deps ti=<TaskInstance: stagingtodv.staff scheduled__2024-07-24T00:00:00+00:00 [queued]>
[2024-07-25T18:18:55.779+0000] {taskinstance.py:2193} INFO - Starting attempt 1 of 1
[2024-07-25T18:18:55.809+0000] {taskinstance.py:2217} INFO - Executing <Task(PythonOperator): staff> on 2024-07-24 00:00:00+00:00
[2024-07-25T18:18:55.814+0000] {standard_task_runner.py:60} INFO - Started process 115 to run task
[2024-07-25T18:18:55.845+0000] {standard_task_runner.py:87} INFO - Running: ['***', 'tasks', 'run', 'stagingtodv', 'staff', 'scheduled__2024-07-24T00:00:00+00:00', '--job-id', '41', '--raw', '--subdir', 'DAGS_FOLDER/dag.py', '--cfg-path', '/tmp/tmphtwbmhu2']
[2024-07-25T18:18:55.865+0000] {standard_task_runner.py:88} INFO - Job 41: Subtask staff
[2024-07-25T18:18:56.075+0000] {task_command.py:423} INFO - Running <TaskInstance: stagingtodv.staff scheduled__2024-07-24T00:00:00+00:00 [running]> on host 7dd317f3ab25
[2024-07-25T18:18:56.305+0000] {taskinstance.py:2513} INFO - Exporting env vars: AIRFLOW_CTX_DAG_OWNER='***' AIRFLOW_CTX_DAG_ID='stagingtodv' AIRFLOW_CTX_TASK_ID='staff' AIRFLOW_CTX_EXECUTION_DATE='2024-07-24T00:00:00+00:00' AIRFLOW_CTX_TRY_NUMBER='1' AIRFLOW_CTX_DAG_RUN_ID='scheduled__2024-07-24T00:00:00+00:00'
[2024-07-25T18:18:56.311+0000] {logging_mixin.py:188} INFO - -------------------------------------------- select *  from etlconf.Etl_Process_Mapping where SourceTableName = 'staff' and Stage = 'stagingtodv'
[2024-07-25T18:18:57.968+0000] {python.py:202} INFO - Done. Returned value was: None
[2024-07-25T18:18:57.986+0000] {taskinstance.py:1149} INFO - Marking task as SUCCESS. dag_id=stagingtodv, task_id=staff, execution_date=20240724T000000, start_date=20240725T181855, end_date=20240725T181857
[2024-07-25T18:18:58.057+0000] {local_task_job_runner.py:234} INFO - Task exited with return code 0
[2024-07-25T18:18:58.113+0000] {taskinstance.py:3312} INFO - 0 downstream tasks scheduled from follow-on schedule check
[2024-07-25T18:23:25.976+0000] {taskinstance.py:1979} INFO - Dependencies all met for dep_context=non-requeueable deps ti=<TaskInstance: stagingtodv.staff scheduled__2024-07-24T00:00:00+00:00 [queued]>
[2024-07-25T18:23:26.026+0000] {taskinstance.py:1979} INFO - Dependencies all met for dep_context=requeueable deps ti=<TaskInstance: stagingtodv.staff scheduled__2024-07-24T00:00:00+00:00 [queued]>
[2024-07-25T18:23:26.033+0000] {taskinstance.py:2193} INFO - Starting attempt 1 of 1
[2024-07-25T18:23:26.096+0000] {taskinstance.py:2217} INFO - Executing <Task(PythonOperator): staff> on 2024-07-24 00:00:00+00:00
[2024-07-25T18:23:26.113+0000] {standard_task_runner.py:60} INFO - Started process 131 to run task
[2024-07-25T18:23:26.128+0000] {standard_task_runner.py:87} INFO - Running: ['***', 'tasks', 'run', 'stagingtodv', 'staff', 'scheduled__2024-07-24T00:00:00+00:00', '--job-id', '15', '--raw', '--subdir', 'DAGS_FOLDER/dag.py', '--cfg-path', '/tmp/tmpkoirxz5c']
[2024-07-25T18:23:26.154+0000] {standard_task_runner.py:88} INFO - Job 15: Subtask staff
[2024-07-25T18:23:26.402+0000] {task_command.py:423} INFO - Running <TaskInstance: stagingtodv.staff scheduled__2024-07-24T00:00:00+00:00 [running]> on host a4fb48be9e83
[2024-07-25T18:23:27.955+0000] {taskinstance.py:2513} INFO - Exporting env vars: AIRFLOW_CTX_DAG_OWNER='***' AIRFLOW_CTX_DAG_ID='stagingtodv' AIRFLOW_CTX_TASK_ID='staff' AIRFLOW_CTX_EXECUTION_DATE='2024-07-24T00:00:00+00:00' AIRFLOW_CTX_TRY_NUMBER='1' AIRFLOW_CTX_DAG_RUN_ID='scheduled__2024-07-24T00:00:00+00:00'
[2024-07-25T18:23:27.960+0000] {logging_mixin.py:188} INFO - -------------------------------------------- select *  from etlconf.Etl_Process_Mapping where SourceTableName = 'staff' and Stage = 'stagingtodv'
[2024-07-25T18:23:28.541+0000] {python.py:202} INFO - Done. Returned value was: None
[2024-07-25T18:23:28.569+0000] {taskinstance.py:1149} INFO - Marking task as SUCCESS. dag_id=stagingtodv, task_id=staff, execution_date=20240724T000000, start_date=20240725T182325, end_date=20240725T182328
[2024-07-25T18:23:28.653+0000] {local_task_job_runner.py:234} INFO - Task exited with return code 0
[2024-07-25T18:23:28.679+0000] {taskinstance.py:3312} INFO - 0 downstream tasks scheduled from follow-on schedule check
[2024-07-25T18:26:46.677+0000] {taskinstance.py:1979} INFO - Dependencies all met for dep_context=non-requeueable deps ti=<TaskInstance: stagingtodv.staff scheduled__2024-07-24T00:00:00+00:00 [queued]>
[2024-07-25T18:26:46.685+0000] {taskinstance.py:1979} INFO - Dependencies all met for dep_context=requeueable deps ti=<TaskInstance: stagingtodv.staff scheduled__2024-07-24T00:00:00+00:00 [queued]>
[2024-07-25T18:26:46.688+0000] {taskinstance.py:2193} INFO - Starting attempt 1 of 1
[2024-07-25T18:26:46.721+0000] {taskinstance.py:2217} INFO - Executing <Task(PythonOperator): staff> on 2024-07-24 00:00:00+00:00
[2024-07-25T18:26:46.734+0000] {standard_task_runner.py:60} INFO - Started process 90 to run task
[2024-07-25T18:26:46.745+0000] {standard_task_runner.py:87} INFO - Running: ['***', 'tasks', 'run', 'stagingtodv', 'staff', 'scheduled__2024-07-24T00:00:00+00:00', '--job-id', '3', '--raw', '--subdir', 'DAGS_FOLDER/dag.py', '--cfg-path', '/tmp/tmpz9a_k4tp']
[2024-07-25T18:26:46.767+0000] {standard_task_runner.py:88} INFO - Job 3: Subtask staff
[2024-07-25T18:26:46.869+0000] {task_command.py:423} INFO - Running <TaskInstance: stagingtodv.staff scheduled__2024-07-24T00:00:00+00:00 [running]> on host 92d017e1ac63
[2024-07-25T18:26:47.936+0000] {taskinstance.py:2513} INFO - Exporting env vars: AIRFLOW_CTX_DAG_OWNER='***' AIRFLOW_CTX_DAG_ID='stagingtodv' AIRFLOW_CTX_TASK_ID='staff' AIRFLOW_CTX_EXECUTION_DATE='2024-07-24T00:00:00+00:00' AIRFLOW_CTX_TRY_NUMBER='1' AIRFLOW_CTX_DAG_RUN_ID='scheduled__2024-07-24T00:00:00+00:00'
[2024-07-25T18:26:47.972+0000] {logging_mixin.py:188} INFO - -------------------------------------------- select *  from etlconf.Etl_Process_Mapping where SourceTableName = 'staff' and Stage = 'stagingtodv'
[2024-07-25T18:26:48.788+0000] {python.py:202} INFO - Done. Returned value was: None
[2024-07-25T18:26:48.799+0000] {taskinstance.py:1149} INFO - Marking task as SUCCESS. dag_id=stagingtodv, task_id=staff, execution_date=20240724T000000, start_date=20240725T182646, end_date=20240725T182648
[2024-07-25T18:26:48.837+0000] {local_task_job_runner.py:234} INFO - Task exited with return code 0
[2024-07-25T18:26:48.853+0000] {taskinstance.py:3312} INFO - 0 downstream tasks scheduled from follow-on schedule check
