[2024-07-22T20:46:16.257+0000] {taskinstance.py:1979} INFO - Dependencies all met for dep_context=non-requeueable deps ti=<TaskInstance: stagingtodv.country manual__2024-07-22T20:46:13.672888+00:00 [queued]>
[2024-07-22T20:46:16.284+0000] {taskinstance.py:1979} INFO - Dependencies all met for dep_context=requeueable deps ti=<TaskInstance: stagingtodv.country manual__2024-07-22T20:46:13.672888+00:00 [queued]>
[2024-07-22T20:46:16.285+0000] {taskinstance.py:2193} INFO - Starting attempt 1 of 1
[2024-07-22T20:46:16.319+0000] {taskinstance.py:2217} INFO - Executing <Task(PythonOperator): country> on 2024-07-22 20:46:13.672888+00:00
[2024-07-22T20:46:16.341+0000] {standard_task_runner.py:60} INFO - Started process 273 to run task
[2024-07-22T20:46:16.348+0000] {standard_task_runner.py:87} INFO - Running: ['***', 'tasks', 'run', 'stagingtodv', 'country', 'manual__2024-07-22T20:46:13.672888+00:00', '--job-id', '29', '--raw', '--subdir', 'DAGS_FOLDER/dag.py', '--cfg-path', '/tmp/tmpp2_z3t7m']
[2024-07-22T20:46:16.360+0000] {standard_task_runner.py:88} INFO - Job 29: Subtask country
[2024-07-22T20:46:16.566+0000] {task_command.py:423} INFO - Running <TaskInstance: stagingtodv.country manual__2024-07-22T20:46:13.672888+00:00 [running]> on host ca612ea69d67
[2024-07-22T20:46:16.778+0000] {taskinstance.py:2513} INFO - Exporting env vars: AIRFLOW_CTX_DAG_OWNER='***' AIRFLOW_CTX_DAG_ID='stagingtodv' AIRFLOW_CTX_TASK_ID='country' AIRFLOW_CTX_EXECUTION_DATE='2024-07-22T20:46:13.672888+00:00' AIRFLOW_CTX_TRY_NUMBER='1' AIRFLOW_CTX_DAG_RUN_ID='manual__2024-07-22T20:46:13.672888+00:00'
[2024-07-22T20:46:16.788+0000] {logging_mixin.py:188} INFO - -------------------------------------------- select *  from etlconf.Etl_Process_Mapping where SourceTableName = 'country' and Stage = 'stagingtodv'
[2024-07-22T20:46:17.699+0000] {logging_mixin.py:188} INFO - DFFFFFFFFFDFFFFFFFFF        0                     1                   2
0      1           Afghanistan 2006-02-15 09:44:00
1      2               Algeria 2006-02-15 09:44:00
2      3        American Samoa 2006-02-15 09:44:00
3      4                Angola 2006-02-15 09:44:00
4      5              Anguilla 2006-02-15 09:44:00
..   ...                   ...                 ...
104  105               Vietnam 2006-02-15 09:44:00
105  106  Virgin Islands, U.S. 2006-02-15 09:44:00
106  107                 Yemen 2006-02-15 09:44:00
107  108            Yugoslavia 2006-02-15 09:44:00
108  109                Zambia 2006-02-15 09:44:00

[109 rows x 3 columns]
[2024-07-22T20:46:17.813+0000] {logging_mixin.py:188} INFO - update etlconf.Etl_Process_Mapping T set last_run_date = current_timestamp where destdbname='dbdv' and destschema='dvdrental' and desttablename='country';
[2024-07-22T20:46:17.825+0000] {python.py:202} INFO - Done. Returned value was: None
[2024-07-22T20:46:17.833+0000] {taskinstance.py:1149} INFO - Marking task as SUCCESS. dag_id=stagingtodv, task_id=country, execution_date=20240722T204613, start_date=20240722T204616, end_date=20240722T204617
[2024-07-22T20:46:17.877+0000] {local_task_job_runner.py:234} INFO - Task exited with return code 0
[2024-07-22T20:46:17.894+0000] {taskinstance.py:3312} INFO - 0 downstream tasks scheduled from follow-on schedule check
