[2024-07-10T20:29:57.277+0000] {taskinstance.py:1979} INFO - Dependencies all met for dep_context=non-requeueable deps ti=<TaskInstance: sqltostaging.rental manual__2024-07-10T20:29:54.881756+00:00 [queued]>
[2024-07-10T20:29:57.381+0000] {taskinstance.py:1979} INFO - Dependencies all met for dep_context=requeueable deps ti=<TaskInstance: sqltostaging.rental manual__2024-07-10T20:29:54.881756+00:00 [queued]>
[2024-07-10T20:29:57.406+0000] {taskinstance.py:2193} INFO - Starting attempt 1 of 1
[2024-07-10T20:29:57.500+0000] {taskinstance.py:2217} INFO - Executing <Task(PythonOperator): rental> on 2024-07-10 20:29:54.881756+00:00
[2024-07-10T20:29:57.533+0000] {standard_task_runner.py:60} INFO - Started process 277 to run task
[2024-07-10T20:29:57.569+0000] {standard_task_runner.py:87} INFO - Running: ['***', 'tasks', 'run', 'sqltostaging', 'rental', 'manual__2024-07-10T20:29:54.881756+00:00', '--job-id', '37', '--raw', '--subdir', 'DAGS_FOLDER/dag.py', '--cfg-path', '/tmp/tmpocad42d8']
[2024-07-10T20:29:57.575+0000] {standard_task_runner.py:88} INFO - Job 37: Subtask rental
[2024-07-10T20:29:57.812+0000] {task_command.py:423} INFO - Running <TaskInstance: sqltostaging.rental manual__2024-07-10T20:29:54.881756+00:00 [running]> on host d72f5bf26a9d
[2024-07-10T20:29:58.318+0000] {taskinstance.py:2513} INFO - Exporting env vars: AIRFLOW_CTX_DAG_OWNER='***' AIRFLOW_CTX_DAG_ID='sqltostaging' AIRFLOW_CTX_TASK_ID='rental' AIRFLOW_CTX_EXECUTION_DATE='2024-07-10T20:29:54.881756+00:00' AIRFLOW_CTX_TRY_NUMBER='1' AIRFLOW_CTX_DAG_RUN_ID='manual__2024-07-10T20:29:54.881756+00:00'
[2024-07-10T20:29:58.413+0000] {logging_mixin.py:188} INFO - select *  from etlconf.Etl_Process_Mapping where SourceTableName = 'rental' and Stage = 'sqltostaging'
[2024-07-10T20:29:59.465+0000] {logging_mixin.py:188} INFO -    id sourcetablename sourcedbname  ...  code         stage last_run_date
0  11          rental    dvdrental  ...  None  sqltostaging          None

[1 rows x 15 columns]
[2024-07-10T20:29:59.471+0000] {logging_mixin.py:188} INFO - select T.* from dvdrental.public.rental T where rental_date >= '2007-02-15' and rental_date < '2007-02-16' 
[2024-07-10T20:29:59.507+0000] {taskinstance.py:2731} ERROR - Task failed with exception
Traceback (most recent call last):
  File "/home/airflow/.local/lib/python3.8/site-packages/airflow/models/taskinstance.py", line 444, in _execute_task
    result = _execute_callable(context=context, **execute_callable_kwargs)
  File "/home/airflow/.local/lib/python3.8/site-packages/airflow/models/taskinstance.py", line 414, in _execute_callable
    return execute_callable(context=context, **execute_callable_kwargs)
  File "/home/airflow/.local/lib/python3.8/site-packages/airflow/operators/python.py", line 200, in execute
    return_value = self.execute_callable()
  File "/home/airflow/.local/lib/python3.8/site-packages/airflow/operators/python.py", line 217, in execute_callable
    return self.python_callable(*self.op_args, **self.op_kwargs)
  File "/opt/airflow/dags/dag.py", line 44, in process_table
    return  execute(table, stage, tabletype)
  File "/app/main.py", line 28, in execute
    SqlToStaging().create_incremental().some_function(table, stage)
  File "/app/concretestage/SQLToStaging.py", line 60, in some_function
    sourceDF = getDF(sourcedbname,sourcetablename , sourceschema, FilterColumn, '2007-02-15', '2007-02-16')
  File "/app/myFramework/utils/utils.py", line 57, in getDF
    df.columns = [desc[0] for desc in cur.description]
  File "/home/airflow/.local/lib/python3.8/site-packages/pandas/core/generic.py", line 6002, in __setattr__
    return object.__setattr__(self, name, value)
  File "pandas/_libs/properties.pyx", line 69, in pandas._libs.properties.AxisProperty.__set__
  File "/home/airflow/.local/lib/python3.8/site-packages/pandas/core/generic.py", line 730, in _set_axis
    self._mgr.set_axis(axis, labels)
  File "/home/airflow/.local/lib/python3.8/site-packages/pandas/core/internals/managers.py", line 225, in set_axis
    self._validate_set_axis(axis, new_labels)
  File "/home/airflow/.local/lib/python3.8/site-packages/pandas/core/internals/base.py", line 70, in _validate_set_axis
    raise ValueError(
ValueError: Length mismatch: Expected axis has 0 elements, new values have 7 elements
[2024-07-10T20:29:59.518+0000] {taskinstance.py:1149} INFO - Marking task as FAILED. dag_id=sqltostaging, task_id=rental, execution_date=20240710T202954, start_date=20240710T202957, end_date=20240710T202959
[2024-07-10T20:29:59.533+0000] {standard_task_runner.py:107} ERROR - Failed to execute job 37 for task rental (Length mismatch: Expected axis has 0 elements, new values have 7 elements; 277)
[2024-07-10T20:29:59.578+0000] {local_task_job_runner.py:234} INFO - Task exited with return code 1
[2024-07-10T20:29:59.645+0000] {taskinstance.py:3312} INFO - 0 downstream tasks scheduled from follow-on schedule check
