[2024-07-25T18:18:55.807+0000] {taskinstance.py:1979} INFO - Dependencies all met for dep_context=non-requeueable deps ti=<TaskInstance: stagingtodv.country scheduled__2024-07-24T00:00:00+00:00 [queued]>
[2024-07-25T18:18:55.852+0000] {taskinstance.py:1979} INFO - Dependencies all met for dep_context=requeueable deps ti=<TaskInstance: stagingtodv.country scheduled__2024-07-24T00:00:00+00:00 [queued]>
[2024-07-25T18:18:55.857+0000] {taskinstance.py:2193} INFO - Starting attempt 1 of 1
[2024-07-25T18:18:55.947+0000] {taskinstance.py:2217} INFO - Executing <Task(PythonOperator): country> on 2024-07-24 00:00:00+00:00
[2024-07-25T18:18:55.969+0000] {standard_task_runner.py:87} INFO - Running: ['***', 'tasks', 'run', 'stagingtodv', 'country', 'scheduled__2024-07-24T00:00:00+00:00', '--job-id', '40', '--raw', '--subdir', 'DAGS_FOLDER/dag.py', '--cfg-path', '/tmp/tmpje200o3b']
[2024-07-25T18:18:55.996+0000] {standard_task_runner.py:88} INFO - Job 40: Subtask country
[2024-07-25T18:18:55.963+0000] {standard_task_runner.py:60} INFO - Started process 118 to run task
[2024-07-25T18:18:56.192+0000] {task_command.py:423} INFO - Running <TaskInstance: stagingtodv.country scheduled__2024-07-24T00:00:00+00:00 [running]> on host 7dd317f3ab25
[2024-07-25T18:18:56.504+0000] {taskinstance.py:2513} INFO - Exporting env vars: AIRFLOW_CTX_DAG_OWNER='***' AIRFLOW_CTX_DAG_ID='stagingtodv' AIRFLOW_CTX_TASK_ID='country' AIRFLOW_CTX_EXECUTION_DATE='2024-07-24T00:00:00+00:00' AIRFLOW_CTX_TRY_NUMBER='1' AIRFLOW_CTX_DAG_RUN_ID='scheduled__2024-07-24T00:00:00+00:00'
[2024-07-25T18:18:56.514+0000] {logging_mixin.py:188} INFO - -------------------------------------------- select *  from etlconf.Etl_Process_Mapping where SourceTableName = 'country' and Stage = 'stagingtodv'
[2024-07-25T18:18:58.029+0000] {logging_mixin.py:188} INFO - genaretedDF      country_id               country         last_update
0           NaN           Afghanistan 2006-02-15 09:44:00
1           NaN               Algeria 2006-02-15 09:44:00
2           NaN        American Samoa 2006-02-15 09:44:00
3           NaN                Angola 2006-02-15 09:44:00
4           NaN              Anguilla 2006-02-15 09:44:00
..          ...                   ...                 ...
104         NaN               Vietnam 2006-02-15 09:44:00
105         NaN  Virgin Islands, U.S. 2006-02-15 09:44:00
106         NaN                 Yemen 2006-02-15 09:44:00
107         NaN            Yugoslavia 2006-02-15 09:44:00
108         NaN                Zambia 2006-02-15 09:44:00

[109 rows x 3 columns]
[2024-07-25T18:18:58.347+0000] {logging_mixin.py:188} INFO - update etlconf.Etl_Process_Mapping T set last_run_date = current_timestamp where destdbname='dbdv' and destschema='dvdrental' and desttablename='country';
[2024-07-25T18:18:58.389+0000] {python.py:202} INFO - Done. Returned value was: None
[2024-07-25T18:18:58.421+0000] {taskinstance.py:1149} INFO - Marking task as SUCCESS. dag_id=stagingtodv, task_id=country, execution_date=20240724T000000, start_date=20240725T181855, end_date=20240725T181858
[2024-07-25T18:18:58.500+0000] {local_task_job_runner.py:234} INFO - Task exited with return code 0
[2024-07-25T18:18:58.545+0000] {taskinstance.py:3312} INFO - 0 downstream tasks scheduled from follow-on schedule check
[2024-07-25T18:23:25.933+0000] {taskinstance.py:1979} INFO - Dependencies all met for dep_context=non-requeueable deps ti=<TaskInstance: stagingtodv.country scheduled__2024-07-24T00:00:00+00:00 [queued]>
[2024-07-25T18:23:25.979+0000] {taskinstance.py:1979} INFO - Dependencies all met for dep_context=requeueable deps ti=<TaskInstance: stagingtodv.country scheduled__2024-07-24T00:00:00+00:00 [queued]>
[2024-07-25T18:23:25.982+0000] {taskinstance.py:2193} INFO - Starting attempt 1 of 1
[2024-07-25T18:23:26.040+0000] {taskinstance.py:2217} INFO - Executing <Task(PythonOperator): country> on 2024-07-24 00:00:00+00:00
[2024-07-25T18:23:26.057+0000] {standard_task_runner.py:60} INFO - Started process 129 to run task
[2024-07-25T18:23:26.068+0000] {standard_task_runner.py:87} INFO - Running: ['***', 'tasks', 'run', 'stagingtodv', 'country', 'scheduled__2024-07-24T00:00:00+00:00', '--job-id', '10', '--raw', '--subdir', 'DAGS_FOLDER/dag.py', '--cfg-path', '/tmp/tmp7hf0zl9c']
[2024-07-25T18:23:26.088+0000] {standard_task_runner.py:88} INFO - Job 10: Subtask country
[2024-07-25T18:23:26.318+0000] {task_command.py:423} INFO - Running <TaskInstance: stagingtodv.country scheduled__2024-07-24T00:00:00+00:00 [running]> on host a4fb48be9e83
[2024-07-25T18:23:27.778+0000] {taskinstance.py:2513} INFO - Exporting env vars: AIRFLOW_CTX_DAG_OWNER='***' AIRFLOW_CTX_DAG_ID='stagingtodv' AIRFLOW_CTX_TASK_ID='country' AIRFLOW_CTX_EXECUTION_DATE='2024-07-24T00:00:00+00:00' AIRFLOW_CTX_TRY_NUMBER='1' AIRFLOW_CTX_DAG_RUN_ID='scheduled__2024-07-24T00:00:00+00:00'
[2024-07-25T18:23:27.782+0000] {logging_mixin.py:188} INFO - -------------------------------------------- select *  from etlconf.Etl_Process_Mapping where SourceTableName = 'country' and Stage = 'stagingtodv'
[2024-07-25T18:23:28.037+0000] {logging_mixin.py:188} INFO - genaretedDF      country_id               country         last_update
0           NaN           Afghanistan 2006-02-15 09:44:00
1           NaN               Algeria 2006-02-15 09:44:00
2           NaN        American Samoa 2006-02-15 09:44:00
3           NaN                Angola 2006-02-15 09:44:00
4           NaN              Anguilla 2006-02-15 09:44:00
..          ...                   ...                 ...
104         NaN               Vietnam 2006-02-15 09:44:00
105         NaN  Virgin Islands, U.S. 2006-02-15 09:44:00
106         NaN                 Yemen 2006-02-15 09:44:00
107         NaN            Yugoslavia 2006-02-15 09:44:00
108         NaN                Zambia 2006-02-15 09:44:00

[109 rows x 3 columns]
[2024-07-25T18:23:28.304+0000] {logging_mixin.py:188} INFO - update etlconf.Etl_Process_Mapping T set last_run_date = current_timestamp where destdbname='dbdv' and destschema='dvdrental' and desttablename='country';
[2024-07-25T18:23:28.322+0000] {python.py:202} INFO - Done. Returned value was: None
[2024-07-25T18:23:28.347+0000] {taskinstance.py:1149} INFO - Marking task as SUCCESS. dag_id=stagingtodv, task_id=country, execution_date=20240724T000000, start_date=20240725T182325, end_date=20240725T182328
[2024-07-25T18:23:28.400+0000] {local_task_job_runner.py:234} INFO - Task exited with return code 0
[2024-07-25T18:23:28.442+0000] {taskinstance.py:3312} INFO - 0 downstream tasks scheduled from follow-on schedule check
[2024-07-25T18:26:46.808+0000] {taskinstance.py:1979} INFO - Dependencies all met for dep_context=non-requeueable deps ti=<TaskInstance: stagingtodv.country scheduled__2024-07-24T00:00:00+00:00 [queued]>
[2024-07-25T18:26:46.821+0000] {taskinstance.py:1979} INFO - Dependencies all met for dep_context=requeueable deps ti=<TaskInstance: stagingtodv.country scheduled__2024-07-24T00:00:00+00:00 [queued]>
[2024-07-25T18:26:46.825+0000] {taskinstance.py:2193} INFO - Starting attempt 1 of 1
[2024-07-25T18:26:46.860+0000] {taskinstance.py:2217} INFO - Executing <Task(PythonOperator): country> on 2024-07-24 00:00:00+00:00
[2024-07-25T18:26:46.865+0000] {standard_task_runner.py:60} INFO - Started process 99 to run task
[2024-07-25T18:26:46.898+0000] {standard_task_runner.py:87} INFO - Running: ['***', 'tasks', 'run', 'stagingtodv', 'country', 'scheduled__2024-07-24T00:00:00+00:00', '--job-id', '13', '--raw', '--subdir', 'DAGS_FOLDER/dag.py', '--cfg-path', '/tmp/tmpj49ei85c']
[2024-07-25T18:26:46.913+0000] {standard_task_runner.py:88} INFO - Job 13: Subtask country
[2024-07-25T18:26:47.052+0000] {task_command.py:423} INFO - Running <TaskInstance: stagingtodv.country scheduled__2024-07-24T00:00:00+00:00 [running]> on host 92d017e1ac63
[2024-07-25T18:26:48.148+0000] {taskinstance.py:2513} INFO - Exporting env vars: AIRFLOW_CTX_DAG_OWNER='***' AIRFLOW_CTX_DAG_ID='stagingtodv' AIRFLOW_CTX_TASK_ID='country' AIRFLOW_CTX_EXECUTION_DATE='2024-07-24T00:00:00+00:00' AIRFLOW_CTX_TRY_NUMBER='1' AIRFLOW_CTX_DAG_RUN_ID='scheduled__2024-07-24T00:00:00+00:00'
[2024-07-25T18:26:48.158+0000] {logging_mixin.py:188} INFO - -------------------------------------------- select *  from etlconf.Etl_Process_Mapping where SourceTableName = 'country' and Stage = 'stagingtodv'
[2024-07-25T18:26:48.347+0000] {logging_mixin.py:188} INFO - sourceDF     :      country_id               country         last_update
0             1           Afghanistan 2006-02-15 09:44:00
1             2               Algeria 2006-02-15 09:44:00
2             3        American Samoa 2006-02-15 09:44:00
3             4                Angola 2006-02-15 09:44:00
4             5              Anguilla 2006-02-15 09:44:00
..          ...                   ...                 ...
104         105               Vietnam 2006-02-15 09:44:00
105         106  Virgin Islands, U.S. 2006-02-15 09:44:00
106         107                 Yemen 2006-02-15 09:44:00
107         108            Yugoslavia 2006-02-15 09:44:00
108         109                Zambia 2006-02-15 09:44:00

[109 rows x 3 columns]
[2024-07-25T18:26:48.389+0000] {logging_mixin.py:188} INFO - dest_col_list ['country_id', 'country', 'last_update']
[2024-07-25T18:26:48.409+0000] {logging_mixin.py:188} INFO - generatenaturalDF      country_id               country         last_update  source_country_id
0             1           Afghanistan 2006-02-15 09:44:00                  1
1             2               Algeria 2006-02-15 09:44:00                  2
2             3        American Samoa 2006-02-15 09:44:00                  3
3             4                Angola 2006-02-15 09:44:00                  4
4             5              Anguilla 2006-02-15 09:44:00                  5
..          ...                   ...                 ...                ...
104         105               Vietnam 2006-02-15 09:44:00                105
105         106  Virgin Islands, U.S. 2006-02-15 09:44:00                106
106         107                 Yemen 2006-02-15 09:44:00                107
107         108            Yugoslavia 2006-02-15 09:44:00                108
108         109                Zambia 2006-02-15 09:44:00                109

[109 rows x 4 columns]
[2024-07-25T18:26:48.426+0000] {logging_mixin.py:188} INFO - genaretedDF      country_id               country         last_update
0           NaN           Afghanistan 2006-02-15 09:44:00
1           NaN               Algeria 2006-02-15 09:44:00
2           NaN        American Samoa 2006-02-15 09:44:00
3           NaN                Angola 2006-02-15 09:44:00
4           NaN              Anguilla 2006-02-15 09:44:00
..          ...                   ...                 ...
104         NaN               Vietnam 2006-02-15 09:44:00
105         NaN  Virgin Islands, U.S. 2006-02-15 09:44:00
106         NaN                 Yemen 2006-02-15 09:44:00
107         NaN            Yugoslavia 2006-02-15 09:44:00
108         NaN                Zambia 2006-02-15 09:44:00

[109 rows x 3 columns]
[2024-07-25T18:26:48.819+0000] {logging_mixin.py:188} INFO - update etlconf.Etl_Process_Mapping T set last_run_date = current_timestamp where destdbname='dbdv' and destschema='dvdrental' and desttablename='country';
[2024-07-25T18:26:48.863+0000] {python.py:202} INFO - Done. Returned value was: None
[2024-07-25T18:26:48.874+0000] {taskinstance.py:1149} INFO - Marking task as SUCCESS. dag_id=stagingtodv, task_id=country, execution_date=20240724T000000, start_date=20240725T182646, end_date=20240725T182648
[2024-07-25T18:26:48.936+0000] {local_task_job_runner.py:234} INFO - Task exited with return code 0
[2024-07-25T18:26:49.010+0000] {taskinstance.py:3312} INFO - 0 downstream tasks scheduled from follow-on schedule check
